[2025-01-23T02:39:38.138+0000] {taskinstance.py:1083} INFO - Dependencies all met for <TaskInstance: example_bash_operator.runme_0 scheduled__2025-01-22T00:00:00+00:00 [queued]>
[2025-01-23T02:39:38.159+0000] {taskinstance.py:1083} INFO - Dependencies all met for <TaskInstance: example_bash_operator.runme_0 scheduled__2025-01-22T00:00:00+00:00 [queued]>
[2025-01-23T02:39:38.160+0000] {taskinstance.py:1279} INFO - 
--------------------------------------------------------------------------------
[2025-01-23T02:39:38.160+0000] {taskinstance.py:1280} INFO - Starting attempt 1 of 1
[2025-01-23T02:39:38.160+0000] {taskinstance.py:1281} INFO - 
--------------------------------------------------------------------------------
[2025-01-23T02:39:38.269+0000] {taskinstance.py:1300} INFO - Executing <Task(BashOperator): runme_0> on 2025-01-22 00:00:00+00:00
[2025-01-23T02:39:38.304+0000] {standard_task_runner.py:55} INFO - Started process 27407 to run task
[2025-01-23T02:39:38.331+0000] {standard_task_runner.py:82} INFO - Running: ['***', 'tasks', 'run', 'example_bash_operator', 'runme_0', 'scheduled__2025-01-22T00:00:00+00:00', '--job-id', '5', '--raw', '--subdir', '/home/***/.local/lib/python3.7/site-packages/***/example_dags/example_bash_operator.py', '--cfg-path', '/tmp/tmpjphdeo3_']
[2025-01-23T02:39:38.334+0000] {standard_task_runner.py:83} INFO - Job 5: Subtask runme_0
[2025-01-23T02:39:39.105+0000] {task_command.py:388} INFO - Running <TaskInstance: example_bash_operator.runme_0 scheduled__2025-01-22T00:00:00+00:00 [running]> on host a6cae17b422b
[2025-01-23T02:39:40.100+0000] {taskinstance.py:1509} INFO - Exporting the following env vars:
AIRFLOW_CTX_DAG_OWNER=***
AIRFLOW_CTX_DAG_ID=example_bash_operator
AIRFLOW_CTX_TASK_ID=runme_0
AIRFLOW_CTX_EXECUTION_DATE=2025-01-22T00:00:00+00:00
AIRFLOW_CTX_TRY_NUMBER=1
AIRFLOW_CTX_DAG_RUN_ID=scheduled__2025-01-22T00:00:00+00:00
[2025-01-23T02:39:40.114+0000] {subprocess.py:63} INFO - Tmp dir root location: 
 /tmp
[2025-01-23T02:39:40.121+0000] {subprocess.py:75} INFO - Running command: ['/bin/bash', '-c', 'echo "example_bash_operator__runme_0__20250122" && sleep 1']
[2025-01-23T02:39:40.233+0000] {subprocess.py:86} INFO - Output:
[2025-01-23T02:39:40.247+0000] {subprocess.py:93} INFO - example_bash_operator__runme_0__20250122
[2025-01-23T02:39:41.270+0000] {subprocess.py:97} INFO - Command exited with return code 0
[2025-01-23T02:39:41.480+0000] {taskinstance.py:1323} INFO - Marking task as SUCCESS. dag_id=example_bash_operator, task_id=runme_0, execution_date=20250122T000000, start_date=20250123T023938, end_date=20250123T023941
[2025-01-23T02:39:41.644+0000] {local_task_job.py:208} INFO - Task exited with return code 0
[2025-01-23T02:39:41.770+0000] {taskinstance.py:2578} INFO - 1 downstream tasks scheduled from follow-on schedule check
