[2025-02-01T02:40:34.327+0000] {processor.py:153} INFO - Started process (PID=98) to work on /home/airflow/.local/lib/python3.7/site-packages/airflow/example_dags/example_local_kubernetes_executor.py
[2025-02-01T02:40:34.333+0000] {processor.py:743} INFO - Processing file /home/airflow/.local/lib/python3.7/site-packages/airflow/example_dags/example_local_kubernetes_executor.py for tasks to queue
[2025-02-01T02:40:34.338+0000] {logging_mixin.py:137} INFO - [2025-02-01T02:40:34.338+0000] {dagbag.py:538} INFO - Filling up the DagBag from /home/airflow/.local/lib/python3.7/site-packages/airflow/example_dags/example_local_kubernetes_executor.py
[2025-02-01T02:40:34.437+0000] {processor.py:753} INFO - DAG(s) dict_keys(['example_local_kubernetes_executor']) retrieved from /home/airflow/.local/lib/python3.7/site-packages/airflow/example_dags/example_local_kubernetes_executor.py
[2025-02-01T02:40:34.539+0000] {logging_mixin.py:137} INFO - [2025-02-01T02:40:34.538+0000] {dag.py:2690} INFO - Sync 1 DAGs
[2025-02-01T02:40:34.653+0000] {logging_mixin.py:137} INFO - [2025-02-01T02:40:34.653+0000] {dag.py:3441} INFO - Setting next_dagrun for example_local_kubernetes_executor to None, run_after=None
[2025-02-01T02:40:34.744+0000] {processor.py:175} INFO - Processing /home/airflow/.local/lib/python3.7/site-packages/airflow/example_dags/example_local_kubernetes_executor.py took 0.439 seconds
[2025-02-01T02:41:07.835+0000] {processor.py:153} INFO - Started process (PID=155) to work on /home/airflow/.local/lib/python3.7/site-packages/airflow/example_dags/example_local_kubernetes_executor.py
[2025-02-01T02:41:07.840+0000] {processor.py:743} INFO - Processing file /home/airflow/.local/lib/python3.7/site-packages/airflow/example_dags/example_local_kubernetes_executor.py for tasks to queue
[2025-02-01T02:41:07.846+0000] {logging_mixin.py:137} INFO - [2025-02-01T02:41:07.842+0000] {dagbag.py:538} INFO - Filling up the DagBag from /home/airflow/.local/lib/python3.7/site-packages/airflow/example_dags/example_local_kubernetes_executor.py
[2025-02-01T02:41:08.039+0000] {processor.py:753} INFO - DAG(s) dict_keys(['example_local_kubernetes_executor']) retrieved from /home/airflow/.local/lib/python3.7/site-packages/airflow/example_dags/example_local_kubernetes_executor.py
[2025-02-01T02:41:08.218+0000] {logging_mixin.py:137} INFO - [2025-02-01T02:41:08.215+0000] {dag.py:2690} INFO - Sync 1 DAGs
[2025-02-01T02:41:08.387+0000] {logging_mixin.py:137} INFO - [2025-02-01T02:41:08.387+0000] {dag.py:3441} INFO - Setting next_dagrun for example_local_kubernetes_executor to None, run_after=None
[2025-02-01T02:41:08.517+0000] {processor.py:175} INFO - Processing /home/airflow/.local/lib/python3.7/site-packages/airflow/example_dags/example_local_kubernetes_executor.py took 0.714 seconds
[2025-02-01T02:41:39.114+0000] {processor.py:153} INFO - Started process (PID=204) to work on /home/airflow/.local/lib/python3.7/site-packages/airflow/example_dags/example_local_kubernetes_executor.py
[2025-02-01T02:41:39.116+0000] {processor.py:743} INFO - Processing file /home/airflow/.local/lib/python3.7/site-packages/airflow/example_dags/example_local_kubernetes_executor.py for tasks to queue
[2025-02-01T02:41:39.122+0000] {logging_mixin.py:137} INFO - [2025-02-01T02:41:39.122+0000] {dagbag.py:538} INFO - Filling up the DagBag from /home/airflow/.local/lib/python3.7/site-packages/airflow/example_dags/example_local_kubernetes_executor.py
[2025-02-01T02:41:39.334+0000] {processor.py:753} INFO - DAG(s) dict_keys(['example_local_kubernetes_executor']) retrieved from /home/airflow/.local/lib/python3.7/site-packages/airflow/example_dags/example_local_kubernetes_executor.py
[2025-02-01T02:41:39.555+0000] {logging_mixin.py:137} INFO - [2025-02-01T02:41:39.554+0000] {dag.py:2690} INFO - Sync 1 DAGs
[2025-02-01T02:41:39.810+0000] {logging_mixin.py:137} INFO - [2025-02-01T02:41:39.810+0000] {dag.py:3441} INFO - Setting next_dagrun for example_local_kubernetes_executor to None, run_after=None
[2025-02-01T02:41:39.937+0000] {processor.py:175} INFO - Processing /home/airflow/.local/lib/python3.7/site-packages/airflow/example_dags/example_local_kubernetes_executor.py took 0.843 seconds
[2025-02-01T02:42:10.077+0000] {processor.py:153} INFO - Started process (PID=264) to work on /home/airflow/.local/lib/python3.7/site-packages/airflow/example_dags/example_local_kubernetes_executor.py
[2025-02-01T02:42:10.079+0000] {processor.py:743} INFO - Processing file /home/airflow/.local/lib/python3.7/site-packages/airflow/example_dags/example_local_kubernetes_executor.py for tasks to queue
[2025-02-01T02:42:10.082+0000] {logging_mixin.py:137} INFO - [2025-02-01T02:42:10.081+0000] {dagbag.py:538} INFO - Filling up the DagBag from /home/airflow/.local/lib/python3.7/site-packages/airflow/example_dags/example_local_kubernetes_executor.py
[2025-02-01T02:42:10.139+0000] {processor.py:753} INFO - DAG(s) dict_keys(['example_local_kubernetes_executor']) retrieved from /home/airflow/.local/lib/python3.7/site-packages/airflow/example_dags/example_local_kubernetes_executor.py
[2025-02-01T02:42:10.206+0000] {logging_mixin.py:137} INFO - [2025-02-01T02:42:10.205+0000] {dag.py:2690} INFO - Sync 1 DAGs
[2025-02-01T02:42:10.267+0000] {logging_mixin.py:137} INFO - [2025-02-01T02:42:10.267+0000] {dag.py:3441} INFO - Setting next_dagrun for example_local_kubernetes_executor to None, run_after=None
[2025-02-01T02:42:10.314+0000] {processor.py:175} INFO - Processing /home/airflow/.local/lib/python3.7/site-packages/airflow/example_dags/example_local_kubernetes_executor.py took 0.245 seconds
[2025-02-01T02:42:40.478+0000] {processor.py:153} INFO - Started process (PID=324) to work on /home/airflow/.local/lib/python3.7/site-packages/airflow/example_dags/example_local_kubernetes_executor.py
[2025-02-01T02:42:40.480+0000] {processor.py:743} INFO - Processing file /home/airflow/.local/lib/python3.7/site-packages/airflow/example_dags/example_local_kubernetes_executor.py for tasks to queue
[2025-02-01T02:42:40.482+0000] {logging_mixin.py:137} INFO - [2025-02-01T02:42:40.481+0000] {dagbag.py:538} INFO - Filling up the DagBag from /home/airflow/.local/lib/python3.7/site-packages/airflow/example_dags/example_local_kubernetes_executor.py
[2025-02-01T02:42:40.538+0000] {processor.py:753} INFO - DAG(s) dict_keys(['example_local_kubernetes_executor']) retrieved from /home/airflow/.local/lib/python3.7/site-packages/airflow/example_dags/example_local_kubernetes_executor.py
[2025-02-01T02:42:40.603+0000] {logging_mixin.py:137} INFO - [2025-02-01T02:42:40.602+0000] {dag.py:2690} INFO - Sync 1 DAGs
[2025-02-01T02:42:40.668+0000] {logging_mixin.py:137} INFO - [2025-02-01T02:42:40.668+0000] {dag.py:3441} INFO - Setting next_dagrun for example_local_kubernetes_executor to None, run_after=None
[2025-02-01T02:42:40.715+0000] {processor.py:175} INFO - Processing /home/airflow/.local/lib/python3.7/site-packages/airflow/example_dags/example_local_kubernetes_executor.py took 0.244 seconds
[2025-02-01T02:43:11.440+0000] {processor.py:153} INFO - Started process (PID=382) to work on /home/airflow/.local/lib/python3.7/site-packages/airflow/example_dags/example_local_kubernetes_executor.py
[2025-02-01T02:43:11.443+0000] {processor.py:743} INFO - Processing file /home/airflow/.local/lib/python3.7/site-packages/airflow/example_dags/example_local_kubernetes_executor.py for tasks to queue
[2025-02-01T02:43:11.445+0000] {logging_mixin.py:137} INFO - [2025-02-01T02:43:11.444+0000] {dagbag.py:538} INFO - Filling up the DagBag from /home/airflow/.local/lib/python3.7/site-packages/airflow/example_dags/example_local_kubernetes_executor.py
[2025-02-01T02:43:11.653+0000] {processor.py:753} INFO - DAG(s) dict_keys(['example_local_kubernetes_executor']) retrieved from /home/airflow/.local/lib/python3.7/site-packages/airflow/example_dags/example_local_kubernetes_executor.py
[2025-02-01T02:43:11.768+0000] {logging_mixin.py:137} INFO - [2025-02-01T02:43:11.767+0000] {dag.py:2690} INFO - Sync 1 DAGs
[2025-02-01T02:43:11.896+0000] {logging_mixin.py:137} INFO - [2025-02-01T02:43:11.896+0000] {dag.py:3441} INFO - Setting next_dagrun for example_local_kubernetes_executor to None, run_after=None
[2025-02-01T02:43:11.980+0000] {processor.py:175} INFO - Processing /home/airflow/.local/lib/python3.7/site-packages/airflow/example_dags/example_local_kubernetes_executor.py took 0.568 seconds
[2025-02-01T02:43:42.425+0000] {processor.py:153} INFO - Started process (PID=431) to work on /home/airflow/.local/lib/python3.7/site-packages/airflow/example_dags/example_local_kubernetes_executor.py
[2025-02-01T02:43:42.426+0000] {processor.py:743} INFO - Processing file /home/airflow/.local/lib/python3.7/site-packages/airflow/example_dags/example_local_kubernetes_executor.py for tasks to queue
[2025-02-01T02:43:42.430+0000] {logging_mixin.py:137} INFO - [2025-02-01T02:43:42.428+0000] {dagbag.py:538} INFO - Filling up the DagBag from /home/airflow/.local/lib/python3.7/site-packages/airflow/example_dags/example_local_kubernetes_executor.py
[2025-02-01T02:43:42.498+0000] {processor.py:753} INFO - DAG(s) dict_keys(['example_local_kubernetes_executor']) retrieved from /home/airflow/.local/lib/python3.7/site-packages/airflow/example_dags/example_local_kubernetes_executor.py
[2025-02-01T02:43:42.560+0000] {logging_mixin.py:137} INFO - [2025-02-01T02:43:42.560+0000] {dag.py:2690} INFO - Sync 1 DAGs
[2025-02-01T02:43:42.623+0000] {logging_mixin.py:137} INFO - [2025-02-01T02:43:42.623+0000] {dag.py:3441} INFO - Setting next_dagrun for example_local_kubernetes_executor to None, run_after=None
[2025-02-01T02:43:42.667+0000] {processor.py:175} INFO - Processing /home/airflow/.local/lib/python3.7/site-packages/airflow/example_dags/example_local_kubernetes_executor.py took 0.263 seconds
[2025-02-01T02:44:12.773+0000] {processor.py:153} INFO - Started process (PID=490) to work on /home/airflow/.local/lib/python3.7/site-packages/airflow/example_dags/example_local_kubernetes_executor.py
[2025-02-01T02:44:12.781+0000] {processor.py:743} INFO - Processing file /home/airflow/.local/lib/python3.7/site-packages/airflow/example_dags/example_local_kubernetes_executor.py for tasks to queue
[2025-02-01T02:44:12.782+0000] {logging_mixin.py:137} INFO - [2025-02-01T02:44:12.782+0000] {dagbag.py:538} INFO - Filling up the DagBag from /home/airflow/.local/lib/python3.7/site-packages/airflow/example_dags/example_local_kubernetes_executor.py
[2025-02-01T02:44:12.891+0000] {processor.py:753} INFO - DAG(s) dict_keys(['example_local_kubernetes_executor']) retrieved from /home/airflow/.local/lib/python3.7/site-packages/airflow/example_dags/example_local_kubernetes_executor.py
[2025-02-01T02:44:13.000+0000] {logging_mixin.py:137} INFO - [2025-02-01T02:44:12.998+0000] {dag.py:2690} INFO - Sync 1 DAGs
[2025-02-01T02:44:13.088+0000] {logging_mixin.py:137} INFO - [2025-02-01T02:44:13.088+0000] {dag.py:3441} INFO - Setting next_dagrun for example_local_kubernetes_executor to None, run_after=None
[2025-02-01T02:44:13.164+0000] {processor.py:175} INFO - Processing /home/airflow/.local/lib/python3.7/site-packages/airflow/example_dags/example_local_kubernetes_executor.py took 0.416 seconds
[2025-02-01T02:44:44.368+0000] {processor.py:153} INFO - Started process (PID=547) to work on /home/airflow/.local/lib/python3.7/site-packages/airflow/example_dags/example_local_kubernetes_executor.py
[2025-02-01T02:44:44.375+0000] {processor.py:743} INFO - Processing file /home/airflow/.local/lib/python3.7/site-packages/airflow/example_dags/example_local_kubernetes_executor.py for tasks to queue
[2025-02-01T02:44:44.385+0000] {logging_mixin.py:137} INFO - [2025-02-01T02:44:44.384+0000] {dagbag.py:538} INFO - Filling up the DagBag from /home/airflow/.local/lib/python3.7/site-packages/airflow/example_dags/example_local_kubernetes_executor.py
[2025-02-01T02:44:44.603+0000] {processor.py:753} INFO - DAG(s) dict_keys(['example_local_kubernetes_executor']) retrieved from /home/airflow/.local/lib/python3.7/site-packages/airflow/example_dags/example_local_kubernetes_executor.py
[2025-02-01T02:44:44.807+0000] {logging_mixin.py:137} INFO - [2025-02-01T02:44:44.806+0000] {dag.py:2690} INFO - Sync 1 DAGs
[2025-02-01T02:44:45.006+0000] {logging_mixin.py:137} INFO - [2025-02-01T02:44:45.002+0000] {dag.py:3441} INFO - Setting next_dagrun for example_local_kubernetes_executor to None, run_after=None
[2025-02-01T02:44:45.128+0000] {processor.py:175} INFO - Processing /home/airflow/.local/lib/python3.7/site-packages/airflow/example_dags/example_local_kubernetes_executor.py took 0.794 seconds
[2025-02-01T02:45:15.443+0000] {processor.py:153} INFO - Started process (PID=597) to work on /home/airflow/.local/lib/python3.7/site-packages/airflow/example_dags/example_local_kubernetes_executor.py
[2025-02-01T02:45:15.448+0000] {processor.py:743} INFO - Processing file /home/airflow/.local/lib/python3.7/site-packages/airflow/example_dags/example_local_kubernetes_executor.py for tasks to queue
[2025-02-01T02:45:15.452+0000] {logging_mixin.py:137} INFO - [2025-02-01T02:45:15.452+0000] {dagbag.py:538} INFO - Filling up the DagBag from /home/airflow/.local/lib/python3.7/site-packages/airflow/example_dags/example_local_kubernetes_executor.py
[2025-02-01T02:45:15.662+0000] {processor.py:753} INFO - DAG(s) dict_keys(['example_local_kubernetes_executor']) retrieved from /home/airflow/.local/lib/python3.7/site-packages/airflow/example_dags/example_local_kubernetes_executor.py
[2025-02-01T02:45:15.884+0000] {logging_mixin.py:137} INFO - [2025-02-01T02:45:15.884+0000] {dag.py:2690} INFO - Sync 1 DAGs
[2025-02-01T02:45:16.147+0000] {logging_mixin.py:137} INFO - [2025-02-01T02:45:16.147+0000] {dag.py:3441} INFO - Setting next_dagrun for example_local_kubernetes_executor to None, run_after=None
[2025-02-01T02:45:16.274+0000] {processor.py:175} INFO - Processing /home/airflow/.local/lib/python3.7/site-packages/airflow/example_dags/example_local_kubernetes_executor.py took 0.853 seconds
[2025-02-01T02:45:46.616+0000] {processor.py:153} INFO - Started process (PID=656) to work on /home/airflow/.local/lib/python3.7/site-packages/airflow/example_dags/example_local_kubernetes_executor.py
[2025-02-01T02:45:46.621+0000] {processor.py:743} INFO - Processing file /home/airflow/.local/lib/python3.7/site-packages/airflow/example_dags/example_local_kubernetes_executor.py for tasks to queue
[2025-02-01T02:45:46.625+0000] {logging_mixin.py:137} INFO - [2025-02-01T02:45:46.622+0000] {dagbag.py:538} INFO - Filling up the DagBag from /home/airflow/.local/lib/python3.7/site-packages/airflow/example_dags/example_local_kubernetes_executor.py
[2025-02-01T02:45:46.813+0000] {processor.py:753} INFO - DAG(s) dict_keys(['example_local_kubernetes_executor']) retrieved from /home/airflow/.local/lib/python3.7/site-packages/airflow/example_dags/example_local_kubernetes_executor.py
[2025-02-01T02:45:47.066+0000] {logging_mixin.py:137} INFO - [2025-02-01T02:45:47.065+0000] {dag.py:2690} INFO - Sync 1 DAGs
[2025-02-01T02:45:47.259+0000] {logging_mixin.py:137} INFO - [2025-02-01T02:45:47.259+0000] {dag.py:3441} INFO - Setting next_dagrun for example_local_kubernetes_executor to None, run_after=None
[2025-02-01T02:45:47.395+0000] {processor.py:175} INFO - Processing /home/airflow/.local/lib/python3.7/site-packages/airflow/example_dags/example_local_kubernetes_executor.py took 0.809 seconds
[2025-02-01T02:46:17.735+0000] {processor.py:153} INFO - Started process (PID=714) to work on /home/airflow/.local/lib/python3.7/site-packages/airflow/example_dags/example_local_kubernetes_executor.py
[2025-02-01T02:46:17.737+0000] {processor.py:743} INFO - Processing file /home/airflow/.local/lib/python3.7/site-packages/airflow/example_dags/example_local_kubernetes_executor.py for tasks to queue
[2025-02-01T02:46:17.738+0000] {logging_mixin.py:137} INFO - [2025-02-01T02:46:17.738+0000] {dagbag.py:538} INFO - Filling up the DagBag from /home/airflow/.local/lib/python3.7/site-packages/airflow/example_dags/example_local_kubernetes_executor.py
[2025-02-01T02:46:17.811+0000] {processor.py:753} INFO - DAG(s) dict_keys(['example_local_kubernetes_executor']) retrieved from /home/airflow/.local/lib/python3.7/site-packages/airflow/example_dags/example_local_kubernetes_executor.py
[2025-02-01T02:46:17.957+0000] {logging_mixin.py:137} INFO - [2025-02-01T02:46:17.956+0000] {dag.py:2690} INFO - Sync 1 DAGs
[2025-02-01T02:46:18.029+0000] {logging_mixin.py:137} INFO - [2025-02-01T02:46:18.029+0000] {dag.py:3441} INFO - Setting next_dagrun for example_local_kubernetes_executor to None, run_after=None
[2025-02-01T02:46:18.111+0000] {processor.py:175} INFO - Processing /home/airflow/.local/lib/python3.7/site-packages/airflow/example_dags/example_local_kubernetes_executor.py took 0.389 seconds
[2025-02-01T02:46:48.380+0000] {processor.py:153} INFO - Started process (PID=773) to work on /home/airflow/.local/lib/python3.7/site-packages/airflow/example_dags/example_local_kubernetes_executor.py
[2025-02-01T02:46:48.383+0000] {processor.py:743} INFO - Processing file /home/airflow/.local/lib/python3.7/site-packages/airflow/example_dags/example_local_kubernetes_executor.py for tasks to queue
[2025-02-01T02:46:48.385+0000] {logging_mixin.py:137} INFO - [2025-02-01T02:46:48.384+0000] {dagbag.py:538} INFO - Filling up the DagBag from /home/airflow/.local/lib/python3.7/site-packages/airflow/example_dags/example_local_kubernetes_executor.py
[2025-02-01T02:46:48.568+0000] {processor.py:753} INFO - DAG(s) dict_keys(['example_local_kubernetes_executor']) retrieved from /home/airflow/.local/lib/python3.7/site-packages/airflow/example_dags/example_local_kubernetes_executor.py
[2025-02-01T02:46:48.675+0000] {logging_mixin.py:137} INFO - [2025-02-01T02:46:48.674+0000] {dag.py:2690} INFO - Sync 1 DAGs
[2025-02-01T02:46:48.803+0000] {logging_mixin.py:137} INFO - [2025-02-01T02:46:48.803+0000] {dag.py:3441} INFO - Setting next_dagrun for example_local_kubernetes_executor to None, run_after=None
[2025-02-01T02:46:48.904+0000] {processor.py:175} INFO - Processing /home/airflow/.local/lib/python3.7/site-packages/airflow/example_dags/example_local_kubernetes_executor.py took 0.539 seconds
[2025-02-01T02:47:19.699+0000] {processor.py:153} INFO - Started process (PID=831) to work on /home/airflow/.local/lib/python3.7/site-packages/airflow/example_dags/example_local_kubernetes_executor.py
[2025-02-01T02:47:19.704+0000] {processor.py:743} INFO - Processing file /home/airflow/.local/lib/python3.7/site-packages/airflow/example_dags/example_local_kubernetes_executor.py for tasks to queue
[2025-02-01T02:47:19.710+0000] {logging_mixin.py:137} INFO - [2025-02-01T02:47:19.709+0000] {dagbag.py:538} INFO - Filling up the DagBag from /home/airflow/.local/lib/python3.7/site-packages/airflow/example_dags/example_local_kubernetes_executor.py
[2025-02-01T02:47:19.829+0000] {processor.py:753} INFO - DAG(s) dict_keys(['example_local_kubernetes_executor']) retrieved from /home/airflow/.local/lib/python3.7/site-packages/airflow/example_dags/example_local_kubernetes_executor.py
[2025-02-01T02:47:19.947+0000] {logging_mixin.py:137} INFO - [2025-02-01T02:47:19.947+0000] {dag.py:2690} INFO - Sync 1 DAGs
[2025-02-01T02:47:20.029+0000] {logging_mixin.py:137} INFO - [2025-02-01T02:47:20.029+0000] {dag.py:3441} INFO - Setting next_dagrun for example_local_kubernetes_executor to None, run_after=None
[2025-02-01T02:47:20.108+0000] {processor.py:175} INFO - Processing /home/airflow/.local/lib/python3.7/site-packages/airflow/example_dags/example_local_kubernetes_executor.py took 0.427 seconds
[2025-02-01T02:47:50.475+0000] {processor.py:153} INFO - Started process (PID=888) to work on /home/airflow/.local/lib/python3.7/site-packages/airflow/example_dags/example_local_kubernetes_executor.py
[2025-02-01T02:47:50.476+0000] {processor.py:743} INFO - Processing file /home/airflow/.local/lib/python3.7/site-packages/airflow/example_dags/example_local_kubernetes_executor.py for tasks to queue
[2025-02-01T02:47:50.480+0000] {logging_mixin.py:137} INFO - [2025-02-01T02:47:50.480+0000] {dagbag.py:538} INFO - Filling up the DagBag from /home/airflow/.local/lib/python3.7/site-packages/airflow/example_dags/example_local_kubernetes_executor.py
[2025-02-01T02:47:50.601+0000] {processor.py:753} INFO - DAG(s) dict_keys(['example_local_kubernetes_executor']) retrieved from /home/airflow/.local/lib/python3.7/site-packages/airflow/example_dags/example_local_kubernetes_executor.py
[2025-02-01T02:47:50.735+0000] {logging_mixin.py:137} INFO - [2025-02-01T02:47:50.735+0000] {dag.py:2690} INFO - Sync 1 DAGs
[2025-02-01T02:47:50.798+0000] {logging_mixin.py:137} INFO - [2025-02-01T02:47:50.798+0000] {dag.py:3441} INFO - Setting next_dagrun for example_local_kubernetes_executor to None, run_after=None
[2025-02-01T02:47:50.884+0000] {processor.py:175} INFO - Processing /home/airflow/.local/lib/python3.7/site-packages/airflow/example_dags/example_local_kubernetes_executor.py took 0.425 seconds
[2025-02-01T02:48:20.989+0000] {processor.py:153} INFO - Started process (PID=940) to work on /home/airflow/.local/lib/python3.7/site-packages/airflow/example_dags/example_local_kubernetes_executor.py
[2025-02-01T02:48:20.990+0000] {processor.py:743} INFO - Processing file /home/airflow/.local/lib/python3.7/site-packages/airflow/example_dags/example_local_kubernetes_executor.py for tasks to queue
[2025-02-01T02:48:20.992+0000] {logging_mixin.py:137} INFO - [2025-02-01T02:48:20.991+0000] {dagbag.py:538} INFO - Filling up the DagBag from /home/airflow/.local/lib/python3.7/site-packages/airflow/example_dags/example_local_kubernetes_executor.py
[2025-02-01T02:48:21.074+0000] {processor.py:753} INFO - DAG(s) dict_keys(['example_local_kubernetes_executor']) retrieved from /home/airflow/.local/lib/python3.7/site-packages/airflow/example_dags/example_local_kubernetes_executor.py
[2025-02-01T02:48:21.206+0000] {logging_mixin.py:137} INFO - [2025-02-01T02:48:21.206+0000] {dag.py:2690} INFO - Sync 1 DAGs
[2025-02-01T02:48:21.357+0000] {logging_mixin.py:137} INFO - [2025-02-01T02:48:21.357+0000] {dag.py:3441} INFO - Setting next_dagrun for example_local_kubernetes_executor to None, run_after=None
[2025-02-01T02:48:21.432+0000] {processor.py:175} INFO - Processing /home/airflow/.local/lib/python3.7/site-packages/airflow/example_dags/example_local_kubernetes_executor.py took 0.450 seconds
[2025-02-01T02:48:51.648+0000] {processor.py:153} INFO - Started process (PID=1000) to work on /home/airflow/.local/lib/python3.7/site-packages/airflow/example_dags/example_local_kubernetes_executor.py
[2025-02-01T02:48:51.650+0000] {processor.py:743} INFO - Processing file /home/airflow/.local/lib/python3.7/site-packages/airflow/example_dags/example_local_kubernetes_executor.py for tasks to queue
[2025-02-01T02:48:51.651+0000] {logging_mixin.py:137} INFO - [2025-02-01T02:48:51.651+0000] {dagbag.py:538} INFO - Filling up the DagBag from /home/airflow/.local/lib/python3.7/site-packages/airflow/example_dags/example_local_kubernetes_executor.py
[2025-02-01T02:48:51.706+0000] {processor.py:753} INFO - DAG(s) dict_keys(['example_local_kubernetes_executor']) retrieved from /home/airflow/.local/lib/python3.7/site-packages/airflow/example_dags/example_local_kubernetes_executor.py
[2025-02-01T02:48:51.769+0000] {logging_mixin.py:137} INFO - [2025-02-01T02:48:51.769+0000] {dag.py:2690} INFO - Sync 1 DAGs
[2025-02-01T02:48:51.830+0000] {logging_mixin.py:137} INFO - [2025-02-01T02:48:51.830+0000] {dag.py:3441} INFO - Setting next_dagrun for example_local_kubernetes_executor to None, run_after=None
[2025-02-01T02:48:51.886+0000] {processor.py:175} INFO - Processing /home/airflow/.local/lib/python3.7/site-packages/airflow/example_dags/example_local_kubernetes_executor.py took 0.244 seconds
[2025-02-01T02:49:22.063+0000] {processor.py:153} INFO - Started process (PID=1059) to work on /home/airflow/.local/lib/python3.7/site-packages/airflow/example_dags/example_local_kubernetes_executor.py
[2025-02-01T02:49:22.065+0000] {processor.py:743} INFO - Processing file /home/airflow/.local/lib/python3.7/site-packages/airflow/example_dags/example_local_kubernetes_executor.py for tasks to queue
[2025-02-01T02:49:22.067+0000] {logging_mixin.py:137} INFO - [2025-02-01T02:49:22.066+0000] {dagbag.py:538} INFO - Filling up the DagBag from /home/airflow/.local/lib/python3.7/site-packages/airflow/example_dags/example_local_kubernetes_executor.py
[2025-02-01T02:49:22.123+0000] {processor.py:753} INFO - DAG(s) dict_keys(['example_local_kubernetes_executor']) retrieved from /home/airflow/.local/lib/python3.7/site-packages/airflow/example_dags/example_local_kubernetes_executor.py
[2025-02-01T02:49:22.184+0000] {logging_mixin.py:137} INFO - [2025-02-01T02:49:22.184+0000] {dag.py:2690} INFO - Sync 1 DAGs
[2025-02-01T02:49:22.250+0000] {logging_mixin.py:137} INFO - [2025-02-01T02:49:22.249+0000] {dag.py:3441} INFO - Setting next_dagrun for example_local_kubernetes_executor to None, run_after=None
[2025-02-01T02:49:22.300+0000] {processor.py:175} INFO - Processing /home/airflow/.local/lib/python3.7/site-packages/airflow/example_dags/example_local_kubernetes_executor.py took 0.246 seconds
[2025-02-01T02:49:53.604+0000] {processor.py:153} INFO - Started process (PID=1117) to work on /home/airflow/.local/lib/python3.7/site-packages/airflow/example_dags/example_local_kubernetes_executor.py
[2025-02-01T02:49:53.606+0000] {processor.py:743} INFO - Processing file /home/airflow/.local/lib/python3.7/site-packages/airflow/example_dags/example_local_kubernetes_executor.py for tasks to queue
[2025-02-01T02:49:53.607+0000] {logging_mixin.py:137} INFO - [2025-02-01T02:49:53.607+0000] {dagbag.py:538} INFO - Filling up the DagBag from /home/airflow/.local/lib/python3.7/site-packages/airflow/example_dags/example_local_kubernetes_executor.py
[2025-02-01T02:49:53.745+0000] {processor.py:753} INFO - DAG(s) dict_keys(['example_local_kubernetes_executor']) retrieved from /home/airflow/.local/lib/python3.7/site-packages/airflow/example_dags/example_local_kubernetes_executor.py
[2025-02-01T02:49:53.847+0000] {logging_mixin.py:137} INFO - [2025-02-01T02:49:53.847+0000] {dag.py:2690} INFO - Sync 1 DAGs
[2025-02-01T02:49:53.923+0000] {logging_mixin.py:137} INFO - [2025-02-01T02:49:53.923+0000] {dag.py:3441} INFO - Setting next_dagrun for example_local_kubernetes_executor to None, run_after=None
[2025-02-01T02:49:54.013+0000] {processor.py:175} INFO - Processing /home/airflow/.local/lib/python3.7/site-packages/airflow/example_dags/example_local_kubernetes_executor.py took 0.425 seconds
[2025-02-01T02:50:24.279+0000] {processor.py:153} INFO - Started process (PID=1172) to work on /home/airflow/.local/lib/python3.7/site-packages/airflow/example_dags/example_local_kubernetes_executor.py
[2025-02-01T02:50:24.281+0000] {processor.py:743} INFO - Processing file /home/airflow/.local/lib/python3.7/site-packages/airflow/example_dags/example_local_kubernetes_executor.py for tasks to queue
[2025-02-01T02:50:24.282+0000] {logging_mixin.py:137} INFO - [2025-02-01T02:50:24.282+0000] {dagbag.py:538} INFO - Filling up the DagBag from /home/airflow/.local/lib/python3.7/site-packages/airflow/example_dags/example_local_kubernetes_executor.py
[2025-02-01T02:50:24.389+0000] {processor.py:753} INFO - DAG(s) dict_keys(['example_local_kubernetes_executor']) retrieved from /home/airflow/.local/lib/python3.7/site-packages/airflow/example_dags/example_local_kubernetes_executor.py
[2025-02-01T02:50:24.515+0000] {logging_mixin.py:137} INFO - [2025-02-01T02:50:24.514+0000] {dag.py:2690} INFO - Sync 1 DAGs
[2025-02-01T02:50:24.650+0000] {logging_mixin.py:137} INFO - [2025-02-01T02:50:24.649+0000] {dag.py:3441} INFO - Setting next_dagrun for example_local_kubernetes_executor to None, run_after=None
[2025-02-01T02:50:24.745+0000] {processor.py:175} INFO - Processing /home/airflow/.local/lib/python3.7/site-packages/airflow/example_dags/example_local_kubernetes_executor.py took 0.479 seconds
[2025-02-01T02:50:54.907+0000] {processor.py:153} INFO - Started process (PID=1226) to work on /home/airflow/.local/lib/python3.7/site-packages/airflow/example_dags/example_local_kubernetes_executor.py
[2025-02-01T02:50:54.909+0000] {processor.py:743} INFO - Processing file /home/airflow/.local/lib/python3.7/site-packages/airflow/example_dags/example_local_kubernetes_executor.py for tasks to queue
[2025-02-01T02:50:54.910+0000] {logging_mixin.py:137} INFO - [2025-02-01T02:50:54.910+0000] {dagbag.py:538} INFO - Filling up the DagBag from /home/airflow/.local/lib/python3.7/site-packages/airflow/example_dags/example_local_kubernetes_executor.py
[2025-02-01T02:50:54.969+0000] {processor.py:753} INFO - DAG(s) dict_keys(['example_local_kubernetes_executor']) retrieved from /home/airflow/.local/lib/python3.7/site-packages/airflow/example_dags/example_local_kubernetes_executor.py
[2025-02-01T02:50:55.038+0000] {logging_mixin.py:137} INFO - [2025-02-01T02:50:55.038+0000] {dag.py:2690} INFO - Sync 1 DAGs
[2025-02-01T02:50:55.103+0000] {logging_mixin.py:137} INFO - [2025-02-01T02:50:55.102+0000] {dag.py:3441} INFO - Setting next_dagrun for example_local_kubernetes_executor to None, run_after=None
[2025-02-01T02:50:55.153+0000] {processor.py:175} INFO - Processing /home/airflow/.local/lib/python3.7/site-packages/airflow/example_dags/example_local_kubernetes_executor.py took 0.256 seconds
[2025-02-01T02:51:26.706+0000] {processor.py:153} INFO - Started process (PID=1282) to work on /home/airflow/.local/lib/python3.7/site-packages/airflow/example_dags/example_local_kubernetes_executor.py
[2025-02-01T02:51:26.713+0000] {processor.py:743} INFO - Processing file /home/airflow/.local/lib/python3.7/site-packages/airflow/example_dags/example_local_kubernetes_executor.py for tasks to queue
[2025-02-01T02:51:26.721+0000] {logging_mixin.py:137} INFO - [2025-02-01T02:51:26.715+0000] {dagbag.py:538} INFO - Filling up the DagBag from /home/airflow/.local/lib/python3.7/site-packages/airflow/example_dags/example_local_kubernetes_executor.py
[2025-02-01T02:51:26.831+0000] {processor.py:753} INFO - DAG(s) dict_keys(['example_local_kubernetes_executor']) retrieved from /home/airflow/.local/lib/python3.7/site-packages/airflow/example_dags/example_local_kubernetes_executor.py
[2025-02-01T02:51:26.913+0000] {logging_mixin.py:137} INFO - [2025-02-01T02:51:26.913+0000] {dag.py:2690} INFO - Sync 1 DAGs
[2025-02-01T02:51:27.102+0000] {logging_mixin.py:137} INFO - [2025-02-01T02:51:27.102+0000] {dag.py:3441} INFO - Setting next_dagrun for example_local_kubernetes_executor to None, run_after=None
[2025-02-01T02:51:27.217+0000] {processor.py:175} INFO - Processing /home/airflow/.local/lib/python3.7/site-packages/airflow/example_dags/example_local_kubernetes_executor.py took 0.545 seconds
[2025-02-01T02:51:57.384+0000] {processor.py:153} INFO - Started process (PID=1332) to work on /home/airflow/.local/lib/python3.7/site-packages/airflow/example_dags/example_local_kubernetes_executor.py
[2025-02-01T02:51:57.386+0000] {processor.py:743} INFO - Processing file /home/airflow/.local/lib/python3.7/site-packages/airflow/example_dags/example_local_kubernetes_executor.py for tasks to queue
[2025-02-01T02:51:57.387+0000] {logging_mixin.py:137} INFO - [2025-02-01T02:51:57.387+0000] {dagbag.py:538} INFO - Filling up the DagBag from /home/airflow/.local/lib/python3.7/site-packages/airflow/example_dags/example_local_kubernetes_executor.py
[2025-02-01T02:51:57.516+0000] {processor.py:753} INFO - DAG(s) dict_keys(['example_local_kubernetes_executor']) retrieved from /home/airflow/.local/lib/python3.7/site-packages/airflow/example_dags/example_local_kubernetes_executor.py
[2025-02-01T02:51:57.648+0000] {logging_mixin.py:137} INFO - [2025-02-01T02:51:57.647+0000] {dag.py:2690} INFO - Sync 1 DAGs
[2025-02-01T02:51:57.853+0000] {logging_mixin.py:137} INFO - [2025-02-01T02:51:57.849+0000] {dag.py:3441} INFO - Setting next_dagrun for example_local_kubernetes_executor to None, run_after=None
[2025-02-01T02:51:57.976+0000] {processor.py:175} INFO - Processing /home/airflow/.local/lib/python3.7/site-packages/airflow/example_dags/example_local_kubernetes_executor.py took 0.600 seconds
[2025-02-01T02:52:29.692+0000] {processor.py:153} INFO - Started process (PID=1390) to work on /home/airflow/.local/lib/python3.7/site-packages/airflow/example_dags/example_local_kubernetes_executor.py
[2025-02-01T02:52:29.693+0000] {processor.py:743} INFO - Processing file /home/airflow/.local/lib/python3.7/site-packages/airflow/example_dags/example_local_kubernetes_executor.py for tasks to queue
[2025-02-01T02:52:29.694+0000] {logging_mixin.py:137} INFO - [2025-02-01T02:52:29.694+0000] {dagbag.py:538} INFO - Filling up the DagBag from /home/airflow/.local/lib/python3.7/site-packages/airflow/example_dags/example_local_kubernetes_executor.py
[2025-02-01T02:52:29.750+0000] {processor.py:753} INFO - DAG(s) dict_keys(['example_local_kubernetes_executor']) retrieved from /home/airflow/.local/lib/python3.7/site-packages/airflow/example_dags/example_local_kubernetes_executor.py
[2025-02-01T02:52:29.813+0000] {logging_mixin.py:137} INFO - [2025-02-01T02:52:29.813+0000] {dag.py:2690} INFO - Sync 1 DAGs
[2025-02-01T02:52:29.916+0000] {logging_mixin.py:137} INFO - [2025-02-01T02:52:29.916+0000] {dag.py:3441} INFO - Setting next_dagrun for example_local_kubernetes_executor to None, run_after=None
[2025-02-01T02:52:30.006+0000] {processor.py:175} INFO - Processing /home/airflow/.local/lib/python3.7/site-packages/airflow/example_dags/example_local_kubernetes_executor.py took 0.322 seconds
[2025-02-01T02:53:01.574+0000] {processor.py:153} INFO - Started process (PID=1449) to work on /home/airflow/.local/lib/python3.7/site-packages/airflow/example_dags/example_local_kubernetes_executor.py
[2025-02-01T02:53:01.577+0000] {processor.py:743} INFO - Processing file /home/airflow/.local/lib/python3.7/site-packages/airflow/example_dags/example_local_kubernetes_executor.py for tasks to queue
[2025-02-01T02:53:01.581+0000] {logging_mixin.py:137} INFO - [2025-02-01T02:53:01.581+0000] {dagbag.py:538} INFO - Filling up the DagBag from /home/airflow/.local/lib/python3.7/site-packages/airflow/example_dags/example_local_kubernetes_executor.py
[2025-02-01T02:53:01.750+0000] {processor.py:753} INFO - DAG(s) dict_keys(['example_local_kubernetes_executor']) retrieved from /home/airflow/.local/lib/python3.7/site-packages/airflow/example_dags/example_local_kubernetes_executor.py
[2025-02-01T02:53:01.930+0000] {logging_mixin.py:137} INFO - [2025-02-01T02:53:01.929+0000] {dag.py:2690} INFO - Sync 1 DAGs
[2025-02-01T02:53:02.153+0000] {logging_mixin.py:137} INFO - [2025-02-01T02:53:02.151+0000] {dag.py:3441} INFO - Setting next_dagrun for example_local_kubernetes_executor to None, run_after=None
[2025-02-01T02:53:02.280+0000] {processor.py:175} INFO - Processing /home/airflow/.local/lib/python3.7/site-packages/airflow/example_dags/example_local_kubernetes_executor.py took 0.731 seconds
[2025-02-01T02:53:32.471+0000] {processor.py:153} INFO - Started process (PID=1508) to work on /home/airflow/.local/lib/python3.7/site-packages/airflow/example_dags/example_local_kubernetes_executor.py
[2025-02-01T02:53:32.473+0000] {processor.py:743} INFO - Processing file /home/airflow/.local/lib/python3.7/site-packages/airflow/example_dags/example_local_kubernetes_executor.py for tasks to queue
[2025-02-01T02:53:32.474+0000] {logging_mixin.py:137} INFO - [2025-02-01T02:53:32.474+0000] {dagbag.py:538} INFO - Filling up the DagBag from /home/airflow/.local/lib/python3.7/site-packages/airflow/example_dags/example_local_kubernetes_executor.py
[2025-02-01T02:53:32.543+0000] {processor.py:753} INFO - DAG(s) dict_keys(['example_local_kubernetes_executor']) retrieved from /home/airflow/.local/lib/python3.7/site-packages/airflow/example_dags/example_local_kubernetes_executor.py
[2025-02-01T02:53:32.606+0000] {logging_mixin.py:137} INFO - [2025-02-01T02:53:32.605+0000] {dag.py:2690} INFO - Sync 1 DAGs
[2025-02-01T02:53:32.696+0000] {logging_mixin.py:137} INFO - [2025-02-01T02:53:32.695+0000] {dag.py:3441} INFO - Setting next_dagrun for example_local_kubernetes_executor to None, run_after=None
[2025-02-01T02:53:32.763+0000] {processor.py:175} INFO - Processing /home/airflow/.local/lib/python3.7/site-packages/airflow/example_dags/example_local_kubernetes_executor.py took 0.300 seconds
[2025-02-01T02:54:03.227+0000] {processor.py:153} INFO - Started process (PID=1567) to work on /home/airflow/.local/lib/python3.7/site-packages/airflow/example_dags/example_local_kubernetes_executor.py
[2025-02-01T02:54:03.228+0000] {processor.py:743} INFO - Processing file /home/airflow/.local/lib/python3.7/site-packages/airflow/example_dags/example_local_kubernetes_executor.py for tasks to queue
[2025-02-01T02:54:03.230+0000] {logging_mixin.py:137} INFO - [2025-02-01T02:54:03.229+0000] {dagbag.py:538} INFO - Filling up the DagBag from /home/airflow/.local/lib/python3.7/site-packages/airflow/example_dags/example_local_kubernetes_executor.py
[2025-02-01T02:54:03.286+0000] {processor.py:753} INFO - DAG(s) dict_keys(['example_local_kubernetes_executor']) retrieved from /home/airflow/.local/lib/python3.7/site-packages/airflow/example_dags/example_local_kubernetes_executor.py
[2025-02-01T02:54:03.346+0000] {logging_mixin.py:137} INFO - [2025-02-01T02:54:03.345+0000] {dag.py:2690} INFO - Sync 1 DAGs
[2025-02-01T02:54:03.413+0000] {logging_mixin.py:137} INFO - [2025-02-01T02:54:03.412+0000] {dag.py:3441} INFO - Setting next_dagrun for example_local_kubernetes_executor to None, run_after=None
[2025-02-01T02:54:03.464+0000] {processor.py:175} INFO - Processing /home/airflow/.local/lib/python3.7/site-packages/airflow/example_dags/example_local_kubernetes_executor.py took 0.245 seconds
[2025-02-01T02:54:34.278+0000] {processor.py:153} INFO - Started process (PID=1625) to work on /home/airflow/.local/lib/python3.7/site-packages/airflow/example_dags/example_local_kubernetes_executor.py
[2025-02-01T02:54:34.280+0000] {processor.py:743} INFO - Processing file /home/airflow/.local/lib/python3.7/site-packages/airflow/example_dags/example_local_kubernetes_executor.py for tasks to queue
[2025-02-01T02:54:34.282+0000] {logging_mixin.py:137} INFO - [2025-02-01T02:54:34.281+0000] {dagbag.py:538} INFO - Filling up the DagBag from /home/airflow/.local/lib/python3.7/site-packages/airflow/example_dags/example_local_kubernetes_executor.py
[2025-02-01T02:54:34.392+0000] {processor.py:753} INFO - DAG(s) dict_keys(['example_local_kubernetes_executor']) retrieved from /home/airflow/.local/lib/python3.7/site-packages/airflow/example_dags/example_local_kubernetes_executor.py
[2025-02-01T02:54:34.461+0000] {logging_mixin.py:137} INFO - [2025-02-01T02:54:34.460+0000] {dag.py:2690} INFO - Sync 1 DAGs
[2025-02-01T02:54:34.524+0000] {logging_mixin.py:137} INFO - [2025-02-01T02:54:34.523+0000] {dag.py:3441} INFO - Setting next_dagrun for example_local_kubernetes_executor to None, run_after=None
[2025-02-01T02:54:34.569+0000] {processor.py:175} INFO - Processing /home/airflow/.local/lib/python3.7/site-packages/airflow/example_dags/example_local_kubernetes_executor.py took 0.306 seconds
[2025-02-01T02:55:05.720+0000] {processor.py:153} INFO - Started process (PID=1684) to work on /home/airflow/.local/lib/python3.7/site-packages/airflow/example_dags/example_local_kubernetes_executor.py
[2025-02-01T02:55:05.789+0000] {processor.py:743} INFO - Processing file /home/airflow/.local/lib/python3.7/site-packages/airflow/example_dags/example_local_kubernetes_executor.py for tasks to queue
[2025-02-01T02:55:05.793+0000] {logging_mixin.py:137} INFO - [2025-02-01T02:55:05.791+0000] {dagbag.py:538} INFO - Filling up the DagBag from /home/airflow/.local/lib/python3.7/site-packages/airflow/example_dags/example_local_kubernetes_executor.py
[2025-02-01T02:55:05.921+0000] {processor.py:753} INFO - DAG(s) dict_keys(['example_local_kubernetes_executor']) retrieved from /home/airflow/.local/lib/python3.7/site-packages/airflow/example_dags/example_local_kubernetes_executor.py
[2025-02-01T02:55:06.139+0000] {logging_mixin.py:137} INFO - [2025-02-01T02:55:06.138+0000] {dag.py:2690} INFO - Sync 1 DAGs
[2025-02-01T02:55:06.322+0000] {logging_mixin.py:137} INFO - [2025-02-01T02:55:06.322+0000] {dag.py:3441} INFO - Setting next_dagrun for example_local_kubernetes_executor to None, run_after=None
[2025-02-01T02:55:06.474+0000] {processor.py:175} INFO - Processing /home/airflow/.local/lib/python3.7/site-packages/airflow/example_dags/example_local_kubernetes_executor.py took 0.790 seconds
[2025-02-01T02:55:36.795+0000] {processor.py:153} INFO - Started process (PID=1734) to work on /home/airflow/.local/lib/python3.7/site-packages/airflow/example_dags/example_local_kubernetes_executor.py
[2025-02-01T02:55:36.801+0000] {processor.py:743} INFO - Processing file /home/airflow/.local/lib/python3.7/site-packages/airflow/example_dags/example_local_kubernetes_executor.py for tasks to queue
[2025-02-01T02:55:36.806+0000] {logging_mixin.py:137} INFO - [2025-02-01T02:55:36.803+0000] {dagbag.py:538} INFO - Filling up the DagBag from /home/airflow/.local/lib/python3.7/site-packages/airflow/example_dags/example_local_kubernetes_executor.py
[2025-02-01T02:55:36.918+0000] {processor.py:753} INFO - DAG(s) dict_keys(['example_local_kubernetes_executor']) retrieved from /home/airflow/.local/lib/python3.7/site-packages/airflow/example_dags/example_local_kubernetes_executor.py
[2025-02-01T02:55:37.040+0000] {logging_mixin.py:137} INFO - [2025-02-01T02:55:37.040+0000] {dag.py:2690} INFO - Sync 1 DAGs
[2025-02-01T02:55:37.166+0000] {logging_mixin.py:137} INFO - [2025-02-01T02:55:37.166+0000] {dag.py:3441} INFO - Setting next_dagrun for example_local_kubernetes_executor to None, run_after=None
[2025-02-01T02:55:37.291+0000] {processor.py:175} INFO - Processing /home/airflow/.local/lib/python3.7/site-packages/airflow/example_dags/example_local_kubernetes_executor.py took 0.509 seconds
[2025-02-01T02:56:07.955+0000] {processor.py:153} INFO - Started process (PID=1793) to work on /home/airflow/.local/lib/python3.7/site-packages/airflow/example_dags/example_local_kubernetes_executor.py
[2025-02-01T02:56:07.963+0000] {processor.py:743} INFO - Processing file /home/airflow/.local/lib/python3.7/site-packages/airflow/example_dags/example_local_kubernetes_executor.py for tasks to queue
[2025-02-01T02:56:07.967+0000] {logging_mixin.py:137} INFO - [2025-02-01T02:56:07.967+0000] {dagbag.py:538} INFO - Filling up the DagBag from /home/airflow/.local/lib/python3.7/site-packages/airflow/example_dags/example_local_kubernetes_executor.py
[2025-02-01T02:56:08.125+0000] {processor.py:753} INFO - DAG(s) dict_keys(['example_local_kubernetes_executor']) retrieved from /home/airflow/.local/lib/python3.7/site-packages/airflow/example_dags/example_local_kubernetes_executor.py
[2025-02-01T02:56:08.251+0000] {logging_mixin.py:137} INFO - [2025-02-01T02:56:08.250+0000] {dag.py:2690} INFO - Sync 1 DAGs
[2025-02-01T02:56:08.347+0000] {logging_mixin.py:137} INFO - [2025-02-01T02:56:08.347+0000] {dag.py:3441} INFO - Setting next_dagrun for example_local_kubernetes_executor to None, run_after=None
[2025-02-01T02:56:08.428+0000] {processor.py:175} INFO - Processing /home/airflow/.local/lib/python3.7/site-packages/airflow/example_dags/example_local_kubernetes_executor.py took 0.496 seconds
[2025-02-01T02:56:38.628+0000] {processor.py:153} INFO - Started process (PID=1852) to work on /home/airflow/.local/lib/python3.7/site-packages/airflow/example_dags/example_local_kubernetes_executor.py
[2025-02-01T02:56:38.630+0000] {processor.py:743} INFO - Processing file /home/airflow/.local/lib/python3.7/site-packages/airflow/example_dags/example_local_kubernetes_executor.py for tasks to queue
[2025-02-01T02:56:38.635+0000] {logging_mixin.py:137} INFO - [2025-02-01T02:56:38.634+0000] {dagbag.py:538} INFO - Filling up the DagBag from /home/airflow/.local/lib/python3.7/site-packages/airflow/example_dags/example_local_kubernetes_executor.py
[2025-02-01T02:56:38.808+0000] {processor.py:753} INFO - DAG(s) dict_keys(['example_local_kubernetes_executor']) retrieved from /home/airflow/.local/lib/python3.7/site-packages/airflow/example_dags/example_local_kubernetes_executor.py
[2025-02-01T02:56:38.912+0000] {logging_mixin.py:137} INFO - [2025-02-01T02:56:38.912+0000] {dag.py:2690} INFO - Sync 1 DAGs
[2025-02-01T02:56:38.991+0000] {logging_mixin.py:137} INFO - [2025-02-01T02:56:38.991+0000] {dag.py:3441} INFO - Setting next_dagrun for example_local_kubernetes_executor to None, run_after=None
[2025-02-01T02:56:39.072+0000] {processor.py:175} INFO - Processing /home/airflow/.local/lib/python3.7/site-packages/airflow/example_dags/example_local_kubernetes_executor.py took 0.461 seconds
[2025-02-01T02:57:09.622+0000] {processor.py:153} INFO - Started process (PID=1911) to work on /home/airflow/.local/lib/python3.7/site-packages/airflow/example_dags/example_local_kubernetes_executor.py
[2025-02-01T02:57:09.625+0000] {processor.py:743} INFO - Processing file /home/airflow/.local/lib/python3.7/site-packages/airflow/example_dags/example_local_kubernetes_executor.py for tasks to queue
[2025-02-01T02:57:09.629+0000] {logging_mixin.py:137} INFO - [2025-02-01T02:57:09.627+0000] {dagbag.py:538} INFO - Filling up the DagBag from /home/airflow/.local/lib/python3.7/site-packages/airflow/example_dags/example_local_kubernetes_executor.py
[2025-02-01T02:57:09.831+0000] {processor.py:753} INFO - DAG(s) dict_keys(['example_local_kubernetes_executor']) retrieved from /home/airflow/.local/lib/python3.7/site-packages/airflow/example_dags/example_local_kubernetes_executor.py
[2025-02-01T02:57:10.028+0000] {logging_mixin.py:137} INFO - [2025-02-01T02:57:10.023+0000] {dag.py:2690} INFO - Sync 1 DAGs
[2025-02-01T02:57:10.205+0000] {logging_mixin.py:137} INFO - [2025-02-01T02:57:10.205+0000] {dag.py:3441} INFO - Setting next_dagrun for example_local_kubernetes_executor to None, run_after=None
[2025-02-01T02:57:10.332+0000] {processor.py:175} INFO - Processing /home/airflow/.local/lib/python3.7/site-packages/airflow/example_dags/example_local_kubernetes_executor.py took 0.724 seconds
[2025-02-01T02:57:40.671+0000] {processor.py:153} INFO - Started process (PID=1960) to work on /home/airflow/.local/lib/python3.7/site-packages/airflow/example_dags/example_local_kubernetes_executor.py
[2025-02-01T02:57:40.673+0000] {processor.py:743} INFO - Processing file /home/airflow/.local/lib/python3.7/site-packages/airflow/example_dags/example_local_kubernetes_executor.py for tasks to queue
[2025-02-01T02:57:40.674+0000] {logging_mixin.py:137} INFO - [2025-02-01T02:57:40.674+0000] {dagbag.py:538} INFO - Filling up the DagBag from /home/airflow/.local/lib/python3.7/site-packages/airflow/example_dags/example_local_kubernetes_executor.py
[2025-02-01T02:57:40.730+0000] {processor.py:753} INFO - DAG(s) dict_keys(['example_local_kubernetes_executor']) retrieved from /home/airflow/.local/lib/python3.7/site-packages/airflow/example_dags/example_local_kubernetes_executor.py
[2025-02-01T02:57:40.813+0000] {logging_mixin.py:137} INFO - [2025-02-01T02:57:40.812+0000] {dag.py:2690} INFO - Sync 1 DAGs
[2025-02-01T02:57:40.889+0000] {logging_mixin.py:137} INFO - [2025-02-01T02:57:40.888+0000] {dag.py:3441} INFO - Setting next_dagrun for example_local_kubernetes_executor to None, run_after=None
[2025-02-01T02:57:40.950+0000] {processor.py:175} INFO - Processing /home/airflow/.local/lib/python3.7/site-packages/airflow/example_dags/example_local_kubernetes_executor.py took 0.289 seconds
[2025-02-01T02:58:11.457+0000] {processor.py:153} INFO - Started process (PID=2019) to work on /home/airflow/.local/lib/python3.7/site-packages/airflow/example_dags/example_local_kubernetes_executor.py
[2025-02-01T02:58:11.460+0000] {processor.py:743} INFO - Processing file /home/airflow/.local/lib/python3.7/site-packages/airflow/example_dags/example_local_kubernetes_executor.py for tasks to queue
[2025-02-01T02:58:11.462+0000] {logging_mixin.py:137} INFO - [2025-02-01T02:58:11.462+0000] {dagbag.py:538} INFO - Filling up the DagBag from /home/airflow/.local/lib/python3.7/site-packages/airflow/example_dags/example_local_kubernetes_executor.py
[2025-02-01T02:58:11.574+0000] {processor.py:753} INFO - DAG(s) dict_keys(['example_local_kubernetes_executor']) retrieved from /home/airflow/.local/lib/python3.7/site-packages/airflow/example_dags/example_local_kubernetes_executor.py
[2025-02-01T02:58:11.693+0000] {logging_mixin.py:137} INFO - [2025-02-01T02:58:11.692+0000] {dag.py:2690} INFO - Sync 1 DAGs
[2025-02-01T02:58:11.769+0000] {logging_mixin.py:137} INFO - [2025-02-01T02:58:11.768+0000] {dag.py:3441} INFO - Setting next_dagrun for example_local_kubernetes_executor to None, run_after=None
[2025-02-01T02:58:11.848+0000] {processor.py:175} INFO - Processing /home/airflow/.local/lib/python3.7/site-packages/airflow/example_dags/example_local_kubernetes_executor.py took 0.408 seconds
[2025-02-01T02:58:42.807+0000] {processor.py:153} INFO - Started process (PID=2075) to work on /home/airflow/.local/lib/python3.7/site-packages/airflow/example_dags/example_local_kubernetes_executor.py
[2025-02-01T02:58:42.815+0000] {processor.py:743} INFO - Processing file /home/airflow/.local/lib/python3.7/site-packages/airflow/example_dags/example_local_kubernetes_executor.py for tasks to queue
[2025-02-01T02:58:42.822+0000] {logging_mixin.py:137} INFO - [2025-02-01T02:58:42.822+0000] {dagbag.py:538} INFO - Filling up the DagBag from /home/airflow/.local/lib/python3.7/site-packages/airflow/example_dags/example_local_kubernetes_executor.py
[2025-02-01T02:58:43.105+0000] {processor.py:753} INFO - DAG(s) dict_keys(['example_local_kubernetes_executor']) retrieved from /home/airflow/.local/lib/python3.7/site-packages/airflow/example_dags/example_local_kubernetes_executor.py
[2025-02-01T02:58:43.399+0000] {logging_mixin.py:137} INFO - [2025-02-01T02:58:43.399+0000] {dag.py:2690} INFO - Sync 1 DAGs
[2025-02-01T02:58:43.719+0000] {logging_mixin.py:137} INFO - [2025-02-01T02:58:43.719+0000] {dag.py:3441} INFO - Setting next_dagrun for example_local_kubernetes_executor to None, run_after=None
[2025-02-01T02:58:43.890+0000] {processor.py:175} INFO - Processing /home/airflow/.local/lib/python3.7/site-packages/airflow/example_dags/example_local_kubernetes_executor.py took 1.112 seconds
[2025-02-01T02:59:14.159+0000] {processor.py:153} INFO - Started process (PID=2127) to work on /home/airflow/.local/lib/python3.7/site-packages/airflow/example_dags/example_local_kubernetes_executor.py
[2025-02-01T02:59:14.162+0000] {processor.py:743} INFO - Processing file /home/airflow/.local/lib/python3.7/site-packages/airflow/example_dags/example_local_kubernetes_executor.py for tasks to queue
[2025-02-01T02:59:14.166+0000] {logging_mixin.py:137} INFO - [2025-02-01T02:59:14.166+0000] {dagbag.py:538} INFO - Filling up the DagBag from /home/airflow/.local/lib/python3.7/site-packages/airflow/example_dags/example_local_kubernetes_executor.py
[2025-02-01T02:59:14.274+0000] {processor.py:753} INFO - DAG(s) dict_keys(['example_local_kubernetes_executor']) retrieved from /home/airflow/.local/lib/python3.7/site-packages/airflow/example_dags/example_local_kubernetes_executor.py
[2025-02-01T02:59:14.371+0000] {logging_mixin.py:137} INFO - [2025-02-01T02:59:14.371+0000] {dag.py:2690} INFO - Sync 1 DAGs
[2025-02-01T02:59:14.499+0000] {logging_mixin.py:137} INFO - [2025-02-01T02:59:14.499+0000] {dag.py:3441} INFO - Setting next_dagrun for example_local_kubernetes_executor to None, run_after=None
[2025-02-01T02:59:14.558+0000] {processor.py:175} INFO - Processing /home/airflow/.local/lib/python3.7/site-packages/airflow/example_dags/example_local_kubernetes_executor.py took 0.413 seconds
[2025-02-01T02:59:44.962+0000] {processor.py:153} INFO - Started process (PID=2185) to work on /home/airflow/.local/lib/python3.7/site-packages/airflow/example_dags/example_local_kubernetes_executor.py
[2025-02-01T02:59:44.964+0000] {processor.py:743} INFO - Processing file /home/airflow/.local/lib/python3.7/site-packages/airflow/example_dags/example_local_kubernetes_executor.py for tasks to queue
[2025-02-01T02:59:44.967+0000] {logging_mixin.py:137} INFO - [2025-02-01T02:59:44.966+0000] {dagbag.py:538} INFO - Filling up the DagBag from /home/airflow/.local/lib/python3.7/site-packages/airflow/example_dags/example_local_kubernetes_executor.py
[2025-02-01T02:59:45.030+0000] {processor.py:753} INFO - DAG(s) dict_keys(['example_local_kubernetes_executor']) retrieved from /home/airflow/.local/lib/python3.7/site-packages/airflow/example_dags/example_local_kubernetes_executor.py
[2025-02-01T02:59:45.094+0000] {logging_mixin.py:137} INFO - [2025-02-01T02:59:45.094+0000] {dag.py:2690} INFO - Sync 1 DAGs
[2025-02-01T02:59:45.157+0000] {logging_mixin.py:137} INFO - [2025-02-01T02:59:45.157+0000] {dag.py:3441} INFO - Setting next_dagrun for example_local_kubernetes_executor to None, run_after=None
[2025-02-01T02:59:45.205+0000] {processor.py:175} INFO - Processing /home/airflow/.local/lib/python3.7/site-packages/airflow/example_dags/example_local_kubernetes_executor.py took 0.251 seconds
[2025-02-01T03:00:16.524+0000] {processor.py:153} INFO - Started process (PID=2243) to work on /home/airflow/.local/lib/python3.7/site-packages/airflow/example_dags/example_local_kubernetes_executor.py
[2025-02-01T03:00:16.531+0000] {processor.py:743} INFO - Processing file /home/airflow/.local/lib/python3.7/site-packages/airflow/example_dags/example_local_kubernetes_executor.py for tasks to queue
[2025-02-01T03:00:16.540+0000] {logging_mixin.py:137} INFO - [2025-02-01T03:00:16.539+0000] {dagbag.py:538} INFO - Filling up the DagBag from /home/airflow/.local/lib/python3.7/site-packages/airflow/example_dags/example_local_kubernetes_executor.py
[2025-02-01T03:00:16.799+0000] {processor.py:753} INFO - DAG(s) dict_keys(['example_local_kubernetes_executor']) retrieved from /home/airflow/.local/lib/python3.7/site-packages/airflow/example_dags/example_local_kubernetes_executor.py
[2025-02-01T03:00:17.033+0000] {logging_mixin.py:137} INFO - [2025-02-01T03:00:17.032+0000] {dag.py:2690} INFO - Sync 1 DAGs
[2025-02-01T03:00:17.262+0000] {logging_mixin.py:137} INFO - [2025-02-01T03:00:17.262+0000] {dag.py:3441} INFO - Setting next_dagrun for example_local_kubernetes_executor to None, run_after=None
[2025-02-01T03:00:17.409+0000] {processor.py:175} INFO - Processing /home/airflow/.local/lib/python3.7/site-packages/airflow/example_dags/example_local_kubernetes_executor.py took 0.911 seconds
[2025-02-01T03:00:47.638+0000] {processor.py:153} INFO - Started process (PID=2293) to work on /home/airflow/.local/lib/python3.7/site-packages/airflow/example_dags/example_local_kubernetes_executor.py
[2025-02-01T03:00:47.640+0000] {processor.py:743} INFO - Processing file /home/airflow/.local/lib/python3.7/site-packages/airflow/example_dags/example_local_kubernetes_executor.py for tasks to queue
[2025-02-01T03:00:47.641+0000] {logging_mixin.py:137} INFO - [2025-02-01T03:00:47.641+0000] {dagbag.py:538} INFO - Filling up the DagBag from /home/airflow/.local/lib/python3.7/site-packages/airflow/example_dags/example_local_kubernetes_executor.py
[2025-02-01T03:00:47.696+0000] {processor.py:753} INFO - DAG(s) dict_keys(['example_local_kubernetes_executor']) retrieved from /home/airflow/.local/lib/python3.7/site-packages/airflow/example_dags/example_local_kubernetes_executor.py
[2025-02-01T03:00:47.761+0000] {logging_mixin.py:137} INFO - [2025-02-01T03:00:47.760+0000] {dag.py:2690} INFO - Sync 1 DAGs
[2025-02-01T03:00:47.839+0000] {logging_mixin.py:137} INFO - [2025-02-01T03:00:47.838+0000] {dag.py:3441} INFO - Setting next_dagrun for example_local_kubernetes_executor to None, run_after=None
[2025-02-01T03:00:47.912+0000] {processor.py:175} INFO - Processing /home/airflow/.local/lib/python3.7/site-packages/airflow/example_dags/example_local_kubernetes_executor.py took 0.289 seconds
[2025-02-01T03:01:18.426+0000] {processor.py:153} INFO - Started process (PID=2352) to work on /home/airflow/.local/lib/python3.7/site-packages/airflow/example_dags/example_local_kubernetes_executor.py
[2025-02-01T03:01:18.427+0000] {processor.py:743} INFO - Processing file /home/airflow/.local/lib/python3.7/site-packages/airflow/example_dags/example_local_kubernetes_executor.py for tasks to queue
[2025-02-01T03:01:18.433+0000] {logging_mixin.py:137} INFO - [2025-02-01T03:01:18.432+0000] {dagbag.py:538} INFO - Filling up the DagBag from /home/airflow/.local/lib/python3.7/site-packages/airflow/example_dags/example_local_kubernetes_executor.py
[2025-02-01T03:01:18.491+0000] {processor.py:753} INFO - DAG(s) dict_keys(['example_local_kubernetes_executor']) retrieved from /home/airflow/.local/lib/python3.7/site-packages/airflow/example_dags/example_local_kubernetes_executor.py
[2025-02-01T03:01:18.650+0000] {logging_mixin.py:137} INFO - [2025-02-01T03:01:18.649+0000] {dag.py:2690} INFO - Sync 1 DAGs
[2025-02-01T03:01:18.794+0000] {logging_mixin.py:137} INFO - [2025-02-01T03:01:18.793+0000] {dag.py:3441} INFO - Setting next_dagrun for example_local_kubernetes_executor to None, run_after=None
[2025-02-01T03:01:18.853+0000] {processor.py:175} INFO - Processing /home/airflow/.local/lib/python3.7/site-packages/airflow/example_dags/example_local_kubernetes_executor.py took 0.458 seconds
[2025-02-01T03:01:49.431+0000] {processor.py:153} INFO - Started process (PID=2411) to work on /home/airflow/.local/lib/python3.7/site-packages/airflow/example_dags/example_local_kubernetes_executor.py
[2025-02-01T03:01:49.437+0000] {processor.py:743} INFO - Processing file /home/airflow/.local/lib/python3.7/site-packages/airflow/example_dags/example_local_kubernetes_executor.py for tasks to queue
[2025-02-01T03:01:49.439+0000] {logging_mixin.py:137} INFO - [2025-02-01T03:01:49.438+0000] {dagbag.py:538} INFO - Filling up the DagBag from /home/airflow/.local/lib/python3.7/site-packages/airflow/example_dags/example_local_kubernetes_executor.py
[2025-02-01T03:01:49.540+0000] {processor.py:753} INFO - DAG(s) dict_keys(['example_local_kubernetes_executor']) retrieved from /home/airflow/.local/lib/python3.7/site-packages/airflow/example_dags/example_local_kubernetes_executor.py
[2025-02-01T03:01:49.666+0000] {logging_mixin.py:137} INFO - [2025-02-01T03:01:49.665+0000] {dag.py:2690} INFO - Sync 1 DAGs
[2025-02-01T03:01:49.781+0000] {logging_mixin.py:137} INFO - [2025-02-01T03:01:49.781+0000] {dag.py:3441} INFO - Setting next_dagrun for example_local_kubernetes_executor to None, run_after=None
[2025-02-01T03:01:49.873+0000] {processor.py:175} INFO - Processing /home/airflow/.local/lib/python3.7/site-packages/airflow/example_dags/example_local_kubernetes_executor.py took 0.468 seconds
[2025-02-01T03:02:20.469+0000] {processor.py:153} INFO - Started process (PID=2469) to work on /home/airflow/.local/lib/python3.7/site-packages/airflow/example_dags/example_local_kubernetes_executor.py
[2025-02-01T03:02:20.475+0000] {processor.py:743} INFO - Processing file /home/airflow/.local/lib/python3.7/site-packages/airflow/example_dags/example_local_kubernetes_executor.py for tasks to queue
[2025-02-01T03:02:20.483+0000] {logging_mixin.py:137} INFO - [2025-02-01T03:02:20.477+0000] {dagbag.py:538} INFO - Filling up the DagBag from /home/airflow/.local/lib/python3.7/site-packages/airflow/example_dags/example_local_kubernetes_executor.py
[2025-02-01T03:02:20.657+0000] {processor.py:753} INFO - DAG(s) dict_keys(['example_local_kubernetes_executor']) retrieved from /home/airflow/.local/lib/python3.7/site-packages/airflow/example_dags/example_local_kubernetes_executor.py
[2025-02-01T03:02:20.847+0000] {logging_mixin.py:137} INFO - [2025-02-01T03:02:20.842+0000] {dag.py:2690} INFO - Sync 1 DAGs
[2025-02-01T03:02:21.057+0000] {logging_mixin.py:137} INFO - [2025-02-01T03:02:21.057+0000] {dag.py:3441} INFO - Setting next_dagrun for example_local_kubernetes_executor to None, run_after=None
[2025-02-01T03:02:21.191+0000] {processor.py:175} INFO - Processing /home/airflow/.local/lib/python3.7/site-packages/airflow/example_dags/example_local_kubernetes_executor.py took 0.756 seconds
[2025-02-01T03:02:51.435+0000] {processor.py:153} INFO - Started process (PID=2527) to work on /home/airflow/.local/lib/python3.7/site-packages/airflow/example_dags/example_local_kubernetes_executor.py
[2025-02-01T03:02:51.443+0000] {processor.py:743} INFO - Processing file /home/airflow/.local/lib/python3.7/site-packages/airflow/example_dags/example_local_kubernetes_executor.py for tasks to queue
[2025-02-01T03:02:51.453+0000] {logging_mixin.py:137} INFO - [2025-02-01T03:02:51.445+0000] {dagbag.py:538} INFO - Filling up the DagBag from /home/airflow/.local/lib/python3.7/site-packages/airflow/example_dags/example_local_kubernetes_executor.py
[2025-02-01T03:02:51.582+0000] {processor.py:753} INFO - DAG(s) dict_keys(['example_local_kubernetes_executor']) retrieved from /home/airflow/.local/lib/python3.7/site-packages/airflow/example_dags/example_local_kubernetes_executor.py
[2025-02-01T03:02:51.647+0000] {logging_mixin.py:137} INFO - [2025-02-01T03:02:51.647+0000] {dag.py:2690} INFO - Sync 1 DAGs
[2025-02-01T03:02:51.712+0000] {logging_mixin.py:137} INFO - [2025-02-01T03:02:51.712+0000] {dag.py:3441} INFO - Setting next_dagrun for example_local_kubernetes_executor to None, run_after=None
[2025-02-01T03:02:51.758+0000] {processor.py:175} INFO - Processing /home/airflow/.local/lib/python3.7/site-packages/airflow/example_dags/example_local_kubernetes_executor.py took 0.355 seconds
[2025-02-01T03:03:21.857+0000] {processor.py:153} INFO - Started process (PID=2578) to work on /home/airflow/.local/lib/python3.7/site-packages/airflow/example_dags/example_local_kubernetes_executor.py
[2025-02-01T03:03:21.860+0000] {processor.py:743} INFO - Processing file /home/airflow/.local/lib/python3.7/site-packages/airflow/example_dags/example_local_kubernetes_executor.py for tasks to queue
[2025-02-01T03:03:21.861+0000] {logging_mixin.py:137} INFO - [2025-02-01T03:03:21.861+0000] {dagbag.py:538} INFO - Filling up the DagBag from /home/airflow/.local/lib/python3.7/site-packages/airflow/example_dags/example_local_kubernetes_executor.py
[2025-02-01T03:03:21.917+0000] {processor.py:753} INFO - DAG(s) dict_keys(['example_local_kubernetes_executor']) retrieved from /home/airflow/.local/lib/python3.7/site-packages/airflow/example_dags/example_local_kubernetes_executor.py
[2025-02-01T03:03:21.982+0000] {logging_mixin.py:137} INFO - [2025-02-01T03:03:21.982+0000] {dag.py:2690} INFO - Sync 1 DAGs
[2025-02-01T03:03:22.048+0000] {logging_mixin.py:137} INFO - [2025-02-01T03:03:22.047+0000] {dag.py:3441} INFO - Setting next_dagrun for example_local_kubernetes_executor to None, run_after=None
[2025-02-01T03:03:22.099+0000] {processor.py:175} INFO - Processing /home/airflow/.local/lib/python3.7/site-packages/airflow/example_dags/example_local_kubernetes_executor.py took 0.250 seconds
[2025-02-01T03:03:54.619+0000] {processor.py:153} INFO - Started process (PID=2636) to work on /home/airflow/.local/lib/python3.7/site-packages/airflow/example_dags/example_local_kubernetes_executor.py
[2025-02-01T03:03:54.631+0000] {processor.py:743} INFO - Processing file /home/airflow/.local/lib/python3.7/site-packages/airflow/example_dags/example_local_kubernetes_executor.py for tasks to queue
[2025-02-01T03:03:54.639+0000] {logging_mixin.py:137} INFO - [2025-02-01T03:03:54.639+0000] {dagbag.py:538} INFO - Filling up the DagBag from /home/airflow/.local/lib/python3.7/site-packages/airflow/example_dags/example_local_kubernetes_executor.py
[2025-02-01T03:03:55.000+0000] {processor.py:753} INFO - DAG(s) dict_keys(['example_local_kubernetes_executor']) retrieved from /home/airflow/.local/lib/python3.7/site-packages/airflow/example_dags/example_local_kubernetes_executor.py
[2025-02-01T03:03:55.285+0000] {logging_mixin.py:137} INFO - [2025-02-01T03:03:55.279+0000] {dag.py:2690} INFO - Sync 1 DAGs
[2025-02-01T03:03:55.421+0000] {logging_mixin.py:137} INFO - [2025-02-01T03:03:55.421+0000] {dag.py:3441} INFO - Setting next_dagrun for example_local_kubernetes_executor to None, run_after=None
[2025-02-01T03:03:55.468+0000] {processor.py:175} INFO - Processing /home/airflow/.local/lib/python3.7/site-packages/airflow/example_dags/example_local_kubernetes_executor.py took 0.880 seconds
[2025-02-01T03:04:26.152+0000] {processor.py:153} INFO - Started process (PID=2691) to work on /home/airflow/.local/lib/python3.7/site-packages/airflow/example_dags/example_local_kubernetes_executor.py
[2025-02-01T03:04:26.155+0000] {processor.py:743} INFO - Processing file /home/airflow/.local/lib/python3.7/site-packages/airflow/example_dags/example_local_kubernetes_executor.py for tasks to queue
[2025-02-01T03:04:26.176+0000] {logging_mixin.py:137} INFO - [2025-02-01T03:04:26.176+0000] {dagbag.py:538} INFO - Filling up the DagBag from /home/airflow/.local/lib/python3.7/site-packages/airflow/example_dags/example_local_kubernetes_executor.py
[2025-02-01T03:04:26.529+0000] {processor.py:753} INFO - DAG(s) dict_keys(['example_local_kubernetes_executor']) retrieved from /home/airflow/.local/lib/python3.7/site-packages/airflow/example_dags/example_local_kubernetes_executor.py
[2025-02-01T03:04:26.852+0000] {logging_mixin.py:137} INFO - [2025-02-01T03:04:26.851+0000] {dag.py:2690} INFO - Sync 1 DAGs
[2025-02-01T03:04:27.241+0000] {logging_mixin.py:137} INFO - [2025-02-01T03:04:27.240+0000] {dag.py:3441} INFO - Setting next_dagrun for example_local_kubernetes_executor to None, run_after=None
[2025-02-01T03:04:27.569+0000] {processor.py:175} INFO - Processing /home/airflow/.local/lib/python3.7/site-packages/airflow/example_dags/example_local_kubernetes_executor.py took 1.443 seconds
[2025-02-01T03:04:58.466+0000] {processor.py:153} INFO - Started process (PID=2744) to work on /home/airflow/.local/lib/python3.7/site-packages/airflow/example_dags/example_local_kubernetes_executor.py
[2025-02-01T03:04:58.471+0000] {processor.py:743} INFO - Processing file /home/airflow/.local/lib/python3.7/site-packages/airflow/example_dags/example_local_kubernetes_executor.py for tasks to queue
[2025-02-01T03:04:58.476+0000] {logging_mixin.py:137} INFO - [2025-02-01T03:04:58.476+0000] {dagbag.py:538} INFO - Filling up the DagBag from /home/airflow/.local/lib/python3.7/site-packages/airflow/example_dags/example_local_kubernetes_executor.py
[2025-02-01T03:04:58.625+0000] {processor.py:753} INFO - DAG(s) dict_keys(['example_local_kubernetes_executor']) retrieved from /home/airflow/.local/lib/python3.7/site-packages/airflow/example_dags/example_local_kubernetes_executor.py
[2025-02-01T03:04:58.733+0000] {logging_mixin.py:137} INFO - [2025-02-01T03:04:58.732+0000] {dag.py:2690} INFO - Sync 1 DAGs
[2025-02-01T03:04:58.859+0000] {logging_mixin.py:137} INFO - [2025-02-01T03:04:58.859+0000] {dag.py:3441} INFO - Setting next_dagrun for example_local_kubernetes_executor to None, run_after=None
[2025-02-01T03:04:58.988+0000] {processor.py:175} INFO - Processing /home/airflow/.local/lib/python3.7/site-packages/airflow/example_dags/example_local_kubernetes_executor.py took 0.537 seconds
[2025-02-01T03:05:29.683+0000] {processor.py:153} INFO - Started process (PID=2803) to work on /home/airflow/.local/lib/python3.7/site-packages/airflow/example_dags/example_local_kubernetes_executor.py
[2025-02-01T03:05:29.686+0000] {processor.py:743} INFO - Processing file /home/airflow/.local/lib/python3.7/site-packages/airflow/example_dags/example_local_kubernetes_executor.py for tasks to queue
[2025-02-01T03:05:29.690+0000] {logging_mixin.py:137} INFO - [2025-02-01T03:05:29.688+0000] {dagbag.py:538} INFO - Filling up the DagBag from /home/airflow/.local/lib/python3.7/site-packages/airflow/example_dags/example_local_kubernetes_executor.py
[2025-02-01T03:05:29.807+0000] {processor.py:753} INFO - DAG(s) dict_keys(['example_local_kubernetes_executor']) retrieved from /home/airflow/.local/lib/python3.7/site-packages/airflow/example_dags/example_local_kubernetes_executor.py
[2025-02-01T03:05:29.948+0000] {logging_mixin.py:137} INFO - [2025-02-01T03:05:29.947+0000] {dag.py:2690} INFO - Sync 1 DAGs
[2025-02-01T03:05:30.080+0000] {logging_mixin.py:137} INFO - [2025-02-01T03:05:30.080+0000] {dag.py:3441} INFO - Setting next_dagrun for example_local_kubernetes_executor to None, run_after=None
[2025-02-01T03:05:30.151+0000] {processor.py:175} INFO - Processing /home/airflow/.local/lib/python3.7/site-packages/airflow/example_dags/example_local_kubernetes_executor.py took 0.481 seconds
[2025-02-01T03:06:00.663+0000] {processor.py:153} INFO - Started process (PID=2862) to work on /home/airflow/.local/lib/python3.7/site-packages/airflow/example_dags/example_local_kubernetes_executor.py
[2025-02-01T03:06:00.665+0000] {processor.py:743} INFO - Processing file /home/airflow/.local/lib/python3.7/site-packages/airflow/example_dags/example_local_kubernetes_executor.py for tasks to queue
[2025-02-01T03:06:00.668+0000] {logging_mixin.py:137} INFO - [2025-02-01T03:06:00.668+0000] {dagbag.py:538} INFO - Filling up the DagBag from /home/airflow/.local/lib/python3.7/site-packages/airflow/example_dags/example_local_kubernetes_executor.py
[2025-02-01T03:06:00.854+0000] {processor.py:753} INFO - DAG(s) dict_keys(['example_local_kubernetes_executor']) retrieved from /home/airflow/.local/lib/python3.7/site-packages/airflow/example_dags/example_local_kubernetes_executor.py
[2025-02-01T03:06:01.075+0000] {logging_mixin.py:137} INFO - [2025-02-01T03:06:01.074+0000] {dag.py:2690} INFO - Sync 1 DAGs
[2025-02-01T03:06:01.280+0000] {logging_mixin.py:137} INFO - [2025-02-01T03:06:01.279+0000] {dag.py:3441} INFO - Setting next_dagrun for example_local_kubernetes_executor to None, run_after=None
[2025-02-01T03:06:01.446+0000] {processor.py:175} INFO - Processing /home/airflow/.local/lib/python3.7/site-packages/airflow/example_dags/example_local_kubernetes_executor.py took 0.801 seconds
[2025-02-01T03:06:31.662+0000] {processor.py:153} INFO - Started process (PID=2918) to work on /home/airflow/.local/lib/python3.7/site-packages/airflow/example_dags/example_local_kubernetes_executor.py
[2025-02-01T03:06:31.665+0000] {processor.py:743} INFO - Processing file /home/airflow/.local/lib/python3.7/site-packages/airflow/example_dags/example_local_kubernetes_executor.py for tasks to queue
[2025-02-01T03:06:31.671+0000] {logging_mixin.py:137} INFO - [2025-02-01T03:06:31.671+0000] {dagbag.py:538} INFO - Filling up the DagBag from /home/airflow/.local/lib/python3.7/site-packages/airflow/example_dags/example_local_kubernetes_executor.py
[2025-02-01T03:06:31.861+0000] {processor.py:753} INFO - DAG(s) dict_keys(['example_local_kubernetes_executor']) retrieved from /home/airflow/.local/lib/python3.7/site-packages/airflow/example_dags/example_local_kubernetes_executor.py
[2025-02-01T03:06:32.081+0000] {logging_mixin.py:137} INFO - [2025-02-01T03:06:32.075+0000] {dag.py:2690} INFO - Sync 1 DAGs
[2025-02-01T03:06:32.223+0000] {logging_mixin.py:137} INFO - [2025-02-01T03:06:32.222+0000] {dag.py:3441} INFO - Setting next_dagrun for example_local_kubernetes_executor to None, run_after=None
[2025-02-01T03:06:32.390+0000] {processor.py:175} INFO - Processing /home/airflow/.local/lib/python3.7/site-packages/airflow/example_dags/example_local_kubernetes_executor.py took 0.772 seconds
[2025-02-01T03:07:03.324+0000] {processor.py:153} INFO - Started process (PID=2970) to work on /home/airflow/.local/lib/python3.7/site-packages/airflow/example_dags/example_local_kubernetes_executor.py
[2025-02-01T03:07:03.327+0000] {processor.py:743} INFO - Processing file /home/airflow/.local/lib/python3.7/site-packages/airflow/example_dags/example_local_kubernetes_executor.py for tasks to queue
[2025-02-01T03:07:03.330+0000] {logging_mixin.py:137} INFO - [2025-02-01T03:07:03.328+0000] {dagbag.py:538} INFO - Filling up the DagBag from /home/airflow/.local/lib/python3.7/site-packages/airflow/example_dags/example_local_kubernetes_executor.py
[2025-02-01T03:07:03.389+0000] {processor.py:753} INFO - DAG(s) dict_keys(['example_local_kubernetes_executor']) retrieved from /home/airflow/.local/lib/python3.7/site-packages/airflow/example_dags/example_local_kubernetes_executor.py
[2025-02-01T03:07:03.466+0000] {logging_mixin.py:137} INFO - [2025-02-01T03:07:03.465+0000] {dag.py:2690} INFO - Sync 1 DAGs
[2025-02-01T03:07:03.529+0000] {logging_mixin.py:137} INFO - [2025-02-01T03:07:03.529+0000] {dag.py:3441} INFO - Setting next_dagrun for example_local_kubernetes_executor to None, run_after=None
[2025-02-01T03:07:03.574+0000] {processor.py:175} INFO - Processing /home/airflow/.local/lib/python3.7/site-packages/airflow/example_dags/example_local_kubernetes_executor.py took 0.258 seconds
[2025-02-01T03:07:33.712+0000] {processor.py:153} INFO - Started process (PID=3029) to work on /home/airflow/.local/lib/python3.7/site-packages/airflow/example_dags/example_local_kubernetes_executor.py
[2025-02-01T03:07:33.722+0000] {processor.py:743} INFO - Processing file /home/airflow/.local/lib/python3.7/site-packages/airflow/example_dags/example_local_kubernetes_executor.py for tasks to queue
[2025-02-01T03:07:33.723+0000] {logging_mixin.py:137} INFO - [2025-02-01T03:07:33.723+0000] {dagbag.py:538} INFO - Filling up the DagBag from /home/airflow/.local/lib/python3.7/site-packages/airflow/example_dags/example_local_kubernetes_executor.py
[2025-02-01T03:07:33.814+0000] {processor.py:753} INFO - DAG(s) dict_keys(['example_local_kubernetes_executor']) retrieved from /home/airflow/.local/lib/python3.7/site-packages/airflow/example_dags/example_local_kubernetes_executor.py
[2025-02-01T03:07:33.978+0000] {logging_mixin.py:137} INFO - [2025-02-01T03:07:33.977+0000] {dag.py:2690} INFO - Sync 1 DAGs
[2025-02-01T03:07:34.120+0000] {logging_mixin.py:137} INFO - [2025-02-01T03:07:34.120+0000] {dag.py:3441} INFO - Setting next_dagrun for example_local_kubernetes_executor to None, run_after=None
[2025-02-01T03:07:34.205+0000] {processor.py:175} INFO - Processing /home/airflow/.local/lib/python3.7/site-packages/airflow/example_dags/example_local_kubernetes_executor.py took 0.531 seconds
[2025-02-01T03:08:04.550+0000] {processor.py:153} INFO - Started process (PID=3078) to work on /home/airflow/.local/lib/python3.7/site-packages/airflow/example_dags/example_local_kubernetes_executor.py
[2025-02-01T03:08:04.556+0000] {processor.py:743} INFO - Processing file /home/airflow/.local/lib/python3.7/site-packages/airflow/example_dags/example_local_kubernetes_executor.py for tasks to queue
[2025-02-01T03:08:04.558+0000] {logging_mixin.py:137} INFO - [2025-02-01T03:08:04.558+0000] {dagbag.py:538} INFO - Filling up the DagBag from /home/airflow/.local/lib/python3.7/site-packages/airflow/example_dags/example_local_kubernetes_executor.py
[2025-02-01T03:08:04.736+0000] {processor.py:753} INFO - DAG(s) dict_keys(['example_local_kubernetes_executor']) retrieved from /home/airflow/.local/lib/python3.7/site-packages/airflow/example_dags/example_local_kubernetes_executor.py
[2025-02-01T03:08:04.992+0000] {logging_mixin.py:137} INFO - [2025-02-01T03:08:04.992+0000] {dag.py:2690} INFO - Sync 1 DAGs
[2025-02-01T03:08:05.186+0000] {logging_mixin.py:137} INFO - [2025-02-01T03:08:05.182+0000] {dag.py:3441} INFO - Setting next_dagrun for example_local_kubernetes_executor to None, run_after=None
[2025-02-01T03:08:05.318+0000] {processor.py:175} INFO - Processing /home/airflow/.local/lib/python3.7/site-packages/airflow/example_dags/example_local_kubernetes_executor.py took 0.787 seconds
[2025-02-01T03:08:36.183+0000] {processor.py:153} INFO - Started process (PID=3135) to work on /home/airflow/.local/lib/python3.7/site-packages/airflow/example_dags/example_local_kubernetes_executor.py
[2025-02-01T03:08:36.185+0000] {processor.py:743} INFO - Processing file /home/airflow/.local/lib/python3.7/site-packages/airflow/example_dags/example_local_kubernetes_executor.py for tasks to queue
[2025-02-01T03:08:36.196+0000] {logging_mixin.py:137} INFO - [2025-02-01T03:08:36.196+0000] {dagbag.py:538} INFO - Filling up the DagBag from /home/airflow/.local/lib/python3.7/site-packages/airflow/example_dags/example_local_kubernetes_executor.py
[2025-02-01T03:08:36.429+0000] {processor.py:753} INFO - DAG(s) dict_keys(['example_local_kubernetes_executor']) retrieved from /home/airflow/.local/lib/python3.7/site-packages/airflow/example_dags/example_local_kubernetes_executor.py
[2025-02-01T03:08:36.624+0000] {logging_mixin.py:137} INFO - [2025-02-01T03:08:36.623+0000] {dag.py:2690} INFO - Sync 1 DAGs
[2025-02-01T03:08:36.861+0000] {logging_mixin.py:137} INFO - [2025-02-01T03:08:36.861+0000] {dag.py:3441} INFO - Setting next_dagrun for example_local_kubernetes_executor to None, run_after=None
[2025-02-01T03:08:37.037+0000] {processor.py:175} INFO - Processing /home/airflow/.local/lib/python3.7/site-packages/airflow/example_dags/example_local_kubernetes_executor.py took 0.878 seconds
[2025-02-01T03:09:07.596+0000] {processor.py:153} INFO - Started process (PID=3194) to work on /home/airflow/.local/lib/python3.7/site-packages/airflow/example_dags/example_local_kubernetes_executor.py
[2025-02-01T03:09:07.599+0000] {processor.py:743} INFO - Processing file /home/airflow/.local/lib/python3.7/site-packages/airflow/example_dags/example_local_kubernetes_executor.py for tasks to queue
[2025-02-01T03:09:07.603+0000] {logging_mixin.py:137} INFO - [2025-02-01T03:09:07.601+0000] {dagbag.py:538} INFO - Filling up the DagBag from /home/airflow/.local/lib/python3.7/site-packages/airflow/example_dags/example_local_kubernetes_executor.py
[2025-02-01T03:09:07.720+0000] {processor.py:753} INFO - DAG(s) dict_keys(['example_local_kubernetes_executor']) retrieved from /home/airflow/.local/lib/python3.7/site-packages/airflow/example_dags/example_local_kubernetes_executor.py
[2025-02-01T03:09:07.947+0000] {logging_mixin.py:137} INFO - [2025-02-01T03:09:07.946+0000] {dag.py:2690} INFO - Sync 1 DAGs
[2025-02-01T03:09:08.126+0000] {logging_mixin.py:137} INFO - [2025-02-01T03:09:08.126+0000] {dag.py:3441} INFO - Setting next_dagrun for example_local_kubernetes_executor to None, run_after=None
[2025-02-01T03:09:08.255+0000] {processor.py:175} INFO - Processing /home/airflow/.local/lib/python3.7/site-packages/airflow/example_dags/example_local_kubernetes_executor.py took 0.669 seconds
[2025-02-01T03:09:38.567+0000] {processor.py:153} INFO - Started process (PID=3254) to work on /home/airflow/.local/lib/python3.7/site-packages/airflow/example_dags/example_local_kubernetes_executor.py
[2025-02-01T03:09:38.569+0000] {processor.py:743} INFO - Processing file /home/airflow/.local/lib/python3.7/site-packages/airflow/example_dags/example_local_kubernetes_executor.py for tasks to queue
[2025-02-01T03:09:38.570+0000] {logging_mixin.py:137} INFO - [2025-02-01T03:09:38.570+0000] {dagbag.py:538} INFO - Filling up the DagBag from /home/airflow/.local/lib/python3.7/site-packages/airflow/example_dags/example_local_kubernetes_executor.py
[2025-02-01T03:09:38.626+0000] {processor.py:753} INFO - DAG(s) dict_keys(['example_local_kubernetes_executor']) retrieved from /home/airflow/.local/lib/python3.7/site-packages/airflow/example_dags/example_local_kubernetes_executor.py
[2025-02-01T03:09:38.696+0000] {logging_mixin.py:137} INFO - [2025-02-01T03:09:38.696+0000] {dag.py:2690} INFO - Sync 1 DAGs
[2025-02-01T03:09:38.762+0000] {logging_mixin.py:137} INFO - [2025-02-01T03:09:38.762+0000] {dag.py:3441} INFO - Setting next_dagrun for example_local_kubernetes_executor to None, run_after=None
[2025-02-01T03:09:38.813+0000] {processor.py:175} INFO - Processing /home/airflow/.local/lib/python3.7/site-packages/airflow/example_dags/example_local_kubernetes_executor.py took 0.255 seconds
