[2025-02-01T02:40:35.914+0000] {processor.py:153} INFO - Started process (PID=105) to work on /home/airflow/.local/lib/python3.7/site-packages/airflow/example_dags/example_sensor_decorator.py
[2025-02-01T02:40:35.915+0000] {processor.py:743} INFO - Processing file /home/airflow/.local/lib/python3.7/site-packages/airflow/example_dags/example_sensor_decorator.py for tasks to queue
[2025-02-01T02:40:35.922+0000] {logging_mixin.py:137} INFO - [2025-02-01T02:40:35.918+0000] {dagbag.py:538} INFO - Filling up the DagBag from /home/airflow/.local/lib/python3.7/site-packages/airflow/example_dags/example_sensor_decorator.py
[2025-02-01T02:40:36.014+0000] {processor.py:753} INFO - DAG(s) dict_keys(['example_sensor_decorator']) retrieved from /home/airflow/.local/lib/python3.7/site-packages/airflow/example_dags/example_sensor_decorator.py
[2025-02-01T02:40:36.091+0000] {logging_mixin.py:137} INFO - [2025-02-01T02:40:36.091+0000] {dag.py:2690} INFO - Sync 1 DAGs
[2025-02-01T02:40:36.154+0000] {logging_mixin.py:137} INFO - [2025-02-01T02:40:36.154+0000] {dag.py:3441} INFO - Setting next_dagrun for example_sensor_decorator to None, run_after=None
[2025-02-01T02:40:36.210+0000] {processor.py:175} INFO - Processing /home/airflow/.local/lib/python3.7/site-packages/airflow/example_dags/example_sensor_decorator.py took 0.315 seconds
[2025-02-01T02:41:10.447+0000] {processor.py:153} INFO - Started process (PID=162) to work on /home/airflow/.local/lib/python3.7/site-packages/airflow/example_dags/example_sensor_decorator.py
[2025-02-01T02:41:10.451+0000] {processor.py:743} INFO - Processing file /home/airflow/.local/lib/python3.7/site-packages/airflow/example_dags/example_sensor_decorator.py for tasks to queue
[2025-02-01T02:41:10.455+0000] {logging_mixin.py:137} INFO - [2025-02-01T02:41:10.453+0000] {dagbag.py:538} INFO - Filling up the DagBag from /home/airflow/.local/lib/python3.7/site-packages/airflow/example_dags/example_sensor_decorator.py
[2025-02-01T02:41:10.577+0000] {processor.py:753} INFO - DAG(s) dict_keys(['example_sensor_decorator']) retrieved from /home/airflow/.local/lib/python3.7/site-packages/airflow/example_dags/example_sensor_decorator.py
[2025-02-01T02:41:10.689+0000] {logging_mixin.py:137} INFO - [2025-02-01T02:41:10.689+0000] {dag.py:2690} INFO - Sync 1 DAGs
[2025-02-01T02:41:10.823+0000] {logging_mixin.py:137} INFO - [2025-02-01T02:41:10.823+0000] {dag.py:3441} INFO - Setting next_dagrun for example_sensor_decorator to None, run_after=None
[2025-02-01T02:41:10.902+0000] {processor.py:175} INFO - Processing /home/airflow/.local/lib/python3.7/site-packages/airflow/example_dags/example_sensor_decorator.py took 0.472 seconds
[2025-02-01T02:41:42.107+0000] {processor.py:153} INFO - Started process (PID=219) to work on /home/airflow/.local/lib/python3.7/site-packages/airflow/example_dags/example_sensor_decorator.py
[2025-02-01T02:41:42.112+0000] {processor.py:743} INFO - Processing file /home/airflow/.local/lib/python3.7/site-packages/airflow/example_dags/example_sensor_decorator.py for tasks to queue
[2025-02-01T02:41:42.118+0000] {logging_mixin.py:137} INFO - [2025-02-01T02:41:42.114+0000] {dagbag.py:538} INFO - Filling up the DagBag from /home/airflow/.local/lib/python3.7/site-packages/airflow/example_dags/example_sensor_decorator.py
[2025-02-01T02:41:42.287+0000] {processor.py:753} INFO - DAG(s) dict_keys(['example_sensor_decorator']) retrieved from /home/airflow/.local/lib/python3.7/site-packages/airflow/example_dags/example_sensor_decorator.py
[2025-02-01T02:41:42.452+0000] {logging_mixin.py:137} INFO - [2025-02-01T02:41:42.451+0000] {dag.py:2690} INFO - Sync 1 DAGs
[2025-02-01T02:41:42.698+0000] {logging_mixin.py:137} INFO - [2025-02-01T02:41:42.698+0000] {dag.py:3441} INFO - Setting next_dagrun for example_sensor_decorator to None, run_after=None
[2025-02-01T02:41:42.824+0000] {processor.py:175} INFO - Processing /home/airflow/.local/lib/python3.7/site-packages/airflow/example_dags/example_sensor_decorator.py took 0.745 seconds
[2025-02-01T02:42:13.079+0000] {processor.py:153} INFO - Started process (PID=271) to work on /home/airflow/.local/lib/python3.7/site-packages/airflow/example_dags/example_sensor_decorator.py
[2025-02-01T02:42:13.081+0000] {processor.py:743} INFO - Processing file /home/airflow/.local/lib/python3.7/site-packages/airflow/example_dags/example_sensor_decorator.py for tasks to queue
[2025-02-01T02:42:13.082+0000] {logging_mixin.py:137} INFO - [2025-02-01T02:42:13.082+0000] {dagbag.py:538} INFO - Filling up the DagBag from /home/airflow/.local/lib/python3.7/site-packages/airflow/example_dags/example_sensor_decorator.py
[2025-02-01T02:42:13.136+0000] {processor.py:753} INFO - DAG(s) dict_keys(['example_sensor_decorator']) retrieved from /home/airflow/.local/lib/python3.7/site-packages/airflow/example_dags/example_sensor_decorator.py
[2025-02-01T02:42:13.198+0000] {logging_mixin.py:137} INFO - [2025-02-01T02:42:13.198+0000] {dag.py:2690} INFO - Sync 1 DAGs
[2025-02-01T02:42:13.279+0000] {logging_mixin.py:137} INFO - [2025-02-01T02:42:13.279+0000] {dag.py:3441} INFO - Setting next_dagrun for example_sensor_decorator to None, run_after=None
[2025-02-01T02:42:13.335+0000] {processor.py:175} INFO - Processing /home/airflow/.local/lib/python3.7/site-packages/airflow/example_dags/example_sensor_decorator.py took 0.264 seconds
[2025-02-01T02:42:43.788+0000] {processor.py:153} INFO - Started process (PID=331) to work on /home/airflow/.local/lib/python3.7/site-packages/airflow/example_dags/example_sensor_decorator.py
[2025-02-01T02:42:43.790+0000] {processor.py:743} INFO - Processing file /home/airflow/.local/lib/python3.7/site-packages/airflow/example_dags/example_sensor_decorator.py for tasks to queue
[2025-02-01T02:42:43.791+0000] {logging_mixin.py:137} INFO - [2025-02-01T02:42:43.791+0000] {dagbag.py:538} INFO - Filling up the DagBag from /home/airflow/.local/lib/python3.7/site-packages/airflow/example_dags/example_sensor_decorator.py
[2025-02-01T02:42:43.886+0000] {processor.py:753} INFO - DAG(s) dict_keys(['example_sensor_decorator']) retrieved from /home/airflow/.local/lib/python3.7/site-packages/airflow/example_dags/example_sensor_decorator.py
[2025-02-01T02:42:43.976+0000] {logging_mixin.py:137} INFO - [2025-02-01T02:42:43.976+0000] {dag.py:2690} INFO - Sync 1 DAGs
[2025-02-01T02:42:44.164+0000] {logging_mixin.py:137} INFO - [2025-02-01T02:42:44.164+0000] {dag.py:3441} INFO - Setting next_dagrun for example_sensor_decorator to None, run_after=None
[2025-02-01T02:42:44.297+0000] {processor.py:175} INFO - Processing /home/airflow/.local/lib/python3.7/site-packages/airflow/example_dags/example_sensor_decorator.py took 0.515 seconds
[2025-02-01T02:43:15.333+0000] {processor.py:153} INFO - Started process (PID=390) to work on /home/airflow/.local/lib/python3.7/site-packages/airflow/example_dags/example_sensor_decorator.py
[2025-02-01T02:43:15.338+0000] {processor.py:743} INFO - Processing file /home/airflow/.local/lib/python3.7/site-packages/airflow/example_dags/example_sensor_decorator.py for tasks to queue
[2025-02-01T02:43:15.345+0000] {logging_mixin.py:137} INFO - [2025-02-01T02:43:15.340+0000] {dagbag.py:538} INFO - Filling up the DagBag from /home/airflow/.local/lib/python3.7/site-packages/airflow/example_dags/example_sensor_decorator.py
[2025-02-01T02:43:15.500+0000] {processor.py:753} INFO - DAG(s) dict_keys(['example_sensor_decorator']) retrieved from /home/airflow/.local/lib/python3.7/site-packages/airflow/example_dags/example_sensor_decorator.py
[2025-02-01T02:43:15.627+0000] {logging_mixin.py:137} INFO - [2025-02-01T02:43:15.627+0000] {dag.py:2690} INFO - Sync 1 DAGs
[2025-02-01T02:43:15.803+0000] {logging_mixin.py:137} INFO - [2025-02-01T02:43:15.803+0000] {dag.py:3441} INFO - Setting next_dagrun for example_sensor_decorator to None, run_after=None
[2025-02-01T02:43:15.936+0000] {processor.py:175} INFO - Processing /home/airflow/.local/lib/python3.7/site-packages/airflow/example_dags/example_sensor_decorator.py took 0.633 seconds
[2025-02-01T02:43:46.262+0000] {processor.py:153} INFO - Started process (PID=448) to work on /home/airflow/.local/lib/python3.7/site-packages/airflow/example_dags/example_sensor_decorator.py
[2025-02-01T02:43:46.268+0000] {processor.py:743} INFO - Processing file /home/airflow/.local/lib/python3.7/site-packages/airflow/example_dags/example_sensor_decorator.py for tasks to queue
[2025-02-01T02:43:46.276+0000] {logging_mixin.py:137} INFO - [2025-02-01T02:43:46.275+0000] {dagbag.py:538} INFO - Filling up the DagBag from /home/airflow/.local/lib/python3.7/site-packages/airflow/example_dags/example_sensor_decorator.py
[2025-02-01T02:43:46.401+0000] {processor.py:753} INFO - DAG(s) dict_keys(['example_sensor_decorator']) retrieved from /home/airflow/.local/lib/python3.7/site-packages/airflow/example_dags/example_sensor_decorator.py
[2025-02-01T02:43:46.535+0000] {logging_mixin.py:137} INFO - [2025-02-01T02:43:46.535+0000] {dag.py:2690} INFO - Sync 1 DAGs
[2025-02-01T02:43:46.671+0000] {logging_mixin.py:137} INFO - [2025-02-01T02:43:46.669+0000] {dag.py:3441} INFO - Setting next_dagrun for example_sensor_decorator to None, run_after=None
[2025-02-01T02:43:46.763+0000] {processor.py:175} INFO - Processing /home/airflow/.local/lib/python3.7/site-packages/airflow/example_dags/example_sensor_decorator.py took 0.527 seconds
[2025-02-01T02:44:17.180+0000] {processor.py:153} INFO - Started process (PID=498) to work on /home/airflow/.local/lib/python3.7/site-packages/airflow/example_dags/example_sensor_decorator.py
[2025-02-01T02:44:17.182+0000] {processor.py:743} INFO - Processing file /home/airflow/.local/lib/python3.7/site-packages/airflow/example_dags/example_sensor_decorator.py for tasks to queue
[2025-02-01T02:44:17.184+0000] {logging_mixin.py:137} INFO - [2025-02-01T02:44:17.183+0000] {dagbag.py:538} INFO - Filling up the DagBag from /home/airflow/.local/lib/python3.7/site-packages/airflow/example_dags/example_sensor_decorator.py
[2025-02-01T02:44:17.236+0000] {processor.py:753} INFO - DAG(s) dict_keys(['example_sensor_decorator']) retrieved from /home/airflow/.local/lib/python3.7/site-packages/airflow/example_dags/example_sensor_decorator.py
[2025-02-01T02:44:17.293+0000] {logging_mixin.py:137} INFO - [2025-02-01T02:44:17.293+0000] {dag.py:2690} INFO - Sync 1 DAGs
[2025-02-01T02:44:17.359+0000] {logging_mixin.py:137} INFO - [2025-02-01T02:44:17.358+0000] {dag.py:3441} INFO - Setting next_dagrun for example_sensor_decorator to None, run_after=None
[2025-02-01T02:44:17.414+0000] {processor.py:175} INFO - Processing /home/airflow/.local/lib/python3.7/site-packages/airflow/example_dags/example_sensor_decorator.py took 0.242 seconds
[2025-02-01T02:44:48.004+0000] {processor.py:153} INFO - Started process (PID=554) to work on /home/airflow/.local/lib/python3.7/site-packages/airflow/example_dags/example_sensor_decorator.py
[2025-02-01T02:44:48.008+0000] {processor.py:743} INFO - Processing file /home/airflow/.local/lib/python3.7/site-packages/airflow/example_dags/example_sensor_decorator.py for tasks to queue
[2025-02-01T02:44:48.011+0000] {logging_mixin.py:137} INFO - [2025-02-01T02:44:48.011+0000] {dagbag.py:538} INFO - Filling up the DagBag from /home/airflow/.local/lib/python3.7/site-packages/airflow/example_dags/example_sensor_decorator.py
[2025-02-01T02:44:48.122+0000] {processor.py:753} INFO - DAG(s) dict_keys(['example_sensor_decorator']) retrieved from /home/airflow/.local/lib/python3.7/site-packages/airflow/example_dags/example_sensor_decorator.py
[2025-02-01T02:44:48.191+0000] {logging_mixin.py:137} INFO - [2025-02-01T02:44:48.190+0000] {dag.py:2690} INFO - Sync 1 DAGs
[2025-02-01T02:44:48.309+0000] {logging_mixin.py:137} INFO - [2025-02-01T02:44:48.309+0000] {dag.py:3441} INFO - Setting next_dagrun for example_sensor_decorator to None, run_after=None
[2025-02-01T02:44:48.354+0000] {processor.py:175} INFO - Processing /home/airflow/.local/lib/python3.7/site-packages/airflow/example_dags/example_sensor_decorator.py took 0.374 seconds
[2025-02-01T02:45:19.334+0000] {processor.py:153} INFO - Started process (PID=612) to work on /home/airflow/.local/lib/python3.7/site-packages/airflow/example_dags/example_sensor_decorator.py
[2025-02-01T02:45:19.337+0000] {processor.py:743} INFO - Processing file /home/airflow/.local/lib/python3.7/site-packages/airflow/example_dags/example_sensor_decorator.py for tasks to queue
[2025-02-01T02:45:19.343+0000] {logging_mixin.py:137} INFO - [2025-02-01T02:45:19.342+0000] {dagbag.py:538} INFO - Filling up the DagBag from /home/airflow/.local/lib/python3.7/site-packages/airflow/example_dags/example_sensor_decorator.py
[2025-02-01T02:45:19.477+0000] {processor.py:753} INFO - DAG(s) dict_keys(['example_sensor_decorator']) retrieved from /home/airflow/.local/lib/python3.7/site-packages/airflow/example_dags/example_sensor_decorator.py
[2025-02-01T02:45:19.587+0000] {logging_mixin.py:137} INFO - [2025-02-01T02:45:19.587+0000] {dag.py:2690} INFO - Sync 1 DAGs
[2025-02-01T02:45:19.722+0000] {logging_mixin.py:137} INFO - [2025-02-01T02:45:19.722+0000] {dag.py:3441} INFO - Setting next_dagrun for example_sensor_decorator to None, run_after=None
[2025-02-01T02:45:19.870+0000] {processor.py:175} INFO - Processing /home/airflow/.local/lib/python3.7/site-packages/airflow/example_dags/example_sensor_decorator.py took 0.550 seconds
[2025-02-01T02:45:50.351+0000] {processor.py:153} INFO - Started process (PID=664) to work on /home/airflow/.local/lib/python3.7/site-packages/airflow/example_dags/example_sensor_decorator.py
[2025-02-01T02:45:50.353+0000] {processor.py:743} INFO - Processing file /home/airflow/.local/lib/python3.7/site-packages/airflow/example_dags/example_sensor_decorator.py for tasks to queue
[2025-02-01T02:45:50.361+0000] {logging_mixin.py:137} INFO - [2025-02-01T02:45:50.358+0000] {dagbag.py:538} INFO - Filling up the DagBag from /home/airflow/.local/lib/python3.7/site-packages/airflow/example_dags/example_sensor_decorator.py
[2025-02-01T02:45:50.558+0000] {processor.py:753} INFO - DAG(s) dict_keys(['example_sensor_decorator']) retrieved from /home/airflow/.local/lib/python3.7/site-packages/airflow/example_dags/example_sensor_decorator.py
[2025-02-01T02:45:50.836+0000] {logging_mixin.py:137} INFO - [2025-02-01T02:45:50.836+0000] {dag.py:2690} INFO - Sync 1 DAGs
[2025-02-01T02:45:51.006+0000] {logging_mixin.py:137} INFO - [2025-02-01T02:45:51.006+0000] {dag.py:3441} INFO - Setting next_dagrun for example_sensor_decorator to None, run_after=None
[2025-02-01T02:45:51.093+0000] {processor.py:175} INFO - Processing /home/airflow/.local/lib/python3.7/site-packages/airflow/example_dags/example_sensor_decorator.py took 0.760 seconds
[2025-02-01T02:46:21.608+0000] {processor.py:153} INFO - Started process (PID=722) to work on /home/airflow/.local/lib/python3.7/site-packages/airflow/example_dags/example_sensor_decorator.py
[2025-02-01T02:46:21.614+0000] {processor.py:743} INFO - Processing file /home/airflow/.local/lib/python3.7/site-packages/airflow/example_dags/example_sensor_decorator.py for tasks to queue
[2025-02-01T02:46:21.620+0000] {logging_mixin.py:137} INFO - [2025-02-01T02:46:21.616+0000] {dagbag.py:538} INFO - Filling up the DagBag from /home/airflow/.local/lib/python3.7/site-packages/airflow/example_dags/example_sensor_decorator.py
[2025-02-01T02:46:21.812+0000] {processor.py:753} INFO - DAG(s) dict_keys(['example_sensor_decorator']) retrieved from /home/airflow/.local/lib/python3.7/site-packages/airflow/example_dags/example_sensor_decorator.py
[2025-02-01T02:46:22.012+0000] {logging_mixin.py:137} INFO - [2025-02-01T02:46:22.012+0000] {dag.py:2690} INFO - Sync 1 DAGs
[2025-02-01T02:46:22.287+0000] {logging_mixin.py:137} INFO - [2025-02-01T02:46:22.287+0000] {dag.py:3441} INFO - Setting next_dagrun for example_sensor_decorator to None, run_after=None
[2025-02-01T02:46:22.446+0000] {processor.py:175} INFO - Processing /home/airflow/.local/lib/python3.7/site-packages/airflow/example_dags/example_sensor_decorator.py took 0.858 seconds
[2025-02-01T02:46:52.709+0000] {processor.py:153} INFO - Started process (PID=781) to work on /home/airflow/.local/lib/python3.7/site-packages/airflow/example_dags/example_sensor_decorator.py
[2025-02-01T02:46:52.711+0000] {processor.py:743} INFO - Processing file /home/airflow/.local/lib/python3.7/site-packages/airflow/example_dags/example_sensor_decorator.py for tasks to queue
[2025-02-01T02:46:52.712+0000] {logging_mixin.py:137} INFO - [2025-02-01T02:46:52.712+0000] {dagbag.py:538} INFO - Filling up the DagBag from /home/airflow/.local/lib/python3.7/site-packages/airflow/example_dags/example_sensor_decorator.py
[2025-02-01T02:46:52.766+0000] {processor.py:753} INFO - DAG(s) dict_keys(['example_sensor_decorator']) retrieved from /home/airflow/.local/lib/python3.7/site-packages/airflow/example_dags/example_sensor_decorator.py
[2025-02-01T02:46:52.824+0000] {logging_mixin.py:137} INFO - [2025-02-01T02:46:52.824+0000] {dag.py:2690} INFO - Sync 1 DAGs
[2025-02-01T02:46:52.933+0000] {logging_mixin.py:137} INFO - [2025-02-01T02:46:52.933+0000] {dag.py:3441} INFO - Setting next_dagrun for example_sensor_decorator to None, run_after=None
[2025-02-01T02:46:53.011+0000] {processor.py:175} INFO - Processing /home/airflow/.local/lib/python3.7/site-packages/airflow/example_dags/example_sensor_decorator.py took 0.310 seconds
[2025-02-01T02:47:23.233+0000] {processor.py:153} INFO - Started process (PID=840) to work on /home/airflow/.local/lib/python3.7/site-packages/airflow/example_dags/example_sensor_decorator.py
[2025-02-01T02:47:23.235+0000] {processor.py:743} INFO - Processing file /home/airflow/.local/lib/python3.7/site-packages/airflow/example_dags/example_sensor_decorator.py for tasks to queue
[2025-02-01T02:47:23.239+0000] {logging_mixin.py:137} INFO - [2025-02-01T02:47:23.239+0000] {dagbag.py:538} INFO - Filling up the DagBag from /home/airflow/.local/lib/python3.7/site-packages/airflow/example_dags/example_sensor_decorator.py
[2025-02-01T02:47:23.332+0000] {processor.py:753} INFO - DAG(s) dict_keys(['example_sensor_decorator']) retrieved from /home/airflow/.local/lib/python3.7/site-packages/airflow/example_dags/example_sensor_decorator.py
[2025-02-01T02:47:23.389+0000] {logging_mixin.py:137} INFO - [2025-02-01T02:47:23.389+0000] {dag.py:2690} INFO - Sync 1 DAGs
[2025-02-01T02:47:23.453+0000] {logging_mixin.py:137} INFO - [2025-02-01T02:47:23.453+0000] {dag.py:3441} INFO - Setting next_dagrun for example_sensor_decorator to None, run_after=None
[2025-02-01T02:47:23.500+0000] {processor.py:175} INFO - Processing /home/airflow/.local/lib/python3.7/site-packages/airflow/example_dags/example_sensor_decorator.py took 0.282 seconds
[2025-02-01T02:47:54.012+0000] {processor.py:153} INFO - Started process (PID=899) to work on /home/airflow/.local/lib/python3.7/site-packages/airflow/example_dags/example_sensor_decorator.py
[2025-02-01T02:47:54.015+0000] {processor.py:743} INFO - Processing file /home/airflow/.local/lib/python3.7/site-packages/airflow/example_dags/example_sensor_decorator.py for tasks to queue
[2025-02-01T02:47:54.019+0000] {logging_mixin.py:137} INFO - [2025-02-01T02:47:54.017+0000] {dagbag.py:538} INFO - Filling up the DagBag from /home/airflow/.local/lib/python3.7/site-packages/airflow/example_dags/example_sensor_decorator.py
[2025-02-01T02:47:54.134+0000] {processor.py:753} INFO - DAG(s) dict_keys(['example_sensor_decorator']) retrieved from /home/airflow/.local/lib/python3.7/site-packages/airflow/example_dags/example_sensor_decorator.py
[2025-02-01T02:47:54.235+0000] {logging_mixin.py:137} INFO - [2025-02-01T02:47:54.234+0000] {dag.py:2690} INFO - Sync 1 DAGs
[2025-02-01T02:47:54.353+0000] {logging_mixin.py:137} INFO - [2025-02-01T02:47:54.353+0000] {dag.py:3441} INFO - Setting next_dagrun for example_sensor_decorator to None, run_after=None
[2025-02-01T02:47:54.432+0000] {processor.py:175} INFO - Processing /home/airflow/.local/lib/python3.7/site-packages/airflow/example_dags/example_sensor_decorator.py took 0.428 seconds
[2025-02-01T02:48:24.853+0000] {processor.py:153} INFO - Started process (PID=957) to work on /home/airflow/.local/lib/python3.7/site-packages/airflow/example_dags/example_sensor_decorator.py
[2025-02-01T02:48:24.857+0000] {processor.py:743} INFO - Processing file /home/airflow/.local/lib/python3.7/site-packages/airflow/example_dags/example_sensor_decorator.py for tasks to queue
[2025-02-01T02:48:24.861+0000] {logging_mixin.py:137} INFO - [2025-02-01T02:48:24.860+0000] {dagbag.py:538} INFO - Filling up the DagBag from /home/airflow/.local/lib/python3.7/site-packages/airflow/example_dags/example_sensor_decorator.py
[2025-02-01T02:48:24.974+0000] {processor.py:753} INFO - DAG(s) dict_keys(['example_sensor_decorator']) retrieved from /home/airflow/.local/lib/python3.7/site-packages/airflow/example_dags/example_sensor_decorator.py
[2025-02-01T02:48:25.135+0000] {logging_mixin.py:137} INFO - [2025-02-01T02:48:25.134+0000] {dag.py:2690} INFO - Sync 1 DAGs
[2025-02-01T02:48:25.359+0000] {logging_mixin.py:137} INFO - [2025-02-01T02:48:25.359+0000] {dag.py:3441} INFO - Setting next_dagrun for example_sensor_decorator to None, run_after=None
[2025-02-01T02:48:25.497+0000] {processor.py:175} INFO - Processing /home/airflow/.local/lib/python3.7/site-packages/airflow/example_dags/example_sensor_decorator.py took 0.657 seconds
[2025-02-01T02:48:56.054+0000] {processor.py:153} INFO - Started process (PID=1008) to work on /home/airflow/.local/lib/python3.7/site-packages/airflow/example_dags/example_sensor_decorator.py
[2025-02-01T02:48:56.065+0000] {processor.py:743} INFO - Processing file /home/airflow/.local/lib/python3.7/site-packages/airflow/example_dags/example_sensor_decorator.py for tasks to queue
[2025-02-01T02:48:56.068+0000] {logging_mixin.py:137} INFO - [2025-02-01T02:48:56.068+0000] {dagbag.py:538} INFO - Filling up the DagBag from /home/airflow/.local/lib/python3.7/site-packages/airflow/example_dags/example_sensor_decorator.py
[2025-02-01T02:48:56.232+0000] {processor.py:753} INFO - DAG(s) dict_keys(['example_sensor_decorator']) retrieved from /home/airflow/.local/lib/python3.7/site-packages/airflow/example_dags/example_sensor_decorator.py
[2025-02-01T02:48:56.323+0000] {logging_mixin.py:137} INFO - [2025-02-01T02:48:56.323+0000] {dag.py:2690} INFO - Sync 1 DAGs
[2025-02-01T02:48:56.451+0000] {logging_mixin.py:137} INFO - [2025-02-01T02:48:56.451+0000] {dag.py:3441} INFO - Setting next_dagrun for example_sensor_decorator to None, run_after=None
[2025-02-01T02:48:56.542+0000] {processor.py:175} INFO - Processing /home/airflow/.local/lib/python3.7/site-packages/airflow/example_dags/example_sensor_decorator.py took 0.516 seconds
[2025-02-01T02:49:27.390+0000] {processor.py:153} INFO - Started process (PID=1067) to work on /home/airflow/.local/lib/python3.7/site-packages/airflow/example_dags/example_sensor_decorator.py
[2025-02-01T02:49:27.393+0000] {processor.py:743} INFO - Processing file /home/airflow/.local/lib/python3.7/site-packages/airflow/example_dags/example_sensor_decorator.py for tasks to queue
[2025-02-01T02:49:27.395+0000] {logging_mixin.py:137} INFO - [2025-02-01T02:49:27.394+0000] {dagbag.py:538} INFO - Filling up the DagBag from /home/airflow/.local/lib/python3.7/site-packages/airflow/example_dags/example_sensor_decorator.py
[2025-02-01T02:49:27.526+0000] {processor.py:753} INFO - DAG(s) dict_keys(['example_sensor_decorator']) retrieved from /home/airflow/.local/lib/python3.7/site-packages/airflow/example_dags/example_sensor_decorator.py
[2025-02-01T02:49:27.675+0000] {logging_mixin.py:137} INFO - [2025-02-01T02:49:27.674+0000] {dag.py:2690} INFO - Sync 1 DAGs
[2025-02-01T02:49:27.827+0000] {logging_mixin.py:137} INFO - [2025-02-01T02:49:27.827+0000] {dag.py:3441} INFO - Setting next_dagrun for example_sensor_decorator to None, run_after=None
[2025-02-01T02:49:27.920+0000] {processor.py:175} INFO - Processing /home/airflow/.local/lib/python3.7/site-packages/airflow/example_dags/example_sensor_decorator.py took 0.546 seconds
[2025-02-01T02:49:58.269+0000] {processor.py:153} INFO - Started process (PID=1125) to work on /home/airflow/.local/lib/python3.7/site-packages/airflow/example_dags/example_sensor_decorator.py
[2025-02-01T02:49:58.271+0000] {processor.py:743} INFO - Processing file /home/airflow/.local/lib/python3.7/site-packages/airflow/example_dags/example_sensor_decorator.py for tasks to queue
[2025-02-01T02:49:58.275+0000] {logging_mixin.py:137} INFO - [2025-02-01T02:49:58.273+0000] {dagbag.py:538} INFO - Filling up the DagBag from /home/airflow/.local/lib/python3.7/site-packages/airflow/example_dags/example_sensor_decorator.py
[2025-02-01T02:49:58.332+0000] {processor.py:753} INFO - DAG(s) dict_keys(['example_sensor_decorator']) retrieved from /home/airflow/.local/lib/python3.7/site-packages/airflow/example_dags/example_sensor_decorator.py
[2025-02-01T02:49:58.391+0000] {logging_mixin.py:137} INFO - [2025-02-01T02:49:58.391+0000] {dag.py:2690} INFO - Sync 1 DAGs
[2025-02-01T02:49:58.474+0000] {logging_mixin.py:137} INFO - [2025-02-01T02:49:58.474+0000] {dag.py:3441} INFO - Setting next_dagrun for example_sensor_decorator to None, run_after=None
[2025-02-01T02:49:58.556+0000] {processor.py:175} INFO - Processing /home/airflow/.local/lib/python3.7/site-packages/airflow/example_dags/example_sensor_decorator.py took 0.302 seconds
[2025-02-01T02:50:29.562+0000] {processor.py:153} INFO - Started process (PID=1184) to work on /home/airflow/.local/lib/python3.7/site-packages/airflow/example_dags/example_sensor_decorator.py
[2025-02-01T02:50:29.564+0000] {processor.py:743} INFO - Processing file /home/airflow/.local/lib/python3.7/site-packages/airflow/example_dags/example_sensor_decorator.py for tasks to queue
[2025-02-01T02:50:29.566+0000] {logging_mixin.py:137} INFO - [2025-02-01T02:50:29.565+0000] {dagbag.py:538} INFO - Filling up the DagBag from /home/airflow/.local/lib/python3.7/site-packages/airflow/example_dags/example_sensor_decorator.py
[2025-02-01T02:50:29.716+0000] {processor.py:753} INFO - DAG(s) dict_keys(['example_sensor_decorator']) retrieved from /home/airflow/.local/lib/python3.7/site-packages/airflow/example_dags/example_sensor_decorator.py
[2025-02-01T02:50:29.830+0000] {logging_mixin.py:137} INFO - [2025-02-01T02:50:29.829+0000] {dag.py:2690} INFO - Sync 1 DAGs
[2025-02-01T02:50:29.965+0000] {logging_mixin.py:137} INFO - [2025-02-01T02:50:29.965+0000] {dag.py:3441} INFO - Setting next_dagrun for example_sensor_decorator to None, run_after=None
[2025-02-01T02:50:30.054+0000] {processor.py:175} INFO - Processing /home/airflow/.local/lib/python3.7/site-packages/airflow/example_dags/example_sensor_decorator.py took 0.516 seconds
[2025-02-01T02:51:00.154+0000] {processor.py:153} INFO - Started process (PID=1233) to work on /home/airflow/.local/lib/python3.7/site-packages/airflow/example_dags/example_sensor_decorator.py
[2025-02-01T02:51:00.155+0000] {processor.py:743} INFO - Processing file /home/airflow/.local/lib/python3.7/site-packages/airflow/example_dags/example_sensor_decorator.py for tasks to queue
[2025-02-01T02:51:00.157+0000] {logging_mixin.py:137} INFO - [2025-02-01T02:51:00.156+0000] {dagbag.py:538} INFO - Filling up the DagBag from /home/airflow/.local/lib/python3.7/site-packages/airflow/example_dags/example_sensor_decorator.py
[2025-02-01T02:51:00.208+0000] {processor.py:753} INFO - DAG(s) dict_keys(['example_sensor_decorator']) retrieved from /home/airflow/.local/lib/python3.7/site-packages/airflow/example_dags/example_sensor_decorator.py
[2025-02-01T02:51:00.261+0000] {logging_mixin.py:137} INFO - [2025-02-01T02:51:00.260+0000] {dag.py:2690} INFO - Sync 1 DAGs
[2025-02-01T02:51:00.325+0000] {logging_mixin.py:137} INFO - [2025-02-01T02:51:00.325+0000] {dag.py:3441} INFO - Setting next_dagrun for example_sensor_decorator to None, run_after=None
[2025-02-01T02:51:00.380+0000] {processor.py:175} INFO - Processing /home/airflow/.local/lib/python3.7/site-packages/airflow/example_dags/example_sensor_decorator.py took 0.233 seconds
[2025-02-01T02:51:30.837+0000] {processor.py:153} INFO - Started process (PID=1291) to work on /home/airflow/.local/lib/python3.7/site-packages/airflow/example_dags/example_sensor_decorator.py
[2025-02-01T02:51:30.840+0000] {processor.py:743} INFO - Processing file /home/airflow/.local/lib/python3.7/site-packages/airflow/example_dags/example_sensor_decorator.py for tasks to queue
[2025-02-01T02:51:30.843+0000] {logging_mixin.py:137} INFO - [2025-02-01T02:51:30.843+0000] {dagbag.py:538} INFO - Filling up the DagBag from /home/airflow/.local/lib/python3.7/site-packages/airflow/example_dags/example_sensor_decorator.py
[2025-02-01T02:51:30.945+0000] {processor.py:753} INFO - DAG(s) dict_keys(['example_sensor_decorator']) retrieved from /home/airflow/.local/lib/python3.7/site-packages/airflow/example_dags/example_sensor_decorator.py
[2025-02-01T02:51:30.999+0000] {logging_mixin.py:137} INFO - [2025-02-01T02:51:30.999+0000] {dag.py:2690} INFO - Sync 1 DAGs
[2025-02-01T02:51:31.068+0000] {logging_mixin.py:137} INFO - [2025-02-01T02:51:31.068+0000] {dag.py:3441} INFO - Setting next_dagrun for example_sensor_decorator to None, run_after=None
[2025-02-01T02:51:31.114+0000] {processor.py:175} INFO - Processing /home/airflow/.local/lib/python3.7/site-packages/airflow/example_dags/example_sensor_decorator.py took 0.292 seconds
[2025-02-01T02:52:02.206+0000] {processor.py:153} INFO - Started process (PID=1349) to work on /home/airflow/.local/lib/python3.7/site-packages/airflow/example_dags/example_sensor_decorator.py
[2025-02-01T02:52:02.207+0000] {processor.py:743} INFO - Processing file /home/airflow/.local/lib/python3.7/site-packages/airflow/example_dags/example_sensor_decorator.py for tasks to queue
[2025-02-01T02:52:02.208+0000] {logging_mixin.py:137} INFO - [2025-02-01T02:52:02.208+0000] {dagbag.py:538} INFO - Filling up the DagBag from /home/airflow/.local/lib/python3.7/site-packages/airflow/example_dags/example_sensor_decorator.py
[2025-02-01T02:52:02.261+0000] {processor.py:753} INFO - DAG(s) dict_keys(['example_sensor_decorator']) retrieved from /home/airflow/.local/lib/python3.7/site-packages/airflow/example_dags/example_sensor_decorator.py
[2025-02-01T02:52:02.317+0000] {logging_mixin.py:137} INFO - [2025-02-01T02:52:02.317+0000] {dag.py:2690} INFO - Sync 1 DAGs
[2025-02-01T02:52:02.382+0000] {logging_mixin.py:137} INFO - [2025-02-01T02:52:02.382+0000] {dag.py:3441} INFO - Setting next_dagrun for example_sensor_decorator to None, run_after=None
[2025-02-01T02:52:02.428+0000] {processor.py:175} INFO - Processing /home/airflow/.local/lib/python3.7/site-packages/airflow/example_dags/example_sensor_decorator.py took 0.230 seconds
[2025-02-01T02:52:32.869+0000] {processor.py:153} INFO - Started process (PID=1407) to work on /home/airflow/.local/lib/python3.7/site-packages/airflow/example_dags/example_sensor_decorator.py
[2025-02-01T02:52:32.874+0000] {processor.py:743} INFO - Processing file /home/airflow/.local/lib/python3.7/site-packages/airflow/example_dags/example_sensor_decorator.py for tasks to queue
[2025-02-01T02:52:32.877+0000] {logging_mixin.py:137} INFO - [2025-02-01T02:52:32.875+0000] {dagbag.py:538} INFO - Filling up the DagBag from /home/airflow/.local/lib/python3.7/site-packages/airflow/example_dags/example_sensor_decorator.py
[2025-02-01T02:52:32.960+0000] {processor.py:753} INFO - DAG(s) dict_keys(['example_sensor_decorator']) retrieved from /home/airflow/.local/lib/python3.7/site-packages/airflow/example_dags/example_sensor_decorator.py
[2025-02-01T02:52:33.012+0000] {logging_mixin.py:137} INFO - [2025-02-01T02:52:33.011+0000] {dag.py:2690} INFO - Sync 1 DAGs
[2025-02-01T02:52:33.075+0000] {logging_mixin.py:137} INFO - [2025-02-01T02:52:33.074+0000] {dag.py:3441} INFO - Setting next_dagrun for example_sensor_decorator to None, run_after=None
[2025-02-01T02:52:33.120+0000] {processor.py:175} INFO - Processing /home/airflow/.local/lib/python3.7/site-packages/airflow/example_dags/example_sensor_decorator.py took 0.264 seconds
[2025-02-01T02:53:05.322+0000] {processor.py:153} INFO - Started process (PID=1466) to work on /home/airflow/.local/lib/python3.7/site-packages/airflow/example_dags/example_sensor_decorator.py
[2025-02-01T02:53:05.329+0000] {processor.py:743} INFO - Processing file /home/airflow/.local/lib/python3.7/site-packages/airflow/example_dags/example_sensor_decorator.py for tasks to queue
[2025-02-01T02:53:05.334+0000] {logging_mixin.py:137} INFO - [2025-02-01T02:53:05.334+0000] {dagbag.py:538} INFO - Filling up the DagBag from /home/airflow/.local/lib/python3.7/site-packages/airflow/example_dags/example_sensor_decorator.py
[2025-02-01T02:53:05.487+0000] {processor.py:753} INFO - DAG(s) dict_keys(['example_sensor_decorator']) retrieved from /home/airflow/.local/lib/python3.7/site-packages/airflow/example_dags/example_sensor_decorator.py
[2025-02-01T02:53:05.591+0000] {logging_mixin.py:137} INFO - [2025-02-01T02:53:05.590+0000] {dag.py:2690} INFO - Sync 1 DAGs
[2025-02-01T02:53:05.732+0000] {logging_mixin.py:137} INFO - [2025-02-01T02:53:05.732+0000] {dag.py:3441} INFO - Setting next_dagrun for example_sensor_decorator to None, run_after=None
[2025-02-01T02:53:05.816+0000] {processor.py:175} INFO - Processing /home/airflow/.local/lib/python3.7/site-packages/airflow/example_dags/example_sensor_decorator.py took 0.533 seconds
[2025-02-01T02:53:36.640+0000] {processor.py:153} INFO - Started process (PID=1516) to work on /home/airflow/.local/lib/python3.7/site-packages/airflow/example_dags/example_sensor_decorator.py
[2025-02-01T02:53:36.669+0000] {processor.py:743} INFO - Processing file /home/airflow/.local/lib/python3.7/site-packages/airflow/example_dags/example_sensor_decorator.py for tasks to queue
[2025-02-01T02:53:36.680+0000] {logging_mixin.py:137} INFO - [2025-02-01T02:53:36.680+0000] {dagbag.py:538} INFO - Filling up the DagBag from /home/airflow/.local/lib/python3.7/site-packages/airflow/example_dags/example_sensor_decorator.py
[2025-02-01T02:53:36.994+0000] {processor.py:753} INFO - DAG(s) dict_keys(['example_sensor_decorator']) retrieved from /home/airflow/.local/lib/python3.7/site-packages/airflow/example_dags/example_sensor_decorator.py
[2025-02-01T02:53:37.366+0000] {logging_mixin.py:137} INFO - [2025-02-01T02:53:37.366+0000] {dag.py:2690} INFO - Sync 1 DAGs
[2025-02-01T02:53:37.696+0000] {logging_mixin.py:137} INFO - [2025-02-01T02:53:37.694+0000] {dag.py:3441} INFO - Setting next_dagrun for example_sensor_decorator to None, run_after=None
[2025-02-01T02:53:37.879+0000] {processor.py:175} INFO - Processing /home/airflow/.local/lib/python3.7/site-packages/airflow/example_dags/example_sensor_decorator.py took 1.275 seconds
[2025-02-01T02:54:08.525+0000] {processor.py:153} INFO - Started process (PID=1575) to work on /home/airflow/.local/lib/python3.7/site-packages/airflow/example_dags/example_sensor_decorator.py
[2025-02-01T02:54:08.529+0000] {processor.py:743} INFO - Processing file /home/airflow/.local/lib/python3.7/site-packages/airflow/example_dags/example_sensor_decorator.py for tasks to queue
[2025-02-01T02:54:08.530+0000] {logging_mixin.py:137} INFO - [2025-02-01T02:54:08.530+0000] {dagbag.py:538} INFO - Filling up the DagBag from /home/airflow/.local/lib/python3.7/site-packages/airflow/example_dags/example_sensor_decorator.py
[2025-02-01T02:54:08.675+0000] {processor.py:753} INFO - DAG(s) dict_keys(['example_sensor_decorator']) retrieved from /home/airflow/.local/lib/python3.7/site-packages/airflow/example_dags/example_sensor_decorator.py
[2025-02-01T02:54:08.972+0000] {logging_mixin.py:137} INFO - [2025-02-01T02:54:08.972+0000] {dag.py:2690} INFO - Sync 1 DAGs
[2025-02-01T02:54:09.235+0000] {logging_mixin.py:137} INFO - [2025-02-01T02:54:09.235+0000] {dag.py:3441} INFO - Setting next_dagrun for example_sensor_decorator to None, run_after=None
[2025-02-01T02:54:09.362+0000] {processor.py:175} INFO - Processing /home/airflow/.local/lib/python3.7/site-packages/airflow/example_dags/example_sensor_decorator.py took 0.856 seconds
[2025-02-01T02:54:39.901+0000] {processor.py:153} INFO - Started process (PID=1635) to work on /home/airflow/.local/lib/python3.7/site-packages/airflow/example_dags/example_sensor_decorator.py
[2025-02-01T02:54:39.903+0000] {processor.py:743} INFO - Processing file /home/airflow/.local/lib/python3.7/site-packages/airflow/example_dags/example_sensor_decorator.py for tasks to queue
[2025-02-01T02:54:39.904+0000] {logging_mixin.py:137} INFO - [2025-02-01T02:54:39.904+0000] {dagbag.py:538} INFO - Filling up the DagBag from /home/airflow/.local/lib/python3.7/site-packages/airflow/example_dags/example_sensor_decorator.py
[2025-02-01T02:54:39.957+0000] {processor.py:753} INFO - DAG(s) dict_keys(['example_sensor_decorator']) retrieved from /home/airflow/.local/lib/python3.7/site-packages/airflow/example_dags/example_sensor_decorator.py
[2025-02-01T02:54:40.051+0000] {logging_mixin.py:137} INFO - [2025-02-01T02:54:40.051+0000] {dag.py:2690} INFO - Sync 1 DAGs
[2025-02-01T02:54:40.116+0000] {logging_mixin.py:137} INFO - [2025-02-01T02:54:40.116+0000] {dag.py:3441} INFO - Setting next_dagrun for example_sensor_decorator to None, run_after=None
[2025-02-01T02:54:40.161+0000] {processor.py:175} INFO - Processing /home/airflow/.local/lib/python3.7/site-packages/airflow/example_dags/example_sensor_decorator.py took 0.269 seconds
[2025-02-01T02:55:10.454+0000] {processor.py:153} INFO - Started process (PID=1694) to work on /home/airflow/.local/lib/python3.7/site-packages/airflow/example_dags/example_sensor_decorator.py
[2025-02-01T02:55:10.457+0000] {processor.py:743} INFO - Processing file /home/airflow/.local/lib/python3.7/site-packages/airflow/example_dags/example_sensor_decorator.py for tasks to queue
[2025-02-01T02:55:10.461+0000] {logging_mixin.py:137} INFO - [2025-02-01T02:55:10.459+0000] {dagbag.py:538} INFO - Filling up the DagBag from /home/airflow/.local/lib/python3.7/site-packages/airflow/example_dags/example_sensor_decorator.py
[2025-02-01T02:55:10.529+0000] {processor.py:753} INFO - DAG(s) dict_keys(['example_sensor_decorator']) retrieved from /home/airflow/.local/lib/python3.7/site-packages/airflow/example_dags/example_sensor_decorator.py
[2025-02-01T02:55:10.587+0000] {logging_mixin.py:137} INFO - [2025-02-01T02:55:10.587+0000] {dag.py:2690} INFO - Sync 1 DAGs
[2025-02-01T02:55:10.663+0000] {logging_mixin.py:137} INFO - [2025-02-01T02:55:10.663+0000] {dag.py:3441} INFO - Setting next_dagrun for example_sensor_decorator to None, run_after=None
[2025-02-01T02:55:10.745+0000] {processor.py:175} INFO - Processing /home/airflow/.local/lib/python3.7/site-packages/airflow/example_dags/example_sensor_decorator.py took 0.307 seconds
[2025-02-01T02:55:41.651+0000] {processor.py:153} INFO - Started process (PID=1753) to work on /home/airflow/.local/lib/python3.7/site-packages/airflow/example_dags/example_sensor_decorator.py
[2025-02-01T02:55:41.655+0000] {processor.py:743} INFO - Processing file /home/airflow/.local/lib/python3.7/site-packages/airflow/example_dags/example_sensor_decorator.py for tasks to queue
[2025-02-01T02:55:41.657+0000] {logging_mixin.py:137} INFO - [2025-02-01T02:55:41.656+0000] {dagbag.py:538} INFO - Filling up the DagBag from /home/airflow/.local/lib/python3.7/site-packages/airflow/example_dags/example_sensor_decorator.py
[2025-02-01T02:55:41.711+0000] {processor.py:753} INFO - DAG(s) dict_keys(['example_sensor_decorator']) retrieved from /home/airflow/.local/lib/python3.7/site-packages/airflow/example_dags/example_sensor_decorator.py
[2025-02-01T02:55:41.810+0000] {logging_mixin.py:137} INFO - [2025-02-01T02:55:41.810+0000] {dag.py:2690} INFO - Sync 1 DAGs
[2025-02-01T02:55:41.964+0000] {logging_mixin.py:137} INFO - [2025-02-01T02:55:41.964+0000] {dag.py:3441} INFO - Setting next_dagrun for example_sensor_decorator to None, run_after=None
[2025-02-01T02:55:42.012+0000] {processor.py:175} INFO - Processing /home/airflow/.local/lib/python3.7/site-packages/airflow/example_dags/example_sensor_decorator.py took 0.377 seconds
[2025-02-01T02:56:12.620+0000] {processor.py:153} INFO - Started process (PID=1811) to work on /home/airflow/.local/lib/python3.7/site-packages/airflow/example_dags/example_sensor_decorator.py
[2025-02-01T02:56:12.626+0000] {processor.py:743} INFO - Processing file /home/airflow/.local/lib/python3.7/site-packages/airflow/example_dags/example_sensor_decorator.py for tasks to queue
[2025-02-01T02:56:12.627+0000] {logging_mixin.py:137} INFO - [2025-02-01T02:56:12.627+0000] {dagbag.py:538} INFO - Filling up the DagBag from /home/airflow/.local/lib/python3.7/site-packages/airflow/example_dags/example_sensor_decorator.py
[2025-02-01T02:56:12.683+0000] {processor.py:753} INFO - DAG(s) dict_keys(['example_sensor_decorator']) retrieved from /home/airflow/.local/lib/python3.7/site-packages/airflow/example_dags/example_sensor_decorator.py
[2025-02-01T02:56:12.779+0000] {logging_mixin.py:137} INFO - [2025-02-01T02:56:12.777+0000] {dag.py:2690} INFO - Sync 1 DAGs
[2025-02-01T02:56:12.897+0000] {logging_mixin.py:137} INFO - [2025-02-01T02:56:12.897+0000] {dag.py:3441} INFO - Setting next_dagrun for example_sensor_decorator to None, run_after=None
[2025-02-01T02:56:12.994+0000] {processor.py:175} INFO - Processing /home/airflow/.local/lib/python3.7/site-packages/airflow/example_dags/example_sensor_decorator.py took 0.393 seconds
[2025-02-01T02:56:43.270+0000] {processor.py:153} INFO - Started process (PID=1861) to work on /home/airflow/.local/lib/python3.7/site-packages/airflow/example_dags/example_sensor_decorator.py
[2025-02-01T02:56:43.272+0000] {processor.py:743} INFO - Processing file /home/airflow/.local/lib/python3.7/site-packages/airflow/example_dags/example_sensor_decorator.py for tasks to queue
[2025-02-01T02:56:43.274+0000] {logging_mixin.py:137} INFO - [2025-02-01T02:56:43.273+0000] {dagbag.py:538} INFO - Filling up the DagBag from /home/airflow/.local/lib/python3.7/site-packages/airflow/example_dags/example_sensor_decorator.py
[2025-02-01T02:56:43.331+0000] {processor.py:753} INFO - DAG(s) dict_keys(['example_sensor_decorator']) retrieved from /home/airflow/.local/lib/python3.7/site-packages/airflow/example_dags/example_sensor_decorator.py
[2025-02-01T02:56:43.387+0000] {logging_mixin.py:137} INFO - [2025-02-01T02:56:43.387+0000] {dag.py:2690} INFO - Sync 1 DAGs
[2025-02-01T02:56:43.448+0000] {logging_mixin.py:137} INFO - [2025-02-01T02:56:43.448+0000] {dag.py:3441} INFO - Setting next_dagrun for example_sensor_decorator to None, run_after=None
[2025-02-01T02:56:43.495+0000] {processor.py:175} INFO - Processing /home/airflow/.local/lib/python3.7/site-packages/airflow/example_dags/example_sensor_decorator.py took 0.233 seconds
[2025-02-01T02:57:14.032+0000] {processor.py:153} INFO - Started process (PID=1920) to work on /home/airflow/.local/lib/python3.7/site-packages/airflow/example_dags/example_sensor_decorator.py
[2025-02-01T02:57:14.038+0000] {processor.py:743} INFO - Processing file /home/airflow/.local/lib/python3.7/site-packages/airflow/example_dags/example_sensor_decorator.py for tasks to queue
[2025-02-01T02:57:14.044+0000] {logging_mixin.py:137} INFO - [2025-02-01T02:57:14.039+0000] {dagbag.py:538} INFO - Filling up the DagBag from /home/airflow/.local/lib/python3.7/site-packages/airflow/example_dags/example_sensor_decorator.py
[2025-02-01T02:57:14.242+0000] {processor.py:753} INFO - DAG(s) dict_keys(['example_sensor_decorator']) retrieved from /home/airflow/.local/lib/python3.7/site-packages/airflow/example_dags/example_sensor_decorator.py
[2025-02-01T02:57:14.409+0000] {logging_mixin.py:137} INFO - [2025-02-01T02:57:14.409+0000] {dag.py:2690} INFO - Sync 1 DAGs
[2025-02-01T02:57:14.627+0000] {logging_mixin.py:137} INFO - [2025-02-01T02:57:14.626+0000] {dag.py:3441} INFO - Setting next_dagrun for example_sensor_decorator to None, run_after=None
[2025-02-01T02:57:14.698+0000] {processor.py:175} INFO - Processing /home/airflow/.local/lib/python3.7/site-packages/airflow/example_dags/example_sensor_decorator.py took 0.685 seconds
[2025-02-01T02:57:45.067+0000] {processor.py:153} INFO - Started process (PID=1978) to work on /home/airflow/.local/lib/python3.7/site-packages/airflow/example_dags/example_sensor_decorator.py
[2025-02-01T02:57:45.075+0000] {processor.py:743} INFO - Processing file /home/airflow/.local/lib/python3.7/site-packages/airflow/example_dags/example_sensor_decorator.py for tasks to queue
[2025-02-01T02:57:45.080+0000] {logging_mixin.py:137} INFO - [2025-02-01T02:57:45.080+0000] {dagbag.py:538} INFO - Filling up the DagBag from /home/airflow/.local/lib/python3.7/site-packages/airflow/example_dags/example_sensor_decorator.py
[2025-02-01T02:57:45.385+0000] {processor.py:753} INFO - DAG(s) dict_keys(['example_sensor_decorator']) retrieved from /home/airflow/.local/lib/python3.7/site-packages/airflow/example_dags/example_sensor_decorator.py
[2025-02-01T02:57:45.649+0000] {logging_mixin.py:137} INFO - [2025-02-01T02:57:45.647+0000] {dag.py:2690} INFO - Sync 1 DAGs
[2025-02-01T02:57:46.018+0000] {logging_mixin.py:137} INFO - [2025-02-01T02:57:46.018+0000] {dag.py:3441} INFO - Setting next_dagrun for example_sensor_decorator to None, run_after=None
[2025-02-01T02:57:46.289+0000] {processor.py:175} INFO - Processing /home/airflow/.local/lib/python3.7/site-packages/airflow/example_dags/example_sensor_decorator.py took 1.266 seconds
[2025-02-01T02:58:16.884+0000] {processor.py:153} INFO - Started process (PID=2028) to work on /home/airflow/.local/lib/python3.7/site-packages/airflow/example_dags/example_sensor_decorator.py
[2025-02-01T02:58:16.886+0000] {processor.py:743} INFO - Processing file /home/airflow/.local/lib/python3.7/site-packages/airflow/example_dags/example_sensor_decorator.py for tasks to queue
[2025-02-01T02:58:16.888+0000] {logging_mixin.py:137} INFO - [2025-02-01T02:58:16.887+0000] {dagbag.py:538} INFO - Filling up the DagBag from /home/airflow/.local/lib/python3.7/site-packages/airflow/example_dags/example_sensor_decorator.py
[2025-02-01T02:58:16.942+0000] {processor.py:753} INFO - DAG(s) dict_keys(['example_sensor_decorator']) retrieved from /home/airflow/.local/lib/python3.7/site-packages/airflow/example_dags/example_sensor_decorator.py
[2025-02-01T02:58:16.995+0000] {logging_mixin.py:137} INFO - [2025-02-01T02:58:16.994+0000] {dag.py:2690} INFO - Sync 1 DAGs
[2025-02-01T02:58:17.058+0000] {logging_mixin.py:137} INFO - [2025-02-01T02:58:17.058+0000] {dag.py:3441} INFO - Setting next_dagrun for example_sensor_decorator to None, run_after=None
[2025-02-01T02:58:17.105+0000] {processor.py:175} INFO - Processing /home/airflow/.local/lib/python3.7/site-packages/airflow/example_dags/example_sensor_decorator.py took 0.235 seconds
[2025-02-01T02:58:47.386+0000] {processor.py:153} INFO - Started process (PID=2086) to work on /home/airflow/.local/lib/python3.7/site-packages/airflow/example_dags/example_sensor_decorator.py
[2025-02-01T02:58:47.388+0000] {processor.py:743} INFO - Processing file /home/airflow/.local/lib/python3.7/site-packages/airflow/example_dags/example_sensor_decorator.py for tasks to queue
[2025-02-01T02:58:47.391+0000] {logging_mixin.py:137} INFO - [2025-02-01T02:58:47.391+0000] {dagbag.py:538} INFO - Filling up the DagBag from /home/airflow/.local/lib/python3.7/site-packages/airflow/example_dags/example_sensor_decorator.py
[2025-02-01T02:58:47.503+0000] {processor.py:753} INFO - DAG(s) dict_keys(['example_sensor_decorator']) retrieved from /home/airflow/.local/lib/python3.7/site-packages/airflow/example_dags/example_sensor_decorator.py
[2025-02-01T02:58:47.636+0000] {logging_mixin.py:137} INFO - [2025-02-01T02:58:47.636+0000] {dag.py:2690} INFO - Sync 1 DAGs
[2025-02-01T02:58:47.722+0000] {logging_mixin.py:137} INFO - [2025-02-01T02:58:47.722+0000] {dag.py:3441} INFO - Setting next_dagrun for example_sensor_decorator to None, run_after=None
[2025-02-01T02:58:47.767+0000] {processor.py:175} INFO - Processing /home/airflow/.local/lib/python3.7/site-packages/airflow/example_dags/example_sensor_decorator.py took 0.397 seconds
[2025-02-01T02:59:19.177+0000] {processor.py:153} INFO - Started process (PID=2142) to work on /home/airflow/.local/lib/python3.7/site-packages/airflow/example_dags/example_sensor_decorator.py
[2025-02-01T02:59:19.188+0000] {processor.py:743} INFO - Processing file /home/airflow/.local/lib/python3.7/site-packages/airflow/example_dags/example_sensor_decorator.py for tasks to queue
[2025-02-01T02:59:19.199+0000] {logging_mixin.py:137} INFO - [2025-02-01T02:59:19.198+0000] {dagbag.py:538} INFO - Filling up the DagBag from /home/airflow/.local/lib/python3.7/site-packages/airflow/example_dags/example_sensor_decorator.py
[2025-02-01T02:59:19.509+0000] {processor.py:753} INFO - DAG(s) dict_keys(['example_sensor_decorator']) retrieved from /home/airflow/.local/lib/python3.7/site-packages/airflow/example_dags/example_sensor_decorator.py
[2025-02-01T02:59:19.852+0000] {logging_mixin.py:137} INFO - [2025-02-01T02:59:19.851+0000] {dag.py:2690} INFO - Sync 1 DAGs
[2025-02-01T02:59:20.060+0000] {logging_mixin.py:137} INFO - [2025-02-01T02:59:20.059+0000] {dag.py:3441} INFO - Setting next_dagrun for example_sensor_decorator to None, run_after=None
[2025-02-01T02:59:20.178+0000] {processor.py:175} INFO - Processing /home/airflow/.local/lib/python3.7/site-packages/airflow/example_dags/example_sensor_decorator.py took 1.027 seconds
[2025-02-01T02:59:50.302+0000] {processor.py:153} INFO - Started process (PID=2194) to work on /home/airflow/.local/lib/python3.7/site-packages/airflow/example_dags/example_sensor_decorator.py
[2025-02-01T02:59:50.309+0000] {processor.py:743} INFO - Processing file /home/airflow/.local/lib/python3.7/site-packages/airflow/example_dags/example_sensor_decorator.py for tasks to queue
[2025-02-01T02:59:50.311+0000] {logging_mixin.py:137} INFO - [2025-02-01T02:59:50.311+0000] {dagbag.py:538} INFO - Filling up the DagBag from /home/airflow/.local/lib/python3.7/site-packages/airflow/example_dags/example_sensor_decorator.py
[2025-02-01T02:59:50.488+0000] {processor.py:753} INFO - DAG(s) dict_keys(['example_sensor_decorator']) retrieved from /home/airflow/.local/lib/python3.7/site-packages/airflow/example_dags/example_sensor_decorator.py
[2025-02-01T02:59:50.681+0000] {logging_mixin.py:137} INFO - [2025-02-01T02:59:50.679+0000] {dag.py:2690} INFO - Sync 1 DAGs
[2025-02-01T02:59:50.876+0000] {logging_mixin.py:137} INFO - [2025-02-01T02:59:50.874+0000] {dag.py:3441} INFO - Setting next_dagrun for example_sensor_decorator to None, run_after=None
[2025-02-01T02:59:50.967+0000] {processor.py:175} INFO - Processing /home/airflow/.local/lib/python3.7/site-packages/airflow/example_dags/example_sensor_decorator.py took 0.686 seconds
[2025-02-01T03:00:23.512+0000] {processor.py:153} INFO - Started process (PID=2254) to work on /home/airflow/.local/lib/python3.7/site-packages/airflow/example_dags/example_sensor_decorator.py
[2025-02-01T03:00:23.524+0000] {processor.py:743} INFO - Processing file /home/airflow/.local/lib/python3.7/site-packages/airflow/example_dags/example_sensor_decorator.py for tasks to queue
[2025-02-01T03:00:23.540+0000] {logging_mixin.py:137} INFO - [2025-02-01T03:00:23.533+0000] {dagbag.py:538} INFO - Filling up the DagBag from /home/airflow/.local/lib/python3.7/site-packages/airflow/example_dags/example_sensor_decorator.py
[2025-02-01T03:00:23.791+0000] {processor.py:753} INFO - DAG(s) dict_keys(['example_sensor_decorator']) retrieved from /home/airflow/.local/lib/python3.7/site-packages/airflow/example_dags/example_sensor_decorator.py
[2025-02-01T03:00:23.990+0000] {logging_mixin.py:137} INFO - [2025-02-01T03:00:23.986+0000] {dag.py:2690} INFO - Sync 1 DAGs
[2025-02-01T03:00:24.233+0000] {logging_mixin.py:137} INFO - [2025-02-01T03:00:24.233+0000] {dag.py:3441} INFO - Setting next_dagrun for example_sensor_decorator to None, run_after=None
[2025-02-01T03:00:24.405+0000] {processor.py:175} INFO - Processing /home/airflow/.local/lib/python3.7/site-packages/airflow/example_dags/example_sensor_decorator.py took 0.959 seconds
[2025-02-01T03:00:54.903+0000] {processor.py:153} INFO - Started process (PID=2313) to work on /home/airflow/.local/lib/python3.7/site-packages/airflow/example_dags/example_sensor_decorator.py
[2025-02-01T03:00:54.911+0000] {processor.py:743} INFO - Processing file /home/airflow/.local/lib/python3.7/site-packages/airflow/example_dags/example_sensor_decorator.py for tasks to queue
[2025-02-01T03:00:54.921+0000] {logging_mixin.py:137} INFO - [2025-02-01T03:00:54.920+0000] {dagbag.py:538} INFO - Filling up the DagBag from /home/airflow/.local/lib/python3.7/site-packages/airflow/example_dags/example_sensor_decorator.py
[2025-02-01T03:00:55.082+0000] {processor.py:753} INFO - DAG(s) dict_keys(['example_sensor_decorator']) retrieved from /home/airflow/.local/lib/python3.7/site-packages/airflow/example_dags/example_sensor_decorator.py
[2025-02-01T03:00:55.173+0000] {logging_mixin.py:137} INFO - [2025-02-01T03:00:55.173+0000] {dag.py:2690} INFO - Sync 1 DAGs
[2025-02-01T03:00:55.236+0000] {logging_mixin.py:137} INFO - [2025-02-01T03:00:55.236+0000] {dag.py:3441} INFO - Setting next_dagrun for example_sensor_decorator to None, run_after=None
[2025-02-01T03:00:55.319+0000] {processor.py:175} INFO - Processing /home/airflow/.local/lib/python3.7/site-packages/airflow/example_dags/example_sensor_decorator.py took 0.452 seconds
[2025-02-01T03:01:25.946+0000] {processor.py:153} INFO - Started process (PID=2372) to work on /home/airflow/.local/lib/python3.7/site-packages/airflow/example_dags/example_sensor_decorator.py
[2025-02-01T03:01:25.951+0000] {processor.py:743} INFO - Processing file /home/airflow/.local/lib/python3.7/site-packages/airflow/example_dags/example_sensor_decorator.py for tasks to queue
[2025-02-01T03:01:25.953+0000] {logging_mixin.py:137} INFO - [2025-02-01T03:01:25.953+0000] {dagbag.py:538} INFO - Filling up the DagBag from /home/airflow/.local/lib/python3.7/site-packages/airflow/example_dags/example_sensor_decorator.py
[2025-02-01T03:01:26.218+0000] {processor.py:753} INFO - DAG(s) dict_keys(['example_sensor_decorator']) retrieved from /home/airflow/.local/lib/python3.7/site-packages/airflow/example_dags/example_sensor_decorator.py
[2025-02-01T03:01:26.417+0000] {logging_mixin.py:137} INFO - [2025-02-01T03:01:26.417+0000] {dag.py:2690} INFO - Sync 1 DAGs
[2025-02-01T03:01:26.621+0000] {logging_mixin.py:137} INFO - [2025-02-01T03:01:26.621+0000] {dag.py:3441} INFO - Setting next_dagrun for example_sensor_decorator to None, run_after=None
[2025-02-01T03:01:26.770+0000] {processor.py:175} INFO - Processing /home/airflow/.local/lib/python3.7/site-packages/airflow/example_dags/example_sensor_decorator.py took 0.854 seconds
[2025-02-01T03:01:56.930+0000] {processor.py:153} INFO - Started process (PID=2421) to work on /home/airflow/.local/lib/python3.7/site-packages/airflow/example_dags/example_sensor_decorator.py
[2025-02-01T03:01:56.932+0000] {processor.py:743} INFO - Processing file /home/airflow/.local/lib/python3.7/site-packages/airflow/example_dags/example_sensor_decorator.py for tasks to queue
[2025-02-01T03:01:56.933+0000] {logging_mixin.py:137} INFO - [2025-02-01T03:01:56.933+0000] {dagbag.py:538} INFO - Filling up the DagBag from /home/airflow/.local/lib/python3.7/site-packages/airflow/example_dags/example_sensor_decorator.py
[2025-02-01T03:01:56.997+0000] {processor.py:753} INFO - DAG(s) dict_keys(['example_sensor_decorator']) retrieved from /home/airflow/.local/lib/python3.7/site-packages/airflow/example_dags/example_sensor_decorator.py
[2025-02-01T03:01:57.050+0000] {logging_mixin.py:137} INFO - [2025-02-01T03:01:57.050+0000] {dag.py:2690} INFO - Sync 1 DAGs
[2025-02-01T03:01:57.126+0000] {logging_mixin.py:137} INFO - [2025-02-01T03:01:57.126+0000] {dag.py:3441} INFO - Setting next_dagrun for example_sensor_decorator to None, run_after=None
[2025-02-01T03:01:57.196+0000] {processor.py:175} INFO - Processing /home/airflow/.local/lib/python3.7/site-packages/airflow/example_dags/example_sensor_decorator.py took 0.273 seconds
[2025-02-01T03:02:28.025+0000] {processor.py:153} INFO - Started process (PID=2479) to work on /home/airflow/.local/lib/python3.7/site-packages/airflow/example_dags/example_sensor_decorator.py
[2025-02-01T03:02:28.029+0000] {processor.py:743} INFO - Processing file /home/airflow/.local/lib/python3.7/site-packages/airflow/example_dags/example_sensor_decorator.py for tasks to queue
[2025-02-01T03:02:28.035+0000] {logging_mixin.py:137} INFO - [2025-02-01T03:02:28.035+0000] {dagbag.py:538} INFO - Filling up the DagBag from /home/airflow/.local/lib/python3.7/site-packages/airflow/example_dags/example_sensor_decorator.py
[2025-02-01T03:02:28.210+0000] {processor.py:753} INFO - DAG(s) dict_keys(['example_sensor_decorator']) retrieved from /home/airflow/.local/lib/python3.7/site-packages/airflow/example_dags/example_sensor_decorator.py
[2025-02-01T03:02:28.289+0000] {logging_mixin.py:137} INFO - [2025-02-01T03:02:28.289+0000] {dag.py:2690} INFO - Sync 1 DAGs
[2025-02-01T03:02:28.355+0000] {logging_mixin.py:137} INFO - [2025-02-01T03:02:28.355+0000] {dag.py:3441} INFO - Setting next_dagrun for example_sensor_decorator to None, run_after=None
[2025-02-01T03:02:28.402+0000] {processor.py:175} INFO - Processing /home/airflow/.local/lib/python3.7/site-packages/airflow/example_dags/example_sensor_decorator.py took 0.392 seconds
[2025-02-01T03:02:59.273+0000] {processor.py:153} INFO - Started process (PID=2538) to work on /home/airflow/.local/lib/python3.7/site-packages/airflow/example_dags/example_sensor_decorator.py
[2025-02-01T03:02:59.279+0000] {processor.py:743} INFO - Processing file /home/airflow/.local/lib/python3.7/site-packages/airflow/example_dags/example_sensor_decorator.py for tasks to queue
[2025-02-01T03:02:59.281+0000] {logging_mixin.py:137} INFO - [2025-02-01T03:02:59.281+0000] {dagbag.py:538} INFO - Filling up the DagBag from /home/airflow/.local/lib/python3.7/site-packages/airflow/example_dags/example_sensor_decorator.py
[2025-02-01T03:02:59.353+0000] {processor.py:753} INFO - DAG(s) dict_keys(['example_sensor_decorator']) retrieved from /home/airflow/.local/lib/python3.7/site-packages/airflow/example_dags/example_sensor_decorator.py
[2025-02-01T03:02:59.407+0000] {logging_mixin.py:137} INFO - [2025-02-01T03:02:59.406+0000] {dag.py:2690} INFO - Sync 1 DAGs
[2025-02-01T03:02:59.469+0000] {logging_mixin.py:137} INFO - [2025-02-01T03:02:59.469+0000] {dag.py:3441} INFO - Setting next_dagrun for example_sensor_decorator to None, run_after=None
[2025-02-01T03:02:59.515+0000] {processor.py:175} INFO - Processing /home/airflow/.local/lib/python3.7/site-packages/airflow/example_dags/example_sensor_decorator.py took 0.268 seconds
[2025-02-01T03:03:31.569+0000] {processor.py:153} INFO - Started process (PID=2597) to work on /home/airflow/.local/lib/python3.7/site-packages/airflow/example_dags/example_sensor_decorator.py
[2025-02-01T03:03:31.579+0000] {processor.py:743} INFO - Processing file /home/airflow/.local/lib/python3.7/site-packages/airflow/example_dags/example_sensor_decorator.py for tasks to queue
[2025-02-01T03:03:31.589+0000] {logging_mixin.py:137} INFO - [2025-02-01T03:03:31.581+0000] {dagbag.py:538} INFO - Filling up the DagBag from /home/airflow/.local/lib/python3.7/site-packages/airflow/example_dags/example_sensor_decorator.py
[2025-02-01T03:03:31.940+0000] {processor.py:753} INFO - DAG(s) dict_keys(['example_sensor_decorator']) retrieved from /home/airflow/.local/lib/python3.7/site-packages/airflow/example_dags/example_sensor_decorator.py
[2025-02-01T03:03:32.178+0000] {logging_mixin.py:137} INFO - [2025-02-01T03:03:32.177+0000] {dag.py:2690} INFO - Sync 1 DAGs
[2025-02-01T03:03:32.427+0000] {logging_mixin.py:137} INFO - [2025-02-01T03:03:32.423+0000] {dag.py:3441} INFO - Setting next_dagrun for example_sensor_decorator to None, run_after=None
[2025-02-01T03:03:32.608+0000] {processor.py:175} INFO - Processing /home/airflow/.local/lib/python3.7/site-packages/airflow/example_dags/example_sensor_decorator.py took 1.080 seconds
[2025-02-01T03:04:03.180+0000] {processor.py:153} INFO - Started process (PID=2647) to work on /home/airflow/.local/lib/python3.7/site-packages/airflow/example_dags/example_sensor_decorator.py
[2025-02-01T03:04:03.182+0000] {processor.py:743} INFO - Processing file /home/airflow/.local/lib/python3.7/site-packages/airflow/example_dags/example_sensor_decorator.py for tasks to queue
[2025-02-01T03:04:03.184+0000] {logging_mixin.py:137} INFO - [2025-02-01T03:04:03.183+0000] {dagbag.py:538} INFO - Filling up the DagBag from /home/airflow/.local/lib/python3.7/site-packages/airflow/example_dags/example_sensor_decorator.py
[2025-02-01T03:04:03.236+0000] {processor.py:753} INFO - DAG(s) dict_keys(['example_sensor_decorator']) retrieved from /home/airflow/.local/lib/python3.7/site-packages/airflow/example_dags/example_sensor_decorator.py
[2025-02-01T03:04:03.289+0000] {logging_mixin.py:137} INFO - [2025-02-01T03:04:03.288+0000] {dag.py:2690} INFO - Sync 1 DAGs
[2025-02-01T03:04:03.354+0000] {logging_mixin.py:137} INFO - [2025-02-01T03:04:03.353+0000] {dag.py:3441} INFO - Setting next_dagrun for example_sensor_decorator to None, run_after=None
[2025-02-01T03:04:03.405+0000] {processor.py:175} INFO - Processing /home/airflow/.local/lib/python3.7/site-packages/airflow/example_dags/example_sensor_decorator.py took 0.235 seconds
[2025-02-01T03:04:34.272+0000] {processor.py:153} INFO - Started process (PID=2706) to work on /home/airflow/.local/lib/python3.7/site-packages/airflow/example_dags/example_sensor_decorator.py
[2025-02-01T03:04:34.273+0000] {processor.py:743} INFO - Processing file /home/airflow/.local/lib/python3.7/site-packages/airflow/example_dags/example_sensor_decorator.py for tasks to queue
[2025-02-01T03:04:34.279+0000] {logging_mixin.py:137} INFO - [2025-02-01T03:04:34.279+0000] {dagbag.py:538} INFO - Filling up the DagBag from /home/airflow/.local/lib/python3.7/site-packages/airflow/example_dags/example_sensor_decorator.py
[2025-02-01T03:04:34.366+0000] {processor.py:753} INFO - DAG(s) dict_keys(['example_sensor_decorator']) retrieved from /home/airflow/.local/lib/python3.7/site-packages/airflow/example_dags/example_sensor_decorator.py
[2025-02-01T03:04:34.460+0000] {logging_mixin.py:137} INFO - [2025-02-01T03:04:34.459+0000] {dag.py:2690} INFO - Sync 1 DAGs
[2025-02-01T03:04:34.577+0000] {logging_mixin.py:137} INFO - [2025-02-01T03:04:34.577+0000] {dag.py:3441} INFO - Setting next_dagrun for example_sensor_decorator to None, run_after=None
[2025-02-01T03:04:34.642+0000] {processor.py:175} INFO - Processing /home/airflow/.local/lib/python3.7/site-packages/airflow/example_dags/example_sensor_decorator.py took 0.394 seconds
[2025-02-01T03:05:05.317+0000] {processor.py:153} INFO - Started process (PID=2764) to work on /home/airflow/.local/lib/python3.7/site-packages/airflow/example_dags/example_sensor_decorator.py
[2025-02-01T03:05:05.325+0000] {processor.py:743} INFO - Processing file /home/airflow/.local/lib/python3.7/site-packages/airflow/example_dags/example_sensor_decorator.py for tasks to queue
[2025-02-01T03:05:05.329+0000] {logging_mixin.py:137} INFO - [2025-02-01T03:05:05.329+0000] {dagbag.py:538} INFO - Filling up the DagBag from /home/airflow/.local/lib/python3.7/site-packages/airflow/example_dags/example_sensor_decorator.py
[2025-02-01T03:05:05.490+0000] {processor.py:753} INFO - DAG(s) dict_keys(['example_sensor_decorator']) retrieved from /home/airflow/.local/lib/python3.7/site-packages/airflow/example_dags/example_sensor_decorator.py
[2025-02-01T03:05:05.623+0000] {logging_mixin.py:137} INFO - [2025-02-01T03:05:05.622+0000] {dag.py:2690} INFO - Sync 1 DAGs
[2025-02-01T03:05:05.794+0000] {logging_mixin.py:137} INFO - [2025-02-01T03:05:05.794+0000] {dag.py:3441} INFO - Setting next_dagrun for example_sensor_decorator to None, run_after=None
[2025-02-01T03:05:05.968+0000] {processor.py:175} INFO - Processing /home/airflow/.local/lib/python3.7/site-packages/airflow/example_dags/example_sensor_decorator.py took 0.670 seconds
[2025-02-01T03:05:36.654+0000] {processor.py:153} INFO - Started process (PID=2814) to work on /home/airflow/.local/lib/python3.7/site-packages/airflow/example_dags/example_sensor_decorator.py
[2025-02-01T03:05:36.655+0000] {processor.py:743} INFO - Processing file /home/airflow/.local/lib/python3.7/site-packages/airflow/example_dags/example_sensor_decorator.py for tasks to queue
[2025-02-01T03:05:36.661+0000] {logging_mixin.py:137} INFO - [2025-02-01T03:05:36.660+0000] {dagbag.py:538} INFO - Filling up the DagBag from /home/airflow/.local/lib/python3.7/site-packages/airflow/example_dags/example_sensor_decorator.py
[2025-02-01T03:05:36.792+0000] {processor.py:753} INFO - DAG(s) dict_keys(['example_sensor_decorator']) retrieved from /home/airflow/.local/lib/python3.7/site-packages/airflow/example_dags/example_sensor_decorator.py
[2025-02-01T03:05:36.902+0000] {logging_mixin.py:137} INFO - [2025-02-01T03:05:36.902+0000] {dag.py:2690} INFO - Sync 1 DAGs
[2025-02-01T03:05:37.037+0000] {logging_mixin.py:137} INFO - [2025-02-01T03:05:37.037+0000] {dag.py:3441} INFO - Setting next_dagrun for example_sensor_decorator to None, run_after=None
[2025-02-01T03:05:37.134+0000] {processor.py:175} INFO - Processing /home/airflow/.local/lib/python3.7/site-packages/airflow/example_dags/example_sensor_decorator.py took 0.498 seconds
[2025-02-01T03:06:07.673+0000] {processor.py:153} INFO - Started process (PID=2873) to work on /home/airflow/.local/lib/python3.7/site-packages/airflow/example_dags/example_sensor_decorator.py
[2025-02-01T03:06:07.679+0000] {processor.py:743} INFO - Processing file /home/airflow/.local/lib/python3.7/site-packages/airflow/example_dags/example_sensor_decorator.py for tasks to queue
[2025-02-01T03:06:07.683+0000] {logging_mixin.py:137} INFO - [2025-02-01T03:06:07.681+0000] {dagbag.py:538} INFO - Filling up the DagBag from /home/airflow/.local/lib/python3.7/site-packages/airflow/example_dags/example_sensor_decorator.py
[2025-02-01T03:06:07.831+0000] {processor.py:753} INFO - DAG(s) dict_keys(['example_sensor_decorator']) retrieved from /home/airflow/.local/lib/python3.7/site-packages/airflow/example_dags/example_sensor_decorator.py
[2025-02-01T03:06:07.946+0000] {logging_mixin.py:137} INFO - [2025-02-01T03:06:07.946+0000] {dag.py:2690} INFO - Sync 1 DAGs
[2025-02-01T03:06:08.120+0000] {logging_mixin.py:137} INFO - [2025-02-01T03:06:08.120+0000] {dag.py:3441} INFO - Setting next_dagrun for example_sensor_decorator to None, run_after=None
[2025-02-01T03:06:08.240+0000] {processor.py:175} INFO - Processing /home/airflow/.local/lib/python3.7/site-packages/airflow/example_dags/example_sensor_decorator.py took 0.590 seconds
[2025-02-01T03:06:38.829+0000] {processor.py:153} INFO - Started process (PID=2932) to work on /home/airflow/.local/lib/python3.7/site-packages/airflow/example_dags/example_sensor_decorator.py
[2025-02-01T03:06:38.831+0000] {processor.py:743} INFO - Processing file /home/airflow/.local/lib/python3.7/site-packages/airflow/example_dags/example_sensor_decorator.py for tasks to queue
[2025-02-01T03:06:38.832+0000] {logging_mixin.py:137} INFO - [2025-02-01T03:06:38.832+0000] {dagbag.py:538} INFO - Filling up the DagBag from /home/airflow/.local/lib/python3.7/site-packages/airflow/example_dags/example_sensor_decorator.py
[2025-02-01T03:06:38.895+0000] {processor.py:753} INFO - DAG(s) dict_keys(['example_sensor_decorator']) retrieved from /home/airflow/.local/lib/python3.7/site-packages/airflow/example_dags/example_sensor_decorator.py
[2025-02-01T03:06:38.953+0000] {logging_mixin.py:137} INFO - [2025-02-01T03:06:38.953+0000] {dag.py:2690} INFO - Sync 1 DAGs
[2025-02-01T03:06:39.067+0000] {logging_mixin.py:137} INFO - [2025-02-01T03:06:39.067+0000] {dag.py:3441} INFO - Setting next_dagrun for example_sensor_decorator to None, run_after=None
[2025-02-01T03:06:39.145+0000] {processor.py:175} INFO - Processing /home/airflow/.local/lib/python3.7/site-packages/airflow/example_dags/example_sensor_decorator.py took 0.329 seconds
[2025-02-01T03:07:10.071+0000] {processor.py:153} INFO - Started process (PID=2990) to work on /home/airflow/.local/lib/python3.7/site-packages/airflow/example_dags/example_sensor_decorator.py
[2025-02-01T03:07:10.075+0000] {processor.py:743} INFO - Processing file /home/airflow/.local/lib/python3.7/site-packages/airflow/example_dags/example_sensor_decorator.py for tasks to queue
[2025-02-01T03:07:10.077+0000] {logging_mixin.py:137} INFO - [2025-02-01T03:07:10.076+0000] {dagbag.py:538} INFO - Filling up the DagBag from /home/airflow/.local/lib/python3.7/site-packages/airflow/example_dags/example_sensor_decorator.py
[2025-02-01T03:07:10.231+0000] {processor.py:753} INFO - DAG(s) dict_keys(['example_sensor_decorator']) retrieved from /home/airflow/.local/lib/python3.7/site-packages/airflow/example_dags/example_sensor_decorator.py
[2025-02-01T03:07:10.384+0000] {logging_mixin.py:137} INFO - [2025-02-01T03:07:10.383+0000] {dag.py:2690} INFO - Sync 1 DAGs
[2025-02-01T03:07:10.567+0000] {logging_mixin.py:137} INFO - [2025-02-01T03:07:10.567+0000] {dag.py:3441} INFO - Setting next_dagrun for example_sensor_decorator to None, run_after=None
[2025-02-01T03:07:10.691+0000] {processor.py:175} INFO - Processing /home/airflow/.local/lib/python3.7/site-packages/airflow/example_dags/example_sensor_decorator.py took 0.644 seconds
[2025-02-01T03:07:41.064+0000] {processor.py:153} INFO - Started process (PID=3040) to work on /home/airflow/.local/lib/python3.7/site-packages/airflow/example_dags/example_sensor_decorator.py
[2025-02-01T03:07:41.066+0000] {processor.py:743} INFO - Processing file /home/airflow/.local/lib/python3.7/site-packages/airflow/example_dags/example_sensor_decorator.py for tasks to queue
[2025-02-01T03:07:41.068+0000] {logging_mixin.py:137} INFO - [2025-02-01T03:07:41.067+0000] {dagbag.py:538} INFO - Filling up the DagBag from /home/airflow/.local/lib/python3.7/site-packages/airflow/example_dags/example_sensor_decorator.py
[2025-02-01T03:07:41.120+0000] {processor.py:753} INFO - DAG(s) dict_keys(['example_sensor_decorator']) retrieved from /home/airflow/.local/lib/python3.7/site-packages/airflow/example_dags/example_sensor_decorator.py
[2025-02-01T03:07:41.176+0000] {logging_mixin.py:137} INFO - [2025-02-01T03:07:41.176+0000] {dag.py:2690} INFO - Sync 1 DAGs
[2025-02-01T03:07:41.243+0000] {logging_mixin.py:137} INFO - [2025-02-01T03:07:41.243+0000] {dag.py:3441} INFO - Setting next_dagrun for example_sensor_decorator to None, run_after=None
[2025-02-01T03:07:41.292+0000] {processor.py:175} INFO - Processing /home/airflow/.local/lib/python3.7/site-packages/airflow/example_dags/example_sensor_decorator.py took 0.237 seconds
[2025-02-01T03:08:11.574+0000] {processor.py:153} INFO - Started process (PID=3098) to work on /home/airflow/.local/lib/python3.7/site-packages/airflow/example_dags/example_sensor_decorator.py
[2025-02-01T03:08:11.576+0000] {processor.py:743} INFO - Processing file /home/airflow/.local/lib/python3.7/site-packages/airflow/example_dags/example_sensor_decorator.py for tasks to queue
[2025-02-01T03:08:11.578+0000] {logging_mixin.py:137} INFO - [2025-02-01T03:08:11.578+0000] {dagbag.py:538} INFO - Filling up the DagBag from /home/airflow/.local/lib/python3.7/site-packages/airflow/example_dags/example_sensor_decorator.py
[2025-02-01T03:08:11.632+0000] {processor.py:753} INFO - DAG(s) dict_keys(['example_sensor_decorator']) retrieved from /home/airflow/.local/lib/python3.7/site-packages/airflow/example_dags/example_sensor_decorator.py
[2025-02-01T03:08:11.687+0000] {logging_mixin.py:137} INFO - [2025-02-01T03:08:11.687+0000] {dag.py:2690} INFO - Sync 1 DAGs
[2025-02-01T03:08:11.748+0000] {logging_mixin.py:137} INFO - [2025-02-01T03:08:11.748+0000] {dag.py:3441} INFO - Setting next_dagrun for example_sensor_decorator to None, run_after=None
[2025-02-01T03:08:11.793+0000] {processor.py:175} INFO - Processing /home/airflow/.local/lib/python3.7/site-packages/airflow/example_dags/example_sensor_decorator.py took 0.226 seconds
[2025-02-01T03:08:42.298+0000] {processor.py:153} INFO - Started process (PID=3155) to work on /home/airflow/.local/lib/python3.7/site-packages/airflow/example_dags/example_sensor_decorator.py
[2025-02-01T03:08:42.319+0000] {processor.py:743} INFO - Processing file /home/airflow/.local/lib/python3.7/site-packages/airflow/example_dags/example_sensor_decorator.py for tasks to queue
[2025-02-01T03:08:42.320+0000] {logging_mixin.py:137} INFO - [2025-02-01T03:08:42.320+0000] {dagbag.py:538} INFO - Filling up the DagBag from /home/airflow/.local/lib/python3.7/site-packages/airflow/example_dags/example_sensor_decorator.py
[2025-02-01T03:08:42.541+0000] {processor.py:753} INFO - DAG(s) dict_keys(['example_sensor_decorator']) retrieved from /home/airflow/.local/lib/python3.7/site-packages/airflow/example_dags/example_sensor_decorator.py
[2025-02-01T03:08:42.712+0000] {logging_mixin.py:137} INFO - [2025-02-01T03:08:42.711+0000] {dag.py:2690} INFO - Sync 1 DAGs
[2025-02-01T03:08:42.849+0000] {logging_mixin.py:137} INFO - [2025-02-01T03:08:42.848+0000] {dag.py:3441} INFO - Setting next_dagrun for example_sensor_decorator to None, run_after=None
[2025-02-01T03:08:42.894+0000] {processor.py:175} INFO - Processing /home/airflow/.local/lib/python3.7/site-packages/airflow/example_dags/example_sensor_decorator.py took 0.635 seconds
[2025-02-01T03:09:13.412+0000] {processor.py:153} INFO - Started process (PID=3205) to work on /home/airflow/.local/lib/python3.7/site-packages/airflow/example_dags/example_sensor_decorator.py
[2025-02-01T03:09:13.416+0000] {processor.py:743} INFO - Processing file /home/airflow/.local/lib/python3.7/site-packages/airflow/example_dags/example_sensor_decorator.py for tasks to queue
[2025-02-01T03:09:13.423+0000] {logging_mixin.py:137} INFO - [2025-02-01T03:09:13.418+0000] {dagbag.py:538} INFO - Filling up the DagBag from /home/airflow/.local/lib/python3.7/site-packages/airflow/example_dags/example_sensor_decorator.py
[2025-02-01T03:09:13.697+0000] {processor.py:753} INFO - DAG(s) dict_keys(['example_sensor_decorator']) retrieved from /home/airflow/.local/lib/python3.7/site-packages/airflow/example_dags/example_sensor_decorator.py
[2025-02-01T03:09:13.847+0000] {logging_mixin.py:137} INFO - [2025-02-01T03:09:13.847+0000] {dag.py:2690} INFO - Sync 1 DAGs
[2025-02-01T03:09:13.971+0000] {logging_mixin.py:137} INFO - [2025-02-01T03:09:13.971+0000] {dag.py:3441} INFO - Setting next_dagrun for example_sensor_decorator to None, run_after=None
[2025-02-01T03:09:14.046+0000] {processor.py:175} INFO - Processing /home/airflow/.local/lib/python3.7/site-packages/airflow/example_dags/example_sensor_decorator.py took 0.662 seconds
[2025-02-01T03:09:44.769+0000] {processor.py:153} INFO - Started process (PID=3264) to work on /home/airflow/.local/lib/python3.7/site-packages/airflow/example_dags/example_sensor_decorator.py
[2025-02-01T03:09:44.773+0000] {processor.py:743} INFO - Processing file /home/airflow/.local/lib/python3.7/site-packages/airflow/example_dags/example_sensor_decorator.py for tasks to queue
[2025-02-01T03:09:44.774+0000] {logging_mixin.py:137} INFO - [2025-02-01T03:09:44.774+0000] {dagbag.py:538} INFO - Filling up the DagBag from /home/airflow/.local/lib/python3.7/site-packages/airflow/example_dags/example_sensor_decorator.py
[2025-02-01T03:09:44.930+0000] {processor.py:753} INFO - DAG(s) dict_keys(['example_sensor_decorator']) retrieved from /home/airflow/.local/lib/python3.7/site-packages/airflow/example_dags/example_sensor_decorator.py
[2025-02-01T03:09:45.049+0000] {logging_mixin.py:137} INFO - [2025-02-01T03:09:45.049+0000] {dag.py:2690} INFO - Sync 1 DAGs
[2025-02-01T03:09:45.183+0000] {logging_mixin.py:137} INFO - [2025-02-01T03:09:45.183+0000] {dag.py:3441} INFO - Setting next_dagrun for example_sensor_decorator to None, run_after=None
[2025-02-01T03:09:45.274+0000] {processor.py:175} INFO - Processing /home/airflow/.local/lib/python3.7/site-packages/airflow/example_dags/example_sensor_decorator.py took 0.528 seconds
