[2025-02-01T02:40:16.870+0000] {processor.py:153} INFO - Started process (PID=65) to work on /home/airflow/.local/lib/python3.7/site-packages/airflow/example_dags/example_xcomargs.py
[2025-02-01T02:40:16.876+0000] {processor.py:743} INFO - Processing file /home/airflow/.local/lib/python3.7/site-packages/airflow/example_dags/example_xcomargs.py for tasks to queue
[2025-02-01T02:40:16.877+0000] {logging_mixin.py:137} INFO - [2025-02-01T02:40:16.877+0000] {dagbag.py:538} INFO - Filling up the DagBag from /home/airflow/.local/lib/python3.7/site-packages/airflow/example_dags/example_xcomargs.py
[2025-02-01T02:40:17.178+0000] {processor.py:753} INFO - DAG(s) dict_keys(['example_xcom_args_with_operators', 'example_xcom_args']) retrieved from /home/airflow/.local/lib/python3.7/site-packages/airflow/example_dags/example_xcomargs.py
[2025-02-01T02:40:17.521+0000] {logging_mixin.py:137} INFO - [2025-02-01T02:40:17.521+0000] {dag.py:2690} INFO - Sync 2 DAGs
[2025-02-01T02:40:17.874+0000] {logging_mixin.py:137} INFO - [2025-02-01T02:40:17.865+0000] {dag.py:3441} INFO - Setting next_dagrun for example_xcom_args to None, run_after=None
[2025-02-01T02:40:17.926+0000] {logging_mixin.py:137} INFO - [2025-02-01T02:40:17.925+0000] {dag.py:3441} INFO - Setting next_dagrun for example_xcom_args_with_operators to None, run_after=None
[2025-02-01T02:40:18.150+0000] {processor.py:175} INFO - Processing /home/airflow/.local/lib/python3.7/site-packages/airflow/example_dags/example_xcomargs.py took 1.298 seconds
[2025-02-01T02:40:48.818+0000] {processor.py:153} INFO - Started process (PID=124) to work on /home/airflow/.local/lib/python3.7/site-packages/airflow/example_dags/example_xcomargs.py
[2025-02-01T02:40:48.835+0000] {processor.py:743} INFO - Processing file /home/airflow/.local/lib/python3.7/site-packages/airflow/example_dags/example_xcomargs.py for tasks to queue
[2025-02-01T02:40:48.844+0000] {logging_mixin.py:137} INFO - [2025-02-01T02:40:48.844+0000] {dagbag.py:538} INFO - Filling up the DagBag from /home/airflow/.local/lib/python3.7/site-packages/airflow/example_dags/example_xcomargs.py
[2025-02-01T02:40:49.164+0000] {processor.py:753} INFO - DAG(s) dict_keys(['example_xcom_args', 'example_xcom_args_with_operators']) retrieved from /home/airflow/.local/lib/python3.7/site-packages/airflow/example_dags/example_xcomargs.py
[2025-02-01T02:40:49.477+0000] {logging_mixin.py:137} INFO - [2025-02-01T02:40:49.477+0000] {dag.py:2690} INFO - Sync 2 DAGs
[2025-02-01T02:40:49.876+0000] {logging_mixin.py:137} INFO - [2025-02-01T02:40:49.876+0000] {dag.py:3441} INFO - Setting next_dagrun for example_xcom_args to None, run_after=None
[2025-02-01T02:40:49.902+0000] {logging_mixin.py:137} INFO - [2025-02-01T02:40:49.902+0000] {dag.py:3441} INFO - Setting next_dagrun for example_xcom_args_with_operators to None, run_after=None
[2025-02-01T02:40:50.031+0000] {processor.py:175} INFO - Processing /home/airflow/.local/lib/python3.7/site-packages/airflow/example_dags/example_xcomargs.py took 1.257 seconds
[2025-02-01T02:41:20.367+0000] {processor.py:153} INFO - Started process (PID=173) to work on /home/airflow/.local/lib/python3.7/site-packages/airflow/example_dags/example_xcomargs.py
[2025-02-01T02:41:20.376+0000] {processor.py:743} INFO - Processing file /home/airflow/.local/lib/python3.7/site-packages/airflow/example_dags/example_xcomargs.py for tasks to queue
[2025-02-01T02:41:20.381+0000] {logging_mixin.py:137} INFO - [2025-02-01T02:41:20.381+0000] {dagbag.py:538} INFO - Filling up the DagBag from /home/airflow/.local/lib/python3.7/site-packages/airflow/example_dags/example_xcomargs.py
[2025-02-01T02:41:20.651+0000] {processor.py:753} INFO - DAG(s) dict_keys(['example_xcom_args', 'example_xcom_args_with_operators']) retrieved from /home/airflow/.local/lib/python3.7/site-packages/airflow/example_dags/example_xcomargs.py
[2025-02-01T02:41:20.891+0000] {logging_mixin.py:137} INFO - [2025-02-01T02:41:20.890+0000] {dag.py:2690} INFO - Sync 2 DAGs
[2025-02-01T02:41:21.107+0000] {logging_mixin.py:137} INFO - [2025-02-01T02:41:21.107+0000] {dag.py:3441} INFO - Setting next_dagrun for example_xcom_args to None, run_after=None
[2025-02-01T02:41:21.151+0000] {logging_mixin.py:137} INFO - [2025-02-01T02:41:21.150+0000] {dag.py:3441} INFO - Setting next_dagrun for example_xcom_args_with_operators to None, run_after=None
[2025-02-01T02:41:21.338+0000] {processor.py:175} INFO - Processing /home/airflow/.local/lib/python3.7/site-packages/airflow/example_dags/example_xcomargs.py took 0.991 seconds
[2025-02-01T02:41:51.706+0000] {processor.py:153} INFO - Started process (PID=232) to work on /home/airflow/.local/lib/python3.7/site-packages/airflow/example_dags/example_xcomargs.py
[2025-02-01T02:41:51.708+0000] {processor.py:743} INFO - Processing file /home/airflow/.local/lib/python3.7/site-packages/airflow/example_dags/example_xcomargs.py for tasks to queue
[2025-02-01T02:41:51.710+0000] {logging_mixin.py:137} INFO - [2025-02-01T02:41:51.710+0000] {dagbag.py:538} INFO - Filling up the DagBag from /home/airflow/.local/lib/python3.7/site-packages/airflow/example_dags/example_xcomargs.py
[2025-02-01T02:41:51.840+0000] {processor.py:753} INFO - DAG(s) dict_keys(['example_xcom_args', 'example_xcom_args_with_operators']) retrieved from /home/airflow/.local/lib/python3.7/site-packages/airflow/example_dags/example_xcomargs.py
[2025-02-01T02:41:51.916+0000] {logging_mixin.py:137} INFO - [2025-02-01T02:41:51.915+0000] {dag.py:2690} INFO - Sync 2 DAGs
[2025-02-01T02:41:52.001+0000] {logging_mixin.py:137} INFO - [2025-02-01T02:41:52.001+0000] {dag.py:3441} INFO - Setting next_dagrun for example_xcom_args to None, run_after=None
[2025-02-01T02:41:52.016+0000] {logging_mixin.py:137} INFO - [2025-02-01T02:41:52.016+0000] {dag.py:3441} INFO - Setting next_dagrun for example_xcom_args_with_operators to None, run_after=None
[2025-02-01T02:41:52.091+0000] {processor.py:175} INFO - Processing /home/airflow/.local/lib/python3.7/site-packages/airflow/example_dags/example_xcomargs.py took 0.408 seconds
[2025-02-01T02:42:22.303+0000] {processor.py:153} INFO - Started process (PID=291) to work on /home/airflow/.local/lib/python3.7/site-packages/airflow/example_dags/example_xcomargs.py
[2025-02-01T02:42:22.305+0000] {processor.py:743} INFO - Processing file /home/airflow/.local/lib/python3.7/site-packages/airflow/example_dags/example_xcomargs.py for tasks to queue
[2025-02-01T02:42:22.306+0000] {logging_mixin.py:137} INFO - [2025-02-01T02:42:22.306+0000] {dagbag.py:538} INFO - Filling up the DagBag from /home/airflow/.local/lib/python3.7/site-packages/airflow/example_dags/example_xcomargs.py
[2025-02-01T02:42:22.367+0000] {processor.py:753} INFO - DAG(s) dict_keys(['example_xcom_args', 'example_xcom_args_with_operators']) retrieved from /home/airflow/.local/lib/python3.7/site-packages/airflow/example_dags/example_xcomargs.py
[2025-02-01T02:42:22.433+0000] {logging_mixin.py:137} INFO - [2025-02-01T02:42:22.433+0000] {dag.py:2690} INFO - Sync 2 DAGs
[2025-02-01T02:42:22.506+0000] {logging_mixin.py:137} INFO - [2025-02-01T02:42:22.506+0000] {dag.py:3441} INFO - Setting next_dagrun for example_xcom_args to None, run_after=None
[2025-02-01T02:42:22.521+0000] {logging_mixin.py:137} INFO - [2025-02-01T02:42:22.520+0000] {dag.py:3441} INFO - Setting next_dagrun for example_xcom_args_with_operators to None, run_after=None
[2025-02-01T02:42:22.619+0000] {processor.py:175} INFO - Processing /home/airflow/.local/lib/python3.7/site-packages/airflow/example_dags/example_xcomargs.py took 0.323 seconds
[2025-02-01T02:42:53.125+0000] {processor.py:153} INFO - Started process (PID=350) to work on /home/airflow/.local/lib/python3.7/site-packages/airflow/example_dags/example_xcomargs.py
[2025-02-01T02:42:53.130+0000] {processor.py:743} INFO - Processing file /home/airflow/.local/lib/python3.7/site-packages/airflow/example_dags/example_xcomargs.py for tasks to queue
[2025-02-01T02:42:53.132+0000] {logging_mixin.py:137} INFO - [2025-02-01T02:42:53.131+0000] {dagbag.py:538} INFO - Filling up the DagBag from /home/airflow/.local/lib/python3.7/site-packages/airflow/example_dags/example_xcomargs.py
[2025-02-01T02:42:53.379+0000] {processor.py:753} INFO - DAG(s) dict_keys(['example_xcom_args_with_operators', 'example_xcom_args']) retrieved from /home/airflow/.local/lib/python3.7/site-packages/airflow/example_dags/example_xcomargs.py
[2025-02-01T02:42:53.617+0000] {logging_mixin.py:137} INFO - [2025-02-01T02:42:53.617+0000] {dag.py:2690} INFO - Sync 2 DAGs
[2025-02-01T02:42:53.840+0000] {logging_mixin.py:137} INFO - [2025-02-01T02:42:53.839+0000] {dag.py:3441} INFO - Setting next_dagrun for example_xcom_args to None, run_after=None
[2025-02-01T02:42:53.872+0000] {logging_mixin.py:137} INFO - [2025-02-01T02:42:53.871+0000] {dag.py:3441} INFO - Setting next_dagrun for example_xcom_args_with_operators to None, run_after=None
[2025-02-01T02:42:53.949+0000] {processor.py:175} INFO - Processing /home/airflow/.local/lib/python3.7/site-packages/airflow/example_dags/example_xcomargs.py took 0.867 seconds
[2025-02-01T02:43:24.221+0000] {processor.py:153} INFO - Started process (PID=398) to work on /home/airflow/.local/lib/python3.7/site-packages/airflow/example_dags/example_xcomargs.py
[2025-02-01T02:43:24.224+0000] {processor.py:743} INFO - Processing file /home/airflow/.local/lib/python3.7/site-packages/airflow/example_dags/example_xcomargs.py for tasks to queue
[2025-02-01T02:43:24.228+0000] {logging_mixin.py:137} INFO - [2025-02-01T02:43:24.225+0000] {dagbag.py:538} INFO - Filling up the DagBag from /home/airflow/.local/lib/python3.7/site-packages/airflow/example_dags/example_xcomargs.py
[2025-02-01T02:43:24.313+0000] {processor.py:753} INFO - DAG(s) dict_keys(['example_xcom_args', 'example_xcom_args_with_operators']) retrieved from /home/airflow/.local/lib/python3.7/site-packages/airflow/example_dags/example_xcomargs.py
[2025-02-01T02:43:24.382+0000] {logging_mixin.py:137} INFO - [2025-02-01T02:43:24.381+0000] {dag.py:2690} INFO - Sync 2 DAGs
[2025-02-01T02:43:24.457+0000] {logging_mixin.py:137} INFO - [2025-02-01T02:43:24.456+0000] {dag.py:3441} INFO - Setting next_dagrun for example_xcom_args to None, run_after=None
[2025-02-01T02:43:24.466+0000] {logging_mixin.py:137} INFO - [2025-02-01T02:43:24.465+0000] {dag.py:3441} INFO - Setting next_dagrun for example_xcom_args_with_operators to None, run_after=None
[2025-02-01T02:43:24.528+0000] {processor.py:175} INFO - Processing /home/airflow/.local/lib/python3.7/site-packages/airflow/example_dags/example_xcomargs.py took 0.321 seconds
[2025-02-01T02:43:55.598+0000] {processor.py:153} INFO - Started process (PID=457) to work on /home/airflow/.local/lib/python3.7/site-packages/airflow/example_dags/example_xcomargs.py
[2025-02-01T02:43:55.606+0000] {processor.py:743} INFO - Processing file /home/airflow/.local/lib/python3.7/site-packages/airflow/example_dags/example_xcomargs.py for tasks to queue
[2025-02-01T02:43:55.613+0000] {logging_mixin.py:137} INFO - [2025-02-01T02:43:55.608+0000] {dagbag.py:538} INFO - Filling up the DagBag from /home/airflow/.local/lib/python3.7/site-packages/airflow/example_dags/example_xcomargs.py
[2025-02-01T02:43:55.696+0000] {processor.py:753} INFO - DAG(s) dict_keys(['example_xcom_args_with_operators', 'example_xcom_args']) retrieved from /home/airflow/.local/lib/python3.7/site-packages/airflow/example_dags/example_xcomargs.py
[2025-02-01T02:43:55.765+0000] {logging_mixin.py:137} INFO - [2025-02-01T02:43:55.765+0000] {dag.py:2690} INFO - Sync 2 DAGs
[2025-02-01T02:43:55.858+0000] {logging_mixin.py:137} INFO - [2025-02-01T02:43:55.858+0000] {dag.py:3441} INFO - Setting next_dagrun for example_xcom_args to None, run_after=None
[2025-02-01T02:43:55.879+0000] {logging_mixin.py:137} INFO - [2025-02-01T02:43:55.879+0000] {dag.py:3441} INFO - Setting next_dagrun for example_xcom_args_with_operators to None, run_after=None
[2025-02-01T02:43:55.974+0000] {processor.py:175} INFO - Processing /home/airflow/.local/lib/python3.7/site-packages/airflow/example_dags/example_xcomargs.py took 0.402 seconds
[2025-02-01T02:44:26.429+0000] {processor.py:153} INFO - Started process (PID=514) to work on /home/airflow/.local/lib/python3.7/site-packages/airflow/example_dags/example_xcomargs.py
[2025-02-01T02:44:26.436+0000] {processor.py:743} INFO - Processing file /home/airflow/.local/lib/python3.7/site-packages/airflow/example_dags/example_xcomargs.py for tasks to queue
[2025-02-01T02:44:26.441+0000] {logging_mixin.py:137} INFO - [2025-02-01T02:44:26.441+0000] {dagbag.py:538} INFO - Filling up the DagBag from /home/airflow/.local/lib/python3.7/site-packages/airflow/example_dags/example_xcomargs.py
[2025-02-01T02:44:26.703+0000] {processor.py:753} INFO - DAG(s) dict_keys(['example_xcom_args_with_operators', 'example_xcom_args']) retrieved from /home/airflow/.local/lib/python3.7/site-packages/airflow/example_dags/example_xcomargs.py
[2025-02-01T02:44:26.969+0000] {logging_mixin.py:137} INFO - [2025-02-01T02:44:26.968+0000] {dag.py:2690} INFO - Sync 2 DAGs
[2025-02-01T02:44:27.251+0000] {logging_mixin.py:137} INFO - [2025-02-01T02:44:27.250+0000] {dag.py:3441} INFO - Setting next_dagrun for example_xcom_args to None, run_after=None
[2025-02-01T02:44:27.292+0000] {logging_mixin.py:137} INFO - [2025-02-01T02:44:27.291+0000] {dag.py:3441} INFO - Setting next_dagrun for example_xcom_args_with_operators to None, run_after=None
[2025-02-01T02:44:27.395+0000] {processor.py:175} INFO - Processing /home/airflow/.local/lib/python3.7/site-packages/airflow/example_dags/example_xcomargs.py took 1.032 seconds
[2025-02-01T02:44:57.526+0000] {processor.py:153} INFO - Started process (PID=564) to work on /home/airflow/.local/lib/python3.7/site-packages/airflow/example_dags/example_xcomargs.py
[2025-02-01T02:44:57.533+0000] {processor.py:743} INFO - Processing file /home/airflow/.local/lib/python3.7/site-packages/airflow/example_dags/example_xcomargs.py for tasks to queue
[2025-02-01T02:44:57.542+0000] {logging_mixin.py:137} INFO - [2025-02-01T02:44:57.542+0000] {dagbag.py:538} INFO - Filling up the DagBag from /home/airflow/.local/lib/python3.7/site-packages/airflow/example_dags/example_xcomargs.py
[2025-02-01T02:44:57.717+0000] {processor.py:753} INFO - DAG(s) dict_keys(['example_xcom_args', 'example_xcom_args_with_operators']) retrieved from /home/airflow/.local/lib/python3.7/site-packages/airflow/example_dags/example_xcomargs.py
[2025-02-01T02:44:57.944+0000] {logging_mixin.py:137} INFO - [2025-02-01T02:44:57.943+0000] {dag.py:2690} INFO - Sync 2 DAGs
[2025-02-01T02:44:58.160+0000] {logging_mixin.py:137} INFO - [2025-02-01T02:44:58.160+0000] {dag.py:3441} INFO - Setting next_dagrun for example_xcom_args to None, run_after=None
[2025-02-01T02:44:58.184+0000] {logging_mixin.py:137} INFO - [2025-02-01T02:44:58.184+0000] {dag.py:3441} INFO - Setting next_dagrun for example_xcom_args_with_operators to None, run_after=None
[2025-02-01T02:44:58.312+0000] {processor.py:175} INFO - Processing /home/airflow/.local/lib/python3.7/site-packages/airflow/example_dags/example_xcomargs.py took 0.815 seconds
[2025-02-01T02:45:28.421+0000] {processor.py:153} INFO - Started process (PID=623) to work on /home/airflow/.local/lib/python3.7/site-packages/airflow/example_dags/example_xcomargs.py
[2025-02-01T02:45:28.424+0000] {processor.py:743} INFO - Processing file /home/airflow/.local/lib/python3.7/site-packages/airflow/example_dags/example_xcomargs.py for tasks to queue
[2025-02-01T02:45:28.432+0000] {logging_mixin.py:137} INFO - [2025-02-01T02:45:28.426+0000] {dagbag.py:538} INFO - Filling up the DagBag from /home/airflow/.local/lib/python3.7/site-packages/airflow/example_dags/example_xcomargs.py
[2025-02-01T02:45:28.600+0000] {processor.py:753} INFO - DAG(s) dict_keys(['example_xcom_args_with_operators', 'example_xcom_args']) retrieved from /home/airflow/.local/lib/python3.7/site-packages/airflow/example_dags/example_xcomargs.py
[2025-02-01T02:45:28.794+0000] {logging_mixin.py:137} INFO - [2025-02-01T02:45:28.793+0000] {dag.py:2690} INFO - Sync 2 DAGs
[2025-02-01T02:45:28.925+0000] {logging_mixin.py:137} INFO - [2025-02-01T02:45:28.925+0000] {dag.py:3441} INFO - Setting next_dagrun for example_xcom_args to None, run_after=None
[2025-02-01T02:45:28.943+0000] {logging_mixin.py:137} INFO - [2025-02-01T02:45:28.943+0000] {dag.py:3441} INFO - Setting next_dagrun for example_xcom_args_with_operators to None, run_after=None
[2025-02-01T02:45:29.027+0000] {processor.py:175} INFO - Processing /home/airflow/.local/lib/python3.7/site-packages/airflow/example_dags/example_xcomargs.py took 0.622 seconds
[2025-02-01T02:45:59.511+0000] {processor.py:153} INFO - Started process (PID=682) to work on /home/airflow/.local/lib/python3.7/site-packages/airflow/example_dags/example_xcomargs.py
[2025-02-01T02:45:59.512+0000] {processor.py:743} INFO - Processing file /home/airflow/.local/lib/python3.7/site-packages/airflow/example_dags/example_xcomargs.py for tasks to queue
[2025-02-01T02:45:59.515+0000] {logging_mixin.py:137} INFO - [2025-02-01T02:45:59.515+0000] {dagbag.py:538} INFO - Filling up the DagBag from /home/airflow/.local/lib/python3.7/site-packages/airflow/example_dags/example_xcomargs.py
[2025-02-01T02:45:59.610+0000] {processor.py:753} INFO - DAG(s) dict_keys(['example_xcom_args', 'example_xcom_args_with_operators']) retrieved from /home/airflow/.local/lib/python3.7/site-packages/airflow/example_dags/example_xcomargs.py
[2025-02-01T02:45:59.677+0000] {logging_mixin.py:137} INFO - [2025-02-01T02:45:59.677+0000] {dag.py:2690} INFO - Sync 2 DAGs
[2025-02-01T02:45:59.750+0000] {logging_mixin.py:137} INFO - [2025-02-01T02:45:59.750+0000] {dag.py:3441} INFO - Setting next_dagrun for example_xcom_args to None, run_after=None
[2025-02-01T02:45:59.760+0000] {logging_mixin.py:137} INFO - [2025-02-01T02:45:59.759+0000] {dag.py:3441} INFO - Setting next_dagrun for example_xcom_args_with_operators to None, run_after=None
[2025-02-01T02:45:59.803+0000] {processor.py:175} INFO - Processing /home/airflow/.local/lib/python3.7/site-packages/airflow/example_dags/example_xcomargs.py took 0.300 seconds
[2025-02-01T02:46:30.362+0000] {processor.py:153} INFO - Started process (PID=739) to work on /home/airflow/.local/lib/python3.7/site-packages/airflow/example_dags/example_xcomargs.py
[2025-02-01T02:46:30.364+0000] {processor.py:743} INFO - Processing file /home/airflow/.local/lib/python3.7/site-packages/airflow/example_dags/example_xcomargs.py for tasks to queue
[2025-02-01T02:46:30.365+0000] {logging_mixin.py:137} INFO - [2025-02-01T02:46:30.365+0000] {dagbag.py:538} INFO - Filling up the DagBag from /home/airflow/.local/lib/python3.7/site-packages/airflow/example_dags/example_xcomargs.py
[2025-02-01T02:46:30.426+0000] {processor.py:753} INFO - DAG(s) dict_keys(['example_xcom_args', 'example_xcom_args_with_operators']) retrieved from /home/airflow/.local/lib/python3.7/site-packages/airflow/example_dags/example_xcomargs.py
[2025-02-01T02:46:30.500+0000] {logging_mixin.py:137} INFO - [2025-02-01T02:46:30.499+0000] {dag.py:2690} INFO - Sync 2 DAGs
[2025-02-01T02:46:30.561+0000] {logging_mixin.py:137} INFO - [2025-02-01T02:46:30.561+0000] {dag.py:3441} INFO - Setting next_dagrun for example_xcom_args to None, run_after=None
[2025-02-01T02:46:30.569+0000] {logging_mixin.py:137} INFO - [2025-02-01T02:46:30.569+0000] {dag.py:3441} INFO - Setting next_dagrun for example_xcom_args_with_operators to None, run_after=None
[2025-02-01T02:46:30.612+0000] {processor.py:175} INFO - Processing /home/airflow/.local/lib/python3.7/site-packages/airflow/example_dags/example_xcomargs.py took 0.258 seconds
[2025-02-01T02:47:01.186+0000] {processor.py:153} INFO - Started process (PID=798) to work on /home/airflow/.local/lib/python3.7/site-packages/airflow/example_dags/example_xcomargs.py
[2025-02-01T02:47:01.190+0000] {processor.py:743} INFO - Processing file /home/airflow/.local/lib/python3.7/site-packages/airflow/example_dags/example_xcomargs.py for tasks to queue
[2025-02-01T02:47:01.195+0000] {logging_mixin.py:137} INFO - [2025-02-01T02:47:01.194+0000] {dagbag.py:538} INFO - Filling up the DagBag from /home/airflow/.local/lib/python3.7/site-packages/airflow/example_dags/example_xcomargs.py
[2025-02-01T02:47:01.293+0000] {processor.py:753} INFO - DAG(s) dict_keys(['example_xcom_args', 'example_xcom_args_with_operators']) retrieved from /home/airflow/.local/lib/python3.7/site-packages/airflow/example_dags/example_xcomargs.py
[2025-02-01T02:47:01.440+0000] {logging_mixin.py:137} INFO - [2025-02-01T02:47:01.440+0000] {dag.py:2690} INFO - Sync 2 DAGs
[2025-02-01T02:47:01.535+0000] {logging_mixin.py:137} INFO - [2025-02-01T02:47:01.535+0000] {dag.py:3441} INFO - Setting next_dagrun for example_xcom_args to None, run_after=None
[2025-02-01T02:47:01.550+0000] {logging_mixin.py:137} INFO - [2025-02-01T02:47:01.549+0000] {dag.py:3441} INFO - Setting next_dagrun for example_xcom_args_with_operators to None, run_after=None
[2025-02-01T02:47:01.628+0000] {processor.py:175} INFO - Processing /home/airflow/.local/lib/python3.7/site-packages/airflow/example_dags/example_xcomargs.py took 0.457 seconds
[2025-02-01T02:47:31.937+0000] {processor.py:153} INFO - Started process (PID=848) to work on /home/airflow/.local/lib/python3.7/site-packages/airflow/example_dags/example_xcomargs.py
[2025-02-01T02:47:31.951+0000] {processor.py:743} INFO - Processing file /home/airflow/.local/lib/python3.7/site-packages/airflow/example_dags/example_xcomargs.py for tasks to queue
[2025-02-01T02:47:31.957+0000] {logging_mixin.py:137} INFO - [2025-02-01T02:47:31.953+0000] {dagbag.py:538} INFO - Filling up the DagBag from /home/airflow/.local/lib/python3.7/site-packages/airflow/example_dags/example_xcomargs.py
[2025-02-01T02:47:32.290+0000] {processor.py:753} INFO - DAG(s) dict_keys(['example_xcom_args_with_operators', 'example_xcom_args']) retrieved from /home/airflow/.local/lib/python3.7/site-packages/airflow/example_dags/example_xcomargs.py
[2025-02-01T02:47:32.541+0000] {logging_mixin.py:137} INFO - [2025-02-01T02:47:32.540+0000] {dag.py:2690} INFO - Sync 2 DAGs
[2025-02-01T02:47:32.747+0000] {logging_mixin.py:137} INFO - [2025-02-01T02:47:32.747+0000] {dag.py:3441} INFO - Setting next_dagrun for example_xcom_args to None, run_after=None
[2025-02-01T02:47:32.776+0000] {logging_mixin.py:137} INFO - [2025-02-01T02:47:32.776+0000] {dag.py:3441} INFO - Setting next_dagrun for example_xcom_args_with_operators to None, run_after=None
[2025-02-01T02:47:32.906+0000] {processor.py:175} INFO - Processing /home/airflow/.local/lib/python3.7/site-packages/airflow/example_dags/example_xcomargs.py took 0.991 seconds
[2025-02-01T02:48:03.461+0000] {processor.py:153} INFO - Started process (PID=907) to work on /home/airflow/.local/lib/python3.7/site-packages/airflow/example_dags/example_xcomargs.py
[2025-02-01T02:48:03.471+0000] {processor.py:743} INFO - Processing file /home/airflow/.local/lib/python3.7/site-packages/airflow/example_dags/example_xcomargs.py for tasks to queue
[2025-02-01T02:48:03.472+0000] {logging_mixin.py:137} INFO - [2025-02-01T02:48:03.472+0000] {dagbag.py:538} INFO - Filling up the DagBag from /home/airflow/.local/lib/python3.7/site-packages/airflow/example_dags/example_xcomargs.py
[2025-02-01T02:48:03.709+0000] {processor.py:753} INFO - DAG(s) dict_keys(['example_xcom_args', 'example_xcom_args_with_operators']) retrieved from /home/airflow/.local/lib/python3.7/site-packages/airflow/example_dags/example_xcomargs.py
[2025-02-01T02:48:03.914+0000] {logging_mixin.py:137} INFO - [2025-02-01T02:48:03.913+0000] {dag.py:2690} INFO - Sync 2 DAGs
[2025-02-01T02:48:04.110+0000] {logging_mixin.py:137} INFO - [2025-02-01T02:48:04.110+0000] {dag.py:3441} INFO - Setting next_dagrun for example_xcom_args to None, run_after=None
[2025-02-01T02:48:04.137+0000] {logging_mixin.py:137} INFO - [2025-02-01T02:48:04.137+0000] {dag.py:3441} INFO - Setting next_dagrun for example_xcom_args_with_operators to None, run_after=None
[2025-02-01T02:48:04.281+0000] {processor.py:175} INFO - Processing /home/airflow/.local/lib/python3.7/site-packages/airflow/example_dags/example_xcomargs.py took 0.857 seconds
[2025-02-01T02:48:34.812+0000] {processor.py:153} INFO - Started process (PID=966) to work on /home/airflow/.local/lib/python3.7/site-packages/airflow/example_dags/example_xcomargs.py
[2025-02-01T02:48:34.817+0000] {processor.py:743} INFO - Processing file /home/airflow/.local/lib/python3.7/site-packages/airflow/example_dags/example_xcomargs.py for tasks to queue
[2025-02-01T02:48:34.823+0000] {logging_mixin.py:137} INFO - [2025-02-01T02:48:34.819+0000] {dagbag.py:538} INFO - Filling up the DagBag from /home/airflow/.local/lib/python3.7/site-packages/airflow/example_dags/example_xcomargs.py
[2025-02-01T02:48:34.982+0000] {processor.py:753} INFO - DAG(s) dict_keys(['example_xcom_args', 'example_xcom_args_with_operators']) retrieved from /home/airflow/.local/lib/python3.7/site-packages/airflow/example_dags/example_xcomargs.py
[2025-02-01T02:48:35.158+0000] {logging_mixin.py:137} INFO - [2025-02-01T02:48:35.158+0000] {dag.py:2690} INFO - Sync 2 DAGs
[2025-02-01T02:48:35.278+0000] {logging_mixin.py:137} INFO - [2025-02-01T02:48:35.278+0000] {dag.py:3441} INFO - Setting next_dagrun for example_xcom_args to None, run_after=None
[2025-02-01T02:48:35.288+0000] {logging_mixin.py:137} INFO - [2025-02-01T02:48:35.287+0000] {dag.py:3441} INFO - Setting next_dagrun for example_xcom_args_with_operators to None, run_after=None
[2025-02-01T02:48:35.364+0000] {processor.py:175} INFO - Processing /home/airflow/.local/lib/python3.7/site-packages/airflow/example_dags/example_xcomargs.py took 0.584 seconds
[2025-02-01T02:49:05.764+0000] {processor.py:153} INFO - Started process (PID=1026) to work on /home/airflow/.local/lib/python3.7/site-packages/airflow/example_dags/example_xcomargs.py
[2025-02-01T02:49:05.766+0000] {processor.py:743} INFO - Processing file /home/airflow/.local/lib/python3.7/site-packages/airflow/example_dags/example_xcomargs.py for tasks to queue
[2025-02-01T02:49:05.767+0000] {logging_mixin.py:137} INFO - [2025-02-01T02:49:05.767+0000] {dagbag.py:538} INFO - Filling up the DagBag from /home/airflow/.local/lib/python3.7/site-packages/airflow/example_dags/example_xcomargs.py
[2025-02-01T02:49:05.830+0000] {processor.py:753} INFO - DAG(s) dict_keys(['example_xcom_args', 'example_xcom_args_with_operators']) retrieved from /home/airflow/.local/lib/python3.7/site-packages/airflow/example_dags/example_xcomargs.py
[2025-02-01T02:49:05.897+0000] {logging_mixin.py:137} INFO - [2025-02-01T02:49:05.896+0000] {dag.py:2690} INFO - Sync 2 DAGs
[2025-02-01T02:49:05.966+0000] {logging_mixin.py:137} INFO - [2025-02-01T02:49:05.966+0000] {dag.py:3441} INFO - Setting next_dagrun for example_xcom_args to None, run_after=None
[2025-02-01T02:49:05.975+0000] {logging_mixin.py:137} INFO - [2025-02-01T02:49:05.974+0000] {dag.py:3441} INFO - Setting next_dagrun for example_xcom_args_with_operators to None, run_after=None
[2025-02-01T02:49:06.016+0000] {processor.py:175} INFO - Processing /home/airflow/.local/lib/python3.7/site-packages/airflow/example_dags/example_xcomargs.py took 0.258 seconds
[2025-02-01T02:49:36.190+0000] {processor.py:153} INFO - Started process (PID=1084) to work on /home/airflow/.local/lib/python3.7/site-packages/airflow/example_dags/example_xcomargs.py
[2025-02-01T02:49:36.200+0000] {processor.py:743} INFO - Processing file /home/airflow/.local/lib/python3.7/site-packages/airflow/example_dags/example_xcomargs.py for tasks to queue
[2025-02-01T02:49:36.204+0000] {logging_mixin.py:137} INFO - [2025-02-01T02:49:36.203+0000] {dagbag.py:538} INFO - Filling up the DagBag from /home/airflow/.local/lib/python3.7/site-packages/airflow/example_dags/example_xcomargs.py
[2025-02-01T02:49:36.405+0000] {processor.py:753} INFO - DAG(s) dict_keys(['example_xcom_args', 'example_xcom_args_with_operators']) retrieved from /home/airflow/.local/lib/python3.7/site-packages/airflow/example_dags/example_xcomargs.py
[2025-02-01T02:49:36.561+0000] {logging_mixin.py:137} INFO - [2025-02-01T02:49:36.561+0000] {dag.py:2690} INFO - Sync 2 DAGs
[2025-02-01T02:49:36.761+0000] {logging_mixin.py:137} INFO - [2025-02-01T02:49:36.761+0000] {dag.py:3441} INFO - Setting next_dagrun for example_xcom_args to None, run_after=None
[2025-02-01T02:49:36.769+0000] {logging_mixin.py:137} INFO - [2025-02-01T02:49:36.769+0000] {dag.py:3441} INFO - Setting next_dagrun for example_xcom_args_with_operators to None, run_after=None
[2025-02-01T02:49:36.829+0000] {processor.py:175} INFO - Processing /home/airflow/.local/lib/python3.7/site-packages/airflow/example_dags/example_xcomargs.py took 0.676 seconds
[2025-02-01T02:50:07.428+0000] {processor.py:153} INFO - Started process (PID=1133) to work on /home/airflow/.local/lib/python3.7/site-packages/airflow/example_dags/example_xcomargs.py
[2025-02-01T02:50:07.430+0000] {processor.py:743} INFO - Processing file /home/airflow/.local/lib/python3.7/site-packages/airflow/example_dags/example_xcomargs.py for tasks to queue
[2025-02-01T02:50:07.431+0000] {logging_mixin.py:137} INFO - [2025-02-01T02:50:07.431+0000] {dagbag.py:538} INFO - Filling up the DagBag from /home/airflow/.local/lib/python3.7/site-packages/airflow/example_dags/example_xcomargs.py
[2025-02-01T02:50:07.490+0000] {processor.py:753} INFO - DAG(s) dict_keys(['example_xcom_args_with_operators', 'example_xcom_args']) retrieved from /home/airflow/.local/lib/python3.7/site-packages/airflow/example_dags/example_xcomargs.py
[2025-02-01T02:50:07.568+0000] {logging_mixin.py:137} INFO - [2025-02-01T02:50:07.568+0000] {dag.py:2690} INFO - Sync 2 DAGs
[2025-02-01T02:50:07.669+0000] {logging_mixin.py:137} INFO - [2025-02-01T02:50:07.669+0000] {dag.py:3441} INFO - Setting next_dagrun for example_xcom_args to None, run_after=None
[2025-02-01T02:50:07.678+0000] {logging_mixin.py:137} INFO - [2025-02-01T02:50:07.677+0000] {dag.py:3441} INFO - Setting next_dagrun for example_xcom_args_with_operators to None, run_after=None
[2025-02-01T02:50:07.738+0000] {processor.py:175} INFO - Processing /home/airflow/.local/lib/python3.7/site-packages/airflow/example_dags/example_xcomargs.py took 0.317 seconds
[2025-02-01T02:50:37.877+0000] {processor.py:153} INFO - Started process (PID=1192) to work on /home/airflow/.local/lib/python3.7/site-packages/airflow/example_dags/example_xcomargs.py
[2025-02-01T02:50:37.879+0000] {processor.py:743} INFO - Processing file /home/airflow/.local/lib/python3.7/site-packages/airflow/example_dags/example_xcomargs.py for tasks to queue
[2025-02-01T02:50:37.881+0000] {logging_mixin.py:137} INFO - [2025-02-01T02:50:37.880+0000] {dagbag.py:538} INFO - Filling up the DagBag from /home/airflow/.local/lib/python3.7/site-packages/airflow/example_dags/example_xcomargs.py
[2025-02-01T02:50:37.943+0000] {processor.py:753} INFO - DAG(s) dict_keys(['example_xcom_args', 'example_xcom_args_with_operators']) retrieved from /home/airflow/.local/lib/python3.7/site-packages/airflow/example_dags/example_xcomargs.py
[2025-02-01T02:50:38.026+0000] {logging_mixin.py:137} INFO - [2025-02-01T02:50:38.026+0000] {dag.py:2690} INFO - Sync 2 DAGs
[2025-02-01T02:50:38.164+0000] {logging_mixin.py:137} INFO - [2025-02-01T02:50:38.164+0000] {dag.py:3441} INFO - Setting next_dagrun for example_xcom_args to None, run_after=None
[2025-02-01T02:50:38.173+0000] {logging_mixin.py:137} INFO - [2025-02-01T02:50:38.173+0000] {dag.py:3441} INFO - Setting next_dagrun for example_xcom_args_with_operators to None, run_after=None
[2025-02-01T02:50:38.214+0000] {processor.py:175} INFO - Processing /home/airflow/.local/lib/python3.7/site-packages/airflow/example_dags/example_xcomargs.py took 0.344 seconds
[2025-02-01T02:51:09.250+0000] {processor.py:153} INFO - Started process (PID=1250) to work on /home/airflow/.local/lib/python3.7/site-packages/airflow/example_dags/example_xcomargs.py
[2025-02-01T02:51:09.257+0000] {processor.py:743} INFO - Processing file /home/airflow/.local/lib/python3.7/site-packages/airflow/example_dags/example_xcomargs.py for tasks to queue
[2025-02-01T02:51:09.259+0000] {logging_mixin.py:137} INFO - [2025-02-01T02:51:09.258+0000] {dagbag.py:538} INFO - Filling up the DagBag from /home/airflow/.local/lib/python3.7/site-packages/airflow/example_dags/example_xcomargs.py
[2025-02-01T02:51:09.481+0000] {processor.py:753} INFO - DAG(s) dict_keys(['example_xcom_args', 'example_xcom_args_with_operators']) retrieved from /home/airflow/.local/lib/python3.7/site-packages/airflow/example_dags/example_xcomargs.py
[2025-02-01T02:51:09.707+0000] {logging_mixin.py:137} INFO - [2025-02-01T02:51:09.706+0000] {dag.py:2690} INFO - Sync 2 DAGs
[2025-02-01T02:51:09.911+0000] {logging_mixin.py:137} INFO - [2025-02-01T02:51:09.910+0000] {dag.py:3441} INFO - Setting next_dagrun for example_xcom_args to None, run_after=None
[2025-02-01T02:51:09.926+0000] {logging_mixin.py:137} INFO - [2025-02-01T02:51:09.925+0000] {dag.py:3441} INFO - Setting next_dagrun for example_xcom_args_with_operators to None, run_after=None
[2025-02-01T02:51:10.030+0000] {processor.py:175} INFO - Processing /home/airflow/.local/lib/python3.7/site-packages/airflow/example_dags/example_xcomargs.py took 0.821 seconds
[2025-02-01T02:51:40.312+0000] {processor.py:153} INFO - Started process (PID=1299) to work on /home/airflow/.local/lib/python3.7/site-packages/airflow/example_dags/example_xcomargs.py
[2025-02-01T02:51:40.315+0000] {processor.py:743} INFO - Processing file /home/airflow/.local/lib/python3.7/site-packages/airflow/example_dags/example_xcomargs.py for tasks to queue
[2025-02-01T02:51:40.317+0000] {logging_mixin.py:137} INFO - [2025-02-01T02:51:40.317+0000] {dagbag.py:538} INFO - Filling up the DagBag from /home/airflow/.local/lib/python3.7/site-packages/airflow/example_dags/example_xcomargs.py
[2025-02-01T02:51:40.456+0000] {processor.py:753} INFO - DAG(s) dict_keys(['example_xcom_args', 'example_xcom_args_with_operators']) retrieved from /home/airflow/.local/lib/python3.7/site-packages/airflow/example_dags/example_xcomargs.py
[2025-02-01T02:51:40.591+0000] {logging_mixin.py:137} INFO - [2025-02-01T02:51:40.590+0000] {dag.py:2690} INFO - Sync 2 DAGs
[2025-02-01T02:51:40.719+0000] {logging_mixin.py:137} INFO - [2025-02-01T02:51:40.719+0000] {dag.py:3441} INFO - Setting next_dagrun for example_xcom_args to None, run_after=None
[2025-02-01T02:51:40.743+0000] {logging_mixin.py:137} INFO - [2025-02-01T02:51:40.742+0000] {dag.py:3441} INFO - Setting next_dagrun for example_xcom_args_with_operators to None, run_after=None
[2025-02-01T02:51:40.812+0000] {processor.py:175} INFO - Processing /home/airflow/.local/lib/python3.7/site-packages/airflow/example_dags/example_xcomargs.py took 0.523 seconds
[2025-02-01T02:52:11.194+0000] {processor.py:153} INFO - Started process (PID=1357) to work on /home/airflow/.local/lib/python3.7/site-packages/airflow/example_dags/example_xcomargs.py
[2025-02-01T02:52:11.202+0000] {processor.py:743} INFO - Processing file /home/airflow/.local/lib/python3.7/site-packages/airflow/example_dags/example_xcomargs.py for tasks to queue
[2025-02-01T02:52:11.210+0000] {logging_mixin.py:137} INFO - [2025-02-01T02:52:11.210+0000] {dagbag.py:538} INFO - Filling up the DagBag from /home/airflow/.local/lib/python3.7/site-packages/airflow/example_dags/example_xcomargs.py
[2025-02-01T02:52:11.467+0000] {processor.py:753} INFO - DAG(s) dict_keys(['example_xcom_args', 'example_xcom_args_with_operators']) retrieved from /home/airflow/.local/lib/python3.7/site-packages/airflow/example_dags/example_xcomargs.py
[2025-02-01T02:52:11.705+0000] {logging_mixin.py:137} INFO - [2025-02-01T02:52:11.704+0000] {dag.py:2690} INFO - Sync 2 DAGs
[2025-02-01T02:52:11.845+0000] {logging_mixin.py:137} INFO - [2025-02-01T02:52:11.844+0000] {dag.py:3441} INFO - Setting next_dagrun for example_xcom_args to None, run_after=None
[2025-02-01T02:52:11.852+0000] {logging_mixin.py:137} INFO - [2025-02-01T02:52:11.852+0000] {dag.py:3441} INFO - Setting next_dagrun for example_xcom_args_with_operators to None, run_after=None
[2025-02-01T02:52:11.937+0000] {processor.py:175} INFO - Processing /home/airflow/.local/lib/python3.7/site-packages/airflow/example_dags/example_xcomargs.py took 0.772 seconds
[2025-02-01T02:52:42.091+0000] {processor.py:153} INFO - Started process (PID=1415) to work on /home/airflow/.local/lib/python3.7/site-packages/airflow/example_dags/example_xcomargs.py
[2025-02-01T02:52:42.095+0000] {processor.py:743} INFO - Processing file /home/airflow/.local/lib/python3.7/site-packages/airflow/example_dags/example_xcomargs.py for tasks to queue
[2025-02-01T02:52:42.099+0000] {logging_mixin.py:137} INFO - [2025-02-01T02:52:42.097+0000] {dagbag.py:538} INFO - Filling up the DagBag from /home/airflow/.local/lib/python3.7/site-packages/airflow/example_dags/example_xcomargs.py
[2025-02-01T02:52:42.269+0000] {processor.py:753} INFO - DAG(s) dict_keys(['example_xcom_args_with_operators', 'example_xcom_args']) retrieved from /home/airflow/.local/lib/python3.7/site-packages/airflow/example_dags/example_xcomargs.py
[2025-02-01T02:52:42.422+0000] {logging_mixin.py:137} INFO - [2025-02-01T02:52:42.422+0000] {dag.py:2690} INFO - Sync 2 DAGs
[2025-02-01T02:52:42.559+0000] {logging_mixin.py:137} INFO - [2025-02-01T02:52:42.559+0000] {dag.py:3441} INFO - Setting next_dagrun for example_xcom_args to None, run_after=None
[2025-02-01T02:52:42.576+0000] {logging_mixin.py:137} INFO - [2025-02-01T02:52:42.576+0000] {dag.py:3441} INFO - Setting next_dagrun for example_xcom_args_with_operators to None, run_after=None
[2025-02-01T02:52:42.659+0000] {processor.py:175} INFO - Processing /home/airflow/.local/lib/python3.7/site-packages/airflow/example_dags/example_xcomargs.py took 0.589 seconds
[2025-02-01T02:53:12.849+0000] {processor.py:153} INFO - Started process (PID=1474) to work on /home/airflow/.local/lib/python3.7/site-packages/airflow/example_dags/example_xcomargs.py
[2025-02-01T02:53:12.852+0000] {processor.py:743} INFO - Processing file /home/airflow/.local/lib/python3.7/site-packages/airflow/example_dags/example_xcomargs.py for tasks to queue
[2025-02-01T02:53:12.853+0000] {logging_mixin.py:137} INFO - [2025-02-01T02:53:12.853+0000] {dagbag.py:538} INFO - Filling up the DagBag from /home/airflow/.local/lib/python3.7/site-packages/airflow/example_dags/example_xcomargs.py
[2025-02-01T02:53:12.911+0000] {processor.py:753} INFO - DAG(s) dict_keys(['example_xcom_args_with_operators', 'example_xcom_args']) retrieved from /home/airflow/.local/lib/python3.7/site-packages/airflow/example_dags/example_xcomargs.py
[2025-02-01T02:53:12.979+0000] {logging_mixin.py:137} INFO - [2025-02-01T02:53:12.979+0000] {dag.py:2690} INFO - Sync 2 DAGs
[2025-02-01T02:53:13.047+0000] {logging_mixin.py:137} INFO - [2025-02-01T02:53:13.047+0000] {dag.py:3441} INFO - Setting next_dagrun for example_xcom_args to None, run_after=None
[2025-02-01T02:53:13.058+0000] {logging_mixin.py:137} INFO - [2025-02-01T02:53:13.058+0000] {dag.py:3441} INFO - Setting next_dagrun for example_xcom_args_with_operators to None, run_after=None
[2025-02-01T02:53:13.105+0000] {processor.py:175} INFO - Processing /home/airflow/.local/lib/python3.7/site-packages/airflow/example_dags/example_xcomargs.py took 0.265 seconds
[2025-02-01T02:53:43.591+0000] {processor.py:153} INFO - Started process (PID=1533) to work on /home/airflow/.local/lib/python3.7/site-packages/airflow/example_dags/example_xcomargs.py
[2025-02-01T02:53:43.593+0000] {processor.py:743} INFO - Processing file /home/airflow/.local/lib/python3.7/site-packages/airflow/example_dags/example_xcomargs.py for tasks to queue
[2025-02-01T02:53:43.595+0000] {logging_mixin.py:137} INFO - [2025-02-01T02:53:43.594+0000] {dagbag.py:538} INFO - Filling up the DagBag from /home/airflow/.local/lib/python3.7/site-packages/airflow/example_dags/example_xcomargs.py
[2025-02-01T02:53:43.652+0000] {processor.py:753} INFO - DAG(s) dict_keys(['example_xcom_args_with_operators', 'example_xcom_args']) retrieved from /home/airflow/.local/lib/python3.7/site-packages/airflow/example_dags/example_xcomargs.py
[2025-02-01T02:53:43.723+0000] {logging_mixin.py:137} INFO - [2025-02-01T02:53:43.723+0000] {dag.py:2690} INFO - Sync 2 DAGs
[2025-02-01T02:53:43.788+0000] {logging_mixin.py:137} INFO - [2025-02-01T02:53:43.788+0000] {dag.py:3441} INFO - Setting next_dagrun for example_xcom_args to None, run_after=None
[2025-02-01T02:53:43.797+0000] {logging_mixin.py:137} INFO - [2025-02-01T02:53:43.796+0000] {dag.py:3441} INFO - Setting next_dagrun for example_xcom_args_with_operators to None, run_after=None
[2025-02-01T02:53:43.837+0000] {processor.py:175} INFO - Processing /home/airflow/.local/lib/python3.7/site-packages/airflow/example_dags/example_xcomargs.py took 0.254 seconds
[2025-02-01T02:54:14.513+0000] {processor.py:153} INFO - Started process (PID=1590) to work on /home/airflow/.local/lib/python3.7/site-packages/airflow/example_dags/example_xcomargs.py
[2025-02-01T02:54:14.521+0000] {processor.py:743} INFO - Processing file /home/airflow/.local/lib/python3.7/site-packages/airflow/example_dags/example_xcomargs.py for tasks to queue
[2025-02-01T02:54:14.523+0000] {logging_mixin.py:137} INFO - [2025-02-01T02:54:14.523+0000] {dagbag.py:538} INFO - Filling up the DagBag from /home/airflow/.local/lib/python3.7/site-packages/airflow/example_dags/example_xcomargs.py
[2025-02-01T02:54:14.584+0000] {processor.py:753} INFO - DAG(s) dict_keys(['example_xcom_args', 'example_xcom_args_with_operators']) retrieved from /home/airflow/.local/lib/python3.7/site-packages/airflow/example_dags/example_xcomargs.py
[2025-02-01T02:54:14.655+0000] {logging_mixin.py:137} INFO - [2025-02-01T02:54:14.655+0000] {dag.py:2690} INFO - Sync 2 DAGs
[2025-02-01T02:54:14.782+0000] {logging_mixin.py:137} INFO - [2025-02-01T02:54:14.781+0000] {dag.py:3441} INFO - Setting next_dagrun for example_xcom_args to None, run_after=None
[2025-02-01T02:54:14.795+0000] {logging_mixin.py:137} INFO - [2025-02-01T02:54:14.795+0000] {dag.py:3441} INFO - Setting next_dagrun for example_xcom_args_with_operators to None, run_after=None
[2025-02-01T02:54:14.844+0000] {processor.py:175} INFO - Processing /home/airflow/.local/lib/python3.7/site-packages/airflow/example_dags/example_xcomargs.py took 0.341 seconds
[2025-02-01T02:54:45.602+0000] {processor.py:153} INFO - Started process (PID=1641) to work on /home/airflow/.local/lib/python3.7/site-packages/airflow/example_dags/example_xcomargs.py
[2025-02-01T02:54:45.606+0000] {processor.py:743} INFO - Processing file /home/airflow/.local/lib/python3.7/site-packages/airflow/example_dags/example_xcomargs.py for tasks to queue
[2025-02-01T02:54:45.609+0000] {logging_mixin.py:137} INFO - [2025-02-01T02:54:45.609+0000] {dagbag.py:538} INFO - Filling up the DagBag from /home/airflow/.local/lib/python3.7/site-packages/airflow/example_dags/example_xcomargs.py
[2025-02-01T02:54:45.734+0000] {processor.py:753} INFO - DAG(s) dict_keys(['example_xcom_args_with_operators', 'example_xcom_args']) retrieved from /home/airflow/.local/lib/python3.7/site-packages/airflow/example_dags/example_xcomargs.py
[2025-02-01T02:54:45.879+0000] {logging_mixin.py:137} INFO - [2025-02-01T02:54:45.878+0000] {dag.py:2690} INFO - Sync 2 DAGs
[2025-02-01T02:54:46.103+0000] {logging_mixin.py:137} INFO - [2025-02-01T02:54:46.103+0000] {dag.py:3441} INFO - Setting next_dagrun for example_xcom_args to None, run_after=None
[2025-02-01T02:54:46.127+0000] {logging_mixin.py:137} INFO - [2025-02-01T02:54:46.127+0000] {dag.py:3441} INFO - Setting next_dagrun for example_xcom_args_with_operators to None, run_after=None
[2025-02-01T02:54:46.364+0000] {processor.py:175} INFO - Processing /home/airflow/.local/lib/python3.7/site-packages/airflow/example_dags/example_xcomargs.py took 0.778 seconds
[2025-02-01T02:55:17.189+0000] {processor.py:153} INFO - Started process (PID=1700) to work on /home/airflow/.local/lib/python3.7/site-packages/airflow/example_dags/example_xcomargs.py
[2025-02-01T02:55:17.258+0000] {processor.py:743} INFO - Processing file /home/airflow/.local/lib/python3.7/site-packages/airflow/example_dags/example_xcomargs.py for tasks to queue
[2025-02-01T02:55:17.262+0000] {logging_mixin.py:137} INFO - [2025-02-01T02:55:17.260+0000] {dagbag.py:538} INFO - Filling up the DagBag from /home/airflow/.local/lib/python3.7/site-packages/airflow/example_dags/example_xcomargs.py
[2025-02-01T02:55:17.452+0000] {processor.py:753} INFO - DAG(s) dict_keys(['example_xcom_args_with_operators', 'example_xcom_args']) retrieved from /home/airflow/.local/lib/python3.7/site-packages/airflow/example_dags/example_xcomargs.py
[2025-02-01T02:55:17.540+0000] {logging_mixin.py:137} INFO - [2025-02-01T02:55:17.539+0000] {dag.py:2690} INFO - Sync 2 DAGs
[2025-02-01T02:55:17.624+0000] {logging_mixin.py:137} INFO - [2025-02-01T02:55:17.623+0000] {dag.py:3441} INFO - Setting next_dagrun for example_xcom_args to None, run_after=None
[2025-02-01T02:55:17.632+0000] {logging_mixin.py:137} INFO - [2025-02-01T02:55:17.631+0000] {dag.py:3441} INFO - Setting next_dagrun for example_xcom_args_with_operators to None, run_after=None
[2025-02-01T02:55:17.707+0000] {processor.py:175} INFO - Processing /home/airflow/.local/lib/python3.7/site-packages/airflow/example_dags/example_xcomargs.py took 0.538 seconds
[2025-02-01T02:55:48.465+0000] {processor.py:153} INFO - Started process (PID=1760) to work on /home/airflow/.local/lib/python3.7/site-packages/airflow/example_dags/example_xcomargs.py
[2025-02-01T02:55:48.467+0000] {processor.py:743} INFO - Processing file /home/airflow/.local/lib/python3.7/site-packages/airflow/example_dags/example_xcomargs.py for tasks to queue
[2025-02-01T02:55:48.468+0000] {logging_mixin.py:137} INFO - [2025-02-01T02:55:48.468+0000] {dagbag.py:538} INFO - Filling up the DagBag from /home/airflow/.local/lib/python3.7/site-packages/airflow/example_dags/example_xcomargs.py
[2025-02-01T02:55:48.544+0000] {processor.py:753} INFO - DAG(s) dict_keys(['example_xcom_args_with_operators', 'example_xcom_args']) retrieved from /home/airflow/.local/lib/python3.7/site-packages/airflow/example_dags/example_xcomargs.py
[2025-02-01T02:55:48.609+0000] {logging_mixin.py:137} INFO - [2025-02-01T02:55:48.609+0000] {dag.py:2690} INFO - Sync 2 DAGs
[2025-02-01T02:55:48.676+0000] {logging_mixin.py:137} INFO - [2025-02-01T02:55:48.675+0000] {dag.py:3441} INFO - Setting next_dagrun for example_xcom_args to None, run_after=None
[2025-02-01T02:55:48.691+0000] {logging_mixin.py:137} INFO - [2025-02-01T02:55:48.691+0000] {dag.py:3441} INFO - Setting next_dagrun for example_xcom_args_with_operators to None, run_after=None
[2025-02-01T02:55:48.771+0000] {processor.py:175} INFO - Processing /home/airflow/.local/lib/python3.7/site-packages/airflow/example_dags/example_xcomargs.py took 0.314 seconds
[2025-02-01T02:56:19.043+0000] {processor.py:153} INFO - Started process (PID=1819) to work on /home/airflow/.local/lib/python3.7/site-packages/airflow/example_dags/example_xcomargs.py
[2025-02-01T02:56:19.046+0000] {processor.py:743} INFO - Processing file /home/airflow/.local/lib/python3.7/site-packages/airflow/example_dags/example_xcomargs.py for tasks to queue
[2025-02-01T02:56:19.047+0000] {logging_mixin.py:137} INFO - [2025-02-01T02:56:19.047+0000] {dagbag.py:538} INFO - Filling up the DagBag from /home/airflow/.local/lib/python3.7/site-packages/airflow/example_dags/example_xcomargs.py
[2025-02-01T02:56:19.132+0000] {processor.py:753} INFO - DAG(s) dict_keys(['example_xcom_args', 'example_xcom_args_with_operators']) retrieved from /home/airflow/.local/lib/python3.7/site-packages/airflow/example_dags/example_xcomargs.py
[2025-02-01T02:56:19.223+0000] {logging_mixin.py:137} INFO - [2025-02-01T02:56:19.223+0000] {dag.py:2690} INFO - Sync 2 DAGs
[2025-02-01T02:56:19.287+0000] {logging_mixin.py:137} INFO - [2025-02-01T02:56:19.286+0000] {dag.py:3441} INFO - Setting next_dagrun for example_xcom_args to None, run_after=None
[2025-02-01T02:56:19.298+0000] {logging_mixin.py:137} INFO - [2025-02-01T02:56:19.296+0000] {dag.py:3441} INFO - Setting next_dagrun for example_xcom_args_with_operators to None, run_after=None
[2025-02-01T02:56:19.342+0000] {processor.py:175} INFO - Processing /home/airflow/.local/lib/python3.7/site-packages/airflow/example_dags/example_xcomargs.py took 0.313 seconds
[2025-02-01T02:56:49.647+0000] {processor.py:153} INFO - Started process (PID=1877) to work on /home/airflow/.local/lib/python3.7/site-packages/airflow/example_dags/example_xcomargs.py
[2025-02-01T02:56:49.648+0000] {processor.py:743} INFO - Processing file /home/airflow/.local/lib/python3.7/site-packages/airflow/example_dags/example_xcomargs.py for tasks to queue
[2025-02-01T02:56:49.650+0000] {logging_mixin.py:137} INFO - [2025-02-01T02:56:49.649+0000] {dagbag.py:538} INFO - Filling up the DagBag from /home/airflow/.local/lib/python3.7/site-packages/airflow/example_dags/example_xcomargs.py
[2025-02-01T02:56:49.708+0000] {processor.py:753} INFO - DAG(s) dict_keys(['example_xcom_args_with_operators', 'example_xcom_args']) retrieved from /home/airflow/.local/lib/python3.7/site-packages/airflow/example_dags/example_xcomargs.py
[2025-02-01T02:56:49.817+0000] {logging_mixin.py:137} INFO - [2025-02-01T02:56:49.817+0000] {dag.py:2690} INFO - Sync 2 DAGs
[2025-02-01T02:56:49.947+0000] {logging_mixin.py:137} INFO - [2025-02-01T02:56:49.945+0000] {dag.py:3441} INFO - Setting next_dagrun for example_xcom_args to None, run_after=None
[2025-02-01T02:56:49.961+0000] {logging_mixin.py:137} INFO - [2025-02-01T02:56:49.961+0000] {dag.py:3441} INFO - Setting next_dagrun for example_xcom_args_with_operators to None, run_after=None
[2025-02-01T02:56:50.046+0000] {processor.py:175} INFO - Processing /home/airflow/.local/lib/python3.7/site-packages/airflow/example_dags/example_xcomargs.py took 0.407 seconds
[2025-02-01T02:57:20.514+0000] {processor.py:153} INFO - Started process (PID=1927) to work on /home/airflow/.local/lib/python3.7/site-packages/airflow/example_dags/example_xcomargs.py
[2025-02-01T02:57:20.515+0000] {processor.py:743} INFO - Processing file /home/airflow/.local/lib/python3.7/site-packages/airflow/example_dags/example_xcomargs.py for tasks to queue
[2025-02-01T02:57:20.517+0000] {logging_mixin.py:137} INFO - [2025-02-01T02:57:20.517+0000] {dagbag.py:538} INFO - Filling up the DagBag from /home/airflow/.local/lib/python3.7/site-packages/airflow/example_dags/example_xcomargs.py
[2025-02-01T02:57:20.578+0000] {processor.py:753} INFO - DAG(s) dict_keys(['example_xcom_args', 'example_xcom_args_with_operators']) retrieved from /home/airflow/.local/lib/python3.7/site-packages/airflow/example_dags/example_xcomargs.py
[2025-02-01T02:57:20.645+0000] {logging_mixin.py:137} INFO - [2025-02-01T02:57:20.645+0000] {dag.py:2690} INFO - Sync 2 DAGs
[2025-02-01T02:57:20.732+0000] {logging_mixin.py:137} INFO - [2025-02-01T02:57:20.732+0000] {dag.py:3441} INFO - Setting next_dagrun for example_xcom_args to None, run_after=None
[2025-02-01T02:57:20.740+0000] {logging_mixin.py:137} INFO - [2025-02-01T02:57:20.740+0000] {dag.py:3441} INFO - Setting next_dagrun for example_xcom_args_with_operators to None, run_after=None
[2025-02-01T02:57:20.785+0000] {processor.py:175} INFO - Processing /home/airflow/.local/lib/python3.7/site-packages/airflow/example_dags/example_xcomargs.py took 0.278 seconds
[2025-02-01T02:57:51.378+0000] {processor.py:153} INFO - Started process (PID=1986) to work on /home/airflow/.local/lib/python3.7/site-packages/airflow/example_dags/example_xcomargs.py
[2025-02-01T02:57:51.384+0000] {processor.py:743} INFO - Processing file /home/airflow/.local/lib/python3.7/site-packages/airflow/example_dags/example_xcomargs.py for tasks to queue
[2025-02-01T02:57:51.390+0000] {logging_mixin.py:137} INFO - [2025-02-01T02:57:51.389+0000] {dagbag.py:538} INFO - Filling up the DagBag from /home/airflow/.local/lib/python3.7/site-packages/airflow/example_dags/example_xcomargs.py
[2025-02-01T02:57:51.620+0000] {processor.py:753} INFO - DAG(s) dict_keys(['example_xcom_args_with_operators', 'example_xcom_args']) retrieved from /home/airflow/.local/lib/python3.7/site-packages/airflow/example_dags/example_xcomargs.py
[2025-02-01T02:57:51.933+0000] {logging_mixin.py:137} INFO - [2025-02-01T02:57:51.932+0000] {dag.py:2690} INFO - Sync 2 DAGs
[2025-02-01T02:57:52.070+0000] {logging_mixin.py:137} INFO - [2025-02-01T02:57:52.070+0000] {dag.py:3441} INFO - Setting next_dagrun for example_xcom_args to None, run_after=None
[2025-02-01T02:57:52.088+0000] {logging_mixin.py:137} INFO - [2025-02-01T02:57:52.088+0000] {dag.py:3441} INFO - Setting next_dagrun for example_xcom_args_with_operators to None, run_after=None
[2025-02-01T02:57:52.173+0000] {processor.py:175} INFO - Processing /home/airflow/.local/lib/python3.7/site-packages/airflow/example_dags/example_xcomargs.py took 0.821 seconds
[2025-02-01T02:58:22.522+0000] {processor.py:153} INFO - Started process (PID=2042) to work on /home/airflow/.local/lib/python3.7/site-packages/airflow/example_dags/example_xcomargs.py
[2025-02-01T02:58:22.531+0000] {processor.py:743} INFO - Processing file /home/airflow/.local/lib/python3.7/site-packages/airflow/example_dags/example_xcomargs.py for tasks to queue
[2025-02-01T02:58:22.538+0000] {logging_mixin.py:137} INFO - [2025-02-01T02:58:22.533+0000] {dagbag.py:538} INFO - Filling up the DagBag from /home/airflow/.local/lib/python3.7/site-packages/airflow/example_dags/example_xcomargs.py
[2025-02-01T02:58:22.851+0000] {processor.py:753} INFO - DAG(s) dict_keys(['example_xcom_args', 'example_xcom_args_with_operators']) retrieved from /home/airflow/.local/lib/python3.7/site-packages/airflow/example_dags/example_xcomargs.py
[2025-02-01T02:58:23.200+0000] {logging_mixin.py:137} INFO - [2025-02-01T02:58:23.200+0000] {dag.py:2690} INFO - Sync 2 DAGs
[2025-02-01T02:58:23.582+0000] {logging_mixin.py:137} INFO - [2025-02-01T02:58:23.582+0000] {dag.py:3441} INFO - Setting next_dagrun for example_xcom_args to None, run_after=None
[2025-02-01T02:58:23.628+0000] {logging_mixin.py:137} INFO - [2025-02-01T02:58:23.628+0000] {dag.py:3441} INFO - Setting next_dagrun for example_xcom_args_with_operators to None, run_after=None
[2025-02-01T02:58:23.860+0000] {processor.py:175} INFO - Processing /home/airflow/.local/lib/python3.7/site-packages/airflow/example_dags/example_xcomargs.py took 1.380 seconds
[2025-02-01T02:58:54.728+0000] {processor.py:153} INFO - Started process (PID=2094) to work on /home/airflow/.local/lib/python3.7/site-packages/airflow/example_dags/example_xcomargs.py
[2025-02-01T02:58:54.729+0000] {processor.py:743} INFO - Processing file /home/airflow/.local/lib/python3.7/site-packages/airflow/example_dags/example_xcomargs.py for tasks to queue
[2025-02-01T02:58:54.739+0000] {logging_mixin.py:137} INFO - [2025-02-01T02:58:54.735+0000] {dagbag.py:538} INFO - Filling up the DagBag from /home/airflow/.local/lib/python3.7/site-packages/airflow/example_dags/example_xcomargs.py
[2025-02-01T02:58:54.821+0000] {processor.py:753} INFO - DAG(s) dict_keys(['example_xcom_args', 'example_xcom_args_with_operators']) retrieved from /home/airflow/.local/lib/python3.7/site-packages/airflow/example_dags/example_xcomargs.py
[2025-02-01T02:58:54.896+0000] {logging_mixin.py:137} INFO - [2025-02-01T02:58:54.896+0000] {dag.py:2690} INFO - Sync 2 DAGs
[2025-02-01T02:58:54.960+0000] {logging_mixin.py:137} INFO - [2025-02-01T02:58:54.959+0000] {dag.py:3441} INFO - Setting next_dagrun for example_xcom_args to None, run_after=None
[2025-02-01T02:58:54.968+0000] {logging_mixin.py:137} INFO - [2025-02-01T02:58:54.967+0000] {dag.py:3441} INFO - Setting next_dagrun for example_xcom_args_with_operators to None, run_after=None
[2025-02-01T02:58:55.008+0000] {processor.py:175} INFO - Processing /home/airflow/.local/lib/python3.7/site-packages/airflow/example_dags/example_xcomargs.py took 0.299 seconds
[2025-02-01T02:59:25.058+0000] {processor.py:153} INFO - Started process (PID=2151) to work on /home/airflow/.local/lib/python3.7/site-packages/airflow/example_dags/example_xcomargs.py
[2025-02-01T02:59:25.061+0000] {processor.py:743} INFO - Processing file /home/airflow/.local/lib/python3.7/site-packages/airflow/example_dags/example_xcomargs.py for tasks to queue
[2025-02-01T02:59:25.063+0000] {logging_mixin.py:137} INFO - [2025-02-01T02:59:25.063+0000] {dagbag.py:538} INFO - Filling up the DagBag from /home/airflow/.local/lib/python3.7/site-packages/airflow/example_dags/example_xcomargs.py
[2025-02-01T02:59:25.121+0000] {processor.py:753} INFO - DAG(s) dict_keys(['example_xcom_args_with_operators', 'example_xcom_args']) retrieved from /home/airflow/.local/lib/python3.7/site-packages/airflow/example_dags/example_xcomargs.py
[2025-02-01T02:59:25.186+0000] {logging_mixin.py:137} INFO - [2025-02-01T02:59:25.185+0000] {dag.py:2690} INFO - Sync 2 DAGs
[2025-02-01T02:59:25.248+0000] {logging_mixin.py:137} INFO - [2025-02-01T02:59:25.247+0000] {dag.py:3441} INFO - Setting next_dagrun for example_xcom_args to None, run_after=None
[2025-02-01T02:59:25.256+0000] {logging_mixin.py:137} INFO - [2025-02-01T02:59:25.255+0000] {dag.py:3441} INFO - Setting next_dagrun for example_xcom_args_with_operators to None, run_after=None
[2025-02-01T02:59:25.295+0000] {processor.py:175} INFO - Processing /home/airflow/.local/lib/python3.7/site-packages/airflow/example_dags/example_xcomargs.py took 0.244 seconds
[2025-02-01T02:59:55.476+0000] {processor.py:153} INFO - Started process (PID=2209) to work on /home/airflow/.local/lib/python3.7/site-packages/airflow/example_dags/example_xcomargs.py
[2025-02-01T02:59:55.480+0000] {processor.py:743} INFO - Processing file /home/airflow/.local/lib/python3.7/site-packages/airflow/example_dags/example_xcomargs.py for tasks to queue
[2025-02-01T02:59:55.482+0000] {logging_mixin.py:137} INFO - [2025-02-01T02:59:55.482+0000] {dagbag.py:538} INFO - Filling up the DagBag from /home/airflow/.local/lib/python3.7/site-packages/airflow/example_dags/example_xcomargs.py
[2025-02-01T02:59:55.578+0000] {processor.py:753} INFO - DAG(s) dict_keys(['example_xcom_args', 'example_xcom_args_with_operators']) retrieved from /home/airflow/.local/lib/python3.7/site-packages/airflow/example_dags/example_xcomargs.py
[2025-02-01T02:59:55.644+0000] {logging_mixin.py:137} INFO - [2025-02-01T02:59:55.643+0000] {dag.py:2690} INFO - Sync 2 DAGs
[2025-02-01T02:59:55.709+0000] {logging_mixin.py:137} INFO - [2025-02-01T02:59:55.708+0000] {dag.py:3441} INFO - Setting next_dagrun for example_xcom_args to None, run_after=None
[2025-02-01T02:59:55.717+0000] {logging_mixin.py:137} INFO - [2025-02-01T02:59:55.717+0000] {dag.py:3441} INFO - Setting next_dagrun for example_xcom_args_with_operators to None, run_after=None
[2025-02-01T02:59:55.759+0000] {processor.py:175} INFO - Processing /home/airflow/.local/lib/python3.7/site-packages/airflow/example_dags/example_xcomargs.py took 0.303 seconds
[2025-02-01T03:00:27.672+0000] {processor.py:153} INFO - Started process (PID=2260) to work on /home/airflow/.local/lib/python3.7/site-packages/airflow/example_dags/example_xcomargs.py
[2025-02-01T03:00:27.685+0000] {processor.py:743} INFO - Processing file /home/airflow/.local/lib/python3.7/site-packages/airflow/example_dags/example_xcomargs.py for tasks to queue
[2025-02-01T03:00:27.690+0000] {logging_mixin.py:137} INFO - [2025-02-01T03:00:27.690+0000] {dagbag.py:538} INFO - Filling up the DagBag from /home/airflow/.local/lib/python3.7/site-packages/airflow/example_dags/example_xcomargs.py
[2025-02-01T03:00:27.964+0000] {processor.py:753} INFO - DAG(s) dict_keys(['example_xcom_args_with_operators', 'example_xcom_args']) retrieved from /home/airflow/.local/lib/python3.7/site-packages/airflow/example_dags/example_xcomargs.py
[2025-02-01T03:00:28.304+0000] {logging_mixin.py:137} INFO - [2025-02-01T03:00:28.298+0000] {dag.py:2690} INFO - Sync 2 DAGs
[2025-02-01T03:00:28.664+0000] {logging_mixin.py:137} INFO - [2025-02-01T03:00:28.658+0000] {dag.py:3441} INFO - Setting next_dagrun for example_xcom_args to None, run_after=None
[2025-02-01T03:00:28.709+0000] {logging_mixin.py:137} INFO - [2025-02-01T03:00:28.709+0000] {dag.py:3441} INFO - Setting next_dagrun for example_xcom_args_with_operators to None, run_after=None
[2025-02-01T03:00:28.908+0000] {processor.py:175} INFO - Processing /home/airflow/.local/lib/python3.7/site-packages/airflow/example_dags/example_xcomargs.py took 1.270 seconds
[2025-02-01T03:00:59.504+0000] {processor.py:153} INFO - Started process (PID=2319) to work on /home/airflow/.local/lib/python3.7/site-packages/airflow/example_dags/example_xcomargs.py
[2025-02-01T03:00:59.506+0000] {processor.py:743} INFO - Processing file /home/airflow/.local/lib/python3.7/site-packages/airflow/example_dags/example_xcomargs.py for tasks to queue
[2025-02-01T03:00:59.507+0000] {logging_mixin.py:137} INFO - [2025-02-01T03:00:59.507+0000] {dagbag.py:538} INFO - Filling up the DagBag from /home/airflow/.local/lib/python3.7/site-packages/airflow/example_dags/example_xcomargs.py
[2025-02-01T03:00:59.679+0000] {processor.py:753} INFO - DAG(s) dict_keys(['example_xcom_args', 'example_xcom_args_with_operators']) retrieved from /home/airflow/.local/lib/python3.7/site-packages/airflow/example_dags/example_xcomargs.py
[2025-02-01T03:00:59.864+0000] {logging_mixin.py:137} INFO - [2025-02-01T03:00:59.859+0000] {dag.py:2690} INFO - Sync 2 DAGs
[2025-02-01T03:01:00.064+0000] {logging_mixin.py:137} INFO - [2025-02-01T03:01:00.064+0000] {dag.py:3441} INFO - Setting next_dagrun for example_xcom_args to None, run_after=None
[2025-02-01T03:01:00.082+0000] {logging_mixin.py:137} INFO - [2025-02-01T03:01:00.082+0000] {dag.py:3441} INFO - Setting next_dagrun for example_xcom_args_with_operators to None, run_after=None
[2025-02-01T03:01:00.186+0000] {processor.py:175} INFO - Processing /home/airflow/.local/lib/python3.7/site-packages/airflow/example_dags/example_xcomargs.py took 0.698 seconds
[2025-02-01T03:01:30.296+0000] {processor.py:153} INFO - Started process (PID=2378) to work on /home/airflow/.local/lib/python3.7/site-packages/airflow/example_dags/example_xcomargs.py
[2025-02-01T03:01:30.298+0000] {processor.py:743} INFO - Processing file /home/airflow/.local/lib/python3.7/site-packages/airflow/example_dags/example_xcomargs.py for tasks to queue
[2025-02-01T03:01:30.299+0000] {logging_mixin.py:137} INFO - [2025-02-01T03:01:30.299+0000] {dagbag.py:538} INFO - Filling up the DagBag from /home/airflow/.local/lib/python3.7/site-packages/airflow/example_dags/example_xcomargs.py
[2025-02-01T03:01:30.358+0000] {processor.py:753} INFO - DAG(s) dict_keys(['example_xcom_args_with_operators', 'example_xcom_args']) retrieved from /home/airflow/.local/lib/python3.7/site-packages/airflow/example_dags/example_xcomargs.py
[2025-02-01T03:01:30.424+0000] {logging_mixin.py:137} INFO - [2025-02-01T03:01:30.424+0000] {dag.py:2690} INFO - Sync 2 DAGs
[2025-02-01T03:01:30.486+0000] {logging_mixin.py:137} INFO - [2025-02-01T03:01:30.486+0000] {dag.py:3441} INFO - Setting next_dagrun for example_xcom_args to None, run_after=None
[2025-02-01T03:01:30.494+0000] {logging_mixin.py:137} INFO - [2025-02-01T03:01:30.494+0000] {dag.py:3441} INFO - Setting next_dagrun for example_xcom_args_with_operators to None, run_after=None
[2025-02-01T03:01:30.537+0000] {processor.py:175} INFO - Processing /home/airflow/.local/lib/python3.7/site-packages/airflow/example_dags/example_xcomargs.py took 0.249 seconds
[2025-02-01T03:02:01.278+0000] {processor.py:153} INFO - Started process (PID=2436) to work on /home/airflow/.local/lib/python3.7/site-packages/airflow/example_dags/example_xcomargs.py
[2025-02-01T03:02:01.283+0000] {processor.py:743} INFO - Processing file /home/airflow/.local/lib/python3.7/site-packages/airflow/example_dags/example_xcomargs.py for tasks to queue
[2025-02-01T03:02:01.285+0000] {logging_mixin.py:137} INFO - [2025-02-01T03:02:01.284+0000] {dagbag.py:538} INFO - Filling up the DagBag from /home/airflow/.local/lib/python3.7/site-packages/airflow/example_dags/example_xcomargs.py
[2025-02-01T03:02:01.409+0000] {processor.py:753} INFO - DAG(s) dict_keys(['example_xcom_args_with_operators', 'example_xcom_args']) retrieved from /home/airflow/.local/lib/python3.7/site-packages/airflow/example_dags/example_xcomargs.py
[2025-02-01T03:02:01.567+0000] {logging_mixin.py:137} INFO - [2025-02-01T03:02:01.567+0000] {dag.py:2690} INFO - Sync 2 DAGs
[2025-02-01T03:02:01.703+0000] {logging_mixin.py:137} INFO - [2025-02-01T03:02:01.703+0000] {dag.py:3441} INFO - Setting next_dagrun for example_xcom_args to None, run_after=None
[2025-02-01T03:02:01.717+0000] {logging_mixin.py:137} INFO - [2025-02-01T03:02:01.717+0000] {dag.py:3441} INFO - Setting next_dagrun for example_xcom_args_with_operators to None, run_after=None
[2025-02-01T03:02:01.791+0000] {processor.py:175} INFO - Processing /home/airflow/.local/lib/python3.7/site-packages/airflow/example_dags/example_xcomargs.py took 0.528 seconds
[2025-02-01T03:02:31.935+0000] {processor.py:153} INFO - Started process (PID=2492) to work on /home/airflow/.local/lib/python3.7/site-packages/airflow/example_dags/example_xcomargs.py
[2025-02-01T03:02:31.938+0000] {processor.py:743} INFO - Processing file /home/airflow/.local/lib/python3.7/site-packages/airflow/example_dags/example_xcomargs.py for tasks to queue
[2025-02-01T03:02:31.942+0000] {logging_mixin.py:137} INFO - [2025-02-01T03:02:31.941+0000] {dagbag.py:538} INFO - Filling up the DagBag from /home/airflow/.local/lib/python3.7/site-packages/airflow/example_dags/example_xcomargs.py
[2025-02-01T03:02:32.040+0000] {processor.py:753} INFO - DAG(s) dict_keys(['example_xcom_args_with_operators', 'example_xcom_args']) retrieved from /home/airflow/.local/lib/python3.7/site-packages/airflow/example_dags/example_xcomargs.py
[2025-02-01T03:02:32.163+0000] {logging_mixin.py:137} INFO - [2025-02-01T03:02:32.162+0000] {dag.py:2690} INFO - Sync 2 DAGs
[2025-02-01T03:02:32.290+0000] {logging_mixin.py:137} INFO - [2025-02-01T03:02:32.289+0000] {dag.py:3441} INFO - Setting next_dagrun for example_xcom_args to None, run_after=None
[2025-02-01T03:02:32.304+0000] {logging_mixin.py:137} INFO - [2025-02-01T03:02:32.304+0000] {dag.py:3441} INFO - Setting next_dagrun for example_xcom_args_with_operators to None, run_after=None
[2025-02-01T03:02:32.366+0000] {processor.py:175} INFO - Processing /home/airflow/.local/lib/python3.7/site-packages/airflow/example_dags/example_xcomargs.py took 0.445 seconds
[2025-02-01T03:03:02.989+0000] {processor.py:153} INFO - Started process (PID=2544) to work on /home/airflow/.local/lib/python3.7/site-packages/airflow/example_dags/example_xcomargs.py
[2025-02-01T03:03:02.992+0000] {processor.py:743} INFO - Processing file /home/airflow/.local/lib/python3.7/site-packages/airflow/example_dags/example_xcomargs.py for tasks to queue
[2025-02-01T03:03:02.994+0000] {logging_mixin.py:137} INFO - [2025-02-01T03:03:02.993+0000] {dagbag.py:538} INFO - Filling up the DagBag from /home/airflow/.local/lib/python3.7/site-packages/airflow/example_dags/example_xcomargs.py
[2025-02-01T03:03:03.061+0000] {processor.py:753} INFO - DAG(s) dict_keys(['example_xcom_args_with_operators', 'example_xcom_args']) retrieved from /home/airflow/.local/lib/python3.7/site-packages/airflow/example_dags/example_xcomargs.py
[2025-02-01T03:03:03.126+0000] {logging_mixin.py:137} INFO - [2025-02-01T03:03:03.125+0000] {dag.py:2690} INFO - Sync 2 DAGs
[2025-02-01T03:03:03.189+0000] {logging_mixin.py:137} INFO - [2025-02-01T03:03:03.188+0000] {dag.py:3441} INFO - Setting next_dagrun for example_xcom_args to None, run_after=None
[2025-02-01T03:03:03.197+0000] {logging_mixin.py:137} INFO - [2025-02-01T03:03:03.196+0000] {dag.py:3441} INFO - Setting next_dagrun for example_xcom_args_with_operators to None, run_after=None
[2025-02-01T03:03:03.239+0000] {processor.py:175} INFO - Processing /home/airflow/.local/lib/python3.7/site-packages/airflow/example_dags/example_xcomargs.py took 0.266 seconds
[2025-02-01T03:03:34.769+0000] {processor.py:153} INFO - Started process (PID=2603) to work on /home/airflow/.local/lib/python3.7/site-packages/airflow/example_dags/example_xcomargs.py
[2025-02-01T03:03:34.776+0000] {processor.py:743} INFO - Processing file /home/airflow/.local/lib/python3.7/site-packages/airflow/example_dags/example_xcomargs.py for tasks to queue
[2025-02-01T03:03:34.782+0000] {logging_mixin.py:137} INFO - [2025-02-01T03:03:34.777+0000] {dagbag.py:538} INFO - Filling up the DagBag from /home/airflow/.local/lib/python3.7/site-packages/airflow/example_dags/example_xcomargs.py
[2025-02-01T03:03:35.026+0000] {processor.py:753} INFO - DAG(s) dict_keys(['example_xcom_args_with_operators', 'example_xcom_args']) retrieved from /home/airflow/.local/lib/python3.7/site-packages/airflow/example_dags/example_xcomargs.py
[2025-02-01T03:03:35.348+0000] {logging_mixin.py:137} INFO - [2025-02-01T03:03:35.347+0000] {dag.py:2690} INFO - Sync 2 DAGs
[2025-02-01T03:03:35.671+0000] {logging_mixin.py:137} INFO - [2025-02-01T03:03:35.671+0000] {dag.py:3441} INFO - Setting next_dagrun for example_xcom_args to None, run_after=None
[2025-02-01T03:03:35.731+0000] {logging_mixin.py:137} INFO - [2025-02-01T03:03:35.730+0000] {dag.py:3441} INFO - Setting next_dagrun for example_xcom_args_with_operators to None, run_after=None
[2025-02-01T03:03:35.992+0000] {processor.py:175} INFO - Processing /home/airflow/.local/lib/python3.7/site-packages/airflow/example_dags/example_xcomargs.py took 1.249 seconds
[2025-02-01T03:04:07.021+0000] {processor.py:153} INFO - Started process (PID=2659) to work on /home/airflow/.local/lib/python3.7/site-packages/airflow/example_dags/example_xcomargs.py
[2025-02-01T03:04:07.031+0000] {processor.py:743} INFO - Processing file /home/airflow/.local/lib/python3.7/site-packages/airflow/example_dags/example_xcomargs.py for tasks to queue
[2025-02-01T03:04:07.035+0000] {logging_mixin.py:137} INFO - [2025-02-01T03:04:07.034+0000] {dagbag.py:538} INFO - Filling up the DagBag from /home/airflow/.local/lib/python3.7/site-packages/airflow/example_dags/example_xcomargs.py
[2025-02-01T03:04:07.327+0000] {processor.py:753} INFO - DAG(s) dict_keys(['example_xcom_args', 'example_xcom_args_with_operators']) retrieved from /home/airflow/.local/lib/python3.7/site-packages/airflow/example_dags/example_xcomargs.py
[2025-02-01T03:04:07.514+0000] {logging_mixin.py:137} INFO - [2025-02-01T03:04:07.513+0000] {dag.py:2690} INFO - Sync 2 DAGs
[2025-02-01T03:04:07.738+0000] {logging_mixin.py:137} INFO - [2025-02-01T03:04:07.738+0000] {dag.py:3441} INFO - Setting next_dagrun for example_xcom_args to None, run_after=None
[2025-02-01T03:04:07.772+0000] {logging_mixin.py:137} INFO - [2025-02-01T03:04:07.772+0000] {dag.py:3441} INFO - Setting next_dagrun for example_xcom_args_with_operators to None, run_after=None
[2025-02-01T03:04:07.893+0000] {processor.py:175} INFO - Processing /home/airflow/.local/lib/python3.7/site-packages/airflow/example_dags/example_xcomargs.py took 0.919 seconds
[2025-02-01T03:04:38.007+0000] {processor.py:153} INFO - Started process (PID=2710) to work on /home/airflow/.local/lib/python3.7/site-packages/airflow/example_dags/example_xcomargs.py
[2025-02-01T03:04:38.011+0000] {processor.py:743} INFO - Processing file /home/airflow/.local/lib/python3.7/site-packages/airflow/example_dags/example_xcomargs.py for tasks to queue
[2025-02-01T03:04:38.012+0000] {logging_mixin.py:137} INFO - [2025-02-01T03:04:38.012+0000] {dagbag.py:538} INFO - Filling up the DagBag from /home/airflow/.local/lib/python3.7/site-packages/airflow/example_dags/example_xcomargs.py
[2025-02-01T03:04:38.104+0000] {processor.py:753} INFO - DAG(s) dict_keys(['example_xcom_args', 'example_xcom_args_with_operators']) retrieved from /home/airflow/.local/lib/python3.7/site-packages/airflow/example_dags/example_xcomargs.py
[2025-02-01T03:04:38.170+0000] {logging_mixin.py:137} INFO - [2025-02-01T03:04:38.169+0000] {dag.py:2690} INFO - Sync 2 DAGs
[2025-02-01T03:04:38.238+0000] {logging_mixin.py:137} INFO - [2025-02-01T03:04:38.238+0000] {dag.py:3441} INFO - Setting next_dagrun for example_xcom_args to None, run_after=None
[2025-02-01T03:04:38.247+0000] {logging_mixin.py:137} INFO - [2025-02-01T03:04:38.246+0000] {dag.py:3441} INFO - Setting next_dagrun for example_xcom_args_with_operators to None, run_after=None
[2025-02-01T03:04:38.293+0000] {processor.py:175} INFO - Processing /home/airflow/.local/lib/python3.7/site-packages/airflow/example_dags/example_xcomargs.py took 0.297 seconds
[2025-02-01T03:05:08.642+0000] {processor.py:153} INFO - Started process (PID=2769) to work on /home/airflow/.local/lib/python3.7/site-packages/airflow/example_dags/example_xcomargs.py
[2025-02-01T03:05:08.650+0000] {processor.py:743} INFO - Processing file /home/airflow/.local/lib/python3.7/site-packages/airflow/example_dags/example_xcomargs.py for tasks to queue
[2025-02-01T03:05:08.652+0000] {logging_mixin.py:137} INFO - [2025-02-01T03:05:08.652+0000] {dagbag.py:538} INFO - Filling up the DagBag from /home/airflow/.local/lib/python3.7/site-packages/airflow/example_dags/example_xcomargs.py
[2025-02-01T03:05:08.774+0000] {processor.py:753} INFO - DAG(s) dict_keys(['example_xcom_args', 'example_xcom_args_with_operators']) retrieved from /home/airflow/.local/lib/python3.7/site-packages/airflow/example_dags/example_xcomargs.py
[2025-02-01T03:05:08.929+0000] {logging_mixin.py:137} INFO - [2025-02-01T03:05:08.929+0000] {dag.py:2690} INFO - Sync 2 DAGs
[2025-02-01T03:05:09.052+0000] {logging_mixin.py:137} INFO - [2025-02-01T03:05:09.052+0000] {dag.py:3441} INFO - Setting next_dagrun for example_xcom_args to None, run_after=None
[2025-02-01T03:05:09.060+0000] {logging_mixin.py:137} INFO - [2025-02-01T03:05:09.059+0000] {dag.py:3441} INFO - Setting next_dagrun for example_xcom_args_with_operators to None, run_after=None
[2025-02-01T03:05:09.100+0000] {processor.py:175} INFO - Processing /home/airflow/.local/lib/python3.7/site-packages/airflow/example_dags/example_xcomargs.py took 0.478 seconds
[2025-02-01T03:05:39.525+0000] {processor.py:153} INFO - Started process (PID=2827) to work on /home/airflow/.local/lib/python3.7/site-packages/airflow/example_dags/example_xcomargs.py
[2025-02-01T03:05:39.529+0000] {processor.py:743} INFO - Processing file /home/airflow/.local/lib/python3.7/site-packages/airflow/example_dags/example_xcomargs.py for tasks to queue
[2025-02-01T03:05:39.530+0000] {logging_mixin.py:137} INFO - [2025-02-01T03:05:39.530+0000] {dagbag.py:538} INFO - Filling up the DagBag from /home/airflow/.local/lib/python3.7/site-packages/airflow/example_dags/example_xcomargs.py
[2025-02-01T03:05:39.655+0000] {processor.py:753} INFO - DAG(s) dict_keys(['example_xcom_args', 'example_xcom_args_with_operators']) retrieved from /home/airflow/.local/lib/python3.7/site-packages/airflow/example_dags/example_xcomargs.py
[2025-02-01T03:05:39.807+0000] {logging_mixin.py:137} INFO - [2025-02-01T03:05:39.806+0000] {dag.py:2690} INFO - Sync 2 DAGs
[2025-02-01T03:05:39.947+0000] {logging_mixin.py:137} INFO - [2025-02-01T03:05:39.945+0000] {dag.py:3441} INFO - Setting next_dagrun for example_xcom_args to None, run_after=None
[2025-02-01T03:05:39.960+0000] {logging_mixin.py:137} INFO - [2025-02-01T03:05:39.960+0000] {dag.py:3441} INFO - Setting next_dagrun for example_xcom_args_with_operators to None, run_after=None
[2025-02-01T03:05:40.039+0000] {processor.py:175} INFO - Processing /home/airflow/.local/lib/python3.7/site-packages/airflow/example_dags/example_xcomargs.py took 0.527 seconds
[2025-02-01T03:06:10.773+0000] {processor.py:153} INFO - Started process (PID=2877) to work on /home/airflow/.local/lib/python3.7/site-packages/airflow/example_dags/example_xcomargs.py
[2025-02-01T03:06:10.776+0000] {processor.py:743} INFO - Processing file /home/airflow/.local/lib/python3.7/site-packages/airflow/example_dags/example_xcomargs.py for tasks to queue
[2025-02-01T03:06:10.780+0000] {logging_mixin.py:137} INFO - [2025-02-01T03:06:10.780+0000] {dagbag.py:538} INFO - Filling up the DagBag from /home/airflow/.local/lib/python3.7/site-packages/airflow/example_dags/example_xcomargs.py
[2025-02-01T03:06:10.882+0000] {processor.py:753} INFO - DAG(s) dict_keys(['example_xcom_args_with_operators', 'example_xcom_args']) retrieved from /home/airflow/.local/lib/python3.7/site-packages/airflow/example_dags/example_xcomargs.py
[2025-02-01T03:06:10.951+0000] {logging_mixin.py:137} INFO - [2025-02-01T03:06:10.951+0000] {dag.py:2690} INFO - Sync 2 DAGs
[2025-02-01T03:06:11.015+0000] {logging_mixin.py:137} INFO - [2025-02-01T03:06:11.014+0000] {dag.py:3441} INFO - Setting next_dagrun for example_xcom_args to None, run_after=None
[2025-02-01T03:06:11.025+0000] {logging_mixin.py:137} INFO - [2025-02-01T03:06:11.025+0000] {dag.py:3441} INFO - Setting next_dagrun for example_xcom_args_with_operators to None, run_after=None
[2025-02-01T03:06:11.065+0000] {processor.py:175} INFO - Processing /home/airflow/.local/lib/python3.7/site-packages/airflow/example_dags/example_xcomargs.py took 0.315 seconds
[2025-02-01T03:06:41.698+0000] {processor.py:153} INFO - Started process (PID=2936) to work on /home/airflow/.local/lib/python3.7/site-packages/airflow/example_dags/example_xcomargs.py
[2025-02-01T03:06:41.700+0000] {processor.py:743} INFO - Processing file /home/airflow/.local/lib/python3.7/site-packages/airflow/example_dags/example_xcomargs.py for tasks to queue
[2025-02-01T03:06:41.701+0000] {logging_mixin.py:137} INFO - [2025-02-01T03:06:41.701+0000] {dagbag.py:538} INFO - Filling up the DagBag from /home/airflow/.local/lib/python3.7/site-packages/airflow/example_dags/example_xcomargs.py
[2025-02-01T03:06:41.757+0000] {processor.py:753} INFO - DAG(s) dict_keys(['example_xcom_args_with_operators', 'example_xcom_args']) retrieved from /home/airflow/.local/lib/python3.7/site-packages/airflow/example_dags/example_xcomargs.py
[2025-02-01T03:06:41.849+0000] {logging_mixin.py:137} INFO - [2025-02-01T03:06:41.849+0000] {dag.py:2690} INFO - Sync 2 DAGs
[2025-02-01T03:06:41.918+0000] {logging_mixin.py:137} INFO - [2025-02-01T03:06:41.918+0000] {dag.py:3441} INFO - Setting next_dagrun for example_xcom_args to None, run_after=None
[2025-02-01T03:06:41.926+0000] {logging_mixin.py:137} INFO - [2025-02-01T03:06:41.926+0000] {dag.py:3441} INFO - Setting next_dagrun for example_xcom_args_with_operators to None, run_after=None
[2025-02-01T03:06:42.003+0000] {processor.py:175} INFO - Processing /home/airflow/.local/lib/python3.7/site-packages/airflow/example_dags/example_xcomargs.py took 0.314 seconds
[2025-02-01T03:07:12.498+0000] {processor.py:153} INFO - Started process (PID=2995) to work on /home/airflow/.local/lib/python3.7/site-packages/airflow/example_dags/example_xcomargs.py
[2025-02-01T03:07:12.508+0000] {processor.py:743} INFO - Processing file /home/airflow/.local/lib/python3.7/site-packages/airflow/example_dags/example_xcomargs.py for tasks to queue
[2025-02-01T03:07:12.510+0000] {logging_mixin.py:137} INFO - [2025-02-01T03:07:12.509+0000] {dagbag.py:538} INFO - Filling up the DagBag from /home/airflow/.local/lib/python3.7/site-packages/airflow/example_dags/example_xcomargs.py
[2025-02-01T03:07:12.735+0000] {processor.py:753} INFO - DAG(s) dict_keys(['example_xcom_args_with_operators', 'example_xcom_args']) retrieved from /home/airflow/.local/lib/python3.7/site-packages/airflow/example_dags/example_xcomargs.py
[2025-02-01T03:07:13.109+0000] {logging_mixin.py:137} INFO - [2025-02-01T03:07:13.108+0000] {dag.py:2690} INFO - Sync 2 DAGs
[2025-02-01T03:07:13.426+0000] {logging_mixin.py:137} INFO - [2025-02-01T03:07:13.426+0000] {dag.py:3441} INFO - Setting next_dagrun for example_xcom_args to None, run_after=None
[2025-02-01T03:07:13.462+0000] {logging_mixin.py:137} INFO - [2025-02-01T03:07:13.462+0000] {dag.py:3441} INFO - Setting next_dagrun for example_xcom_args_with_operators to None, run_after=None
[2025-02-01T03:07:13.643+0000] {processor.py:175} INFO - Processing /home/airflow/.local/lib/python3.7/site-packages/airflow/example_dags/example_xcomargs.py took 1.175 seconds
[2025-02-01T03:07:43.985+0000] {processor.py:153} INFO - Started process (PID=3044) to work on /home/airflow/.local/lib/python3.7/site-packages/airflow/example_dags/example_xcomargs.py
[2025-02-01T03:07:43.987+0000] {processor.py:743} INFO - Processing file /home/airflow/.local/lib/python3.7/site-packages/airflow/example_dags/example_xcomargs.py for tasks to queue
[2025-02-01T03:07:43.989+0000] {logging_mixin.py:137} INFO - [2025-02-01T03:07:43.988+0000] {dagbag.py:538} INFO - Filling up the DagBag from /home/airflow/.local/lib/python3.7/site-packages/airflow/example_dags/example_xcomargs.py
[2025-02-01T03:07:44.048+0000] {processor.py:753} INFO - DAG(s) dict_keys(['example_xcom_args_with_operators', 'example_xcom_args']) retrieved from /home/airflow/.local/lib/python3.7/site-packages/airflow/example_dags/example_xcomargs.py
[2025-02-01T03:07:44.116+0000] {logging_mixin.py:137} INFO - [2025-02-01T03:07:44.115+0000] {dag.py:2690} INFO - Sync 2 DAGs
[2025-02-01T03:07:44.182+0000] {logging_mixin.py:137} INFO - [2025-02-01T03:07:44.182+0000] {dag.py:3441} INFO - Setting next_dagrun for example_xcom_args to None, run_after=None
[2025-02-01T03:07:44.191+0000] {logging_mixin.py:137} INFO - [2025-02-01T03:07:44.191+0000] {dag.py:3441} INFO - Setting next_dagrun for example_xcom_args_with_operators to None, run_after=None
[2025-02-01T03:07:44.243+0000] {processor.py:175} INFO - Processing /home/airflow/.local/lib/python3.7/site-packages/airflow/example_dags/example_xcomargs.py took 0.265 seconds
[2025-02-01T03:08:14.322+0000] {processor.py:153} INFO - Started process (PID=3102) to work on /home/airflow/.local/lib/python3.7/site-packages/airflow/example_dags/example_xcomargs.py
[2025-02-01T03:08:14.323+0000] {processor.py:743} INFO - Processing file /home/airflow/.local/lib/python3.7/site-packages/airflow/example_dags/example_xcomargs.py for tasks to queue
[2025-02-01T03:08:14.325+0000] {logging_mixin.py:137} INFO - [2025-02-01T03:08:14.324+0000] {dagbag.py:538} INFO - Filling up the DagBag from /home/airflow/.local/lib/python3.7/site-packages/airflow/example_dags/example_xcomargs.py
[2025-02-01T03:08:14.386+0000] {processor.py:753} INFO - DAG(s) dict_keys(['example_xcom_args', 'example_xcom_args_with_operators']) retrieved from /home/airflow/.local/lib/python3.7/site-packages/airflow/example_dags/example_xcomargs.py
[2025-02-01T03:08:14.458+0000] {logging_mixin.py:137} INFO - [2025-02-01T03:08:14.457+0000] {dag.py:2690} INFO - Sync 2 DAGs
[2025-02-01T03:08:14.521+0000] {logging_mixin.py:137} INFO - [2025-02-01T03:08:14.521+0000] {dag.py:3441} INFO - Setting next_dagrun for example_xcom_args to None, run_after=None
[2025-02-01T03:08:14.529+0000] {logging_mixin.py:137} INFO - [2025-02-01T03:08:14.529+0000] {dag.py:3441} INFO - Setting next_dagrun for example_xcom_args_with_operators to None, run_after=None
[2025-02-01T03:08:14.575+0000] {processor.py:175} INFO - Processing /home/airflow/.local/lib/python3.7/site-packages/airflow/example_dags/example_xcomargs.py took 0.260 seconds
[2025-02-01T03:08:44.989+0000] {processor.py:153} INFO - Started process (PID=3160) to work on /home/airflow/.local/lib/python3.7/site-packages/airflow/example_dags/example_xcomargs.py
[2025-02-01T03:08:44.998+0000] {processor.py:743} INFO - Processing file /home/airflow/.local/lib/python3.7/site-packages/airflow/example_dags/example_xcomargs.py for tasks to queue
[2025-02-01T03:08:45.000+0000] {logging_mixin.py:137} INFO - [2025-02-01T03:08:44.999+0000] {dagbag.py:538} INFO - Filling up the DagBag from /home/airflow/.local/lib/python3.7/site-packages/airflow/example_dags/example_xcomargs.py
[2025-02-01T03:08:45.114+0000] {processor.py:753} INFO - DAG(s) dict_keys(['example_xcom_args', 'example_xcom_args_with_operators']) retrieved from /home/airflow/.local/lib/python3.7/site-packages/airflow/example_dags/example_xcomargs.py
[2025-02-01T03:08:45.181+0000] {logging_mixin.py:137} INFO - [2025-02-01T03:08:45.180+0000] {dag.py:2690} INFO - Sync 2 DAGs
[2025-02-01T03:08:45.258+0000] {logging_mixin.py:137} INFO - [2025-02-01T03:08:45.256+0000] {dag.py:3441} INFO - Setting next_dagrun for example_xcom_args to None, run_after=None
[2025-02-01T03:08:45.275+0000] {logging_mixin.py:137} INFO - [2025-02-01T03:08:45.275+0000] {dag.py:3441} INFO - Setting next_dagrun for example_xcom_args_with_operators to None, run_after=None
[2025-02-01T03:08:45.342+0000] {processor.py:175} INFO - Processing /home/airflow/.local/lib/python3.7/site-packages/airflow/example_dags/example_xcomargs.py took 0.369 seconds
[2025-02-01T03:09:16.321+0000] {processor.py:153} INFO - Started process (PID=3218) to work on /home/airflow/.local/lib/python3.7/site-packages/airflow/example_dags/example_xcomargs.py
[2025-02-01T03:09:16.328+0000] {processor.py:743} INFO - Processing file /home/airflow/.local/lib/python3.7/site-packages/airflow/example_dags/example_xcomargs.py for tasks to queue
[2025-02-01T03:09:16.330+0000] {logging_mixin.py:137} INFO - [2025-02-01T03:09:16.329+0000] {dagbag.py:538} INFO - Filling up the DagBag from /home/airflow/.local/lib/python3.7/site-packages/airflow/example_dags/example_xcomargs.py
[2025-02-01T03:09:16.595+0000] {processor.py:753} INFO - DAG(s) dict_keys(['example_xcom_args', 'example_xcom_args_with_operators']) retrieved from /home/airflow/.local/lib/python3.7/site-packages/airflow/example_dags/example_xcomargs.py
[2025-02-01T03:09:16.740+0000] {logging_mixin.py:137} INFO - [2025-02-01T03:09:16.740+0000] {dag.py:2690} INFO - Sync 2 DAGs
[2025-02-01T03:09:16.916+0000] {logging_mixin.py:137} INFO - [2025-02-01T03:09:16.916+0000] {dag.py:3441} INFO - Setting next_dagrun for example_xcom_args to None, run_after=None
[2025-02-01T03:09:16.929+0000] {logging_mixin.py:137} INFO - [2025-02-01T03:09:16.929+0000] {dag.py:3441} INFO - Setting next_dagrun for example_xcom_args_with_operators to None, run_after=None
[2025-02-01T03:09:17.020+0000] {processor.py:175} INFO - Processing /home/airflow/.local/lib/python3.7/site-packages/airflow/example_dags/example_xcomargs.py took 0.726 seconds
[2025-02-01T03:09:47.364+0000] {processor.py:153} INFO - Started process (PID=3268) to work on /home/airflow/.local/lib/python3.7/site-packages/airflow/example_dags/example_xcomargs.py
[2025-02-01T03:09:47.381+0000] {processor.py:743} INFO - Processing file /home/airflow/.local/lib/python3.7/site-packages/airflow/example_dags/example_xcomargs.py for tasks to queue
[2025-02-01T03:09:47.393+0000] {logging_mixin.py:137} INFO - [2025-02-01T03:09:47.393+0000] {dagbag.py:538} INFO - Filling up the DagBag from /home/airflow/.local/lib/python3.7/site-packages/airflow/example_dags/example_xcomargs.py
[2025-02-01T03:09:48.013+0000] {processor.py:753} INFO - DAG(s) dict_keys(['example_xcom_args', 'example_xcom_args_with_operators']) retrieved from /home/airflow/.local/lib/python3.7/site-packages/airflow/example_dags/example_xcomargs.py
[2025-02-01T03:09:53.706+0000] {logging_mixin.py:137} INFO - [2025-02-01T03:09:53.706+0000] {process_utils.py:256} INFO - Waiting up to 5 seconds for processes to exit...
