[2025-02-01T02:40:15.836+0000] {processor.py:153} INFO - Started process (PID=64) to work on /home/airflow/.local/lib/python3.7/site-packages/airflow/example_dags/example_latest_only.py
[2025-02-01T02:40:15.846+0000] {processor.py:743} INFO - Processing file /home/airflow/.local/lib/python3.7/site-packages/airflow/example_dags/example_latest_only.py for tasks to queue
[2025-02-01T02:40:15.855+0000] {logging_mixin.py:137} INFO - [2025-02-01T02:40:15.855+0000] {dagbag.py:538} INFO - Filling up the DagBag from /home/airflow/.local/lib/python3.7/site-packages/airflow/example_dags/example_latest_only.py
[2025-02-01T02:40:16.036+0000] {processor.py:753} INFO - DAG(s) dict_keys(['latest_only']) retrieved from /home/airflow/.local/lib/python3.7/site-packages/airflow/example_dags/example_latest_only.py
[2025-02-01T02:40:16.290+0000] {logging_mixin.py:137} INFO - [2025-02-01T02:40:16.289+0000] {dag.py:2690} INFO - Sync 1 DAGs
[2025-02-01T02:40:16.610+0000] {logging_mixin.py:137} INFO - [2025-02-01T02:40:16.610+0000] {dag.py:3441} INFO - Setting next_dagrun for latest_only to 2025-01-31T22:40:16.601722+00:00, run_after=2025-02-01T02:40:16.601722+00:00
[2025-02-01T02:40:16.904+0000] {processor.py:175} INFO - Processing /home/airflow/.local/lib/python3.7/site-packages/airflow/example_dags/example_latest_only.py took 1.111 seconds
[2025-02-01T02:40:47.653+0000] {processor.py:153} INFO - Started process (PID=123) to work on /home/airflow/.local/lib/python3.7/site-packages/airflow/example_dags/example_latest_only.py
[2025-02-01T02:40:47.659+0000] {processor.py:743} INFO - Processing file /home/airflow/.local/lib/python3.7/site-packages/airflow/example_dags/example_latest_only.py for tasks to queue
[2025-02-01T02:40:47.664+0000] {logging_mixin.py:137} INFO - [2025-02-01T02:40:47.664+0000] {dagbag.py:538} INFO - Filling up the DagBag from /home/airflow/.local/lib/python3.7/site-packages/airflow/example_dags/example_latest_only.py
[2025-02-01T02:40:47.806+0000] {processor.py:753} INFO - DAG(s) dict_keys(['latest_only']) retrieved from /home/airflow/.local/lib/python3.7/site-packages/airflow/example_dags/example_latest_only.py
[2025-02-01T02:40:48.228+0000] {logging_mixin.py:137} INFO - [2025-02-01T02:40:48.227+0000] {dag.py:2690} INFO - Sync 1 DAGs
[2025-02-01T02:40:48.587+0000] {logging_mixin.py:137} INFO - [2025-02-01T02:40:48.586+0000] {dag.py:3441} INFO - Setting next_dagrun for latest_only to 2025-01-31T22:40:48.586443+00:00, run_after=2025-02-01T02:40:48.586443+00:00
[2025-02-01T02:40:48.850+0000] {processor.py:175} INFO - Processing /home/airflow/.local/lib/python3.7/site-packages/airflow/example_dags/example_latest_only.py took 1.254 seconds
[2025-02-01T02:41:19.037+0000] {processor.py:153} INFO - Started process (PID=171) to work on /home/airflow/.local/lib/python3.7/site-packages/airflow/example_dags/example_latest_only.py
[2025-02-01T02:41:19.039+0000] {processor.py:743} INFO - Processing file /home/airflow/.local/lib/python3.7/site-packages/airflow/example_dags/example_latest_only.py for tasks to queue
[2025-02-01T02:41:19.041+0000] {logging_mixin.py:137} INFO - [2025-02-01T02:41:19.040+0000] {dagbag.py:538} INFO - Filling up the DagBag from /home/airflow/.local/lib/python3.7/site-packages/airflow/example_dags/example_latest_only.py
[2025-02-01T02:41:19.073+0000] {processor.py:753} INFO - DAG(s) dict_keys(['latest_only']) retrieved from /home/airflow/.local/lib/python3.7/site-packages/airflow/example_dags/example_latest_only.py
[2025-02-01T02:41:19.129+0000] {logging_mixin.py:137} INFO - [2025-02-01T02:41:19.128+0000] {dag.py:2690} INFO - Sync 1 DAGs
[2025-02-01T02:41:19.192+0000] {logging_mixin.py:137} INFO - [2025-02-01T02:41:19.192+0000] {dag.py:3441} INFO - Setting next_dagrun for latest_only to 2025-01-31T22:41:19.191623+00:00, run_after=2025-02-01T02:41:19.191623+00:00
[2025-02-01T02:41:19.237+0000] {processor.py:175} INFO - Processing /home/airflow/.local/lib/python3.7/site-packages/airflow/example_dags/example_latest_only.py took 0.208 seconds
[2025-02-01T02:41:49.375+0000] {processor.py:153} INFO - Started process (PID=230) to work on /home/airflow/.local/lib/python3.7/site-packages/airflow/example_dags/example_latest_only.py
[2025-02-01T02:41:49.377+0000] {processor.py:743} INFO - Processing file /home/airflow/.local/lib/python3.7/site-packages/airflow/example_dags/example_latest_only.py for tasks to queue
[2025-02-01T02:41:49.378+0000] {logging_mixin.py:137} INFO - [2025-02-01T02:41:49.378+0000] {dagbag.py:538} INFO - Filling up the DagBag from /home/airflow/.local/lib/python3.7/site-packages/airflow/example_dags/example_latest_only.py
[2025-02-01T02:41:49.410+0000] {processor.py:753} INFO - DAG(s) dict_keys(['latest_only']) retrieved from /home/airflow/.local/lib/python3.7/site-packages/airflow/example_dags/example_latest_only.py
[2025-02-01T02:41:49.468+0000] {logging_mixin.py:137} INFO - [2025-02-01T02:41:49.468+0000] {dag.py:2690} INFO - Sync 1 DAGs
[2025-02-01T02:41:49.535+0000] {logging_mixin.py:137} INFO - [2025-02-01T02:41:49.535+0000] {dag.py:3441} INFO - Setting next_dagrun for latest_only to 2025-01-31T22:41:49.535077+00:00, run_after=2025-02-01T02:41:49.535077+00:00
[2025-02-01T02:41:49.588+0000] {processor.py:175} INFO - Processing /home/airflow/.local/lib/python3.7/site-packages/airflow/example_dags/example_latest_only.py took 0.221 seconds
[2025-02-01T02:42:19.966+0000] {processor.py:153} INFO - Started process (PID=289) to work on /home/airflow/.local/lib/python3.7/site-packages/airflow/example_dags/example_latest_only.py
[2025-02-01T02:42:19.971+0000] {processor.py:743} INFO - Processing file /home/airflow/.local/lib/python3.7/site-packages/airflow/example_dags/example_latest_only.py for tasks to queue
[2025-02-01T02:42:19.973+0000] {logging_mixin.py:137} INFO - [2025-02-01T02:42:19.972+0000] {dagbag.py:538} INFO - Filling up the DagBag from /home/airflow/.local/lib/python3.7/site-packages/airflow/example_dags/example_latest_only.py
[2025-02-01T02:42:20.075+0000] {processor.py:753} INFO - DAG(s) dict_keys(['latest_only']) retrieved from /home/airflow/.local/lib/python3.7/site-packages/airflow/example_dags/example_latest_only.py
[2025-02-01T02:42:20.245+0000] {logging_mixin.py:137} INFO - [2025-02-01T02:42:20.244+0000] {dag.py:2690} INFO - Sync 1 DAGs
[2025-02-01T02:42:20.448+0000] {logging_mixin.py:137} INFO - [2025-02-01T02:42:20.448+0000] {dag.py:3441} INFO - Setting next_dagrun for latest_only to 2025-01-31T22:42:20.443800+00:00, run_after=2025-02-01T02:42:20.443800+00:00
[2025-02-01T02:42:20.581+0000] {processor.py:175} INFO - Processing /home/airflow/.local/lib/python3.7/site-packages/airflow/example_dags/example_latest_only.py took 0.649 seconds
[2025-02-01T02:42:51.283+0000] {processor.py:153} INFO - Started process (PID=348) to work on /home/airflow/.local/lib/python3.7/site-packages/airflow/example_dags/example_latest_only.py
[2025-02-01T02:42:51.288+0000] {processor.py:743} INFO - Processing file /home/airflow/.local/lib/python3.7/site-packages/airflow/example_dags/example_latest_only.py for tasks to queue
[2025-02-01T02:42:51.294+0000] {logging_mixin.py:137} INFO - [2025-02-01T02:42:51.290+0000] {dagbag.py:538} INFO - Filling up the DagBag from /home/airflow/.local/lib/python3.7/site-packages/airflow/example_dags/example_latest_only.py
[2025-02-01T02:42:51.393+0000] {processor.py:753} INFO - DAG(s) dict_keys(['latest_only']) retrieved from /home/airflow/.local/lib/python3.7/site-packages/airflow/example_dags/example_latest_only.py
[2025-02-01T02:42:51.561+0000] {logging_mixin.py:137} INFO - [2025-02-01T02:42:51.560+0000] {dag.py:2690} INFO - Sync 1 DAGs
[2025-02-01T02:42:51.800+0000] {logging_mixin.py:137} INFO - [2025-02-01T02:42:51.800+0000] {dag.py:3441} INFO - Setting next_dagrun for latest_only to 2025-01-31T22:42:51.799571+00:00, run_after=2025-02-01T02:42:51.799571+00:00
[2025-02-01T02:42:51.963+0000] {processor.py:175} INFO - Processing /home/airflow/.local/lib/python3.7/site-packages/airflow/example_dags/example_latest_only.py took 0.712 seconds
[2025-02-01T02:43:22.719+0000] {processor.py:153} INFO - Started process (PID=397) to work on /home/airflow/.local/lib/python3.7/site-packages/airflow/example_dags/example_latest_only.py
[2025-02-01T02:43:22.724+0000] {processor.py:743} INFO - Processing file /home/airflow/.local/lib/python3.7/site-packages/airflow/example_dags/example_latest_only.py for tasks to queue
[2025-02-01T02:43:22.731+0000] {logging_mixin.py:137} INFO - [2025-02-01T02:43:22.726+0000] {dagbag.py:538} INFO - Filling up the DagBag from /home/airflow/.local/lib/python3.7/site-packages/airflow/example_dags/example_latest_only.py
[2025-02-01T02:43:22.818+0000] {processor.py:753} INFO - DAG(s) dict_keys(['latest_only']) retrieved from /home/airflow/.local/lib/python3.7/site-packages/airflow/example_dags/example_latest_only.py
[2025-02-01T02:43:22.911+0000] {logging_mixin.py:137} INFO - [2025-02-01T02:43:22.911+0000] {dag.py:2690} INFO - Sync 1 DAGs
[2025-02-01T02:43:23.068+0000] {logging_mixin.py:137} INFO - [2025-02-01T02:43:23.065+0000] {dag.py:3441} INFO - Setting next_dagrun for latest_only to 2025-01-31T22:43:23.065450+00:00, run_after=2025-02-01T02:43:23.065450+00:00
[2025-02-01T02:43:23.146+0000] {processor.py:175} INFO - Processing /home/airflow/.local/lib/python3.7/site-packages/airflow/example_dags/example_latest_only.py took 0.444 seconds
[2025-02-01T02:43:54.054+0000] {processor.py:153} INFO - Started process (PID=456) to work on /home/airflow/.local/lib/python3.7/site-packages/airflow/example_dags/example_latest_only.py
[2025-02-01T02:43:54.055+0000] {processor.py:743} INFO - Processing file /home/airflow/.local/lib/python3.7/site-packages/airflow/example_dags/example_latest_only.py for tasks to queue
[2025-02-01T02:43:54.058+0000] {logging_mixin.py:137} INFO - [2025-02-01T02:43:54.058+0000] {dagbag.py:538} INFO - Filling up the DagBag from /home/airflow/.local/lib/python3.7/site-packages/airflow/example_dags/example_latest_only.py
[2025-02-01T02:43:54.132+0000] {processor.py:753} INFO - DAG(s) dict_keys(['latest_only']) retrieved from /home/airflow/.local/lib/python3.7/site-packages/airflow/example_dags/example_latest_only.py
[2025-02-01T02:43:54.254+0000] {logging_mixin.py:137} INFO - [2025-02-01T02:43:54.253+0000] {dag.py:2690} INFO - Sync 1 DAGs
[2025-02-01T02:43:54.385+0000] {logging_mixin.py:137} INFO - [2025-02-01T02:43:54.384+0000] {dag.py:3441} INFO - Setting next_dagrun for latest_only to 2025-01-31T22:43:54.384263+00:00, run_after=2025-02-01T02:43:54.384263+00:00
[2025-02-01T02:43:54.508+0000] {processor.py:175} INFO - Processing /home/airflow/.local/lib/python3.7/site-packages/airflow/example_dags/example_latest_only.py took 0.474 seconds
[2025-02-01T02:44:25.066+0000] {processor.py:153} INFO - Started process (PID=513) to work on /home/airflow/.local/lib/python3.7/site-packages/airflow/example_dags/example_latest_only.py
[2025-02-01T02:44:25.076+0000] {processor.py:743} INFO - Processing file /home/airflow/.local/lib/python3.7/site-packages/airflow/example_dags/example_latest_only.py for tasks to queue
[2025-02-01T02:44:25.085+0000] {logging_mixin.py:137} INFO - [2025-02-01T02:44:25.084+0000] {dagbag.py:538} INFO - Filling up the DagBag from /home/airflow/.local/lib/python3.7/site-packages/airflow/example_dags/example_latest_only.py
[2025-02-01T02:44:25.265+0000] {processor.py:753} INFO - DAG(s) dict_keys(['latest_only']) retrieved from /home/airflow/.local/lib/python3.7/site-packages/airflow/example_dags/example_latest_only.py
[2025-02-01T02:44:25.571+0000] {logging_mixin.py:137} INFO - [2025-02-01T02:44:25.570+0000] {dag.py:2690} INFO - Sync 1 DAGs
[2025-02-01T02:44:25.913+0000] {logging_mixin.py:137} INFO - [2025-02-01T02:44:25.905+0000] {dag.py:3441} INFO - Setting next_dagrun for latest_only to 2025-01-31T22:44:25.904467+00:00, run_after=2025-02-01T02:44:25.904467+00:00
[2025-02-01T02:44:26.199+0000] {processor.py:175} INFO - Processing /home/airflow/.local/lib/python3.7/site-packages/airflow/example_dags/example_latest_only.py took 1.178 seconds
[2025-02-01T02:44:56.404+0000] {processor.py:153} INFO - Started process (PID=562) to work on /home/airflow/.local/lib/python3.7/site-packages/airflow/example_dags/example_latest_only.py
[2025-02-01T02:44:56.406+0000] {processor.py:743} INFO - Processing file /home/airflow/.local/lib/python3.7/site-packages/airflow/example_dags/example_latest_only.py for tasks to queue
[2025-02-01T02:44:56.407+0000] {logging_mixin.py:137} INFO - [2025-02-01T02:44:56.407+0000] {dagbag.py:538} INFO - Filling up the DagBag from /home/airflow/.local/lib/python3.7/site-packages/airflow/example_dags/example_latest_only.py
[2025-02-01T02:44:56.439+0000] {processor.py:753} INFO - DAG(s) dict_keys(['latest_only']) retrieved from /home/airflow/.local/lib/python3.7/site-packages/airflow/example_dags/example_latest_only.py
[2025-02-01T02:44:56.495+0000] {logging_mixin.py:137} INFO - [2025-02-01T02:44:56.495+0000] {dag.py:2690} INFO - Sync 1 DAGs
[2025-02-01T02:44:56.614+0000] {logging_mixin.py:137} INFO - [2025-02-01T02:44:56.613+0000] {dag.py:3441} INFO - Setting next_dagrun for latest_only to 2025-01-31T22:44:56.612613+00:00, run_after=2025-02-01T02:44:56.612613+00:00
[2025-02-01T02:44:56.733+0000] {processor.py:175} INFO - Processing /home/airflow/.local/lib/python3.7/site-packages/airflow/example_dags/example_latest_only.py took 0.337 seconds
[2025-02-01T02:45:27.104+0000] {processor.py:153} INFO - Started process (PID=621) to work on /home/airflow/.local/lib/python3.7/site-packages/airflow/example_dags/example_latest_only.py
[2025-02-01T02:45:27.106+0000] {processor.py:743} INFO - Processing file /home/airflow/.local/lib/python3.7/site-packages/airflow/example_dags/example_latest_only.py for tasks to queue
[2025-02-01T02:45:27.108+0000] {logging_mixin.py:137} INFO - [2025-02-01T02:45:27.107+0000] {dagbag.py:538} INFO - Filling up the DagBag from /home/airflow/.local/lib/python3.7/site-packages/airflow/example_dags/example_latest_only.py
[2025-02-01T02:45:27.141+0000] {processor.py:753} INFO - DAG(s) dict_keys(['latest_only']) retrieved from /home/airflow/.local/lib/python3.7/site-packages/airflow/example_dags/example_latest_only.py
[2025-02-01T02:45:27.197+0000] {logging_mixin.py:137} INFO - [2025-02-01T02:45:27.197+0000] {dag.py:2690} INFO - Sync 1 DAGs
[2025-02-01T02:45:27.264+0000] {logging_mixin.py:137} INFO - [2025-02-01T02:45:27.264+0000] {dag.py:3441} INFO - Setting next_dagrun for latest_only to 2025-01-31T22:45:27.263929+00:00, run_after=2025-02-01T02:45:27.263929+00:00
[2025-02-01T02:45:27.314+0000] {processor.py:175} INFO - Processing /home/airflow/.local/lib/python3.7/site-packages/airflow/example_dags/example_latest_only.py took 0.219 seconds
[2025-02-01T02:45:57.456+0000] {processor.py:153} INFO - Started process (PID=680) to work on /home/airflow/.local/lib/python3.7/site-packages/airflow/example_dags/example_latest_only.py
[2025-02-01T02:45:57.458+0000] {processor.py:743} INFO - Processing file /home/airflow/.local/lib/python3.7/site-packages/airflow/example_dags/example_latest_only.py for tasks to queue
[2025-02-01T02:45:57.459+0000] {logging_mixin.py:137} INFO - [2025-02-01T02:45:57.459+0000] {dagbag.py:538} INFO - Filling up the DagBag from /home/airflow/.local/lib/python3.7/site-packages/airflow/example_dags/example_latest_only.py
[2025-02-01T02:45:57.490+0000] {processor.py:753} INFO - DAG(s) dict_keys(['latest_only']) retrieved from /home/airflow/.local/lib/python3.7/site-packages/airflow/example_dags/example_latest_only.py
[2025-02-01T02:45:57.547+0000] {logging_mixin.py:137} INFO - [2025-02-01T02:45:57.546+0000] {dag.py:2690} INFO - Sync 1 DAGs
[2025-02-01T02:45:57.613+0000] {logging_mixin.py:137} INFO - [2025-02-01T02:45:57.613+0000] {dag.py:3441} INFO - Setting next_dagrun for latest_only to 2025-01-31T22:45:57.612989+00:00, run_after=2025-02-01T02:45:57.612989+00:00
[2025-02-01T02:45:57.665+0000] {processor.py:175} INFO - Processing /home/airflow/.local/lib/python3.7/site-packages/airflow/example_dags/example_latest_only.py took 0.217 seconds
[2025-02-01T02:46:28.196+0000] {processor.py:153} INFO - Started process (PID=737) to work on /home/airflow/.local/lib/python3.7/site-packages/airflow/example_dags/example_latest_only.py
[2025-02-01T02:46:28.198+0000] {processor.py:743} INFO - Processing file /home/airflow/.local/lib/python3.7/site-packages/airflow/example_dags/example_latest_only.py for tasks to queue
[2025-02-01T02:46:28.199+0000] {logging_mixin.py:137} INFO - [2025-02-01T02:46:28.199+0000] {dagbag.py:538} INFO - Filling up the DagBag from /home/airflow/.local/lib/python3.7/site-packages/airflow/example_dags/example_latest_only.py
[2025-02-01T02:46:28.231+0000] {processor.py:753} INFO - DAG(s) dict_keys(['latest_only']) retrieved from /home/airflow/.local/lib/python3.7/site-packages/airflow/example_dags/example_latest_only.py
[2025-02-01T02:46:28.303+0000] {logging_mixin.py:137} INFO - [2025-02-01T02:46:28.303+0000] {dag.py:2690} INFO - Sync 1 DAGs
[2025-02-01T02:46:28.366+0000] {logging_mixin.py:137} INFO - [2025-02-01T02:46:28.365+0000] {dag.py:3441} INFO - Setting next_dagrun for latest_only to 2025-01-31T22:46:28.365158+00:00, run_after=2025-02-01T02:46:28.365158+00:00
[2025-02-01T02:46:28.412+0000] {processor.py:175} INFO - Processing /home/airflow/.local/lib/python3.7/site-packages/airflow/example_dags/example_latest_only.py took 0.225 seconds
[2025-02-01T02:46:59.269+0000] {processor.py:153} INFO - Started process (PID=793) to work on /home/airflow/.local/lib/python3.7/site-packages/airflow/example_dags/example_latest_only.py
[2025-02-01T02:46:59.273+0000] {processor.py:743} INFO - Processing file /home/airflow/.local/lib/python3.7/site-packages/airflow/example_dags/example_latest_only.py for tasks to queue
[2025-02-01T02:46:59.279+0000] {logging_mixin.py:137} INFO - [2025-02-01T02:46:59.278+0000] {dagbag.py:538} INFO - Filling up the DagBag from /home/airflow/.local/lib/python3.7/site-packages/airflow/example_dags/example_latest_only.py
[2025-02-01T02:46:59.399+0000] {processor.py:753} INFO - DAG(s) dict_keys(['latest_only']) retrieved from /home/airflow/.local/lib/python3.7/site-packages/airflow/example_dags/example_latest_only.py
[2025-02-01T02:46:59.598+0000] {logging_mixin.py:137} INFO - [2025-02-01T02:46:59.598+0000] {dag.py:2690} INFO - Sync 1 DAGs
[2025-02-01T02:46:59.849+0000] {logging_mixin.py:137} INFO - [2025-02-01T02:46:59.847+0000] {dag.py:3441} INFO - Setting next_dagrun for latest_only to 2025-01-31T22:46:59.846613+00:00, run_after=2025-02-01T02:46:59.846613+00:00
[2025-02-01T02:47:00.054+0000] {processor.py:175} INFO - Processing /home/airflow/.local/lib/python3.7/site-packages/airflow/example_dags/example_latest_only.py took 0.801 seconds
[2025-02-01T02:47:30.189+0000] {processor.py:153} INFO - Started process (PID=846) to work on /home/airflow/.local/lib/python3.7/site-packages/airflow/example_dags/example_latest_only.py
[2025-02-01T02:47:30.191+0000] {processor.py:743} INFO - Processing file /home/airflow/.local/lib/python3.7/site-packages/airflow/example_dags/example_latest_only.py for tasks to queue
[2025-02-01T02:47:30.197+0000] {logging_mixin.py:137} INFO - [2025-02-01T02:47:30.194+0000] {dagbag.py:538} INFO - Filling up the DagBag from /home/airflow/.local/lib/python3.7/site-packages/airflow/example_dags/example_latest_only.py
[2025-02-01T02:47:30.290+0000] {processor.py:753} INFO - DAG(s) dict_keys(['latest_only']) retrieved from /home/airflow/.local/lib/python3.7/site-packages/airflow/example_dags/example_latest_only.py
[2025-02-01T02:47:30.417+0000] {logging_mixin.py:137} INFO - [2025-02-01T02:47:30.417+0000] {dag.py:2690} INFO - Sync 1 DAGs
[2025-02-01T02:47:30.657+0000] {logging_mixin.py:137} INFO - [2025-02-01T02:47:30.656+0000] {dag.py:3441} INFO - Setting next_dagrun for latest_only to 2025-01-31T22:47:30.656258+00:00, run_after=2025-02-01T02:47:30.656258+00:00
[2025-02-01T02:47:30.794+0000] {processor.py:175} INFO - Processing /home/airflow/.local/lib/python3.7/site-packages/airflow/example_dags/example_latest_only.py took 0.627 seconds
[2025-02-01T02:48:01.160+0000] {processor.py:153} INFO - Started process (PID=905) to work on /home/airflow/.local/lib/python3.7/site-packages/airflow/example_dags/example_latest_only.py
[2025-02-01T02:48:01.164+0000] {processor.py:743} INFO - Processing file /home/airflow/.local/lib/python3.7/site-packages/airflow/example_dags/example_latest_only.py for tasks to queue
[2025-02-01T02:48:01.167+0000] {logging_mixin.py:137} INFO - [2025-02-01T02:48:01.167+0000] {dagbag.py:538} INFO - Filling up the DagBag from /home/airflow/.local/lib/python3.7/site-packages/airflow/example_dags/example_latest_only.py
[2025-02-01T02:48:01.242+0000] {processor.py:753} INFO - DAG(s) dict_keys(['latest_only']) retrieved from /home/airflow/.local/lib/python3.7/site-packages/airflow/example_dags/example_latest_only.py
[2025-02-01T02:48:01.324+0000] {logging_mixin.py:137} INFO - [2025-02-01T02:48:01.324+0000] {dag.py:2690} INFO - Sync 1 DAGs
[2025-02-01T02:48:01.388+0000] {logging_mixin.py:137} INFO - [2025-02-01T02:48:01.387+0000] {dag.py:3441} INFO - Setting next_dagrun for latest_only to 2025-01-31T22:48:01.387426+00:00, run_after=2025-02-01T02:48:01.387426+00:00
[2025-02-01T02:48:01.433+0000] {processor.py:175} INFO - Processing /home/airflow/.local/lib/python3.7/site-packages/airflow/example_dags/example_latest_only.py took 0.293 seconds
[2025-02-01T02:48:31.714+0000] {processor.py:153} INFO - Started process (PID=964) to work on /home/airflow/.local/lib/python3.7/site-packages/airflow/example_dags/example_latest_only.py
[2025-02-01T02:48:31.716+0000] {processor.py:743} INFO - Processing file /home/airflow/.local/lib/python3.7/site-packages/airflow/example_dags/example_latest_only.py for tasks to queue
[2025-02-01T02:48:31.717+0000] {logging_mixin.py:137} INFO - [2025-02-01T02:48:31.717+0000] {dagbag.py:538} INFO - Filling up the DagBag from /home/airflow/.local/lib/python3.7/site-packages/airflow/example_dags/example_latest_only.py
[2025-02-01T02:48:31.750+0000] {processor.py:753} INFO - DAG(s) dict_keys(['latest_only']) retrieved from /home/airflow/.local/lib/python3.7/site-packages/airflow/example_dags/example_latest_only.py
[2025-02-01T02:48:31.806+0000] {logging_mixin.py:137} INFO - [2025-02-01T02:48:31.806+0000] {dag.py:2690} INFO - Sync 1 DAGs
[2025-02-01T02:48:31.870+0000] {logging_mixin.py:137} INFO - [2025-02-01T02:48:31.869+0000] {dag.py:3441} INFO - Setting next_dagrun for latest_only to 2025-01-31T22:48:31.869442+00:00, run_after=2025-02-01T02:48:31.869442+00:00
[2025-02-01T02:48:31.916+0000] {processor.py:175} INFO - Processing /home/airflow/.local/lib/python3.7/site-packages/airflow/example_dags/example_latest_only.py took 0.212 seconds
[2025-02-01T02:49:02.458+0000] {processor.py:153} INFO - Started process (PID=1024) to work on /home/airflow/.local/lib/python3.7/site-packages/airflow/example_dags/example_latest_only.py
[2025-02-01T02:49:02.459+0000] {processor.py:743} INFO - Processing file /home/airflow/.local/lib/python3.7/site-packages/airflow/example_dags/example_latest_only.py for tasks to queue
[2025-02-01T02:49:02.465+0000] {logging_mixin.py:137} INFO - [2025-02-01T02:49:02.465+0000] {dagbag.py:538} INFO - Filling up the DagBag from /home/airflow/.local/lib/python3.7/site-packages/airflow/example_dags/example_latest_only.py
[2025-02-01T02:49:02.546+0000] {processor.py:753} INFO - DAG(s) dict_keys(['latest_only']) retrieved from /home/airflow/.local/lib/python3.7/site-packages/airflow/example_dags/example_latest_only.py
[2025-02-01T02:49:02.690+0000] {logging_mixin.py:137} INFO - [2025-02-01T02:49:02.690+0000] {dag.py:2690} INFO - Sync 1 DAGs
[2025-02-01T02:49:02.829+0000] {logging_mixin.py:137} INFO - [2025-02-01T02:49:02.828+0000] {dag.py:3441} INFO - Setting next_dagrun for latest_only to 2025-01-31T22:49:02.828177+00:00, run_after=2025-02-01T02:49:02.828177+00:00
[2025-02-01T02:49:02.961+0000] {processor.py:175} INFO - Processing /home/airflow/.local/lib/python3.7/site-packages/airflow/example_dags/example_latest_only.py took 0.529 seconds
[2025-02-01T02:49:33.582+0000] {processor.py:153} INFO - Started process (PID=1081) to work on /home/airflow/.local/lib/python3.7/site-packages/airflow/example_dags/example_latest_only.py
[2025-02-01T02:49:33.584+0000] {processor.py:743} INFO - Processing file /home/airflow/.local/lib/python3.7/site-packages/airflow/example_dags/example_latest_only.py for tasks to queue
[2025-02-01T02:49:33.590+0000] {logging_mixin.py:137} INFO - [2025-02-01T02:49:33.589+0000] {dagbag.py:538} INFO - Filling up the DagBag from /home/airflow/.local/lib/python3.7/site-packages/airflow/example_dags/example_latest_only.py
[2025-02-01T02:49:33.658+0000] {processor.py:753} INFO - DAG(s) dict_keys(['latest_only']) retrieved from /home/airflow/.local/lib/python3.7/site-packages/airflow/example_dags/example_latest_only.py
[2025-02-01T02:49:33.768+0000] {logging_mixin.py:137} INFO - [2025-02-01T02:49:33.767+0000] {dag.py:2690} INFO - Sync 1 DAGs
[2025-02-01T02:49:33.903+0000] {logging_mixin.py:137} INFO - [2025-02-01T02:49:33.902+0000] {dag.py:3441} INFO - Setting next_dagrun for latest_only to 2025-01-31T22:49:33.902228+00:00, run_after=2025-02-01T02:49:33.902228+00:00
[2025-02-01T02:49:33.996+0000] {processor.py:175} INFO - Processing /home/airflow/.local/lib/python3.7/site-packages/airflow/example_dags/example_latest_only.py took 0.434 seconds
[2025-02-01T02:50:04.305+0000] {processor.py:153} INFO - Started process (PID=1131) to work on /home/airflow/.local/lib/python3.7/site-packages/airflow/example_dags/example_latest_only.py
[2025-02-01T02:50:04.307+0000] {processor.py:743} INFO - Processing file /home/airflow/.local/lib/python3.7/site-packages/airflow/example_dags/example_latest_only.py for tasks to queue
[2025-02-01T02:50:04.308+0000] {logging_mixin.py:137} INFO - [2025-02-01T02:50:04.308+0000] {dagbag.py:538} INFO - Filling up the DagBag from /home/airflow/.local/lib/python3.7/site-packages/airflow/example_dags/example_latest_only.py
[2025-02-01T02:50:04.352+0000] {processor.py:753} INFO - DAG(s) dict_keys(['latest_only']) retrieved from /home/airflow/.local/lib/python3.7/site-packages/airflow/example_dags/example_latest_only.py
[2025-02-01T02:50:04.407+0000] {logging_mixin.py:137} INFO - [2025-02-01T02:50:04.407+0000] {dag.py:2690} INFO - Sync 1 DAGs
[2025-02-01T02:50:04.471+0000] {logging_mixin.py:137} INFO - [2025-02-01T02:50:04.471+0000] {dag.py:3441} INFO - Setting next_dagrun for latest_only to 2025-01-31T22:50:04.470529+00:00, run_after=2025-02-01T02:50:04.470529+00:00
[2025-02-01T02:50:04.518+0000] {processor.py:175} INFO - Processing /home/airflow/.local/lib/python3.7/site-packages/airflow/example_dags/example_latest_only.py took 0.221 seconds
[2025-02-01T02:50:34.561+0000] {processor.py:153} INFO - Started process (PID=1190) to work on /home/airflow/.local/lib/python3.7/site-packages/airflow/example_dags/example_latest_only.py
[2025-02-01T02:50:34.563+0000] {processor.py:743} INFO - Processing file /home/airflow/.local/lib/python3.7/site-packages/airflow/example_dags/example_latest_only.py for tasks to queue
[2025-02-01T02:50:34.564+0000] {logging_mixin.py:137} INFO - [2025-02-01T02:50:34.564+0000] {dagbag.py:538} INFO - Filling up the DagBag from /home/airflow/.local/lib/python3.7/site-packages/airflow/example_dags/example_latest_only.py
[2025-02-01T02:50:34.609+0000] {processor.py:753} INFO - DAG(s) dict_keys(['latest_only']) retrieved from /home/airflow/.local/lib/python3.7/site-packages/airflow/example_dags/example_latest_only.py
[2025-02-01T02:50:34.681+0000] {logging_mixin.py:137} INFO - [2025-02-01T02:50:34.680+0000] {dag.py:2690} INFO - Sync 1 DAGs
[2025-02-01T02:50:34.743+0000] {logging_mixin.py:137} INFO - [2025-02-01T02:50:34.742+0000] {dag.py:3441} INFO - Setting next_dagrun for latest_only to 2025-01-31T22:50:34.742435+00:00, run_after=2025-02-01T02:50:34.742435+00:00
[2025-02-01T02:50:34.789+0000] {processor.py:175} INFO - Processing /home/airflow/.local/lib/python3.7/site-packages/airflow/example_dags/example_latest_only.py took 0.235 seconds
[2025-02-01T02:51:05.417+0000] {processor.py:153} INFO - Started process (PID=1245) to work on /home/airflow/.local/lib/python3.7/site-packages/airflow/example_dags/example_latest_only.py
[2025-02-01T02:51:05.418+0000] {processor.py:743} INFO - Processing file /home/airflow/.local/lib/python3.7/site-packages/airflow/example_dags/example_latest_only.py for tasks to queue
[2025-02-01T02:51:05.424+0000] {logging_mixin.py:137} INFO - [2025-02-01T02:51:05.424+0000] {dagbag.py:538} INFO - Filling up the DagBag from /home/airflow/.local/lib/python3.7/site-packages/airflow/example_dags/example_latest_only.py
[2025-02-01T02:51:05.555+0000] {processor.py:753} INFO - DAG(s) dict_keys(['latest_only']) retrieved from /home/airflow/.local/lib/python3.7/site-packages/airflow/example_dags/example_latest_only.py
[2025-02-01T02:51:05.732+0000] {logging_mixin.py:137} INFO - [2025-02-01T02:51:05.731+0000] {dag.py:2690} INFO - Sync 1 DAGs
[2025-02-01T02:51:05.920+0000] {logging_mixin.py:137} INFO - [2025-02-01T02:51:05.919+0000] {dag.py:3441} INFO - Setting next_dagrun for latest_only to 2025-01-31T22:51:05.919232+00:00, run_after=2025-02-01T02:51:05.919232+00:00
[2025-02-01T02:51:06.074+0000] {processor.py:175} INFO - Processing /home/airflow/.local/lib/python3.7/site-packages/airflow/example_dags/example_latest_only.py took 0.705 seconds
[2025-02-01T02:51:36.919+0000] {processor.py:153} INFO - Started process (PID=1297) to work on /home/airflow/.local/lib/python3.7/site-packages/airflow/example_dags/example_latest_only.py
[2025-02-01T02:51:36.921+0000] {processor.py:743} INFO - Processing file /home/airflow/.local/lib/python3.7/site-packages/airflow/example_dags/example_latest_only.py for tasks to queue
[2025-02-01T02:51:36.922+0000] {logging_mixin.py:137} INFO - [2025-02-01T02:51:36.922+0000] {dagbag.py:538} INFO - Filling up the DagBag from /home/airflow/.local/lib/python3.7/site-packages/airflow/example_dags/example_latest_only.py
[2025-02-01T02:51:36.959+0000] {processor.py:753} INFO - DAG(s) dict_keys(['latest_only']) retrieved from /home/airflow/.local/lib/python3.7/site-packages/airflow/example_dags/example_latest_only.py
[2025-02-01T02:51:37.016+0000] {logging_mixin.py:137} INFO - [2025-02-01T02:51:37.016+0000] {dag.py:2690} INFO - Sync 1 DAGs
[2025-02-01T02:51:37.085+0000] {logging_mixin.py:137} INFO - [2025-02-01T02:51:37.084+0000] {dag.py:3441} INFO - Setting next_dagrun for latest_only to 2025-01-31T22:51:37.084438+00:00, run_after=2025-02-01T02:51:37.084438+00:00
[2025-02-01T02:51:37.130+0000] {processor.py:175} INFO - Processing /home/airflow/.local/lib/python3.7/site-packages/airflow/example_dags/example_latest_only.py took 0.219 seconds
[2025-02-01T02:52:07.948+0000] {processor.py:153} INFO - Started process (PID=1355) to work on /home/airflow/.local/lib/python3.7/site-packages/airflow/example_dags/example_latest_only.py
[2025-02-01T02:52:07.953+0000] {processor.py:743} INFO - Processing file /home/airflow/.local/lib/python3.7/site-packages/airflow/example_dags/example_latest_only.py for tasks to queue
[2025-02-01T02:52:07.956+0000] {logging_mixin.py:137} INFO - [2025-02-01T02:52:07.956+0000] {dagbag.py:538} INFO - Filling up the DagBag from /home/airflow/.local/lib/python3.7/site-packages/airflow/example_dags/example_latest_only.py
[2025-02-01T02:52:08.006+0000] {processor.py:753} INFO - DAG(s) dict_keys(['latest_only']) retrieved from /home/airflow/.local/lib/python3.7/site-packages/airflow/example_dags/example_latest_only.py
[2025-02-01T02:52:08.065+0000] {logging_mixin.py:137} INFO - [2025-02-01T02:52:08.064+0000] {dag.py:2690} INFO - Sync 1 DAGs
[2025-02-01T02:52:08.128+0000] {logging_mixin.py:137} INFO - [2025-02-01T02:52:08.128+0000] {dag.py:3441} INFO - Setting next_dagrun for latest_only to 2025-01-31T22:52:08.127819+00:00, run_after=2025-02-01T02:52:08.127819+00:00
[2025-02-01T02:52:08.174+0000] {processor.py:175} INFO - Processing /home/airflow/.local/lib/python3.7/site-packages/airflow/example_dags/example_latest_only.py took 0.237 seconds
[2025-02-01T02:52:38.764+0000] {processor.py:153} INFO - Started process (PID=1414) to work on /home/airflow/.local/lib/python3.7/site-packages/airflow/example_dags/example_latest_only.py
[2025-02-01T02:52:38.766+0000] {processor.py:743} INFO - Processing file /home/airflow/.local/lib/python3.7/site-packages/airflow/example_dags/example_latest_only.py for tasks to queue
[2025-02-01T02:52:38.768+0000] {logging_mixin.py:137} INFO - [2025-02-01T02:52:38.768+0000] {dagbag.py:538} INFO - Filling up the DagBag from /home/airflow/.local/lib/python3.7/site-packages/airflow/example_dags/example_latest_only.py
[2025-02-01T02:52:38.798+0000] {processor.py:753} INFO - DAG(s) dict_keys(['latest_only']) retrieved from /home/airflow/.local/lib/python3.7/site-packages/airflow/example_dags/example_latest_only.py
[2025-02-01T02:52:38.865+0000] {logging_mixin.py:137} INFO - [2025-02-01T02:52:38.865+0000] {dag.py:2690} INFO - Sync 1 DAGs
[2025-02-01T02:52:38.949+0000] {logging_mixin.py:137} INFO - [2025-02-01T02:52:38.948+0000] {dag.py:3441} INFO - Setting next_dagrun for latest_only to 2025-01-31T22:52:38.948239+00:00, run_after=2025-02-01T02:52:38.948239+00:00
[2025-02-01T02:52:38.995+0000] {processor.py:175} INFO - Processing /home/airflow/.local/lib/python3.7/site-packages/airflow/example_dags/example_latest_only.py took 0.238 seconds
[2025-02-01T02:53:09.725+0000] {processor.py:153} INFO - Started process (PID=1473) to work on /home/airflow/.local/lib/python3.7/site-packages/airflow/example_dags/example_latest_only.py
[2025-02-01T02:53:09.727+0000] {processor.py:743} INFO - Processing file /home/airflow/.local/lib/python3.7/site-packages/airflow/example_dags/example_latest_only.py for tasks to queue
[2025-02-01T02:53:09.729+0000] {logging_mixin.py:137} INFO - [2025-02-01T02:53:09.728+0000] {dagbag.py:538} INFO - Filling up the DagBag from /home/airflow/.local/lib/python3.7/site-packages/airflow/example_dags/example_latest_only.py
[2025-02-01T02:53:09.771+0000] {processor.py:753} INFO - DAG(s) dict_keys(['latest_only']) retrieved from /home/airflow/.local/lib/python3.7/site-packages/airflow/example_dags/example_latest_only.py
[2025-02-01T02:53:09.834+0000] {logging_mixin.py:137} INFO - [2025-02-01T02:53:09.833+0000] {dag.py:2690} INFO - Sync 1 DAGs
[2025-02-01T02:53:09.897+0000] {logging_mixin.py:137} INFO - [2025-02-01T02:53:09.897+0000] {dag.py:3441} INFO - Setting next_dagrun for latest_only to 2025-01-31T22:53:09.896887+00:00, run_after=2025-02-01T02:53:09.896887+00:00
[2025-02-01T02:53:09.944+0000] {processor.py:175} INFO - Processing /home/airflow/.local/lib/python3.7/site-packages/airflow/example_dags/example_latest_only.py took 0.226 seconds
[2025-02-01T02:53:40.522+0000] {processor.py:153} INFO - Started process (PID=1531) to work on /home/airflow/.local/lib/python3.7/site-packages/airflow/example_dags/example_latest_only.py
[2025-02-01T02:53:40.529+0000] {processor.py:743} INFO - Processing file /home/airflow/.local/lib/python3.7/site-packages/airflow/example_dags/example_latest_only.py for tasks to queue
[2025-02-01T02:53:40.533+0000] {logging_mixin.py:137} INFO - [2025-02-01T02:53:40.533+0000] {dagbag.py:538} INFO - Filling up the DagBag from /home/airflow/.local/lib/python3.7/site-packages/airflow/example_dags/example_latest_only.py
[2025-02-01T02:53:40.581+0000] {processor.py:753} INFO - DAG(s) dict_keys(['latest_only']) retrieved from /home/airflow/.local/lib/python3.7/site-packages/airflow/example_dags/example_latest_only.py
[2025-02-01T02:53:40.633+0000] {logging_mixin.py:137} INFO - [2025-02-01T02:53:40.633+0000] {dag.py:2690} INFO - Sync 1 DAGs
[2025-02-01T02:53:40.698+0000] {logging_mixin.py:137} INFO - [2025-02-01T02:53:40.698+0000] {dag.py:3441} INFO - Setting next_dagrun for latest_only to 2025-01-31T22:53:40.697918+00:00, run_after=2025-02-01T02:53:40.697918+00:00
[2025-02-01T02:53:40.743+0000] {processor.py:175} INFO - Processing /home/airflow/.local/lib/python3.7/site-packages/airflow/example_dags/example_latest_only.py took 0.245 seconds
[2025-02-01T02:54:10.860+0000] {processor.py:153} INFO - Started process (PID=1578) to work on /home/airflow/.local/lib/python3.7/site-packages/airflow/example_dags/example_latest_only.py
[2025-02-01T02:54:10.867+0000] {processor.py:743} INFO - Processing file /home/airflow/.local/lib/python3.7/site-packages/airflow/example_dags/example_latest_only.py for tasks to queue
[2025-02-01T02:54:10.875+0000] {logging_mixin.py:137} INFO - [2025-02-01T02:54:10.868+0000] {dagbag.py:538} INFO - Filling up the DagBag from /home/airflow/.local/lib/python3.7/site-packages/airflow/example_dags/example_latest_only.py
[2025-02-01T02:54:10.983+0000] {processor.py:753} INFO - DAG(s) dict_keys(['latest_only']) retrieved from /home/airflow/.local/lib/python3.7/site-packages/airflow/example_dags/example_latest_only.py
[2025-02-01T02:54:11.274+0000] {logging_mixin.py:137} INFO - [2025-02-01T02:54:11.274+0000] {dag.py:2690} INFO - Sync 1 DAGs
[2025-02-01T02:54:11.530+0000] {logging_mixin.py:137} INFO - [2025-02-01T02:54:11.530+0000] {dag.py:3441} INFO - Setting next_dagrun for latest_only to 2025-01-31T22:54:11.530065+00:00, run_after=2025-02-01T02:54:11.530065+00:00
[2025-02-01T02:54:11.726+0000] {processor.py:175} INFO - Processing /home/airflow/.local/lib/python3.7/site-packages/airflow/example_dags/example_latest_only.py took 0.898 seconds
[2025-02-01T02:54:42.247+0000] {processor.py:153} INFO - Started process (PID=1637) to work on /home/airflow/.local/lib/python3.7/site-packages/airflow/example_dags/example_latest_only.py
[2025-02-01T02:54:42.251+0000] {processor.py:743} INFO - Processing file /home/airflow/.local/lib/python3.7/site-packages/airflow/example_dags/example_latest_only.py for tasks to queue
[2025-02-01T02:54:42.255+0000] {logging_mixin.py:137} INFO - [2025-02-01T02:54:42.253+0000] {dagbag.py:538} INFO - Filling up the DagBag from /home/airflow/.local/lib/python3.7/site-packages/airflow/example_dags/example_latest_only.py
[2025-02-01T02:54:42.322+0000] {processor.py:753} INFO - DAG(s) dict_keys(['latest_only']) retrieved from /home/airflow/.local/lib/python3.7/site-packages/airflow/example_dags/example_latest_only.py
[2025-02-01T02:54:42.499+0000] {logging_mixin.py:137} INFO - [2025-02-01T02:54:42.498+0000] {dag.py:2690} INFO - Sync 1 DAGs
[2025-02-01T02:54:42.649+0000] {logging_mixin.py:137} INFO - [2025-02-01T02:54:42.648+0000] {dag.py:3441} INFO - Setting next_dagrun for latest_only to 2025-01-31T22:54:42.648190+00:00, run_after=2025-02-01T02:54:42.648190+00:00
[2025-02-01T02:54:42.825+0000] {processor.py:175} INFO - Processing /home/airflow/.local/lib/python3.7/site-packages/airflow/example_dags/example_latest_only.py took 0.591 seconds
[2025-02-01T02:55:13.010+0000] {processor.py:153} INFO - Started process (PID=1696) to work on /home/airflow/.local/lib/python3.7/site-packages/airflow/example_dags/example_latest_only.py
[2025-02-01T02:55:13.086+0000] {processor.py:743} INFO - Processing file /home/airflow/.local/lib/python3.7/site-packages/airflow/example_dags/example_latest_only.py for tasks to queue
[2025-02-01T02:55:13.089+0000] {logging_mixin.py:137} INFO - [2025-02-01T02:55:13.088+0000] {dagbag.py:538} INFO - Filling up the DagBag from /home/airflow/.local/lib/python3.7/site-packages/airflow/example_dags/example_latest_only.py
[2025-02-01T02:55:13.171+0000] {processor.py:753} INFO - DAG(s) dict_keys(['latest_only']) retrieved from /home/airflow/.local/lib/python3.7/site-packages/airflow/example_dags/example_latest_only.py
[2025-02-01T02:55:13.295+0000] {logging_mixin.py:137} INFO - [2025-02-01T02:55:13.295+0000] {dag.py:2690} INFO - Sync 1 DAGs
[2025-02-01T02:55:13.467+0000] {logging_mixin.py:137} INFO - [2025-02-01T02:55:13.466+0000] {dag.py:3441} INFO - Setting next_dagrun for latest_only to 2025-01-31T22:55:13.466180+00:00, run_after=2025-02-01T02:55:13.466180+00:00
[2025-02-01T02:55:13.653+0000] {processor.py:175} INFO - Processing /home/airflow/.local/lib/python3.7/site-packages/airflow/example_dags/example_latest_only.py took 0.663 seconds
[2025-02-01T02:55:44.182+0000] {processor.py:153} INFO - Started process (PID=1755) to work on /home/airflow/.local/lib/python3.7/site-packages/airflow/example_dags/example_latest_only.py
[2025-02-01T02:55:44.187+0000] {processor.py:743} INFO - Processing file /home/airflow/.local/lib/python3.7/site-packages/airflow/example_dags/example_latest_only.py for tasks to queue
[2025-02-01T02:55:44.191+0000] {logging_mixin.py:137} INFO - [2025-02-01T02:55:44.191+0000] {dagbag.py:538} INFO - Filling up the DagBag from /home/airflow/.local/lib/python3.7/site-packages/airflow/example_dags/example_latest_only.py
[2025-02-01T02:55:44.353+0000] {processor.py:753} INFO - DAG(s) dict_keys(['latest_only']) retrieved from /home/airflow/.local/lib/python3.7/site-packages/airflow/example_dags/example_latest_only.py
[2025-02-01T02:55:44.556+0000] {logging_mixin.py:137} INFO - [2025-02-01T02:55:44.555+0000] {dag.py:2690} INFO - Sync 1 DAGs
[2025-02-01T02:55:44.837+0000] {logging_mixin.py:137} INFO - [2025-02-01T02:55:44.836+0000] {dag.py:3441} INFO - Setting next_dagrun for latest_only to 2025-01-31T22:55:44.836259+00:00, run_after=2025-02-01T02:55:44.836259+00:00
[2025-02-01T02:55:45.000+0000] {processor.py:175} INFO - Processing /home/airflow/.local/lib/python3.7/site-packages/airflow/example_dags/example_latest_only.py took 0.848 seconds
[2025-02-01T02:56:15.321+0000] {processor.py:153} INFO - Started process (PID=1814) to work on /home/airflow/.local/lib/python3.7/site-packages/airflow/example_dags/example_latest_only.py
[2025-02-01T02:56:15.327+0000] {processor.py:743} INFO - Processing file /home/airflow/.local/lib/python3.7/site-packages/airflow/example_dags/example_latest_only.py for tasks to queue
[2025-02-01T02:56:15.328+0000] {logging_mixin.py:137} INFO - [2025-02-01T02:56:15.328+0000] {dagbag.py:538} INFO - Filling up the DagBag from /home/airflow/.local/lib/python3.7/site-packages/airflow/example_dags/example_latest_only.py
[2025-02-01T02:56:15.446+0000] {processor.py:753} INFO - DAG(s) dict_keys(['latest_only']) retrieved from /home/airflow/.local/lib/python3.7/site-packages/airflow/example_dags/example_latest_only.py
[2025-02-01T02:56:15.624+0000] {logging_mixin.py:137} INFO - [2025-02-01T02:56:15.623+0000] {dag.py:2690} INFO - Sync 1 DAGs
[2025-02-01T02:56:15.826+0000] {logging_mixin.py:137} INFO - [2025-02-01T02:56:15.826+0000] {dag.py:3441} INFO - Setting next_dagrun for latest_only to 2025-01-31T22:56:15.826000+00:00, run_after=2025-02-01T02:56:15.826000+00:00
[2025-02-01T02:56:15.995+0000] {processor.py:175} INFO - Processing /home/airflow/.local/lib/python3.7/site-packages/airflow/example_dags/example_latest_only.py took 0.700 seconds
[2025-02-01T02:56:46.609+0000] {processor.py:153} INFO - Started process (PID=1870) to work on /home/airflow/.local/lib/python3.7/site-packages/airflow/example_dags/example_latest_only.py
[2025-02-01T02:56:46.617+0000] {processor.py:743} INFO - Processing file /home/airflow/.local/lib/python3.7/site-packages/airflow/example_dags/example_latest_only.py for tasks to queue
[2025-02-01T02:56:46.624+0000] {logging_mixin.py:137} INFO - [2025-02-01T02:56:46.623+0000] {dagbag.py:538} INFO - Filling up the DagBag from /home/airflow/.local/lib/python3.7/site-packages/airflow/example_dags/example_latest_only.py
[2025-02-01T02:56:46.739+0000] {processor.py:753} INFO - DAG(s) dict_keys(['latest_only']) retrieved from /home/airflow/.local/lib/python3.7/site-packages/airflow/example_dags/example_latest_only.py
[2025-02-01T02:56:46.972+0000] {logging_mixin.py:137} INFO - [2025-02-01T02:56:46.971+0000] {dag.py:2690} INFO - Sync 1 DAGs
[2025-02-01T02:56:47.189+0000] {logging_mixin.py:137} INFO - [2025-02-01T02:56:47.184+0000] {dag.py:3441} INFO - Setting next_dagrun for latest_only to 2025-01-31T22:56:47.183473+00:00, run_after=2025-02-01T02:56:47.183473+00:00
[2025-02-01T02:56:47.357+0000] {processor.py:175} INFO - Processing /home/airflow/.local/lib/python3.7/site-packages/airflow/example_dags/example_latest_only.py took 0.775 seconds
[2025-02-01T02:57:17.853+0000] {processor.py:153} INFO - Started process (PID=1922) to work on /home/airflow/.local/lib/python3.7/site-packages/airflow/example_dags/example_latest_only.py
[2025-02-01T02:57:17.856+0000] {processor.py:743} INFO - Processing file /home/airflow/.local/lib/python3.7/site-packages/airflow/example_dags/example_latest_only.py for tasks to queue
[2025-02-01T02:57:17.857+0000] {logging_mixin.py:137} INFO - [2025-02-01T02:57:17.857+0000] {dagbag.py:538} INFO - Filling up the DagBag from /home/airflow/.local/lib/python3.7/site-packages/airflow/example_dags/example_latest_only.py
[2025-02-01T02:57:17.905+0000] {processor.py:753} INFO - DAG(s) dict_keys(['latest_only']) retrieved from /home/airflow/.local/lib/python3.7/site-packages/airflow/example_dags/example_latest_only.py
[2025-02-01T02:57:18.026+0000] {logging_mixin.py:137} INFO - [2025-02-01T02:57:18.026+0000] {dag.py:2690} INFO - Sync 1 DAGs
[2025-02-01T02:57:18.196+0000] {logging_mixin.py:137} INFO - [2025-02-01T02:57:18.195+0000] {dag.py:3441} INFO - Setting next_dagrun for latest_only to 2025-01-31T22:57:18.195188+00:00, run_after=2025-02-01T02:57:18.195188+00:00
[2025-02-01T02:57:18.299+0000] {processor.py:175} INFO - Processing /home/airflow/.local/lib/python3.7/site-packages/airflow/example_dags/example_latest_only.py took 0.466 seconds
[2025-02-01T02:57:48.555+0000] {processor.py:153} INFO - Started process (PID=1982) to work on /home/airflow/.local/lib/python3.7/site-packages/airflow/example_dags/example_latest_only.py
[2025-02-01T02:57:48.561+0000] {processor.py:743} INFO - Processing file /home/airflow/.local/lib/python3.7/site-packages/airflow/example_dags/example_latest_only.py for tasks to queue
[2025-02-01T02:57:48.569+0000] {logging_mixin.py:137} INFO - [2025-02-01T02:57:48.563+0000] {dagbag.py:538} INFO - Filling up the DagBag from /home/airflow/.local/lib/python3.7/site-packages/airflow/example_dags/example_latest_only.py
[2025-02-01T02:57:48.756+0000] {processor.py:753} INFO - DAG(s) dict_keys(['latest_only']) retrieved from /home/airflow/.local/lib/python3.7/site-packages/airflow/example_dags/example_latest_only.py
[2025-02-01T02:57:49.083+0000] {logging_mixin.py:137} INFO - [2025-02-01T02:57:49.083+0000] {dag.py:2690} INFO - Sync 1 DAGs
[2025-02-01T02:57:49.383+0000] {logging_mixin.py:137} INFO - [2025-02-01T02:57:49.382+0000] {dag.py:3441} INFO - Setting next_dagrun for latest_only to 2025-01-31T22:57:49.379124+00:00, run_after=2025-02-01T02:57:49.379124+00:00
[2025-02-01T02:57:49.592+0000] {processor.py:175} INFO - Processing /home/airflow/.local/lib/python3.7/site-packages/airflow/example_dags/example_latest_only.py took 1.075 seconds
[2025-02-01T02:58:20.232+0000] {processor.py:153} INFO - Started process (PID=2030) to work on /home/airflow/.local/lib/python3.7/site-packages/airflow/example_dags/example_latest_only.py
[2025-02-01T02:58:20.236+0000] {processor.py:743} INFO - Processing file /home/airflow/.local/lib/python3.7/site-packages/airflow/example_dags/example_latest_only.py for tasks to queue
[2025-02-01T02:58:20.242+0000] {logging_mixin.py:137} INFO - [2025-02-01T02:58:20.242+0000] {dagbag.py:538} INFO - Filling up the DagBag from /home/airflow/.local/lib/python3.7/site-packages/airflow/example_dags/example_latest_only.py
[2025-02-01T02:58:20.350+0000] {processor.py:753} INFO - DAG(s) dict_keys(['latest_only']) retrieved from /home/airflow/.local/lib/python3.7/site-packages/airflow/example_dags/example_latest_only.py
[2025-02-01T02:58:20.543+0000] {logging_mixin.py:137} INFO - [2025-02-01T02:58:20.542+0000] {dag.py:2690} INFO - Sync 1 DAGs
[2025-02-01T02:58:20.766+0000] {logging_mixin.py:137} INFO - [2025-02-01T02:58:20.765+0000] {dag.py:3441} INFO - Setting next_dagrun for latest_only to 2025-01-31T22:58:20.765266+00:00, run_after=2025-02-01T02:58:20.765266+00:00
[2025-02-01T02:58:20.876+0000] {processor.py:175} INFO - Processing /home/airflow/.local/lib/python3.7/site-packages/airflow/example_dags/example_latest_only.py took 0.670 seconds
[2025-02-01T02:58:51.084+0000] {processor.py:153} INFO - Started process (PID=2089) to work on /home/airflow/.local/lib/python3.7/site-packages/airflow/example_dags/example_latest_only.py
[2025-02-01T02:58:51.086+0000] {processor.py:743} INFO - Processing file /home/airflow/.local/lib/python3.7/site-packages/airflow/example_dags/example_latest_only.py for tasks to queue
[2025-02-01T02:58:51.088+0000] {logging_mixin.py:137} INFO - [2025-02-01T02:58:51.088+0000] {dagbag.py:538} INFO - Filling up the DagBag from /home/airflow/.local/lib/python3.7/site-packages/airflow/example_dags/example_latest_only.py
[2025-02-01T02:58:51.118+0000] {processor.py:753} INFO - DAG(s) dict_keys(['latest_only']) retrieved from /home/airflow/.local/lib/python3.7/site-packages/airflow/example_dags/example_latest_only.py
[2025-02-01T02:58:51.173+0000] {logging_mixin.py:137} INFO - [2025-02-01T02:58:51.173+0000] {dag.py:2690} INFO - Sync 1 DAGs
[2025-02-01T02:58:51.240+0000] {logging_mixin.py:137} INFO - [2025-02-01T02:58:51.240+0000] {dag.py:3441} INFO - Setting next_dagrun for latest_only to 2025-01-31T22:58:51.240131+00:00, run_after=2025-02-01T02:58:51.240131+00:00
[2025-02-01T02:58:51.292+0000] {processor.py:175} INFO - Processing /home/airflow/.local/lib/python3.7/site-packages/airflow/example_dags/example_latest_only.py took 0.217 seconds
[2025-02-01T02:59:21.821+0000] {processor.py:153} INFO - Started process (PID=2146) to work on /home/airflow/.local/lib/python3.7/site-packages/airflow/example_dags/example_latest_only.py
[2025-02-01T02:59:21.823+0000] {processor.py:743} INFO - Processing file /home/airflow/.local/lib/python3.7/site-packages/airflow/example_dags/example_latest_only.py for tasks to queue
[2025-02-01T02:59:21.826+0000] {logging_mixin.py:137} INFO - [2025-02-01T02:59:21.826+0000] {dagbag.py:538} INFO - Filling up the DagBag from /home/airflow/.local/lib/python3.7/site-packages/airflow/example_dags/example_latest_only.py
[2025-02-01T02:59:21.907+0000] {processor.py:753} INFO - DAG(s) dict_keys(['latest_only']) retrieved from /home/airflow/.local/lib/python3.7/site-packages/airflow/example_dags/example_latest_only.py
[2025-02-01T02:59:22.080+0000] {logging_mixin.py:137} INFO - [2025-02-01T02:59:22.078+0000] {dag.py:2690} INFO - Sync 1 DAGs
[2025-02-01T02:59:22.228+0000] {logging_mixin.py:137} INFO - [2025-02-01T02:59:22.228+0000] {dag.py:3441} INFO - Setting next_dagrun for latest_only to 2025-01-31T22:59:22.228029+00:00, run_after=2025-02-01T02:59:22.228029+00:00
[2025-02-01T02:59:22.371+0000] {processor.py:175} INFO - Processing /home/airflow/.local/lib/python3.7/site-packages/airflow/example_dags/example_latest_only.py took 0.566 seconds
[2025-02-01T02:59:53.386+0000] {processor.py:153} INFO - Started process (PID=2205) to work on /home/airflow/.local/lib/python3.7/site-packages/airflow/example_dags/example_latest_only.py
[2025-02-01T02:59:53.392+0000] {processor.py:743} INFO - Processing file /home/airflow/.local/lib/python3.7/site-packages/airflow/example_dags/example_latest_only.py for tasks to queue
[2025-02-01T02:59:53.396+0000] {logging_mixin.py:137} INFO - [2025-02-01T02:59:53.396+0000] {dagbag.py:538} INFO - Filling up the DagBag from /home/airflow/.local/lib/python3.7/site-packages/airflow/example_dags/example_latest_only.py
[2025-02-01T02:59:53.515+0000] {processor.py:753} INFO - DAG(s) dict_keys(['latest_only']) retrieved from /home/airflow/.local/lib/python3.7/site-packages/airflow/example_dags/example_latest_only.py
[2025-02-01T02:59:53.650+0000] {logging_mixin.py:137} INFO - [2025-02-01T02:59:53.650+0000] {dag.py:2690} INFO - Sync 1 DAGs
[2025-02-01T02:59:53.835+0000] {logging_mixin.py:137} INFO - [2025-02-01T02:59:53.834+0000] {dag.py:3441} INFO - Setting next_dagrun for latest_only to 2025-01-31T22:59:53.834245+00:00, run_after=2025-02-01T02:59:53.834245+00:00
[2025-02-01T02:59:53.963+0000] {processor.py:175} INFO - Processing /home/airflow/.local/lib/python3.7/site-packages/airflow/example_dags/example_latest_only.py took 0.604 seconds
[2025-02-01T03:00:24.534+0000] {processor.py:153} INFO - Started process (PID=2255) to work on /home/airflow/.local/lib/python3.7/site-packages/airflow/example_dags/example_latest_only.py
[2025-02-01T03:00:24.542+0000] {processor.py:743} INFO - Processing file /home/airflow/.local/lib/python3.7/site-packages/airflow/example_dags/example_latest_only.py for tasks to queue
[2025-02-01T03:00:24.550+0000] {logging_mixin.py:137} INFO - [2025-02-01T03:00:24.543+0000] {dagbag.py:538} INFO - Filling up the DagBag from /home/airflow/.local/lib/python3.7/site-packages/airflow/example_dags/example_latest_only.py
[2025-02-01T03:00:24.708+0000] {processor.py:753} INFO - DAG(s) dict_keys(['latest_only']) retrieved from /home/airflow/.local/lib/python3.7/site-packages/airflow/example_dags/example_latest_only.py
[2025-02-01T03:00:24.972+0000] {logging_mixin.py:137} INFO - [2025-02-01T03:00:24.972+0000] {dag.py:2690} INFO - Sync 1 DAGs
[2025-02-01T03:00:25.315+0000] {logging_mixin.py:137} INFO - [2025-02-01T03:00:25.301+0000] {dag.py:3441} INFO - Setting next_dagrun for latest_only to 2025-01-31T23:00:25.301307+00:00, run_after=2025-02-01T03:00:25.301307+00:00
[2025-02-01T03:00:25.630+0000] {processor.py:175} INFO - Processing /home/airflow/.local/lib/python3.7/site-packages/airflow/example_dags/example_latest_only.py took 1.137 seconds
[2025-02-01T03:00:56.041+0000] {processor.py:153} INFO - Started process (PID=2314) to work on /home/airflow/.local/lib/python3.7/site-packages/airflow/example_dags/example_latest_only.py
[2025-02-01T03:00:56.043+0000] {processor.py:743} INFO - Processing file /home/airflow/.local/lib/python3.7/site-packages/airflow/example_dags/example_latest_only.py for tasks to queue
[2025-02-01T03:00:56.045+0000] {logging_mixin.py:137} INFO - [2025-02-01T03:00:56.045+0000] {dagbag.py:538} INFO - Filling up the DagBag from /home/airflow/.local/lib/python3.7/site-packages/airflow/example_dags/example_latest_only.py
[2025-02-01T03:00:56.077+0000] {processor.py:753} INFO - DAG(s) dict_keys(['latest_only']) retrieved from /home/airflow/.local/lib/python3.7/site-packages/airflow/example_dags/example_latest_only.py
[2025-02-01T03:00:56.134+0000] {logging_mixin.py:137} INFO - [2025-02-01T03:00:56.133+0000] {dag.py:2690} INFO - Sync 1 DAGs
[2025-02-01T03:00:56.199+0000] {logging_mixin.py:137} INFO - [2025-02-01T03:00:56.198+0000] {dag.py:3441} INFO - Setting next_dagrun for latest_only to 2025-01-31T23:00:56.198397+00:00, run_after=2025-02-01T03:00:56.198397+00:00
[2025-02-01T03:00:56.254+0000] {processor.py:175} INFO - Processing /home/airflow/.local/lib/python3.7/site-packages/airflow/example_dags/example_latest_only.py took 0.220 seconds
[2025-02-01T03:01:26.874+0000] {processor.py:153} INFO - Started process (PID=2373) to work on /home/airflow/.local/lib/python3.7/site-packages/airflow/example_dags/example_latest_only.py
[2025-02-01T03:01:26.877+0000] {processor.py:743} INFO - Processing file /home/airflow/.local/lib/python3.7/site-packages/airflow/example_dags/example_latest_only.py for tasks to queue
[2025-02-01T03:01:26.879+0000] {logging_mixin.py:137} INFO - [2025-02-01T03:01:26.878+0000] {dagbag.py:538} INFO - Filling up the DagBag from /home/airflow/.local/lib/python3.7/site-packages/airflow/example_dags/example_latest_only.py
[2025-02-01T03:01:26.946+0000] {processor.py:753} INFO - DAG(s) dict_keys(['latest_only']) retrieved from /home/airflow/.local/lib/python3.7/site-packages/airflow/example_dags/example_latest_only.py
[2025-02-01T03:01:27.072+0000] {logging_mixin.py:137} INFO - [2025-02-01T03:01:27.072+0000] {dag.py:2690} INFO - Sync 1 DAGs
[2025-02-01T03:01:27.204+0000] {logging_mixin.py:137} INFO - [2025-02-01T03:01:27.203+0000] {dag.py:3441} INFO - Setting next_dagrun for latest_only to 2025-01-31T23:01:27.203260+00:00, run_after=2025-02-01T03:01:27.203260+00:00
[2025-02-01T03:01:27.305+0000] {processor.py:175} INFO - Processing /home/airflow/.local/lib/python3.7/site-packages/airflow/example_dags/example_latest_only.py took 0.456 seconds
[2025-02-01T03:01:57.986+0000] {processor.py:153} INFO - Started process (PID=2428) to work on /home/airflow/.local/lib/python3.7/site-packages/airflow/example_dags/example_latest_only.py
[2025-02-01T03:01:57.989+0000] {processor.py:743} INFO - Processing file /home/airflow/.local/lib/python3.7/site-packages/airflow/example_dags/example_latest_only.py for tasks to queue
[2025-02-01T03:01:57.993+0000] {logging_mixin.py:137} INFO - [2025-02-01T03:01:57.991+0000] {dagbag.py:538} INFO - Filling up the DagBag from /home/airflow/.local/lib/python3.7/site-packages/airflow/example_dags/example_latest_only.py
[2025-02-01T03:01:58.081+0000] {processor.py:753} INFO - DAG(s) dict_keys(['latest_only']) retrieved from /home/airflow/.local/lib/python3.7/site-packages/airflow/example_dags/example_latest_only.py
[2025-02-01T03:01:58.227+0000] {logging_mixin.py:137} INFO - [2025-02-01T03:01:58.227+0000] {dag.py:2690} INFO - Sync 1 DAGs
[2025-02-01T03:01:58.528+0000] {logging_mixin.py:137} INFO - [2025-02-01T03:01:58.526+0000] {dag.py:3441} INFO - Setting next_dagrun for latest_only to 2025-01-31T23:01:58.525481+00:00, run_after=2025-02-01T03:01:58.525481+00:00
[2025-02-01T03:01:58.633+0000] {processor.py:175} INFO - Processing /home/airflow/.local/lib/python3.7/site-packages/airflow/example_dags/example_latest_only.py took 0.663 seconds
[2025-02-01T03:02:29.317+0000] {processor.py:153} INFO - Started process (PID=2480) to work on /home/airflow/.local/lib/python3.7/site-packages/airflow/example_dags/example_latest_only.py
[2025-02-01T03:02:29.321+0000] {processor.py:743} INFO - Processing file /home/airflow/.local/lib/python3.7/site-packages/airflow/example_dags/example_latest_only.py for tasks to queue
[2025-02-01T03:02:29.323+0000] {logging_mixin.py:137} INFO - [2025-02-01T03:02:29.322+0000] {dagbag.py:538} INFO - Filling up the DagBag from /home/airflow/.local/lib/python3.7/site-packages/airflow/example_dags/example_latest_only.py
[2025-02-01T03:02:29.409+0000] {processor.py:753} INFO - DAG(s) dict_keys(['latest_only']) retrieved from /home/airflow/.local/lib/python3.7/site-packages/airflow/example_dags/example_latest_only.py
[2025-02-01T03:02:29.556+0000] {logging_mixin.py:137} INFO - [2025-02-01T03:02:29.556+0000] {dag.py:2690} INFO - Sync 1 DAGs
[2025-02-01T03:02:29.625+0000] {logging_mixin.py:137} INFO - [2025-02-01T03:02:29.625+0000] {dag.py:3441} INFO - Setting next_dagrun for latest_only to 2025-01-31T23:02:29.625001+00:00, run_after=2025-02-01T03:02:29.625001+00:00
[2025-02-01T03:02:29.671+0000] {processor.py:175} INFO - Processing /home/airflow/.local/lib/python3.7/site-packages/airflow/example_dags/example_latest_only.py took 0.370 seconds
[2025-02-01T03:03:00.584+0000] {processor.py:153} INFO - Started process (PID=2540) to work on /home/airflow/.local/lib/python3.7/site-packages/airflow/example_dags/example_latest_only.py
[2025-02-01T03:03:00.587+0000] {processor.py:743} INFO - Processing file /home/airflow/.local/lib/python3.7/site-packages/airflow/example_dags/example_latest_only.py for tasks to queue
[2025-02-01T03:03:00.588+0000] {logging_mixin.py:137} INFO - [2025-02-01T03:03:00.588+0000] {dagbag.py:538} INFO - Filling up the DagBag from /home/airflow/.local/lib/python3.7/site-packages/airflow/example_dags/example_latest_only.py
[2025-02-01T03:03:00.621+0000] {processor.py:753} INFO - DAG(s) dict_keys(['latest_only']) retrieved from /home/airflow/.local/lib/python3.7/site-packages/airflow/example_dags/example_latest_only.py
[2025-02-01T03:03:00.682+0000] {logging_mixin.py:137} INFO - [2025-02-01T03:03:00.682+0000] {dag.py:2690} INFO - Sync 1 DAGs
[2025-02-01T03:03:00.746+0000] {logging_mixin.py:137} INFO - [2025-02-01T03:03:00.746+0000] {dag.py:3441} INFO - Setting next_dagrun for latest_only to 2025-01-31T23:03:00.745669+00:00, run_after=2025-02-01T03:03:00.745669+00:00
[2025-02-01T03:03:00.791+0000] {processor.py:175} INFO - Processing /home/airflow/.local/lib/python3.7/site-packages/airflow/example_dags/example_latest_only.py took 0.215 seconds
[2025-02-01T03:03:32.263+0000] {processor.py:153} INFO - Started process (PID=2599) to work on /home/airflow/.local/lib/python3.7/site-packages/airflow/example_dags/example_latest_only.py
[2025-02-01T03:03:32.272+0000] {processor.py:743} INFO - Processing file /home/airflow/.local/lib/python3.7/site-packages/airflow/example_dags/example_latest_only.py for tasks to queue
[2025-02-01T03:03:32.282+0000] {logging_mixin.py:137} INFO - [2025-02-01T03:03:32.274+0000] {dagbag.py:538} INFO - Filling up the DagBag from /home/airflow/.local/lib/python3.7/site-packages/airflow/example_dags/example_latest_only.py
[2025-02-01T03:03:32.458+0000] {processor.py:753} INFO - DAG(s) dict_keys(['latest_only']) retrieved from /home/airflow/.local/lib/python3.7/site-packages/airflow/example_dags/example_latest_only.py
[2025-02-01T03:03:32.715+0000] {logging_mixin.py:137} INFO - [2025-02-01T03:03:32.714+0000] {dag.py:2690} INFO - Sync 1 DAGs
[2025-02-01T03:03:33.061+0000] {logging_mixin.py:137} INFO - [2025-02-01T03:03:33.060+0000] {dag.py:3441} INFO - Setting next_dagrun for latest_only to 2025-01-31T23:03:33.060240+00:00, run_after=2025-02-01T03:03:33.060240+00:00
[2025-02-01T03:03:33.307+0000] {processor.py:175} INFO - Processing /home/airflow/.local/lib/python3.7/site-packages/airflow/example_dags/example_latest_only.py took 1.088 seconds
[2025-02-01T03:04:03.443+0000] {processor.py:153} INFO - Started process (PID=2648) to work on /home/airflow/.local/lib/python3.7/site-packages/airflow/example_dags/example_latest_only.py
[2025-02-01T03:04:03.445+0000] {processor.py:743} INFO - Processing file /home/airflow/.local/lib/python3.7/site-packages/airflow/example_dags/example_latest_only.py for tasks to queue
[2025-02-01T03:04:03.447+0000] {logging_mixin.py:137} INFO - [2025-02-01T03:04:03.446+0000] {dagbag.py:538} INFO - Filling up the DagBag from /home/airflow/.local/lib/python3.7/site-packages/airflow/example_dags/example_latest_only.py
[2025-02-01T03:04:03.476+0000] {processor.py:753} INFO - DAG(s) dict_keys(['latest_only']) retrieved from /home/airflow/.local/lib/python3.7/site-packages/airflow/example_dags/example_latest_only.py
[2025-02-01T03:04:03.531+0000] {logging_mixin.py:137} INFO - [2025-02-01T03:04:03.531+0000] {dag.py:2690} INFO - Sync 1 DAGs
[2025-02-01T03:04:03.599+0000] {logging_mixin.py:137} INFO - [2025-02-01T03:04:03.599+0000] {dag.py:3441} INFO - Setting next_dagrun for latest_only to 2025-01-31T23:04:03.598491+00:00, run_after=2025-02-01T03:04:03.598491+00:00
[2025-02-01T03:04:03.651+0000] {processor.py:175} INFO - Processing /home/airflow/.local/lib/python3.7/site-packages/airflow/example_dags/example_latest_only.py took 0.216 seconds
[2025-02-01T03:04:34.243+0000] {processor.py:153} INFO - Started process (PID=2705) to work on /home/airflow/.local/lib/python3.7/site-packages/airflow/example_dags/example_latest_only.py
[2025-02-01T03:04:34.246+0000] {processor.py:743} INFO - Processing file /home/airflow/.local/lib/python3.7/site-packages/airflow/example_dags/example_latest_only.py for tasks to queue
[2025-02-01T03:04:34.251+0000] {logging_mixin.py:137} INFO - [2025-02-01T03:04:34.247+0000] {dagbag.py:538} INFO - Filling up the DagBag from /home/airflow/.local/lib/python3.7/site-packages/airflow/example_dags/example_latest_only.py
[2025-02-01T03:04:34.305+0000] {processor.py:753} INFO - DAG(s) dict_keys(['latest_only']) retrieved from /home/airflow/.local/lib/python3.7/site-packages/airflow/example_dags/example_latest_only.py
[2025-02-01T03:04:34.397+0000] {logging_mixin.py:137} INFO - [2025-02-01T03:04:34.397+0000] {dag.py:2690} INFO - Sync 1 DAGs
[2025-02-01T03:04:34.500+0000] {logging_mixin.py:137} INFO - [2025-02-01T03:04:34.500+0000] {dag.py:3441} INFO - Setting next_dagrun for latest_only to 2025-01-31T23:04:34.497910+00:00, run_after=2025-02-01T03:04:34.497910+00:00
[2025-02-01T03:04:34.592+0000] {processor.py:175} INFO - Processing /home/airflow/.local/lib/python3.7/site-packages/airflow/example_dags/example_latest_only.py took 0.369 seconds
[2025-02-01T03:05:05.276+0000] {processor.py:153} INFO - Started process (PID=2763) to work on /home/airflow/.local/lib/python3.7/site-packages/airflow/example_dags/example_latest_only.py
[2025-02-01T03:05:05.278+0000] {processor.py:743} INFO - Processing file /home/airflow/.local/lib/python3.7/site-packages/airflow/example_dags/example_latest_only.py for tasks to queue
[2025-02-01T03:05:05.280+0000] {logging_mixin.py:137} INFO - [2025-02-01T03:05:05.279+0000] {dagbag.py:538} INFO - Filling up the DagBag from /home/airflow/.local/lib/python3.7/site-packages/airflow/example_dags/example_latest_only.py
[2025-02-01T03:05:05.367+0000] {processor.py:753} INFO - DAG(s) dict_keys(['latest_only']) retrieved from /home/airflow/.local/lib/python3.7/site-packages/airflow/example_dags/example_latest_only.py
[2025-02-01T03:05:05.535+0000] {logging_mixin.py:137} INFO - [2025-02-01T03:05:05.535+0000] {dag.py:2690} INFO - Sync 1 DAGs
[2025-02-01T03:05:05.744+0000] {logging_mixin.py:137} INFO - [2025-02-01T03:05:05.744+0000] {dag.py:3441} INFO - Setting next_dagrun for latest_only to 2025-01-31T23:05:05.743986+00:00, run_after=2025-02-01T03:05:05.743986+00:00
[2025-02-01T03:05:05.836+0000] {processor.py:175} INFO - Processing /home/airflow/.local/lib/python3.7/site-packages/airflow/example_dags/example_latest_only.py took 0.578 seconds
[2025-02-01T03:05:36.632+0000] {processor.py:153} INFO - Started process (PID=2813) to work on /home/airflow/.local/lib/python3.7/site-packages/airflow/example_dags/example_latest_only.py
[2025-02-01T03:05:36.635+0000] {processor.py:743} INFO - Processing file /home/airflow/.local/lib/python3.7/site-packages/airflow/example_dags/example_latest_only.py for tasks to queue
[2025-02-01T03:05:36.639+0000] {logging_mixin.py:137} INFO - [2025-02-01T03:05:36.638+0000] {dagbag.py:538} INFO - Filling up the DagBag from /home/airflow/.local/lib/python3.7/site-packages/airflow/example_dags/example_latest_only.py
[2025-02-01T03:05:36.713+0000] {processor.py:753} INFO - DAG(s) dict_keys(['latest_only']) retrieved from /home/airflow/.local/lib/python3.7/site-packages/airflow/example_dags/example_latest_only.py
[2025-02-01T03:05:36.785+0000] {logging_mixin.py:137} INFO - [2025-02-01T03:05:36.785+0000] {dag.py:2690} INFO - Sync 1 DAGs
[2025-02-01T03:05:36.887+0000] {logging_mixin.py:137} INFO - [2025-02-01T03:05:36.886+0000] {dag.py:3441} INFO - Setting next_dagrun for latest_only to 2025-01-31T23:05:36.886189+00:00, run_after=2025-02-01T03:05:36.886189+00:00
[2025-02-01T03:05:36.978+0000] {processor.py:175} INFO - Processing /home/airflow/.local/lib/python3.7/site-packages/airflow/example_dags/example_latest_only.py took 0.363 seconds
[2025-02-01T03:06:07.635+0000] {processor.py:153} INFO - Started process (PID=2872) to work on /home/airflow/.local/lib/python3.7/site-packages/airflow/example_dags/example_latest_only.py
[2025-02-01T03:06:07.641+0000] {processor.py:743} INFO - Processing file /home/airflow/.local/lib/python3.7/site-packages/airflow/example_dags/example_latest_only.py for tasks to queue
[2025-02-01T03:06:07.645+0000] {logging_mixin.py:137} INFO - [2025-02-01T03:06:07.642+0000] {dagbag.py:538} INFO - Filling up the DagBag from /home/airflow/.local/lib/python3.7/site-packages/airflow/example_dags/example_latest_only.py
[2025-02-01T03:06:07.703+0000] {processor.py:753} INFO - DAG(s) dict_keys(['latest_only']) retrieved from /home/airflow/.local/lib/python3.7/site-packages/airflow/example_dags/example_latest_only.py
[2025-02-01T03:06:07.761+0000] {logging_mixin.py:137} INFO - [2025-02-01T03:06:07.761+0000] {dag.py:2690} INFO - Sync 1 DAGs
[2025-02-01T03:06:07.825+0000] {logging_mixin.py:137} INFO - [2025-02-01T03:06:07.825+0000] {dag.py:3441} INFO - Setting next_dagrun for latest_only to 2025-01-31T23:06:07.824975+00:00, run_after=2025-02-01T03:06:07.824975+00:00
[2025-02-01T03:06:07.939+0000] {processor.py:175} INFO - Processing /home/airflow/.local/lib/python3.7/site-packages/airflow/example_dags/example_latest_only.py took 0.320 seconds
[2025-02-01T03:06:38.806+0000] {processor.py:153} INFO - Started process (PID=2931) to work on /home/airflow/.local/lib/python3.7/site-packages/airflow/example_dags/example_latest_only.py
[2025-02-01T03:06:38.810+0000] {processor.py:743} INFO - Processing file /home/airflow/.local/lib/python3.7/site-packages/airflow/example_dags/example_latest_only.py for tasks to queue
[2025-02-01T03:06:38.811+0000] {logging_mixin.py:137} INFO - [2025-02-01T03:06:38.811+0000] {dagbag.py:538} INFO - Filling up the DagBag from /home/airflow/.local/lib/python3.7/site-packages/airflow/example_dags/example_latest_only.py
[2025-02-01T03:06:38.907+0000] {processor.py:753} INFO - DAG(s) dict_keys(['latest_only']) retrieved from /home/airflow/.local/lib/python3.7/site-packages/airflow/example_dags/example_latest_only.py
[2025-02-01T03:06:39.037+0000] {logging_mixin.py:137} INFO - [2025-02-01T03:06:39.036+0000] {dag.py:2690} INFO - Sync 1 DAGs
[2025-02-01T03:06:39.193+0000] {logging_mixin.py:137} INFO - [2025-02-01T03:06:39.191+0000] {dag.py:3441} INFO - Setting next_dagrun for latest_only to 2025-01-31T23:06:39.190479+00:00, run_after=2025-02-01T03:06:39.190479+00:00
[2025-02-01T03:06:39.312+0000] {processor.py:175} INFO - Processing /home/airflow/.local/lib/python3.7/site-packages/airflow/example_dags/example_latest_only.py took 0.527 seconds
[2025-02-01T03:07:09.559+0000] {processor.py:153} INFO - Started process (PID=2989) to work on /home/airflow/.local/lib/python3.7/site-packages/airflow/example_dags/example_latest_only.py
[2025-02-01T03:07:09.564+0000] {processor.py:743} INFO - Processing file /home/airflow/.local/lib/python3.7/site-packages/airflow/example_dags/example_latest_only.py for tasks to queue
[2025-02-01T03:07:09.567+0000] {logging_mixin.py:137} INFO - [2025-02-01T03:07:09.566+0000] {dagbag.py:538} INFO - Filling up the DagBag from /home/airflow/.local/lib/python3.7/site-packages/airflow/example_dags/example_latest_only.py
[2025-02-01T03:07:09.638+0000] {processor.py:753} INFO - DAG(s) dict_keys(['latest_only']) retrieved from /home/airflow/.local/lib/python3.7/site-packages/airflow/example_dags/example_latest_only.py
[2025-02-01T03:07:09.774+0000] {logging_mixin.py:137} INFO - [2025-02-01T03:07:09.774+0000] {dag.py:2690} INFO - Sync 1 DAGs
[2025-02-01T03:07:09.907+0000] {logging_mixin.py:137} INFO - [2025-02-01T03:07:09.906+0000] {dag.py:3441} INFO - Setting next_dagrun for latest_only to 2025-01-31T23:07:09.906180+00:00, run_after=2025-02-01T03:07:09.906180+00:00
[2025-02-01T03:07:09.977+0000] {processor.py:175} INFO - Processing /home/airflow/.local/lib/python3.7/site-packages/airflow/example_dags/example_latest_only.py took 0.441 seconds
[2025-02-01T03:07:40.034+0000] {processor.py:153} INFO - Started process (PID=3039) to work on /home/airflow/.local/lib/python3.7/site-packages/airflow/example_dags/example_latest_only.py
[2025-02-01T03:07:40.036+0000] {processor.py:743} INFO - Processing file /home/airflow/.local/lib/python3.7/site-packages/airflow/example_dags/example_latest_only.py for tasks to queue
[2025-02-01T03:07:40.038+0000] {logging_mixin.py:137} INFO - [2025-02-01T03:07:40.037+0000] {dagbag.py:538} INFO - Filling up the DagBag from /home/airflow/.local/lib/python3.7/site-packages/airflow/example_dags/example_latest_only.py
[2025-02-01T03:07:40.069+0000] {processor.py:753} INFO - DAG(s) dict_keys(['latest_only']) retrieved from /home/airflow/.local/lib/python3.7/site-packages/airflow/example_dags/example_latest_only.py
[2025-02-01T03:07:40.128+0000] {logging_mixin.py:137} INFO - [2025-02-01T03:07:40.128+0000] {dag.py:2690} INFO - Sync 1 DAGs
[2025-02-01T03:07:40.191+0000] {logging_mixin.py:137} INFO - [2025-02-01T03:07:40.190+0000] {dag.py:3441} INFO - Setting next_dagrun for latest_only to 2025-01-31T23:07:40.190295+00:00, run_after=2025-02-01T03:07:40.190295+00:00
[2025-02-01T03:07:40.240+0000] {processor.py:175} INFO - Processing /home/airflow/.local/lib/python3.7/site-packages/airflow/example_dags/example_latest_only.py took 0.214 seconds
[2025-02-01T03:08:10.569+0000] {processor.py:153} INFO - Started process (PID=3097) to work on /home/airflow/.local/lib/python3.7/site-packages/airflow/example_dags/example_latest_only.py
[2025-02-01T03:08:10.572+0000] {processor.py:743} INFO - Processing file /home/airflow/.local/lib/python3.7/site-packages/airflow/example_dags/example_latest_only.py for tasks to queue
[2025-02-01T03:08:10.574+0000] {logging_mixin.py:137} INFO - [2025-02-01T03:08:10.574+0000] {dagbag.py:538} INFO - Filling up the DagBag from /home/airflow/.local/lib/python3.7/site-packages/airflow/example_dags/example_latest_only.py
[2025-02-01T03:08:10.624+0000] {processor.py:753} INFO - DAG(s) dict_keys(['latest_only']) retrieved from /home/airflow/.local/lib/python3.7/site-packages/airflow/example_dags/example_latest_only.py
[2025-02-01T03:08:10.681+0000] {logging_mixin.py:137} INFO - [2025-02-01T03:08:10.680+0000] {dag.py:2690} INFO - Sync 1 DAGs
[2025-02-01T03:08:10.779+0000] {logging_mixin.py:137} INFO - [2025-02-01T03:08:10.779+0000] {dag.py:3441} INFO - Setting next_dagrun for latest_only to 2025-01-31T23:08:10.778885+00:00, run_after=2025-02-01T03:08:10.778885+00:00
[2025-02-01T03:08:10.839+0000] {processor.py:175} INFO - Processing /home/airflow/.local/lib/python3.7/site-packages/airflow/example_dags/example_latest_only.py took 0.287 seconds
[2025-02-01T03:08:41.551+0000] {processor.py:153} INFO - Started process (PID=3154) to work on /home/airflow/.local/lib/python3.7/site-packages/airflow/example_dags/example_latest_only.py
[2025-02-01T03:08:41.557+0000] {processor.py:743} INFO - Processing file /home/airflow/.local/lib/python3.7/site-packages/airflow/example_dags/example_latest_only.py for tasks to queue
[2025-02-01T03:08:41.558+0000] {logging_mixin.py:137} INFO - [2025-02-01T03:08:41.558+0000] {dagbag.py:538} INFO - Filling up the DagBag from /home/airflow/.local/lib/python3.7/site-packages/airflow/example_dags/example_latest_only.py
[2025-02-01T03:08:41.662+0000] {processor.py:753} INFO - DAG(s) dict_keys(['latest_only']) retrieved from /home/airflow/.local/lib/python3.7/site-packages/airflow/example_dags/example_latest_only.py
[2025-02-01T03:08:41.840+0000] {logging_mixin.py:137} INFO - [2025-02-01T03:08:41.840+0000] {dag.py:2690} INFO - Sync 1 DAGs
[2025-02-01T03:08:42.029+0000] {logging_mixin.py:137} INFO - [2025-02-01T03:08:42.028+0000] {dag.py:3441} INFO - Setting next_dagrun for latest_only to 2025-01-31T23:08:42.026156+00:00, run_after=2025-02-01T03:08:42.026156+00:00
[2025-02-01T03:08:42.147+0000] {processor.py:175} INFO - Processing /home/airflow/.local/lib/python3.7/site-packages/airflow/example_dags/example_latest_only.py took 0.622 seconds
[2025-02-01T03:09:12.638+0000] {processor.py:153} INFO - Started process (PID=3204) to work on /home/airflow/.local/lib/python3.7/site-packages/airflow/example_dags/example_latest_only.py
[2025-02-01T03:09:12.641+0000] {processor.py:743} INFO - Processing file /home/airflow/.local/lib/python3.7/site-packages/airflow/example_dags/example_latest_only.py for tasks to queue
[2025-02-01T03:09:12.645+0000] {logging_mixin.py:137} INFO - [2025-02-01T03:09:12.645+0000] {dagbag.py:538} INFO - Filling up the DagBag from /home/airflow/.local/lib/python3.7/site-packages/airflow/example_dags/example_latest_only.py
[2025-02-01T03:09:12.743+0000] {processor.py:753} INFO - DAG(s) dict_keys(['latest_only']) retrieved from /home/airflow/.local/lib/python3.7/site-packages/airflow/example_dags/example_latest_only.py
[2025-02-01T03:09:12.916+0000] {logging_mixin.py:137} INFO - [2025-02-01T03:09:12.916+0000] {dag.py:2690} INFO - Sync 1 DAGs
[2025-02-01T03:09:13.153+0000] {logging_mixin.py:137} INFO - [2025-02-01T03:09:13.152+0000] {dag.py:3441} INFO - Setting next_dagrun for latest_only to 2025-01-31T23:09:13.152185+00:00, run_after=2025-02-01T03:09:13.152185+00:00
[2025-02-01T03:09:13.283+0000] {processor.py:175} INFO - Processing /home/airflow/.local/lib/python3.7/site-packages/airflow/example_dags/example_latest_only.py took 0.668 seconds
[2025-02-01T03:09:43.904+0000] {processor.py:153} INFO - Started process (PID=3263) to work on /home/airflow/.local/lib/python3.7/site-packages/airflow/example_dags/example_latest_only.py
[2025-02-01T03:09:43.907+0000] {processor.py:743} INFO - Processing file /home/airflow/.local/lib/python3.7/site-packages/airflow/example_dags/example_latest_only.py for tasks to queue
[2025-02-01T03:09:43.911+0000] {logging_mixin.py:137} INFO - [2025-02-01T03:09:43.910+0000] {dagbag.py:538} INFO - Filling up the DagBag from /home/airflow/.local/lib/python3.7/site-packages/airflow/example_dags/example_latest_only.py
[2025-02-01T03:09:43.994+0000] {processor.py:753} INFO - DAG(s) dict_keys(['latest_only']) retrieved from /home/airflow/.local/lib/python3.7/site-packages/airflow/example_dags/example_latest_only.py
[2025-02-01T03:09:44.200+0000] {logging_mixin.py:137} INFO - [2025-02-01T03:09:44.199+0000] {dag.py:2690} INFO - Sync 1 DAGs
[2025-02-01T03:09:44.478+0000] {logging_mixin.py:137} INFO - [2025-02-01T03:09:44.477+0000] {dag.py:3441} INFO - Setting next_dagrun for latest_only to 2025-01-31T23:09:44.477153+00:00, run_after=2025-02-01T03:09:44.477153+00:00
[2025-02-01T03:09:44.657+0000] {processor.py:175} INFO - Processing /home/airflow/.local/lib/python3.7/site-packages/airflow/example_dags/example_latest_only.py took 0.766 seconds
