[2025-02-01T02:40:13.310+0000] {processor.py:153} INFO - Started process (PID=61) to work on /home/airflow/.local/lib/python3.7/site-packages/airflow/example_dags/example_short_circuit_operator.py
[2025-02-01T02:40:13.320+0000] {processor.py:743} INFO - Processing file /home/airflow/.local/lib/python3.7/site-packages/airflow/example_dags/example_short_circuit_operator.py for tasks to queue
[2025-02-01T02:40:13.334+0000] {logging_mixin.py:137} INFO - [2025-02-01T02:40:13.322+0000] {dagbag.py:538} INFO - Filling up the DagBag from /home/airflow/.local/lib/python3.7/site-packages/airflow/example_dags/example_short_circuit_operator.py
[2025-02-01T02:40:13.814+0000] {processor.py:753} INFO - DAG(s) dict_keys(['example_short_circuit_operator']) retrieved from /home/airflow/.local/lib/python3.7/site-packages/airflow/example_dags/example_short_circuit_operator.py
[2025-02-01T02:40:14.477+0000] {logging_mixin.py:137} INFO - [2025-02-01T02:40:14.477+0000] {dag.py:2690} INFO - Sync 1 DAGs
[2025-02-01T02:40:14.946+0000] {logging_mixin.py:137} INFO - [2025-02-01T02:40:14.945+0000] {dag.py:3441} INFO - Setting next_dagrun for example_short_circuit_operator to 2025-01-31T02:40:14.945272+00:00, run_after=2025-02-01T02:40:14.945272+00:00
[2025-02-01T02:40:15.336+0000] {processor.py:175} INFO - Processing /home/airflow/.local/lib/python3.7/site-packages/airflow/example_dags/example_short_circuit_operator.py took 2.096 seconds
[2025-02-01T02:40:45.989+0000] {processor.py:153} INFO - Started process (PID=120) to work on /home/airflow/.local/lib/python3.7/site-packages/airflow/example_dags/example_short_circuit_operator.py
[2025-02-01T02:40:45.996+0000] {processor.py:743} INFO - Processing file /home/airflow/.local/lib/python3.7/site-packages/airflow/example_dags/example_short_circuit_operator.py for tasks to queue
[2025-02-01T02:40:46.002+0000] {logging_mixin.py:137} INFO - [2025-02-01T02:40:45.998+0000] {dagbag.py:538} INFO - Filling up the DagBag from /home/airflow/.local/lib/python3.7/site-packages/airflow/example_dags/example_short_circuit_operator.py
[2025-02-01T02:40:46.220+0000] {processor.py:753} INFO - DAG(s) dict_keys(['example_short_circuit_operator']) retrieved from /home/airflow/.local/lib/python3.7/site-packages/airflow/example_dags/example_short_circuit_operator.py
[2025-02-01T02:40:46.519+0000] {logging_mixin.py:137} INFO - [2025-02-01T02:40:46.518+0000] {dag.py:2690} INFO - Sync 1 DAGs
[2025-02-01T02:40:46.899+0000] {logging_mixin.py:137} INFO - [2025-02-01T02:40:46.898+0000] {dag.py:3441} INFO - Setting next_dagrun for example_short_circuit_operator to 2025-01-31T02:40:46.898280+00:00, run_after=2025-02-01T02:40:46.898280+00:00
[2025-02-01T02:40:47.118+0000] {processor.py:175} INFO - Processing /home/airflow/.local/lib/python3.7/site-packages/airflow/example_dags/example_short_circuit_operator.py took 1.163 seconds
[2025-02-01T02:41:17.405+0000] {processor.py:153} INFO - Started process (PID=168) to work on /home/airflow/.local/lib/python3.7/site-packages/airflow/example_dags/example_short_circuit_operator.py
[2025-02-01T02:41:17.408+0000] {processor.py:743} INFO - Processing file /home/airflow/.local/lib/python3.7/site-packages/airflow/example_dags/example_short_circuit_operator.py for tasks to queue
[2025-02-01T02:41:17.410+0000] {logging_mixin.py:137} INFO - [2025-02-01T02:41:17.409+0000] {dagbag.py:538} INFO - Filling up the DagBag from /home/airflow/.local/lib/python3.7/site-packages/airflow/example_dags/example_short_circuit_operator.py
[2025-02-01T02:41:17.456+0000] {processor.py:753} INFO - DAG(s) dict_keys(['example_short_circuit_operator']) retrieved from /home/airflow/.local/lib/python3.7/site-packages/airflow/example_dags/example_short_circuit_operator.py
[2025-02-01T02:41:17.554+0000] {logging_mixin.py:137} INFO - [2025-02-01T02:41:17.553+0000] {dag.py:2690} INFO - Sync 1 DAGs
[2025-02-01T02:41:17.639+0000] {logging_mixin.py:137} INFO - [2025-02-01T02:41:17.639+0000] {dag.py:3441} INFO - Setting next_dagrun for example_short_circuit_operator to 2025-01-31T02:41:17.638792+00:00, run_after=2025-02-01T02:41:17.638792+00:00
[2025-02-01T02:41:17.686+0000] {processor.py:175} INFO - Processing /home/airflow/.local/lib/python3.7/site-packages/airflow/example_dags/example_short_circuit_operator.py took 0.289 seconds
[2025-02-01T02:41:47.765+0000] {processor.py:153} INFO - Started process (PID=227) to work on /home/airflow/.local/lib/python3.7/site-packages/airflow/example_dags/example_short_circuit_operator.py
[2025-02-01T02:41:47.767+0000] {processor.py:743} INFO - Processing file /home/airflow/.local/lib/python3.7/site-packages/airflow/example_dags/example_short_circuit_operator.py for tasks to queue
[2025-02-01T02:41:47.769+0000] {logging_mixin.py:137} INFO - [2025-02-01T02:41:47.768+0000] {dagbag.py:538} INFO - Filling up the DagBag from /home/airflow/.local/lib/python3.7/site-packages/airflow/example_dags/example_short_circuit_operator.py
[2025-02-01T02:41:47.811+0000] {processor.py:753} INFO - DAG(s) dict_keys(['example_short_circuit_operator']) retrieved from /home/airflow/.local/lib/python3.7/site-packages/airflow/example_dags/example_short_circuit_operator.py
[2025-02-01T02:41:47.875+0000] {logging_mixin.py:137} INFO - [2025-02-01T02:41:47.875+0000] {dag.py:2690} INFO - Sync 1 DAGs
[2025-02-01T02:41:47.944+0000] {logging_mixin.py:137} INFO - [2025-02-01T02:41:47.943+0000] {dag.py:3441} INFO - Setting next_dagrun for example_short_circuit_operator to 2025-01-31T02:41:47.943170+00:00, run_after=2025-02-01T02:41:47.943170+00:00
[2025-02-01T02:41:47.992+0000] {processor.py:175} INFO - Processing /home/airflow/.local/lib/python3.7/site-packages/airflow/example_dags/example_short_circuit_operator.py took 0.236 seconds
[2025-02-01T02:42:18.471+0000] {processor.py:153} INFO - Started process (PID=286) to work on /home/airflow/.local/lib/python3.7/site-packages/airflow/example_dags/example_short_circuit_operator.py
[2025-02-01T02:42:18.473+0000] {processor.py:743} INFO - Processing file /home/airflow/.local/lib/python3.7/site-packages/airflow/example_dags/example_short_circuit_operator.py for tasks to queue
[2025-02-01T02:42:18.475+0000] {logging_mixin.py:137} INFO - [2025-02-01T02:42:18.474+0000] {dagbag.py:538} INFO - Filling up the DagBag from /home/airflow/.local/lib/python3.7/site-packages/airflow/example_dags/example_short_circuit_operator.py
[2025-02-01T02:42:18.540+0000] {processor.py:753} INFO - DAG(s) dict_keys(['example_short_circuit_operator']) retrieved from /home/airflow/.local/lib/python3.7/site-packages/airflow/example_dags/example_short_circuit_operator.py
[2025-02-01T02:42:18.603+0000] {logging_mixin.py:137} INFO - [2025-02-01T02:42:18.603+0000] {dag.py:2690} INFO - Sync 1 DAGs
[2025-02-01T02:42:18.699+0000] {logging_mixin.py:137} INFO - [2025-02-01T02:42:18.698+0000] {dag.py:3441} INFO - Setting next_dagrun for example_short_circuit_operator to 2025-01-31T02:42:18.698183+00:00, run_after=2025-02-01T02:42:18.698183+00:00
[2025-02-01T02:42:18.787+0000] {processor.py:175} INFO - Processing /home/airflow/.local/lib/python3.7/site-packages/airflow/example_dags/example_short_circuit_operator.py took 0.329 seconds
[2025-02-01T02:42:48.883+0000] {processor.py:153} INFO - Started process (PID=343) to work on /home/airflow/.local/lib/python3.7/site-packages/airflow/example_dags/example_short_circuit_operator.py
[2025-02-01T02:42:48.885+0000] {processor.py:743} INFO - Processing file /home/airflow/.local/lib/python3.7/site-packages/airflow/example_dags/example_short_circuit_operator.py for tasks to queue
[2025-02-01T02:42:48.886+0000] {logging_mixin.py:137} INFO - [2025-02-01T02:42:48.886+0000] {dagbag.py:538} INFO - Filling up the DagBag from /home/airflow/.local/lib/python3.7/site-packages/airflow/example_dags/example_short_circuit_operator.py
[2025-02-01T02:42:48.937+0000] {processor.py:753} INFO - DAG(s) dict_keys(['example_short_circuit_operator']) retrieved from /home/airflow/.local/lib/python3.7/site-packages/airflow/example_dags/example_short_circuit_operator.py
[2025-02-01T02:42:48.996+0000] {logging_mixin.py:137} INFO - [2025-02-01T02:42:48.996+0000] {dag.py:2690} INFO - Sync 1 DAGs
[2025-02-01T02:42:49.061+0000] {logging_mixin.py:137} INFO - [2025-02-01T02:42:49.060+0000] {dag.py:3441} INFO - Setting next_dagrun for example_short_circuit_operator to 2025-01-31T02:42:49.060426+00:00, run_after=2025-02-01T02:42:49.060426+00:00
[2025-02-01T02:42:49.107+0000] {processor.py:175} INFO - Processing /home/airflow/.local/lib/python3.7/site-packages/airflow/example_dags/example_short_circuit_operator.py took 0.230 seconds
[2025-02-01T02:43:19.387+0000] {processor.py:153} INFO - Started process (PID=394) to work on /home/airflow/.local/lib/python3.7/site-packages/airflow/example_dags/example_short_circuit_operator.py
[2025-02-01T02:43:19.389+0000] {processor.py:743} INFO - Processing file /home/airflow/.local/lib/python3.7/site-packages/airflow/example_dags/example_short_circuit_operator.py for tasks to queue
[2025-02-01T02:43:19.391+0000] {logging_mixin.py:137} INFO - [2025-02-01T02:43:19.390+0000] {dagbag.py:538} INFO - Filling up the DagBag from /home/airflow/.local/lib/python3.7/site-packages/airflow/example_dags/example_short_circuit_operator.py
[2025-02-01T02:43:19.429+0000] {processor.py:753} INFO - DAG(s) dict_keys(['example_short_circuit_operator']) retrieved from /home/airflow/.local/lib/python3.7/site-packages/airflow/example_dags/example_short_circuit_operator.py
[2025-02-01T02:43:19.488+0000] {logging_mixin.py:137} INFO - [2025-02-01T02:43:19.487+0000] {dag.py:2690} INFO - Sync 1 DAGs
[2025-02-01T02:43:19.552+0000] {logging_mixin.py:137} INFO - [2025-02-01T02:43:19.552+0000] {dag.py:3441} INFO - Setting next_dagrun for example_short_circuit_operator to 2025-01-31T02:43:19.551808+00:00, run_after=2025-02-01T02:43:19.551808+00:00
[2025-02-01T02:43:19.601+0000] {processor.py:175} INFO - Processing /home/airflow/.local/lib/python3.7/site-packages/airflow/example_dags/example_short_circuit_operator.py took 0.222 seconds
[2025-02-01T02:43:49.931+0000] {processor.py:153} INFO - Started process (PID=453) to work on /home/airflow/.local/lib/python3.7/site-packages/airflow/example_dags/example_short_circuit_operator.py
[2025-02-01T02:43:49.941+0000] {processor.py:743} INFO - Processing file /home/airflow/.local/lib/python3.7/site-packages/airflow/example_dags/example_short_circuit_operator.py for tasks to queue
[2025-02-01T02:43:49.947+0000] {logging_mixin.py:137} INFO - [2025-02-01T02:43:49.946+0000] {dagbag.py:538} INFO - Filling up the DagBag from /home/airflow/.local/lib/python3.7/site-packages/airflow/example_dags/example_short_circuit_operator.py
[2025-02-01T02:43:50.045+0000] {processor.py:753} INFO - DAG(s) dict_keys(['example_short_circuit_operator']) retrieved from /home/airflow/.local/lib/python3.7/site-packages/airflow/example_dags/example_short_circuit_operator.py
[2025-02-01T02:43:50.106+0000] {logging_mixin.py:137} INFO - [2025-02-01T02:43:50.105+0000] {dag.py:2690} INFO - Sync 1 DAGs
[2025-02-01T02:43:50.220+0000] {logging_mixin.py:137} INFO - [2025-02-01T02:43:50.219+0000] {dag.py:3441} INFO - Setting next_dagrun for example_short_circuit_operator to 2025-01-31T02:43:50.219229+00:00, run_after=2025-02-01T02:43:50.219229+00:00
[2025-02-01T02:43:50.330+0000] {processor.py:175} INFO - Processing /home/airflow/.local/lib/python3.7/site-packages/airflow/example_dags/example_short_circuit_operator.py took 0.425 seconds
[2025-02-01T02:44:20.537+0000] {processor.py:153} INFO - Started process (PID=502) to work on /home/airflow/.local/lib/python3.7/site-packages/airflow/example_dags/example_short_circuit_operator.py
[2025-02-01T02:44:20.539+0000] {processor.py:743} INFO - Processing file /home/airflow/.local/lib/python3.7/site-packages/airflow/example_dags/example_short_circuit_operator.py for tasks to queue
[2025-02-01T02:44:20.540+0000] {logging_mixin.py:137} INFO - [2025-02-01T02:44:20.540+0000] {dagbag.py:538} INFO - Filling up the DagBag from /home/airflow/.local/lib/python3.7/site-packages/airflow/example_dags/example_short_circuit_operator.py
[2025-02-01T02:44:20.591+0000] {processor.py:753} INFO - DAG(s) dict_keys(['example_short_circuit_operator']) retrieved from /home/airflow/.local/lib/python3.7/site-packages/airflow/example_dags/example_short_circuit_operator.py
[2025-02-01T02:44:20.651+0000] {logging_mixin.py:137} INFO - [2025-02-01T02:44:20.651+0000] {dag.py:2690} INFO - Sync 1 DAGs
[2025-02-01T02:44:20.715+0000] {logging_mixin.py:137} INFO - [2025-02-01T02:44:20.715+0000] {dag.py:3441} INFO - Setting next_dagrun for example_short_circuit_operator to 2025-01-31T02:44:20.714565+00:00, run_after=2025-02-01T02:44:20.714565+00:00
[2025-02-01T02:44:20.760+0000] {processor.py:175} INFO - Processing /home/airflow/.local/lib/python3.7/site-packages/airflow/example_dags/example_short_circuit_operator.py took 0.231 seconds
[2025-02-01T02:44:51.777+0000] {processor.py:153} INFO - Started process (PID=560) to work on /home/airflow/.local/lib/python3.7/site-packages/airflow/example_dags/example_short_circuit_operator.py
[2025-02-01T02:44:51.779+0000] {processor.py:743} INFO - Processing file /home/airflow/.local/lib/python3.7/site-packages/airflow/example_dags/example_short_circuit_operator.py for tasks to queue
[2025-02-01T02:44:51.781+0000] {logging_mixin.py:137} INFO - [2025-02-01T02:44:51.780+0000] {dagbag.py:538} INFO - Filling up the DagBag from /home/airflow/.local/lib/python3.7/site-packages/airflow/example_dags/example_short_circuit_operator.py
[2025-02-01T02:44:51.821+0000] {processor.py:753} INFO - DAG(s) dict_keys(['example_short_circuit_operator']) retrieved from /home/airflow/.local/lib/python3.7/site-packages/airflow/example_dags/example_short_circuit_operator.py
[2025-02-01T02:44:51.881+0000] {logging_mixin.py:137} INFO - [2025-02-01T02:44:51.880+0000] {dag.py:2690} INFO - Sync 1 DAGs
[2025-02-01T02:44:51.947+0000] {logging_mixin.py:137} INFO - [2025-02-01T02:44:51.946+0000] {dag.py:3441} INFO - Setting next_dagrun for example_short_circuit_operator to 2025-01-31T02:44:51.946170+00:00, run_after=2025-02-01T02:44:51.946170+00:00
[2025-02-01T02:44:52.001+0000] {processor.py:175} INFO - Processing /home/airflow/.local/lib/python3.7/site-packages/airflow/example_dags/example_short_circuit_operator.py took 0.233 seconds
[2025-02-01T02:45:22.616+0000] {processor.py:153} INFO - Started process (PID=619) to work on /home/airflow/.local/lib/python3.7/site-packages/airflow/example_dags/example_short_circuit_operator.py
[2025-02-01T02:45:22.620+0000] {processor.py:743} INFO - Processing file /home/airflow/.local/lib/python3.7/site-packages/airflow/example_dags/example_short_circuit_operator.py for tasks to queue
[2025-02-01T02:45:22.623+0000] {logging_mixin.py:137} INFO - [2025-02-01T02:45:22.621+0000] {dagbag.py:538} INFO - Filling up the DagBag from /home/airflow/.local/lib/python3.7/site-packages/airflow/example_dags/example_short_circuit_operator.py
[2025-02-01T02:45:22.682+0000] {processor.py:753} INFO - DAG(s) dict_keys(['example_short_circuit_operator']) retrieved from /home/airflow/.local/lib/python3.7/site-packages/airflow/example_dags/example_short_circuit_operator.py
[2025-02-01T02:45:22.788+0000] {logging_mixin.py:137} INFO - [2025-02-01T02:45:22.787+0000] {dag.py:2690} INFO - Sync 1 DAGs
[2025-02-01T02:45:22.911+0000] {logging_mixin.py:137} INFO - [2025-02-01T02:45:22.910+0000] {dag.py:3441} INFO - Setting next_dagrun for example_short_circuit_operator to 2025-01-31T02:45:22.910180+00:00, run_after=2025-02-01T02:45:22.910180+00:00
[2025-02-01T02:45:23.001+0000] {processor.py:175} INFO - Processing /home/airflow/.local/lib/python3.7/site-packages/airflow/example_dags/example_short_circuit_operator.py took 0.405 seconds
[2025-02-01T02:45:53.115+0000] {processor.py:153} INFO - Started process (PID=677) to work on /home/airflow/.local/lib/python3.7/site-packages/airflow/example_dags/example_short_circuit_operator.py
[2025-02-01T02:45:53.117+0000] {processor.py:743} INFO - Processing file /home/airflow/.local/lib/python3.7/site-packages/airflow/example_dags/example_short_circuit_operator.py for tasks to queue
[2025-02-01T02:45:53.118+0000] {logging_mixin.py:137} INFO - [2025-02-01T02:45:53.118+0000] {dagbag.py:538} INFO - Filling up the DagBag from /home/airflow/.local/lib/python3.7/site-packages/airflow/example_dags/example_short_circuit_operator.py
[2025-02-01T02:45:53.160+0000] {processor.py:753} INFO - DAG(s) dict_keys(['example_short_circuit_operator']) retrieved from /home/airflow/.local/lib/python3.7/site-packages/airflow/example_dags/example_short_circuit_operator.py
[2025-02-01T02:45:53.222+0000] {logging_mixin.py:137} INFO - [2025-02-01T02:45:53.221+0000] {dag.py:2690} INFO - Sync 1 DAGs
[2025-02-01T02:45:53.284+0000] {logging_mixin.py:137} INFO - [2025-02-01T02:45:53.284+0000] {dag.py:3441} INFO - Setting next_dagrun for example_short_circuit_operator to 2025-01-31T02:45:53.283535+00:00, run_after=2025-02-01T02:45:53.283535+00:00
[2025-02-01T02:45:53.343+0000] {processor.py:175} INFO - Processing /home/airflow/.local/lib/python3.7/site-packages/airflow/example_dags/example_short_circuit_operator.py took 0.235 seconds
[2025-02-01T02:46:23.832+0000] {processor.py:153} INFO - Started process (PID=731) to work on /home/airflow/.local/lib/python3.7/site-packages/airflow/example_dags/example_short_circuit_operator.py
[2025-02-01T02:46:23.841+0000] {processor.py:743} INFO - Processing file /home/airflow/.local/lib/python3.7/site-packages/airflow/example_dags/example_short_circuit_operator.py for tasks to queue
[2025-02-01T02:46:23.853+0000] {logging_mixin.py:137} INFO - [2025-02-01T02:46:23.843+0000] {dagbag.py:538} INFO - Filling up the DagBag from /home/airflow/.local/lib/python3.7/site-packages/airflow/example_dags/example_short_circuit_operator.py
[2025-02-01T02:46:24.047+0000] {processor.py:753} INFO - DAG(s) dict_keys(['example_short_circuit_operator']) retrieved from /home/airflow/.local/lib/python3.7/site-packages/airflow/example_dags/example_short_circuit_operator.py
[2025-02-01T02:46:24.315+0000] {logging_mixin.py:137} INFO - [2025-02-01T02:46:24.314+0000] {dag.py:2690} INFO - Sync 1 DAGs
[2025-02-01T02:46:24.640+0000] {logging_mixin.py:137} INFO - [2025-02-01T02:46:24.637+0000] {dag.py:3441} INFO - Setting next_dagrun for example_short_circuit_operator to 2025-01-31T02:46:24.637289+00:00, run_after=2025-02-01T02:46:24.637289+00:00
[2025-02-01T02:46:24.974+0000] {processor.py:175} INFO - Processing /home/airflow/.local/lib/python3.7/site-packages/airflow/example_dags/example_short_circuit_operator.py took 1.188 seconds
[2025-02-01T02:46:55.179+0000] {processor.py:153} INFO - Started process (PID=785) to work on /home/airflow/.local/lib/python3.7/site-packages/airflow/example_dags/example_short_circuit_operator.py
[2025-02-01T02:46:55.183+0000] {processor.py:743} INFO - Processing file /home/airflow/.local/lib/python3.7/site-packages/airflow/example_dags/example_short_circuit_operator.py for tasks to queue
[2025-02-01T02:46:55.187+0000] {logging_mixin.py:137} INFO - [2025-02-01T02:46:55.185+0000] {dagbag.py:538} INFO - Filling up the DagBag from /home/airflow/.local/lib/python3.7/site-packages/airflow/example_dags/example_short_circuit_operator.py
[2025-02-01T02:46:55.258+0000] {processor.py:753} INFO - DAG(s) dict_keys(['example_short_circuit_operator']) retrieved from /home/airflow/.local/lib/python3.7/site-packages/airflow/example_dags/example_short_circuit_operator.py
[2025-02-01T02:46:55.381+0000] {logging_mixin.py:137} INFO - [2025-02-01T02:46:55.381+0000] {dag.py:2690} INFO - Sync 1 DAGs
[2025-02-01T02:46:55.514+0000] {logging_mixin.py:137} INFO - [2025-02-01T02:46:55.513+0000] {dag.py:3441} INFO - Setting next_dagrun for example_short_circuit_operator to 2025-01-31T02:46:55.513241+00:00, run_after=2025-02-01T02:46:55.513241+00:00
[2025-02-01T02:46:55.612+0000] {processor.py:175} INFO - Processing /home/airflow/.local/lib/python3.7/site-packages/airflow/example_dags/example_short_circuit_operator.py took 0.453 seconds
[2025-02-01T02:47:25.843+0000] {processor.py:153} INFO - Started process (PID=844) to work on /home/airflow/.local/lib/python3.7/site-packages/airflow/example_dags/example_short_circuit_operator.py
[2025-02-01T02:47:25.845+0000] {processor.py:743} INFO - Processing file /home/airflow/.local/lib/python3.7/site-packages/airflow/example_dags/example_short_circuit_operator.py for tasks to queue
[2025-02-01T02:47:25.846+0000] {logging_mixin.py:137} INFO - [2025-02-01T02:47:25.846+0000] {dagbag.py:538} INFO - Filling up the DagBag from /home/airflow/.local/lib/python3.7/site-packages/airflow/example_dags/example_short_circuit_operator.py
[2025-02-01T02:47:25.885+0000] {processor.py:753} INFO - DAG(s) dict_keys(['example_short_circuit_operator']) retrieved from /home/airflow/.local/lib/python3.7/site-packages/airflow/example_dags/example_short_circuit_operator.py
[2025-02-01T02:47:25.943+0000] {logging_mixin.py:137} INFO - [2025-02-01T02:47:25.942+0000] {dag.py:2690} INFO - Sync 1 DAGs
[2025-02-01T02:47:26.011+0000] {logging_mixin.py:137} INFO - [2025-02-01T02:47:26.010+0000] {dag.py:3441} INFO - Setting next_dagrun for example_short_circuit_operator to 2025-01-31T02:47:26.010276+00:00, run_after=2025-02-01T02:47:26.010276+00:00
[2025-02-01T02:47:26.064+0000] {processor.py:175} INFO - Processing /home/airflow/.local/lib/python3.7/site-packages/airflow/example_dags/example_short_circuit_operator.py took 0.228 seconds
[2025-02-01T02:47:56.534+0000] {processor.py:153} INFO - Started process (PID=900) to work on /home/airflow/.local/lib/python3.7/site-packages/airflow/example_dags/example_short_circuit_operator.py
[2025-02-01T02:47:56.538+0000] {processor.py:743} INFO - Processing file /home/airflow/.local/lib/python3.7/site-packages/airflow/example_dags/example_short_circuit_operator.py for tasks to queue
[2025-02-01T02:47:56.541+0000] {logging_mixin.py:137} INFO - [2025-02-01T02:47:56.541+0000] {dagbag.py:538} INFO - Filling up the DagBag from /home/airflow/.local/lib/python3.7/site-packages/airflow/example_dags/example_short_circuit_operator.py
[2025-02-01T02:47:56.587+0000] {processor.py:753} INFO - DAG(s) dict_keys(['example_short_circuit_operator']) retrieved from /home/airflow/.local/lib/python3.7/site-packages/airflow/example_dags/example_short_circuit_operator.py
[2025-02-01T02:47:56.652+0000] {logging_mixin.py:137} INFO - [2025-02-01T02:47:56.652+0000] {dag.py:2690} INFO - Sync 1 DAGs
[2025-02-01T02:47:56.719+0000] {logging_mixin.py:137} INFO - [2025-02-01T02:47:56.719+0000] {dag.py:3441} INFO - Setting next_dagrun for example_short_circuit_operator to 2025-01-31T02:47:56.719060+00:00, run_after=2025-02-01T02:47:56.719060+00:00
[2025-02-01T02:47:56.767+0000] {processor.py:175} INFO - Processing /home/airflow/.local/lib/python3.7/site-packages/airflow/example_dags/example_short_circuit_operator.py took 0.252 seconds
[2025-02-01T02:48:27.528+0000] {processor.py:153} INFO - Started process (PID=959) to work on /home/airflow/.local/lib/python3.7/site-packages/airflow/example_dags/example_short_circuit_operator.py
[2025-02-01T02:48:27.531+0000] {processor.py:743} INFO - Processing file /home/airflow/.local/lib/python3.7/site-packages/airflow/example_dags/example_short_circuit_operator.py for tasks to queue
[2025-02-01T02:48:27.537+0000] {logging_mixin.py:137} INFO - [2025-02-01T02:48:27.537+0000] {dagbag.py:538} INFO - Filling up the DagBag from /home/airflow/.local/lib/python3.7/site-packages/airflow/example_dags/example_short_circuit_operator.py
[2025-02-01T02:48:27.652+0000] {processor.py:753} INFO - DAG(s) dict_keys(['example_short_circuit_operator']) retrieved from /home/airflow/.local/lib/python3.7/site-packages/airflow/example_dags/example_short_circuit_operator.py
[2025-02-01T02:48:27.771+0000] {logging_mixin.py:137} INFO - [2025-02-01T02:48:27.770+0000] {dag.py:2690} INFO - Sync 1 DAGs
[2025-02-01T02:48:27.892+0000] {logging_mixin.py:137} INFO - [2025-02-01T02:48:27.892+0000] {dag.py:3441} INFO - Setting next_dagrun for example_short_circuit_operator to 2025-01-31T02:48:27.888890+00:00, run_after=2025-02-01T02:48:27.888890+00:00
[2025-02-01T02:48:27.974+0000] {processor.py:175} INFO - Processing /home/airflow/.local/lib/python3.7/site-packages/airflow/example_dags/example_short_circuit_operator.py took 0.462 seconds
[2025-02-01T02:48:58.629+0000] {processor.py:153} INFO - Started process (PID=1018) to work on /home/airflow/.local/lib/python3.7/site-packages/airflow/example_dags/example_short_circuit_operator.py
[2025-02-01T02:48:58.634+0000] {processor.py:743} INFO - Processing file /home/airflow/.local/lib/python3.7/site-packages/airflow/example_dags/example_short_circuit_operator.py for tasks to queue
[2025-02-01T02:48:58.640+0000] {logging_mixin.py:137} INFO - [2025-02-01T02:48:58.640+0000] {dagbag.py:538} INFO - Filling up the DagBag from /home/airflow/.local/lib/python3.7/site-packages/airflow/example_dags/example_short_circuit_operator.py
[2025-02-01T02:48:58.729+0000] {processor.py:753} INFO - DAG(s) dict_keys(['example_short_circuit_operator']) retrieved from /home/airflow/.local/lib/python3.7/site-packages/airflow/example_dags/example_short_circuit_operator.py
[2025-02-01T02:48:58.829+0000] {logging_mixin.py:137} INFO - [2025-02-01T02:48:58.829+0000] {dag.py:2690} INFO - Sync 1 DAGs
[2025-02-01T02:48:58.896+0000] {logging_mixin.py:137} INFO - [2025-02-01T02:48:58.895+0000] {dag.py:3441} INFO - Setting next_dagrun for example_short_circuit_operator to 2025-01-31T02:48:58.895186+00:00, run_after=2025-02-01T02:48:58.895186+00:00
[2025-02-01T02:48:58.961+0000] {processor.py:175} INFO - Processing /home/airflow/.local/lib/python3.7/site-packages/airflow/example_dags/example_short_circuit_operator.py took 0.351 seconds
[2025-02-01T02:49:29.844+0000] {processor.py:153} INFO - Started process (PID=1068) to work on /home/airflow/.local/lib/python3.7/site-packages/airflow/example_dags/example_short_circuit_operator.py
[2025-02-01T02:49:29.846+0000] {processor.py:743} INFO - Processing file /home/airflow/.local/lib/python3.7/site-packages/airflow/example_dags/example_short_circuit_operator.py for tasks to queue
[2025-02-01T02:49:29.848+0000] {logging_mixin.py:137} INFO - [2025-02-01T02:49:29.847+0000] {dagbag.py:538} INFO - Filling up the DagBag from /home/airflow/.local/lib/python3.7/site-packages/airflow/example_dags/example_short_circuit_operator.py
[2025-02-01T02:49:29.889+0000] {processor.py:753} INFO - DAG(s) dict_keys(['example_short_circuit_operator']) retrieved from /home/airflow/.local/lib/python3.7/site-packages/airflow/example_dags/example_short_circuit_operator.py
[2025-02-01T02:49:29.949+0000] {logging_mixin.py:137} INFO - [2025-02-01T02:49:29.949+0000] {dag.py:2690} INFO - Sync 1 DAGs
[2025-02-01T02:49:30.022+0000] {logging_mixin.py:137} INFO - [2025-02-01T02:49:30.021+0000] {dag.py:3441} INFO - Setting next_dagrun for example_short_circuit_operator to 2025-01-31T02:49:30.021396+00:00, run_after=2025-02-01T02:49:30.021396+00:00
[2025-02-01T02:49:30.067+0000] {processor.py:175} INFO - Processing /home/airflow/.local/lib/python3.7/site-packages/airflow/example_dags/example_short_circuit_operator.py took 0.230 seconds
[2025-02-01T02:50:00.640+0000] {processor.py:153} INFO - Started process (PID=1126) to work on /home/airflow/.local/lib/python3.7/site-packages/airflow/example_dags/example_short_circuit_operator.py
[2025-02-01T02:50:00.642+0000] {processor.py:743} INFO - Processing file /home/airflow/.local/lib/python3.7/site-packages/airflow/example_dags/example_short_circuit_operator.py for tasks to queue
[2025-02-01T02:50:00.644+0000] {logging_mixin.py:137} INFO - [2025-02-01T02:50:00.643+0000] {dagbag.py:538} INFO - Filling up the DagBag from /home/airflow/.local/lib/python3.7/site-packages/airflow/example_dags/example_short_circuit_operator.py
[2025-02-01T02:50:00.683+0000] {processor.py:753} INFO - DAG(s) dict_keys(['example_short_circuit_operator']) retrieved from /home/airflow/.local/lib/python3.7/site-packages/airflow/example_dags/example_short_circuit_operator.py
[2025-02-01T02:50:00.745+0000] {logging_mixin.py:137} INFO - [2025-02-01T02:50:00.745+0000] {dag.py:2690} INFO - Sync 1 DAGs
[2025-02-01T02:50:00.810+0000] {logging_mixin.py:137} INFO - [2025-02-01T02:50:00.810+0000] {dag.py:3441} INFO - Setting next_dagrun for example_short_circuit_operator to 2025-01-31T02:50:00.809605+00:00, run_after=2025-02-01T02:50:00.809605+00:00
[2025-02-01T02:50:00.855+0000] {processor.py:175} INFO - Processing /home/airflow/.local/lib/python3.7/site-packages/airflow/example_dags/example_short_circuit_operator.py took 0.224 seconds
[2025-02-01T02:50:31.190+0000] {processor.py:153} INFO - Started process (PID=1185) to work on /home/airflow/.local/lib/python3.7/site-packages/airflow/example_dags/example_short_circuit_operator.py
[2025-02-01T02:50:31.197+0000] {processor.py:743} INFO - Processing file /home/airflow/.local/lib/python3.7/site-packages/airflow/example_dags/example_short_circuit_operator.py for tasks to queue
[2025-02-01T02:50:31.198+0000] {logging_mixin.py:137} INFO - [2025-02-01T02:50:31.198+0000] {dagbag.py:538} INFO - Filling up the DagBag from /home/airflow/.local/lib/python3.7/site-packages/airflow/example_dags/example_short_circuit_operator.py
[2025-02-01T02:50:31.424+0000] {processor.py:753} INFO - DAG(s) dict_keys(['example_short_circuit_operator']) retrieved from /home/airflow/.local/lib/python3.7/site-packages/airflow/example_dags/example_short_circuit_operator.py
[2025-02-01T02:50:31.653+0000] {logging_mixin.py:137} INFO - [2025-02-01T02:50:31.650+0000] {dag.py:2690} INFO - Sync 1 DAGs
[2025-02-01T02:50:31.895+0000] {logging_mixin.py:137} INFO - [2025-02-01T02:50:31.894+0000] {dag.py:3441} INFO - Setting next_dagrun for example_short_circuit_operator to 2025-01-31T02:50:31.894264+00:00, run_after=2025-02-01T02:50:31.894264+00:00
[2025-02-01T02:50:32.149+0000] {processor.py:175} INFO - Processing /home/airflow/.local/lib/python3.7/site-packages/airflow/example_dags/example_short_circuit_operator.py took 1.000 seconds
[2025-02-01T02:51:02.441+0000] {processor.py:153} INFO - Started process (PID=1234) to work on /home/airflow/.local/lib/python3.7/site-packages/airflow/example_dags/example_short_circuit_operator.py
[2025-02-01T02:51:02.443+0000] {processor.py:743} INFO - Processing file /home/airflow/.local/lib/python3.7/site-packages/airflow/example_dags/example_short_circuit_operator.py for tasks to queue
[2025-02-01T02:51:02.444+0000] {logging_mixin.py:137} INFO - [2025-02-01T02:51:02.444+0000] {dagbag.py:538} INFO - Filling up the DagBag from /home/airflow/.local/lib/python3.7/site-packages/airflow/example_dags/example_short_circuit_operator.py
[2025-02-01T02:51:02.484+0000] {processor.py:753} INFO - DAG(s) dict_keys(['example_short_circuit_operator']) retrieved from /home/airflow/.local/lib/python3.7/site-packages/airflow/example_dags/example_short_circuit_operator.py
[2025-02-01T02:51:02.544+0000] {logging_mixin.py:137} INFO - [2025-02-01T02:51:02.544+0000] {dag.py:2690} INFO - Sync 1 DAGs
[2025-02-01T02:51:02.607+0000] {logging_mixin.py:137} INFO - [2025-02-01T02:51:02.606+0000] {dag.py:3441} INFO - Setting next_dagrun for example_short_circuit_operator to 2025-01-31T02:51:02.606241+00:00, run_after=2025-02-01T02:51:02.606241+00:00
[2025-02-01T02:51:02.653+0000] {processor.py:175} INFO - Processing /home/airflow/.local/lib/python3.7/site-packages/airflow/example_dags/example_short_circuit_operator.py took 0.219 seconds
[2025-02-01T02:51:33.004+0000] {processor.py:153} INFO - Started process (PID=1292) to work on /home/airflow/.local/lib/python3.7/site-packages/airflow/example_dags/example_short_circuit_operator.py
[2025-02-01T02:51:33.005+0000] {processor.py:743} INFO - Processing file /home/airflow/.local/lib/python3.7/site-packages/airflow/example_dags/example_short_circuit_operator.py for tasks to queue
[2025-02-01T02:51:33.007+0000] {logging_mixin.py:137} INFO - [2025-02-01T02:51:33.007+0000] {dagbag.py:538} INFO - Filling up the DagBag from /home/airflow/.local/lib/python3.7/site-packages/airflow/example_dags/example_short_circuit_operator.py
[2025-02-01T02:51:33.045+0000] {processor.py:753} INFO - DAG(s) dict_keys(['example_short_circuit_operator']) retrieved from /home/airflow/.local/lib/python3.7/site-packages/airflow/example_dags/example_short_circuit_operator.py
[2025-02-01T02:51:33.107+0000] {logging_mixin.py:137} INFO - [2025-02-01T02:51:33.107+0000] {dag.py:2690} INFO - Sync 1 DAGs
[2025-02-01T02:51:33.173+0000] {logging_mixin.py:137} INFO - [2025-02-01T02:51:33.173+0000] {dag.py:3441} INFO - Setting next_dagrun for example_short_circuit_operator to 2025-01-31T02:51:33.172546+00:00, run_after=2025-02-01T02:51:33.172546+00:00
[2025-02-01T02:51:33.219+0000] {processor.py:175} INFO - Processing /home/airflow/.local/lib/python3.7/site-packages/airflow/example_dags/example_short_circuit_operator.py took 0.224 seconds
[2025-02-01T02:52:03.483+0000] {processor.py:153} INFO - Started process (PID=1350) to work on /home/airflow/.local/lib/python3.7/site-packages/airflow/example_dags/example_short_circuit_operator.py
[2025-02-01T02:52:03.485+0000] {processor.py:743} INFO - Processing file /home/airflow/.local/lib/python3.7/site-packages/airflow/example_dags/example_short_circuit_operator.py for tasks to queue
[2025-02-01T02:52:03.487+0000] {logging_mixin.py:137} INFO - [2025-02-01T02:52:03.486+0000] {dagbag.py:538} INFO - Filling up the DagBag from /home/airflow/.local/lib/python3.7/site-packages/airflow/example_dags/example_short_circuit_operator.py
[2025-02-01T02:52:03.529+0000] {processor.py:753} INFO - DAG(s) dict_keys(['example_short_circuit_operator']) retrieved from /home/airflow/.local/lib/python3.7/site-packages/airflow/example_dags/example_short_circuit_operator.py
[2025-02-01T02:52:03.589+0000] {logging_mixin.py:137} INFO - [2025-02-01T02:52:03.588+0000] {dag.py:2690} INFO - Sync 1 DAGs
[2025-02-01T02:52:03.652+0000] {logging_mixin.py:137} INFO - [2025-02-01T02:52:03.652+0000] {dag.py:3441} INFO - Setting next_dagrun for example_short_circuit_operator to 2025-01-31T02:52:03.651619+00:00, run_after=2025-02-01T02:52:03.651619+00:00
[2025-02-01T02:52:03.698+0000] {processor.py:175} INFO - Processing /home/airflow/.local/lib/python3.7/site-packages/airflow/example_dags/example_short_circuit_operator.py took 0.224 seconds
[2025-02-01T02:52:33.975+0000] {processor.py:153} INFO - Started process (PID=1409) to work on /home/airflow/.local/lib/python3.7/site-packages/airflow/example_dags/example_short_circuit_operator.py
[2025-02-01T02:52:33.977+0000] {processor.py:743} INFO - Processing file /home/airflow/.local/lib/python3.7/site-packages/airflow/example_dags/example_short_circuit_operator.py for tasks to queue
[2025-02-01T02:52:33.980+0000] {logging_mixin.py:137} INFO - [2025-02-01T02:52:33.980+0000] {dagbag.py:538} INFO - Filling up the DagBag from /home/airflow/.local/lib/python3.7/site-packages/airflow/example_dags/example_short_circuit_operator.py
[2025-02-01T02:52:34.058+0000] {processor.py:753} INFO - DAG(s) dict_keys(['example_short_circuit_operator']) retrieved from /home/airflow/.local/lib/python3.7/site-packages/airflow/example_dags/example_short_circuit_operator.py
[2025-02-01T02:52:34.121+0000] {logging_mixin.py:137} INFO - [2025-02-01T02:52:34.120+0000] {dag.py:2690} INFO - Sync 1 DAGs
[2025-02-01T02:52:34.205+0000] {logging_mixin.py:137} INFO - [2025-02-01T02:52:34.204+0000] {dag.py:3441} INFO - Setting next_dagrun for example_short_circuit_operator to 2025-01-31T02:52:34.204248+00:00, run_after=2025-02-01T02:52:34.204248+00:00
[2025-02-01T02:52:34.276+0000] {processor.py:175} INFO - Processing /home/airflow/.local/lib/python3.7/site-packages/airflow/example_dags/example_short_circuit_operator.py took 0.319 seconds
[2025-02-01T02:53:05.780+0000] {processor.py:153} INFO - Started process (PID=1467) to work on /home/airflow/.local/lib/python3.7/site-packages/airflow/example_dags/example_short_circuit_operator.py
[2025-02-01T02:53:05.783+0000] {processor.py:743} INFO - Processing file /home/airflow/.local/lib/python3.7/site-packages/airflow/example_dags/example_short_circuit_operator.py for tasks to queue
[2025-02-01T02:53:05.784+0000] {logging_mixin.py:137} INFO - [2025-02-01T02:53:05.784+0000] {dagbag.py:538} INFO - Filling up the DagBag from /home/airflow/.local/lib/python3.7/site-packages/airflow/example_dags/example_short_circuit_operator.py
[2025-02-01T02:53:05.853+0000] {processor.py:753} INFO - DAG(s) dict_keys(['example_short_circuit_operator']) retrieved from /home/airflow/.local/lib/python3.7/site-packages/airflow/example_dags/example_short_circuit_operator.py
[2025-02-01T02:53:05.964+0000] {logging_mixin.py:137} INFO - [2025-02-01T02:53:05.963+0000] {dag.py:2690} INFO - Sync 1 DAGs
[2025-02-01T02:53:06.071+0000] {logging_mixin.py:137} INFO - [2025-02-01T02:53:06.071+0000] {dag.py:3441} INFO - Setting next_dagrun for example_short_circuit_operator to 2025-01-31T02:53:06.070414+00:00, run_after=2025-02-01T02:53:06.070414+00:00
[2025-02-01T02:53:06.144+0000] {processor.py:175} INFO - Processing /home/airflow/.local/lib/python3.7/site-packages/airflow/example_dags/example_short_circuit_operator.py took 0.371 seconds
[2025-02-01T02:53:37.240+0000] {processor.py:153} INFO - Started process (PID=1524) to work on /home/airflow/.local/lib/python3.7/site-packages/airflow/example_dags/example_short_circuit_operator.py
[2025-02-01T02:53:37.246+0000] {processor.py:743} INFO - Processing file /home/airflow/.local/lib/python3.7/site-packages/airflow/example_dags/example_short_circuit_operator.py for tasks to queue
[2025-02-01T02:53:37.257+0000] {logging_mixin.py:137} INFO - [2025-02-01T02:53:37.257+0000] {dagbag.py:538} INFO - Filling up the DagBag from /home/airflow/.local/lib/python3.7/site-packages/airflow/example_dags/example_short_circuit_operator.py
[2025-02-01T02:53:37.506+0000] {processor.py:753} INFO - DAG(s) dict_keys(['example_short_circuit_operator']) retrieved from /home/airflow/.local/lib/python3.7/site-packages/airflow/example_dags/example_short_circuit_operator.py
[2025-02-01T02:53:37.841+0000] {logging_mixin.py:137} INFO - [2025-02-01T02:53:37.840+0000] {dag.py:2690} INFO - Sync 1 DAGs
[2025-02-01T02:53:38.303+0000] {logging_mixin.py:137} INFO - [2025-02-01T02:53:38.303+0000] {dag.py:3441} INFO - Setting next_dagrun for example_short_circuit_operator to 2025-01-31T02:53:38.284247+00:00, run_after=2025-02-01T02:53:38.284247+00:00
[2025-02-01T02:53:38.524+0000] {processor.py:175} INFO - Processing /home/airflow/.local/lib/python3.7/site-packages/airflow/example_dags/example_short_circuit_operator.py took 1.337 seconds
[2025-02-01T02:54:08.799+0000] {processor.py:153} INFO - Started process (PID=1576) to work on /home/airflow/.local/lib/python3.7/site-packages/airflow/example_dags/example_short_circuit_operator.py
[2025-02-01T02:54:08.806+0000] {processor.py:743} INFO - Processing file /home/airflow/.local/lib/python3.7/site-packages/airflow/example_dags/example_short_circuit_operator.py for tasks to queue
[2025-02-01T02:54:08.817+0000] {logging_mixin.py:137} INFO - [2025-02-01T02:54:08.817+0000] {dagbag.py:538} INFO - Filling up the DagBag from /home/airflow/.local/lib/python3.7/site-packages/airflow/example_dags/example_short_circuit_operator.py
[2025-02-01T02:54:09.036+0000] {processor.py:753} INFO - DAG(s) dict_keys(['example_short_circuit_operator']) retrieved from /home/airflow/.local/lib/python3.7/site-packages/airflow/example_dags/example_short_circuit_operator.py
[2025-02-01T02:54:09.280+0000] {logging_mixin.py:137} INFO - [2025-02-01T02:54:09.279+0000] {dag.py:2690} INFO - Sync 1 DAGs
[2025-02-01T02:54:09.581+0000] {logging_mixin.py:137} INFO - [2025-02-01T02:54:09.581+0000] {dag.py:3441} INFO - Setting next_dagrun for example_short_circuit_operator to 2025-01-31T02:54:09.581115+00:00, run_after=2025-02-01T02:54:09.581115+00:00
[2025-02-01T02:54:09.707+0000] {processor.py:175} INFO - Processing /home/airflow/.local/lib/python3.7/site-packages/airflow/example_dags/example_short_circuit_operator.py took 0.941 seconds
[2025-02-01T02:54:39.888+0000] {processor.py:153} INFO - Started process (PID=1634) to work on /home/airflow/.local/lib/python3.7/site-packages/airflow/example_dags/example_short_circuit_operator.py
[2025-02-01T02:54:39.890+0000] {processor.py:743} INFO - Processing file /home/airflow/.local/lib/python3.7/site-packages/airflow/example_dags/example_short_circuit_operator.py for tasks to queue
[2025-02-01T02:54:39.892+0000] {logging_mixin.py:137} INFO - [2025-02-01T02:54:39.891+0000] {dagbag.py:538} INFO - Filling up the DagBag from /home/airflow/.local/lib/python3.7/site-packages/airflow/example_dags/example_short_circuit_operator.py
[2025-02-01T02:54:39.931+0000] {processor.py:753} INFO - DAG(s) dict_keys(['example_short_circuit_operator']) retrieved from /home/airflow/.local/lib/python3.7/site-packages/airflow/example_dags/example_short_circuit_operator.py
[2025-02-01T02:54:40.006+0000] {logging_mixin.py:137} INFO - [2025-02-01T02:54:40.006+0000] {dag.py:2690} INFO - Sync 1 DAGs
[2025-02-01T02:54:40.088+0000] {logging_mixin.py:137} INFO - [2025-02-01T02:54:40.088+0000] {dag.py:3441} INFO - Setting next_dagrun for example_short_circuit_operator to 2025-01-31T02:54:40.087508+00:00, run_after=2025-02-01T02:54:40.087508+00:00
[2025-02-01T02:54:40.141+0000] {processor.py:175} INFO - Processing /home/airflow/.local/lib/python3.7/site-packages/airflow/example_dags/example_short_circuit_operator.py took 0.262 seconds
[2025-02-01T02:55:10.428+0000] {processor.py:153} INFO - Started process (PID=1693) to work on /home/airflow/.local/lib/python3.7/site-packages/airflow/example_dags/example_short_circuit_operator.py
[2025-02-01T02:55:10.430+0000] {processor.py:743} INFO - Processing file /home/airflow/.local/lib/python3.7/site-packages/airflow/example_dags/example_short_circuit_operator.py for tasks to queue
[2025-02-01T02:55:10.432+0000] {logging_mixin.py:137} INFO - [2025-02-01T02:55:10.431+0000] {dagbag.py:538} INFO - Filling up the DagBag from /home/airflow/.local/lib/python3.7/site-packages/airflow/example_dags/example_short_circuit_operator.py
[2025-02-01T02:55:10.473+0000] {processor.py:753} INFO - DAG(s) dict_keys(['example_short_circuit_operator']) retrieved from /home/airflow/.local/lib/python3.7/site-packages/airflow/example_dags/example_short_circuit_operator.py
[2025-02-01T02:55:10.586+0000] {logging_mixin.py:137} INFO - [2025-02-01T02:55:10.586+0000] {dag.py:2690} INFO - Sync 1 DAGs
[2025-02-01T02:55:10.704+0000] {logging_mixin.py:137} INFO - [2025-02-01T02:55:10.704+0000] {dag.py:3441} INFO - Setting next_dagrun for example_short_circuit_operator to 2025-01-31T02:55:10.703213+00:00, run_after=2025-02-01T02:55:10.703213+00:00
[2025-02-01T02:55:10.896+0000] {processor.py:175} INFO - Processing /home/airflow/.local/lib/python3.7/site-packages/airflow/example_dags/example_short_circuit_operator.py took 0.489 seconds
[2025-02-01T02:55:41.625+0000] {processor.py:153} INFO - Started process (PID=1752) to work on /home/airflow/.local/lib/python3.7/site-packages/airflow/example_dags/example_short_circuit_operator.py
[2025-02-01T02:55:41.630+0000] {processor.py:743} INFO - Processing file /home/airflow/.local/lib/python3.7/site-packages/airflow/example_dags/example_short_circuit_operator.py for tasks to queue
[2025-02-01T02:55:41.636+0000] {logging_mixin.py:137} INFO - [2025-02-01T02:55:41.631+0000] {dagbag.py:538} INFO - Filling up the DagBag from /home/airflow/.local/lib/python3.7/site-packages/airflow/example_dags/example_short_circuit_operator.py
[2025-02-01T02:55:41.725+0000] {processor.py:753} INFO - DAG(s) dict_keys(['example_short_circuit_operator']) retrieved from /home/airflow/.local/lib/python3.7/site-packages/airflow/example_dags/example_short_circuit_operator.py
[2025-02-01T02:55:41.788+0000] {logging_mixin.py:137} INFO - [2025-02-01T02:55:41.788+0000] {dag.py:2690} INFO - Sync 1 DAGs
[2025-02-01T02:55:41.853+0000] {logging_mixin.py:137} INFO - [2025-02-01T02:55:41.852+0000] {dag.py:3441} INFO - Setting next_dagrun for example_short_circuit_operator to 2025-01-31T02:55:41.852394+00:00, run_after=2025-02-01T02:55:41.852394+00:00
[2025-02-01T02:55:41.925+0000] {processor.py:175} INFO - Processing /home/airflow/.local/lib/python3.7/site-packages/airflow/example_dags/example_short_circuit_operator.py took 0.318 seconds
[2025-02-01T02:56:12.596+0000] {processor.py:153} INFO - Started process (PID=1810) to work on /home/airflow/.local/lib/python3.7/site-packages/airflow/example_dags/example_short_circuit_operator.py
[2025-02-01T02:56:12.599+0000] {processor.py:743} INFO - Processing file /home/airflow/.local/lib/python3.7/site-packages/airflow/example_dags/example_short_circuit_operator.py for tasks to queue
[2025-02-01T02:56:12.604+0000] {logging_mixin.py:137} INFO - [2025-02-01T02:56:12.601+0000] {dagbag.py:538} INFO - Filling up the DagBag from /home/airflow/.local/lib/python3.7/site-packages/airflow/example_dags/example_short_circuit_operator.py
[2025-02-01T02:56:12.697+0000] {processor.py:753} INFO - DAG(s) dict_keys(['example_short_circuit_operator']) retrieved from /home/airflow/.local/lib/python3.7/site-packages/airflow/example_dags/example_short_circuit_operator.py
[2025-02-01T02:56:12.873+0000] {logging_mixin.py:137} INFO - [2025-02-01T02:56:12.869+0000] {dag.py:2690} INFO - Sync 1 DAGs
[2025-02-01T02:56:13.058+0000] {logging_mixin.py:137} INFO - [2025-02-01T02:56:13.051+0000] {dag.py:3441} INFO - Setting next_dagrun for example_short_circuit_operator to 2025-01-31T02:56:13.051406+00:00, run_after=2025-02-01T02:56:13.051406+00:00
[2025-02-01T02:56:13.175+0000] {processor.py:175} INFO - Processing /home/airflow/.local/lib/python3.7/site-packages/airflow/example_dags/example_short_circuit_operator.py took 0.602 seconds
[2025-02-01T02:56:43.258+0000] {processor.py:153} INFO - Started process (PID=1860) to work on /home/airflow/.local/lib/python3.7/site-packages/airflow/example_dags/example_short_circuit_operator.py
[2025-02-01T02:56:43.260+0000] {processor.py:743} INFO - Processing file /home/airflow/.local/lib/python3.7/site-packages/airflow/example_dags/example_short_circuit_operator.py for tasks to queue
[2025-02-01T02:56:43.262+0000] {logging_mixin.py:137} INFO - [2025-02-01T02:56:43.261+0000] {dagbag.py:538} INFO - Filling up the DagBag from /home/airflow/.local/lib/python3.7/site-packages/airflow/example_dags/example_short_circuit_operator.py
[2025-02-01T02:56:43.301+0000] {processor.py:753} INFO - DAG(s) dict_keys(['example_short_circuit_operator']) retrieved from /home/airflow/.local/lib/python3.7/site-packages/airflow/example_dags/example_short_circuit_operator.py
[2025-02-01T02:56:43.364+0000] {logging_mixin.py:137} INFO - [2025-02-01T02:56:43.363+0000] {dag.py:2690} INFO - Sync 1 DAGs
[2025-02-01T02:56:43.427+0000] {logging_mixin.py:137} INFO - [2025-02-01T02:56:43.426+0000] {dag.py:3441} INFO - Setting next_dagrun for example_short_circuit_operator to 2025-01-31T02:56:43.426244+00:00, run_after=2025-02-01T02:56:43.426244+00:00
[2025-02-01T02:56:43.472+0000] {processor.py:175} INFO - Processing /home/airflow/.local/lib/python3.7/site-packages/airflow/example_dags/example_short_circuit_operator.py took 0.222 seconds
[2025-02-01T02:57:13.992+0000] {processor.py:153} INFO - Started process (PID=1919) to work on /home/airflow/.local/lib/python3.7/site-packages/airflow/example_dags/example_short_circuit_operator.py
[2025-02-01T02:57:14.002+0000] {processor.py:743} INFO - Processing file /home/airflow/.local/lib/python3.7/site-packages/airflow/example_dags/example_short_circuit_operator.py for tasks to queue
[2025-02-01T02:57:14.006+0000] {logging_mixin.py:137} INFO - [2025-02-01T02:57:14.006+0000] {dagbag.py:538} INFO - Filling up the DagBag from /home/airflow/.local/lib/python3.7/site-packages/airflow/example_dags/example_short_circuit_operator.py
[2025-02-01T02:57:14.166+0000] {processor.py:753} INFO - DAG(s) dict_keys(['example_short_circuit_operator']) retrieved from /home/airflow/.local/lib/python3.7/site-packages/airflow/example_dags/example_short_circuit_operator.py
[2025-02-01T02:57:14.450+0000] {logging_mixin.py:137} INFO - [2025-02-01T02:57:14.447+0000] {dag.py:2690} INFO - Sync 1 DAGs
[2025-02-01T02:57:14.653+0000] {logging_mixin.py:137} INFO - [2025-02-01T02:57:14.653+0000] {dag.py:3441} INFO - Setting next_dagrun for example_short_circuit_operator to 2025-01-31T02:57:14.652841+00:00, run_after=2025-02-01T02:57:14.652841+00:00
[2025-02-01T02:57:14.740+0000] {processor.py:175} INFO - Processing /home/airflow/.local/lib/python3.7/site-packages/airflow/example_dags/example_short_circuit_operator.py took 0.768 seconds
[2025-02-01T02:57:45.000+0000] {processor.py:153} INFO - Started process (PID=1977) to work on /home/airflow/.local/lib/python3.7/site-packages/airflow/example_dags/example_short_circuit_operator.py
[2025-02-01T02:57:45.003+0000] {processor.py:743} INFO - Processing file /home/airflow/.local/lib/python3.7/site-packages/airflow/example_dags/example_short_circuit_operator.py for tasks to queue
[2025-02-01T02:57:45.011+0000] {logging_mixin.py:137} INFO - [2025-02-01T02:57:45.005+0000] {dagbag.py:538} INFO - Filling up the DagBag from /home/airflow/.local/lib/python3.7/site-packages/airflow/example_dags/example_short_circuit_operator.py
[2025-02-01T02:57:45.161+0000] {processor.py:753} INFO - DAG(s) dict_keys(['example_short_circuit_operator']) retrieved from /home/airflow/.local/lib/python3.7/site-packages/airflow/example_dags/example_short_circuit_operator.py
[2025-02-01T02:57:45.457+0000] {logging_mixin.py:137} INFO - [2025-02-01T02:57:45.456+0000] {dag.py:2690} INFO - Sync 1 DAGs
[2025-02-01T02:57:45.771+0000] {logging_mixin.py:137} INFO - [2025-02-01T02:57:45.770+0000] {dag.py:3441} INFO - Setting next_dagrun for example_short_circuit_operator to 2025-01-31T02:57:45.770277+00:00, run_after=2025-02-01T02:57:45.770277+00:00
[2025-02-01T02:57:46.072+0000] {processor.py:175} INFO - Processing /home/airflow/.local/lib/python3.7/site-packages/airflow/example_dags/example_short_circuit_operator.py took 1.106 seconds
[2025-02-01T02:58:16.860+0000] {processor.py:153} INFO - Started process (PID=2027) to work on /home/airflow/.local/lib/python3.7/site-packages/airflow/example_dags/example_short_circuit_operator.py
[2025-02-01T02:58:16.862+0000] {processor.py:743} INFO - Processing file /home/airflow/.local/lib/python3.7/site-packages/airflow/example_dags/example_short_circuit_operator.py for tasks to queue
[2025-02-01T02:58:16.863+0000] {logging_mixin.py:137} INFO - [2025-02-01T02:58:16.863+0000] {dagbag.py:538} INFO - Filling up the DagBag from /home/airflow/.local/lib/python3.7/site-packages/airflow/example_dags/example_short_circuit_operator.py
[2025-02-01T02:58:16.905+0000] {processor.py:753} INFO - DAG(s) dict_keys(['example_short_circuit_operator']) retrieved from /home/airflow/.local/lib/python3.7/site-packages/airflow/example_dags/example_short_circuit_operator.py
[2025-02-01T02:58:16.965+0000] {logging_mixin.py:137} INFO - [2025-02-01T02:58:16.965+0000] {dag.py:2690} INFO - Sync 1 DAGs
[2025-02-01T02:58:17.030+0000] {logging_mixin.py:137} INFO - [2025-02-01T02:58:17.030+0000] {dag.py:3441} INFO - Setting next_dagrun for example_short_circuit_operator to 2025-01-31T02:58:17.029521+00:00, run_after=2025-02-01T02:58:17.029521+00:00
[2025-02-01T02:58:17.075+0000] {processor.py:175} INFO - Processing /home/airflow/.local/lib/python3.7/site-packages/airflow/example_dags/example_short_circuit_operator.py took 0.223 seconds
[2025-02-01T02:58:47.364+0000] {processor.py:153} INFO - Started process (PID=2085) to work on /home/airflow/.local/lib/python3.7/site-packages/airflow/example_dags/example_short_circuit_operator.py
[2025-02-01T02:58:47.367+0000] {processor.py:743} INFO - Processing file /home/airflow/.local/lib/python3.7/site-packages/airflow/example_dags/example_short_circuit_operator.py for tasks to queue
[2025-02-01T02:58:47.371+0000] {logging_mixin.py:137} INFO - [2025-02-01T02:58:47.368+0000] {dagbag.py:538} INFO - Filling up the DagBag from /home/airflow/.local/lib/python3.7/site-packages/airflow/example_dags/example_short_circuit_operator.py
[2025-02-01T02:58:47.432+0000] {processor.py:753} INFO - DAG(s) dict_keys(['example_short_circuit_operator']) retrieved from /home/airflow/.local/lib/python3.7/site-packages/airflow/example_dags/example_short_circuit_operator.py
[2025-02-01T02:58:47.504+0000] {logging_mixin.py:137} INFO - [2025-02-01T02:58:47.504+0000] {dag.py:2690} INFO - Sync 1 DAGs
[2025-02-01T02:58:47.580+0000] {logging_mixin.py:137} INFO - [2025-02-01T02:58:47.580+0000] {dag.py:3441} INFO - Setting next_dagrun for example_short_circuit_operator to 2025-01-31T02:58:47.579720+00:00, run_after=2025-02-01T02:58:47.579720+00:00
[2025-02-01T02:58:47.648+0000] {processor.py:175} INFO - Processing /home/airflow/.local/lib/python3.7/site-packages/airflow/example_dags/example_short_circuit_operator.py took 0.301 seconds
[2025-02-01T02:59:18.854+0000] {processor.py:153} INFO - Started process (PID=2141) to work on /home/airflow/.local/lib/python3.7/site-packages/airflow/example_dags/example_short_circuit_operator.py
[2025-02-01T02:59:18.862+0000] {processor.py:743} INFO - Processing file /home/airflow/.local/lib/python3.7/site-packages/airflow/example_dags/example_short_circuit_operator.py for tasks to queue
[2025-02-01T02:59:18.868+0000] {logging_mixin.py:137} INFO - [2025-02-01T02:59:18.867+0000] {dagbag.py:538} INFO - Filling up the DagBag from /home/airflow/.local/lib/python3.7/site-packages/airflow/example_dags/example_short_circuit_operator.py
[2025-02-01T02:59:19.057+0000] {processor.py:753} INFO - DAG(s) dict_keys(['example_short_circuit_operator']) retrieved from /home/airflow/.local/lib/python3.7/site-packages/airflow/example_dags/example_short_circuit_operator.py
[2025-02-01T02:59:19.329+0000] {logging_mixin.py:137} INFO - [2025-02-01T02:59:19.328+0000] {dag.py:2690} INFO - Sync 1 DAGs
[2025-02-01T02:59:19.705+0000] {logging_mixin.py:137} INFO - [2025-02-01T02:59:19.699+0000] {dag.py:3441} INFO - Setting next_dagrun for example_short_circuit_operator to 2025-01-31T02:59:19.699312+00:00, run_after=2025-02-01T02:59:19.699312+00:00
[2025-02-01T02:59:19.952+0000] {processor.py:175} INFO - Processing /home/airflow/.local/lib/python3.7/site-packages/airflow/example_dags/example_short_circuit_operator.py took 1.125 seconds
[2025-02-01T02:59:50.277+0000] {processor.py:153} INFO - Started process (PID=2193) to work on /home/airflow/.local/lib/python3.7/site-packages/airflow/example_dags/example_short_circuit_operator.py
[2025-02-01T02:59:50.283+0000] {processor.py:743} INFO - Processing file /home/airflow/.local/lib/python3.7/site-packages/airflow/example_dags/example_short_circuit_operator.py for tasks to queue
[2025-02-01T02:59:50.290+0000] {logging_mixin.py:137} INFO - [2025-02-01T02:59:50.285+0000] {dagbag.py:538} INFO - Filling up the DagBag from /home/airflow/.local/lib/python3.7/site-packages/airflow/example_dags/example_short_circuit_operator.py
[2025-02-01T02:59:50.434+0000] {processor.py:753} INFO - DAG(s) dict_keys(['example_short_circuit_operator']) retrieved from /home/airflow/.local/lib/python3.7/site-packages/airflow/example_dags/example_short_circuit_operator.py
[2025-02-01T02:59:50.632+0000] {logging_mixin.py:137} INFO - [2025-02-01T02:59:50.632+0000] {dag.py:2690} INFO - Sync 1 DAGs
[2025-02-01T02:59:50.861+0000] {logging_mixin.py:137} INFO - [2025-02-01T02:59:50.857+0000] {dag.py:3441} INFO - Setting next_dagrun for example_short_circuit_operator to 2025-01-31T02:59:50.857263+00:00, run_after=2025-02-01T02:59:50.857263+00:00
[2025-02-01T02:59:50.955+0000] {processor.py:175} INFO - Processing /home/airflow/.local/lib/python3.7/site-packages/airflow/example_dags/example_short_circuit_operator.py took 0.701 seconds
[2025-02-01T03:00:22.261+0000] {processor.py:153} INFO - Started process (PID=2252) to work on /home/airflow/.local/lib/python3.7/site-packages/airflow/example_dags/example_short_circuit_operator.py
[2025-02-01T03:00:22.262+0000] {processor.py:743} INFO - Processing file /home/airflow/.local/lib/python3.7/site-packages/airflow/example_dags/example_short_circuit_operator.py for tasks to queue
[2025-02-01T03:00:22.269+0000] {logging_mixin.py:137} INFO - [2025-02-01T03:00:22.269+0000] {dagbag.py:538} INFO - Filling up the DagBag from /home/airflow/.local/lib/python3.7/site-packages/airflow/example_dags/example_short_circuit_operator.py
[2025-02-01T03:00:22.470+0000] {processor.py:753} INFO - DAG(s) dict_keys(['example_short_circuit_operator']) retrieved from /home/airflow/.local/lib/python3.7/site-packages/airflow/example_dags/example_short_circuit_operator.py
[2025-02-01T03:00:22.713+0000] {logging_mixin.py:137} INFO - [2025-02-01T03:00:22.712+0000] {dag.py:2690} INFO - Sync 1 DAGs
[2025-02-01T03:00:23.008+0000] {logging_mixin.py:137} INFO - [2025-02-01T03:00:23.007+0000] {dag.py:3441} INFO - Setting next_dagrun for example_short_circuit_operator to 2025-01-31T03:00:23.007293+00:00, run_after=2025-02-01T03:00:23.007293+00:00
[2025-02-01T03:00:23.265+0000] {processor.py:175} INFO - Processing /home/airflow/.local/lib/python3.7/site-packages/airflow/example_dags/example_short_circuit_operator.py took 1.048 seconds
[2025-02-01T03:00:53.911+0000] {processor.py:153} INFO - Started process (PID=2311) to work on /home/airflow/.local/lib/python3.7/site-packages/airflow/example_dags/example_short_circuit_operator.py
[2025-02-01T03:00:53.916+0000] {processor.py:743} INFO - Processing file /home/airflow/.local/lib/python3.7/site-packages/airflow/example_dags/example_short_circuit_operator.py for tasks to queue
[2025-02-01T03:00:53.917+0000] {logging_mixin.py:137} INFO - [2025-02-01T03:00:53.917+0000] {dagbag.py:538} INFO - Filling up the DagBag from /home/airflow/.local/lib/python3.7/site-packages/airflow/example_dags/example_short_circuit_operator.py
[2025-02-01T03:00:54.025+0000] {processor.py:753} INFO - DAG(s) dict_keys(['example_short_circuit_operator']) retrieved from /home/airflow/.local/lib/python3.7/site-packages/airflow/example_dags/example_short_circuit_operator.py
[2025-02-01T03:00:54.245+0000] {logging_mixin.py:137} INFO - [2025-02-01T03:00:54.242+0000] {dag.py:2690} INFO - Sync 1 DAGs
[2025-02-01T03:00:54.508+0000] {logging_mixin.py:137} INFO - [2025-02-01T03:00:54.503+0000] {dag.py:3441} INFO - Setting next_dagrun for example_short_circuit_operator to 2025-01-31T03:00:54.502409+00:00, run_after=2025-02-01T03:00:54.502409+00:00
[2025-02-01T03:00:54.738+0000] {processor.py:175} INFO - Processing /home/airflow/.local/lib/python3.7/site-packages/airflow/example_dags/example_short_circuit_operator.py took 0.849 seconds
[2025-02-01T03:01:25.242+0000] {processor.py:153} INFO - Started process (PID=2369) to work on /home/airflow/.local/lib/python3.7/site-packages/airflow/example_dags/example_short_circuit_operator.py
[2025-02-01T03:01:25.248+0000] {processor.py:743} INFO - Processing file /home/airflow/.local/lib/python3.7/site-packages/airflow/example_dags/example_short_circuit_operator.py for tasks to queue
[2025-02-01T03:01:25.250+0000] {logging_mixin.py:137} INFO - [2025-02-01T03:01:25.249+0000] {dagbag.py:538} INFO - Filling up the DagBag from /home/airflow/.local/lib/python3.7/site-packages/airflow/example_dags/example_short_circuit_operator.py
[2025-02-01T03:01:25.380+0000] {processor.py:753} INFO - DAG(s) dict_keys(['example_short_circuit_operator']) retrieved from /home/airflow/.local/lib/python3.7/site-packages/airflow/example_dags/example_short_circuit_operator.py
[2025-02-01T03:01:25.478+0000] {logging_mixin.py:137} INFO - [2025-02-01T03:01:25.478+0000] {dag.py:2690} INFO - Sync 1 DAGs
[2025-02-01T03:01:25.668+0000] {logging_mixin.py:137} INFO - [2025-02-01T03:01:25.665+0000] {dag.py:3441} INFO - Setting next_dagrun for example_short_circuit_operator to 2025-01-31T03:01:25.664495+00:00, run_after=2025-02-01T03:01:25.664495+00:00
[2025-02-01T03:01:25.820+0000] {processor.py:175} INFO - Processing /home/airflow/.local/lib/python3.7/site-packages/airflow/example_dags/example_short_circuit_operator.py took 0.611 seconds
[2025-02-01T03:01:56.444+0000] {processor.py:153} INFO - Started process (PID=2419) to work on /home/airflow/.local/lib/python3.7/site-packages/airflow/example_dags/example_short_circuit_operator.py
[2025-02-01T03:01:56.448+0000] {processor.py:743} INFO - Processing file /home/airflow/.local/lib/python3.7/site-packages/airflow/example_dags/example_short_circuit_operator.py for tasks to queue
[2025-02-01T03:01:56.452+0000] {logging_mixin.py:137} INFO - [2025-02-01T03:01:56.450+0000] {dagbag.py:538} INFO - Filling up the DagBag from /home/airflow/.local/lib/python3.7/site-packages/airflow/example_dags/example_short_circuit_operator.py
[2025-02-01T03:01:56.499+0000] {processor.py:753} INFO - DAG(s) dict_keys(['example_short_circuit_operator']) retrieved from /home/airflow/.local/lib/python3.7/site-packages/airflow/example_dags/example_short_circuit_operator.py
[2025-02-01T03:01:56.562+0000] {logging_mixin.py:137} INFO - [2025-02-01T03:01:56.561+0000] {dag.py:2690} INFO - Sync 1 DAGs
[2025-02-01T03:01:56.625+0000] {logging_mixin.py:137} INFO - [2025-02-01T03:01:56.625+0000] {dag.py:3441} INFO - Setting next_dagrun for example_short_circuit_operator to 2025-01-31T03:01:56.624778+00:00, run_after=2025-02-01T03:01:56.624778+00:00
[2025-02-01T03:01:56.698+0000] {processor.py:175} INFO - Processing /home/airflow/.local/lib/python3.7/site-packages/airflow/example_dags/example_short_circuit_operator.py took 0.270 seconds
[2025-02-01T03:02:27.471+0000] {processor.py:153} INFO - Started process (PID=2477) to work on /home/airflow/.local/lib/python3.7/site-packages/airflow/example_dags/example_short_circuit_operator.py
[2025-02-01T03:02:27.477+0000] {processor.py:743} INFO - Processing file /home/airflow/.local/lib/python3.7/site-packages/airflow/example_dags/example_short_circuit_operator.py for tasks to queue
[2025-02-01T03:02:27.478+0000] {logging_mixin.py:137} INFO - [2025-02-01T03:02:27.478+0000] {dagbag.py:538} INFO - Filling up the DagBag from /home/airflow/.local/lib/python3.7/site-packages/airflow/example_dags/example_short_circuit_operator.py
[2025-02-01T03:02:27.563+0000] {processor.py:753} INFO - DAG(s) dict_keys(['example_short_circuit_operator']) retrieved from /home/airflow/.local/lib/python3.7/site-packages/airflow/example_dags/example_short_circuit_operator.py
[2025-02-01T03:02:27.714+0000] {logging_mixin.py:137} INFO - [2025-02-01T03:02:27.713+0000] {dag.py:2690} INFO - Sync 1 DAGs
[2025-02-01T03:02:27.846+0000] {logging_mixin.py:137} INFO - [2025-02-01T03:02:27.844+0000] {dag.py:3441} INFO - Setting next_dagrun for example_short_circuit_operator to 2025-01-31T03:02:27.843634+00:00, run_after=2025-02-01T03:02:27.843634+00:00
[2025-02-01T03:02:27.939+0000] {processor.py:175} INFO - Processing /home/airflow/.local/lib/python3.7/site-packages/airflow/example_dags/example_short_circuit_operator.py took 0.487 seconds
[2025-02-01T03:02:58.482+0000] {processor.py:153} INFO - Started process (PID=2536) to work on /home/airflow/.local/lib/python3.7/site-packages/airflow/example_dags/example_short_circuit_operator.py
[2025-02-01T03:02:58.489+0000] {processor.py:743} INFO - Processing file /home/airflow/.local/lib/python3.7/site-packages/airflow/example_dags/example_short_circuit_operator.py for tasks to queue
[2025-02-01T03:02:58.495+0000] {logging_mixin.py:137} INFO - [2025-02-01T03:02:58.491+0000] {dagbag.py:538} INFO - Filling up the DagBag from /home/airflow/.local/lib/python3.7/site-packages/airflow/example_dags/example_short_circuit_operator.py
[2025-02-01T03:02:58.637+0000] {processor.py:753} INFO - DAG(s) dict_keys(['example_short_circuit_operator']) retrieved from /home/airflow/.local/lib/python3.7/site-packages/airflow/example_dags/example_short_circuit_operator.py
[2025-02-01T03:02:58.831+0000] {logging_mixin.py:137} INFO - [2025-02-01T03:02:58.831+0000] {dag.py:2690} INFO - Sync 1 DAGs
[2025-02-01T03:02:59.079+0000] {logging_mixin.py:137} INFO - [2025-02-01T03:02:59.078+0000] {dag.py:3441} INFO - Setting next_dagrun for example_short_circuit_operator to 2025-01-31T03:02:59.078185+00:00, run_after=2025-02-01T03:02:59.078185+00:00
[2025-02-01T03:02:59.214+0000] {processor.py:175} INFO - Processing /home/airflow/.local/lib/python3.7/site-packages/airflow/example_dags/example_short_circuit_operator.py took 0.754 seconds
[2025-02-01T03:03:30.181+0000] {processor.py:153} INFO - Started process (PID=2595) to work on /home/airflow/.local/lib/python3.7/site-packages/airflow/example_dags/example_short_circuit_operator.py
[2025-02-01T03:03:30.182+0000] {processor.py:743} INFO - Processing file /home/airflow/.local/lib/python3.7/site-packages/airflow/example_dags/example_short_circuit_operator.py for tasks to queue
[2025-02-01T03:03:30.205+0000] {logging_mixin.py:137} INFO - [2025-02-01T03:03:30.205+0000] {dagbag.py:538} INFO - Filling up the DagBag from /home/airflow/.local/lib/python3.7/site-packages/airflow/example_dags/example_short_circuit_operator.py
[2025-02-01T03:03:30.416+0000] {processor.py:753} INFO - DAG(s) dict_keys(['example_short_circuit_operator']) retrieved from /home/airflow/.local/lib/python3.7/site-packages/airflow/example_dags/example_short_circuit_operator.py
[2025-02-01T03:03:30.834+0000] {logging_mixin.py:137} INFO - [2025-02-01T03:03:30.833+0000] {dag.py:2690} INFO - Sync 1 DAGs
[2025-02-01T03:03:31.149+0000] {logging_mixin.py:137} INFO - [2025-02-01T03:03:31.140+0000] {dag.py:3441} INFO - Setting next_dagrun for example_short_circuit_operator to 2025-01-31T03:03:31.140311+00:00, run_after=2025-02-01T03:03:31.140311+00:00
[2025-02-01T03:03:31.375+0000] {processor.py:175} INFO - Processing /home/airflow/.local/lib/python3.7/site-packages/airflow/example_dags/example_short_circuit_operator.py took 1.238 seconds
[2025-02-01T03:04:01.766+0000] {processor.py:153} INFO - Started process (PID=2644) to work on /home/airflow/.local/lib/python3.7/site-packages/airflow/example_dags/example_short_circuit_operator.py
[2025-02-01T03:04:01.768+0000] {processor.py:743} INFO - Processing file /home/airflow/.local/lib/python3.7/site-packages/airflow/example_dags/example_short_circuit_operator.py for tasks to queue
[2025-02-01T03:04:01.770+0000] {logging_mixin.py:137} INFO - [2025-02-01T03:04:01.770+0000] {dagbag.py:538} INFO - Filling up the DagBag from /home/airflow/.local/lib/python3.7/site-packages/airflow/example_dags/example_short_circuit_operator.py
[2025-02-01T03:04:01.826+0000] {processor.py:753} INFO - DAG(s) dict_keys(['example_short_circuit_operator']) retrieved from /home/airflow/.local/lib/python3.7/site-packages/airflow/example_dags/example_short_circuit_operator.py
[2025-02-01T03:04:01.918+0000] {logging_mixin.py:137} INFO - [2025-02-01T03:04:01.917+0000] {dag.py:2690} INFO - Sync 1 DAGs
[2025-02-01T03:04:01.993+0000] {logging_mixin.py:137} INFO - [2025-02-01T03:04:01.993+0000] {dag.py:3441} INFO - Setting next_dagrun for example_short_circuit_operator to 2025-01-31T03:04:01.992551+00:00, run_after=2025-02-01T03:04:01.992551+00:00
[2025-02-01T03:04:02.038+0000] {processor.py:175} INFO - Processing /home/airflow/.local/lib/python3.7/site-packages/airflow/example_dags/example_short_circuit_operator.py took 0.280 seconds
[2025-02-01T03:04:32.402+0000] {processor.py:153} INFO - Started process (PID=2702) to work on /home/airflow/.local/lib/python3.7/site-packages/airflow/example_dags/example_short_circuit_operator.py
[2025-02-01T03:04:32.411+0000] {processor.py:743} INFO - Processing file /home/airflow/.local/lib/python3.7/site-packages/airflow/example_dags/example_short_circuit_operator.py for tasks to queue
[2025-02-01T03:04:32.426+0000] {logging_mixin.py:137} INFO - [2025-02-01T03:04:32.426+0000] {dagbag.py:538} INFO - Filling up the DagBag from /home/airflow/.local/lib/python3.7/site-packages/airflow/example_dags/example_short_circuit_operator.py
[2025-02-01T03:04:32.602+0000] {processor.py:753} INFO - DAG(s) dict_keys(['example_short_circuit_operator']) retrieved from /home/airflow/.local/lib/python3.7/site-packages/airflow/example_dags/example_short_circuit_operator.py
[2025-02-01T03:04:32.769+0000] {logging_mixin.py:137} INFO - [2025-02-01T03:04:32.767+0000] {dag.py:2690} INFO - Sync 1 DAGs
[2025-02-01T03:04:32.915+0000] {logging_mixin.py:137} INFO - [2025-02-01T03:04:32.915+0000] {dag.py:3441} INFO - Setting next_dagrun for example_short_circuit_operator to 2025-01-31T03:04:32.915044+00:00, run_after=2025-02-01T03:04:32.915044+00:00
[2025-02-01T03:04:32.986+0000] {processor.py:175} INFO - Processing /home/airflow/.local/lib/python3.7/site-packages/airflow/example_dags/example_short_circuit_operator.py took 0.620 seconds
[2025-02-01T03:05:03.325+0000] {processor.py:153} INFO - Started process (PID=2758) to work on /home/airflow/.local/lib/python3.7/site-packages/airflow/example_dags/example_short_circuit_operator.py
[2025-02-01T03:05:03.331+0000] {processor.py:743} INFO - Processing file /home/airflow/.local/lib/python3.7/site-packages/airflow/example_dags/example_short_circuit_operator.py for tasks to queue
[2025-02-01T03:05:03.332+0000] {logging_mixin.py:137} INFO - [2025-02-01T03:05:03.332+0000] {dagbag.py:538} INFO - Filling up the DagBag from /home/airflow/.local/lib/python3.7/site-packages/airflow/example_dags/example_short_circuit_operator.py
[2025-02-01T03:05:03.448+0000] {processor.py:753} INFO - DAG(s) dict_keys(['example_short_circuit_operator']) retrieved from /home/airflow/.local/lib/python3.7/site-packages/airflow/example_dags/example_short_circuit_operator.py
[2025-02-01T03:05:03.738+0000] {logging_mixin.py:137} INFO - [2025-02-01T03:05:03.737+0000] {dag.py:2690} INFO - Sync 1 DAGs
[2025-02-01T03:05:03.993+0000] {logging_mixin.py:137} INFO - [2025-02-01T03:05:03.986+0000] {dag.py:3441} INFO - Setting next_dagrun for example_short_circuit_operator to 2025-01-31T03:05:03.986430+00:00, run_after=2025-02-01T03:05:03.986430+00:00
[2025-02-01T03:05:04.132+0000] {processor.py:175} INFO - Processing /home/airflow/.local/lib/python3.7/site-packages/airflow/example_dags/example_short_circuit_operator.py took 0.827 seconds
[2025-02-01T03:05:34.960+0000] {processor.py:153} INFO - Started process (PID=2810) to work on /home/airflow/.local/lib/python3.7/site-packages/airflow/example_dags/example_short_circuit_operator.py
[2025-02-01T03:05:34.968+0000] {processor.py:743} INFO - Processing file /home/airflow/.local/lib/python3.7/site-packages/airflow/example_dags/example_short_circuit_operator.py for tasks to queue
[2025-02-01T03:05:34.974+0000] {logging_mixin.py:137} INFO - [2025-02-01T03:05:34.970+0000] {dagbag.py:538} INFO - Filling up the DagBag from /home/airflow/.local/lib/python3.7/site-packages/airflow/example_dags/example_short_circuit_operator.py
[2025-02-01T03:05:35.107+0000] {processor.py:753} INFO - DAG(s) dict_keys(['example_short_circuit_operator']) retrieved from /home/airflow/.local/lib/python3.7/site-packages/airflow/example_dags/example_short_circuit_operator.py
[2025-02-01T03:05:35.228+0000] {logging_mixin.py:137} INFO - [2025-02-01T03:05:35.228+0000] {dag.py:2690} INFO - Sync 1 DAGs
[2025-02-01T03:05:35.379+0000] {logging_mixin.py:137} INFO - [2025-02-01T03:05:35.378+0000] {dag.py:3441} INFO - Setting next_dagrun for example_short_circuit_operator to 2025-01-31T03:05:35.378240+00:00, run_after=2025-02-01T03:05:35.378240+00:00
[2025-02-01T03:05:35.500+0000] {processor.py:175} INFO - Processing /home/airflow/.local/lib/python3.7/site-packages/airflow/example_dags/example_short_circuit_operator.py took 0.557 seconds
[2025-02-01T03:06:05.983+0000] {processor.py:153} INFO - Started process (PID=2869) to work on /home/airflow/.local/lib/python3.7/site-packages/airflow/example_dags/example_short_circuit_operator.py
[2025-02-01T03:06:05.986+0000] {processor.py:743} INFO - Processing file /home/airflow/.local/lib/python3.7/site-packages/airflow/example_dags/example_short_circuit_operator.py for tasks to queue
[2025-02-01T03:06:05.989+0000] {logging_mixin.py:137} INFO - [2025-02-01T03:06:05.988+0000] {dagbag.py:538} INFO - Filling up the DagBag from /home/airflow/.local/lib/python3.7/site-packages/airflow/example_dags/example_short_circuit_operator.py
[2025-02-01T03:06:06.108+0000] {processor.py:753} INFO - DAG(s) dict_keys(['example_short_circuit_operator']) retrieved from /home/airflow/.local/lib/python3.7/site-packages/airflow/example_dags/example_short_circuit_operator.py
[2025-02-01T03:06:06.321+0000] {logging_mixin.py:137} INFO - [2025-02-01T03:06:06.321+0000] {dag.py:2690} INFO - Sync 1 DAGs
[2025-02-01T03:06:06.493+0000] {logging_mixin.py:137} INFO - [2025-02-01T03:06:06.492+0000] {dag.py:3441} INFO - Setting next_dagrun for example_short_circuit_operator to 2025-01-31T03:06:06.492241+00:00, run_after=2025-02-01T03:06:06.492241+00:00
[2025-02-01T03:06:06.595+0000] {processor.py:175} INFO - Processing /home/airflow/.local/lib/python3.7/site-packages/airflow/example_dags/example_short_circuit_operator.py took 0.625 seconds
[2025-02-01T03:06:36.886+0000] {processor.py:153} INFO - Started process (PID=2928) to work on /home/airflow/.local/lib/python3.7/site-packages/airflow/example_dags/example_short_circuit_operator.py
[2025-02-01T03:06:36.891+0000] {processor.py:743} INFO - Processing file /home/airflow/.local/lib/python3.7/site-packages/airflow/example_dags/example_short_circuit_operator.py for tasks to queue
[2025-02-01T03:06:36.892+0000] {logging_mixin.py:137} INFO - [2025-02-01T03:06:36.892+0000] {dagbag.py:538} INFO - Filling up the DagBag from /home/airflow/.local/lib/python3.7/site-packages/airflow/example_dags/example_short_circuit_operator.py
[2025-02-01T03:06:37.026+0000] {processor.py:753} INFO - DAG(s) dict_keys(['example_short_circuit_operator']) retrieved from /home/airflow/.local/lib/python3.7/site-packages/airflow/example_dags/example_short_circuit_operator.py
[2025-02-01T03:06:37.191+0000] {logging_mixin.py:137} INFO - [2025-02-01T03:06:37.190+0000] {dag.py:2690} INFO - Sync 1 DAGs
[2025-02-01T03:06:37.375+0000] {logging_mixin.py:137} INFO - [2025-02-01T03:06:37.372+0000] {dag.py:3441} INFO - Setting next_dagrun for example_short_circuit_operator to 2025-01-31T03:06:37.371619+00:00, run_after=2025-02-01T03:06:37.371619+00:00
[2025-02-01T03:06:37.509+0000] {processor.py:175} INFO - Processing /home/airflow/.local/lib/python3.7/site-packages/airflow/example_dags/example_short_circuit_operator.py took 0.646 seconds
[2025-02-01T03:07:08.576+0000] {processor.py:153} INFO - Started process (PID=2986) to work on /home/airflow/.local/lib/python3.7/site-packages/airflow/example_dags/example_short_circuit_operator.py
[2025-02-01T03:07:08.579+0000] {processor.py:743} INFO - Processing file /home/airflow/.local/lib/python3.7/site-packages/airflow/example_dags/example_short_circuit_operator.py for tasks to queue
[2025-02-01T03:07:08.585+0000] {logging_mixin.py:137} INFO - [2025-02-01T03:07:08.580+0000] {dagbag.py:538} INFO - Filling up the DagBag from /home/airflow/.local/lib/python3.7/site-packages/airflow/example_dags/example_short_circuit_operator.py
[2025-02-01T03:07:08.710+0000] {processor.py:753} INFO - DAG(s) dict_keys(['example_short_circuit_operator']) retrieved from /home/airflow/.local/lib/python3.7/site-packages/airflow/example_dags/example_short_circuit_operator.py
[2025-02-01T03:07:08.864+0000] {logging_mixin.py:137} INFO - [2025-02-01T03:07:08.863+0000] {dag.py:2690} INFO - Sync 1 DAGs
[2025-02-01T03:07:09.034+0000] {logging_mixin.py:137} INFO - [2025-02-01T03:07:09.034+0000] {dag.py:3441} INFO - Setting next_dagrun for example_short_circuit_operator to 2025-01-31T03:07:09.033869+00:00, run_after=2025-02-01T03:07:09.033869+00:00
[2025-02-01T03:07:09.183+0000] {processor.py:175} INFO - Processing /home/airflow/.local/lib/python3.7/site-packages/airflow/example_dags/example_short_circuit_operator.py took 0.630 seconds
[2025-02-01T03:07:39.445+0000] {processor.py:153} INFO - Started process (PID=3036) to work on /home/airflow/.local/lib/python3.7/site-packages/airflow/example_dags/example_short_circuit_operator.py
[2025-02-01T03:07:39.447+0000] {processor.py:743} INFO - Processing file /home/airflow/.local/lib/python3.7/site-packages/airflow/example_dags/example_short_circuit_operator.py for tasks to queue
[2025-02-01T03:07:39.449+0000] {logging_mixin.py:137} INFO - [2025-02-01T03:07:39.448+0000] {dagbag.py:538} INFO - Filling up the DagBag from /home/airflow/.local/lib/python3.7/site-packages/airflow/example_dags/example_short_circuit_operator.py
[2025-02-01T03:07:39.487+0000] {processor.py:753} INFO - DAG(s) dict_keys(['example_short_circuit_operator']) retrieved from /home/airflow/.local/lib/python3.7/site-packages/airflow/example_dags/example_short_circuit_operator.py
[2025-02-01T03:07:39.549+0000] {logging_mixin.py:137} INFO - [2025-02-01T03:07:39.548+0000] {dag.py:2690} INFO - Sync 1 DAGs
[2025-02-01T03:07:39.614+0000] {logging_mixin.py:137} INFO - [2025-02-01T03:07:39.614+0000] {dag.py:3441} INFO - Setting next_dagrun for example_short_circuit_operator to 2025-01-31T03:07:39.613979+00:00, run_after=2025-02-01T03:07:39.613979+00:00
[2025-02-01T03:07:39.667+0000] {processor.py:175} INFO - Processing /home/airflow/.local/lib/python3.7/site-packages/airflow/example_dags/example_short_circuit_operator.py took 0.230 seconds
[2025-02-01T03:08:10.018+0000] {processor.py:153} INFO - Started process (PID=3093) to work on /home/airflow/.local/lib/python3.7/site-packages/airflow/example_dags/example_short_circuit_operator.py
[2025-02-01T03:08:10.021+0000] {processor.py:743} INFO - Processing file /home/airflow/.local/lib/python3.7/site-packages/airflow/example_dags/example_short_circuit_operator.py for tasks to queue
[2025-02-01T03:08:10.025+0000] {logging_mixin.py:137} INFO - [2025-02-01T03:08:10.025+0000] {dagbag.py:538} INFO - Filling up the DagBag from /home/airflow/.local/lib/python3.7/site-packages/airflow/example_dags/example_short_circuit_operator.py
[2025-02-01T03:08:10.111+0000] {processor.py:753} INFO - DAG(s) dict_keys(['example_short_circuit_operator']) retrieved from /home/airflow/.local/lib/python3.7/site-packages/airflow/example_dags/example_short_circuit_operator.py
[2025-02-01T03:08:10.253+0000] {logging_mixin.py:137} INFO - [2025-02-01T03:08:10.253+0000] {dag.py:2690} INFO - Sync 1 DAGs
[2025-02-01T03:08:10.410+0000] {logging_mixin.py:137} INFO - [2025-02-01T03:08:10.410+0000] {dag.py:3441} INFO - Setting next_dagrun for example_short_circuit_operator to 2025-01-31T03:08:10.407669+00:00, run_after=2025-02-01T03:08:10.407669+00:00
[2025-02-01T03:08:10.491+0000] {processor.py:175} INFO - Processing /home/airflow/.local/lib/python3.7/site-packages/airflow/example_dags/example_short_circuit_operator.py took 0.490 seconds
[2025-02-01T03:08:40.779+0000] {processor.py:153} INFO - Started process (PID=3150) to work on /home/airflow/.local/lib/python3.7/site-packages/airflow/example_dags/example_short_circuit_operator.py
[2025-02-01T03:08:40.782+0000] {processor.py:743} INFO - Processing file /home/airflow/.local/lib/python3.7/site-packages/airflow/example_dags/example_short_circuit_operator.py for tasks to queue
[2025-02-01T03:08:40.784+0000] {logging_mixin.py:137} INFO - [2025-02-01T03:08:40.783+0000] {dagbag.py:538} INFO - Filling up the DagBag from /home/airflow/.local/lib/python3.7/site-packages/airflow/example_dags/example_short_circuit_operator.py
[2025-02-01T03:08:40.901+0000] {processor.py:753} INFO - DAG(s) dict_keys(['example_short_circuit_operator']) retrieved from /home/airflow/.local/lib/python3.7/site-packages/airflow/example_dags/example_short_circuit_operator.py
[2025-02-01T03:08:41.073+0000] {logging_mixin.py:137} INFO - [2025-02-01T03:08:41.072+0000] {dag.py:2690} INFO - Sync 1 DAGs
[2025-02-01T03:08:41.253+0000] {logging_mixin.py:137} INFO - [2025-02-01T03:08:41.253+0000] {dag.py:3441} INFO - Setting next_dagrun for example_short_circuit_operator to 2025-01-31T03:08:41.252690+00:00, run_after=2025-02-01T03:08:41.252690+00:00
[2025-02-01T03:08:41.391+0000] {processor.py:175} INFO - Processing /home/airflow/.local/lib/python3.7/site-packages/airflow/example_dags/example_short_circuit_operator.py took 0.627 seconds
[2025-02-01T03:09:11.923+0000] {processor.py:153} INFO - Started process (PID=3202) to work on /home/airflow/.local/lib/python3.7/site-packages/airflow/example_dags/example_short_circuit_operator.py
[2025-02-01T03:09:11.927+0000] {processor.py:743} INFO - Processing file /home/airflow/.local/lib/python3.7/site-packages/airflow/example_dags/example_short_circuit_operator.py for tasks to queue
[2025-02-01T03:09:11.929+0000] {logging_mixin.py:137} INFO - [2025-02-01T03:09:11.928+0000] {dagbag.py:538} INFO - Filling up the DagBag from /home/airflow/.local/lib/python3.7/site-packages/airflow/example_dags/example_short_circuit_operator.py
[2025-02-01T03:09:12.014+0000] {processor.py:753} INFO - DAG(s) dict_keys(['example_short_circuit_operator']) retrieved from /home/airflow/.local/lib/python3.7/site-packages/airflow/example_dags/example_short_circuit_operator.py
[2025-02-01T03:09:12.168+0000] {logging_mixin.py:137} INFO - [2025-02-01T03:09:12.167+0000] {dag.py:2690} INFO - Sync 1 DAGs
[2025-02-01T03:09:12.383+0000] {logging_mixin.py:137} INFO - [2025-02-01T03:09:12.379+0000] {dag.py:3441} INFO - Setting next_dagrun for example_short_circuit_operator to 2025-01-31T03:09:12.379448+00:00, run_after=2025-02-01T03:09:12.379448+00:00
[2025-02-01T03:09:12.502+0000] {processor.py:175} INFO - Processing /home/airflow/.local/lib/python3.7/site-packages/airflow/example_dags/example_short_circuit_operator.py took 0.596 seconds
[2025-02-01T03:09:42.723+0000] {processor.py:153} INFO - Started process (PID=3261) to work on /home/airflow/.local/lib/python3.7/site-packages/airflow/example_dags/example_short_circuit_operator.py
[2025-02-01T03:09:42.725+0000] {processor.py:743} INFO - Processing file /home/airflow/.local/lib/python3.7/site-packages/airflow/example_dags/example_short_circuit_operator.py for tasks to queue
[2025-02-01T03:09:42.726+0000] {logging_mixin.py:137} INFO - [2025-02-01T03:09:42.726+0000] {dagbag.py:538} INFO - Filling up the DagBag from /home/airflow/.local/lib/python3.7/site-packages/airflow/example_dags/example_short_circuit_operator.py
[2025-02-01T03:09:42.766+0000] {processor.py:753} INFO - DAG(s) dict_keys(['example_short_circuit_operator']) retrieved from /home/airflow/.local/lib/python3.7/site-packages/airflow/example_dags/example_short_circuit_operator.py
[2025-02-01T03:09:42.843+0000] {logging_mixin.py:137} INFO - [2025-02-01T03:09:42.842+0000] {dag.py:2690} INFO - Sync 1 DAGs
[2025-02-01T03:09:42.933+0000] {logging_mixin.py:137} INFO - [2025-02-01T03:09:42.931+0000] {dag.py:3441} INFO - Setting next_dagrun for example_short_circuit_operator to 2025-01-31T03:09:42.930603+00:00, run_after=2025-02-01T03:09:42.930603+00:00
[2025-02-01T03:09:43.004+0000] {processor.py:175} INFO - Processing /home/airflow/.local/lib/python3.7/site-packages/airflow/example_dags/example_short_circuit_operator.py took 0.288 seconds
