[2025-02-01T02:40:28.241+0000] {processor.py:153} INFO - Started process (PID=86) to work on /home/airflow/.local/lib/python3.7/site-packages/airflow/example_dags/example_xcom.py
[2025-02-01T02:40:28.256+0000] {processor.py:743} INFO - Processing file /home/airflow/.local/lib/python3.7/site-packages/airflow/example_dags/example_xcom.py for tasks to queue
[2025-02-01T02:40:28.265+0000] {logging_mixin.py:137} INFO - [2025-02-01T02:40:28.259+0000] {dagbag.py:538} INFO - Filling up the DagBag from /home/airflow/.local/lib/python3.7/site-packages/airflow/example_dags/example_xcom.py
[2025-02-01T02:40:28.757+0000] {processor.py:753} INFO - DAG(s) dict_keys(['example_xcom']) retrieved from /home/airflow/.local/lib/python3.7/site-packages/airflow/example_dags/example_xcom.py
[2025-02-01T02:40:29.120+0000] {logging_mixin.py:137} INFO - [2025-02-01T02:40:29.111+0000] {dag.py:2690} INFO - Sync 1 DAGs
[2025-02-01T02:40:29.501+0000] {logging_mixin.py:137} INFO - [2025-02-01T02:40:29.501+0000] {dag.py:3441} INFO - Setting next_dagrun for example_xcom to 2021-01-01T00:00:00+00:00, run_after=2021-01-01T00:00:00+00:00
[2025-02-01T02:40:29.759+0000] {processor.py:175} INFO - Processing /home/airflow/.local/lib/python3.7/site-packages/airflow/example_dags/example_xcom.py took 1.575 seconds
[2025-02-01T02:40:59.977+0000] {processor.py:153} INFO - Started process (PID=136) to work on /home/airflow/.local/lib/python3.7/site-packages/airflow/example_dags/example_xcom.py
[2025-02-01T02:40:59.979+0000] {processor.py:743} INFO - Processing file /home/airflow/.local/lib/python3.7/site-packages/airflow/example_dags/example_xcom.py for tasks to queue
[2025-02-01T02:40:59.982+0000] {logging_mixin.py:137} INFO - [2025-02-01T02:40:59.981+0000] {dagbag.py:538} INFO - Filling up the DagBag from /home/airflow/.local/lib/python3.7/site-packages/airflow/example_dags/example_xcom.py
[2025-02-01T02:41:00.038+0000] {processor.py:753} INFO - DAG(s) dict_keys(['example_xcom']) retrieved from /home/airflow/.local/lib/python3.7/site-packages/airflow/example_dags/example_xcom.py
[2025-02-01T02:41:00.100+0000] {logging_mixin.py:137} INFO - [2025-02-01T02:41:00.100+0000] {dag.py:2690} INFO - Sync 1 DAGs
[2025-02-01T02:41:00.175+0000] {logging_mixin.py:137} INFO - [2025-02-01T02:41:00.175+0000] {dag.py:3441} INFO - Setting next_dagrun for example_xcom to 2021-01-01T00:00:00+00:00, run_after=2021-01-01T00:00:00+00:00
[2025-02-01T02:41:00.222+0000] {processor.py:175} INFO - Processing /home/airflow/.local/lib/python3.7/site-packages/airflow/example_dags/example_xcom.py took 0.252 seconds
[2025-02-01T02:41:30.316+0000] {processor.py:153} INFO - Started process (PID=193) to work on /home/airflow/.local/lib/python3.7/site-packages/airflow/example_dags/example_xcom.py
[2025-02-01T02:41:30.318+0000] {processor.py:743} INFO - Processing file /home/airflow/.local/lib/python3.7/site-packages/airflow/example_dags/example_xcom.py for tasks to queue
[2025-02-01T02:41:30.320+0000] {logging_mixin.py:137} INFO - [2025-02-01T02:41:30.319+0000] {dagbag.py:538} INFO - Filling up the DagBag from /home/airflow/.local/lib/python3.7/site-packages/airflow/example_dags/example_xcom.py
[2025-02-01T02:41:30.384+0000] {processor.py:753} INFO - DAG(s) dict_keys(['example_xcom']) retrieved from /home/airflow/.local/lib/python3.7/site-packages/airflow/example_dags/example_xcom.py
[2025-02-01T02:41:30.456+0000] {logging_mixin.py:137} INFO - [2025-02-01T02:41:30.456+0000] {dag.py:2690} INFO - Sync 1 DAGs
[2025-02-01T02:41:30.519+0000] {logging_mixin.py:137} INFO - [2025-02-01T02:41:30.519+0000] {dag.py:3441} INFO - Setting next_dagrun for example_xcom to 2021-01-01T00:00:00+00:00, run_after=2021-01-01T00:00:00+00:00
[2025-02-01T02:41:30.571+0000] {processor.py:175} INFO - Processing /home/airflow/.local/lib/python3.7/site-packages/airflow/example_dags/example_xcom.py took 0.264 seconds
[2025-02-01T02:42:01.590+0000] {processor.py:153} INFO - Started process (PID=252) to work on /home/airflow/.local/lib/python3.7/site-packages/airflow/example_dags/example_xcom.py
[2025-02-01T02:42:01.592+0000] {processor.py:743} INFO - Processing file /home/airflow/.local/lib/python3.7/site-packages/airflow/example_dags/example_xcom.py for tasks to queue
[2025-02-01T02:42:01.594+0000] {logging_mixin.py:137} INFO - [2025-02-01T02:42:01.593+0000] {dagbag.py:538} INFO - Filling up the DagBag from /home/airflow/.local/lib/python3.7/site-packages/airflow/example_dags/example_xcom.py
[2025-02-01T02:42:01.664+0000] {processor.py:753} INFO - DAG(s) dict_keys(['example_xcom']) retrieved from /home/airflow/.local/lib/python3.7/site-packages/airflow/example_dags/example_xcom.py
[2025-02-01T02:42:01.722+0000] {logging_mixin.py:137} INFO - [2025-02-01T02:42:01.722+0000] {dag.py:2690} INFO - Sync 1 DAGs
[2025-02-01T02:42:01.787+0000] {logging_mixin.py:137} INFO - [2025-02-01T02:42:01.787+0000] {dag.py:3441} INFO - Setting next_dagrun for example_xcom to 2021-01-01T00:00:00+00:00, run_after=2021-01-01T00:00:00+00:00
[2025-02-01T02:42:01.834+0000] {processor.py:175} INFO - Processing /home/airflow/.local/lib/python3.7/site-packages/airflow/example_dags/example_xcom.py took 0.252 seconds
[2025-02-01T02:42:32.164+0000] {processor.py:153} INFO - Started process (PID=312) to work on /home/airflow/.local/lib/python3.7/site-packages/airflow/example_dags/example_xcom.py
[2025-02-01T02:42:32.165+0000] {processor.py:743} INFO - Processing file /home/airflow/.local/lib/python3.7/site-packages/airflow/example_dags/example_xcom.py for tasks to queue
[2025-02-01T02:42:32.167+0000] {logging_mixin.py:137} INFO - [2025-02-01T02:42:32.166+0000] {dagbag.py:538} INFO - Filling up the DagBag from /home/airflow/.local/lib/python3.7/site-packages/airflow/example_dags/example_xcom.py
[2025-02-01T02:42:32.228+0000] {processor.py:753} INFO - DAG(s) dict_keys(['example_xcom']) retrieved from /home/airflow/.local/lib/python3.7/site-packages/airflow/example_dags/example_xcom.py
[2025-02-01T02:42:32.301+0000] {logging_mixin.py:137} INFO - [2025-02-01T02:42:32.301+0000] {dag.py:2690} INFO - Sync 1 DAGs
[2025-02-01T02:42:32.370+0000] {logging_mixin.py:137} INFO - [2025-02-01T02:42:32.370+0000] {dag.py:3441} INFO - Setting next_dagrun for example_xcom to 2021-01-01T00:00:00+00:00, run_after=2021-01-01T00:00:00+00:00
[2025-02-01T02:42:32.415+0000] {processor.py:175} INFO - Processing /home/airflow/.local/lib/python3.7/site-packages/airflow/example_dags/example_xcom.py took 0.258 seconds
[2025-02-01T02:43:03.303+0000] {processor.py:153} INFO - Started process (PID=362) to work on /home/airflow/.local/lib/python3.7/site-packages/airflow/example_dags/example_xcom.py
[2025-02-01T02:43:03.305+0000] {processor.py:743} INFO - Processing file /home/airflow/.local/lib/python3.7/site-packages/airflow/example_dags/example_xcom.py for tasks to queue
[2025-02-01T02:43:03.307+0000] {logging_mixin.py:137} INFO - [2025-02-01T02:43:03.307+0000] {dagbag.py:538} INFO - Filling up the DagBag from /home/airflow/.local/lib/python3.7/site-packages/airflow/example_dags/example_xcom.py
[2025-02-01T02:43:03.361+0000] {processor.py:753} INFO - DAG(s) dict_keys(['example_xcom']) retrieved from /home/airflow/.local/lib/python3.7/site-packages/airflow/example_dags/example_xcom.py
[2025-02-01T02:43:03.420+0000] {logging_mixin.py:137} INFO - [2025-02-01T02:43:03.419+0000] {dag.py:2690} INFO - Sync 1 DAGs
[2025-02-01T02:43:03.486+0000] {logging_mixin.py:137} INFO - [2025-02-01T02:43:03.486+0000] {dag.py:3441} INFO - Setting next_dagrun for example_xcom to 2021-01-01T00:00:00+00:00, run_after=2021-01-01T00:00:00+00:00
[2025-02-01T02:43:03.537+0000] {processor.py:175} INFO - Processing /home/airflow/.local/lib/python3.7/site-packages/airflow/example_dags/example_xcom.py took 0.240 seconds
[2025-02-01T02:43:34.242+0000] {processor.py:153} INFO - Started process (PID=420) to work on /home/airflow/.local/lib/python3.7/site-packages/airflow/example_dags/example_xcom.py
[2025-02-01T02:43:34.243+0000] {processor.py:743} INFO - Processing file /home/airflow/.local/lib/python3.7/site-packages/airflow/example_dags/example_xcom.py for tasks to queue
[2025-02-01T02:43:34.245+0000] {logging_mixin.py:137} INFO - [2025-02-01T02:43:34.245+0000] {dagbag.py:538} INFO - Filling up the DagBag from /home/airflow/.local/lib/python3.7/site-packages/airflow/example_dags/example_xcom.py
[2025-02-01T02:43:34.315+0000] {processor.py:753} INFO - DAG(s) dict_keys(['example_xcom']) retrieved from /home/airflow/.local/lib/python3.7/site-packages/airflow/example_dags/example_xcom.py
[2025-02-01T02:43:34.374+0000] {logging_mixin.py:137} INFO - [2025-02-01T02:43:34.373+0000] {dag.py:2690} INFO - Sync 1 DAGs
[2025-02-01T02:43:34.434+0000] {logging_mixin.py:137} INFO - [2025-02-01T02:43:34.434+0000] {dag.py:3441} INFO - Setting next_dagrun for example_xcom to 2021-01-01T00:00:00+00:00, run_after=2021-01-01T00:00:00+00:00
[2025-02-01T02:43:34.477+0000] {processor.py:175} INFO - Processing /home/airflow/.local/lib/python3.7/site-packages/airflow/example_dags/example_xcom.py took 0.248 seconds
[2025-02-01T02:44:05.557+0000] {processor.py:153} INFO - Started process (PID=479) to work on /home/airflow/.local/lib/python3.7/site-packages/airflow/example_dags/example_xcom.py
[2025-02-01T02:44:05.568+0000] {processor.py:743} INFO - Processing file /home/airflow/.local/lib/python3.7/site-packages/airflow/example_dags/example_xcom.py for tasks to queue
[2025-02-01T02:44:05.575+0000] {logging_mixin.py:137} INFO - [2025-02-01T02:44:05.575+0000] {dagbag.py:538} INFO - Filling up the DagBag from /home/airflow/.local/lib/python3.7/site-packages/airflow/example_dags/example_xcom.py
[2025-02-01T02:44:05.738+0000] {processor.py:753} INFO - DAG(s) dict_keys(['example_xcom']) retrieved from /home/airflow/.local/lib/python3.7/site-packages/airflow/example_dags/example_xcom.py
[2025-02-01T02:44:05.907+0000] {logging_mixin.py:137} INFO - [2025-02-01T02:44:05.906+0000] {dag.py:2690} INFO - Sync 1 DAGs
[2025-02-01T02:44:06.065+0000] {logging_mixin.py:137} INFO - [2025-02-01T02:44:06.065+0000] {dag.py:3441} INFO - Setting next_dagrun for example_xcom to 2021-01-01T00:00:00+00:00, run_after=2021-01-01T00:00:00+00:00
[2025-02-01T02:44:06.173+0000] {processor.py:175} INFO - Processing /home/airflow/.local/lib/python3.7/site-packages/airflow/example_dags/example_xcom.py took 0.635 seconds
[2025-02-01T02:44:36.505+0000] {processor.py:153} INFO - Started process (PID=527) to work on /home/airflow/.local/lib/python3.7/site-packages/airflow/example_dags/example_xcom.py
[2025-02-01T02:44:36.507+0000] {processor.py:743} INFO - Processing file /home/airflow/.local/lib/python3.7/site-packages/airflow/example_dags/example_xcom.py for tasks to queue
[2025-02-01T02:44:36.508+0000] {logging_mixin.py:137} INFO - [2025-02-01T02:44:36.508+0000] {dagbag.py:538} INFO - Filling up the DagBag from /home/airflow/.local/lib/python3.7/site-packages/airflow/example_dags/example_xcom.py
[2025-02-01T02:44:36.571+0000] {processor.py:753} INFO - DAG(s) dict_keys(['example_xcom']) retrieved from /home/airflow/.local/lib/python3.7/site-packages/airflow/example_dags/example_xcom.py
[2025-02-01T02:44:36.631+0000] {logging_mixin.py:137} INFO - [2025-02-01T02:44:36.631+0000] {dag.py:2690} INFO - Sync 1 DAGs
[2025-02-01T02:44:36.696+0000] {logging_mixin.py:137} INFO - [2025-02-01T02:44:36.695+0000] {dag.py:3441} INFO - Setting next_dagrun for example_xcom to 2021-01-01T00:00:00+00:00, run_after=2021-01-01T00:00:00+00:00
[2025-02-01T02:44:36.743+0000] {processor.py:175} INFO - Processing /home/airflow/.local/lib/python3.7/site-packages/airflow/example_dags/example_xcom.py took 0.245 seconds
[2025-02-01T02:45:07.029+0000] {processor.py:153} INFO - Started process (PID=586) to work on /home/airflow/.local/lib/python3.7/site-packages/airflow/example_dags/example_xcom.py
[2025-02-01T02:45:07.031+0000] {processor.py:743} INFO - Processing file /home/airflow/.local/lib/python3.7/site-packages/airflow/example_dags/example_xcom.py for tasks to queue
[2025-02-01T02:45:07.033+0000] {logging_mixin.py:137} INFO - [2025-02-01T02:45:07.032+0000] {dagbag.py:538} INFO - Filling up the DagBag from /home/airflow/.local/lib/python3.7/site-packages/airflow/example_dags/example_xcom.py
[2025-02-01T02:45:07.221+0000] {processor.py:753} INFO - DAG(s) dict_keys(['example_xcom']) retrieved from /home/airflow/.local/lib/python3.7/site-packages/airflow/example_dags/example_xcom.py
[2025-02-01T02:45:07.304+0000] {logging_mixin.py:137} INFO - [2025-02-01T02:45:07.304+0000] {dag.py:2690} INFO - Sync 1 DAGs
[2025-02-01T02:45:07.383+0000] {logging_mixin.py:137} INFO - [2025-02-01T02:45:07.382+0000] {dag.py:3441} INFO - Setting next_dagrun for example_xcom to 2021-01-01T00:00:00+00:00, run_after=2021-01-01T00:00:00+00:00
[2025-02-01T02:45:07.467+0000] {processor.py:175} INFO - Processing /home/airflow/.local/lib/python3.7/site-packages/airflow/example_dags/example_xcom.py took 0.453 seconds
[2025-02-01T02:45:38.406+0000] {processor.py:153} INFO - Started process (PID=645) to work on /home/airflow/.local/lib/python3.7/site-packages/airflow/example_dags/example_xcom.py
[2025-02-01T02:45:38.410+0000] {processor.py:743} INFO - Processing file /home/airflow/.local/lib/python3.7/site-packages/airflow/example_dags/example_xcom.py for tasks to queue
[2025-02-01T02:45:38.414+0000] {logging_mixin.py:137} INFO - [2025-02-01T02:45:38.414+0000] {dagbag.py:538} INFO - Filling up the DagBag from /home/airflow/.local/lib/python3.7/site-packages/airflow/example_dags/example_xcom.py
[2025-02-01T02:45:38.511+0000] {processor.py:753} INFO - DAG(s) dict_keys(['example_xcom']) retrieved from /home/airflow/.local/lib/python3.7/site-packages/airflow/example_dags/example_xcom.py
[2025-02-01T02:45:38.624+0000] {logging_mixin.py:137} INFO - [2025-02-01T02:45:38.623+0000] {dag.py:2690} INFO - Sync 1 DAGs
[2025-02-01T02:45:38.686+0000] {logging_mixin.py:137} INFO - [2025-02-01T02:45:38.686+0000] {dag.py:3441} INFO - Setting next_dagrun for example_xcom to 2021-01-01T00:00:00+00:00, run_after=2021-01-01T00:00:00+00:00
[2025-02-01T02:45:38.731+0000] {processor.py:175} INFO - Processing /home/airflow/.local/lib/python3.7/site-packages/airflow/example_dags/example_xcom.py took 0.337 seconds
[2025-02-01T02:46:09.650+0000] {processor.py:153} INFO - Started process (PID=702) to work on /home/airflow/.local/lib/python3.7/site-packages/airflow/example_dags/example_xcom.py
[2025-02-01T02:46:09.652+0000] {processor.py:743} INFO - Processing file /home/airflow/.local/lib/python3.7/site-packages/airflow/example_dags/example_xcom.py for tasks to queue
[2025-02-01T02:46:09.654+0000] {logging_mixin.py:137} INFO - [2025-02-01T02:46:09.653+0000] {dagbag.py:538} INFO - Filling up the DagBag from /home/airflow/.local/lib/python3.7/site-packages/airflow/example_dags/example_xcom.py
[2025-02-01T02:46:09.750+0000] {processor.py:753} INFO - DAG(s) dict_keys(['example_xcom']) retrieved from /home/airflow/.local/lib/python3.7/site-packages/airflow/example_dags/example_xcom.py
[2025-02-01T02:46:09.847+0000] {logging_mixin.py:137} INFO - [2025-02-01T02:46:09.847+0000] {dag.py:2690} INFO - Sync 1 DAGs
[2025-02-01T02:46:09.910+0000] {logging_mixin.py:137} INFO - [2025-02-01T02:46:09.909+0000] {dag.py:3441} INFO - Setting next_dagrun for example_xcom to 2021-01-01T00:00:00+00:00, run_after=2021-01-01T00:00:00+00:00
[2025-02-01T02:46:09.976+0000] {processor.py:175} INFO - Processing /home/airflow/.local/lib/python3.7/site-packages/airflow/example_dags/example_xcom.py took 0.344 seconds
[2025-02-01T02:46:41.171+0000] {processor.py:153} INFO - Started process (PID=759) to work on /home/airflow/.local/lib/python3.7/site-packages/airflow/example_dags/example_xcom.py
[2025-02-01T02:46:41.175+0000] {processor.py:743} INFO - Processing file /home/airflow/.local/lib/python3.7/site-packages/airflow/example_dags/example_xcom.py for tasks to queue
[2025-02-01T02:46:41.176+0000] {logging_mixin.py:137} INFO - [2025-02-01T02:46:41.176+0000] {dagbag.py:538} INFO - Filling up the DagBag from /home/airflow/.local/lib/python3.7/site-packages/airflow/example_dags/example_xcom.py
[2025-02-01T02:46:41.368+0000] {processor.py:753} INFO - DAG(s) dict_keys(['example_xcom']) retrieved from /home/airflow/.local/lib/python3.7/site-packages/airflow/example_dags/example_xcom.py
[2025-02-01T02:46:41.536+0000] {logging_mixin.py:137} INFO - [2025-02-01T02:46:41.535+0000] {dag.py:2690} INFO - Sync 1 DAGs
[2025-02-01T02:46:41.724+0000] {logging_mixin.py:137} INFO - [2025-02-01T02:46:41.724+0000] {dag.py:3441} INFO - Setting next_dagrun for example_xcom to 2021-01-01T00:00:00+00:00, run_after=2021-01-01T00:00:00+00:00
[2025-02-01T02:46:41.854+0000] {processor.py:175} INFO - Processing /home/airflow/.local/lib/python3.7/site-packages/airflow/example_dags/example_xcom.py took 0.705 seconds
[2025-02-01T02:47:12.632+0000] {processor.py:153} INFO - Started process (PID=811) to work on /home/airflow/.local/lib/python3.7/site-packages/airflow/example_dags/example_xcom.py
[2025-02-01T02:47:12.635+0000] {processor.py:743} INFO - Processing file /home/airflow/.local/lib/python3.7/site-packages/airflow/example_dags/example_xcom.py for tasks to queue
[2025-02-01T02:47:12.641+0000] {logging_mixin.py:137} INFO - [2025-02-01T02:47:12.637+0000] {dagbag.py:538} INFO - Filling up the DagBag from /home/airflow/.local/lib/python3.7/site-packages/airflow/example_dags/example_xcom.py
[2025-02-01T02:47:12.757+0000] {processor.py:753} INFO - DAG(s) dict_keys(['example_xcom']) retrieved from /home/airflow/.local/lib/python3.7/site-packages/airflow/example_dags/example_xcom.py
[2025-02-01T02:47:12.875+0000] {logging_mixin.py:137} INFO - [2025-02-01T02:47:12.874+0000] {dag.py:2690} INFO - Sync 1 DAGs
[2025-02-01T02:47:12.955+0000] {logging_mixin.py:137} INFO - [2025-02-01T02:47:12.955+0000] {dag.py:3441} INFO - Setting next_dagrun for example_xcom to 2021-01-01T00:00:00+00:00, run_after=2021-01-01T00:00:00+00:00
[2025-02-01T02:47:13.054+0000] {processor.py:175} INFO - Processing /home/airflow/.local/lib/python3.7/site-packages/airflow/example_dags/example_xcom.py took 0.444 seconds
[2025-02-01T02:47:43.737+0000] {processor.py:153} INFO - Started process (PID=870) to work on /home/airflow/.local/lib/python3.7/site-packages/airflow/example_dags/example_xcom.py
[2025-02-01T02:47:43.740+0000] {processor.py:743} INFO - Processing file /home/airflow/.local/lib/python3.7/site-packages/airflow/example_dags/example_xcom.py for tasks to queue
[2025-02-01T02:47:43.742+0000] {logging_mixin.py:137} INFO - [2025-02-01T02:47:43.741+0000] {dagbag.py:538} INFO - Filling up the DagBag from /home/airflow/.local/lib/python3.7/site-packages/airflow/example_dags/example_xcom.py
[2025-02-01T02:47:43.820+0000] {processor.py:753} INFO - DAG(s) dict_keys(['example_xcom']) retrieved from /home/airflow/.local/lib/python3.7/site-packages/airflow/example_dags/example_xcom.py
[2025-02-01T02:47:43.956+0000] {logging_mixin.py:137} INFO - [2025-02-01T02:47:43.956+0000] {dag.py:2690} INFO - Sync 1 DAGs
[2025-02-01T02:47:44.085+0000] {logging_mixin.py:137} INFO - [2025-02-01T02:47:44.085+0000] {dag.py:3441} INFO - Setting next_dagrun for example_xcom to 2021-01-01T00:00:00+00:00, run_after=2021-01-01T00:00:00+00:00
[2025-02-01T02:47:44.183+0000] {processor.py:175} INFO - Processing /home/airflow/.local/lib/python3.7/site-packages/airflow/example_dags/example_xcom.py took 0.470 seconds
[2025-02-01T02:48:14.769+0000] {processor.py:153} INFO - Started process (PID=929) to work on /home/airflow/.local/lib/python3.7/site-packages/airflow/example_dags/example_xcom.py
[2025-02-01T02:48:14.770+0000] {processor.py:743} INFO - Processing file /home/airflow/.local/lib/python3.7/site-packages/airflow/example_dags/example_xcom.py for tasks to queue
[2025-02-01T02:48:14.772+0000] {logging_mixin.py:137} INFO - [2025-02-01T02:48:14.771+0000] {dagbag.py:538} INFO - Filling up the DagBag from /home/airflow/.local/lib/python3.7/site-packages/airflow/example_dags/example_xcom.py
[2025-02-01T02:48:14.835+0000] {processor.py:753} INFO - DAG(s) dict_keys(['example_xcom']) retrieved from /home/airflow/.local/lib/python3.7/site-packages/airflow/example_dags/example_xcom.py
[2025-02-01T02:48:14.894+0000] {logging_mixin.py:137} INFO - [2025-02-01T02:48:14.894+0000] {dag.py:2690} INFO - Sync 1 DAGs
[2025-02-01T02:48:14.958+0000] {logging_mixin.py:137} INFO - [2025-02-01T02:48:14.957+0000] {dag.py:3441} INFO - Setting next_dagrun for example_xcom to 2021-01-01T00:00:00+00:00, run_after=2021-01-01T00:00:00+00:00
[2025-02-01T02:48:15.002+0000] {processor.py:175} INFO - Processing /home/airflow/.local/lib/python3.7/site-packages/airflow/example_dags/example_xcom.py took 0.241 seconds
[2025-02-01T02:48:45.284+0000] {processor.py:153} INFO - Started process (PID=989) to work on /home/airflow/.local/lib/python3.7/site-packages/airflow/example_dags/example_xcom.py
[2025-02-01T02:48:45.287+0000] {processor.py:743} INFO - Processing file /home/airflow/.local/lib/python3.7/site-packages/airflow/example_dags/example_xcom.py for tasks to queue
[2025-02-01T02:48:45.290+0000] {logging_mixin.py:137} INFO - [2025-02-01T02:48:45.288+0000] {dagbag.py:538} INFO - Filling up the DagBag from /home/airflow/.local/lib/python3.7/site-packages/airflow/example_dags/example_xcom.py
[2025-02-01T02:48:45.366+0000] {processor.py:753} INFO - DAG(s) dict_keys(['example_xcom']) retrieved from /home/airflow/.local/lib/python3.7/site-packages/airflow/example_dags/example_xcom.py
[2025-02-01T02:48:45.476+0000] {logging_mixin.py:137} INFO - [2025-02-01T02:48:45.475+0000] {dag.py:2690} INFO - Sync 1 DAGs
[2025-02-01T02:48:45.742+0000] {logging_mixin.py:137} INFO - [2025-02-01T02:48:45.742+0000] {dag.py:3441} INFO - Setting next_dagrun for example_xcom to 2021-01-01T00:00:00+00:00, run_after=2021-01-01T00:00:00+00:00
[2025-02-01T02:48:45.916+0000] {processor.py:175} INFO - Processing /home/airflow/.local/lib/python3.7/site-packages/airflow/example_dags/example_xcom.py took 0.644 seconds
[2025-02-01T02:49:16.521+0000] {processor.py:153} INFO - Started process (PID=1047) to work on /home/airflow/.local/lib/python3.7/site-packages/airflow/example_dags/example_xcom.py
[2025-02-01T02:49:16.522+0000] {processor.py:743} INFO - Processing file /home/airflow/.local/lib/python3.7/site-packages/airflow/example_dags/example_xcom.py for tasks to queue
[2025-02-01T02:49:16.534+0000] {logging_mixin.py:137} INFO - [2025-02-01T02:49:16.534+0000] {dagbag.py:538} INFO - Filling up the DagBag from /home/airflow/.local/lib/python3.7/site-packages/airflow/example_dags/example_xcom.py
[2025-02-01T02:49:16.740+0000] {processor.py:753} INFO - DAG(s) dict_keys(['example_xcom']) retrieved from /home/airflow/.local/lib/python3.7/site-packages/airflow/example_dags/example_xcom.py
[2025-02-01T02:49:16.879+0000] {logging_mixin.py:137} INFO - [2025-02-01T02:49:16.878+0000] {dag.py:2690} INFO - Sync 1 DAGs
[2025-02-01T02:49:17.033+0000] {logging_mixin.py:137} INFO - [2025-02-01T02:49:17.033+0000] {dag.py:3441} INFO - Setting next_dagrun for example_xcom to 2021-01-01T00:00:00+00:00, run_after=2021-01-01T00:00:00+00:00
[2025-02-01T02:49:17.198+0000] {processor.py:175} INFO - Processing /home/airflow/.local/lib/python3.7/site-packages/airflow/example_dags/example_xcom.py took 0.708 seconds
[2025-02-01T02:49:48.237+0000] {processor.py:153} INFO - Started process (PID=1096) to work on /home/airflow/.local/lib/python3.7/site-packages/airflow/example_dags/example_xcom.py
[2025-02-01T02:49:48.246+0000] {processor.py:743} INFO - Processing file /home/airflow/.local/lib/python3.7/site-packages/airflow/example_dags/example_xcom.py for tasks to queue
[2025-02-01T02:49:48.251+0000] {logging_mixin.py:137} INFO - [2025-02-01T02:49:48.249+0000] {dagbag.py:538} INFO - Filling up the DagBag from /home/airflow/.local/lib/python3.7/site-packages/airflow/example_dags/example_xcom.py
[2025-02-01T02:49:48.345+0000] {processor.py:753} INFO - DAG(s) dict_keys(['example_xcom']) retrieved from /home/airflow/.local/lib/python3.7/site-packages/airflow/example_dags/example_xcom.py
[2025-02-01T02:49:48.481+0000] {logging_mixin.py:137} INFO - [2025-02-01T02:49:48.480+0000] {dag.py:2690} INFO - Sync 1 DAGs
[2025-02-01T02:49:48.650+0000] {logging_mixin.py:137} INFO - [2025-02-01T02:49:48.650+0000] {dag.py:3441} INFO - Setting next_dagrun for example_xcom to 2021-01-01T00:00:00+00:00, run_after=2021-01-01T00:00:00+00:00
[2025-02-01T02:49:48.739+0000] {processor.py:175} INFO - Processing /home/airflow/.local/lib/python3.7/site-packages/airflow/example_dags/example_xcom.py took 0.516 seconds
[2025-02-01T02:50:19.575+0000] {processor.py:153} INFO - Started process (PID=1155) to work on /home/airflow/.local/lib/python3.7/site-packages/airflow/example_dags/example_xcom.py
[2025-02-01T02:50:19.576+0000] {processor.py:743} INFO - Processing file /home/airflow/.local/lib/python3.7/site-packages/airflow/example_dags/example_xcom.py for tasks to queue
[2025-02-01T02:50:19.583+0000] {logging_mixin.py:137} INFO - [2025-02-01T02:50:19.583+0000] {dagbag.py:538} INFO - Filling up the DagBag from /home/airflow/.local/lib/python3.7/site-packages/airflow/example_dags/example_xcom.py
[2025-02-01T02:50:19.713+0000] {processor.py:753} INFO - DAG(s) dict_keys(['example_xcom']) retrieved from /home/airflow/.local/lib/python3.7/site-packages/airflow/example_dags/example_xcom.py
[2025-02-01T02:50:19.853+0000] {logging_mixin.py:137} INFO - [2025-02-01T02:50:19.852+0000] {dag.py:2690} INFO - Sync 1 DAGs
[2025-02-01T02:50:20.014+0000] {logging_mixin.py:137} INFO - [2025-02-01T02:50:20.014+0000] {dag.py:3441} INFO - Setting next_dagrun for example_xcom to 2021-01-01T00:00:00+00:00, run_after=2021-01-01T00:00:00+00:00
[2025-02-01T02:50:20.129+0000] {processor.py:175} INFO - Processing /home/airflow/.local/lib/python3.7/site-packages/airflow/example_dags/example_xcom.py took 0.576 seconds
[2025-02-01T02:50:50.700+0000] {processor.py:153} INFO - Started process (PID=1214) to work on /home/airflow/.local/lib/python3.7/site-packages/airflow/example_dags/example_xcom.py
[2025-02-01T02:50:50.702+0000] {processor.py:743} INFO - Processing file /home/airflow/.local/lib/python3.7/site-packages/airflow/example_dags/example_xcom.py for tasks to queue
[2025-02-01T02:50:50.704+0000] {logging_mixin.py:137} INFO - [2025-02-01T02:50:50.703+0000] {dagbag.py:538} INFO - Filling up the DagBag from /home/airflow/.local/lib/python3.7/site-packages/airflow/example_dags/example_xcom.py
[2025-02-01T02:50:50.898+0000] {processor.py:753} INFO - DAG(s) dict_keys(['example_xcom']) retrieved from /home/airflow/.local/lib/python3.7/site-packages/airflow/example_dags/example_xcom.py
[2025-02-01T02:50:51.028+0000] {logging_mixin.py:137} INFO - [2025-02-01T02:50:51.028+0000] {dag.py:2690} INFO - Sync 1 DAGs
[2025-02-01T02:50:51.163+0000] {logging_mixin.py:137} INFO - [2025-02-01T02:50:51.163+0000] {dag.py:3441} INFO - Setting next_dagrun for example_xcom to 2021-01-01T00:00:00+00:00, run_after=2021-01-01T00:00:00+00:00
[2025-02-01T02:50:51.281+0000] {processor.py:175} INFO - Processing /home/airflow/.local/lib/python3.7/site-packages/airflow/example_dags/example_xcom.py took 0.600 seconds
[2025-02-01T02:51:21.523+0000] {processor.py:153} INFO - Started process (PID=1262) to work on /home/airflow/.local/lib/python3.7/site-packages/airflow/example_dags/example_xcom.py
[2025-02-01T02:51:21.525+0000] {processor.py:743} INFO - Processing file /home/airflow/.local/lib/python3.7/site-packages/airflow/example_dags/example_xcom.py for tasks to queue
[2025-02-01T02:51:21.533+0000] {logging_mixin.py:137} INFO - [2025-02-01T02:51:21.533+0000] {dagbag.py:538} INFO - Filling up the DagBag from /home/airflow/.local/lib/python3.7/site-packages/airflow/example_dags/example_xcom.py
[2025-02-01T02:51:21.746+0000] {processor.py:753} INFO - DAG(s) dict_keys(['example_xcom']) retrieved from /home/airflow/.local/lib/python3.7/site-packages/airflow/example_dags/example_xcom.py
[2025-02-01T02:51:21.961+0000] {logging_mixin.py:137} INFO - [2025-02-01T02:51:21.961+0000] {dag.py:2690} INFO - Sync 1 DAGs
[2025-02-01T02:51:22.230+0000] {logging_mixin.py:137} INFO - [2025-02-01T02:51:22.230+0000] {dag.py:3441} INFO - Setting next_dagrun for example_xcom to 2021-01-01T00:00:00+00:00, run_after=2021-01-01T00:00:00+00:00
[2025-02-01T02:51:22.356+0000] {processor.py:175} INFO - Processing /home/airflow/.local/lib/python3.7/site-packages/airflow/example_dags/example_xcom.py took 0.854 seconds
[2025-02-01T02:51:53.339+0000] {processor.py:153} INFO - Started process (PID=1321) to work on /home/airflow/.local/lib/python3.7/site-packages/airflow/example_dags/example_xcom.py
[2025-02-01T02:51:53.347+0000] {processor.py:743} INFO - Processing file /home/airflow/.local/lib/python3.7/site-packages/airflow/example_dags/example_xcom.py for tasks to queue
[2025-02-01T02:51:53.352+0000] {logging_mixin.py:137} INFO - [2025-02-01T02:51:53.352+0000] {dagbag.py:538} INFO - Filling up the DagBag from /home/airflow/.local/lib/python3.7/site-packages/airflow/example_dags/example_xcom.py
[2025-02-01T02:51:53.611+0000] {processor.py:753} INFO - DAG(s) dict_keys(['example_xcom']) retrieved from /home/airflow/.local/lib/python3.7/site-packages/airflow/example_dags/example_xcom.py
[2025-02-01T02:51:53.836+0000] {logging_mixin.py:137} INFO - [2025-02-01T02:51:53.835+0000] {dag.py:2690} INFO - Sync 1 DAGs
[2025-02-01T02:51:54.030+0000] {logging_mixin.py:137} INFO - [2025-02-01T02:51:54.030+0000] {dag.py:3441} INFO - Setting next_dagrun for example_xcom to 2021-01-01T00:00:00+00:00, run_after=2021-01-01T00:00:00+00:00
[2025-02-01T02:51:54.153+0000] {processor.py:175} INFO - Processing /home/airflow/.local/lib/python3.7/site-packages/airflow/example_dags/example_xcom.py took 0.837 seconds
[2025-02-01T02:52:24.405+0000] {processor.py:153} INFO - Started process (PID=1379) to work on /home/airflow/.local/lib/python3.7/site-packages/airflow/example_dags/example_xcom.py
[2025-02-01T02:52:24.407+0000] {processor.py:743} INFO - Processing file /home/airflow/.local/lib/python3.7/site-packages/airflow/example_dags/example_xcom.py for tasks to queue
[2025-02-01T02:52:24.412+0000] {logging_mixin.py:137} INFO - [2025-02-01T02:52:24.412+0000] {dagbag.py:538} INFO - Filling up the DagBag from /home/airflow/.local/lib/python3.7/site-packages/airflow/example_dags/example_xcom.py
[2025-02-01T02:52:24.569+0000] {processor.py:753} INFO - DAG(s) dict_keys(['example_xcom']) retrieved from /home/airflow/.local/lib/python3.7/site-packages/airflow/example_dags/example_xcom.py
[2025-02-01T02:52:24.758+0000] {logging_mixin.py:137} INFO - [2025-02-01T02:52:24.757+0000] {dag.py:2690} INFO - Sync 1 DAGs
[2025-02-01T02:52:24.904+0000] {logging_mixin.py:137} INFO - [2025-02-01T02:52:24.904+0000] {dag.py:3441} INFO - Setting next_dagrun for example_xcom to 2021-01-01T00:00:00+00:00, run_after=2021-01-01T00:00:00+00:00
[2025-02-01T02:52:24.979+0000] {processor.py:175} INFO - Processing /home/airflow/.local/lib/python3.7/site-packages/airflow/example_dags/example_xcom.py took 0.590 seconds
[2025-02-01T02:52:55.252+0000] {processor.py:153} INFO - Started process (PID=1438) to work on /home/airflow/.local/lib/python3.7/site-packages/airflow/example_dags/example_xcom.py
[2025-02-01T02:52:55.255+0000] {processor.py:743} INFO - Processing file /home/airflow/.local/lib/python3.7/site-packages/airflow/example_dags/example_xcom.py for tasks to queue
[2025-02-01T02:52:55.258+0000] {logging_mixin.py:137} INFO - [2025-02-01T02:52:55.256+0000] {dagbag.py:538} INFO - Filling up the DagBag from /home/airflow/.local/lib/python3.7/site-packages/airflow/example_dags/example_xcom.py
[2025-02-01T02:52:55.344+0000] {processor.py:753} INFO - DAG(s) dict_keys(['example_xcom']) retrieved from /home/airflow/.local/lib/python3.7/site-packages/airflow/example_dags/example_xcom.py
[2025-02-01T02:52:55.403+0000] {logging_mixin.py:137} INFO - [2025-02-01T02:52:55.403+0000] {dag.py:2690} INFO - Sync 1 DAGs
[2025-02-01T02:52:55.465+0000] {logging_mixin.py:137} INFO - [2025-02-01T02:52:55.465+0000] {dag.py:3441} INFO - Setting next_dagrun for example_xcom to 2021-01-01T00:00:00+00:00, run_after=2021-01-01T00:00:00+00:00
[2025-02-01T02:52:55.509+0000] {processor.py:175} INFO - Processing /home/airflow/.local/lib/python3.7/site-packages/airflow/example_dags/example_xcom.py took 0.266 seconds
[2025-02-01T02:53:25.919+0000] {processor.py:153} INFO - Started process (PID=1497) to work on /home/airflow/.local/lib/python3.7/site-packages/airflow/example_dags/example_xcom.py
[2025-02-01T02:53:25.920+0000] {processor.py:743} INFO - Processing file /home/airflow/.local/lib/python3.7/site-packages/airflow/example_dags/example_xcom.py for tasks to queue
[2025-02-01T02:53:25.928+0000] {logging_mixin.py:137} INFO - [2025-02-01T02:53:25.928+0000] {dagbag.py:538} INFO - Filling up the DagBag from /home/airflow/.local/lib/python3.7/site-packages/airflow/example_dags/example_xcom.py
[2025-02-01T02:53:26.094+0000] {processor.py:753} INFO - DAG(s) dict_keys(['example_xcom']) retrieved from /home/airflow/.local/lib/python3.7/site-packages/airflow/example_dags/example_xcom.py
[2025-02-01T02:53:26.202+0000] {logging_mixin.py:137} INFO - [2025-02-01T02:53:26.202+0000] {dag.py:2690} INFO - Sync 1 DAGs
[2025-02-01T02:53:26.284+0000] {logging_mixin.py:137} INFO - [2025-02-01T02:53:26.284+0000] {dag.py:3441} INFO - Setting next_dagrun for example_xcom to 2021-01-01T00:00:00+00:00, run_after=2021-01-01T00:00:00+00:00
[2025-02-01T02:53:26.345+0000] {processor.py:175} INFO - Processing /home/airflow/.local/lib/python3.7/site-packages/airflow/example_dags/example_xcom.py took 0.447 seconds
[2025-02-01T02:53:57.281+0000] {processor.py:153} INFO - Started process (PID=1555) to work on /home/airflow/.local/lib/python3.7/site-packages/airflow/example_dags/example_xcom.py
[2025-02-01T02:53:57.287+0000] {processor.py:743} INFO - Processing file /home/airflow/.local/lib/python3.7/site-packages/airflow/example_dags/example_xcom.py for tasks to queue
[2025-02-01T02:53:57.294+0000] {logging_mixin.py:137} INFO - [2025-02-01T02:53:57.293+0000] {dagbag.py:538} INFO - Filling up the DagBag from /home/airflow/.local/lib/python3.7/site-packages/airflow/example_dags/example_xcom.py
[2025-02-01T02:53:57.362+0000] {processor.py:753} INFO - DAG(s) dict_keys(['example_xcom']) retrieved from /home/airflow/.local/lib/python3.7/site-packages/airflow/example_dags/example_xcom.py
[2025-02-01T02:53:57.460+0000] {logging_mixin.py:137} INFO - [2025-02-01T02:53:57.459+0000] {dag.py:2690} INFO - Sync 1 DAGs
[2025-02-01T02:53:57.588+0000] {logging_mixin.py:137} INFO - [2025-02-01T02:53:57.588+0000] {dag.py:3441} INFO - Setting next_dagrun for example_xcom to 2021-01-01T00:00:00+00:00, run_after=2021-01-01T00:00:00+00:00
[2025-02-01T02:53:57.675+0000] {processor.py:175} INFO - Processing /home/airflow/.local/lib/python3.7/site-packages/airflow/example_dags/example_xcom.py took 0.412 seconds
[2025-02-01T02:54:28.591+0000] {processor.py:153} INFO - Started process (PID=1604) to work on /home/airflow/.local/lib/python3.7/site-packages/airflow/example_dags/example_xcom.py
[2025-02-01T02:54:28.593+0000] {processor.py:743} INFO - Processing file /home/airflow/.local/lib/python3.7/site-packages/airflow/example_dags/example_xcom.py for tasks to queue
[2025-02-01T02:54:28.601+0000] {logging_mixin.py:137} INFO - [2025-02-01T02:54:28.601+0000] {dagbag.py:538} INFO - Filling up the DagBag from /home/airflow/.local/lib/python3.7/site-packages/airflow/example_dags/example_xcom.py
[2025-02-01T02:54:28.806+0000] {processor.py:753} INFO - DAG(s) dict_keys(['example_xcom']) retrieved from /home/airflow/.local/lib/python3.7/site-packages/airflow/example_dags/example_xcom.py
[2025-02-01T02:54:29.090+0000] {logging_mixin.py:137} INFO - [2025-02-01T02:54:29.086+0000] {dag.py:2690} INFO - Sync 1 DAGs
[2025-02-01T02:54:29.324+0000] {logging_mixin.py:137} INFO - [2025-02-01T02:54:29.324+0000] {dag.py:3441} INFO - Setting next_dagrun for example_xcom to 2021-01-01T00:00:00+00:00, run_after=2021-01-01T00:00:00+00:00
[2025-02-01T02:54:29.511+0000] {processor.py:175} INFO - Processing /home/airflow/.local/lib/python3.7/site-packages/airflow/example_dags/example_xcom.py took 0.942 seconds
[2025-02-01T02:55:00.508+0000] {processor.py:153} INFO - Started process (PID=1664) to work on /home/airflow/.local/lib/python3.7/site-packages/airflow/example_dags/example_xcom.py
[2025-02-01T02:55:00.593+0000] {processor.py:743} INFO - Processing file /home/airflow/.local/lib/python3.7/site-packages/airflow/example_dags/example_xcom.py for tasks to queue
[2025-02-01T02:55:00.595+0000] {logging_mixin.py:137} INFO - [2025-02-01T02:55:00.594+0000] {dagbag.py:538} INFO - Filling up the DagBag from /home/airflow/.local/lib/python3.7/site-packages/airflow/example_dags/example_xcom.py
[2025-02-01T02:55:00.774+0000] {processor.py:753} INFO - DAG(s) dict_keys(['example_xcom']) retrieved from /home/airflow/.local/lib/python3.7/site-packages/airflow/example_dags/example_xcom.py
[2025-02-01T02:55:00.937+0000] {logging_mixin.py:137} INFO - [2025-02-01T02:55:00.937+0000] {dag.py:2690} INFO - Sync 1 DAGs
[2025-02-01T02:55:01.131+0000] {logging_mixin.py:137} INFO - [2025-02-01T02:55:01.131+0000] {dag.py:3441} INFO - Setting next_dagrun for example_xcom to 2021-01-01T00:00:00+00:00, run_after=2021-01-01T00:00:00+00:00
[2025-02-01T02:55:01.280+0000] {processor.py:175} INFO - Processing /home/airflow/.local/lib/python3.7/site-packages/airflow/example_dags/example_xcom.py took 0.793 seconds
[2025-02-01T02:55:32.290+0000] {processor.py:153} INFO - Started process (PID=1723) to work on /home/airflow/.local/lib/python3.7/site-packages/airflow/example_dags/example_xcom.py
[2025-02-01T02:55:32.291+0000] {processor.py:743} INFO - Processing file /home/airflow/.local/lib/python3.7/site-packages/airflow/example_dags/example_xcom.py for tasks to queue
[2025-02-01T02:55:32.293+0000] {logging_mixin.py:137} INFO - [2025-02-01T02:55:32.293+0000] {dagbag.py:538} INFO - Filling up the DagBag from /home/airflow/.local/lib/python3.7/site-packages/airflow/example_dags/example_xcom.py
[2025-02-01T02:55:32.352+0000] {processor.py:753} INFO - DAG(s) dict_keys(['example_xcom']) retrieved from /home/airflow/.local/lib/python3.7/site-packages/airflow/example_dags/example_xcom.py
[2025-02-01T02:55:32.416+0000] {logging_mixin.py:137} INFO - [2025-02-01T02:55:32.416+0000] {dag.py:2690} INFO - Sync 1 DAGs
[2025-02-01T02:55:32.490+0000] {logging_mixin.py:137} INFO - [2025-02-01T02:55:32.490+0000] {dag.py:3441} INFO - Setting next_dagrun for example_xcom to 2021-01-01T00:00:00+00:00, run_after=2021-01-01T00:00:00+00:00
[2025-02-01T02:55:32.576+0000] {processor.py:175} INFO - Processing /home/airflow/.local/lib/python3.7/site-packages/airflow/example_dags/example_xcom.py took 0.294 seconds
[2025-02-01T02:56:02.724+0000] {processor.py:153} INFO - Started process (PID=1782) to work on /home/airflow/.local/lib/python3.7/site-packages/airflow/example_dags/example_xcom.py
[2025-02-01T02:56:02.727+0000] {processor.py:743} INFO - Processing file /home/airflow/.local/lib/python3.7/site-packages/airflow/example_dags/example_xcom.py for tasks to queue
[2025-02-01T02:56:02.731+0000] {logging_mixin.py:137} INFO - [2025-02-01T02:56:02.730+0000] {dagbag.py:538} INFO - Filling up the DagBag from /home/airflow/.local/lib/python3.7/site-packages/airflow/example_dags/example_xcom.py
[2025-02-01T02:56:02.786+0000] {processor.py:753} INFO - DAG(s) dict_keys(['example_xcom']) retrieved from /home/airflow/.local/lib/python3.7/site-packages/airflow/example_dags/example_xcom.py
[2025-02-01T02:56:02.849+0000] {logging_mixin.py:137} INFO - [2025-02-01T02:56:02.848+0000] {dag.py:2690} INFO - Sync 1 DAGs
[2025-02-01T02:56:02.916+0000] {logging_mixin.py:137} INFO - [2025-02-01T02:56:02.916+0000] {dag.py:3441} INFO - Setting next_dagrun for example_xcom to 2021-01-01T00:00:00+00:00, run_after=2021-01-01T00:00:00+00:00
[2025-02-01T02:56:02.962+0000] {processor.py:175} INFO - Processing /home/airflow/.local/lib/python3.7/site-packages/airflow/example_dags/example_xcom.py took 0.249 seconds
[2025-02-01T02:56:33.044+0000] {processor.py:153} INFO - Started process (PID=1841) to work on /home/airflow/.local/lib/python3.7/site-packages/airflow/example_dags/example_xcom.py
[2025-02-01T02:56:33.048+0000] {processor.py:743} INFO - Processing file /home/airflow/.local/lib/python3.7/site-packages/airflow/example_dags/example_xcom.py for tasks to queue
[2025-02-01T02:56:33.050+0000] {logging_mixin.py:137} INFO - [2025-02-01T02:56:33.049+0000] {dagbag.py:538} INFO - Filling up the DagBag from /home/airflow/.local/lib/python3.7/site-packages/airflow/example_dags/example_xcom.py
[2025-02-01T02:56:33.183+0000] {processor.py:753} INFO - DAG(s) dict_keys(['example_xcom']) retrieved from /home/airflow/.local/lib/python3.7/site-packages/airflow/example_dags/example_xcom.py
[2025-02-01T02:56:33.322+0000] {logging_mixin.py:137} INFO - [2025-02-01T02:56:33.322+0000] {dag.py:2690} INFO - Sync 1 DAGs
[2025-02-01T02:56:33.479+0000] {logging_mixin.py:137} INFO - [2025-02-01T02:56:33.479+0000] {dag.py:3441} INFO - Setting next_dagrun for example_xcom to 2021-01-01T00:00:00+00:00, run_after=2021-01-01T00:00:00+00:00
[2025-02-01T02:56:33.572+0000] {processor.py:175} INFO - Processing /home/airflow/.local/lib/python3.7/site-packages/airflow/example_dags/example_xcom.py took 0.544 seconds
[2025-02-01T02:57:03.877+0000] {processor.py:153} INFO - Started process (PID=1890) to work on /home/airflow/.local/lib/python3.7/site-packages/airflow/example_dags/example_xcom.py
[2025-02-01T02:57:03.879+0000] {processor.py:743} INFO - Processing file /home/airflow/.local/lib/python3.7/site-packages/airflow/example_dags/example_xcom.py for tasks to queue
[2025-02-01T02:57:03.880+0000] {logging_mixin.py:137} INFO - [2025-02-01T02:57:03.880+0000] {dagbag.py:538} INFO - Filling up the DagBag from /home/airflow/.local/lib/python3.7/site-packages/airflow/example_dags/example_xcom.py
[2025-02-01T02:57:03.939+0000] {processor.py:753} INFO - DAG(s) dict_keys(['example_xcom']) retrieved from /home/airflow/.local/lib/python3.7/site-packages/airflow/example_dags/example_xcom.py
[2025-02-01T02:57:04.025+0000] {logging_mixin.py:137} INFO - [2025-02-01T02:57:04.023+0000] {dag.py:2690} INFO - Sync 1 DAGs
[2025-02-01T02:57:04.138+0000] {logging_mixin.py:137} INFO - [2025-02-01T02:57:04.138+0000] {dag.py:3441} INFO - Setting next_dagrun for example_xcom to 2021-01-01T00:00:00+00:00, run_after=2021-01-01T00:00:00+00:00
[2025-02-01T02:57:04.209+0000] {processor.py:175} INFO - Processing /home/airflow/.local/lib/python3.7/site-packages/airflow/example_dags/example_xcom.py took 0.340 seconds
[2025-02-01T02:57:34.763+0000] {processor.py:153} INFO - Started process (PID=1949) to work on /home/airflow/.local/lib/python3.7/site-packages/airflow/example_dags/example_xcom.py
[2025-02-01T02:57:34.764+0000] {processor.py:743} INFO - Processing file /home/airflow/.local/lib/python3.7/site-packages/airflow/example_dags/example_xcom.py for tasks to queue
[2025-02-01T02:57:34.766+0000] {logging_mixin.py:137} INFO - [2025-02-01T02:57:34.765+0000] {dagbag.py:538} INFO - Filling up the DagBag from /home/airflow/.local/lib/python3.7/site-packages/airflow/example_dags/example_xcom.py
[2025-02-01T02:57:34.822+0000] {processor.py:753} INFO - DAG(s) dict_keys(['example_xcom']) retrieved from /home/airflow/.local/lib/python3.7/site-packages/airflow/example_dags/example_xcom.py
[2025-02-01T02:57:34.881+0000] {logging_mixin.py:137} INFO - [2025-02-01T02:57:34.881+0000] {dag.py:2690} INFO - Sync 1 DAGs
[2025-02-01T02:57:34.943+0000] {logging_mixin.py:137} INFO - [2025-02-01T02:57:34.943+0000] {dag.py:3441} INFO - Setting next_dagrun for example_xcom to 2021-01-01T00:00:00+00:00, run_after=2021-01-01T00:00:00+00:00
[2025-02-01T02:57:34.990+0000] {processor.py:175} INFO - Processing /home/airflow/.local/lib/python3.7/site-packages/airflow/example_dags/example_xcom.py took 0.236 seconds
[2025-02-01T02:58:05.158+0000] {processor.py:153} INFO - Started process (PID=2007) to work on /home/airflow/.local/lib/python3.7/site-packages/airflow/example_dags/example_xcom.py
[2025-02-01T02:58:05.163+0000] {processor.py:743} INFO - Processing file /home/airflow/.local/lib/python3.7/site-packages/airflow/example_dags/example_xcom.py for tasks to queue
[2025-02-01T02:58:05.174+0000] {logging_mixin.py:137} INFO - [2025-02-01T02:58:05.173+0000] {dagbag.py:538} INFO - Filling up the DagBag from /home/airflow/.local/lib/python3.7/site-packages/airflow/example_dags/example_xcom.py
[2025-02-01T02:58:05.483+0000] {processor.py:753} INFO - DAG(s) dict_keys(['example_xcom']) retrieved from /home/airflow/.local/lib/python3.7/site-packages/airflow/example_dags/example_xcom.py
[2025-02-01T02:58:05.872+0000] {logging_mixin.py:137} INFO - [2025-02-01T02:58:05.871+0000] {dag.py:2690} INFO - Sync 1 DAGs
[2025-02-01T02:58:06.154+0000] {logging_mixin.py:137} INFO - [2025-02-01T02:58:06.154+0000] {dag.py:3441} INFO - Setting next_dagrun for example_xcom to 2021-01-01T00:00:00+00:00, run_after=2021-01-01T00:00:00+00:00
[2025-02-01T02:58:06.368+0000] {processor.py:175} INFO - Processing /home/airflow/.local/lib/python3.7/site-packages/airflow/example_dags/example_xcom.py took 1.243 seconds
[2025-02-01T02:58:36.578+0000] {processor.py:153} INFO - Started process (PID=2057) to work on /home/airflow/.local/lib/python3.7/site-packages/airflow/example_dags/example_xcom.py
[2025-02-01T02:58:36.581+0000] {processor.py:743} INFO - Processing file /home/airflow/.local/lib/python3.7/site-packages/airflow/example_dags/example_xcom.py for tasks to queue
[2025-02-01T02:58:36.587+0000] {logging_mixin.py:137} INFO - [2025-02-01T02:58:36.583+0000] {dagbag.py:538} INFO - Filling up the DagBag from /home/airflow/.local/lib/python3.7/site-packages/airflow/example_dags/example_xcom.py
[2025-02-01T02:58:36.656+0000] {processor.py:753} INFO - DAG(s) dict_keys(['example_xcom']) retrieved from /home/airflow/.local/lib/python3.7/site-packages/airflow/example_dags/example_xcom.py
[2025-02-01T02:58:36.783+0000] {logging_mixin.py:137} INFO - [2025-02-01T02:58:36.782+0000] {dag.py:2690} INFO - Sync 1 DAGs
[2025-02-01T02:58:36.910+0000] {logging_mixin.py:137} INFO - [2025-02-01T02:58:36.907+0000] {dag.py:3441} INFO - Setting next_dagrun for example_xcom to 2021-01-01T00:00:00+00:00, run_after=2021-01-01T00:00:00+00:00
[2025-02-01T02:58:36.987+0000] {processor.py:175} INFO - Processing /home/airflow/.local/lib/python3.7/site-packages/airflow/example_dags/example_xcom.py took 0.430 seconds
[2025-02-01T02:59:07.509+0000] {processor.py:153} INFO - Started process (PID=2116) to work on /home/airflow/.local/lib/python3.7/site-packages/airflow/example_dags/example_xcom.py
[2025-02-01T02:59:07.513+0000] {processor.py:743} INFO - Processing file /home/airflow/.local/lib/python3.7/site-packages/airflow/example_dags/example_xcom.py for tasks to queue
[2025-02-01T02:59:07.516+0000] {logging_mixin.py:137} INFO - [2025-02-01T02:59:07.516+0000] {dagbag.py:538} INFO - Filling up the DagBag from /home/airflow/.local/lib/python3.7/site-packages/airflow/example_dags/example_xcom.py
[2025-02-01T02:59:07.640+0000] {processor.py:753} INFO - DAG(s) dict_keys(['example_xcom']) retrieved from /home/airflow/.local/lib/python3.7/site-packages/airflow/example_dags/example_xcom.py
[2025-02-01T02:59:07.766+0000] {logging_mixin.py:137} INFO - [2025-02-01T02:59:07.765+0000] {dag.py:2690} INFO - Sync 1 DAGs
[2025-02-01T02:59:07.827+0000] {logging_mixin.py:137} INFO - [2025-02-01T02:59:07.827+0000] {dag.py:3441} INFO - Setting next_dagrun for example_xcom to 2021-01-01T00:00:00+00:00, run_after=2021-01-01T00:00:00+00:00
[2025-02-01T02:59:07.881+0000] {processor.py:175} INFO - Processing /home/airflow/.local/lib/python3.7/site-packages/airflow/example_dags/example_xcom.py took 0.391 seconds
[2025-02-01T02:59:38.686+0000] {processor.py:153} INFO - Started process (PID=2173) to work on /home/airflow/.local/lib/python3.7/site-packages/airflow/example_dags/example_xcom.py
[2025-02-01T02:59:38.689+0000] {processor.py:743} INFO - Processing file /home/airflow/.local/lib/python3.7/site-packages/airflow/example_dags/example_xcom.py for tasks to queue
[2025-02-01T02:59:38.695+0000] {logging_mixin.py:137} INFO - [2025-02-01T02:59:38.694+0000] {dagbag.py:538} INFO - Filling up the DagBag from /home/airflow/.local/lib/python3.7/site-packages/airflow/example_dags/example_xcom.py
[2025-02-01T02:59:38.837+0000] {processor.py:753} INFO - DAG(s) dict_keys(['example_xcom']) retrieved from /home/airflow/.local/lib/python3.7/site-packages/airflow/example_dags/example_xcom.py
[2025-02-01T02:59:38.912+0000] {logging_mixin.py:137} INFO - [2025-02-01T02:59:38.911+0000] {dag.py:2690} INFO - Sync 1 DAGs
[2025-02-01T02:59:39.035+0000] {logging_mixin.py:137} INFO - [2025-02-01T02:59:39.035+0000] {dag.py:3441} INFO - Setting next_dagrun for example_xcom to 2021-01-01T00:00:00+00:00, run_after=2021-01-01T00:00:00+00:00
[2025-02-01T02:59:39.128+0000] {processor.py:175} INFO - Processing /home/airflow/.local/lib/python3.7/site-packages/airflow/example_dags/example_xcom.py took 0.464 seconds
[2025-02-01T03:00:09.402+0000] {processor.py:153} INFO - Started process (PID=2223) to work on /home/airflow/.local/lib/python3.7/site-packages/airflow/example_dags/example_xcom.py
[2025-02-01T03:00:09.407+0000] {processor.py:743} INFO - Processing file /home/airflow/.local/lib/python3.7/site-packages/airflow/example_dags/example_xcom.py for tasks to queue
[2025-02-01T03:00:09.411+0000] {logging_mixin.py:137} INFO - [2025-02-01T03:00:09.411+0000] {dagbag.py:538} INFO - Filling up the DagBag from /home/airflow/.local/lib/python3.7/site-packages/airflow/example_dags/example_xcom.py
[2025-02-01T03:00:09.484+0000] {processor.py:753} INFO - DAG(s) dict_keys(['example_xcom']) retrieved from /home/airflow/.local/lib/python3.7/site-packages/airflow/example_dags/example_xcom.py
[2025-02-01T03:00:09.559+0000] {logging_mixin.py:137} INFO - [2025-02-01T03:00:09.556+0000] {dag.py:2690} INFO - Sync 1 DAGs
[2025-02-01T03:00:09.747+0000] {logging_mixin.py:137} INFO - [2025-02-01T03:00:09.747+0000] {dag.py:3441} INFO - Setting next_dagrun for example_xcom to 2021-01-01T00:00:00+00:00, run_after=2021-01-01T00:00:00+00:00
[2025-02-01T03:00:09.861+0000] {processor.py:175} INFO - Processing /home/airflow/.local/lib/python3.7/site-packages/airflow/example_dags/example_xcom.py took 0.488 seconds
[2025-02-01T03:00:40.013+0000] {processor.py:153} INFO - Started process (PID=2282) to work on /home/airflow/.local/lib/python3.7/site-packages/airflow/example_dags/example_xcom.py
[2025-02-01T03:00:40.016+0000] {processor.py:743} INFO - Processing file /home/airflow/.local/lib/python3.7/site-packages/airflow/example_dags/example_xcom.py for tasks to queue
[2025-02-01T03:00:40.021+0000] {logging_mixin.py:137} INFO - [2025-02-01T03:00:40.021+0000] {dagbag.py:538} INFO - Filling up the DagBag from /home/airflow/.local/lib/python3.7/site-packages/airflow/example_dags/example_xcom.py
[2025-02-01T03:00:40.135+0000] {processor.py:753} INFO - DAG(s) dict_keys(['example_xcom']) retrieved from /home/airflow/.local/lib/python3.7/site-packages/airflow/example_dags/example_xcom.py
[2025-02-01T03:00:40.217+0000] {logging_mixin.py:137} INFO - [2025-02-01T03:00:40.216+0000] {dag.py:2690} INFO - Sync 1 DAGs
[2025-02-01T03:00:40.285+0000] {logging_mixin.py:137} INFO - [2025-02-01T03:00:40.285+0000] {dag.py:3441} INFO - Setting next_dagrun for example_xcom to 2021-01-01T00:00:00+00:00, run_after=2021-01-01T00:00:00+00:00
[2025-02-01T03:00:40.331+0000] {processor.py:175} INFO - Processing /home/airflow/.local/lib/python3.7/site-packages/airflow/example_dags/example_xcom.py took 0.331 seconds
[2025-02-01T03:01:10.689+0000] {processor.py:153} INFO - Started process (PID=2341) to work on /home/airflow/.local/lib/python3.7/site-packages/airflow/example_dags/example_xcom.py
[2025-02-01T03:01:10.697+0000] {processor.py:743} INFO - Processing file /home/airflow/.local/lib/python3.7/site-packages/airflow/example_dags/example_xcom.py for tasks to queue
[2025-02-01T03:01:10.705+0000] {logging_mixin.py:137} INFO - [2025-02-01T03:01:10.705+0000] {dagbag.py:538} INFO - Filling up the DagBag from /home/airflow/.local/lib/python3.7/site-packages/airflow/example_dags/example_xcom.py
[2025-02-01T03:01:10.998+0000] {processor.py:753} INFO - DAG(s) dict_keys(['example_xcom']) retrieved from /home/airflow/.local/lib/python3.7/site-packages/airflow/example_dags/example_xcom.py
[2025-02-01T03:01:11.180+0000] {logging_mixin.py:137} INFO - [2025-02-01T03:01:11.179+0000] {dag.py:2690} INFO - Sync 1 DAGs
[2025-02-01T03:01:11.415+0000] {logging_mixin.py:137} INFO - [2025-02-01T03:01:11.414+0000] {dag.py:3441} INFO - Setting next_dagrun for example_xcom to 2021-01-01T00:00:00+00:00, run_after=2021-01-01T00:00:00+00:00
[2025-02-01T03:01:11.581+0000] {processor.py:175} INFO - Processing /home/airflow/.local/lib/python3.7/site-packages/airflow/example_dags/example_xcom.py took 0.933 seconds
[2025-02-01T03:01:42.406+0000] {processor.py:153} INFO - Started process (PID=2399) to work on /home/airflow/.local/lib/python3.7/site-packages/airflow/example_dags/example_xcom.py
[2025-02-01T03:01:42.408+0000] {processor.py:743} INFO - Processing file /home/airflow/.local/lib/python3.7/site-packages/airflow/example_dags/example_xcom.py for tasks to queue
[2025-02-01T03:01:42.421+0000] {logging_mixin.py:137} INFO - [2025-02-01T03:01:42.421+0000] {dagbag.py:538} INFO - Filling up the DagBag from /home/airflow/.local/lib/python3.7/site-packages/airflow/example_dags/example_xcom.py
[2025-02-01T03:01:42.646+0000] {processor.py:753} INFO - DAG(s) dict_keys(['example_xcom']) retrieved from /home/airflow/.local/lib/python3.7/site-packages/airflow/example_dags/example_xcom.py
[2025-02-01T03:01:42.824+0000] {logging_mixin.py:137} INFO - [2025-02-01T03:01:42.822+0000] {dag.py:2690} INFO - Sync 1 DAGs
[2025-02-01T03:01:43.018+0000] {logging_mixin.py:137} INFO - [2025-02-01T03:01:43.018+0000] {dag.py:3441} INFO - Setting next_dagrun for example_xcom to 2021-01-01T00:00:00+00:00, run_after=2021-01-01T00:00:00+00:00
[2025-02-01T03:01:43.182+0000] {processor.py:175} INFO - Processing /home/airflow/.local/lib/python3.7/site-packages/airflow/example_dags/example_xcom.py took 0.833 seconds
[2025-02-01T03:02:13.754+0000] {processor.py:153} INFO - Started process (PID=2448) to work on /home/airflow/.local/lib/python3.7/site-packages/airflow/example_dags/example_xcom.py
[2025-02-01T03:02:13.758+0000] {processor.py:743} INFO - Processing file /home/airflow/.local/lib/python3.7/site-packages/airflow/example_dags/example_xcom.py for tasks to queue
[2025-02-01T03:02:13.763+0000] {logging_mixin.py:137} INFO - [2025-02-01T03:02:13.763+0000] {dagbag.py:538} INFO - Filling up the DagBag from /home/airflow/.local/lib/python3.7/site-packages/airflow/example_dags/example_xcom.py
[2025-02-01T03:02:13.904+0000] {processor.py:753} INFO - DAG(s) dict_keys(['example_xcom']) retrieved from /home/airflow/.local/lib/python3.7/site-packages/airflow/example_dags/example_xcom.py
[2025-02-01T03:02:14.044+0000] {logging_mixin.py:137} INFO - [2025-02-01T03:02:14.043+0000] {dag.py:2690} INFO - Sync 1 DAGs
[2025-02-01T03:02:14.154+0000] {logging_mixin.py:137} INFO - [2025-02-01T03:02:14.154+0000] {dag.py:3441} INFO - Setting next_dagrun for example_xcom to 2021-01-01T00:00:00+00:00, run_after=2021-01-01T00:00:00+00:00
[2025-02-01T03:02:14.263+0000] {processor.py:175} INFO - Processing /home/airflow/.local/lib/python3.7/site-packages/airflow/example_dags/example_xcom.py took 0.532 seconds
[2025-02-01T03:02:44.650+0000] {processor.py:153} INFO - Started process (PID=2507) to work on /home/airflow/.local/lib/python3.7/site-packages/airflow/example_dags/example_xcom.py
[2025-02-01T03:02:44.651+0000] {processor.py:743} INFO - Processing file /home/airflow/.local/lib/python3.7/site-packages/airflow/example_dags/example_xcom.py for tasks to queue
[2025-02-01T03:02:44.655+0000] {logging_mixin.py:137} INFO - [2025-02-01T03:02:44.654+0000] {dagbag.py:538} INFO - Filling up the DagBag from /home/airflow/.local/lib/python3.7/site-packages/airflow/example_dags/example_xcom.py
[2025-02-01T03:02:44.786+0000] {processor.py:753} INFO - DAG(s) dict_keys(['example_xcom']) retrieved from /home/airflow/.local/lib/python3.7/site-packages/airflow/example_dags/example_xcom.py
[2025-02-01T03:02:44.979+0000] {logging_mixin.py:137} INFO - [2025-02-01T03:02:44.979+0000] {dag.py:2690} INFO - Sync 1 DAGs
[2025-02-01T03:02:45.094+0000] {logging_mixin.py:137} INFO - [2025-02-01T03:02:45.094+0000] {dag.py:3441} INFO - Setting next_dagrun for example_xcom to 2021-01-01T00:00:00+00:00, run_after=2021-01-01T00:00:00+00:00
[2025-02-01T03:02:45.139+0000] {processor.py:175} INFO - Processing /home/airflow/.local/lib/python3.7/site-packages/airflow/example_dags/example_xcom.py took 0.506 seconds
[2025-02-01T03:03:15.843+0000] {processor.py:153} INFO - Started process (PID=2566) to work on /home/airflow/.local/lib/python3.7/site-packages/airflow/example_dags/example_xcom.py
[2025-02-01T03:03:15.849+0000] {processor.py:743} INFO - Processing file /home/airflow/.local/lib/python3.7/site-packages/airflow/example_dags/example_xcom.py for tasks to queue
[2025-02-01T03:03:15.852+0000] {logging_mixin.py:137} INFO - [2025-02-01T03:03:15.852+0000] {dagbag.py:538} INFO - Filling up the DagBag from /home/airflow/.local/lib/python3.7/site-packages/airflow/example_dags/example_xcom.py
[2025-02-01T03:03:16.136+0000] {processor.py:753} INFO - DAG(s) dict_keys(['example_xcom']) retrieved from /home/airflow/.local/lib/python3.7/site-packages/airflow/example_dags/example_xcom.py
[2025-02-01T03:03:16.321+0000] {logging_mixin.py:137} INFO - [2025-02-01T03:03:16.320+0000] {dag.py:2690} INFO - Sync 1 DAGs
[2025-02-01T03:03:16.538+0000] {logging_mixin.py:137} INFO - [2025-02-01T03:03:16.538+0000] {dag.py:3441} INFO - Setting next_dagrun for example_xcom to 2021-01-01T00:00:00+00:00, run_after=2021-01-01T00:00:00+00:00
[2025-02-01T03:03:16.680+0000] {processor.py:175} INFO - Processing /home/airflow/.local/lib/python3.7/site-packages/airflow/example_dags/example_xcom.py took 0.861 seconds
[2025-02-01T03:03:46.810+0000] {processor.py:153} INFO - Started process (PID=2624) to work on /home/airflow/.local/lib/python3.7/site-packages/airflow/example_dags/example_xcom.py
[2025-02-01T03:03:46.814+0000] {processor.py:743} INFO - Processing file /home/airflow/.local/lib/python3.7/site-packages/airflow/example_dags/example_xcom.py for tasks to queue
[2025-02-01T03:03:46.825+0000] {logging_mixin.py:137} INFO - [2025-02-01T03:03:46.819+0000] {dagbag.py:538} INFO - Filling up the DagBag from /home/airflow/.local/lib/python3.7/site-packages/airflow/example_dags/example_xcom.py
[2025-02-01T03:03:47.116+0000] {processor.py:753} INFO - DAG(s) dict_keys(['example_xcom']) retrieved from /home/airflow/.local/lib/python3.7/site-packages/airflow/example_dags/example_xcom.py
[2025-02-01T03:03:47.187+0000] {logging_mixin.py:137} INFO - [2025-02-01T03:03:47.186+0000] {dag.py:2690} INFO - Sync 1 DAGs
[2025-02-01T03:03:47.340+0000] {logging_mixin.py:137} INFO - [2025-02-01T03:03:47.340+0000] {dag.py:3441} INFO - Setting next_dagrun for example_xcom to 2021-01-01T00:00:00+00:00, run_after=2021-01-01T00:00:00+00:00
[2025-02-01T03:03:47.582+0000] {processor.py:175} INFO - Processing /home/airflow/.local/lib/python3.7/site-packages/airflow/example_dags/example_xcom.py took 0.801 seconds
[2025-02-01T03:04:17.861+0000] {processor.py:153} INFO - Started process (PID=2674) to work on /home/airflow/.local/lib/python3.7/site-packages/airflow/example_dags/example_xcom.py
[2025-02-01T03:04:17.864+0000] {processor.py:743} INFO - Processing file /home/airflow/.local/lib/python3.7/site-packages/airflow/example_dags/example_xcom.py for tasks to queue
[2025-02-01T03:04:17.865+0000] {logging_mixin.py:137} INFO - [2025-02-01T03:04:17.865+0000] {dagbag.py:538} INFO - Filling up the DagBag from /home/airflow/.local/lib/python3.7/site-packages/airflow/example_dags/example_xcom.py
[2025-02-01T03:04:17.922+0000] {processor.py:753} INFO - DAG(s) dict_keys(['example_xcom']) retrieved from /home/airflow/.local/lib/python3.7/site-packages/airflow/example_dags/example_xcom.py
[2025-02-01T03:04:17.980+0000] {logging_mixin.py:137} INFO - [2025-02-01T03:04:17.980+0000] {dag.py:2690} INFO - Sync 1 DAGs
[2025-02-01T03:04:18.048+0000] {logging_mixin.py:137} INFO - [2025-02-01T03:04:18.047+0000] {dag.py:3441} INFO - Setting next_dagrun for example_xcom to 2021-01-01T00:00:00+00:00, run_after=2021-01-01T00:00:00+00:00
[2025-02-01T03:04:18.099+0000] {processor.py:175} INFO - Processing /home/airflow/.local/lib/python3.7/site-packages/airflow/example_dags/example_xcom.py took 0.253 seconds
[2025-02-01T03:04:48.650+0000] {processor.py:153} INFO - Started process (PID=2731) to work on /home/airflow/.local/lib/python3.7/site-packages/airflow/example_dags/example_xcom.py
[2025-02-01T03:04:48.662+0000] {processor.py:743} INFO - Processing file /home/airflow/.local/lib/python3.7/site-packages/airflow/example_dags/example_xcom.py for tasks to queue
[2025-02-01T03:04:48.663+0000] {logging_mixin.py:137} INFO - [2025-02-01T03:04:48.663+0000] {dagbag.py:538} INFO - Filling up the DagBag from /home/airflow/.local/lib/python3.7/site-packages/airflow/example_dags/example_xcom.py
[2025-02-01T03:04:48.895+0000] {processor.py:753} INFO - DAG(s) dict_keys(['example_xcom']) retrieved from /home/airflow/.local/lib/python3.7/site-packages/airflow/example_dags/example_xcom.py
[2025-02-01T03:04:49.037+0000] {logging_mixin.py:137} INFO - [2025-02-01T03:04:49.037+0000] {dag.py:2690} INFO - Sync 1 DAGs
[2025-02-01T03:04:49.331+0000] {logging_mixin.py:137} INFO - [2025-02-01T03:04:49.331+0000] {dag.py:3441} INFO - Setting next_dagrun for example_xcom to 2021-01-01T00:00:00+00:00, run_after=2021-01-01T00:00:00+00:00
[2025-02-01T03:04:49.448+0000] {processor.py:175} INFO - Processing /home/airflow/.local/lib/python3.7/site-packages/airflow/example_dags/example_xcom.py took 0.828 seconds
[2025-02-01T03:05:20.203+0000] {processor.py:153} INFO - Started process (PID=2788) to work on /home/airflow/.local/lib/python3.7/site-packages/airflow/example_dags/example_xcom.py
[2025-02-01T03:05:20.206+0000] {processor.py:743} INFO - Processing file /home/airflow/.local/lib/python3.7/site-packages/airflow/example_dags/example_xcom.py for tasks to queue
[2025-02-01T03:05:20.212+0000] {logging_mixin.py:137} INFO - [2025-02-01T03:05:20.212+0000] {dagbag.py:538} INFO - Filling up the DagBag from /home/airflow/.local/lib/python3.7/site-packages/airflow/example_dags/example_xcom.py
[2025-02-01T03:05:20.417+0000] {processor.py:753} INFO - DAG(s) dict_keys(['example_xcom']) retrieved from /home/airflow/.local/lib/python3.7/site-packages/airflow/example_dags/example_xcom.py
[2025-02-01T03:05:20.607+0000] {logging_mixin.py:137} INFO - [2025-02-01T03:05:20.606+0000] {dag.py:2690} INFO - Sync 1 DAGs
[2025-02-01T03:05:20.792+0000] {logging_mixin.py:137} INFO - [2025-02-01T03:05:20.792+0000] {dag.py:3441} INFO - Setting next_dagrun for example_xcom to 2021-01-01T00:00:00+00:00, run_after=2021-01-01T00:00:00+00:00
[2025-02-01T03:05:20.874+0000] {processor.py:175} INFO - Processing /home/airflow/.local/lib/python3.7/site-packages/airflow/example_dags/example_xcom.py took 0.698 seconds
[2025-02-01T03:05:51.069+0000] {processor.py:153} INFO - Started process (PID=2840) to work on /home/airflow/.local/lib/python3.7/site-packages/airflow/example_dags/example_xcom.py
[2025-02-01T03:05:51.071+0000] {processor.py:743} INFO - Processing file /home/airflow/.local/lib/python3.7/site-packages/airflow/example_dags/example_xcom.py for tasks to queue
[2025-02-01T03:05:51.077+0000] {logging_mixin.py:137} INFO - [2025-02-01T03:05:51.076+0000] {dagbag.py:538} INFO - Filling up the DagBag from /home/airflow/.local/lib/python3.7/site-packages/airflow/example_dags/example_xcom.py
[2025-02-01T03:05:51.190+0000] {processor.py:753} INFO - DAG(s) dict_keys(['example_xcom']) retrieved from /home/airflow/.local/lib/python3.7/site-packages/airflow/example_dags/example_xcom.py
[2025-02-01T03:05:51.278+0000] {logging_mixin.py:137} INFO - [2025-02-01T03:05:51.278+0000] {dag.py:2690} INFO - Sync 1 DAGs
[2025-02-01T03:05:51.471+0000] {logging_mixin.py:137} INFO - [2025-02-01T03:05:51.471+0000] {dag.py:3441} INFO - Setting next_dagrun for example_xcom to 2021-01-01T00:00:00+00:00, run_after=2021-01-01T00:00:00+00:00
[2025-02-01T03:05:51.582+0000] {processor.py:175} INFO - Processing /home/airflow/.local/lib/python3.7/site-packages/airflow/example_dags/example_xcom.py took 0.521 seconds
[2025-02-01T03:06:21.832+0000] {processor.py:153} INFO - Started process (PID=2899) to work on /home/airflow/.local/lib/python3.7/site-packages/airflow/example_dags/example_xcom.py
[2025-02-01T03:06:21.834+0000] {processor.py:743} INFO - Processing file /home/airflow/.local/lib/python3.7/site-packages/airflow/example_dags/example_xcom.py for tasks to queue
[2025-02-01T03:06:21.836+0000] {logging_mixin.py:137} INFO - [2025-02-01T03:06:21.835+0000] {dagbag.py:538} INFO - Filling up the DagBag from /home/airflow/.local/lib/python3.7/site-packages/airflow/example_dags/example_xcom.py
[2025-02-01T03:06:21.892+0000] {processor.py:753} INFO - DAG(s) dict_keys(['example_xcom']) retrieved from /home/airflow/.local/lib/python3.7/site-packages/airflow/example_dags/example_xcom.py
[2025-02-01T03:06:21.952+0000] {logging_mixin.py:137} INFO - [2025-02-01T03:06:21.951+0000] {dag.py:2690} INFO - Sync 1 DAGs
[2025-02-01T03:06:22.019+0000] {logging_mixin.py:137} INFO - [2025-02-01T03:06:22.018+0000] {dag.py:3441} INFO - Setting next_dagrun for example_xcom to 2021-01-01T00:00:00+00:00, run_after=2021-01-01T00:00:00+00:00
[2025-02-01T03:06:22.063+0000] {processor.py:175} INFO - Processing /home/airflow/.local/lib/python3.7/site-packages/airflow/example_dags/example_xcom.py took 0.238 seconds
[2025-02-01T03:06:52.219+0000] {processor.py:153} INFO - Started process (PID=2958) to work on /home/airflow/.local/lib/python3.7/site-packages/airflow/example_dags/example_xcom.py
[2025-02-01T03:06:52.223+0000] {processor.py:743} INFO - Processing file /home/airflow/.local/lib/python3.7/site-packages/airflow/example_dags/example_xcom.py for tasks to queue
[2025-02-01T03:06:52.226+0000] {logging_mixin.py:137} INFO - [2025-02-01T03:06:52.224+0000] {dagbag.py:538} INFO - Filling up the DagBag from /home/airflow/.local/lib/python3.7/site-packages/airflow/example_dags/example_xcom.py
[2025-02-01T03:06:52.367+0000] {processor.py:753} INFO - DAG(s) dict_keys(['example_xcom']) retrieved from /home/airflow/.local/lib/python3.7/site-packages/airflow/example_dags/example_xcom.py
[2025-02-01T03:06:52.454+0000] {logging_mixin.py:137} INFO - [2025-02-01T03:06:52.453+0000] {dag.py:2690} INFO - Sync 1 DAGs
[2025-02-01T03:06:52.526+0000] {logging_mixin.py:137} INFO - [2025-02-01T03:06:52.525+0000] {dag.py:3441} INFO - Setting next_dagrun for example_xcom to 2021-01-01T00:00:00+00:00, run_after=2021-01-01T00:00:00+00:00
[2025-02-01T03:06:52.610+0000] {processor.py:175} INFO - Processing /home/airflow/.local/lib/python3.7/site-packages/airflow/example_dags/example_xcom.py took 0.410 seconds
[2025-02-01T03:07:23.110+0000] {processor.py:153} INFO - Started process (PID=3007) to work on /home/airflow/.local/lib/python3.7/site-packages/airflow/example_dags/example_xcom.py
[2025-02-01T03:07:23.112+0000] {processor.py:743} INFO - Processing file /home/airflow/.local/lib/python3.7/site-packages/airflow/example_dags/example_xcom.py for tasks to queue
[2025-02-01T03:07:23.114+0000] {logging_mixin.py:137} INFO - [2025-02-01T03:07:23.114+0000] {dagbag.py:538} INFO - Filling up the DagBag from /home/airflow/.local/lib/python3.7/site-packages/airflow/example_dags/example_xcom.py
[2025-02-01T03:07:23.169+0000] {processor.py:753} INFO - DAG(s) dict_keys(['example_xcom']) retrieved from /home/airflow/.local/lib/python3.7/site-packages/airflow/example_dags/example_xcom.py
[2025-02-01T03:07:23.230+0000] {logging_mixin.py:137} INFO - [2025-02-01T03:07:23.230+0000] {dag.py:2690} INFO - Sync 1 DAGs
[2025-02-01T03:07:23.295+0000] {logging_mixin.py:137} INFO - [2025-02-01T03:07:23.295+0000] {dag.py:3441} INFO - Setting next_dagrun for example_xcom to 2021-01-01T00:00:00+00:00, run_after=2021-01-01T00:00:00+00:00
[2025-02-01T03:07:23.345+0000] {processor.py:175} INFO - Processing /home/airflow/.local/lib/python3.7/site-packages/airflow/example_dags/example_xcom.py took 0.242 seconds
[2025-02-01T03:07:53.814+0000] {processor.py:153} INFO - Started process (PID=3066) to work on /home/airflow/.local/lib/python3.7/site-packages/airflow/example_dags/example_xcom.py
[2025-02-01T03:07:53.818+0000] {processor.py:743} INFO - Processing file /home/airflow/.local/lib/python3.7/site-packages/airflow/example_dags/example_xcom.py for tasks to queue
[2025-02-01T03:07:53.822+0000] {logging_mixin.py:137} INFO - [2025-02-01T03:07:53.822+0000] {dagbag.py:538} INFO - Filling up the DagBag from /home/airflow/.local/lib/python3.7/site-packages/airflow/example_dags/example_xcom.py
[2025-02-01T03:07:53.948+0000] {processor.py:753} INFO - DAG(s) dict_keys(['example_xcom']) retrieved from /home/airflow/.local/lib/python3.7/site-packages/airflow/example_dags/example_xcom.py
[2025-02-01T03:07:54.072+0000] {logging_mixin.py:137} INFO - [2025-02-01T03:07:54.071+0000] {dag.py:2690} INFO - Sync 1 DAGs
[2025-02-01T03:07:54.274+0000] {logging_mixin.py:137} INFO - [2025-02-01T03:07:54.268+0000] {dag.py:3441} INFO - Setting next_dagrun for example_xcom to 2021-01-01T00:00:00+00:00, run_after=2021-01-01T00:00:00+00:00
[2025-02-01T03:07:54.454+0000] {processor.py:175} INFO - Processing /home/airflow/.local/lib/python3.7/site-packages/airflow/example_dags/example_xcom.py took 0.658 seconds
[2025-02-01T03:08:25.488+0000] {processor.py:153} INFO - Started process (PID=3122) to work on /home/airflow/.local/lib/python3.7/site-packages/airflow/example_dags/example_xcom.py
[2025-02-01T03:08:25.498+0000] {processor.py:743} INFO - Processing file /home/airflow/.local/lib/python3.7/site-packages/airflow/example_dags/example_xcom.py for tasks to queue
[2025-02-01T03:08:25.507+0000] {logging_mixin.py:137} INFO - [2025-02-01T03:08:25.500+0000] {dagbag.py:538} INFO - Filling up the DagBag from /home/airflow/.local/lib/python3.7/site-packages/airflow/example_dags/example_xcom.py
[2025-02-01T03:08:25.597+0000] {processor.py:753} INFO - DAG(s) dict_keys(['example_xcom']) retrieved from /home/airflow/.local/lib/python3.7/site-packages/airflow/example_dags/example_xcom.py
[2025-02-01T03:08:25.684+0000] {logging_mixin.py:137} INFO - [2025-02-01T03:08:25.683+0000] {dag.py:2690} INFO - Sync 1 DAGs
[2025-02-01T03:08:25.827+0000] {logging_mixin.py:137} INFO - [2025-02-01T03:08:25.827+0000] {dag.py:3441} INFO - Setting next_dagrun for example_xcom to 2021-01-01T00:00:00+00:00, run_after=2021-01-01T00:00:00+00:00
[2025-02-01T03:08:25.891+0000] {processor.py:175} INFO - Processing /home/airflow/.local/lib/python3.7/site-packages/airflow/example_dags/example_xcom.py took 0.451 seconds
[2025-02-01T03:08:56.566+0000] {processor.py:153} INFO - Started process (PID=3172) to work on /home/airflow/.local/lib/python3.7/site-packages/airflow/example_dags/example_xcom.py
[2025-02-01T03:08:56.567+0000] {processor.py:743} INFO - Processing file /home/airflow/.local/lib/python3.7/site-packages/airflow/example_dags/example_xcom.py for tasks to queue
[2025-02-01T03:08:56.582+0000] {logging_mixin.py:137} INFO - [2025-02-01T03:08:56.582+0000] {dagbag.py:538} INFO - Filling up the DagBag from /home/airflow/.local/lib/python3.7/site-packages/airflow/example_dags/example_xcom.py
[2025-02-01T03:08:56.890+0000] {processor.py:753} INFO - DAG(s) dict_keys(['example_xcom']) retrieved from /home/airflow/.local/lib/python3.7/site-packages/airflow/example_dags/example_xcom.py
[2025-02-01T03:08:57.101+0000] {logging_mixin.py:137} INFO - [2025-02-01T03:08:57.100+0000] {dag.py:2690} INFO - Sync 1 DAGs
[2025-02-01T03:08:57.309+0000] {logging_mixin.py:137} INFO - [2025-02-01T03:08:57.309+0000] {dag.py:3441} INFO - Setting next_dagrun for example_xcom to 2021-01-01T00:00:00+00:00, run_after=2021-01-01T00:00:00+00:00
[2025-02-01T03:08:57.448+0000] {processor.py:175} INFO - Processing /home/airflow/.local/lib/python3.7/site-packages/airflow/example_dags/example_xcom.py took 0.922 seconds
[2025-02-01T03:09:28.013+0000] {processor.py:153} INFO - Started process (PID=3231) to work on /home/airflow/.local/lib/python3.7/site-packages/airflow/example_dags/example_xcom.py
[2025-02-01T03:09:28.025+0000] {processor.py:743} INFO - Processing file /home/airflow/.local/lib/python3.7/site-packages/airflow/example_dags/example_xcom.py for tasks to queue
[2025-02-01T03:09:28.029+0000] {logging_mixin.py:137} INFO - [2025-02-01T03:09:28.029+0000] {dagbag.py:538} INFO - Filling up the DagBag from /home/airflow/.local/lib/python3.7/site-packages/airflow/example_dags/example_xcom.py
[2025-02-01T03:09:28.289+0000] {processor.py:753} INFO - DAG(s) dict_keys(['example_xcom']) retrieved from /home/airflow/.local/lib/python3.7/site-packages/airflow/example_dags/example_xcom.py
[2025-02-01T03:09:28.534+0000] {logging_mixin.py:137} INFO - [2025-02-01T03:09:28.533+0000] {dag.py:2690} INFO - Sync 1 DAGs
[2025-02-01T03:09:28.806+0000] {logging_mixin.py:137} INFO - [2025-02-01T03:09:28.804+0000] {dag.py:3441} INFO - Setting next_dagrun for example_xcom to 2021-01-01T00:00:00+00:00, run_after=2021-01-01T00:00:00+00:00
[2025-02-01T03:09:28.936+0000] {processor.py:175} INFO - Processing /home/airflow/.local/lib/python3.7/site-packages/airflow/example_dags/example_xcom.py took 0.950 seconds
