[2025-02-01T02:40:33.168+0000] {processor.py:153} INFO - Started process (PID=93) to work on /home/airflow/.local/lib/python3.7/site-packages/airflow/example_dags/example_latest_only_with_trigger.py
[2025-02-01T02:40:33.179+0000] {processor.py:743} INFO - Processing file /home/airflow/.local/lib/python3.7/site-packages/airflow/example_dags/example_latest_only_with_trigger.py for tasks to queue
[2025-02-01T02:40:33.181+0000] {logging_mixin.py:137} INFO - [2025-02-01T02:40:33.180+0000] {dagbag.py:538} INFO - Filling up the DagBag from /home/airflow/.local/lib/python3.7/site-packages/airflow/example_dags/example_latest_only_with_trigger.py
[2025-02-01T02:40:33.278+0000] {processor.py:753} INFO - DAG(s) dict_keys(['latest_only_with_trigger']) retrieved from /home/airflow/.local/lib/python3.7/site-packages/airflow/example_dags/example_latest_only_with_trigger.py
[2025-02-01T02:40:33.408+0000] {logging_mixin.py:137} INFO - [2025-02-01T02:40:33.407+0000] {dag.py:2690} INFO - Sync 1 DAGs
[2025-02-01T02:40:33.546+0000] {logging_mixin.py:137} INFO - [2025-02-01T02:40:33.545+0000] {dag.py:3441} INFO - Setting next_dagrun for latest_only_with_trigger to 2025-01-31T22:40:33.544175+00:00, run_after=2025-02-01T02:40:33.544175+00:00
[2025-02-01T02:40:33.633+0000] {processor.py:175} INFO - Processing /home/airflow/.local/lib/python3.7/site-packages/airflow/example_dags/example_latest_only_with_trigger.py took 0.510 seconds
[2025-02-01T02:41:05.306+0000] {processor.py:153} INFO - Started process (PID=151) to work on /home/airflow/.local/lib/python3.7/site-packages/airflow/example_dags/example_latest_only_with_trigger.py
[2025-02-01T02:41:05.312+0000] {processor.py:743} INFO - Processing file /home/airflow/.local/lib/python3.7/site-packages/airflow/example_dags/example_latest_only_with_trigger.py for tasks to queue
[2025-02-01T02:41:05.324+0000] {logging_mixin.py:137} INFO - [2025-02-01T02:41:05.313+0000] {dagbag.py:538} INFO - Filling up the DagBag from /home/airflow/.local/lib/python3.7/site-packages/airflow/example_dags/example_latest_only_with_trigger.py
[2025-02-01T02:41:05.468+0000] {processor.py:753} INFO - DAG(s) dict_keys(['latest_only_with_trigger']) retrieved from /home/airflow/.local/lib/python3.7/site-packages/airflow/example_dags/example_latest_only_with_trigger.py
[2025-02-01T02:41:05.689+0000] {logging_mixin.py:137} INFO - [2025-02-01T02:41:05.688+0000] {dag.py:2690} INFO - Sync 1 DAGs
[2025-02-01T02:41:05.977+0000] {logging_mixin.py:137} INFO - [2025-02-01T02:41:05.971+0000] {dag.py:3441} INFO - Setting next_dagrun for latest_only_with_trigger to 2025-01-31T22:41:05.970547+00:00, run_after=2025-02-01T02:41:05.970547+00:00
[2025-02-01T02:41:06.160+0000] {processor.py:175} INFO - Processing /home/airflow/.local/lib/python3.7/site-packages/airflow/example_dags/example_latest_only_with_trigger.py took 0.897 seconds
[2025-02-01T02:41:36.522+0000] {processor.py:153} INFO - Started process (PID=200) to work on /home/airflow/.local/lib/python3.7/site-packages/airflow/example_dags/example_latest_only_with_trigger.py
[2025-02-01T02:41:36.524+0000] {processor.py:743} INFO - Processing file /home/airflow/.local/lib/python3.7/site-packages/airflow/example_dags/example_latest_only_with_trigger.py for tasks to queue
[2025-02-01T02:41:36.526+0000] {logging_mixin.py:137} INFO - [2025-02-01T02:41:36.525+0000] {dagbag.py:538} INFO - Filling up the DagBag from /home/airflow/.local/lib/python3.7/site-packages/airflow/example_dags/example_latest_only_with_trigger.py
[2025-02-01T02:41:36.559+0000] {processor.py:753} INFO - DAG(s) dict_keys(['latest_only_with_trigger']) retrieved from /home/airflow/.local/lib/python3.7/site-packages/airflow/example_dags/example_latest_only_with_trigger.py
[2025-02-01T02:41:36.636+0000] {logging_mixin.py:137} INFO - [2025-02-01T02:41:36.636+0000] {dag.py:2690} INFO - Sync 1 DAGs
[2025-02-01T02:41:36.700+0000] {logging_mixin.py:137} INFO - [2025-02-01T02:41:36.700+0000] {dag.py:3441} INFO - Setting next_dagrun for latest_only_with_trigger to 2025-01-31T22:41:36.699872+00:00, run_after=2025-02-01T02:41:36.699872+00:00
[2025-02-01T02:41:36.747+0000] {processor.py:175} INFO - Processing /home/airflow/.local/lib/python3.7/site-packages/airflow/example_dags/example_latest_only_with_trigger.py took 0.232 seconds
[2025-02-01T02:42:07.001+0000] {processor.py:153} INFO - Started process (PID=260) to work on /home/airflow/.local/lib/python3.7/site-packages/airflow/example_dags/example_latest_only_with_trigger.py
[2025-02-01T02:42:07.003+0000] {processor.py:743} INFO - Processing file /home/airflow/.local/lib/python3.7/site-packages/airflow/example_dags/example_latest_only_with_trigger.py for tasks to queue
[2025-02-01T02:42:07.004+0000] {logging_mixin.py:137} INFO - [2025-02-01T02:42:07.004+0000] {dagbag.py:538} INFO - Filling up the DagBag from /home/airflow/.local/lib/python3.7/site-packages/airflow/example_dags/example_latest_only_with_trigger.py
[2025-02-01T02:42:07.037+0000] {processor.py:753} INFO - DAG(s) dict_keys(['latest_only_with_trigger']) retrieved from /home/airflow/.local/lib/python3.7/site-packages/airflow/example_dags/example_latest_only_with_trigger.py
[2025-02-01T02:42:07.156+0000] {logging_mixin.py:137} INFO - [2025-02-01T02:42:07.156+0000] {dag.py:2690} INFO - Sync 1 DAGs
[2025-02-01T02:42:07.246+0000] {logging_mixin.py:137} INFO - [2025-02-01T02:42:07.245+0000] {dag.py:3441} INFO - Setting next_dagrun for latest_only_with_trigger to 2025-01-31T22:42:07.245412+00:00, run_after=2025-02-01T02:42:07.245412+00:00
[2025-02-01T02:42:07.303+0000] {processor.py:175} INFO - Processing /home/airflow/.local/lib/python3.7/site-packages/airflow/example_dags/example_latest_only_with_trigger.py took 0.309 seconds
[2025-02-01T02:42:37.554+0000] {processor.py:153} INFO - Started process (PID=320) to work on /home/airflow/.local/lib/python3.7/site-packages/airflow/example_dags/example_latest_only_with_trigger.py
[2025-02-01T02:42:37.561+0000] {processor.py:743} INFO - Processing file /home/airflow/.local/lib/python3.7/site-packages/airflow/example_dags/example_latest_only_with_trigger.py for tasks to queue
[2025-02-01T02:42:37.564+0000] {logging_mixin.py:137} INFO - [2025-02-01T02:42:37.564+0000] {dagbag.py:538} INFO - Filling up the DagBag from /home/airflow/.local/lib/python3.7/site-packages/airflow/example_dags/example_latest_only_with_trigger.py
[2025-02-01T02:42:37.638+0000] {processor.py:753} INFO - DAG(s) dict_keys(['latest_only_with_trigger']) retrieved from /home/airflow/.local/lib/python3.7/site-packages/airflow/example_dags/example_latest_only_with_trigger.py
[2025-02-01T02:42:37.780+0000] {logging_mixin.py:137} INFO - [2025-02-01T02:42:37.779+0000] {dag.py:2690} INFO - Sync 1 DAGs
[2025-02-01T02:42:37.918+0000] {logging_mixin.py:137} INFO - [2025-02-01T02:42:37.914+0000] {dag.py:3441} INFO - Setting next_dagrun for latest_only_with_trigger to 2025-01-31T22:42:37.914362+00:00, run_after=2025-02-01T02:42:37.914362+00:00
[2025-02-01T02:42:38.060+0000] {processor.py:175} INFO - Processing /home/airflow/.local/lib/python3.7/site-packages/airflow/example_dags/example_latest_only_with_trigger.py took 0.532 seconds
[2025-02-01T02:43:08.330+0000] {processor.py:153} INFO - Started process (PID=377) to work on /home/airflow/.local/lib/python3.7/site-packages/airflow/example_dags/example_latest_only_with_trigger.py
[2025-02-01T02:43:08.335+0000] {processor.py:743} INFO - Processing file /home/airflow/.local/lib/python3.7/site-packages/airflow/example_dags/example_latest_only_with_trigger.py for tasks to queue
[2025-02-01T02:43:08.341+0000] {logging_mixin.py:137} INFO - [2025-02-01T02:43:08.336+0000] {dagbag.py:538} INFO - Filling up the DagBag from /home/airflow/.local/lib/python3.7/site-packages/airflow/example_dags/example_latest_only_with_trigger.py
[2025-02-01T02:43:08.478+0000] {processor.py:753} INFO - DAG(s) dict_keys(['latest_only_with_trigger']) retrieved from /home/airflow/.local/lib/python3.7/site-packages/airflow/example_dags/example_latest_only_with_trigger.py
[2025-02-01T02:43:08.604+0000] {logging_mixin.py:137} INFO - [2025-02-01T02:43:08.601+0000] {dag.py:2690} INFO - Sync 1 DAGs
[2025-02-01T02:43:08.750+0000] {logging_mixin.py:137} INFO - [2025-02-01T02:43:08.749+0000] {dag.py:3441} INFO - Setting next_dagrun for latest_only_with_trigger to 2025-01-31T22:43:08.749221+00:00, run_after=2025-02-01T02:43:08.749221+00:00
[2025-02-01T02:43:08.840+0000] {processor.py:175} INFO - Processing /home/airflow/.local/lib/python3.7/site-packages/airflow/example_dags/example_latest_only_with_trigger.py took 0.534 seconds
[2025-02-01T02:43:39.458+0000] {processor.py:153} INFO - Started process (PID=427) to work on /home/airflow/.local/lib/python3.7/site-packages/airflow/example_dags/example_latest_only_with_trigger.py
[2025-02-01T02:43:39.462+0000] {processor.py:743} INFO - Processing file /home/airflow/.local/lib/python3.7/site-packages/airflow/example_dags/example_latest_only_with_trigger.py for tasks to queue
[2025-02-01T02:43:39.465+0000] {logging_mixin.py:137} INFO - [2025-02-01T02:43:39.465+0000] {dagbag.py:538} INFO - Filling up the DagBag from /home/airflow/.local/lib/python3.7/site-packages/airflow/example_dags/example_latest_only_with_trigger.py
[2025-02-01T02:43:39.525+0000] {processor.py:753} INFO - DAG(s) dict_keys(['latest_only_with_trigger']) retrieved from /home/airflow/.local/lib/python3.7/site-packages/airflow/example_dags/example_latest_only_with_trigger.py
[2025-02-01T02:43:39.603+0000] {logging_mixin.py:137} INFO - [2025-02-01T02:43:39.602+0000] {dag.py:2690} INFO - Sync 1 DAGs
[2025-02-01T02:43:39.749+0000] {logging_mixin.py:137} INFO - [2025-02-01T02:43:39.749+0000] {dag.py:3441} INFO - Setting next_dagrun for latest_only_with_trigger to 2025-01-31T22:43:39.748622+00:00, run_after=2025-02-01T02:43:39.748622+00:00
[2025-02-01T02:43:39.834+0000] {processor.py:175} INFO - Processing /home/airflow/.local/lib/python3.7/site-packages/airflow/example_dags/example_latest_only_with_trigger.py took 0.391 seconds
[2025-02-01T02:44:10.210+0000] {processor.py:153} INFO - Started process (PID=486) to work on /home/airflow/.local/lib/python3.7/site-packages/airflow/example_dags/example_latest_only_with_trigger.py
[2025-02-01T02:44:10.214+0000] {processor.py:743} INFO - Processing file /home/airflow/.local/lib/python3.7/site-packages/airflow/example_dags/example_latest_only_with_trigger.py for tasks to queue
[2025-02-01T02:44:10.216+0000] {logging_mixin.py:137} INFO - [2025-02-01T02:44:10.216+0000] {dagbag.py:538} INFO - Filling up the DagBag from /home/airflow/.local/lib/python3.7/site-packages/airflow/example_dags/example_latest_only_with_trigger.py
[2025-02-01T02:44:10.306+0000] {processor.py:753} INFO - DAG(s) dict_keys(['latest_only_with_trigger']) retrieved from /home/airflow/.local/lib/python3.7/site-packages/airflow/example_dags/example_latest_only_with_trigger.py
[2025-02-01T02:44:10.447+0000] {logging_mixin.py:137} INFO - [2025-02-01T02:44:10.446+0000] {dag.py:2690} INFO - Sync 1 DAGs
[2025-02-01T02:44:10.653+0000] {logging_mixin.py:137} INFO - [2025-02-01T02:44:10.653+0000] {dag.py:3441} INFO - Setting next_dagrun for latest_only_with_trigger to 2025-01-31T22:44:10.652493+00:00, run_after=2025-02-01T02:44:10.652493+00:00
[2025-02-01T02:44:10.784+0000] {processor.py:175} INFO - Processing /home/airflow/.local/lib/python3.7/site-packages/airflow/example_dags/example_latest_only_with_trigger.py took 0.590 seconds
[2025-02-01T02:44:41.516+0000] {processor.py:153} INFO - Started process (PID=534) to work on /home/airflow/.local/lib/python3.7/site-packages/airflow/example_dags/example_latest_only_with_trigger.py
[2025-02-01T02:44:41.520+0000] {processor.py:743} INFO - Processing file /home/airflow/.local/lib/python3.7/site-packages/airflow/example_dags/example_latest_only_with_trigger.py for tasks to queue
[2025-02-01T02:44:41.526+0000] {logging_mixin.py:137} INFO - [2025-02-01T02:44:41.522+0000] {dagbag.py:538} INFO - Filling up the DagBag from /home/airflow/.local/lib/python3.7/site-packages/airflow/example_dags/example_latest_only_with_trigger.py
[2025-02-01T02:44:41.658+0000] {processor.py:753} INFO - DAG(s) dict_keys(['latest_only_with_trigger']) retrieved from /home/airflow/.local/lib/python3.7/site-packages/airflow/example_dags/example_latest_only_with_trigger.py
[2025-02-01T02:44:42.001+0000] {logging_mixin.py:137} INFO - [2025-02-01T02:44:42.001+0000] {dag.py:2690} INFO - Sync 1 DAGs
[2025-02-01T02:44:42.325+0000] {logging_mixin.py:137} INFO - [2025-02-01T02:44:42.324+0000] {dag.py:3441} INFO - Setting next_dagrun for latest_only_with_trigger to 2025-01-31T22:44:42.324252+00:00, run_after=2025-02-01T02:44:42.324252+00:00
[2025-02-01T02:44:42.492+0000] {processor.py:175} INFO - Processing /home/airflow/.local/lib/python3.7/site-packages/airflow/example_dags/example_latest_only_with_trigger.py took 0.998 seconds
[2025-02-01T02:45:13.115+0000] {processor.py:153} INFO - Started process (PID=593) to work on /home/airflow/.local/lib/python3.7/site-packages/airflow/example_dags/example_latest_only_with_trigger.py
[2025-02-01T02:45:13.125+0000] {processor.py:743} INFO - Processing file /home/airflow/.local/lib/python3.7/site-packages/airflow/example_dags/example_latest_only_with_trigger.py for tasks to queue
[2025-02-01T02:45:13.129+0000] {logging_mixin.py:137} INFO - [2025-02-01T02:45:13.129+0000] {dagbag.py:538} INFO - Filling up the DagBag from /home/airflow/.local/lib/python3.7/site-packages/airflow/example_dags/example_latest_only_with_trigger.py
[2025-02-01T02:45:13.267+0000] {processor.py:753} INFO - DAG(s) dict_keys(['latest_only_with_trigger']) retrieved from /home/airflow/.local/lib/python3.7/site-packages/airflow/example_dags/example_latest_only_with_trigger.py
[2025-02-01T02:45:13.402+0000] {logging_mixin.py:137} INFO - [2025-02-01T02:45:13.401+0000] {dag.py:2690} INFO - Sync 1 DAGs
[2025-02-01T02:45:13.704+0000] {logging_mixin.py:137} INFO - [2025-02-01T02:45:13.704+0000] {dag.py:3441} INFO - Setting next_dagrun for latest_only_with_trigger to 2025-01-31T22:45:13.701635+00:00, run_after=2025-02-01T02:45:13.701635+00:00
[2025-02-01T02:45:13.836+0000] {processor.py:175} INFO - Processing /home/airflow/.local/lib/python3.7/site-packages/airflow/example_dags/example_latest_only_with_trigger.py took 0.744 seconds
[2025-02-01T02:45:44.477+0000] {processor.py:153} INFO - Started process (PID=652) to work on /home/airflow/.local/lib/python3.7/site-packages/airflow/example_dags/example_latest_only_with_trigger.py
[2025-02-01T02:45:44.491+0000] {processor.py:743} INFO - Processing file /home/airflow/.local/lib/python3.7/site-packages/airflow/example_dags/example_latest_only_with_trigger.py for tasks to queue
[2025-02-01T02:45:44.492+0000] {logging_mixin.py:137} INFO - [2025-02-01T02:45:44.492+0000] {dagbag.py:538} INFO - Filling up the DagBag from /home/airflow/.local/lib/python3.7/site-packages/airflow/example_dags/example_latest_only_with_trigger.py
[2025-02-01T02:45:44.588+0000] {processor.py:753} INFO - DAG(s) dict_keys(['latest_only_with_trigger']) retrieved from /home/airflow/.local/lib/python3.7/site-packages/airflow/example_dags/example_latest_only_with_trigger.py
[2025-02-01T02:45:44.736+0000] {logging_mixin.py:137} INFO - [2025-02-01T02:45:44.735+0000] {dag.py:2690} INFO - Sync 1 DAGs
[2025-02-01T02:45:44.919+0000] {logging_mixin.py:137} INFO - [2025-02-01T02:45:44.919+0000] {dag.py:3441} INFO - Setting next_dagrun for latest_only_with_trigger to 2025-01-31T22:45:44.918991+00:00, run_after=2025-02-01T02:45:44.918991+00:00
[2025-02-01T02:45:45.017+0000] {processor.py:175} INFO - Processing /home/airflow/.local/lib/python3.7/site-packages/airflow/example_dags/example_latest_only_with_trigger.py took 0.569 seconds
[2025-02-01T02:46:15.939+0000] {processor.py:153} INFO - Started process (PID=710) to work on /home/airflow/.local/lib/python3.7/site-packages/airflow/example_dags/example_latest_only_with_trigger.py
[2025-02-01T02:46:15.940+0000] {processor.py:743} INFO - Processing file /home/airflow/.local/lib/python3.7/site-packages/airflow/example_dags/example_latest_only_with_trigger.py for tasks to queue
[2025-02-01T02:46:15.941+0000] {logging_mixin.py:137} INFO - [2025-02-01T02:46:15.941+0000] {dagbag.py:538} INFO - Filling up the DagBag from /home/airflow/.local/lib/python3.7/site-packages/airflow/example_dags/example_latest_only_with_trigger.py
[2025-02-01T02:46:15.974+0000] {processor.py:753} INFO - DAG(s) dict_keys(['latest_only_with_trigger']) retrieved from /home/airflow/.local/lib/python3.7/site-packages/airflow/example_dags/example_latest_only_with_trigger.py
[2025-02-01T02:46:16.036+0000] {logging_mixin.py:137} INFO - [2025-02-01T02:46:16.036+0000] {dag.py:2690} INFO - Sync 1 DAGs
[2025-02-01T02:46:16.099+0000] {logging_mixin.py:137} INFO - [2025-02-01T02:46:16.099+0000] {dag.py:3441} INFO - Setting next_dagrun for latest_only_with_trigger to 2025-01-31T22:46:16.098964+00:00, run_after=2025-02-01T02:46:16.098964+00:00
[2025-02-01T02:46:16.146+0000] {processor.py:175} INFO - Processing /home/airflow/.local/lib/python3.7/site-packages/airflow/example_dags/example_latest_only_with_trigger.py took 0.219 seconds
[2025-02-01T02:46:46.302+0000] {processor.py:153} INFO - Started process (PID=769) to work on /home/airflow/.local/lib/python3.7/site-packages/airflow/example_dags/example_latest_only_with_trigger.py
[2025-02-01T02:46:46.304+0000] {processor.py:743} INFO - Processing file /home/airflow/.local/lib/python3.7/site-packages/airflow/example_dags/example_latest_only_with_trigger.py for tasks to queue
[2025-02-01T02:46:46.306+0000] {logging_mixin.py:137} INFO - [2025-02-01T02:46:46.305+0000] {dagbag.py:538} INFO - Filling up the DagBag from /home/airflow/.local/lib/python3.7/site-packages/airflow/example_dags/example_latest_only_with_trigger.py
[2025-02-01T02:46:46.377+0000] {processor.py:753} INFO - DAG(s) dict_keys(['latest_only_with_trigger']) retrieved from /home/airflow/.local/lib/python3.7/site-packages/airflow/example_dags/example_latest_only_with_trigger.py
[2025-02-01T02:46:46.492+0000] {logging_mixin.py:137} INFO - [2025-02-01T02:46:46.491+0000] {dag.py:2690} INFO - Sync 1 DAGs
[2025-02-01T02:46:46.613+0000] {logging_mixin.py:137} INFO - [2025-02-01T02:46:46.609+0000] {dag.py:3441} INFO - Setting next_dagrun for latest_only_with_trigger to 2025-01-31T22:46:46.609416+00:00, run_after=2025-02-01T02:46:46.609416+00:00
[2025-02-01T02:46:46.707+0000] {processor.py:175} INFO - Processing /home/airflow/.local/lib/python3.7/site-packages/airflow/example_dags/example_latest_only_with_trigger.py took 0.420 seconds
[2025-02-01T02:47:17.169+0000] {processor.py:153} INFO - Started process (PID=825) to work on /home/airflow/.local/lib/python3.7/site-packages/airflow/example_dags/example_latest_only_with_trigger.py
[2025-02-01T02:47:17.176+0000] {processor.py:743} INFO - Processing file /home/airflow/.local/lib/python3.7/site-packages/airflow/example_dags/example_latest_only_with_trigger.py for tasks to queue
[2025-02-01T02:47:17.180+0000] {logging_mixin.py:137} INFO - [2025-02-01T02:47:17.180+0000] {dagbag.py:538} INFO - Filling up the DagBag from /home/airflow/.local/lib/python3.7/site-packages/airflow/example_dags/example_latest_only_with_trigger.py
[2025-02-01T02:47:17.265+0000] {processor.py:753} INFO - DAG(s) dict_keys(['latest_only_with_trigger']) retrieved from /home/airflow/.local/lib/python3.7/site-packages/airflow/example_dags/example_latest_only_with_trigger.py
[2025-02-01T02:47:17.438+0000] {logging_mixin.py:137} INFO - [2025-02-01T02:47:17.437+0000] {dag.py:2690} INFO - Sync 1 DAGs
[2025-02-01T02:47:17.630+0000] {logging_mixin.py:137} INFO - [2025-02-01T02:47:17.629+0000] {dag.py:3441} INFO - Setting next_dagrun for latest_only_with_trigger to 2025-01-31T22:47:17.629212+00:00, run_after=2025-02-01T02:47:17.629212+00:00
[2025-02-01T02:47:17.775+0000] {processor.py:175} INFO - Processing /home/airflow/.local/lib/python3.7/site-packages/airflow/example_dags/example_latest_only_with_trigger.py took 0.649 seconds
[2025-02-01T02:47:48.170+0000] {processor.py:153} INFO - Started process (PID=877) to work on /home/airflow/.local/lib/python3.7/site-packages/airflow/example_dags/example_latest_only_with_trigger.py
[2025-02-01T02:47:48.175+0000] {processor.py:743} INFO - Processing file /home/airflow/.local/lib/python3.7/site-packages/airflow/example_dags/example_latest_only_with_trigger.py for tasks to queue
[2025-02-01T02:47:48.179+0000] {logging_mixin.py:137} INFO - [2025-02-01T02:47:48.176+0000] {dagbag.py:538} INFO - Filling up the DagBag from /home/airflow/.local/lib/python3.7/site-packages/airflow/example_dags/example_latest_only_with_trigger.py
[2025-02-01T02:47:48.281+0000] {processor.py:753} INFO - DAG(s) dict_keys(['latest_only_with_trigger']) retrieved from /home/airflow/.local/lib/python3.7/site-packages/airflow/example_dags/example_latest_only_with_trigger.py
[2025-02-01T02:47:48.466+0000] {logging_mixin.py:137} INFO - [2025-02-01T02:47:48.461+0000] {dag.py:2690} INFO - Sync 1 DAGs
[2025-02-01T02:47:48.670+0000] {logging_mixin.py:137} INFO - [2025-02-01T02:47:48.669+0000] {dag.py:3441} INFO - Setting next_dagrun for latest_only_with_trigger to 2025-01-31T22:47:48.667186+00:00, run_after=2025-02-01T02:47:48.667186+00:00
[2025-02-01T02:47:48.827+0000] {processor.py:175} INFO - Processing /home/airflow/.local/lib/python3.7/site-packages/airflow/example_dags/example_latest_only_with_trigger.py took 0.679 seconds
[2025-02-01T02:48:19.545+0000] {processor.py:153} INFO - Started process (PID=936) to work on /home/airflow/.local/lib/python3.7/site-packages/airflow/example_dags/example_latest_only_with_trigger.py
[2025-02-01T02:48:19.548+0000] {processor.py:743} INFO - Processing file /home/airflow/.local/lib/python3.7/site-packages/airflow/example_dags/example_latest_only_with_trigger.py for tasks to queue
[2025-02-01T02:48:19.554+0000] {logging_mixin.py:137} INFO - [2025-02-01T02:48:19.550+0000] {dagbag.py:538} INFO - Filling up the DagBag from /home/airflow/.local/lib/python3.7/site-packages/airflow/example_dags/example_latest_only_with_trigger.py
[2025-02-01T02:48:19.609+0000] {processor.py:753} INFO - DAG(s) dict_keys(['latest_only_with_trigger']) retrieved from /home/airflow/.local/lib/python3.7/site-packages/airflow/example_dags/example_latest_only_with_trigger.py
[2025-02-01T02:48:19.667+0000] {logging_mixin.py:137} INFO - [2025-02-01T02:48:19.666+0000] {dag.py:2690} INFO - Sync 1 DAGs
[2025-02-01T02:48:19.730+0000] {logging_mixin.py:137} INFO - [2025-02-01T02:48:19.730+0000] {dag.py:3441} INFO - Setting next_dagrun for latest_only_with_trigger to 2025-01-31T22:48:19.730031+00:00, run_after=2025-02-01T02:48:19.730031+00:00
[2025-02-01T02:48:19.812+0000] {processor.py:175} INFO - Processing /home/airflow/.local/lib/python3.7/site-packages/airflow/example_dags/example_latest_only_with_trigger.py took 0.287 seconds
[2025-02-01T02:48:50.025+0000] {processor.py:153} INFO - Started process (PID=996) to work on /home/airflow/.local/lib/python3.7/site-packages/airflow/example_dags/example_latest_only_with_trigger.py
[2025-02-01T02:48:50.027+0000] {processor.py:743} INFO - Processing file /home/airflow/.local/lib/python3.7/site-packages/airflow/example_dags/example_latest_only_with_trigger.py for tasks to queue
[2025-02-01T02:48:50.029+0000] {logging_mixin.py:137} INFO - [2025-02-01T02:48:50.029+0000] {dagbag.py:538} INFO - Filling up the DagBag from /home/airflow/.local/lib/python3.7/site-packages/airflow/example_dags/example_latest_only_with_trigger.py
[2025-02-01T02:48:50.062+0000] {processor.py:753} INFO - DAG(s) dict_keys(['latest_only_with_trigger']) retrieved from /home/airflow/.local/lib/python3.7/site-packages/airflow/example_dags/example_latest_only_with_trigger.py
[2025-02-01T02:48:50.120+0000] {logging_mixin.py:137} INFO - [2025-02-01T02:48:50.119+0000] {dag.py:2690} INFO - Sync 1 DAGs
[2025-02-01T02:48:50.182+0000] {logging_mixin.py:137} INFO - [2025-02-01T02:48:50.182+0000] {dag.py:3441} INFO - Setting next_dagrun for latest_only_with_trigger to 2025-01-31T22:48:50.182098+00:00, run_after=2025-02-01T02:48:50.182098+00:00
[2025-02-01T02:48:50.228+0000] {processor.py:175} INFO - Processing /home/airflow/.local/lib/python3.7/site-packages/airflow/example_dags/example_latest_only_with_trigger.py took 0.209 seconds
[2025-02-01T02:49:21.012+0000] {processor.py:153} INFO - Started process (PID=1055) to work on /home/airflow/.local/lib/python3.7/site-packages/airflow/example_dags/example_latest_only_with_trigger.py
[2025-02-01T02:49:21.017+0000] {processor.py:743} INFO - Processing file /home/airflow/.local/lib/python3.7/site-packages/airflow/example_dags/example_latest_only_with_trigger.py for tasks to queue
[2025-02-01T02:49:21.021+0000] {logging_mixin.py:137} INFO - [2025-02-01T02:49:21.019+0000] {dagbag.py:538} INFO - Filling up the DagBag from /home/airflow/.local/lib/python3.7/site-packages/airflow/example_dags/example_latest_only_with_trigger.py
[2025-02-01T02:49:21.120+0000] {processor.py:753} INFO - DAG(s) dict_keys(['latest_only_with_trigger']) retrieved from /home/airflow/.local/lib/python3.7/site-packages/airflow/example_dags/example_latest_only_with_trigger.py
[2025-02-01T02:49:21.296+0000] {logging_mixin.py:137} INFO - [2025-02-01T02:49:21.295+0000] {dag.py:2690} INFO - Sync 1 DAGs
[2025-02-01T02:49:21.457+0000] {logging_mixin.py:137} INFO - [2025-02-01T02:49:21.454+0000] {dag.py:3441} INFO - Setting next_dagrun for latest_only_with_trigger to 2025-01-31T22:49:21.454354+00:00, run_after=2025-02-01T02:49:21.454354+00:00
[2025-02-01T02:49:21.557+0000] {processor.py:175} INFO - Processing /home/airflow/.local/lib/python3.7/site-packages/airflow/example_dags/example_latest_only_with_trigger.py took 0.570 seconds
[2025-02-01T02:49:52.405+0000] {processor.py:153} INFO - Started process (PID=1112) to work on /home/airflow/.local/lib/python3.7/site-packages/airflow/example_dags/example_latest_only_with_trigger.py
[2025-02-01T02:49:52.407+0000] {processor.py:743} INFO - Processing file /home/airflow/.local/lib/python3.7/site-packages/airflow/example_dags/example_latest_only_with_trigger.py for tasks to queue
[2025-02-01T02:49:52.408+0000] {logging_mixin.py:137} INFO - [2025-02-01T02:49:52.408+0000] {dagbag.py:538} INFO - Filling up the DagBag from /home/airflow/.local/lib/python3.7/site-packages/airflow/example_dags/example_latest_only_with_trigger.py
[2025-02-01T02:49:52.444+0000] {processor.py:753} INFO - DAG(s) dict_keys(['latest_only_with_trigger']) retrieved from /home/airflow/.local/lib/python3.7/site-packages/airflow/example_dags/example_latest_only_with_trigger.py
[2025-02-01T02:49:52.552+0000] {logging_mixin.py:137} INFO - [2025-02-01T02:49:52.552+0000] {dag.py:2690} INFO - Sync 1 DAGs
[2025-02-01T02:49:52.687+0000] {logging_mixin.py:137} INFO - [2025-02-01T02:49:52.687+0000] {dag.py:3441} INFO - Setting next_dagrun for latest_only_with_trigger to 2025-01-31T22:49:52.686231+00:00, run_after=2025-02-01T02:49:52.686231+00:00
[2025-02-01T02:49:52.752+0000] {processor.py:175} INFO - Processing /home/airflow/.local/lib/python3.7/site-packages/airflow/example_dags/example_latest_only_with_trigger.py took 0.368 seconds
[2025-02-01T02:50:23.088+0000] {processor.py:153} INFO - Started process (PID=1162) to work on /home/airflow/.local/lib/python3.7/site-packages/airflow/example_dags/example_latest_only_with_trigger.py
[2025-02-01T02:50:23.090+0000] {processor.py:743} INFO - Processing file /home/airflow/.local/lib/python3.7/site-packages/airflow/example_dags/example_latest_only_with_trigger.py for tasks to queue
[2025-02-01T02:50:23.091+0000] {logging_mixin.py:137} INFO - [2025-02-01T02:50:23.091+0000] {dagbag.py:538} INFO - Filling up the DagBag from /home/airflow/.local/lib/python3.7/site-packages/airflow/example_dags/example_latest_only_with_trigger.py
[2025-02-01T02:50:23.125+0000] {processor.py:753} INFO - DAG(s) dict_keys(['latest_only_with_trigger']) retrieved from /home/airflow/.local/lib/python3.7/site-packages/airflow/example_dags/example_latest_only_with_trigger.py
[2025-02-01T02:50:23.182+0000] {logging_mixin.py:137} INFO - [2025-02-01T02:50:23.182+0000] {dag.py:2690} INFO - Sync 1 DAGs
[2025-02-01T02:50:23.244+0000] {logging_mixin.py:137} INFO - [2025-02-01T02:50:23.244+0000] {dag.py:3441} INFO - Setting next_dagrun for latest_only_with_trigger to 2025-01-31T22:50:23.243982+00:00, run_after=2025-02-01T02:50:23.243982+00:00
[2025-02-01T02:50:23.295+0000] {processor.py:175} INFO - Processing /home/airflow/.local/lib/python3.7/site-packages/airflow/example_dags/example_latest_only_with_trigger.py took 0.225 seconds
[2025-02-01T02:50:54.028+0000] {processor.py:153} INFO - Started process (PID=1221) to work on /home/airflow/.local/lib/python3.7/site-packages/airflow/example_dags/example_latest_only_with_trigger.py
[2025-02-01T02:50:54.030+0000] {processor.py:743} INFO - Processing file /home/airflow/.local/lib/python3.7/site-packages/airflow/example_dags/example_latest_only_with_trigger.py for tasks to queue
[2025-02-01T02:50:54.035+0000] {logging_mixin.py:137} INFO - [2025-02-01T02:50:54.032+0000] {dagbag.py:538} INFO - Filling up the DagBag from /home/airflow/.local/lib/python3.7/site-packages/airflow/example_dags/example_latest_only_with_trigger.py
[2025-02-01T02:50:54.069+0000] {processor.py:753} INFO - DAG(s) dict_keys(['latest_only_with_trigger']) retrieved from /home/airflow/.local/lib/python3.7/site-packages/airflow/example_dags/example_latest_only_with_trigger.py
[2025-02-01T02:50:54.126+0000] {logging_mixin.py:137} INFO - [2025-02-01T02:50:54.126+0000] {dag.py:2690} INFO - Sync 1 DAGs
[2025-02-01T02:50:54.190+0000] {logging_mixin.py:137} INFO - [2025-02-01T02:50:54.190+0000] {dag.py:3441} INFO - Setting next_dagrun for latest_only_with_trigger to 2025-01-31T22:50:54.189622+00:00, run_after=2025-02-01T02:50:54.189622+00:00
[2025-02-01T02:50:54.234+0000] {processor.py:175} INFO - Processing /home/airflow/.local/lib/python3.7/site-packages/airflow/example_dags/example_latest_only_with_trigger.py took 0.217 seconds
[2025-02-01T02:51:24.764+0000] {processor.py:153} INFO - Started process (PID=1276) to work on /home/airflow/.local/lib/python3.7/site-packages/airflow/example_dags/example_latest_only_with_trigger.py
[2025-02-01T02:51:24.767+0000] {processor.py:743} INFO - Processing file /home/airflow/.local/lib/python3.7/site-packages/airflow/example_dags/example_latest_only_with_trigger.py for tasks to queue
[2025-02-01T02:51:24.775+0000] {logging_mixin.py:137} INFO - [2025-02-01T02:51:24.775+0000] {dagbag.py:538} INFO - Filling up the DagBag from /home/airflow/.local/lib/python3.7/site-packages/airflow/example_dags/example_latest_only_with_trigger.py
[2025-02-01T02:51:24.916+0000] {processor.py:753} INFO - DAG(s) dict_keys(['latest_only_with_trigger']) retrieved from /home/airflow/.local/lib/python3.7/site-packages/airflow/example_dags/example_latest_only_with_trigger.py
[2025-02-01T02:51:25.156+0000] {logging_mixin.py:137} INFO - [2025-02-01T02:51:25.155+0000] {dag.py:2690} INFO - Sync 1 DAGs
[2025-02-01T02:51:25.387+0000] {logging_mixin.py:137} INFO - [2025-02-01T02:51:25.386+0000] {dag.py:3441} INFO - Setting next_dagrun for latest_only_with_trigger to 2025-01-31T22:51:25.378924+00:00, run_after=2025-02-01T02:51:25.378924+00:00
[2025-02-01T02:51:25.536+0000] {processor.py:175} INFO - Processing /home/airflow/.local/lib/python3.7/site-packages/airflow/example_dags/example_latest_only_with_trigger.py took 0.802 seconds
[2025-02-01T02:51:56.310+0000] {processor.py:153} INFO - Started process (PID=1328) to work on /home/airflow/.local/lib/python3.7/site-packages/airflow/example_dags/example_latest_only_with_trigger.py
[2025-02-01T02:51:56.321+0000] {processor.py:743} INFO - Processing file /home/airflow/.local/lib/python3.7/site-packages/airflow/example_dags/example_latest_only_with_trigger.py for tasks to queue
[2025-02-01T02:51:56.331+0000] {logging_mixin.py:137} INFO - [2025-02-01T02:51:56.325+0000] {dagbag.py:538} INFO - Filling up the DagBag from /home/airflow/.local/lib/python3.7/site-packages/airflow/example_dags/example_latest_only_with_trigger.py
[2025-02-01T02:51:56.395+0000] {processor.py:753} INFO - DAG(s) dict_keys(['latest_only_with_trigger']) retrieved from /home/airflow/.local/lib/python3.7/site-packages/airflow/example_dags/example_latest_only_with_trigger.py
[2025-02-01T02:51:56.510+0000] {logging_mixin.py:137} INFO - [2025-02-01T02:51:56.509+0000] {dag.py:2690} INFO - Sync 1 DAGs
[2025-02-01T02:51:56.641+0000] {logging_mixin.py:137} INFO - [2025-02-01T02:51:56.641+0000] {dag.py:3441} INFO - Setting next_dagrun for latest_only_with_trigger to 2025-01-31T22:51:56.641091+00:00, run_after=2025-02-01T02:51:56.641091+00:00
[2025-02-01T02:51:56.729+0000] {processor.py:175} INFO - Processing /home/airflow/.local/lib/python3.7/site-packages/airflow/example_dags/example_latest_only_with_trigger.py took 0.452 seconds
[2025-02-01T02:52:28.303+0000] {processor.py:153} INFO - Started process (PID=1386) to work on /home/airflow/.local/lib/python3.7/site-packages/airflow/example_dags/example_latest_only_with_trigger.py
[2025-02-01T02:52:28.304+0000] {processor.py:743} INFO - Processing file /home/airflow/.local/lib/python3.7/site-packages/airflow/example_dags/example_latest_only_with_trigger.py for tasks to queue
[2025-02-01T02:52:28.312+0000] {logging_mixin.py:137} INFO - [2025-02-01T02:52:28.309+0000] {dagbag.py:538} INFO - Filling up the DagBag from /home/airflow/.local/lib/python3.7/site-packages/airflow/example_dags/example_latest_only_with_trigger.py
[2025-02-01T02:52:28.416+0000] {processor.py:753} INFO - DAG(s) dict_keys(['latest_only_with_trigger']) retrieved from /home/airflow/.local/lib/python3.7/site-packages/airflow/example_dags/example_latest_only_with_trigger.py
[2025-02-01T02:52:28.534+0000] {logging_mixin.py:137} INFO - [2025-02-01T02:52:28.534+0000] {dag.py:2690} INFO - Sync 1 DAGs
[2025-02-01T02:52:28.710+0000] {logging_mixin.py:137} INFO - [2025-02-01T02:52:28.710+0000] {dag.py:3441} INFO - Setting next_dagrun for latest_only_with_trigger to 2025-01-31T22:52:28.709842+00:00, run_after=2025-02-01T02:52:28.709842+00:00
[2025-02-01T02:52:28.824+0000] {processor.py:175} INFO - Processing /home/airflow/.local/lib/python3.7/site-packages/airflow/example_dags/example_latest_only_with_trigger.py took 0.543 seconds
[2025-02-01T02:52:59.392+0000] {processor.py:153} INFO - Started process (PID=1445) to work on /home/airflow/.local/lib/python3.7/site-packages/airflow/example_dags/example_latest_only_with_trigger.py
[2025-02-01T02:52:59.398+0000] {processor.py:743} INFO - Processing file /home/airflow/.local/lib/python3.7/site-packages/airflow/example_dags/example_latest_only_with_trigger.py for tasks to queue
[2025-02-01T02:52:59.404+0000] {logging_mixin.py:137} INFO - [2025-02-01T02:52:59.399+0000] {dagbag.py:538} INFO - Filling up the DagBag from /home/airflow/.local/lib/python3.7/site-packages/airflow/example_dags/example_latest_only_with_trigger.py
[2025-02-01T02:52:59.512+0000] {processor.py:753} INFO - DAG(s) dict_keys(['latest_only_with_trigger']) retrieved from /home/airflow/.local/lib/python3.7/site-packages/airflow/example_dags/example_latest_only_with_trigger.py
[2025-02-01T02:52:59.750+0000] {logging_mixin.py:137} INFO - [2025-02-01T02:52:59.747+0000] {dag.py:2690} INFO - Sync 1 DAGs
[2025-02-01T02:53:00.111+0000] {logging_mixin.py:137} INFO - [2025-02-01T02:53:00.101+0000] {dag.py:3441} INFO - Setting next_dagrun for latest_only_with_trigger to 2025-01-31T22:53:00.101286+00:00, run_after=2025-02-01T02:53:00.101286+00:00
[2025-02-01T02:53:00.224+0000] {processor.py:175} INFO - Processing /home/airflow/.local/lib/python3.7/site-packages/airflow/example_dags/example_latest_only_with_trigger.py took 0.866 seconds
[2025-02-01T02:53:31.044+0000] {processor.py:153} INFO - Started process (PID=1504) to work on /home/airflow/.local/lib/python3.7/site-packages/airflow/example_dags/example_latest_only_with_trigger.py
[2025-02-01T02:53:31.045+0000] {processor.py:743} INFO - Processing file /home/airflow/.local/lib/python3.7/site-packages/airflow/example_dags/example_latest_only_with_trigger.py for tasks to queue
[2025-02-01T02:53:31.047+0000] {logging_mixin.py:137} INFO - [2025-02-01T02:53:31.047+0000] {dagbag.py:538} INFO - Filling up the DagBag from /home/airflow/.local/lib/python3.7/site-packages/airflow/example_dags/example_latest_only_with_trigger.py
[2025-02-01T02:53:31.091+0000] {processor.py:753} INFO - DAG(s) dict_keys(['latest_only_with_trigger']) retrieved from /home/airflow/.local/lib/python3.7/site-packages/airflow/example_dags/example_latest_only_with_trigger.py
[2025-02-01T02:53:31.149+0000] {logging_mixin.py:137} INFO - [2025-02-01T02:53:31.149+0000] {dag.py:2690} INFO - Sync 1 DAGs
[2025-02-01T02:53:31.212+0000] {logging_mixin.py:137} INFO - [2025-02-01T02:53:31.212+0000] {dag.py:3441} INFO - Setting next_dagrun for latest_only_with_trigger to 2025-01-31T22:53:31.211775+00:00, run_after=2025-02-01T02:53:31.211775+00:00
[2025-02-01T02:53:31.314+0000] {processor.py:175} INFO - Processing /home/airflow/.local/lib/python3.7/site-packages/airflow/example_dags/example_latest_only_with_trigger.py took 0.278 seconds
[2025-02-01T02:54:01.608+0000] {processor.py:153} INFO - Started process (PID=1563) to work on /home/airflow/.local/lib/python3.7/site-packages/airflow/example_dags/example_latest_only_with_trigger.py
[2025-02-01T02:54:01.610+0000] {processor.py:743} INFO - Processing file /home/airflow/.local/lib/python3.7/site-packages/airflow/example_dags/example_latest_only_with_trigger.py for tasks to queue
[2025-02-01T02:54:01.612+0000] {logging_mixin.py:137} INFO - [2025-02-01T02:54:01.611+0000] {dagbag.py:538} INFO - Filling up the DagBag from /home/airflow/.local/lib/python3.7/site-packages/airflow/example_dags/example_latest_only_with_trigger.py
[2025-02-01T02:54:01.645+0000] {processor.py:753} INFO - DAG(s) dict_keys(['latest_only_with_trigger']) retrieved from /home/airflow/.local/lib/python3.7/site-packages/airflow/example_dags/example_latest_only_with_trigger.py
[2025-02-01T02:54:01.716+0000] {logging_mixin.py:137} INFO - [2025-02-01T02:54:01.715+0000] {dag.py:2690} INFO - Sync 1 DAGs
[2025-02-01T02:54:01.781+0000] {logging_mixin.py:137} INFO - [2025-02-01T02:54:01.781+0000] {dag.py:3441} INFO - Setting next_dagrun for latest_only_with_trigger to 2025-01-31T22:54:01.780525+00:00, run_after=2025-02-01T02:54:01.780525+00:00
[2025-02-01T02:54:01.830+0000] {processor.py:175} INFO - Processing /home/airflow/.local/lib/python3.7/site-packages/airflow/example_dags/example_latest_only_with_trigger.py took 0.229 seconds
[2025-02-01T02:54:32.331+0000] {processor.py:153} INFO - Started process (PID=1621) to work on /home/airflow/.local/lib/python3.7/site-packages/airflow/example_dags/example_latest_only_with_trigger.py
[2025-02-01T02:54:32.332+0000] {processor.py:743} INFO - Processing file /home/airflow/.local/lib/python3.7/site-packages/airflow/example_dags/example_latest_only_with_trigger.py for tasks to queue
[2025-02-01T02:54:32.334+0000] {logging_mixin.py:137} INFO - [2025-02-01T02:54:32.333+0000] {dagbag.py:538} INFO - Filling up the DagBag from /home/airflow/.local/lib/python3.7/site-packages/airflow/example_dags/example_latest_only_with_trigger.py
[2025-02-01T02:54:32.366+0000] {processor.py:753} INFO - DAG(s) dict_keys(['latest_only_with_trigger']) retrieved from /home/airflow/.local/lib/python3.7/site-packages/airflow/example_dags/example_latest_only_with_trigger.py
[2025-02-01T02:54:32.425+0000] {logging_mixin.py:137} INFO - [2025-02-01T02:54:32.424+0000] {dag.py:2690} INFO - Sync 1 DAGs
[2025-02-01T02:54:32.496+0000] {logging_mixin.py:137} INFO - [2025-02-01T02:54:32.495+0000] {dag.py:3441} INFO - Setting next_dagrun for latest_only_with_trigger to 2025-01-31T22:54:32.495396+00:00, run_after=2025-02-01T02:54:32.495396+00:00
[2025-02-01T02:54:32.576+0000] {processor.py:175} INFO - Processing /home/airflow/.local/lib/python3.7/site-packages/airflow/example_dags/example_latest_only_with_trigger.py took 0.254 seconds
[2025-02-01T02:55:03.213+0000] {processor.py:153} INFO - Started process (PID=1671) to work on /home/airflow/.local/lib/python3.7/site-packages/airflow/example_dags/example_latest_only_with_trigger.py
[2025-02-01T02:55:03.217+0000] {processor.py:743} INFO - Processing file /home/airflow/.local/lib/python3.7/site-packages/airflow/example_dags/example_latest_only_with_trigger.py for tasks to queue
[2025-02-01T02:55:03.223+0000] {logging_mixin.py:137} INFO - [2025-02-01T02:55:03.219+0000] {dagbag.py:538} INFO - Filling up the DagBag from /home/airflow/.local/lib/python3.7/site-packages/airflow/example_dags/example_latest_only_with_trigger.py
[2025-02-01T02:55:03.299+0000] {processor.py:753} INFO - DAG(s) dict_keys(['latest_only_with_trigger']) retrieved from /home/airflow/.local/lib/python3.7/site-packages/airflow/example_dags/example_latest_only_with_trigger.py
[2025-02-01T02:55:03.405+0000] {logging_mixin.py:137} INFO - [2025-02-01T02:55:03.404+0000] {dag.py:2690} INFO - Sync 1 DAGs
[2025-02-01T02:55:03.529+0000] {logging_mixin.py:137} INFO - [2025-02-01T02:55:03.529+0000] {dag.py:3441} INFO - Setting next_dagrun for latest_only_with_trigger to 2025-01-31T22:55:03.527889+00:00, run_after=2025-02-01T02:55:03.527889+00:00
[2025-02-01T02:55:03.644+0000] {processor.py:175} INFO - Processing /home/airflow/.local/lib/python3.7/site-packages/airflow/example_dags/example_latest_only_with_trigger.py took 0.442 seconds
[2025-02-01T02:55:33.923+0000] {processor.py:153} INFO - Started process (PID=1730) to work on /home/airflow/.local/lib/python3.7/site-packages/airflow/example_dags/example_latest_only_with_trigger.py
[2025-02-01T02:55:33.924+0000] {processor.py:743} INFO - Processing file /home/airflow/.local/lib/python3.7/site-packages/airflow/example_dags/example_latest_only_with_trigger.py for tasks to queue
[2025-02-01T02:55:33.928+0000] {logging_mixin.py:137} INFO - [2025-02-01T02:55:33.928+0000] {dagbag.py:538} INFO - Filling up the DagBag from /home/airflow/.local/lib/python3.7/site-packages/airflow/example_dags/example_latest_only_with_trigger.py
[2025-02-01T02:55:33.999+0000] {processor.py:753} INFO - DAG(s) dict_keys(['latest_only_with_trigger']) retrieved from /home/airflow/.local/lib/python3.7/site-packages/airflow/example_dags/example_latest_only_with_trigger.py
[2025-02-01T02:55:34.129+0000] {logging_mixin.py:137} INFO - [2025-02-01T02:55:34.128+0000] {dag.py:2690} INFO - Sync 1 DAGs
[2025-02-01T02:55:34.254+0000] {logging_mixin.py:137} INFO - [2025-02-01T02:55:34.253+0000] {dag.py:3441} INFO - Setting next_dagrun for latest_only_with_trigger to 2025-01-31T22:55:34.253160+00:00, run_after=2025-02-01T02:55:34.253160+00:00
[2025-02-01T02:55:34.344+0000] {processor.py:175} INFO - Processing /home/airflow/.local/lib/python3.7/site-packages/airflow/example_dags/example_latest_only_with_trigger.py took 0.446 seconds
[2025-02-01T02:56:05.020+0000] {processor.py:153} INFO - Started process (PID=1789) to work on /home/airflow/.local/lib/python3.7/site-packages/airflow/example_dags/example_latest_only_with_trigger.py
[2025-02-01T02:56:05.024+0000] {processor.py:743} INFO - Processing file /home/airflow/.local/lib/python3.7/site-packages/airflow/example_dags/example_latest_only_with_trigger.py for tasks to queue
[2025-02-01T02:56:05.027+0000] {logging_mixin.py:137} INFO - [2025-02-01T02:56:05.025+0000] {dagbag.py:538} INFO - Filling up the DagBag from /home/airflow/.local/lib/python3.7/site-packages/airflow/example_dags/example_latest_only_with_trigger.py
[2025-02-01T02:56:05.095+0000] {processor.py:753} INFO - DAG(s) dict_keys(['latest_only_with_trigger']) retrieved from /home/airflow/.local/lib/python3.7/site-packages/airflow/example_dags/example_latest_only_with_trigger.py
[2025-02-01T02:56:05.169+0000] {logging_mixin.py:137} INFO - [2025-02-01T02:56:05.169+0000] {dag.py:2690} INFO - Sync 1 DAGs
[2025-02-01T02:56:05.245+0000] {logging_mixin.py:137} INFO - [2025-02-01T02:56:05.245+0000] {dag.py:3441} INFO - Setting next_dagrun for latest_only_with_trigger to 2025-01-31T22:56:05.244720+00:00, run_after=2025-02-01T02:56:05.244720+00:00
[2025-02-01T02:56:05.314+0000] {processor.py:175} INFO - Processing /home/airflow/.local/lib/python3.7/site-packages/airflow/example_dags/example_latest_only_with_trigger.py took 0.321 seconds
[2025-02-01T02:56:35.559+0000] {processor.py:153} INFO - Started process (PID=1847) to work on /home/airflow/.local/lib/python3.7/site-packages/airflow/example_dags/example_latest_only_with_trigger.py
[2025-02-01T02:56:35.562+0000] {processor.py:743} INFO - Processing file /home/airflow/.local/lib/python3.7/site-packages/airflow/example_dags/example_latest_only_with_trigger.py for tasks to queue
[2025-02-01T02:56:35.566+0000] {logging_mixin.py:137} INFO - [2025-02-01T02:56:35.564+0000] {dagbag.py:538} INFO - Filling up the DagBag from /home/airflow/.local/lib/python3.7/site-packages/airflow/example_dags/example_latest_only_with_trigger.py
[2025-02-01T02:56:35.620+0000] {processor.py:753} INFO - DAG(s) dict_keys(['latest_only_with_trigger']) retrieved from /home/airflow/.local/lib/python3.7/site-packages/airflow/example_dags/example_latest_only_with_trigger.py
[2025-02-01T02:56:35.767+0000] {logging_mixin.py:137} INFO - [2025-02-01T02:56:35.766+0000] {dag.py:2690} INFO - Sync 1 DAGs
[2025-02-01T02:56:35.969+0000] {logging_mixin.py:137} INFO - [2025-02-01T02:56:35.968+0000] {dag.py:3441} INFO - Setting next_dagrun for latest_only_with_trigger to 2025-01-31T22:56:35.968222+00:00, run_after=2025-02-01T02:56:35.968222+00:00
[2025-02-01T02:56:36.104+0000] {processor.py:175} INFO - Processing /home/airflow/.local/lib/python3.7/site-packages/airflow/example_dags/example_latest_only_with_trigger.py took 0.561 seconds
[2025-02-01T02:57:06.166+0000] {processor.py:153} INFO - Started process (PID=1905) to work on /home/airflow/.local/lib/python3.7/site-packages/airflow/example_dags/example_latest_only_with_trigger.py
[2025-02-01T02:57:06.170+0000] {processor.py:743} INFO - Processing file /home/airflow/.local/lib/python3.7/site-packages/airflow/example_dags/example_latest_only_with_trigger.py for tasks to queue
[2025-02-01T02:57:06.172+0000] {logging_mixin.py:137} INFO - [2025-02-01T02:57:06.171+0000] {dagbag.py:538} INFO - Filling up the DagBag from /home/airflow/.local/lib/python3.7/site-packages/airflow/example_dags/example_latest_only_with_trigger.py
[2025-02-01T02:57:06.215+0000] {processor.py:753} INFO - DAG(s) dict_keys(['latest_only_with_trigger']) retrieved from /home/airflow/.local/lib/python3.7/site-packages/airflow/example_dags/example_latest_only_with_trigger.py
[2025-02-01T02:57:06.282+0000] {logging_mixin.py:137} INFO - [2025-02-01T02:57:06.282+0000] {dag.py:2690} INFO - Sync 1 DAGs
[2025-02-01T02:57:06.352+0000] {logging_mixin.py:137} INFO - [2025-02-01T02:57:06.352+0000] {dag.py:3441} INFO - Setting next_dagrun for latest_only_with_trigger to 2025-01-31T22:57:06.351397+00:00, run_after=2025-02-01T02:57:06.351397+00:00
[2025-02-01T02:57:06.399+0000] {processor.py:175} INFO - Processing /home/airflow/.local/lib/python3.7/site-packages/airflow/example_dags/example_latest_only_with_trigger.py took 0.239 seconds
[2025-02-01T02:57:36.659+0000] {processor.py:153} INFO - Started process (PID=1955) to work on /home/airflow/.local/lib/python3.7/site-packages/airflow/example_dags/example_latest_only_with_trigger.py
[2025-02-01T02:57:36.660+0000] {processor.py:743} INFO - Processing file /home/airflow/.local/lib/python3.7/site-packages/airflow/example_dags/example_latest_only_with_trigger.py for tasks to queue
[2025-02-01T02:57:36.662+0000] {logging_mixin.py:137} INFO - [2025-02-01T02:57:36.661+0000] {dagbag.py:538} INFO - Filling up the DagBag from /home/airflow/.local/lib/python3.7/site-packages/airflow/example_dags/example_latest_only_with_trigger.py
[2025-02-01T02:57:36.695+0000] {processor.py:753} INFO - DAG(s) dict_keys(['latest_only_with_trigger']) retrieved from /home/airflow/.local/lib/python3.7/site-packages/airflow/example_dags/example_latest_only_with_trigger.py
[2025-02-01T02:57:36.753+0000] {logging_mixin.py:137} INFO - [2025-02-01T02:57:36.752+0000] {dag.py:2690} INFO - Sync 1 DAGs
[2025-02-01T02:57:36.815+0000] {logging_mixin.py:137} INFO - [2025-02-01T02:57:36.815+0000] {dag.py:3441} INFO - Setting next_dagrun for latest_only_with_trigger to 2025-01-31T22:57:36.814614+00:00, run_after=2025-02-01T02:57:36.814614+00:00
[2025-02-01T02:57:36.862+0000] {processor.py:175} INFO - Processing /home/airflow/.local/lib/python3.7/site-packages/airflow/example_dags/example_latest_only_with_trigger.py took 0.210 seconds
[2025-02-01T02:58:09.485+0000] {processor.py:153} INFO - Started process (PID=2014) to work on /home/airflow/.local/lib/python3.7/site-packages/airflow/example_dags/example_latest_only_with_trigger.py
[2025-02-01T02:58:09.494+0000] {processor.py:743} INFO - Processing file /home/airflow/.local/lib/python3.7/site-packages/airflow/example_dags/example_latest_only_with_trigger.py for tasks to queue
[2025-02-01T02:58:09.501+0000] {logging_mixin.py:137} INFO - [2025-02-01T02:58:09.498+0000] {dagbag.py:538} INFO - Filling up the DagBag from /home/airflow/.local/lib/python3.7/site-packages/airflow/example_dags/example_latest_only_with_trigger.py
[2025-02-01T02:58:09.626+0000] {processor.py:753} INFO - DAG(s) dict_keys(['latest_only_with_trigger']) retrieved from /home/airflow/.local/lib/python3.7/site-packages/airflow/example_dags/example_latest_only_with_trigger.py
[2025-02-01T02:58:09.715+0000] {logging_mixin.py:137} INFO - [2025-02-01T02:58:09.715+0000] {dag.py:2690} INFO - Sync 1 DAGs
[2025-02-01T02:58:09.782+0000] {logging_mixin.py:137} INFO - [2025-02-01T02:58:09.781+0000] {dag.py:3441} INFO - Setting next_dagrun for latest_only_with_trigger to 2025-01-31T22:58:09.781126+00:00, run_after=2025-02-01T02:58:09.781126+00:00
[2025-02-01T02:58:09.865+0000] {processor.py:175} INFO - Processing /home/airflow/.local/lib/python3.7/site-packages/airflow/example_dags/example_latest_only_with_trigger.py took 0.407 seconds
[2025-02-01T02:58:40.802+0000] {processor.py:153} INFO - Started process (PID=2064) to work on /home/airflow/.local/lib/python3.7/site-packages/airflow/example_dags/example_latest_only_with_trigger.py
[2025-02-01T02:58:40.808+0000] {processor.py:743} INFO - Processing file /home/airflow/.local/lib/python3.7/site-packages/airflow/example_dags/example_latest_only_with_trigger.py for tasks to queue
[2025-02-01T02:58:40.814+0000] {logging_mixin.py:137} INFO - [2025-02-01T02:58:40.813+0000] {dagbag.py:538} INFO - Filling up the DagBag from /home/airflow/.local/lib/python3.7/site-packages/airflow/example_dags/example_latest_only_with_trigger.py
[2025-02-01T02:58:40.966+0000] {processor.py:753} INFO - DAG(s) dict_keys(['latest_only_with_trigger']) retrieved from /home/airflow/.local/lib/python3.7/site-packages/airflow/example_dags/example_latest_only_with_trigger.py
[2025-02-01T02:58:41.154+0000] {logging_mixin.py:137} INFO - [2025-02-01T02:58:41.151+0000] {dag.py:2690} INFO - Sync 1 DAGs
[2025-02-01T02:58:41.354+0000] {logging_mixin.py:137} INFO - [2025-02-01T02:58:41.353+0000] {dag.py:3441} INFO - Setting next_dagrun for latest_only_with_trigger to 2025-01-31T22:58:41.353186+00:00, run_after=2025-02-01T02:58:41.353186+00:00
[2025-02-01T02:58:41.483+0000] {processor.py:175} INFO - Processing /home/airflow/.local/lib/python3.7/site-packages/airflow/example_dags/example_latest_only_with_trigger.py took 0.710 seconds
[2025-02-01T02:59:12.528+0000] {processor.py:153} INFO - Started process (PID=2123) to work on /home/airflow/.local/lib/python3.7/site-packages/airflow/example_dags/example_latest_only_with_trigger.py
[2025-02-01T02:59:12.532+0000] {processor.py:743} INFO - Processing file /home/airflow/.local/lib/python3.7/site-packages/airflow/example_dags/example_latest_only_with_trigger.py for tasks to queue
[2025-02-01T02:59:12.536+0000] {logging_mixin.py:137} INFO - [2025-02-01T02:59:12.534+0000] {dagbag.py:538} INFO - Filling up the DagBag from /home/airflow/.local/lib/python3.7/site-packages/airflow/example_dags/example_latest_only_with_trigger.py
[2025-02-01T02:59:12.574+0000] {processor.py:753} INFO - DAG(s) dict_keys(['latest_only_with_trigger']) retrieved from /home/airflow/.local/lib/python3.7/site-packages/airflow/example_dags/example_latest_only_with_trigger.py
[2025-02-01T02:59:12.635+0000] {logging_mixin.py:137} INFO - [2025-02-01T02:59:12.634+0000] {dag.py:2690} INFO - Sync 1 DAGs
[2025-02-01T02:59:12.699+0000] {logging_mixin.py:137} INFO - [2025-02-01T02:59:12.698+0000] {dag.py:3441} INFO - Setting next_dagrun for latest_only_with_trigger to 2025-01-31T22:59:12.698320+00:00, run_after=2025-02-01T02:59:12.698320+00:00
[2025-02-01T02:59:12.746+0000] {processor.py:175} INFO - Processing /home/airflow/.local/lib/python3.7/site-packages/airflow/example_dags/example_latest_only_with_trigger.py took 0.227 seconds
[2025-02-01T02:59:43.410+0000] {processor.py:153} INFO - Started process (PID=2181) to work on /home/airflow/.local/lib/python3.7/site-packages/airflow/example_dags/example_latest_only_with_trigger.py
[2025-02-01T02:59:43.412+0000] {processor.py:743} INFO - Processing file /home/airflow/.local/lib/python3.7/site-packages/airflow/example_dags/example_latest_only_with_trigger.py for tasks to queue
[2025-02-01T02:59:43.413+0000] {logging_mixin.py:137} INFO - [2025-02-01T02:59:43.413+0000] {dagbag.py:538} INFO - Filling up the DagBag from /home/airflow/.local/lib/python3.7/site-packages/airflow/example_dags/example_latest_only_with_trigger.py
[2025-02-01T02:59:43.449+0000] {processor.py:753} INFO - DAG(s) dict_keys(['latest_only_with_trigger']) retrieved from /home/airflow/.local/lib/python3.7/site-packages/airflow/example_dags/example_latest_only_with_trigger.py
[2025-02-01T02:59:43.509+0000] {logging_mixin.py:137} INFO - [2025-02-01T02:59:43.509+0000] {dag.py:2690} INFO - Sync 1 DAGs
[2025-02-01T02:59:43.573+0000] {logging_mixin.py:137} INFO - [2025-02-01T02:59:43.572+0000] {dag.py:3441} INFO - Setting next_dagrun for latest_only_with_trigger to 2025-01-31T22:59:43.572267+00:00, run_after=2025-02-01T02:59:43.572267+00:00
[2025-02-01T02:59:43.618+0000] {processor.py:175} INFO - Processing /home/airflow/.local/lib/python3.7/site-packages/airflow/example_dags/example_latest_only_with_trigger.py took 0.216 seconds
[2025-02-01T03:00:14.484+0000] {processor.py:153} INFO - Started process (PID=2239) to work on /home/airflow/.local/lib/python3.7/site-packages/airflow/example_dags/example_latest_only_with_trigger.py
[2025-02-01T03:00:14.496+0000] {processor.py:743} INFO - Processing file /home/airflow/.local/lib/python3.7/site-packages/airflow/example_dags/example_latest_only_with_trigger.py for tasks to queue
[2025-02-01T03:00:14.498+0000] {logging_mixin.py:137} INFO - [2025-02-01T03:00:14.497+0000] {dagbag.py:538} INFO - Filling up the DagBag from /home/airflow/.local/lib/python3.7/site-packages/airflow/example_dags/example_latest_only_with_trigger.py
[2025-02-01T03:00:14.663+0000] {processor.py:753} INFO - DAG(s) dict_keys(['latest_only_with_trigger']) retrieved from /home/airflow/.local/lib/python3.7/site-packages/airflow/example_dags/example_latest_only_with_trigger.py
[2025-02-01T03:00:14.834+0000] {logging_mixin.py:137} INFO - [2025-02-01T03:00:14.833+0000] {dag.py:2690} INFO - Sync 1 DAGs
[2025-02-01T03:00:15.133+0000] {logging_mixin.py:137} INFO - [2025-02-01T03:00:15.129+0000] {dag.py:3441} INFO - Setting next_dagrun for latest_only_with_trigger to 2025-01-31T23:00:15.129398+00:00, run_after=2025-02-01T03:00:15.129398+00:00
[2025-02-01T03:00:15.294+0000] {processor.py:175} INFO - Processing /home/airflow/.local/lib/python3.7/site-packages/airflow/example_dags/example_latest_only_with_trigger.py took 0.863 seconds
[2025-02-01T03:00:45.910+0000] {processor.py:153} INFO - Started process (PID=2289) to work on /home/airflow/.local/lib/python3.7/site-packages/airflow/example_dags/example_latest_only_with_trigger.py
[2025-02-01T03:00:45.912+0000] {processor.py:743} INFO - Processing file /home/airflow/.local/lib/python3.7/site-packages/airflow/example_dags/example_latest_only_with_trigger.py for tasks to queue
[2025-02-01T03:00:45.913+0000] {logging_mixin.py:137} INFO - [2025-02-01T03:00:45.913+0000] {dagbag.py:538} INFO - Filling up the DagBag from /home/airflow/.local/lib/python3.7/site-packages/airflow/example_dags/example_latest_only_with_trigger.py
[2025-02-01T03:00:45.947+0000] {processor.py:753} INFO - DAG(s) dict_keys(['latest_only_with_trigger']) retrieved from /home/airflow/.local/lib/python3.7/site-packages/airflow/example_dags/example_latest_only_with_trigger.py
[2025-02-01T03:00:46.004+0000] {logging_mixin.py:137} INFO - [2025-02-01T03:00:46.003+0000] {dag.py:2690} INFO - Sync 1 DAGs
[2025-02-01T03:00:46.067+0000] {logging_mixin.py:137} INFO - [2025-02-01T03:00:46.067+0000] {dag.py:3441} INFO - Setting next_dagrun for latest_only_with_trigger to 2025-01-31T23:00:46.067052+00:00, run_after=2025-02-01T03:00:46.067052+00:00
[2025-02-01T03:00:46.112+0000] {processor.py:175} INFO - Processing /home/airflow/.local/lib/python3.7/site-packages/airflow/example_dags/example_latest_only_with_trigger.py took 0.209 seconds
[2025-02-01T03:01:16.664+0000] {processor.py:153} INFO - Started process (PID=2348) to work on /home/airflow/.local/lib/python3.7/site-packages/airflow/example_dags/example_latest_only_with_trigger.py
[2025-02-01T03:01:16.666+0000] {processor.py:743} INFO - Processing file /home/airflow/.local/lib/python3.7/site-packages/airflow/example_dags/example_latest_only_with_trigger.py for tasks to queue
[2025-02-01T03:01:16.667+0000] {logging_mixin.py:137} INFO - [2025-02-01T03:01:16.667+0000] {dagbag.py:538} INFO - Filling up the DagBag from /home/airflow/.local/lib/python3.7/site-packages/airflow/example_dags/example_latest_only_with_trigger.py
[2025-02-01T03:01:16.705+0000] {processor.py:753} INFO - DAG(s) dict_keys(['latest_only_with_trigger']) retrieved from /home/airflow/.local/lib/python3.7/site-packages/airflow/example_dags/example_latest_only_with_trigger.py
[2025-02-01T03:01:16.768+0000] {logging_mixin.py:137} INFO - [2025-02-01T03:01:16.768+0000] {dag.py:2690} INFO - Sync 1 DAGs
[2025-02-01T03:01:16.831+0000] {logging_mixin.py:137} INFO - [2025-02-01T03:01:16.830+0000] {dag.py:3441} INFO - Setting next_dagrun for latest_only_with_trigger to 2025-01-31T23:01:16.830418+00:00, run_after=2025-02-01T03:01:16.830418+00:00
[2025-02-01T03:01:16.905+0000] {processor.py:175} INFO - Processing /home/airflow/.local/lib/python3.7/site-packages/airflow/example_dags/example_latest_only_with_trigger.py took 0.254 seconds
[2025-02-01T03:01:47.665+0000] {processor.py:153} INFO - Started process (PID=2407) to work on /home/airflow/.local/lib/python3.7/site-packages/airflow/example_dags/example_latest_only_with_trigger.py
[2025-02-01T03:01:47.670+0000] {processor.py:743} INFO - Processing file /home/airflow/.local/lib/python3.7/site-packages/airflow/example_dags/example_latest_only_with_trigger.py for tasks to queue
[2025-02-01T03:01:47.672+0000] {logging_mixin.py:137} INFO - [2025-02-01T03:01:47.671+0000] {dagbag.py:538} INFO - Filling up the DagBag from /home/airflow/.local/lib/python3.7/site-packages/airflow/example_dags/example_latest_only_with_trigger.py
[2025-02-01T03:01:47.786+0000] {processor.py:753} INFO - DAG(s) dict_keys(['latest_only_with_trigger']) retrieved from /home/airflow/.local/lib/python3.7/site-packages/airflow/example_dags/example_latest_only_with_trigger.py
[2025-02-01T03:01:47.927+0000] {logging_mixin.py:137} INFO - [2025-02-01T03:01:47.927+0000] {dag.py:2690} INFO - Sync 1 DAGs
[2025-02-01T03:01:48.093+0000] {logging_mixin.py:137} INFO - [2025-02-01T03:01:48.092+0000] {dag.py:3441} INFO - Setting next_dagrun for latest_only_with_trigger to 2025-01-31T23:01:48.092171+00:00, run_after=2025-02-01T03:01:48.092171+00:00
[2025-02-01T03:01:48.225+0000] {processor.py:175} INFO - Processing /home/airflow/.local/lib/python3.7/site-packages/airflow/example_dags/example_latest_only_with_trigger.py took 0.593 seconds
[2025-02-01T03:02:18.487+0000] {processor.py:153} INFO - Started process (PID=2465) to work on /home/airflow/.local/lib/python3.7/site-packages/airflow/example_dags/example_latest_only_with_trigger.py
[2025-02-01T03:02:18.491+0000] {processor.py:743} INFO - Processing file /home/airflow/.local/lib/python3.7/site-packages/airflow/example_dags/example_latest_only_with_trigger.py for tasks to queue
[2025-02-01T03:02:18.493+0000] {logging_mixin.py:137} INFO - [2025-02-01T03:02:18.492+0000] {dagbag.py:538} INFO - Filling up the DagBag from /home/airflow/.local/lib/python3.7/site-packages/airflow/example_dags/example_latest_only_with_trigger.py
[2025-02-01T03:02:18.573+0000] {processor.py:753} INFO - DAG(s) dict_keys(['latest_only_with_trigger']) retrieved from /home/airflow/.local/lib/python3.7/site-packages/airflow/example_dags/example_latest_only_with_trigger.py
[2025-02-01T03:02:18.649+0000] {logging_mixin.py:137} INFO - [2025-02-01T03:02:18.649+0000] {dag.py:2690} INFO - Sync 1 DAGs
[2025-02-01T03:02:18.714+0000] {logging_mixin.py:137} INFO - [2025-02-01T03:02:18.714+0000] {dag.py:3441} INFO - Setting next_dagrun for latest_only_with_trigger to 2025-01-31T23:02:18.713931+00:00, run_after=2025-02-01T03:02:18.713931+00:00
[2025-02-01T03:02:18.785+0000] {processor.py:175} INFO - Processing /home/airflow/.local/lib/python3.7/site-packages/airflow/example_dags/example_latest_only_with_trigger.py took 0.316 seconds
[2025-02-01T03:02:49.107+0000] {processor.py:153} INFO - Started process (PID=2521) to work on /home/airflow/.local/lib/python3.7/site-packages/airflow/example_dags/example_latest_only_with_trigger.py
[2025-02-01T03:02:49.109+0000] {processor.py:743} INFO - Processing file /home/airflow/.local/lib/python3.7/site-packages/airflow/example_dags/example_latest_only_with_trigger.py for tasks to queue
[2025-02-01T03:02:49.110+0000] {logging_mixin.py:137} INFO - [2025-02-01T03:02:49.110+0000] {dagbag.py:538} INFO - Filling up the DagBag from /home/airflow/.local/lib/python3.7/site-packages/airflow/example_dags/example_latest_only_with_trigger.py
[2025-02-01T03:02:49.145+0000] {processor.py:753} INFO - DAG(s) dict_keys(['latest_only_with_trigger']) retrieved from /home/airflow/.local/lib/python3.7/site-packages/airflow/example_dags/example_latest_only_with_trigger.py
[2025-02-01T03:02:49.203+0000] {logging_mixin.py:137} INFO - [2025-02-01T03:02:49.202+0000] {dag.py:2690} INFO - Sync 1 DAGs
[2025-02-01T03:02:49.271+0000] {logging_mixin.py:137} INFO - [2025-02-01T03:02:49.271+0000] {dag.py:3441} INFO - Setting next_dagrun for latest_only_with_trigger to 2025-01-31T23:02:49.270913+00:00, run_after=2025-02-01T03:02:49.270913+00:00
[2025-02-01T03:02:49.317+0000] {processor.py:175} INFO - Processing /home/airflow/.local/lib/python3.7/site-packages/airflow/example_dags/example_latest_only_with_trigger.py took 0.218 seconds
[2025-02-01T03:03:19.797+0000] {processor.py:153} INFO - Started process (PID=2573) to work on /home/airflow/.local/lib/python3.7/site-packages/airflow/example_dags/example_latest_only_with_trigger.py
[2025-02-01T03:03:19.798+0000] {processor.py:743} INFO - Processing file /home/airflow/.local/lib/python3.7/site-packages/airflow/example_dags/example_latest_only_with_trigger.py for tasks to queue
[2025-02-01T03:03:19.800+0000] {logging_mixin.py:137} INFO - [2025-02-01T03:03:19.799+0000] {dagbag.py:538} INFO - Filling up the DagBag from /home/airflow/.local/lib/python3.7/site-packages/airflow/example_dags/example_latest_only_with_trigger.py
[2025-02-01T03:03:19.834+0000] {processor.py:753} INFO - DAG(s) dict_keys(['latest_only_with_trigger']) retrieved from /home/airflow/.local/lib/python3.7/site-packages/airflow/example_dags/example_latest_only_with_trigger.py
[2025-02-01T03:03:19.895+0000] {logging_mixin.py:137} INFO - [2025-02-01T03:03:19.894+0000] {dag.py:2690} INFO - Sync 1 DAGs
[2025-02-01T03:03:19.961+0000] {logging_mixin.py:137} INFO - [2025-02-01T03:03:19.961+0000] {dag.py:3441} INFO - Setting next_dagrun for latest_only_with_trigger to 2025-01-31T23:03:19.960524+00:00, run_after=2025-02-01T03:03:19.960524+00:00
[2025-02-01T03:03:20.007+0000] {processor.py:175} INFO - Processing /home/airflow/.local/lib/python3.7/site-packages/airflow/example_dags/example_latest_only_with_trigger.py took 0.219 seconds
[2025-02-01T03:03:51.136+0000] {processor.py:153} INFO - Started process (PID=2631) to work on /home/airflow/.local/lib/python3.7/site-packages/airflow/example_dags/example_latest_only_with_trigger.py
[2025-02-01T03:03:51.145+0000] {processor.py:743} INFO - Processing file /home/airflow/.local/lib/python3.7/site-packages/airflow/example_dags/example_latest_only_with_trigger.py for tasks to queue
[2025-02-01T03:03:51.154+0000] {logging_mixin.py:137} INFO - [2025-02-01T03:03:51.154+0000] {dagbag.py:538} INFO - Filling up the DagBag from /home/airflow/.local/lib/python3.7/site-packages/airflow/example_dags/example_latest_only_with_trigger.py
[2025-02-01T03:03:51.414+0000] {processor.py:753} INFO - DAG(s) dict_keys(['latest_only_with_trigger']) retrieved from /home/airflow/.local/lib/python3.7/site-packages/airflow/example_dags/example_latest_only_with_trigger.py
[2025-02-01T03:03:51.751+0000] {logging_mixin.py:137} INFO - [2025-02-01T03:03:51.751+0000] {dag.py:2690} INFO - Sync 1 DAGs
[2025-02-01T03:03:52.042+0000] {logging_mixin.py:137} INFO - [2025-02-01T03:03:52.039+0000] {dag.py:3441} INFO - Setting next_dagrun for latest_only_with_trigger to 2025-01-31T23:03:52.039304+00:00, run_after=2025-02-01T03:03:52.039304+00:00
[2025-02-01T03:03:52.256+0000] {processor.py:175} INFO - Processing /home/airflow/.local/lib/python3.7/site-packages/airflow/example_dags/example_latest_only_with_trigger.py took 1.155 seconds
[2025-02-01T03:04:23.087+0000] {processor.py:153} INFO - Started process (PID=2681) to work on /home/airflow/.local/lib/python3.7/site-packages/airflow/example_dags/example_latest_only_with_trigger.py
[2025-02-01T03:04:23.089+0000] {processor.py:743} INFO - Processing file /home/airflow/.local/lib/python3.7/site-packages/airflow/example_dags/example_latest_only_with_trigger.py for tasks to queue
[2025-02-01T03:04:23.091+0000] {logging_mixin.py:137} INFO - [2025-02-01T03:04:23.090+0000] {dagbag.py:538} INFO - Filling up the DagBag from /home/airflow/.local/lib/python3.7/site-packages/airflow/example_dags/example_latest_only_with_trigger.py
[2025-02-01T03:04:23.130+0000] {processor.py:753} INFO - DAG(s) dict_keys(['latest_only_with_trigger']) retrieved from /home/airflow/.local/lib/python3.7/site-packages/airflow/example_dags/example_latest_only_with_trigger.py
[2025-02-01T03:04:23.187+0000] {logging_mixin.py:137} INFO - [2025-02-01T03:04:23.186+0000] {dag.py:2690} INFO - Sync 1 DAGs
[2025-02-01T03:04:23.251+0000] {logging_mixin.py:137} INFO - [2025-02-01T03:04:23.251+0000] {dag.py:3441} INFO - Setting next_dagrun for latest_only_with_trigger to 2025-01-31T23:04:23.250900+00:00, run_after=2025-02-01T03:04:23.250900+00:00
[2025-02-01T03:04:23.306+0000] {processor.py:175} INFO - Processing /home/airflow/.local/lib/python3.7/site-packages/airflow/example_dags/example_latest_only_with_trigger.py took 0.226 seconds
[2025-02-01T03:04:53.838+0000] {processor.py:153} INFO - Started process (PID=2739) to work on /home/airflow/.local/lib/python3.7/site-packages/airflow/example_dags/example_latest_only_with_trigger.py
[2025-02-01T03:04:53.840+0000] {processor.py:743} INFO - Processing file /home/airflow/.local/lib/python3.7/site-packages/airflow/example_dags/example_latest_only_with_trigger.py for tasks to queue
[2025-02-01T03:04:53.841+0000] {logging_mixin.py:137} INFO - [2025-02-01T03:04:53.841+0000] {dagbag.py:538} INFO - Filling up the DagBag from /home/airflow/.local/lib/python3.7/site-packages/airflow/example_dags/example_latest_only_with_trigger.py
[2025-02-01T03:04:53.876+0000] {processor.py:753} INFO - DAG(s) dict_keys(['latest_only_with_trigger']) retrieved from /home/airflow/.local/lib/python3.7/site-packages/airflow/example_dags/example_latest_only_with_trigger.py
[2025-02-01T03:04:53.943+0000] {logging_mixin.py:137} INFO - [2025-02-01T03:04:53.943+0000] {dag.py:2690} INFO - Sync 1 DAGs
[2025-02-01T03:04:54.011+0000] {logging_mixin.py:137} INFO - [2025-02-01T03:04:54.011+0000] {dag.py:3441} INFO - Setting next_dagrun for latest_only_with_trigger to 2025-01-31T23:04:54.010664+00:00, run_after=2025-02-01T03:04:54.010664+00:00
[2025-02-01T03:04:54.062+0000] {processor.py:175} INFO - Processing /home/airflow/.local/lib/python3.7/site-packages/airflow/example_dags/example_latest_only_with_trigger.py took 0.231 seconds
[2025-02-01T03:05:24.359+0000] {processor.py:153} INFO - Started process (PID=2798) to work on /home/airflow/.local/lib/python3.7/site-packages/airflow/example_dags/example_latest_only_with_trigger.py
[2025-02-01T03:05:24.364+0000] {processor.py:743} INFO - Processing file /home/airflow/.local/lib/python3.7/site-packages/airflow/example_dags/example_latest_only_with_trigger.py for tasks to queue
[2025-02-01T03:05:24.368+0000] {logging_mixin.py:137} INFO - [2025-02-01T03:05:24.365+0000] {dagbag.py:538} INFO - Filling up the DagBag from /home/airflow/.local/lib/python3.7/site-packages/airflow/example_dags/example_latest_only_with_trigger.py
[2025-02-01T03:05:24.431+0000] {processor.py:753} INFO - DAG(s) dict_keys(['latest_only_with_trigger']) retrieved from /home/airflow/.local/lib/python3.7/site-packages/airflow/example_dags/example_latest_only_with_trigger.py
[2025-02-01T03:05:24.490+0000] {logging_mixin.py:137} INFO - [2025-02-01T03:05:24.490+0000] {dag.py:2690} INFO - Sync 1 DAGs
[2025-02-01T03:05:24.605+0000] {logging_mixin.py:137} INFO - [2025-02-01T03:05:24.605+0000] {dag.py:3441} INFO - Setting next_dagrun for latest_only_with_trigger to 2025-01-31T23:05:24.604883+00:00, run_after=2025-02-01T03:05:24.604883+00:00
[2025-02-01T03:05:24.651+0000] {processor.py:175} INFO - Processing /home/airflow/.local/lib/python3.7/site-packages/airflow/example_dags/example_latest_only_with_trigger.py took 0.307 seconds
[2025-02-01T03:05:54.808+0000] {processor.py:153} INFO - Started process (PID=2847) to work on /home/airflow/.local/lib/python3.7/site-packages/airflow/example_dags/example_latest_only_with_trigger.py
[2025-02-01T03:05:54.810+0000] {processor.py:743} INFO - Processing file /home/airflow/.local/lib/python3.7/site-packages/airflow/example_dags/example_latest_only_with_trigger.py for tasks to queue
[2025-02-01T03:05:54.811+0000] {logging_mixin.py:137} INFO - [2025-02-01T03:05:54.811+0000] {dagbag.py:538} INFO - Filling up the DagBag from /home/airflow/.local/lib/python3.7/site-packages/airflow/example_dags/example_latest_only_with_trigger.py
[2025-02-01T03:05:54.844+0000] {processor.py:753} INFO - DAG(s) dict_keys(['latest_only_with_trigger']) retrieved from /home/airflow/.local/lib/python3.7/site-packages/airflow/example_dags/example_latest_only_with_trigger.py
[2025-02-01T03:05:54.901+0000] {logging_mixin.py:137} INFO - [2025-02-01T03:05:54.901+0000] {dag.py:2690} INFO - Sync 1 DAGs
[2025-02-01T03:05:54.967+0000] {logging_mixin.py:137} INFO - [2025-02-01T03:05:54.967+0000] {dag.py:3441} INFO - Setting next_dagrun for latest_only_with_trigger to 2025-01-31T23:05:54.966883+00:00, run_after=2025-02-01T03:05:54.966883+00:00
[2025-02-01T03:05:55.020+0000] {processor.py:175} INFO - Processing /home/airflow/.local/lib/python3.7/site-packages/airflow/example_dags/example_latest_only_with_trigger.py took 0.218 seconds
[2025-02-01T03:06:25.558+0000] {processor.py:153} INFO - Started process (PID=2906) to work on /home/airflow/.local/lib/python3.7/site-packages/airflow/example_dags/example_latest_only_with_trigger.py
[2025-02-01T03:06:25.560+0000] {processor.py:743} INFO - Processing file /home/airflow/.local/lib/python3.7/site-packages/airflow/example_dags/example_latest_only_with_trigger.py for tasks to queue
[2025-02-01T03:06:25.562+0000] {logging_mixin.py:137} INFO - [2025-02-01T03:06:25.561+0000] {dagbag.py:538} INFO - Filling up the DagBag from /home/airflow/.local/lib/python3.7/site-packages/airflow/example_dags/example_latest_only_with_trigger.py
[2025-02-01T03:06:25.595+0000] {processor.py:753} INFO - DAG(s) dict_keys(['latest_only_with_trigger']) retrieved from /home/airflow/.local/lib/python3.7/site-packages/airflow/example_dags/example_latest_only_with_trigger.py
[2025-02-01T03:06:25.651+0000] {logging_mixin.py:137} INFO - [2025-02-01T03:06:25.650+0000] {dag.py:2690} INFO - Sync 1 DAGs
[2025-02-01T03:06:25.718+0000] {logging_mixin.py:137} INFO - [2025-02-01T03:06:25.717+0000] {dag.py:3441} INFO - Setting next_dagrun for latest_only_with_trigger to 2025-01-31T23:06:25.717317+00:00, run_after=2025-02-01T03:06:25.717317+00:00
[2025-02-01T03:06:25.768+0000] {processor.py:175} INFO - Processing /home/airflow/.local/lib/python3.7/site-packages/airflow/example_dags/example_latest_only_with_trigger.py took 0.218 seconds
[2025-02-01T03:06:55.973+0000] {processor.py:153} INFO - Started process (PID=2965) to work on /home/airflow/.local/lib/python3.7/site-packages/airflow/example_dags/example_latest_only_with_trigger.py
[2025-02-01T03:06:55.979+0000] {processor.py:743} INFO - Processing file /home/airflow/.local/lib/python3.7/site-packages/airflow/example_dags/example_latest_only_with_trigger.py for tasks to queue
[2025-02-01T03:06:55.980+0000] {logging_mixin.py:137} INFO - [2025-02-01T03:06:55.980+0000] {dagbag.py:538} INFO - Filling up the DagBag from /home/airflow/.local/lib/python3.7/site-packages/airflow/example_dags/example_latest_only_with_trigger.py
[2025-02-01T03:06:56.034+0000] {processor.py:753} INFO - DAG(s) dict_keys(['latest_only_with_trigger']) retrieved from /home/airflow/.local/lib/python3.7/site-packages/airflow/example_dags/example_latest_only_with_trigger.py
[2025-02-01T03:06:56.093+0000] {logging_mixin.py:137} INFO - [2025-02-01T03:06:56.093+0000] {dag.py:2690} INFO - Sync 1 DAGs
[2025-02-01T03:06:56.254+0000] {logging_mixin.py:137} INFO - [2025-02-01T03:06:56.254+0000] {dag.py:3441} INFO - Setting next_dagrun for latest_only_with_trigger to 2025-01-31T23:06:56.253717+00:00, run_after=2025-02-01T03:06:56.253717+00:00
[2025-02-01T03:06:56.322+0000] {processor.py:175} INFO - Processing /home/airflow/.local/lib/python3.7/site-packages/airflow/example_dags/example_latest_only_with_trigger.py took 0.380 seconds
[2025-02-01T03:07:26.432+0000] {processor.py:153} INFO - Started process (PID=3014) to work on /home/airflow/.local/lib/python3.7/site-packages/airflow/example_dags/example_latest_only_with_trigger.py
[2025-02-01T03:07:26.434+0000] {processor.py:743} INFO - Processing file /home/airflow/.local/lib/python3.7/site-packages/airflow/example_dags/example_latest_only_with_trigger.py for tasks to queue
[2025-02-01T03:07:26.436+0000] {logging_mixin.py:137} INFO - [2025-02-01T03:07:26.435+0000] {dagbag.py:538} INFO - Filling up the DagBag from /home/airflow/.local/lib/python3.7/site-packages/airflow/example_dags/example_latest_only_with_trigger.py
[2025-02-01T03:07:26.532+0000] {processor.py:753} INFO - DAG(s) dict_keys(['latest_only_with_trigger']) retrieved from /home/airflow/.local/lib/python3.7/site-packages/airflow/example_dags/example_latest_only_with_trigger.py
[2025-02-01T03:07:26.678+0000] {logging_mixin.py:137} INFO - [2025-02-01T03:07:26.677+0000] {dag.py:2690} INFO - Sync 1 DAGs
[2025-02-01T03:07:26.873+0000] {logging_mixin.py:137} INFO - [2025-02-01T03:07:26.872+0000] {dag.py:3441} INFO - Setting next_dagrun for latest_only_with_trigger to 2025-01-31T23:07:26.872284+00:00, run_after=2025-02-01T03:07:26.872284+00:00
[2025-02-01T03:07:27.001+0000] {processor.py:175} INFO - Processing /home/airflow/.local/lib/python3.7/site-packages/airflow/example_dags/example_latest_only_with_trigger.py took 0.593 seconds
[2025-02-01T03:07:57.265+0000] {processor.py:153} INFO - Started process (PID=3073) to work on /home/airflow/.local/lib/python3.7/site-packages/airflow/example_dags/example_latest_only_with_trigger.py
[2025-02-01T03:07:57.267+0000] {processor.py:743} INFO - Processing file /home/airflow/.local/lib/python3.7/site-packages/airflow/example_dags/example_latest_only_with_trigger.py for tasks to queue
[2025-02-01T03:07:57.268+0000] {logging_mixin.py:137} INFO - [2025-02-01T03:07:57.268+0000] {dagbag.py:538} INFO - Filling up the DagBag from /home/airflow/.local/lib/python3.7/site-packages/airflow/example_dags/example_latest_only_with_trigger.py
[2025-02-01T03:07:57.303+0000] {processor.py:753} INFO - DAG(s) dict_keys(['latest_only_with_trigger']) retrieved from /home/airflow/.local/lib/python3.7/site-packages/airflow/example_dags/example_latest_only_with_trigger.py
[2025-02-01T03:07:57.364+0000] {logging_mixin.py:137} INFO - [2025-02-01T03:07:57.364+0000] {dag.py:2690} INFO - Sync 1 DAGs
[2025-02-01T03:07:57.428+0000] {logging_mixin.py:137} INFO - [2025-02-01T03:07:57.428+0000] {dag.py:3441} INFO - Setting next_dagrun for latest_only_with_trigger to 2025-01-31T23:07:57.427824+00:00, run_after=2025-02-01T03:07:57.427824+00:00
[2025-02-01T03:07:57.477+0000] {processor.py:175} INFO - Processing /home/airflow/.local/lib/python3.7/site-packages/airflow/example_dags/example_latest_only_with_trigger.py took 0.221 seconds
[2025-02-01T03:08:28.040+0000] {processor.py:153} INFO - Started process (PID=3130) to work on /home/airflow/.local/lib/python3.7/site-packages/airflow/example_dags/example_latest_only_with_trigger.py
[2025-02-01T03:08:28.044+0000] {processor.py:743} INFO - Processing file /home/airflow/.local/lib/python3.7/site-packages/airflow/example_dags/example_latest_only_with_trigger.py for tasks to queue
[2025-02-01T03:08:28.046+0000] {logging_mixin.py:137} INFO - [2025-02-01T03:08:28.046+0000] {dagbag.py:538} INFO - Filling up the DagBag from /home/airflow/.local/lib/python3.7/site-packages/airflow/example_dags/example_latest_only_with_trigger.py
[2025-02-01T03:08:28.115+0000] {processor.py:753} INFO - DAG(s) dict_keys(['latest_only_with_trigger']) retrieved from /home/airflow/.local/lib/python3.7/site-packages/airflow/example_dags/example_latest_only_with_trigger.py
[2025-02-01T03:08:28.224+0000] {logging_mixin.py:137} INFO - [2025-02-01T03:08:28.223+0000] {dag.py:2690} INFO - Sync 1 DAGs
[2025-02-01T03:08:28.346+0000] {logging_mixin.py:137} INFO - [2025-02-01T03:08:28.346+0000] {dag.py:3441} INFO - Setting next_dagrun for latest_only_with_trigger to 2025-01-31T23:08:28.345519+00:00, run_after=2025-02-01T03:08:28.345519+00:00
[2025-02-01T03:08:28.413+0000] {processor.py:175} INFO - Processing /home/airflow/.local/lib/python3.7/site-packages/airflow/example_dags/example_latest_only_with_trigger.py took 0.380 seconds
[2025-02-01T03:08:59.647+0000] {processor.py:153} INFO - Started process (PID=3188) to work on /home/airflow/.local/lib/python3.7/site-packages/airflow/example_dags/example_latest_only_with_trigger.py
[2025-02-01T03:08:59.649+0000] {processor.py:743} INFO - Processing file /home/airflow/.local/lib/python3.7/site-packages/airflow/example_dags/example_latest_only_with_trigger.py for tasks to queue
[2025-02-01T03:08:59.654+0000] {logging_mixin.py:137} INFO - [2025-02-01T03:08:59.654+0000] {dagbag.py:538} INFO - Filling up the DagBag from /home/airflow/.local/lib/python3.7/site-packages/airflow/example_dags/example_latest_only_with_trigger.py
[2025-02-01T03:08:59.720+0000] {processor.py:753} INFO - DAG(s) dict_keys(['latest_only_with_trigger']) retrieved from /home/airflow/.local/lib/python3.7/site-packages/airflow/example_dags/example_latest_only_with_trigger.py
[2025-02-01T03:08:59.797+0000] {logging_mixin.py:137} INFO - [2025-02-01T03:08:59.796+0000] {dag.py:2690} INFO - Sync 1 DAGs
[2025-02-01T03:08:59.894+0000] {logging_mixin.py:137} INFO - [2025-02-01T03:08:59.894+0000] {dag.py:3441} INFO - Setting next_dagrun for latest_only_with_trigger to 2025-01-31T23:08:59.893977+00:00, run_after=2025-02-01T03:08:59.893977+00:00
[2025-02-01T03:08:59.980+0000] {processor.py:175} INFO - Processing /home/airflow/.local/lib/python3.7/site-packages/airflow/example_dags/example_latest_only_with_trigger.py took 0.357 seconds
[2025-02-01T03:09:31.633+0000] {processor.py:153} INFO - Started process (PID=3244) to work on /home/airflow/.local/lib/python3.7/site-packages/airflow/example_dags/example_latest_only_with_trigger.py
[2025-02-01T03:09:31.638+0000] {processor.py:743} INFO - Processing file /home/airflow/.local/lib/python3.7/site-packages/airflow/example_dags/example_latest_only_with_trigger.py for tasks to queue
[2025-02-01T03:09:31.644+0000] {logging_mixin.py:137} INFO - [2025-02-01T03:09:31.640+0000] {dagbag.py:538} INFO - Filling up the DagBag from /home/airflow/.local/lib/python3.7/site-packages/airflow/example_dags/example_latest_only_with_trigger.py
[2025-02-01T03:09:31.755+0000] {processor.py:753} INFO - DAG(s) dict_keys(['latest_only_with_trigger']) retrieved from /home/airflow/.local/lib/python3.7/site-packages/airflow/example_dags/example_latest_only_with_trigger.py
[2025-02-01T03:09:31.914+0000] {logging_mixin.py:137} INFO - [2025-02-01T03:09:31.914+0000] {dag.py:2690} INFO - Sync 1 DAGs
[2025-02-01T03:09:32.163+0000] {logging_mixin.py:137} INFO - [2025-02-01T03:09:32.162+0000] {dag.py:3441} INFO - Setting next_dagrun for latest_only_with_trigger to 2025-01-31T23:09:32.162188+00:00, run_after=2025-02-01T03:09:32.162188+00:00
[2025-02-01T03:09:32.297+0000] {processor.py:175} INFO - Processing /home/airflow/.local/lib/python3.7/site-packages/airflow/example_dags/example_latest_only_with_trigger.py took 0.692 seconds
