[2025-02-01T02:40:34.909+0000] {processor.py:153} INFO - Started process (PID=101) to work on /home/airflow/.local/lib/python3.7/site-packages/airflow/example_dags/example_task_group_decorator.py
[2025-02-01T02:40:34.913+0000] {processor.py:743} INFO - Processing file /home/airflow/.local/lib/python3.7/site-packages/airflow/example_dags/example_task_group_decorator.py for tasks to queue
[2025-02-01T02:40:34.915+0000] {logging_mixin.py:137} INFO - [2025-02-01T02:40:34.914+0000] {dagbag.py:538} INFO - Filling up the DagBag from /home/airflow/.local/lib/python3.7/site-packages/airflow/example_dags/example_task_group_decorator.py
[2025-02-01T02:40:35.087+0000] {processor.py:753} INFO - DAG(s) dict_keys(['example_task_group_decorator']) retrieved from /home/airflow/.local/lib/python3.7/site-packages/airflow/example_dags/example_task_group_decorator.py
[2025-02-01T02:40:35.230+0000] {logging_mixin.py:137} INFO - [2025-02-01T02:40:35.229+0000] {dag.py:2690} INFO - Sync 1 DAGs
[2025-02-01T02:40:35.370+0000] {logging_mixin.py:137} INFO - [2025-02-01T02:40:35.370+0000] {dag.py:3441} INFO - Setting next_dagrun for example_task_group_decorator to 2025-01-31T02:40:35.369475+00:00, run_after=2025-02-01T02:40:35.369475+00:00
[2025-02-01T02:40:35.460+0000] {processor.py:175} INFO - Processing /home/airflow/.local/lib/python3.7/site-packages/airflow/example_dags/example_task_group_decorator.py took 0.566 seconds
[2025-02-01T02:41:09.322+0000] {processor.py:153} INFO - Started process (PID=158) to work on /home/airflow/.local/lib/python3.7/site-packages/airflow/example_dags/example_task_group_decorator.py
[2025-02-01T02:41:09.325+0000] {processor.py:743} INFO - Processing file /home/airflow/.local/lib/python3.7/site-packages/airflow/example_dags/example_task_group_decorator.py for tasks to queue
[2025-02-01T02:41:09.329+0000] {logging_mixin.py:137} INFO - [2025-02-01T02:41:09.327+0000] {dagbag.py:538} INFO - Filling up the DagBag from /home/airflow/.local/lib/python3.7/site-packages/airflow/example_dags/example_task_group_decorator.py
[2025-02-01T02:41:09.521+0000] {processor.py:753} INFO - DAG(s) dict_keys(['example_task_group_decorator']) retrieved from /home/airflow/.local/lib/python3.7/site-packages/airflow/example_dags/example_task_group_decorator.py
[2025-02-01T02:41:09.725+0000] {logging_mixin.py:137} INFO - [2025-02-01T02:41:09.724+0000] {dag.py:2690} INFO - Sync 1 DAGs
[2025-02-01T02:41:09.853+0000] {logging_mixin.py:137} INFO - [2025-02-01T02:41:09.852+0000] {dag.py:3441} INFO - Setting next_dagrun for example_task_group_decorator to 2025-01-31T02:41:09.851610+00:00, run_after=2025-02-01T02:41:09.851610+00:00
[2025-02-01T02:41:09.931+0000] {processor.py:175} INFO - Processing /home/airflow/.local/lib/python3.7/site-packages/airflow/example_dags/example_task_group_decorator.py took 0.633 seconds
[2025-02-01T02:41:40.067+0000] {processor.py:153} INFO - Started process (PID=207) to work on /home/airflow/.local/lib/python3.7/site-packages/airflow/example_dags/example_task_group_decorator.py
[2025-02-01T02:41:40.068+0000] {processor.py:743} INFO - Processing file /home/airflow/.local/lib/python3.7/site-packages/airflow/example_dags/example_task_group_decorator.py for tasks to queue
[2025-02-01T02:41:40.070+0000] {logging_mixin.py:137} INFO - [2025-02-01T02:41:40.069+0000] {dagbag.py:538} INFO - Filling up the DagBag from /home/airflow/.local/lib/python3.7/site-packages/airflow/example_dags/example_task_group_decorator.py
[2025-02-01T02:41:40.164+0000] {processor.py:753} INFO - DAG(s) dict_keys(['example_task_group_decorator']) retrieved from /home/airflow/.local/lib/python3.7/site-packages/airflow/example_dags/example_task_group_decorator.py
[2025-02-01T02:41:40.310+0000] {logging_mixin.py:137} INFO - [2025-02-01T02:41:40.309+0000] {dag.py:2690} INFO - Sync 1 DAGs
[2025-02-01T02:41:40.488+0000] {logging_mixin.py:137} INFO - [2025-02-01T02:41:40.488+0000] {dag.py:3441} INFO - Setting next_dagrun for example_task_group_decorator to 2025-01-31T02:41:40.487914+00:00, run_after=2025-02-01T02:41:40.487914+00:00
[2025-02-01T02:41:40.614+0000] {processor.py:175} INFO - Processing /home/airflow/.local/lib/python3.7/site-packages/airflow/example_dags/example_task_group_decorator.py took 0.555 seconds
[2025-02-01T02:42:11.413+0000] {processor.py:153} INFO - Started process (PID=267) to work on /home/airflow/.local/lib/python3.7/site-packages/airflow/example_dags/example_task_group_decorator.py
[2025-02-01T02:42:11.417+0000] {processor.py:743} INFO - Processing file /home/airflow/.local/lib/python3.7/site-packages/airflow/example_dags/example_task_group_decorator.py for tasks to queue
[2025-02-01T02:42:11.419+0000] {logging_mixin.py:137} INFO - [2025-02-01T02:42:11.418+0000] {dagbag.py:538} INFO - Filling up the DagBag from /home/airflow/.local/lib/python3.7/site-packages/airflow/example_dags/example_task_group_decorator.py
[2025-02-01T02:42:11.689+0000] {processor.py:753} INFO - DAG(s) dict_keys(['example_task_group_decorator']) retrieved from /home/airflow/.local/lib/python3.7/site-packages/airflow/example_dags/example_task_group_decorator.py
[2025-02-01T02:42:11.779+0000] {logging_mixin.py:137} INFO - [2025-02-01T02:42:11.779+0000] {dag.py:2690} INFO - Sync 1 DAGs
[2025-02-01T02:42:11.891+0000] {logging_mixin.py:137} INFO - [2025-02-01T02:42:11.891+0000] {dag.py:3441} INFO - Setting next_dagrun for example_task_group_decorator to 2025-01-31T02:42:11.890591+00:00, run_after=2025-02-01T02:42:11.890591+00:00
[2025-02-01T02:42:11.981+0000] {processor.py:175} INFO - Processing /home/airflow/.local/lib/python3.7/site-packages/airflow/example_dags/example_task_group_decorator.py took 0.587 seconds
[2025-02-01T02:42:42.556+0000] {processor.py:153} INFO - Started process (PID=327) to work on /home/airflow/.local/lib/python3.7/site-packages/airflow/example_dags/example_task_group_decorator.py
[2025-02-01T02:42:42.560+0000] {processor.py:743} INFO - Processing file /home/airflow/.local/lib/python3.7/site-packages/airflow/example_dags/example_task_group_decorator.py for tasks to queue
[2025-02-01T02:42:42.562+0000] {logging_mixin.py:137} INFO - [2025-02-01T02:42:42.561+0000] {dagbag.py:538} INFO - Filling up the DagBag from /home/airflow/.local/lib/python3.7/site-packages/airflow/example_dags/example_task_group_decorator.py
[2025-02-01T02:42:42.707+0000] {processor.py:753} INFO - DAG(s) dict_keys(['example_task_group_decorator']) retrieved from /home/airflow/.local/lib/python3.7/site-packages/airflow/example_dags/example_task_group_decorator.py
[2025-02-01T02:42:42.838+0000] {logging_mixin.py:137} INFO - [2025-02-01T02:42:42.837+0000] {dag.py:2690} INFO - Sync 1 DAGs
[2025-02-01T02:42:42.961+0000] {logging_mixin.py:137} INFO - [2025-02-01T02:42:42.960+0000] {dag.py:3441} INFO - Setting next_dagrun for example_task_group_decorator to 2025-01-31T02:42:42.958165+00:00, run_after=2025-02-01T02:42:42.958165+00:00
[2025-02-01T02:42:43.046+0000] {processor.py:175} INFO - Processing /home/airflow/.local/lib/python3.7/site-packages/airflow/example_dags/example_task_group_decorator.py took 0.506 seconds
[2025-02-01T02:43:13.143+0000] {processor.py:153} INFO - Started process (PID=385) to work on /home/airflow/.local/lib/python3.7/site-packages/airflow/example_dags/example_task_group_decorator.py
[2025-02-01T02:43:13.147+0000] {processor.py:743} INFO - Processing file /home/airflow/.local/lib/python3.7/site-packages/airflow/example_dags/example_task_group_decorator.py for tasks to queue
[2025-02-01T02:43:13.150+0000] {logging_mixin.py:137} INFO - [2025-02-01T02:43:13.150+0000] {dagbag.py:538} INFO - Filling up the DagBag from /home/airflow/.local/lib/python3.7/site-packages/airflow/example_dags/example_task_group_decorator.py
[2025-02-01T02:43:13.312+0000] {processor.py:753} INFO - DAG(s) dict_keys(['example_task_group_decorator']) retrieved from /home/airflow/.local/lib/python3.7/site-packages/airflow/example_dags/example_task_group_decorator.py
[2025-02-01T02:43:13.557+0000] {logging_mixin.py:137} INFO - [2025-02-01T02:43:13.556+0000] {dag.py:2690} INFO - Sync 1 DAGs
[2025-02-01T02:43:13.765+0000] {logging_mixin.py:137} INFO - [2025-02-01T02:43:13.764+0000] {dag.py:3441} INFO - Setting next_dagrun for example_task_group_decorator to 2025-01-31T02:43:13.764232+00:00, run_after=2025-02-01T02:43:13.764232+00:00
[2025-02-01T02:43:13.921+0000] {processor.py:175} INFO - Processing /home/airflow/.local/lib/python3.7/site-packages/airflow/example_dags/example_task_group_decorator.py took 0.797 seconds
[2025-02-01T02:43:43.990+0000] {processor.py:153} INFO - Started process (PID=434) to work on /home/airflow/.local/lib/python3.7/site-packages/airflow/example_dags/example_task_group_decorator.py
[2025-02-01T02:43:43.992+0000] {processor.py:743} INFO - Processing file /home/airflow/.local/lib/python3.7/site-packages/airflow/example_dags/example_task_group_decorator.py for tasks to queue
[2025-02-01T02:43:43.993+0000] {logging_mixin.py:137} INFO - [2025-02-01T02:43:43.993+0000] {dagbag.py:538} INFO - Filling up the DagBag from /home/airflow/.local/lib/python3.7/site-packages/airflow/example_dags/example_task_group_decorator.py
[2025-02-01T02:43:44.062+0000] {processor.py:753} INFO - DAG(s) dict_keys(['example_task_group_decorator']) retrieved from /home/airflow/.local/lib/python3.7/site-packages/airflow/example_dags/example_task_group_decorator.py
[2025-02-01T02:43:44.130+0000] {logging_mixin.py:137} INFO - [2025-02-01T02:43:44.130+0000] {dag.py:2690} INFO - Sync 1 DAGs
[2025-02-01T02:43:44.212+0000] {logging_mixin.py:137} INFO - [2025-02-01T02:43:44.211+0000] {dag.py:3441} INFO - Setting next_dagrun for example_task_group_decorator to 2025-01-31T02:43:44.211334+00:00, run_after=2025-02-01T02:43:44.211334+00:00
[2025-02-01T02:43:44.309+0000] {processor.py:175} INFO - Processing /home/airflow/.local/lib/python3.7/site-packages/airflow/example_dags/example_task_group_decorator.py took 0.329 seconds
[2025-02-01T02:44:14.481+0000] {processor.py:153} INFO - Started process (PID=493) to work on /home/airflow/.local/lib/python3.7/site-packages/airflow/example_dags/example_task_group_decorator.py
[2025-02-01T02:44:14.483+0000] {processor.py:743} INFO - Processing file /home/airflow/.local/lib/python3.7/site-packages/airflow/example_dags/example_task_group_decorator.py for tasks to queue
[2025-02-01T02:44:14.484+0000] {logging_mixin.py:137} INFO - [2025-02-01T02:44:14.484+0000] {dagbag.py:538} INFO - Filling up the DagBag from /home/airflow/.local/lib/python3.7/site-packages/airflow/example_dags/example_task_group_decorator.py
[2025-02-01T02:44:14.558+0000] {processor.py:753} INFO - DAG(s) dict_keys(['example_task_group_decorator']) retrieved from /home/airflow/.local/lib/python3.7/site-packages/airflow/example_dags/example_task_group_decorator.py
[2025-02-01T02:44:14.620+0000] {logging_mixin.py:137} INFO - [2025-02-01T02:44:14.620+0000] {dag.py:2690} INFO - Sync 1 DAGs
[2025-02-01T02:44:14.683+0000] {logging_mixin.py:137} INFO - [2025-02-01T02:44:14.683+0000] {dag.py:3441} INFO - Setting next_dagrun for example_task_group_decorator to 2025-01-31T02:44:14.682596+00:00, run_after=2025-02-01T02:44:14.682596+00:00
[2025-02-01T02:44:14.732+0000] {processor.py:175} INFO - Processing /home/airflow/.local/lib/python3.7/site-packages/airflow/example_dags/example_task_group_decorator.py took 0.258 seconds
[2025-02-01T02:44:45.281+0000] {processor.py:153} INFO - Started process (PID=550) to work on /home/airflow/.local/lib/python3.7/site-packages/airflow/example_dags/example_task_group_decorator.py
[2025-02-01T02:44:45.285+0000] {processor.py:743} INFO - Processing file /home/airflow/.local/lib/python3.7/site-packages/airflow/example_dags/example_task_group_decorator.py for tasks to queue
[2025-02-01T02:44:45.289+0000] {logging_mixin.py:137} INFO - [2025-02-01T02:44:45.288+0000] {dagbag.py:538} INFO - Filling up the DagBag from /home/airflow/.local/lib/python3.7/site-packages/airflow/example_dags/example_task_group_decorator.py
[2025-02-01T02:44:45.552+0000] {processor.py:753} INFO - DAG(s) dict_keys(['example_task_group_decorator']) retrieved from /home/airflow/.local/lib/python3.7/site-packages/airflow/example_dags/example_task_group_decorator.py
[2025-02-01T02:44:45.753+0000] {logging_mixin.py:137} INFO - [2025-02-01T02:44:45.752+0000] {dag.py:2690} INFO - Sync 1 DAGs
[2025-02-01T02:44:45.889+0000] {logging_mixin.py:137} INFO - [2025-02-01T02:44:45.889+0000] {dag.py:3441} INFO - Setting next_dagrun for example_task_group_decorator to 2025-01-31T02:44:45.888534+00:00, run_after=2025-02-01T02:44:45.888534+00:00
[2025-02-01T02:44:45.964+0000] {processor.py:175} INFO - Processing /home/airflow/.local/lib/python3.7/site-packages/airflow/example_dags/example_task_group_decorator.py took 0.699 seconds
[2025-02-01T02:45:16.428+0000] {processor.py:153} INFO - Started process (PID=600) to work on /home/airflow/.local/lib/python3.7/site-packages/airflow/example_dags/example_task_group_decorator.py
[2025-02-01T02:45:16.435+0000] {processor.py:743} INFO - Processing file /home/airflow/.local/lib/python3.7/site-packages/airflow/example_dags/example_task_group_decorator.py for tasks to queue
[2025-02-01T02:45:16.439+0000] {logging_mixin.py:137} INFO - [2025-02-01T02:45:16.439+0000] {dagbag.py:538} INFO - Filling up the DagBag from /home/airflow/.local/lib/python3.7/site-packages/airflow/example_dags/example_task_group_decorator.py
[2025-02-01T02:45:16.671+0000] {processor.py:753} INFO - DAG(s) dict_keys(['example_task_group_decorator']) retrieved from /home/airflow/.local/lib/python3.7/site-packages/airflow/example_dags/example_task_group_decorator.py
[2025-02-01T02:45:16.883+0000] {logging_mixin.py:137} INFO - [2025-02-01T02:45:16.882+0000] {dag.py:2690} INFO - Sync 1 DAGs
[2025-02-01T02:45:17.115+0000] {logging_mixin.py:137} INFO - [2025-02-01T02:45:17.106+0000] {dag.py:3441} INFO - Setting next_dagrun for example_task_group_decorator to 2025-01-31T02:45:17.106266+00:00, run_after=2025-02-01T02:45:17.106266+00:00
[2025-02-01T02:45:17.301+0000] {processor.py:175} INFO - Processing /home/airflow/.local/lib/python3.7/site-packages/airflow/example_dags/example_task_group_decorator.py took 0.889 seconds
[2025-02-01T02:45:48.027+0000] {processor.py:153} INFO - Started process (PID=659) to work on /home/airflow/.local/lib/python3.7/site-packages/airflow/example_dags/example_task_group_decorator.py
[2025-02-01T02:45:48.035+0000] {processor.py:743} INFO - Processing file /home/airflow/.local/lib/python3.7/site-packages/airflow/example_dags/example_task_group_decorator.py for tasks to queue
[2025-02-01T02:45:48.044+0000] {logging_mixin.py:137} INFO - [2025-02-01T02:45:48.038+0000] {dagbag.py:538} INFO - Filling up the DagBag from /home/airflow/.local/lib/python3.7/site-packages/airflow/example_dags/example_task_group_decorator.py
[2025-02-01T02:45:48.352+0000] {processor.py:753} INFO - DAG(s) dict_keys(['example_task_group_decorator']) retrieved from /home/airflow/.local/lib/python3.7/site-packages/airflow/example_dags/example_task_group_decorator.py
[2025-02-01T02:45:48.655+0000] {logging_mixin.py:137} INFO - [2025-02-01T02:45:48.654+0000] {dag.py:2690} INFO - Sync 1 DAGs
[2025-02-01T02:45:48.998+0000] {logging_mixin.py:137} INFO - [2025-02-01T02:45:48.997+0000] {dag.py:3441} INFO - Setting next_dagrun for example_task_group_decorator to 2025-01-31T02:45:48.991151+00:00, run_after=2025-02-01T02:45:48.991151+00:00
[2025-02-01T02:45:49.196+0000] {processor.py:175} INFO - Processing /home/airflow/.local/lib/python3.7/site-packages/airflow/example_dags/example_task_group_decorator.py took 1.195 seconds
[2025-02-01T02:46:19.450+0000] {processor.py:153} INFO - Started process (PID=717) to work on /home/airflow/.local/lib/python3.7/site-packages/airflow/example_dags/example_task_group_decorator.py
[2025-02-01T02:46:19.453+0000] {processor.py:743} INFO - Processing file /home/airflow/.local/lib/python3.7/site-packages/airflow/example_dags/example_task_group_decorator.py for tasks to queue
[2025-02-01T02:46:19.457+0000] {logging_mixin.py:137} INFO - [2025-02-01T02:46:19.454+0000] {dagbag.py:538} INFO - Filling up the DagBag from /home/airflow/.local/lib/python3.7/site-packages/airflow/example_dags/example_task_group_decorator.py
[2025-02-01T02:46:19.716+0000] {processor.py:753} INFO - DAG(s) dict_keys(['example_task_group_decorator']) retrieved from /home/airflow/.local/lib/python3.7/site-packages/airflow/example_dags/example_task_group_decorator.py
[2025-02-01T02:46:19.917+0000] {logging_mixin.py:137} INFO - [2025-02-01T02:46:19.916+0000] {dag.py:2690} INFO - Sync 1 DAGs
[2025-02-01T02:46:20.069+0000] {logging_mixin.py:137} INFO - [2025-02-01T02:46:20.066+0000] {dag.py:3441} INFO - Setting next_dagrun for example_task_group_decorator to 2025-01-31T02:46:20.065558+00:00, run_after=2025-02-01T02:46:20.065558+00:00
[2025-02-01T02:46:20.183+0000] {processor.py:175} INFO - Processing /home/airflow/.local/lib/python3.7/site-packages/airflow/example_dags/example_task_group_decorator.py took 0.746 seconds
[2025-02-01T02:46:50.280+0000] {processor.py:153} INFO - Started process (PID=776) to work on /home/airflow/.local/lib/python3.7/site-packages/airflow/example_dags/example_task_group_decorator.py
[2025-02-01T02:46:50.282+0000] {processor.py:743} INFO - Processing file /home/airflow/.local/lib/python3.7/site-packages/airflow/example_dags/example_task_group_decorator.py for tasks to queue
[2025-02-01T02:46:50.283+0000] {logging_mixin.py:137} INFO - [2025-02-01T02:46:50.283+0000] {dagbag.py:538} INFO - Filling up the DagBag from /home/airflow/.local/lib/python3.7/site-packages/airflow/example_dags/example_task_group_decorator.py
[2025-02-01T02:46:50.354+0000] {processor.py:753} INFO - DAG(s) dict_keys(['example_task_group_decorator']) retrieved from /home/airflow/.local/lib/python3.7/site-packages/airflow/example_dags/example_task_group_decorator.py
[2025-02-01T02:46:50.424+0000] {logging_mixin.py:137} INFO - [2025-02-01T02:46:50.424+0000] {dag.py:2690} INFO - Sync 1 DAGs
[2025-02-01T02:46:50.491+0000] {logging_mixin.py:137} INFO - [2025-02-01T02:46:50.491+0000] {dag.py:3441} INFO - Setting next_dagrun for example_task_group_decorator to 2025-01-31T02:46:50.490572+00:00, run_after=2025-02-01T02:46:50.490572+00:00
[2025-02-01T02:46:50.538+0000] {processor.py:175} INFO - Processing /home/airflow/.local/lib/python3.7/site-packages/airflow/example_dags/example_task_group_decorator.py took 0.269 seconds
[2025-02-01T02:47:20.625+0000] {processor.py:153} INFO - Started process (PID=835) to work on /home/airflow/.local/lib/python3.7/site-packages/airflow/example_dags/example_task_group_decorator.py
[2025-02-01T02:47:20.627+0000] {processor.py:743} INFO - Processing file /home/airflow/.local/lib/python3.7/site-packages/airflow/example_dags/example_task_group_decorator.py for tasks to queue
[2025-02-01T02:47:20.628+0000] {logging_mixin.py:137} INFO - [2025-02-01T02:47:20.628+0000] {dagbag.py:538} INFO - Filling up the DagBag from /home/airflow/.local/lib/python3.7/site-packages/airflow/example_dags/example_task_group_decorator.py
[2025-02-01T02:47:20.699+0000] {processor.py:753} INFO - DAG(s) dict_keys(['example_task_group_decorator']) retrieved from /home/airflow/.local/lib/python3.7/site-packages/airflow/example_dags/example_task_group_decorator.py
[2025-02-01T02:47:20.805+0000] {logging_mixin.py:137} INFO - [2025-02-01T02:47:20.805+0000] {dag.py:2690} INFO - Sync 1 DAGs
[2025-02-01T02:47:20.869+0000] {logging_mixin.py:137} INFO - [2025-02-01T02:47:20.869+0000] {dag.py:3441} INFO - Setting next_dagrun for example_task_group_decorator to 2025-01-31T02:47:20.869141+00:00, run_after=2025-02-01T02:47:20.869141+00:00
[2025-02-01T02:47:20.940+0000] {processor.py:175} INFO - Processing /home/airflow/.local/lib/python3.7/site-packages/airflow/example_dags/example_task_group_decorator.py took 0.326 seconds
[2025-02-01T02:47:52.130+0000] {processor.py:153} INFO - Started process (PID=893) to work on /home/airflow/.local/lib/python3.7/site-packages/airflow/example_dags/example_task_group_decorator.py
[2025-02-01T02:47:52.137+0000] {processor.py:743} INFO - Processing file /home/airflow/.local/lib/python3.7/site-packages/airflow/example_dags/example_task_group_decorator.py for tasks to queue
[2025-02-01T02:47:52.142+0000] {logging_mixin.py:137} INFO - [2025-02-01T02:47:52.139+0000] {dagbag.py:538} INFO - Filling up the DagBag from /home/airflow/.local/lib/python3.7/site-packages/airflow/example_dags/example_task_group_decorator.py
[2025-02-01T02:47:52.299+0000] {processor.py:753} INFO - DAG(s) dict_keys(['example_task_group_decorator']) retrieved from /home/airflow/.local/lib/python3.7/site-packages/airflow/example_dags/example_task_group_decorator.py
[2025-02-01T02:47:52.363+0000] {logging_mixin.py:137} INFO - [2025-02-01T02:47:52.362+0000] {dag.py:2690} INFO - Sync 1 DAGs
[2025-02-01T02:47:52.425+0000] {logging_mixin.py:137} INFO - [2025-02-01T02:47:52.425+0000] {dag.py:3441} INFO - Setting next_dagrun for example_task_group_decorator to 2025-01-31T02:47:52.424617+00:00, run_after=2025-02-01T02:47:52.424617+00:00
[2025-02-01T02:47:52.470+0000] {processor.py:175} INFO - Processing /home/airflow/.local/lib/python3.7/site-packages/airflow/example_dags/example_task_group_decorator.py took 0.363 seconds
[2025-02-01T02:48:22.929+0000] {processor.py:153} INFO - Started process (PID=950) to work on /home/airflow/.local/lib/python3.7/site-packages/airflow/example_dags/example_task_group_decorator.py
[2025-02-01T02:48:22.935+0000] {processor.py:743} INFO - Processing file /home/airflow/.local/lib/python3.7/site-packages/airflow/example_dags/example_task_group_decorator.py for tasks to queue
[2025-02-01T02:48:22.942+0000] {logging_mixin.py:137} INFO - [2025-02-01T02:48:22.937+0000] {dagbag.py:538} INFO - Filling up the DagBag from /home/airflow/.local/lib/python3.7/site-packages/airflow/example_dags/example_task_group_decorator.py
[2025-02-01T02:48:23.163+0000] {processor.py:753} INFO - DAG(s) dict_keys(['example_task_group_decorator']) retrieved from /home/airflow/.local/lib/python3.7/site-packages/airflow/example_dags/example_task_group_decorator.py
[2025-02-01T02:48:23.296+0000] {logging_mixin.py:137} INFO - [2025-02-01T02:48:23.295+0000] {dag.py:2690} INFO - Sync 1 DAGs
[2025-02-01T02:48:23.445+0000] {logging_mixin.py:137} INFO - [2025-02-01T02:48:23.444+0000] {dag.py:3441} INFO - Setting next_dagrun for example_task_group_decorator to 2025-01-31T02:48:23.440083+00:00, run_after=2025-02-01T02:48:23.440083+00:00
[2025-02-01T02:48:23.583+0000] {processor.py:175} INFO - Processing /home/airflow/.local/lib/python3.7/site-packages/airflow/example_dags/example_task_group_decorator.py took 0.678 seconds
[2025-02-01T02:48:54.258+0000] {processor.py:153} INFO - Started process (PID=1003) to work on /home/airflow/.local/lib/python3.7/site-packages/airflow/example_dags/example_task_group_decorator.py
[2025-02-01T02:48:54.264+0000] {processor.py:743} INFO - Processing file /home/airflow/.local/lib/python3.7/site-packages/airflow/example_dags/example_task_group_decorator.py for tasks to queue
[2025-02-01T02:48:54.268+0000] {logging_mixin.py:137} INFO - [2025-02-01T02:48:54.265+0000] {dagbag.py:538} INFO - Filling up the DagBag from /home/airflow/.local/lib/python3.7/site-packages/airflow/example_dags/example_task_group_decorator.py
[2025-02-01T02:48:54.353+0000] {processor.py:753} INFO - DAG(s) dict_keys(['example_task_group_decorator']) retrieved from /home/airflow/.local/lib/python3.7/site-packages/airflow/example_dags/example_task_group_decorator.py
[2025-02-01T02:48:54.432+0000] {logging_mixin.py:137} INFO - [2025-02-01T02:48:54.429+0000] {dag.py:2690} INFO - Sync 1 DAGs
[2025-02-01T02:48:54.602+0000] {logging_mixin.py:137} INFO - [2025-02-01T02:48:54.602+0000] {dag.py:3441} INFO - Setting next_dagrun for example_task_group_decorator to 2025-01-31T02:48:54.602118+00:00, run_after=2025-02-01T02:48:54.602118+00:00
[2025-02-01T02:48:54.701+0000] {processor.py:175} INFO - Processing /home/airflow/.local/lib/python3.7/site-packages/airflow/example_dags/example_task_group_decorator.py took 0.459 seconds
[2025-02-01T02:49:25.586+0000] {processor.py:153} INFO - Started process (PID=1063) to work on /home/airflow/.local/lib/python3.7/site-packages/airflow/example_dags/example_task_group_decorator.py
[2025-02-01T02:49:25.591+0000] {processor.py:743} INFO - Processing file /home/airflow/.local/lib/python3.7/site-packages/airflow/example_dags/example_task_group_decorator.py for tasks to queue
[2025-02-01T02:49:25.594+0000] {logging_mixin.py:137} INFO - [2025-02-01T02:49:25.594+0000] {dagbag.py:538} INFO - Filling up the DagBag from /home/airflow/.local/lib/python3.7/site-packages/airflow/example_dags/example_task_group_decorator.py
[2025-02-01T02:49:25.904+0000] {processor.py:753} INFO - DAG(s) dict_keys(['example_task_group_decorator']) retrieved from /home/airflow/.local/lib/python3.7/site-packages/airflow/example_dags/example_task_group_decorator.py
[2025-02-01T02:49:26.065+0000] {logging_mixin.py:137} INFO - [2025-02-01T02:49:26.065+0000] {dag.py:2690} INFO - Sync 1 DAGs
[2025-02-01T02:49:26.226+0000] {logging_mixin.py:137} INFO - [2025-02-01T02:49:26.226+0000] {dag.py:3441} INFO - Setting next_dagrun for example_task_group_decorator to 2025-01-31T02:49:26.223760+00:00, run_after=2025-02-01T02:49:26.223760+00:00
[2025-02-01T02:49:26.300+0000] {processor.py:175} INFO - Processing /home/airflow/.local/lib/python3.7/site-packages/airflow/example_dags/example_task_group_decorator.py took 0.730 seconds
[2025-02-01T02:49:56.441+0000] {processor.py:153} INFO - Started process (PID=1122) to work on /home/airflow/.local/lib/python3.7/site-packages/airflow/example_dags/example_task_group_decorator.py
[2025-02-01T02:49:56.448+0000] {processor.py:743} INFO - Processing file /home/airflow/.local/lib/python3.7/site-packages/airflow/example_dags/example_task_group_decorator.py for tasks to queue
[2025-02-01T02:49:56.458+0000] {logging_mixin.py:137} INFO - [2025-02-01T02:49:56.450+0000] {dagbag.py:538} INFO - Filling up the DagBag from /home/airflow/.local/lib/python3.7/site-packages/airflow/example_dags/example_task_group_decorator.py
[2025-02-01T02:49:56.758+0000] {processor.py:753} INFO - DAG(s) dict_keys(['example_task_group_decorator']) retrieved from /home/airflow/.local/lib/python3.7/site-packages/airflow/example_dags/example_task_group_decorator.py
[2025-02-01T02:49:56.895+0000] {logging_mixin.py:137} INFO - [2025-02-01T02:49:56.895+0000] {dag.py:2690} INFO - Sync 1 DAGs
[2025-02-01T02:49:56.993+0000] {logging_mixin.py:137} INFO - [2025-02-01T02:49:56.992+0000] {dag.py:3441} INFO - Setting next_dagrun for example_task_group_decorator to 2025-01-31T02:49:56.992398+00:00, run_after=2025-02-01T02:49:56.992398+00:00
[2025-02-01T02:49:57.142+0000] {processor.py:175} INFO - Processing /home/airflow/.local/lib/python3.7/site-packages/airflow/example_dags/example_task_group_decorator.py took 0.736 seconds
[2025-02-01T02:50:27.912+0000] {processor.py:153} INFO - Started process (PID=1180) to work on /home/airflow/.local/lib/python3.7/site-packages/airflow/example_dags/example_task_group_decorator.py
[2025-02-01T02:50:27.918+0000] {processor.py:743} INFO - Processing file /home/airflow/.local/lib/python3.7/site-packages/airflow/example_dags/example_task_group_decorator.py for tasks to queue
[2025-02-01T02:50:27.921+0000] {logging_mixin.py:137} INFO - [2025-02-01T02:50:27.920+0000] {dagbag.py:538} INFO - Filling up the DagBag from /home/airflow/.local/lib/python3.7/site-packages/airflow/example_dags/example_task_group_decorator.py
[2025-02-01T02:50:28.162+0000] {processor.py:753} INFO - DAG(s) dict_keys(['example_task_group_decorator']) retrieved from /home/airflow/.local/lib/python3.7/site-packages/airflow/example_dags/example_task_group_decorator.py
[2025-02-01T02:50:28.382+0000] {logging_mixin.py:137} INFO - [2025-02-01T02:50:28.381+0000] {dag.py:2690} INFO - Sync 1 DAGs
[2025-02-01T02:50:28.585+0000] {logging_mixin.py:137} INFO - [2025-02-01T02:50:28.584+0000] {dag.py:3441} INFO - Setting next_dagrun for example_task_group_decorator to 2025-01-31T02:50:28.584239+00:00, run_after=2025-02-01T02:50:28.584239+00:00
[2025-02-01T02:50:28.692+0000] {processor.py:175} INFO - Processing /home/airflow/.local/lib/python3.7/site-packages/airflow/example_dags/example_task_group_decorator.py took 0.804 seconds
[2025-02-01T02:50:59.274+0000] {processor.py:153} INFO - Started process (PID=1229) to work on /home/airflow/.local/lib/python3.7/site-packages/airflow/example_dags/example_task_group_decorator.py
[2025-02-01T02:50:59.276+0000] {processor.py:743} INFO - Processing file /home/airflow/.local/lib/python3.7/site-packages/airflow/example_dags/example_task_group_decorator.py for tasks to queue
[2025-02-01T02:50:59.278+0000] {logging_mixin.py:137} INFO - [2025-02-01T02:50:59.277+0000] {dagbag.py:538} INFO - Filling up the DagBag from /home/airflow/.local/lib/python3.7/site-packages/airflow/example_dags/example_task_group_decorator.py
[2025-02-01T02:50:59.351+0000] {processor.py:753} INFO - DAG(s) dict_keys(['example_task_group_decorator']) retrieved from /home/airflow/.local/lib/python3.7/site-packages/airflow/example_dags/example_task_group_decorator.py
[2025-02-01T02:50:59.417+0000] {logging_mixin.py:137} INFO - [2025-02-01T02:50:59.416+0000] {dag.py:2690} INFO - Sync 1 DAGs
[2025-02-01T02:50:59.481+0000] {logging_mixin.py:137} INFO - [2025-02-01T02:50:59.480+0000] {dag.py:3441} INFO - Setting next_dagrun for example_task_group_decorator to 2025-01-31T02:50:59.480398+00:00, run_after=2025-02-01T02:50:59.480398+00:00
[2025-02-01T02:50:59.527+0000] {processor.py:175} INFO - Processing /home/airflow/.local/lib/python3.7/site-packages/airflow/example_dags/example_task_group_decorator.py took 0.260 seconds
[2025-02-01T02:51:29.835+0000] {processor.py:153} INFO - Started process (PID=1287) to work on /home/airflow/.local/lib/python3.7/site-packages/airflow/example_dags/example_task_group_decorator.py
[2025-02-01T02:51:29.839+0000] {processor.py:743} INFO - Processing file /home/airflow/.local/lib/python3.7/site-packages/airflow/example_dags/example_task_group_decorator.py for tasks to queue
[2025-02-01T02:51:29.843+0000] {logging_mixin.py:137} INFO - [2025-02-01T02:51:29.842+0000] {dagbag.py:538} INFO - Filling up the DagBag from /home/airflow/.local/lib/python3.7/site-packages/airflow/example_dags/example_task_group_decorator.py
[2025-02-01T02:51:30.008+0000] {processor.py:753} INFO - DAG(s) dict_keys(['example_task_group_decorator']) retrieved from /home/airflow/.local/lib/python3.7/site-packages/airflow/example_dags/example_task_group_decorator.py
[2025-02-01T02:51:30.139+0000] {logging_mixin.py:137} INFO - [2025-02-01T02:51:30.138+0000] {dag.py:2690} INFO - Sync 1 DAGs
[2025-02-01T02:51:30.281+0000] {logging_mixin.py:137} INFO - [2025-02-01T02:51:30.279+0000] {dag.py:3441} INFO - Setting next_dagrun for example_task_group_decorator to 2025-01-31T02:51:30.278567+00:00, run_after=2025-02-01T02:51:30.278567+00:00
[2025-02-01T02:51:30.363+0000] {processor.py:175} INFO - Processing /home/airflow/.local/lib/python3.7/site-packages/airflow/example_dags/example_task_group_decorator.py took 0.545 seconds
[2025-02-01T02:52:01.023+0000] {processor.py:153} INFO - Started process (PID=1345) to work on /home/airflow/.local/lib/python3.7/site-packages/airflow/example_dags/example_task_group_decorator.py
[2025-02-01T02:52:01.025+0000] {processor.py:743} INFO - Processing file /home/airflow/.local/lib/python3.7/site-packages/airflow/example_dags/example_task_group_decorator.py for tasks to queue
[2025-02-01T02:52:01.027+0000] {logging_mixin.py:137} INFO - [2025-02-01T02:52:01.026+0000] {dagbag.py:538} INFO - Filling up the DagBag from /home/airflow/.local/lib/python3.7/site-packages/airflow/example_dags/example_task_group_decorator.py
[2025-02-01T02:52:01.238+0000] {processor.py:753} INFO - DAG(s) dict_keys(['example_task_group_decorator']) retrieved from /home/airflow/.local/lib/python3.7/site-packages/airflow/example_dags/example_task_group_decorator.py
[2025-02-01T02:52:01.365+0000] {logging_mixin.py:137} INFO - [2025-02-01T02:52:01.364+0000] {dag.py:2690} INFO - Sync 1 DAGs
[2025-02-01T02:52:01.535+0000] {logging_mixin.py:137} INFO - [2025-02-01T02:52:01.533+0000] {dag.py:3441} INFO - Setting next_dagrun for example_task_group_decorator to 2025-01-31T02:52:01.532481+00:00, run_after=2025-02-01T02:52:01.532481+00:00
[2025-02-01T02:52:01.636+0000] {processor.py:175} INFO - Processing /home/airflow/.local/lib/python3.7/site-packages/airflow/example_dags/example_task_group_decorator.py took 0.629 seconds
[2025-02-01T02:52:31.890+0000] {processor.py:153} INFO - Started process (PID=1403) to work on /home/airflow/.local/lib/python3.7/site-packages/airflow/example_dags/example_task_group_decorator.py
[2025-02-01T02:52:31.893+0000] {processor.py:743} INFO - Processing file /home/airflow/.local/lib/python3.7/site-packages/airflow/example_dags/example_task_group_decorator.py for tasks to queue
[2025-02-01T02:52:31.897+0000] {logging_mixin.py:137} INFO - [2025-02-01T02:52:31.897+0000] {dagbag.py:538} INFO - Filling up the DagBag from /home/airflow/.local/lib/python3.7/site-packages/airflow/example_dags/example_task_group_decorator.py
[2025-02-01T02:52:31.980+0000] {processor.py:753} INFO - DAG(s) dict_keys(['example_task_group_decorator']) retrieved from /home/airflow/.local/lib/python3.7/site-packages/airflow/example_dags/example_task_group_decorator.py
[2025-02-01T02:52:32.106+0000] {logging_mixin.py:137} INFO - [2025-02-01T02:52:32.105+0000] {dag.py:2690} INFO - Sync 1 DAGs
[2025-02-01T02:52:32.237+0000] {logging_mixin.py:137} INFO - [2025-02-01T02:52:32.237+0000] {dag.py:3441} INFO - Setting next_dagrun for example_task_group_decorator to 2025-01-31T02:52:32.236595+00:00, run_after=2025-02-01T02:52:32.236595+00:00
[2025-02-01T02:52:32.359+0000] {processor.py:175} INFO - Processing /home/airflow/.local/lib/python3.7/site-packages/airflow/example_dags/example_task_group_decorator.py took 0.486 seconds
[2025-02-01T02:53:03.644+0000] {processor.py:153} INFO - Started process (PID=1460) to work on /home/airflow/.local/lib/python3.7/site-packages/airflow/example_dags/example_task_group_decorator.py
[2025-02-01T02:53:03.646+0000] {processor.py:743} INFO - Processing file /home/airflow/.local/lib/python3.7/site-packages/airflow/example_dags/example_task_group_decorator.py for tasks to queue
[2025-02-01T02:53:03.652+0000] {logging_mixin.py:137} INFO - [2025-02-01T02:53:03.647+0000] {dagbag.py:538} INFO - Filling up the DagBag from /home/airflow/.local/lib/python3.7/site-packages/airflow/example_dags/example_task_group_decorator.py
[2025-02-01T02:53:03.775+0000] {processor.py:753} INFO - DAG(s) dict_keys(['example_task_group_decorator']) retrieved from /home/airflow/.local/lib/python3.7/site-packages/airflow/example_dags/example_task_group_decorator.py
[2025-02-01T02:53:03.975+0000] {logging_mixin.py:137} INFO - [2025-02-01T02:53:03.975+0000] {dag.py:2690} INFO - Sync 1 DAGs
[2025-02-01T02:53:04.068+0000] {logging_mixin.py:137} INFO - [2025-02-01T02:53:04.068+0000] {dag.py:3441} INFO - Setting next_dagrun for example_task_group_decorator to 2025-01-31T02:53:04.067901+00:00, run_after=2025-02-01T02:53:04.067901+00:00
[2025-02-01T02:53:04.143+0000] {processor.py:175} INFO - Processing /home/airflow/.local/lib/python3.7/site-packages/airflow/example_dags/example_task_group_decorator.py took 0.515 seconds
[2025-02-01T02:53:34.363+0000] {processor.py:153} INFO - Started process (PID=1512) to work on /home/airflow/.local/lib/python3.7/site-packages/airflow/example_dags/example_task_group_decorator.py
[2025-02-01T02:53:34.369+0000] {processor.py:743} INFO - Processing file /home/airflow/.local/lib/python3.7/site-packages/airflow/example_dags/example_task_group_decorator.py for tasks to queue
[2025-02-01T02:53:34.377+0000] {logging_mixin.py:137} INFO - [2025-02-01T02:53:34.377+0000] {dagbag.py:538} INFO - Filling up the DagBag from /home/airflow/.local/lib/python3.7/site-packages/airflow/example_dags/example_task_group_decorator.py
[2025-02-01T02:53:34.655+0000] {processor.py:753} INFO - DAG(s) dict_keys(['example_task_group_decorator']) retrieved from /home/airflow/.local/lib/python3.7/site-packages/airflow/example_dags/example_task_group_decorator.py
[2025-02-01T02:53:34.794+0000] {logging_mixin.py:137} INFO - [2025-02-01T02:53:34.794+0000] {dag.py:2690} INFO - Sync 1 DAGs
[2025-02-01T02:53:34.972+0000] {logging_mixin.py:137} INFO - [2025-02-01T02:53:34.972+0000] {dag.py:3441} INFO - Setting next_dagrun for example_task_group_decorator to 2025-01-31T02:53:34.971786+00:00, run_after=2025-02-01T02:53:34.971786+00:00
[2025-02-01T02:53:35.094+0000] {processor.py:175} INFO - Processing /home/airflow/.local/lib/python3.7/site-packages/airflow/example_dags/example_task_group_decorator.py took 0.771 seconds
[2025-02-01T02:54:05.641+0000] {processor.py:153} INFO - Started process (PID=1571) to work on /home/airflow/.local/lib/python3.7/site-packages/airflow/example_dags/example_task_group_decorator.py
[2025-02-01T02:54:05.643+0000] {processor.py:743} INFO - Processing file /home/airflow/.local/lib/python3.7/site-packages/airflow/example_dags/example_task_group_decorator.py for tasks to queue
[2025-02-01T02:54:05.645+0000] {logging_mixin.py:137} INFO - [2025-02-01T02:54:05.644+0000] {dagbag.py:538} INFO - Filling up the DagBag from /home/airflow/.local/lib/python3.7/site-packages/airflow/example_dags/example_task_group_decorator.py
[2025-02-01T02:54:05.721+0000] {processor.py:753} INFO - DAG(s) dict_keys(['example_task_group_decorator']) retrieved from /home/airflow/.local/lib/python3.7/site-packages/airflow/example_dags/example_task_group_decorator.py
[2025-02-01T02:54:05.796+0000] {logging_mixin.py:137} INFO - [2025-02-01T02:54:05.795+0000] {dag.py:2690} INFO - Sync 1 DAGs
[2025-02-01T02:54:05.858+0000] {logging_mixin.py:137} INFO - [2025-02-01T02:54:05.857+0000] {dag.py:3441} INFO - Setting next_dagrun for example_task_group_decorator to 2025-01-31T02:54:05.857349+00:00, run_after=2025-02-01T02:54:05.857349+00:00
[2025-02-01T02:54:05.905+0000] {processor.py:175} INFO - Processing /home/airflow/.local/lib/python3.7/site-packages/airflow/example_dags/example_task_group_decorator.py took 0.271 seconds
[2025-02-01T02:54:35.958+0000] {processor.py:153} INFO - Started process (PID=1630) to work on /home/airflow/.local/lib/python3.7/site-packages/airflow/example_dags/example_task_group_decorator.py
[2025-02-01T02:54:35.959+0000] {processor.py:743} INFO - Processing file /home/airflow/.local/lib/python3.7/site-packages/airflow/example_dags/example_task_group_decorator.py for tasks to queue
[2025-02-01T02:54:35.961+0000] {logging_mixin.py:137} INFO - [2025-02-01T02:54:35.961+0000] {dagbag.py:538} INFO - Filling up the DagBag from /home/airflow/.local/lib/python3.7/site-packages/airflow/example_dags/example_task_group_decorator.py
[2025-02-01T02:54:36.032+0000] {processor.py:753} INFO - DAG(s) dict_keys(['example_task_group_decorator']) retrieved from /home/airflow/.local/lib/python3.7/site-packages/airflow/example_dags/example_task_group_decorator.py
[2025-02-01T02:54:36.099+0000] {logging_mixin.py:137} INFO - [2025-02-01T02:54:36.099+0000] {dag.py:2690} INFO - Sync 1 DAGs
[2025-02-01T02:54:36.161+0000] {logging_mixin.py:137} INFO - [2025-02-01T02:54:36.160+0000] {dag.py:3441} INFO - Setting next_dagrun for example_task_group_decorator to 2025-01-31T02:54:36.160458+00:00, run_after=2025-02-01T02:54:36.160458+00:00
[2025-02-01T02:54:36.247+0000] {processor.py:175} INFO - Processing /home/airflow/.local/lib/python3.7/site-packages/airflow/example_dags/example_task_group_decorator.py took 0.296 seconds
[2025-02-01T02:55:07.074+0000] {processor.py:153} INFO - Started process (PID=1688) to work on /home/airflow/.local/lib/python3.7/site-packages/airflow/example_dags/example_task_group_decorator.py
[2025-02-01T02:55:07.114+0000] {processor.py:743} INFO - Processing file /home/airflow/.local/lib/python3.7/site-packages/airflow/example_dags/example_task_group_decorator.py for tasks to queue
[2025-02-01T02:55:07.115+0000] {logging_mixin.py:137} INFO - [2025-02-01T02:55:07.115+0000] {dagbag.py:538} INFO - Filling up the DagBag from /home/airflow/.local/lib/python3.7/site-packages/airflow/example_dags/example_task_group_decorator.py
[2025-02-01T02:55:07.245+0000] {processor.py:753} INFO - DAG(s) dict_keys(['example_task_group_decorator']) retrieved from /home/airflow/.local/lib/python3.7/site-packages/airflow/example_dags/example_task_group_decorator.py
[2025-02-01T02:55:07.454+0000] {logging_mixin.py:137} INFO - [2025-02-01T02:55:07.453+0000] {dag.py:2690} INFO - Sync 1 DAGs
[2025-02-01T02:55:07.614+0000] {logging_mixin.py:137} INFO - [2025-02-01T02:55:07.614+0000] {dag.py:3441} INFO - Setting next_dagrun for example_task_group_decorator to 2025-01-31T02:55:07.613980+00:00, run_after=2025-02-01T02:55:07.613980+00:00
[2025-02-01T02:55:07.806+0000] {processor.py:175} INFO - Processing /home/airflow/.local/lib/python3.7/site-packages/airflow/example_dags/example_task_group_decorator.py took 0.738 seconds
[2025-02-01T02:55:38.216+0000] {processor.py:153} INFO - Started process (PID=1745) to work on /home/airflow/.local/lib/python3.7/site-packages/airflow/example_dags/example_task_group_decorator.py
[2025-02-01T02:55:38.225+0000] {processor.py:743} INFO - Processing file /home/airflow/.local/lib/python3.7/site-packages/airflow/example_dags/example_task_group_decorator.py for tasks to queue
[2025-02-01T02:55:38.231+0000] {logging_mixin.py:137} INFO - [2025-02-01T02:55:38.231+0000] {dagbag.py:538} INFO - Filling up the DagBag from /home/airflow/.local/lib/python3.7/site-packages/airflow/example_dags/example_task_group_decorator.py
[2025-02-01T02:55:38.445+0000] {processor.py:753} INFO - DAG(s) dict_keys(['example_task_group_decorator']) retrieved from /home/airflow/.local/lib/python3.7/site-packages/airflow/example_dags/example_task_group_decorator.py
[2025-02-01T02:55:38.569+0000] {logging_mixin.py:137} INFO - [2025-02-01T02:55:38.568+0000] {dag.py:2690} INFO - Sync 1 DAGs
[2025-02-01T02:55:38.739+0000] {logging_mixin.py:137} INFO - [2025-02-01T02:55:38.739+0000] {dag.py:3441} INFO - Setting next_dagrun for example_task_group_decorator to 2025-01-31T02:55:38.738704+00:00, run_after=2025-02-01T02:55:38.738704+00:00
[2025-02-01T02:55:38.809+0000] {processor.py:175} INFO - Processing /home/airflow/.local/lib/python3.7/site-packages/airflow/example_dags/example_task_group_decorator.py took 0.633 seconds
[2025-02-01T02:56:08.965+0000] {processor.py:153} INFO - Started process (PID=1797) to work on /home/airflow/.local/lib/python3.7/site-packages/airflow/example_dags/example_task_group_decorator.py
[2025-02-01T02:56:08.971+0000] {processor.py:743} INFO - Processing file /home/airflow/.local/lib/python3.7/site-packages/airflow/example_dags/example_task_group_decorator.py for tasks to queue
[2025-02-01T02:56:08.973+0000] {logging_mixin.py:137} INFO - [2025-02-01T02:56:08.972+0000] {dagbag.py:538} INFO - Filling up the DagBag from /home/airflow/.local/lib/python3.7/site-packages/airflow/example_dags/example_task_group_decorator.py
[2025-02-01T02:56:09.050+0000] {processor.py:753} INFO - DAG(s) dict_keys(['example_task_group_decorator']) retrieved from /home/airflow/.local/lib/python3.7/site-packages/airflow/example_dags/example_task_group_decorator.py
[2025-02-01T02:56:09.113+0000] {logging_mixin.py:137} INFO - [2025-02-01T02:56:09.113+0000] {dag.py:2690} INFO - Sync 1 DAGs
[2025-02-01T02:56:09.177+0000] {logging_mixin.py:137} INFO - [2025-02-01T02:56:09.177+0000] {dag.py:3441} INFO - Setting next_dagrun for example_task_group_decorator to 2025-01-31T02:56:09.177021+00:00, run_after=2025-02-01T02:56:09.177021+00:00
[2025-02-01T02:56:09.224+0000] {processor.py:175} INFO - Processing /home/airflow/.local/lib/python3.7/site-packages/airflow/example_dags/example_task_group_decorator.py took 0.274 seconds
[2025-02-01T02:56:39.609+0000] {processor.py:153} INFO - Started process (PID=1856) to work on /home/airflow/.local/lib/python3.7/site-packages/airflow/example_dags/example_task_group_decorator.py
[2025-02-01T02:56:39.610+0000] {processor.py:743} INFO - Processing file /home/airflow/.local/lib/python3.7/site-packages/airflow/example_dags/example_task_group_decorator.py for tasks to queue
[2025-02-01T02:56:39.612+0000] {logging_mixin.py:137} INFO - [2025-02-01T02:56:39.611+0000] {dagbag.py:538} INFO - Filling up the DagBag from /home/airflow/.local/lib/python3.7/site-packages/airflow/example_dags/example_task_group_decorator.py
[2025-02-01T02:56:39.681+0000] {processor.py:753} INFO - DAG(s) dict_keys(['example_task_group_decorator']) retrieved from /home/airflow/.local/lib/python3.7/site-packages/airflow/example_dags/example_task_group_decorator.py
[2025-02-01T02:56:39.744+0000] {logging_mixin.py:137} INFO - [2025-02-01T02:56:39.744+0000] {dag.py:2690} INFO - Sync 1 DAGs
[2025-02-01T02:56:39.812+0000] {logging_mixin.py:137} INFO - [2025-02-01T02:56:39.812+0000] {dag.py:3441} INFO - Setting next_dagrun for example_task_group_decorator to 2025-01-31T02:56:39.811582+00:00, run_after=2025-02-01T02:56:39.811582+00:00
[2025-02-01T02:56:39.859+0000] {processor.py:175} INFO - Processing /home/airflow/.local/lib/python3.7/site-packages/airflow/example_dags/example_task_group_decorator.py took 0.257 seconds
[2025-02-01T02:57:10.625+0000] {processor.py:153} INFO - Started process (PID=1915) to work on /home/airflow/.local/lib/python3.7/site-packages/airflow/example_dags/example_task_group_decorator.py
[2025-02-01T02:57:10.633+0000] {processor.py:743} INFO - Processing file /home/airflow/.local/lib/python3.7/site-packages/airflow/example_dags/example_task_group_decorator.py for tasks to queue
[2025-02-01T02:57:10.639+0000] {logging_mixin.py:137} INFO - [2025-02-01T02:57:10.634+0000] {dagbag.py:538} INFO - Filling up the DagBag from /home/airflow/.local/lib/python3.7/site-packages/airflow/example_dags/example_task_group_decorator.py
[2025-02-01T02:57:10.906+0000] {processor.py:753} INFO - DAG(s) dict_keys(['example_task_group_decorator']) retrieved from /home/airflow/.local/lib/python3.7/site-packages/airflow/example_dags/example_task_group_decorator.py
[2025-02-01T02:57:11.174+0000] {logging_mixin.py:137} INFO - [2025-02-01T02:57:11.173+0000] {dag.py:2690} INFO - Sync 1 DAGs
[2025-02-01T02:57:11.369+0000] {logging_mixin.py:137} INFO - [2025-02-01T02:57:11.369+0000] {dag.py:3441} INFO - Setting next_dagrun for example_task_group_decorator to 2025-01-31T02:57:11.369053+00:00, run_after=2025-02-01T02:57:11.369053+00:00
[2025-02-01T02:57:11.507+0000] {processor.py:175} INFO - Processing /home/airflow/.local/lib/python3.7/site-packages/airflow/example_dags/example_task_group_decorator.py took 0.907 seconds
[2025-02-01T02:57:42.078+0000] {processor.py:153} INFO - Started process (PID=1971) to work on /home/airflow/.local/lib/python3.7/site-packages/airflow/example_dags/example_task_group_decorator.py
[2025-02-01T02:57:42.084+0000] {processor.py:743} INFO - Processing file /home/airflow/.local/lib/python3.7/site-packages/airflow/example_dags/example_task_group_decorator.py for tasks to queue
[2025-02-01T02:57:42.091+0000] {logging_mixin.py:137} INFO - [2025-02-01T02:57:42.091+0000] {dagbag.py:538} INFO - Filling up the DagBag from /home/airflow/.local/lib/python3.7/site-packages/airflow/example_dags/example_task_group_decorator.py
[2025-02-01T02:57:42.307+0000] {processor.py:753} INFO - DAG(s) dict_keys(['example_task_group_decorator']) retrieved from /home/airflow/.local/lib/python3.7/site-packages/airflow/example_dags/example_task_group_decorator.py
[2025-02-01T02:57:42.434+0000] {logging_mixin.py:137} INFO - [2025-02-01T02:57:42.434+0000] {dag.py:2690} INFO - Sync 1 DAGs
[2025-02-01T02:57:42.614+0000] {logging_mixin.py:137} INFO - [2025-02-01T02:57:42.613+0000] {dag.py:3441} INFO - Setting next_dagrun for example_task_group_decorator to 2025-01-31T02:57:42.611109+00:00, run_after=2025-02-01T02:57:42.611109+00:00
[2025-02-01T02:57:42.714+0000] {processor.py:175} INFO - Processing /home/airflow/.local/lib/python3.7/site-packages/airflow/example_dags/example_task_group_decorator.py took 0.651 seconds
[2025-02-01T02:58:12.996+0000] {processor.py:153} INFO - Started process (PID=2023) to work on /home/airflow/.local/lib/python3.7/site-packages/airflow/example_dags/example_task_group_decorator.py
[2025-02-01T02:58:13.001+0000] {processor.py:743} INFO - Processing file /home/airflow/.local/lib/python3.7/site-packages/airflow/example_dags/example_task_group_decorator.py for tasks to queue
[2025-02-01T02:58:13.004+0000] {logging_mixin.py:137} INFO - [2025-02-01T02:58:13.004+0000] {dagbag.py:538} INFO - Filling up the DagBag from /home/airflow/.local/lib/python3.7/site-packages/airflow/example_dags/example_task_group_decorator.py
[2025-02-01T02:58:13.080+0000] {processor.py:753} INFO - DAG(s) dict_keys(['example_task_group_decorator']) retrieved from /home/airflow/.local/lib/python3.7/site-packages/airflow/example_dags/example_task_group_decorator.py
[2025-02-01T02:58:13.234+0000] {logging_mixin.py:137} INFO - [2025-02-01T02:58:13.233+0000] {dag.py:2690} INFO - Sync 1 DAGs
[2025-02-01T02:58:13.383+0000] {logging_mixin.py:137} INFO - [2025-02-01T02:58:13.382+0000] {dag.py:3441} INFO - Setting next_dagrun for example_task_group_decorator to 2025-01-31T02:58:13.382221+00:00, run_after=2025-02-01T02:58:13.382221+00:00
[2025-02-01T02:58:13.430+0000] {processor.py:175} INFO - Processing /home/airflow/.local/lib/python3.7/site-packages/airflow/example_dags/example_task_group_decorator.py took 0.447 seconds
[2025-02-01T02:58:44.831+0000] {processor.py:153} INFO - Started process (PID=2079) to work on /home/airflow/.local/lib/python3.7/site-packages/airflow/example_dags/example_task_group_decorator.py
[2025-02-01T02:58:44.843+0000] {processor.py:743} INFO - Processing file /home/airflow/.local/lib/python3.7/site-packages/airflow/example_dags/example_task_group_decorator.py for tasks to queue
[2025-02-01T02:58:44.857+0000] {logging_mixin.py:137} INFO - [2025-02-01T02:58:44.856+0000] {dagbag.py:538} INFO - Filling up the DagBag from /home/airflow/.local/lib/python3.7/site-packages/airflow/example_dags/example_task_group_decorator.py
[2025-02-01T02:58:45.356+0000] {processor.py:753} INFO - DAG(s) dict_keys(['example_task_group_decorator']) retrieved from /home/airflow/.local/lib/python3.7/site-packages/airflow/example_dags/example_task_group_decorator.py
[2025-02-01T02:58:45.576+0000] {logging_mixin.py:137} INFO - [2025-02-01T02:58:45.576+0000] {dag.py:2690} INFO - Sync 1 DAGs
[2025-02-01T02:58:45.715+0000] {logging_mixin.py:137} INFO - [2025-02-01T02:58:45.714+0000] {dag.py:3441} INFO - Setting next_dagrun for example_task_group_decorator to 2025-01-31T02:58:45.710015+00:00, run_after=2025-02-01T02:58:45.710015+00:00
[2025-02-01T02:58:45.821+0000] {processor.py:175} INFO - Processing /home/airflow/.local/lib/python3.7/site-packages/airflow/example_dags/example_task_group_decorator.py took 1.037 seconds
[2025-02-01T02:59:16.358+0000] {processor.py:153} INFO - Started process (PID=2131) to work on /home/airflow/.local/lib/python3.7/site-packages/airflow/example_dags/example_task_group_decorator.py
[2025-02-01T02:59:16.363+0000] {processor.py:743} INFO - Processing file /home/airflow/.local/lib/python3.7/site-packages/airflow/example_dags/example_task_group_decorator.py for tasks to queue
[2025-02-01T02:59:16.369+0000] {logging_mixin.py:137} INFO - [2025-02-01T02:59:16.368+0000] {dagbag.py:538} INFO - Filling up the DagBag from /home/airflow/.local/lib/python3.7/site-packages/airflow/example_dags/example_task_group_decorator.py
[2025-02-01T02:59:16.734+0000] {processor.py:753} INFO - DAG(s) dict_keys(['example_task_group_decorator']) retrieved from /home/airflow/.local/lib/python3.7/site-packages/airflow/example_dags/example_task_group_decorator.py
[2025-02-01T02:59:16.961+0000] {logging_mixin.py:137} INFO - [2025-02-01T02:59:16.957+0000] {dag.py:2690} INFO - Sync 1 DAGs
[2025-02-01T02:59:17.312+0000] {logging_mixin.py:137} INFO - [2025-02-01T02:59:17.311+0000] {dag.py:3441} INFO - Setting next_dagrun for example_task_group_decorator to 2025-01-31T02:59:17.311170+00:00, run_after=2025-02-01T02:59:17.311170+00:00
[2025-02-01T02:59:17.513+0000] {processor.py:175} INFO - Processing /home/airflow/.local/lib/python3.7/site-packages/airflow/example_dags/example_task_group_decorator.py took 1.190 seconds
[2025-02-01T02:59:47.593+0000] {processor.py:153} INFO - Started process (PID=2189) to work on /home/airflow/.local/lib/python3.7/site-packages/airflow/example_dags/example_task_group_decorator.py
[2025-02-01T02:59:47.595+0000] {processor.py:743} INFO - Processing file /home/airflow/.local/lib/python3.7/site-packages/airflow/example_dags/example_task_group_decorator.py for tasks to queue
[2025-02-01T02:59:47.597+0000] {logging_mixin.py:137} INFO - [2025-02-01T02:59:47.596+0000] {dagbag.py:538} INFO - Filling up the DagBag from /home/airflow/.local/lib/python3.7/site-packages/airflow/example_dags/example_task_group_decorator.py
[2025-02-01T02:59:47.667+0000] {processor.py:753} INFO - DAG(s) dict_keys(['example_task_group_decorator']) retrieved from /home/airflow/.local/lib/python3.7/site-packages/airflow/example_dags/example_task_group_decorator.py
[2025-02-01T02:59:47.732+0000] {logging_mixin.py:137} INFO - [2025-02-01T02:59:47.731+0000] {dag.py:2690} INFO - Sync 1 DAGs
[2025-02-01T02:59:47.799+0000] {logging_mixin.py:137} INFO - [2025-02-01T02:59:47.799+0000] {dag.py:3441} INFO - Setting next_dagrun for example_task_group_decorator to 2025-01-31T02:59:47.798493+00:00, run_after=2025-02-01T02:59:47.798493+00:00
[2025-02-01T02:59:47.899+0000] {processor.py:175} INFO - Processing /home/airflow/.local/lib/python3.7/site-packages/airflow/example_dags/example_task_group_decorator.py took 0.314 seconds
[2025-02-01T03:00:18.290+0000] {processor.py:153} INFO - Started process (PID=2247) to work on /home/airflow/.local/lib/python3.7/site-packages/airflow/example_dags/example_task_group_decorator.py
[2025-02-01T03:00:18.293+0000] {processor.py:743} INFO - Processing file /home/airflow/.local/lib/python3.7/site-packages/airflow/example_dags/example_task_group_decorator.py for tasks to queue
[2025-02-01T03:00:18.297+0000] {logging_mixin.py:137} INFO - [2025-02-01T03:00:18.296+0000] {dagbag.py:538} INFO - Filling up the DagBag from /home/airflow/.local/lib/python3.7/site-packages/airflow/example_dags/example_task_group_decorator.py
[2025-02-01T03:00:18.495+0000] {processor.py:753} INFO - DAG(s) dict_keys(['example_task_group_decorator']) retrieved from /home/airflow/.local/lib/python3.7/site-packages/airflow/example_dags/example_task_group_decorator.py
[2025-02-01T03:00:18.825+0000] {logging_mixin.py:137} INFO - [2025-02-01T03:00:18.825+0000] {dag.py:2690} INFO - Sync 1 DAGs
[2025-02-01T03:00:19.138+0000] {logging_mixin.py:137} INFO - [2025-02-01T03:00:19.137+0000] {dag.py:3441} INFO - Setting next_dagrun for example_task_group_decorator to 2025-01-31T03:00:19.137319+00:00, run_after=2025-02-01T03:00:19.137319+00:00
[2025-02-01T03:00:19.362+0000] {processor.py:175} INFO - Processing /home/airflow/.local/lib/python3.7/site-packages/airflow/example_dags/example_task_group_decorator.py took 1.092 seconds
[2025-02-01T03:00:49.647+0000] {processor.py:153} INFO - Started process (PID=2306) to work on /home/airflow/.local/lib/python3.7/site-packages/airflow/example_dags/example_task_group_decorator.py
[2025-02-01T03:00:49.649+0000] {processor.py:743} INFO - Processing file /home/airflow/.local/lib/python3.7/site-packages/airflow/example_dags/example_task_group_decorator.py for tasks to queue
[2025-02-01T03:00:49.653+0000] {logging_mixin.py:137} INFO - [2025-02-01T03:00:49.652+0000] {dagbag.py:538} INFO - Filling up the DagBag from /home/airflow/.local/lib/python3.7/site-packages/airflow/example_dags/example_task_group_decorator.py
[2025-02-01T03:00:49.728+0000] {processor.py:753} INFO - DAG(s) dict_keys(['example_task_group_decorator']) retrieved from /home/airflow/.local/lib/python3.7/site-packages/airflow/example_dags/example_task_group_decorator.py
[2025-02-01T03:00:49.801+0000] {logging_mixin.py:137} INFO - [2025-02-01T03:00:49.801+0000] {dag.py:2690} INFO - Sync 1 DAGs
[2025-02-01T03:00:49.881+0000] {logging_mixin.py:137} INFO - [2025-02-01T03:00:49.881+0000] {dag.py:3441} INFO - Setting next_dagrun for example_task_group_decorator to 2025-01-31T03:00:49.881085+00:00, run_after=2025-02-01T03:00:49.881085+00:00
[2025-02-01T03:00:49.951+0000] {processor.py:175} INFO - Processing /home/airflow/.local/lib/python3.7/site-packages/airflow/example_dags/example_task_group_decorator.py took 0.322 seconds
[2025-02-01T03:01:20.300+0000] {processor.py:153} INFO - Started process (PID=2356) to work on /home/airflow/.local/lib/python3.7/site-packages/airflow/example_dags/example_task_group_decorator.py
[2025-02-01T03:01:20.301+0000] {processor.py:743} INFO - Processing file /home/airflow/.local/lib/python3.7/site-packages/airflow/example_dags/example_task_group_decorator.py for tasks to queue
[2025-02-01T03:01:20.303+0000] {logging_mixin.py:137} INFO - [2025-02-01T03:01:20.302+0000] {dagbag.py:538} INFO - Filling up the DagBag from /home/airflow/.local/lib/python3.7/site-packages/airflow/example_dags/example_task_group_decorator.py
[2025-02-01T03:01:20.375+0000] {processor.py:753} INFO - DAG(s) dict_keys(['example_task_group_decorator']) retrieved from /home/airflow/.local/lib/python3.7/site-packages/airflow/example_dags/example_task_group_decorator.py
[2025-02-01T03:01:20.456+0000] {logging_mixin.py:137} INFO - [2025-02-01T03:01:20.455+0000] {dag.py:2690} INFO - Sync 1 DAGs
[2025-02-01T03:01:20.518+0000] {logging_mixin.py:137} INFO - [2025-02-01T03:01:20.517+0000] {dag.py:3441} INFO - Setting next_dagrun for example_task_group_decorator to 2025-01-31T03:01:20.517331+00:00, run_after=2025-02-01T03:01:20.517331+00:00
[2025-02-01T03:01:20.582+0000] {processor.py:175} INFO - Processing /home/airflow/.local/lib/python3.7/site-packages/airflow/example_dags/example_task_group_decorator.py took 0.290 seconds
[2025-02-01T03:01:51.468+0000] {processor.py:153} INFO - Started process (PID=2415) to work on /home/airflow/.local/lib/python3.7/site-packages/airflow/example_dags/example_task_group_decorator.py
[2025-02-01T03:01:51.478+0000] {processor.py:743} INFO - Processing file /home/airflow/.local/lib/python3.7/site-packages/airflow/example_dags/example_task_group_decorator.py for tasks to queue
[2025-02-01T03:01:51.479+0000] {logging_mixin.py:137} INFO - [2025-02-01T03:01:51.479+0000] {dagbag.py:538} INFO - Filling up the DagBag from /home/airflow/.local/lib/python3.7/site-packages/airflow/example_dags/example_task_group_decorator.py
[2025-02-01T03:01:51.625+0000] {processor.py:753} INFO - DAG(s) dict_keys(['example_task_group_decorator']) retrieved from /home/airflow/.local/lib/python3.7/site-packages/airflow/example_dags/example_task_group_decorator.py
[2025-02-01T03:01:51.753+0000] {logging_mixin.py:137} INFO - [2025-02-01T03:01:51.753+0000] {dag.py:2690} INFO - Sync 1 DAGs
[2025-02-01T03:01:51.908+0000] {logging_mixin.py:137} INFO - [2025-02-01T03:01:51.908+0000] {dag.py:3441} INFO - Setting next_dagrun for example_task_group_decorator to 2025-01-31T03:01:51.905959+00:00, run_after=2025-02-01T03:01:51.905959+00:00
[2025-02-01T03:01:52.041+0000] {processor.py:175} INFO - Processing /home/airflow/.local/lib/python3.7/site-packages/airflow/example_dags/example_task_group_decorator.py took 0.593 seconds
[2025-02-01T03:02:22.943+0000] {processor.py:153} INFO - Started process (PID=2473) to work on /home/airflow/.local/lib/python3.7/site-packages/airflow/example_dags/example_task_group_decorator.py
[2025-02-01T03:02:22.950+0000] {processor.py:743} INFO - Processing file /home/airflow/.local/lib/python3.7/site-packages/airflow/example_dags/example_task_group_decorator.py for tasks to queue
[2025-02-01T03:02:22.951+0000] {logging_mixin.py:137} INFO - [2025-02-01T03:02:22.951+0000] {dagbag.py:538} INFO - Filling up the DagBag from /home/airflow/.local/lib/python3.7/site-packages/airflow/example_dags/example_task_group_decorator.py
[2025-02-01T03:02:23.119+0000] {processor.py:753} INFO - DAG(s) dict_keys(['example_task_group_decorator']) retrieved from /home/airflow/.local/lib/python3.7/site-packages/airflow/example_dags/example_task_group_decorator.py
[2025-02-01T03:02:23.248+0000] {logging_mixin.py:137} INFO - [2025-02-01T03:02:23.248+0000] {dag.py:2690} INFO - Sync 1 DAGs
[2025-02-01T03:02:23.387+0000] {logging_mixin.py:137} INFO - [2025-02-01T03:02:23.387+0000] {dag.py:3441} INFO - Setting next_dagrun for example_task_group_decorator to 2025-01-31T03:02:23.386808+00:00, run_after=2025-02-01T03:02:23.386808+00:00
[2025-02-01T03:02:23.462+0000] {processor.py:175} INFO - Processing /home/airflow/.local/lib/python3.7/site-packages/airflow/example_dags/example_task_group_decorator.py took 0.570 seconds
[2025-02-01T03:02:54.433+0000] {processor.py:153} INFO - Started process (PID=2532) to work on /home/airflow/.local/lib/python3.7/site-packages/airflow/example_dags/example_task_group_decorator.py
[2025-02-01T03:02:54.440+0000] {processor.py:743} INFO - Processing file /home/airflow/.local/lib/python3.7/site-packages/airflow/example_dags/example_task_group_decorator.py for tasks to queue
[2025-02-01T03:02:54.444+0000] {logging_mixin.py:137} INFO - [2025-02-01T03:02:54.444+0000] {dagbag.py:538} INFO - Filling up the DagBag from /home/airflow/.local/lib/python3.7/site-packages/airflow/example_dags/example_task_group_decorator.py
[2025-02-01T03:02:54.689+0000] {processor.py:753} INFO - DAG(s) dict_keys(['example_task_group_decorator']) retrieved from /home/airflow/.local/lib/python3.7/site-packages/airflow/example_dags/example_task_group_decorator.py
[2025-02-01T03:02:54.861+0000] {logging_mixin.py:137} INFO - [2025-02-01T03:02:54.861+0000] {dag.py:2690} INFO - Sync 1 DAGs
[2025-02-01T03:02:55.086+0000] {logging_mixin.py:137} INFO - [2025-02-01T03:02:55.085+0000] {dag.py:3441} INFO - Setting next_dagrun for example_task_group_decorator to 2025-01-31T03:02:55.085126+00:00, run_after=2025-02-01T03:02:55.085126+00:00
[2025-02-01T03:02:55.280+0000] {processor.py:175} INFO - Processing /home/airflow/.local/lib/python3.7/site-packages/airflow/example_dags/example_task_group_decorator.py took 0.868 seconds
[2025-02-01T03:03:26.193+0000] {processor.py:153} INFO - Started process (PID=2590) to work on /home/airflow/.local/lib/python3.7/site-packages/airflow/example_dags/example_task_group_decorator.py
[2025-02-01T03:03:26.197+0000] {processor.py:743} INFO - Processing file /home/airflow/.local/lib/python3.7/site-packages/airflow/example_dags/example_task_group_decorator.py for tasks to queue
[2025-02-01T03:03:26.198+0000] {logging_mixin.py:137} INFO - [2025-02-01T03:03:26.198+0000] {dagbag.py:538} INFO - Filling up the DagBag from /home/airflow/.local/lib/python3.7/site-packages/airflow/example_dags/example_task_group_decorator.py
[2025-02-01T03:03:26.290+0000] {processor.py:753} INFO - DAG(s) dict_keys(['example_task_group_decorator']) retrieved from /home/airflow/.local/lib/python3.7/site-packages/airflow/example_dags/example_task_group_decorator.py
[2025-02-01T03:03:26.424+0000] {logging_mixin.py:137} INFO - [2025-02-01T03:03:26.423+0000] {dag.py:2690} INFO - Sync 1 DAGs
[2025-02-01T03:03:26.562+0000] {logging_mixin.py:137} INFO - [2025-02-01T03:03:26.562+0000] {dag.py:3441} INFO - Setting next_dagrun for example_task_group_decorator to 2025-01-31T03:03:26.558039+00:00, run_after=2025-02-01T03:03:26.558039+00:00
[2025-02-01T03:03:26.659+0000] {processor.py:175} INFO - Processing /home/airflow/.local/lib/python3.7/site-packages/airflow/example_dags/example_task_group_decorator.py took 0.483 seconds
[2025-02-01T03:03:57.004+0000] {processor.py:153} INFO - Started process (PID=2640) to work on /home/airflow/.local/lib/python3.7/site-packages/airflow/example_dags/example_task_group_decorator.py
[2025-02-01T03:03:57.005+0000] {processor.py:743} INFO - Processing file /home/airflow/.local/lib/python3.7/site-packages/airflow/example_dags/example_task_group_decorator.py for tasks to queue
[2025-02-01T03:03:57.007+0000] {logging_mixin.py:137} INFO - [2025-02-01T03:03:57.007+0000] {dagbag.py:538} INFO - Filling up the DagBag from /home/airflow/.local/lib/python3.7/site-packages/airflow/example_dags/example_task_group_decorator.py
[2025-02-01T03:03:57.087+0000] {processor.py:753} INFO - DAG(s) dict_keys(['example_task_group_decorator']) retrieved from /home/airflow/.local/lib/python3.7/site-packages/airflow/example_dags/example_task_group_decorator.py
[2025-02-01T03:03:57.197+0000] {logging_mixin.py:137} INFO - [2025-02-01T03:03:57.192+0000] {dag.py:2690} INFO - Sync 1 DAGs
[2025-02-01T03:03:57.312+0000] {logging_mixin.py:137} INFO - [2025-02-01T03:03:57.311+0000] {dag.py:3441} INFO - Setting next_dagrun for example_task_group_decorator to 2025-01-31T03:03:57.311345+00:00, run_after=2025-02-01T03:03:57.311345+00:00
[2025-02-01T03:03:57.381+0000] {processor.py:175} INFO - Processing /home/airflow/.local/lib/python3.7/site-packages/airflow/example_dags/example_task_group_decorator.py took 0.393 seconds
[2025-02-01T03:04:27.819+0000] {processor.py:153} INFO - Started process (PID=2695) to work on /home/airflow/.local/lib/python3.7/site-packages/airflow/example_dags/example_task_group_decorator.py
[2025-02-01T03:04:27.833+0000] {processor.py:743} INFO - Processing file /home/airflow/.local/lib/python3.7/site-packages/airflow/example_dags/example_task_group_decorator.py for tasks to queue
[2025-02-01T03:04:27.843+0000] {logging_mixin.py:137} INFO - [2025-02-01T03:04:27.835+0000] {dagbag.py:538} INFO - Filling up the DagBag from /home/airflow/.local/lib/python3.7/site-packages/airflow/example_dags/example_task_group_decorator.py
[2025-02-01T03:04:28.334+0000] {processor.py:753} INFO - DAG(s) dict_keys(['example_task_group_decorator']) retrieved from /home/airflow/.local/lib/python3.7/site-packages/airflow/example_dags/example_task_group_decorator.py
[2025-02-01T03:04:28.719+0000] {logging_mixin.py:137} INFO - [2025-02-01T03:04:28.712+0000] {dag.py:2690} INFO - Sync 1 DAGs
[2025-02-01T03:04:29.053+0000] {logging_mixin.py:137} INFO - [2025-02-01T03:04:29.053+0000] {dag.py:3441} INFO - Setting next_dagrun for example_task_group_decorator to 2025-01-31T03:04:29.047133+00:00, run_after=2025-02-01T03:04:29.047133+00:00
[2025-02-01T03:04:29.282+0000] {processor.py:175} INFO - Processing /home/airflow/.local/lib/python3.7/site-packages/airflow/example_dags/example_task_group_decorator.py took 1.504 seconds
[2025-02-01T03:04:59.514+0000] {processor.py:153} INFO - Started process (PID=2747) to work on /home/airflow/.local/lib/python3.7/site-packages/airflow/example_dags/example_task_group_decorator.py
[2025-02-01T03:04:59.518+0000] {processor.py:743} INFO - Processing file /home/airflow/.local/lib/python3.7/site-packages/airflow/example_dags/example_task_group_decorator.py for tasks to queue
[2025-02-01T03:04:59.520+0000] {logging_mixin.py:137} INFO - [2025-02-01T03:04:59.519+0000] {dagbag.py:538} INFO - Filling up the DagBag from /home/airflow/.local/lib/python3.7/site-packages/airflow/example_dags/example_task_group_decorator.py
[2025-02-01T03:04:59.608+0000] {processor.py:753} INFO - DAG(s) dict_keys(['example_task_group_decorator']) retrieved from /home/airflow/.local/lib/python3.7/site-packages/airflow/example_dags/example_task_group_decorator.py
[2025-02-01T03:04:59.676+0000] {logging_mixin.py:137} INFO - [2025-02-01T03:04:59.675+0000] {dag.py:2690} INFO - Sync 1 DAGs
[2025-02-01T03:04:59.741+0000] {logging_mixin.py:137} INFO - [2025-02-01T03:04:59.741+0000] {dag.py:3441} INFO - Setting next_dagrun for example_task_group_decorator to 2025-01-31T03:04:59.740792+00:00, run_after=2025-02-01T03:04:59.740792+00:00
[2025-02-01T03:04:59.796+0000] {processor.py:175} INFO - Processing /home/airflow/.local/lib/python3.7/site-packages/airflow/example_dags/example_task_group_decorator.py took 0.297 seconds
[2025-02-01T03:05:30.504+0000] {processor.py:153} INFO - Started process (PID=2806) to work on /home/airflow/.local/lib/python3.7/site-packages/airflow/example_dags/example_task_group_decorator.py
[2025-02-01T03:05:30.506+0000] {processor.py:743} INFO - Processing file /home/airflow/.local/lib/python3.7/site-packages/airflow/example_dags/example_task_group_decorator.py for tasks to queue
[2025-02-01T03:05:30.508+0000] {logging_mixin.py:137} INFO - [2025-02-01T03:05:30.508+0000] {dagbag.py:538} INFO - Filling up the DagBag from /home/airflow/.local/lib/python3.7/site-packages/airflow/example_dags/example_task_group_decorator.py
[2025-02-01T03:05:30.585+0000] {processor.py:753} INFO - DAG(s) dict_keys(['example_task_group_decorator']) retrieved from /home/airflow/.local/lib/python3.7/site-packages/airflow/example_dags/example_task_group_decorator.py
[2025-02-01T03:05:30.652+0000] {logging_mixin.py:137} INFO - [2025-02-01T03:05:30.652+0000] {dag.py:2690} INFO - Sync 1 DAGs
[2025-02-01T03:05:30.727+0000] {logging_mixin.py:137} INFO - [2025-02-01T03:05:30.727+0000] {dag.py:3441} INFO - Setting next_dagrun for example_task_group_decorator to 2025-01-31T03:05:30.726845+00:00, run_after=2025-02-01T03:05:30.726845+00:00
[2025-02-01T03:05:30.794+0000] {processor.py:175} INFO - Processing /home/airflow/.local/lib/python3.7/site-packages/airflow/example_dags/example_task_group_decorator.py took 0.298 seconds
[2025-02-01T03:06:01.908+0000] {processor.py:153} INFO - Started process (PID=2865) to work on /home/airflow/.local/lib/python3.7/site-packages/airflow/example_dags/example_task_group_decorator.py
[2025-02-01T03:06:01.916+0000] {processor.py:743} INFO - Processing file /home/airflow/.local/lib/python3.7/site-packages/airflow/example_dags/example_task_group_decorator.py for tasks to queue
[2025-02-01T03:06:01.925+0000] {logging_mixin.py:137} INFO - [2025-02-01T03:06:01.918+0000] {dagbag.py:538} INFO - Filling up the DagBag from /home/airflow/.local/lib/python3.7/site-packages/airflow/example_dags/example_task_group_decorator.py
[2025-02-01T03:06:02.085+0000] {processor.py:753} INFO - DAG(s) dict_keys(['example_task_group_decorator']) retrieved from /home/airflow/.local/lib/python3.7/site-packages/airflow/example_dags/example_task_group_decorator.py
[2025-02-01T03:06:02.208+0000] {logging_mixin.py:137} INFO - [2025-02-01T03:06:02.208+0000] {dag.py:2690} INFO - Sync 1 DAGs
[2025-02-01T03:06:02.346+0000] {logging_mixin.py:137} INFO - [2025-02-01T03:06:02.345+0000] {dag.py:3441} INFO - Setting next_dagrun for example_task_group_decorator to 2025-01-31T03:06:02.345125+00:00, run_after=2025-02-01T03:06:02.345125+00:00
[2025-02-01T03:06:02.439+0000] {processor.py:175} INFO - Processing /home/airflow/.local/lib/python3.7/site-packages/airflow/example_dags/example_task_group_decorator.py took 0.556 seconds
[2025-02-01T03:06:32.875+0000] {processor.py:153} INFO - Started process (PID=2923) to work on /home/airflow/.local/lib/python3.7/site-packages/airflow/example_dags/example_task_group_decorator.py
[2025-02-01T03:06:32.876+0000] {processor.py:743} INFO - Processing file /home/airflow/.local/lib/python3.7/site-packages/airflow/example_dags/example_task_group_decorator.py for tasks to queue
[2025-02-01T03:06:32.878+0000] {logging_mixin.py:137} INFO - [2025-02-01T03:06:32.878+0000] {dagbag.py:538} INFO - Filling up the DagBag from /home/airflow/.local/lib/python3.7/site-packages/airflow/example_dags/example_task_group_decorator.py
[2025-02-01T03:06:32.961+0000] {processor.py:753} INFO - DAG(s) dict_keys(['example_task_group_decorator']) retrieved from /home/airflow/.local/lib/python3.7/site-packages/airflow/example_dags/example_task_group_decorator.py
[2025-02-01T03:06:33.081+0000] {logging_mixin.py:137} INFO - [2025-02-01T03:06:33.080+0000] {dag.py:2690} INFO - Sync 1 DAGs
[2025-02-01T03:06:33.224+0000] {logging_mixin.py:137} INFO - [2025-02-01T03:06:33.223+0000] {dag.py:3441} INFO - Setting next_dagrun for example_task_group_decorator to 2025-01-31T03:06:33.223139+00:00, run_after=2025-02-01T03:06:33.223139+00:00
[2025-02-01T03:06:33.315+0000] {processor.py:175} INFO - Processing /home/airflow/.local/lib/python3.7/site-packages/airflow/example_dags/example_task_group_decorator.py took 0.448 seconds
[2025-02-01T03:07:03.875+0000] {processor.py:153} INFO - Started process (PID=2973) to work on /home/airflow/.local/lib/python3.7/site-packages/airflow/example_dags/example_task_group_decorator.py
[2025-02-01T03:07:03.877+0000] {processor.py:743} INFO - Processing file /home/airflow/.local/lib/python3.7/site-packages/airflow/example_dags/example_task_group_decorator.py for tasks to queue
[2025-02-01T03:07:03.879+0000] {logging_mixin.py:137} INFO - [2025-02-01T03:07:03.878+0000] {dagbag.py:538} INFO - Filling up the DagBag from /home/airflow/.local/lib/python3.7/site-packages/airflow/example_dags/example_task_group_decorator.py
[2025-02-01T03:07:03.956+0000] {processor.py:753} INFO - DAG(s) dict_keys(['example_task_group_decorator']) retrieved from /home/airflow/.local/lib/python3.7/site-packages/airflow/example_dags/example_task_group_decorator.py
[2025-02-01T03:07:04.025+0000] {logging_mixin.py:137} INFO - [2025-02-01T03:07:04.025+0000] {dag.py:2690} INFO - Sync 1 DAGs
[2025-02-01T03:07:04.088+0000] {logging_mixin.py:137} INFO - [2025-02-01T03:07:04.088+0000] {dag.py:3441} INFO - Setting next_dagrun for example_task_group_decorator to 2025-01-31T03:07:04.087802+00:00, run_after=2025-02-01T03:07:04.087802+00:00
[2025-02-01T03:07:04.135+0000] {processor.py:175} INFO - Processing /home/airflow/.local/lib/python3.7/site-packages/airflow/example_dags/example_task_group_decorator.py took 0.268 seconds
[2025-02-01T03:07:34.739+0000] {processor.py:153} INFO - Started process (PID=3032) to work on /home/airflow/.local/lib/python3.7/site-packages/airflow/example_dags/example_task_group_decorator.py
[2025-02-01T03:07:34.747+0000] {processor.py:743} INFO - Processing file /home/airflow/.local/lib/python3.7/site-packages/airflow/example_dags/example_task_group_decorator.py for tasks to queue
[2025-02-01T03:07:34.748+0000] {logging_mixin.py:137} INFO - [2025-02-01T03:07:34.748+0000] {dagbag.py:538} INFO - Filling up the DagBag from /home/airflow/.local/lib/python3.7/site-packages/airflow/example_dags/example_task_group_decorator.py
[2025-02-01T03:07:34.930+0000] {processor.py:753} INFO - DAG(s) dict_keys(['example_task_group_decorator']) retrieved from /home/airflow/.local/lib/python3.7/site-packages/airflow/example_dags/example_task_group_decorator.py
[2025-02-01T03:07:35.085+0000] {logging_mixin.py:137} INFO - [2025-02-01T03:07:35.085+0000] {dag.py:2690} INFO - Sync 1 DAGs
[2025-02-01T03:07:35.277+0000] {logging_mixin.py:137} INFO - [2025-02-01T03:07:35.276+0000] {dag.py:3441} INFO - Setting next_dagrun for example_task_group_decorator to 2025-01-31T03:07:35.276288+00:00, run_after=2025-02-01T03:07:35.276288+00:00
[2025-02-01T03:07:35.391+0000] {processor.py:175} INFO - Processing /home/airflow/.local/lib/python3.7/site-packages/airflow/example_dags/example_task_group_decorator.py took 0.687 seconds
[2025-02-01T03:08:06.055+0000] {processor.py:153} INFO - Started process (PID=3081) to work on /home/airflow/.local/lib/python3.7/site-packages/airflow/example_dags/example_task_group_decorator.py
[2025-02-01T03:08:06.067+0000] {processor.py:743} INFO - Processing file /home/airflow/.local/lib/python3.7/site-packages/airflow/example_dags/example_task_group_decorator.py for tasks to queue
[2025-02-01T03:08:06.079+0000] {logging_mixin.py:137} INFO - [2025-02-01T03:08:06.077+0000] {dagbag.py:538} INFO - Filling up the DagBag from /home/airflow/.local/lib/python3.7/site-packages/airflow/example_dags/example_task_group_decorator.py
[2025-02-01T03:08:06.467+0000] {processor.py:753} INFO - DAG(s) dict_keys(['example_task_group_decorator']) retrieved from /home/airflow/.local/lib/python3.7/site-packages/airflow/example_dags/example_task_group_decorator.py
[2025-02-01T03:08:06.562+0000] {logging_mixin.py:137} INFO - [2025-02-01T03:08:06.559+0000] {dag.py:2690} INFO - Sync 1 DAGs
[2025-02-01T03:08:06.775+0000] {logging_mixin.py:137} INFO - [2025-02-01T03:08:06.775+0000] {dag.py:3441} INFO - Setting next_dagrun for example_task_group_decorator to 2025-01-31T03:08:06.768970+00:00, run_after=2025-02-01T03:08:06.768970+00:00
[2025-02-01T03:08:06.940+0000] {processor.py:175} INFO - Processing /home/airflow/.local/lib/python3.7/site-packages/airflow/example_dags/example_task_group_decorator.py took 0.906 seconds
[2025-02-01T03:08:37.318+0000] {processor.py:153} INFO - Started process (PID=3138) to work on /home/airflow/.local/lib/python3.7/site-packages/airflow/example_dags/example_task_group_decorator.py
[2025-02-01T03:08:37.331+0000] {processor.py:743} INFO - Processing file /home/airflow/.local/lib/python3.7/site-packages/airflow/example_dags/example_task_group_decorator.py for tasks to queue
[2025-02-01T03:08:37.337+0000] {logging_mixin.py:137} INFO - [2025-02-01T03:08:37.336+0000] {dagbag.py:538} INFO - Filling up the DagBag from /home/airflow/.local/lib/python3.7/site-packages/airflow/example_dags/example_task_group_decorator.py
[2025-02-01T03:08:37.643+0000] {processor.py:753} INFO - DAG(s) dict_keys(['example_task_group_decorator']) retrieved from /home/airflow/.local/lib/python3.7/site-packages/airflow/example_dags/example_task_group_decorator.py
[2025-02-01T03:08:37.752+0000] {logging_mixin.py:137} INFO - [2025-02-01T03:08:37.751+0000] {dag.py:2690} INFO - Sync 1 DAGs
[2025-02-01T03:08:37.895+0000] {logging_mixin.py:137} INFO - [2025-02-01T03:08:37.894+0000] {dag.py:3441} INFO - Setting next_dagrun for example_task_group_decorator to 2025-01-31T03:08:37.894419+00:00, run_after=2025-02-01T03:08:37.894419+00:00
[2025-02-01T03:08:38.028+0000] {processor.py:175} INFO - Processing /home/airflow/.local/lib/python3.7/site-packages/airflow/example_dags/example_task_group_decorator.py took 0.746 seconds
[2025-02-01T03:09:08.334+0000] {processor.py:153} INFO - Started process (PID=3197) to work on /home/airflow/.local/lib/python3.7/site-packages/airflow/example_dags/example_task_group_decorator.py
[2025-02-01T03:09:08.337+0000] {processor.py:743} INFO - Processing file /home/airflow/.local/lib/python3.7/site-packages/airflow/example_dags/example_task_group_decorator.py for tasks to queue
[2025-02-01T03:09:08.341+0000] {logging_mixin.py:137} INFO - [2025-02-01T03:09:08.339+0000] {dagbag.py:538} INFO - Filling up the DagBag from /home/airflow/.local/lib/python3.7/site-packages/airflow/example_dags/example_task_group_decorator.py
[2025-02-01T03:09:08.468+0000] {processor.py:753} INFO - DAG(s) dict_keys(['example_task_group_decorator']) retrieved from /home/airflow/.local/lib/python3.7/site-packages/airflow/example_dags/example_task_group_decorator.py
[2025-02-01T03:09:08.601+0000] {logging_mixin.py:137} INFO - [2025-02-01T03:09:08.601+0000] {dag.py:2690} INFO - Sync 1 DAGs
[2025-02-01T03:09:08.688+0000] {logging_mixin.py:137} INFO - [2025-02-01T03:09:08.688+0000] {dag.py:3441} INFO - Setting next_dagrun for example_task_group_decorator to 2025-01-31T03:09:08.687484+00:00, run_after=2025-02-01T03:09:08.687484+00:00
[2025-02-01T03:09:08.734+0000] {processor.py:175} INFO - Processing /home/airflow/.local/lib/python3.7/site-packages/airflow/example_dags/example_task_group_decorator.py took 0.410 seconds
[2025-02-01T03:09:38.865+0000] {processor.py:153} INFO - Started process (PID=3256) to work on /home/airflow/.local/lib/python3.7/site-packages/airflow/example_dags/example_task_group_decorator.py
[2025-02-01T03:09:38.866+0000] {processor.py:743} INFO - Processing file /home/airflow/.local/lib/python3.7/site-packages/airflow/example_dags/example_task_group_decorator.py for tasks to queue
[2025-02-01T03:09:38.869+0000] {logging_mixin.py:137} INFO - [2025-02-01T03:09:38.869+0000] {dagbag.py:538} INFO - Filling up the DagBag from /home/airflow/.local/lib/python3.7/site-packages/airflow/example_dags/example_task_group_decorator.py
[2025-02-01T03:09:38.941+0000] {processor.py:753} INFO - DAG(s) dict_keys(['example_task_group_decorator']) retrieved from /home/airflow/.local/lib/python3.7/site-packages/airflow/example_dags/example_task_group_decorator.py
[2025-02-01T03:09:39.006+0000] {logging_mixin.py:137} INFO - [2025-02-01T03:09:39.005+0000] {dag.py:2690} INFO - Sync 1 DAGs
[2025-02-01T03:09:39.069+0000] {logging_mixin.py:137} INFO - [2025-02-01T03:09:39.069+0000] {dag.py:3441} INFO - Setting next_dagrun for example_task_group_decorator to 2025-01-31T03:09:39.068528+00:00, run_after=2025-02-01T03:09:39.068528+00:00
[2025-02-01T03:09:39.120+0000] {processor.py:175} INFO - Processing /home/airflow/.local/lib/python3.7/site-packages/airflow/example_dags/example_task_group_decorator.py took 0.262 seconds
