[2025-02-01T02:40:18.293+0000] {processor.py:153} INFO - Started process (PID=67) to work on /home/airflow/.local/lib/python3.7/site-packages/airflow/example_dags/example_short_circuit_decorator.py
[2025-02-01T02:40:18.299+0000] {processor.py:743} INFO - Processing file /home/airflow/.local/lib/python3.7/site-packages/airflow/example_dags/example_short_circuit_decorator.py for tasks to queue
[2025-02-01T02:40:18.304+0000] {logging_mixin.py:137} INFO - [2025-02-01T02:40:18.303+0000] {dagbag.py:538} INFO - Filling up the DagBag from /home/airflow/.local/lib/python3.7/site-packages/airflow/example_dags/example_short_circuit_decorator.py
[2025-02-01T02:40:18.637+0000] {processor.py:753} INFO - DAG(s) dict_keys(['example_short_circuit_decorator']) retrieved from /home/airflow/.local/lib/python3.7/site-packages/airflow/example_dags/example_short_circuit_decorator.py
[2025-02-01T02:40:18.860+0000] {logging_mixin.py:137} INFO - [2025-02-01T02:40:18.857+0000] {dag.py:2690} INFO - Sync 1 DAGs
[2025-02-01T02:40:19.139+0000] {logging_mixin.py:137} INFO - [2025-02-01T02:40:19.138+0000] {dag.py:3441} INFO - Setting next_dagrun for example_short_circuit_decorator to 2025-01-31T02:40:19.138169+00:00, run_after=2025-02-01T02:40:19.138169+00:00
[2025-02-01T02:40:19.419+0000] {processor.py:175} INFO - Processing /home/airflow/.local/lib/python3.7/site-packages/airflow/example_dags/example_short_circuit_decorator.py took 1.156 seconds
[2025-02-01T02:40:50.048+0000] {processor.py:153} INFO - Started process (PID=126) to work on /home/airflow/.local/lib/python3.7/site-packages/airflow/example_dags/example_short_circuit_decorator.py
[2025-02-01T02:40:50.052+0000] {processor.py:743} INFO - Processing file /home/airflow/.local/lib/python3.7/site-packages/airflow/example_dags/example_short_circuit_decorator.py for tasks to queue
[2025-02-01T02:40:50.055+0000] {logging_mixin.py:137} INFO - [2025-02-01T02:40:50.055+0000] {dagbag.py:538} INFO - Filling up the DagBag from /home/airflow/.local/lib/python3.7/site-packages/airflow/example_dags/example_short_circuit_decorator.py
[2025-02-01T02:40:50.171+0000] {processor.py:753} INFO - DAG(s) dict_keys(['example_short_circuit_decorator']) retrieved from /home/airflow/.local/lib/python3.7/site-packages/airflow/example_dags/example_short_circuit_decorator.py
[2025-02-01T02:40:50.268+0000] {logging_mixin.py:137} INFO - [2025-02-01T02:40:50.263+0000] {dag.py:2690} INFO - Sync 1 DAGs
[2025-02-01T02:40:50.439+0000] {logging_mixin.py:137} INFO - [2025-02-01T02:40:50.438+0000] {dag.py:3441} INFO - Setting next_dagrun for example_short_circuit_decorator to 2025-01-31T02:40:50.438224+00:00, run_after=2025-02-01T02:40:50.438224+00:00
[2025-02-01T02:40:50.560+0000] {processor.py:175} INFO - Processing /home/airflow/.local/lib/python3.7/site-packages/airflow/example_dags/example_short_circuit_decorator.py took 0.544 seconds
[2025-02-01T02:41:20.818+0000] {processor.py:153} INFO - Started process (PID=174) to work on /home/airflow/.local/lib/python3.7/site-packages/airflow/example_dags/example_short_circuit_decorator.py
[2025-02-01T02:41:20.823+0000] {processor.py:743} INFO - Processing file /home/airflow/.local/lib/python3.7/site-packages/airflow/example_dags/example_short_circuit_decorator.py for tasks to queue
[2025-02-01T02:41:20.831+0000] {logging_mixin.py:137} INFO - [2025-02-01T02:41:20.824+0000] {dagbag.py:538} INFO - Filling up the DagBag from /home/airflow/.local/lib/python3.7/site-packages/airflow/example_dags/example_short_circuit_decorator.py
[2025-02-01T02:41:21.034+0000] {processor.py:753} INFO - DAG(s) dict_keys(['example_short_circuit_decorator']) retrieved from /home/airflow/.local/lib/python3.7/site-packages/airflow/example_dags/example_short_circuit_decorator.py
[2025-02-01T02:41:21.285+0000] {logging_mixin.py:137} INFO - [2025-02-01T02:41:21.285+0000] {dag.py:2690} INFO - Sync 1 DAGs
[2025-02-01T02:41:21.577+0000] {logging_mixin.py:137} INFO - [2025-02-01T02:41:21.576+0000] {dag.py:3441} INFO - Setting next_dagrun for example_short_circuit_decorator to 2025-01-31T02:41:21.573138+00:00, run_after=2025-02-01T02:41:21.573138+00:00
[2025-02-01T02:41:21.849+0000] {processor.py:175} INFO - Processing /home/airflow/.local/lib/python3.7/site-packages/airflow/example_dags/example_short_circuit_decorator.py took 1.059 seconds
[2025-02-01T02:41:52.026+0000] {processor.py:153} INFO - Started process (PID=233) to work on /home/airflow/.local/lib/python3.7/site-packages/airflow/example_dags/example_short_circuit_decorator.py
[2025-02-01T02:41:52.032+0000] {processor.py:743} INFO - Processing file /home/airflow/.local/lib/python3.7/site-packages/airflow/example_dags/example_short_circuit_decorator.py for tasks to queue
[2025-02-01T02:41:52.034+0000] {logging_mixin.py:137} INFO - [2025-02-01T02:41:52.033+0000] {dagbag.py:538} INFO - Filling up the DagBag from /home/airflow/.local/lib/python3.7/site-packages/airflow/example_dags/example_short_circuit_decorator.py
[2025-02-01T02:41:52.145+0000] {processor.py:753} INFO - DAG(s) dict_keys(['example_short_circuit_decorator']) retrieved from /home/airflow/.local/lib/python3.7/site-packages/airflow/example_dags/example_short_circuit_decorator.py
[2025-02-01T02:41:52.203+0000] {logging_mixin.py:137} INFO - [2025-02-01T02:41:52.202+0000] {dag.py:2690} INFO - Sync 1 DAGs
[2025-02-01T02:41:52.265+0000] {logging_mixin.py:137} INFO - [2025-02-01T02:41:52.265+0000] {dag.py:3441} INFO - Setting next_dagrun for example_short_circuit_decorator to 2025-01-31T02:41:52.264468+00:00, run_after=2025-02-01T02:41:52.264468+00:00
[2025-02-01T02:41:52.327+0000] {processor.py:175} INFO - Processing /home/airflow/.local/lib/python3.7/site-packages/airflow/example_dags/example_short_circuit_decorator.py took 0.318 seconds
[2025-02-01T02:42:22.681+0000] {processor.py:153} INFO - Started process (PID=292) to work on /home/airflow/.local/lib/python3.7/site-packages/airflow/example_dags/example_short_circuit_decorator.py
[2025-02-01T02:42:22.683+0000] {processor.py:743} INFO - Processing file /home/airflow/.local/lib/python3.7/site-packages/airflow/example_dags/example_short_circuit_decorator.py for tasks to queue
[2025-02-01T02:42:22.684+0000] {logging_mixin.py:137} INFO - [2025-02-01T02:42:22.684+0000] {dagbag.py:538} INFO - Filling up the DagBag from /home/airflow/.local/lib/python3.7/site-packages/airflow/example_dags/example_short_circuit_decorator.py
[2025-02-01T02:42:22.745+0000] {processor.py:753} INFO - DAG(s) dict_keys(['example_short_circuit_decorator']) retrieved from /home/airflow/.local/lib/python3.7/site-packages/airflow/example_dags/example_short_circuit_decorator.py
[2025-02-01T02:42:22.805+0000] {logging_mixin.py:137} INFO - [2025-02-01T02:42:22.804+0000] {dag.py:2690} INFO - Sync 1 DAGs
[2025-02-01T02:42:22.871+0000] {logging_mixin.py:137} INFO - [2025-02-01T02:42:22.870+0000] {dag.py:3441} INFO - Setting next_dagrun for example_short_circuit_decorator to 2025-01-31T02:42:22.870251+00:00, run_after=2025-02-01T02:42:22.870251+00:00
[2025-02-01T02:42:22.916+0000] {processor.py:175} INFO - Processing /home/airflow/.local/lib/python3.7/site-packages/airflow/example_dags/example_short_circuit_decorator.py took 0.242 seconds
[2025-02-01T02:42:53.898+0000] {processor.py:153} INFO - Started process (PID=352) to work on /home/airflow/.local/lib/python3.7/site-packages/airflow/example_dags/example_short_circuit_decorator.py
[2025-02-01T02:42:53.908+0000] {processor.py:743} INFO - Processing file /home/airflow/.local/lib/python3.7/site-packages/airflow/example_dags/example_short_circuit_decorator.py for tasks to queue
[2025-02-01T02:42:53.910+0000] {logging_mixin.py:137} INFO - [2025-02-01T02:42:53.909+0000] {dagbag.py:538} INFO - Filling up the DagBag from /home/airflow/.local/lib/python3.7/site-packages/airflow/example_dags/example_short_circuit_decorator.py
[2025-02-01T02:42:54.144+0000] {processor.py:753} INFO - DAG(s) dict_keys(['example_short_circuit_decorator']) retrieved from /home/airflow/.local/lib/python3.7/site-packages/airflow/example_dags/example_short_circuit_decorator.py
[2025-02-01T02:42:54.328+0000] {logging_mixin.py:137} INFO - [2025-02-01T02:42:54.327+0000] {dag.py:2690} INFO - Sync 1 DAGs
[2025-02-01T02:42:54.524+0000] {logging_mixin.py:137} INFO - [2025-02-01T02:42:54.523+0000] {dag.py:3441} INFO - Setting next_dagrun for example_short_circuit_decorator to 2025-01-31T02:42:54.523245+00:00, run_after=2025-02-01T02:42:54.523245+00:00
[2025-02-01T02:42:54.774+0000] {processor.py:175} INFO - Processing /home/airflow/.local/lib/python3.7/site-packages/airflow/example_dags/example_short_circuit_decorator.py took 0.910 seconds
[2025-02-01T02:43:25.637+0000] {processor.py:153} INFO - Started process (PID=400) to work on /home/airflow/.local/lib/python3.7/site-packages/airflow/example_dags/example_short_circuit_decorator.py
[2025-02-01T02:43:25.640+0000] {processor.py:743} INFO - Processing file /home/airflow/.local/lib/python3.7/site-packages/airflow/example_dags/example_short_circuit_decorator.py for tasks to queue
[2025-02-01T02:43:25.644+0000] {logging_mixin.py:137} INFO - [2025-02-01T02:43:25.643+0000] {dagbag.py:538} INFO - Filling up the DagBag from /home/airflow/.local/lib/python3.7/site-packages/airflow/example_dags/example_short_circuit_decorator.py
[2025-02-01T02:43:25.815+0000] {processor.py:753} INFO - DAG(s) dict_keys(['example_short_circuit_decorator']) retrieved from /home/airflow/.local/lib/python3.7/site-packages/airflow/example_dags/example_short_circuit_decorator.py
[2025-02-01T02:43:25.957+0000] {logging_mixin.py:137} INFO - [2025-02-01T02:43:25.956+0000] {dag.py:2690} INFO - Sync 1 DAGs
[2025-02-01T02:43:26.094+0000] {logging_mixin.py:137} INFO - [2025-02-01T02:43:26.094+0000] {dag.py:3441} INFO - Setting next_dagrun for example_short_circuit_decorator to 2025-01-31T02:43:26.093815+00:00, run_after=2025-02-01T02:43:26.093815+00:00
[2025-02-01T02:43:26.220+0000] {processor.py:175} INFO - Processing /home/airflow/.local/lib/python3.7/site-packages/airflow/example_dags/example_short_circuit_decorator.py took 0.599 seconds
[2025-02-01T02:43:57.055+0000] {processor.py:153} INFO - Started process (PID=459) to work on /home/airflow/.local/lib/python3.7/site-packages/airflow/example_dags/example_short_circuit_decorator.py
[2025-02-01T02:43:57.056+0000] {processor.py:743} INFO - Processing file /home/airflow/.local/lib/python3.7/site-packages/airflow/example_dags/example_short_circuit_decorator.py for tasks to queue
[2025-02-01T02:43:57.058+0000] {logging_mixin.py:137} INFO - [2025-02-01T02:43:57.057+0000] {dagbag.py:538} INFO - Filling up the DagBag from /home/airflow/.local/lib/python3.7/site-packages/airflow/example_dags/example_short_circuit_decorator.py
[2025-02-01T02:43:57.124+0000] {processor.py:753} INFO - DAG(s) dict_keys(['example_short_circuit_decorator']) retrieved from /home/airflow/.local/lib/python3.7/site-packages/airflow/example_dags/example_short_circuit_decorator.py
[2025-02-01T02:43:57.188+0000] {logging_mixin.py:137} INFO - [2025-02-01T02:43:57.188+0000] {dag.py:2690} INFO - Sync 1 DAGs
[2025-02-01T02:43:57.251+0000] {logging_mixin.py:137} INFO - [2025-02-01T02:43:57.250+0000] {dag.py:3441} INFO - Setting next_dagrun for example_short_circuit_decorator to 2025-01-31T02:43:57.250155+00:00, run_after=2025-02-01T02:43:57.250155+00:00
[2025-02-01T02:43:57.297+0000] {processor.py:175} INFO - Processing /home/airflow/.local/lib/python3.7/site-packages/airflow/example_dags/example_short_circuit_decorator.py took 0.250 seconds
[2025-02-01T02:44:27.423+0000] {processor.py:153} INFO - Started process (PID=516) to work on /home/airflow/.local/lib/python3.7/site-packages/airflow/example_dags/example_short_circuit_decorator.py
[2025-02-01T02:44:27.428+0000] {processor.py:743} INFO - Processing file /home/airflow/.local/lib/python3.7/site-packages/airflow/example_dags/example_short_circuit_decorator.py for tasks to queue
[2025-02-01T02:44:27.434+0000] {logging_mixin.py:137} INFO - [2025-02-01T02:44:27.433+0000] {dagbag.py:538} INFO - Filling up the DagBag from /home/airflow/.local/lib/python3.7/site-packages/airflow/example_dags/example_short_circuit_decorator.py
[2025-02-01T02:44:27.655+0000] {processor.py:753} INFO - DAG(s) dict_keys(['example_short_circuit_decorator']) retrieved from /home/airflow/.local/lib/python3.7/site-packages/airflow/example_dags/example_short_circuit_decorator.py
[2025-02-01T02:44:27.842+0000] {logging_mixin.py:137} INFO - [2025-02-01T02:44:27.841+0000] {dag.py:2690} INFO - Sync 1 DAGs
[2025-02-01T02:44:28.046+0000] {logging_mixin.py:137} INFO - [2025-02-01T02:44:28.041+0000] {dag.py:3441} INFO - Setting next_dagrun for example_short_circuit_decorator to 2025-01-31T02:44:28.041357+00:00, run_after=2025-02-01T02:44:28.041357+00:00
[2025-02-01T02:44:28.223+0000] {processor.py:175} INFO - Processing /home/airflow/.local/lib/python3.7/site-packages/airflow/example_dags/example_short_circuit_decorator.py took 0.843 seconds
[2025-02-01T02:44:58.461+0000] {processor.py:153} INFO - Started process (PID=566) to work on /home/airflow/.local/lib/python3.7/site-packages/airflow/example_dags/example_short_circuit_decorator.py
[2025-02-01T02:44:58.467+0000] {processor.py:743} INFO - Processing file /home/airflow/.local/lib/python3.7/site-packages/airflow/example_dags/example_short_circuit_decorator.py for tasks to queue
[2025-02-01T02:44:58.475+0000] {logging_mixin.py:137} INFO - [2025-02-01T02:44:58.475+0000] {dagbag.py:538} INFO - Filling up the DagBag from /home/airflow/.local/lib/python3.7/site-packages/airflow/example_dags/example_short_circuit_decorator.py
[2025-02-01T02:44:58.731+0000] {processor.py:753} INFO - DAG(s) dict_keys(['example_short_circuit_decorator']) retrieved from /home/airflow/.local/lib/python3.7/site-packages/airflow/example_dags/example_short_circuit_decorator.py
[2025-02-01T02:44:58.915+0000] {logging_mixin.py:137} INFO - [2025-02-01T02:44:58.914+0000] {dag.py:2690} INFO - Sync 1 DAGs
[2025-02-01T02:44:59.058+0000] {logging_mixin.py:137} INFO - [2025-02-01T02:44:59.058+0000] {dag.py:3441} INFO - Setting next_dagrun for example_short_circuit_decorator to 2025-01-31T02:44:59.057743+00:00, run_after=2025-02-01T02:44:59.057743+00:00
[2025-02-01T02:44:59.199+0000] {processor.py:175} INFO - Processing /home/airflow/.local/lib/python3.7/site-packages/airflow/example_dags/example_short_circuit_decorator.py took 0.773 seconds
[2025-02-01T02:45:29.291+0000] {processor.py:153} INFO - Started process (PID=625) to work on /home/airflow/.local/lib/python3.7/site-packages/airflow/example_dags/example_short_circuit_decorator.py
[2025-02-01T02:45:29.293+0000] {processor.py:743} INFO - Processing file /home/airflow/.local/lib/python3.7/site-packages/airflow/example_dags/example_short_circuit_decorator.py for tasks to queue
[2025-02-01T02:45:29.294+0000] {logging_mixin.py:137} INFO - [2025-02-01T02:45:29.294+0000] {dagbag.py:538} INFO - Filling up the DagBag from /home/airflow/.local/lib/python3.7/site-packages/airflow/example_dags/example_short_circuit_decorator.py
[2025-02-01T02:45:29.355+0000] {processor.py:753} INFO - DAG(s) dict_keys(['example_short_circuit_decorator']) retrieved from /home/airflow/.local/lib/python3.7/site-packages/airflow/example_dags/example_short_circuit_decorator.py
[2025-02-01T02:45:29.419+0000] {logging_mixin.py:137} INFO - [2025-02-01T02:45:29.419+0000] {dag.py:2690} INFO - Sync 1 DAGs
[2025-02-01T02:45:29.487+0000] {logging_mixin.py:137} INFO - [2025-02-01T02:45:29.487+0000] {dag.py:3441} INFO - Setting next_dagrun for example_short_circuit_decorator to 2025-01-31T02:45:29.484165+00:00, run_after=2025-02-01T02:45:29.484165+00:00
[2025-02-01T02:45:29.563+0000] {processor.py:175} INFO - Processing /home/airflow/.local/lib/python3.7/site-packages/airflow/example_dags/example_short_circuit_decorator.py took 0.279 seconds
[2025-02-01T02:45:59.855+0000] {processor.py:153} INFO - Started process (PID=684) to work on /home/airflow/.local/lib/python3.7/site-packages/airflow/example_dags/example_short_circuit_decorator.py
[2025-02-01T02:45:59.856+0000] {processor.py:743} INFO - Processing file /home/airflow/.local/lib/python3.7/site-packages/airflow/example_dags/example_short_circuit_decorator.py for tasks to queue
[2025-02-01T02:45:59.858+0000] {logging_mixin.py:137} INFO - [2025-02-01T02:45:59.857+0000] {dagbag.py:538} INFO - Filling up the DagBag from /home/airflow/.local/lib/python3.7/site-packages/airflow/example_dags/example_short_circuit_decorator.py
[2025-02-01T02:45:59.920+0000] {processor.py:753} INFO - DAG(s) dict_keys(['example_short_circuit_decorator']) retrieved from /home/airflow/.local/lib/python3.7/site-packages/airflow/example_dags/example_short_circuit_decorator.py
[2025-02-01T02:45:59.981+0000] {logging_mixin.py:137} INFO - [2025-02-01T02:45:59.981+0000] {dag.py:2690} INFO - Sync 1 DAGs
[2025-02-01T02:46:00.047+0000] {logging_mixin.py:137} INFO - [2025-02-01T02:46:00.047+0000] {dag.py:3441} INFO - Setting next_dagrun for example_short_circuit_decorator to 2025-01-31T02:46:00.046516+00:00, run_after=2025-02-01T02:46:00.046516+00:00
[2025-02-01T02:46:00.100+0000] {processor.py:175} INFO - Processing /home/airflow/.local/lib/python3.7/site-packages/airflow/example_dags/example_short_circuit_decorator.py took 0.254 seconds
[2025-02-01T02:46:30.924+0000] {processor.py:153} INFO - Started process (PID=741) to work on /home/airflow/.local/lib/python3.7/site-packages/airflow/example_dags/example_short_circuit_decorator.py
[2025-02-01T02:46:30.927+0000] {processor.py:743} INFO - Processing file /home/airflow/.local/lib/python3.7/site-packages/airflow/example_dags/example_short_circuit_decorator.py for tasks to queue
[2025-02-01T02:46:30.928+0000] {logging_mixin.py:137} INFO - [2025-02-01T02:46:30.928+0000] {dagbag.py:538} INFO - Filling up the DagBag from /home/airflow/.local/lib/python3.7/site-packages/airflow/example_dags/example_short_circuit_decorator.py
[2025-02-01T02:46:30.992+0000] {processor.py:753} INFO - DAG(s) dict_keys(['example_short_circuit_decorator']) retrieved from /home/airflow/.local/lib/python3.7/site-packages/airflow/example_dags/example_short_circuit_decorator.py
[2025-02-01T02:46:31.052+0000] {logging_mixin.py:137} INFO - [2025-02-01T02:46:31.051+0000] {dag.py:2690} INFO - Sync 1 DAGs
[2025-02-01T02:46:31.114+0000] {logging_mixin.py:137} INFO - [2025-02-01T02:46:31.113+0000] {dag.py:3441} INFO - Setting next_dagrun for example_short_circuit_decorator to 2025-01-31T02:46:31.113313+00:00, run_after=2025-02-01T02:46:31.113313+00:00
[2025-02-01T02:46:31.163+0000] {processor.py:175} INFO - Processing /home/airflow/.local/lib/python3.7/site-packages/airflow/example_dags/example_short_circuit_decorator.py took 0.245 seconds
[2025-02-01T02:47:01.708+0000] {processor.py:153} INFO - Started process (PID=800) to work on /home/airflow/.local/lib/python3.7/site-packages/airflow/example_dags/example_short_circuit_decorator.py
[2025-02-01T02:47:01.712+0000] {processor.py:743} INFO - Processing file /home/airflow/.local/lib/python3.7/site-packages/airflow/example_dags/example_short_circuit_decorator.py for tasks to queue
[2025-02-01T02:47:01.714+0000] {logging_mixin.py:137} INFO - [2025-02-01T02:47:01.714+0000] {dagbag.py:538} INFO - Filling up the DagBag from /home/airflow/.local/lib/python3.7/site-packages/airflow/example_dags/example_short_circuit_decorator.py
[2025-02-01T02:47:01.824+0000] {processor.py:753} INFO - DAG(s) dict_keys(['example_short_circuit_decorator']) retrieved from /home/airflow/.local/lib/python3.7/site-packages/airflow/example_dags/example_short_circuit_decorator.py
[2025-02-01T02:47:01.935+0000] {logging_mixin.py:137} INFO - [2025-02-01T02:47:01.935+0000] {dag.py:2690} INFO - Sync 1 DAGs
[2025-02-01T02:47:02.014+0000] {logging_mixin.py:137} INFO - [2025-02-01T02:47:02.014+0000] {dag.py:3441} INFO - Setting next_dagrun for example_short_circuit_decorator to 2025-01-31T02:47:02.013500+00:00, run_after=2025-02-01T02:47:02.013500+00:00
[2025-02-01T02:47:02.086+0000] {processor.py:175} INFO - Processing /home/airflow/.local/lib/python3.7/site-packages/airflow/example_dags/example_short_circuit_decorator.py took 0.394 seconds
[2025-02-01T02:47:33.346+0000] {processor.py:153} INFO - Started process (PID=850) to work on /home/airflow/.local/lib/python3.7/site-packages/airflow/example_dags/example_short_circuit_decorator.py
[2025-02-01T02:47:33.348+0000] {processor.py:743} INFO - Processing file /home/airflow/.local/lib/python3.7/site-packages/airflow/example_dags/example_short_circuit_decorator.py for tasks to queue
[2025-02-01T02:47:33.349+0000] {logging_mixin.py:137} INFO - [2025-02-01T02:47:33.349+0000] {dagbag.py:538} INFO - Filling up the DagBag from /home/airflow/.local/lib/python3.7/site-packages/airflow/example_dags/example_short_circuit_decorator.py
[2025-02-01T02:47:33.483+0000] {processor.py:753} INFO - DAG(s) dict_keys(['example_short_circuit_decorator']) retrieved from /home/airflow/.local/lib/python3.7/site-packages/airflow/example_dags/example_short_circuit_decorator.py
[2025-02-01T02:47:33.624+0000] {logging_mixin.py:137} INFO - [2025-02-01T02:47:33.623+0000] {dag.py:2690} INFO - Sync 1 DAGs
[2025-02-01T02:47:33.827+0000] {logging_mixin.py:137} INFO - [2025-02-01T02:47:33.826+0000] {dag.py:3441} INFO - Setting next_dagrun for example_short_circuit_decorator to 2025-01-31T02:47:33.824116+00:00, run_after=2025-02-01T02:47:33.824116+00:00
[2025-02-01T02:47:33.928+0000] {processor.py:175} INFO - Processing /home/airflow/.local/lib/python3.7/site-packages/airflow/example_dags/example_short_circuit_decorator.py took 0.594 seconds
[2025-02-01T02:48:04.452+0000] {processor.py:153} INFO - Started process (PID=909) to work on /home/airflow/.local/lib/python3.7/site-packages/airflow/example_dags/example_short_circuit_decorator.py
[2025-02-01T02:48:04.457+0000] {processor.py:743} INFO - Processing file /home/airflow/.local/lib/python3.7/site-packages/airflow/example_dags/example_short_circuit_decorator.py for tasks to queue
[2025-02-01T02:48:04.463+0000] {logging_mixin.py:137} INFO - [2025-02-01T02:48:04.459+0000] {dagbag.py:538} INFO - Filling up the DagBag from /home/airflow/.local/lib/python3.7/site-packages/airflow/example_dags/example_short_circuit_decorator.py
[2025-02-01T02:48:04.603+0000] {processor.py:753} INFO - DAG(s) dict_keys(['example_short_circuit_decorator']) retrieved from /home/airflow/.local/lib/python3.7/site-packages/airflow/example_dags/example_short_circuit_decorator.py
[2025-02-01T02:48:04.797+0000] {logging_mixin.py:137} INFO - [2025-02-01T02:48:04.797+0000] {dag.py:2690} INFO - Sync 1 DAGs
[2025-02-01T02:48:04.995+0000] {logging_mixin.py:137} INFO - [2025-02-01T02:48:04.994+0000] {dag.py:3441} INFO - Setting next_dagrun for example_short_circuit_decorator to 2025-01-31T02:48:04.994132+00:00, run_after=2025-02-01T02:48:04.994132+00:00
[2025-02-01T02:48:05.104+0000] {processor.py:175} INFO - Processing /home/airflow/.local/lib/python3.7/site-packages/airflow/example_dags/example_short_circuit_decorator.py took 0.678 seconds
[2025-02-01T02:48:35.484+0000] {processor.py:153} INFO - Started process (PID=968) to work on /home/airflow/.local/lib/python3.7/site-packages/airflow/example_dags/example_short_circuit_decorator.py
[2025-02-01T02:48:35.493+0000] {processor.py:743} INFO - Processing file /home/airflow/.local/lib/python3.7/site-packages/airflow/example_dags/example_short_circuit_decorator.py for tasks to queue
[2025-02-01T02:48:35.494+0000] {logging_mixin.py:137} INFO - [2025-02-01T02:48:35.494+0000] {dagbag.py:538} INFO - Filling up the DagBag from /home/airflow/.local/lib/python3.7/site-packages/airflow/example_dags/example_short_circuit_decorator.py
[2025-02-01T02:48:35.590+0000] {processor.py:753} INFO - DAG(s) dict_keys(['example_short_circuit_decorator']) retrieved from /home/airflow/.local/lib/python3.7/site-packages/airflow/example_dags/example_short_circuit_decorator.py
[2025-02-01T02:48:35.654+0000] {logging_mixin.py:137} INFO - [2025-02-01T02:48:35.654+0000] {dag.py:2690} INFO - Sync 1 DAGs
[2025-02-01T02:48:35.719+0000] {logging_mixin.py:137} INFO - [2025-02-01T02:48:35.718+0000] {dag.py:3441} INFO - Setting next_dagrun for example_short_circuit_decorator to 2025-01-31T02:48:35.718416+00:00, run_after=2025-02-01T02:48:35.718416+00:00
[2025-02-01T02:48:35.767+0000] {processor.py:175} INFO - Processing /home/airflow/.local/lib/python3.7/site-packages/airflow/example_dags/example_short_circuit_decorator.py took 0.312 seconds
[2025-02-01T02:49:06.067+0000] {processor.py:153} INFO - Started process (PID=1028) to work on /home/airflow/.local/lib/python3.7/site-packages/airflow/example_dags/example_short_circuit_decorator.py
[2025-02-01T02:49:06.068+0000] {processor.py:743} INFO - Processing file /home/airflow/.local/lib/python3.7/site-packages/airflow/example_dags/example_short_circuit_decorator.py for tasks to queue
[2025-02-01T02:49:06.070+0000] {logging_mixin.py:137} INFO - [2025-02-01T02:49:06.069+0000] {dagbag.py:538} INFO - Filling up the DagBag from /home/airflow/.local/lib/python3.7/site-packages/airflow/example_dags/example_short_circuit_decorator.py
[2025-02-01T02:49:06.160+0000] {processor.py:753} INFO - DAG(s) dict_keys(['example_short_circuit_decorator']) retrieved from /home/airflow/.local/lib/python3.7/site-packages/airflow/example_dags/example_short_circuit_decorator.py
[2025-02-01T02:49:06.260+0000] {logging_mixin.py:137} INFO - [2025-02-01T02:49:06.260+0000] {dag.py:2690} INFO - Sync 1 DAGs
[2025-02-01T02:49:06.330+0000] {logging_mixin.py:137} INFO - [2025-02-01T02:49:06.330+0000] {dag.py:3441} INFO - Setting next_dagrun for example_short_circuit_decorator to 2025-01-31T02:49:06.328673+00:00, run_after=2025-02-01T02:49:06.328673+00:00
[2025-02-01T02:49:06.392+0000] {processor.py:175} INFO - Processing /home/airflow/.local/lib/python3.7/site-packages/airflow/example_dags/example_short_circuit_decorator.py took 0.332 seconds
[2025-02-01T02:49:36.943+0000] {processor.py:153} INFO - Started process (PID=1086) to work on /home/airflow/.local/lib/python3.7/site-packages/airflow/example_dags/example_short_circuit_decorator.py
[2025-02-01T02:49:36.948+0000] {processor.py:743} INFO - Processing file /home/airflow/.local/lib/python3.7/site-packages/airflow/example_dags/example_short_circuit_decorator.py for tasks to queue
[2025-02-01T02:49:36.949+0000] {logging_mixin.py:137} INFO - [2025-02-01T02:49:36.949+0000] {dagbag.py:538} INFO - Filling up the DagBag from /home/airflow/.local/lib/python3.7/site-packages/airflow/example_dags/example_short_circuit_decorator.py
[2025-02-01T02:49:37.021+0000] {processor.py:753} INFO - DAG(s) dict_keys(['example_short_circuit_decorator']) retrieved from /home/airflow/.local/lib/python3.7/site-packages/airflow/example_dags/example_short_circuit_decorator.py
[2025-02-01T02:49:37.082+0000] {logging_mixin.py:137} INFO - [2025-02-01T02:49:37.082+0000] {dag.py:2690} INFO - Sync 1 DAGs
[2025-02-01T02:49:37.150+0000] {logging_mixin.py:137} INFO - [2025-02-01T02:49:37.150+0000] {dag.py:3441} INFO - Setting next_dagrun for example_short_circuit_decorator to 2025-01-31T02:49:37.149957+00:00, run_after=2025-02-01T02:49:37.149957+00:00
[2025-02-01T02:49:37.244+0000] {processor.py:175} INFO - Processing /home/airflow/.local/lib/python3.7/site-packages/airflow/example_dags/example_short_circuit_decorator.py took 0.317 seconds
[2025-02-01T02:50:07.796+0000] {processor.py:153} INFO - Started process (PID=1142) to work on /home/airflow/.local/lib/python3.7/site-packages/airflow/example_dags/example_short_circuit_decorator.py
[2025-02-01T02:50:07.797+0000] {processor.py:743} INFO - Processing file /home/airflow/.local/lib/python3.7/site-packages/airflow/example_dags/example_short_circuit_decorator.py for tasks to queue
[2025-02-01T02:50:07.799+0000] {logging_mixin.py:137} INFO - [2025-02-01T02:50:07.798+0000] {dagbag.py:538} INFO - Filling up the DagBag from /home/airflow/.local/lib/python3.7/site-packages/airflow/example_dags/example_short_circuit_decorator.py
[2025-02-01T02:50:07.859+0000] {processor.py:753} INFO - DAG(s) dict_keys(['example_short_circuit_decorator']) retrieved from /home/airflow/.local/lib/python3.7/site-packages/airflow/example_dags/example_short_circuit_decorator.py
[2025-02-01T02:50:07.929+0000] {logging_mixin.py:137} INFO - [2025-02-01T02:50:07.929+0000] {dag.py:2690} INFO - Sync 1 DAGs
[2025-02-01T02:50:07.992+0000] {logging_mixin.py:137} INFO - [2025-02-01T02:50:07.991+0000] {dag.py:3441} INFO - Setting next_dagrun for example_short_circuit_decorator to 2025-01-31T02:50:07.991266+00:00, run_after=2025-02-01T02:50:07.991266+00:00
[2025-02-01T02:50:08.059+0000] {processor.py:175} INFO - Processing /home/airflow/.local/lib/python3.7/site-packages/airflow/example_dags/example_short_circuit_decorator.py took 0.270 seconds
[2025-02-01T02:50:38.310+0000] {processor.py:153} INFO - Started process (PID=1194) to work on /home/airflow/.local/lib/python3.7/site-packages/airflow/example_dags/example_short_circuit_decorator.py
[2025-02-01T02:50:38.312+0000] {processor.py:743} INFO - Processing file /home/airflow/.local/lib/python3.7/site-packages/airflow/example_dags/example_short_circuit_decorator.py for tasks to queue
[2025-02-01T02:50:38.314+0000] {logging_mixin.py:137} INFO - [2025-02-01T02:50:38.313+0000] {dagbag.py:538} INFO - Filling up the DagBag from /home/airflow/.local/lib/python3.7/site-packages/airflow/example_dags/example_short_circuit_decorator.py
[2025-02-01T02:50:38.380+0000] {processor.py:753} INFO - DAG(s) dict_keys(['example_short_circuit_decorator']) retrieved from /home/airflow/.local/lib/python3.7/site-packages/airflow/example_dags/example_short_circuit_decorator.py
[2025-02-01T02:50:38.441+0000] {logging_mixin.py:137} INFO - [2025-02-01T02:50:38.441+0000] {dag.py:2690} INFO - Sync 1 DAGs
[2025-02-01T02:50:38.506+0000] {logging_mixin.py:137} INFO - [2025-02-01T02:50:38.506+0000] {dag.py:3441} INFO - Setting next_dagrun for example_short_circuit_decorator to 2025-01-31T02:50:38.505547+00:00, run_after=2025-02-01T02:50:38.505547+00:00
[2025-02-01T02:50:38.558+0000] {processor.py:175} INFO - Processing /home/airflow/.local/lib/python3.7/site-packages/airflow/example_dags/example_short_circuit_decorator.py took 0.255 seconds
[2025-02-01T02:51:10.127+0000] {processor.py:153} INFO - Started process (PID=1252) to work on /home/airflow/.local/lib/python3.7/site-packages/airflow/example_dags/example_short_circuit_decorator.py
[2025-02-01T02:51:10.131+0000] {processor.py:743} INFO - Processing file /home/airflow/.local/lib/python3.7/site-packages/airflow/example_dags/example_short_circuit_decorator.py for tasks to queue
[2025-02-01T02:51:10.135+0000] {logging_mixin.py:137} INFO - [2025-02-01T02:51:10.133+0000] {dagbag.py:538} INFO - Filling up the DagBag from /home/airflow/.local/lib/python3.7/site-packages/airflow/example_dags/example_short_circuit_decorator.py
[2025-02-01T02:51:10.309+0000] {processor.py:753} INFO - DAG(s) dict_keys(['example_short_circuit_decorator']) retrieved from /home/airflow/.local/lib/python3.7/site-packages/airflow/example_dags/example_short_circuit_decorator.py
[2025-02-01T02:51:10.535+0000] {logging_mixin.py:137} INFO - [2025-02-01T02:51:10.534+0000] {dag.py:2690} INFO - Sync 1 DAGs
[2025-02-01T02:51:10.779+0000] {logging_mixin.py:137} INFO - [2025-02-01T02:51:10.778+0000] {dag.py:3441} INFO - Setting next_dagrun for example_short_circuit_decorator to 2025-01-31T02:51:10.778218+00:00, run_after=2025-02-01T02:51:10.778218+00:00
[2025-02-01T02:51:10.874+0000] {processor.py:175} INFO - Processing /home/airflow/.local/lib/python3.7/site-packages/airflow/example_dags/example_short_circuit_decorator.py took 0.762 seconds
[2025-02-01T02:51:41.171+0000] {processor.py:153} INFO - Started process (PID=1301) to work on /home/airflow/.local/lib/python3.7/site-packages/airflow/example_dags/example_short_circuit_decorator.py
[2025-02-01T02:51:41.173+0000] {processor.py:743} INFO - Processing file /home/airflow/.local/lib/python3.7/site-packages/airflow/example_dags/example_short_circuit_decorator.py for tasks to queue
[2025-02-01T02:51:41.174+0000] {logging_mixin.py:137} INFO - [2025-02-01T02:51:41.174+0000] {dagbag.py:538} INFO - Filling up the DagBag from /home/airflow/.local/lib/python3.7/site-packages/airflow/example_dags/example_short_circuit_decorator.py
[2025-02-01T02:51:41.234+0000] {processor.py:753} INFO - DAG(s) dict_keys(['example_short_circuit_decorator']) retrieved from /home/airflow/.local/lib/python3.7/site-packages/airflow/example_dags/example_short_circuit_decorator.py
[2025-02-01T02:51:41.295+0000] {logging_mixin.py:137} INFO - [2025-02-01T02:51:41.294+0000] {dag.py:2690} INFO - Sync 1 DAGs
[2025-02-01T02:51:41.361+0000] {logging_mixin.py:137} INFO - [2025-02-01T02:51:41.360+0000] {dag.py:3441} INFO - Setting next_dagrun for example_short_circuit_decorator to 2025-01-31T02:51:41.360337+00:00, run_after=2025-02-01T02:51:41.360337+00:00
[2025-02-01T02:51:41.407+0000] {processor.py:175} INFO - Processing /home/airflow/.local/lib/python3.7/site-packages/airflow/example_dags/example_short_circuit_decorator.py took 0.242 seconds
[2025-02-01T02:52:12.152+0000] {processor.py:153} INFO - Started process (PID=1359) to work on /home/airflow/.local/lib/python3.7/site-packages/airflow/example_dags/example_short_circuit_decorator.py
[2025-02-01T02:52:12.155+0000] {processor.py:743} INFO - Processing file /home/airflow/.local/lib/python3.7/site-packages/airflow/example_dags/example_short_circuit_decorator.py for tasks to queue
[2025-02-01T02:52:12.157+0000] {logging_mixin.py:137} INFO - [2025-02-01T02:52:12.157+0000] {dagbag.py:538} INFO - Filling up the DagBag from /home/airflow/.local/lib/python3.7/site-packages/airflow/example_dags/example_short_circuit_decorator.py
[2025-02-01T02:52:12.342+0000] {processor.py:753} INFO - DAG(s) dict_keys(['example_short_circuit_decorator']) retrieved from /home/airflow/.local/lib/python3.7/site-packages/airflow/example_dags/example_short_circuit_decorator.py
[2025-02-01T02:52:12.488+0000] {logging_mixin.py:137} INFO - [2025-02-01T02:52:12.488+0000] {dag.py:2690} INFO - Sync 1 DAGs
[2025-02-01T02:52:12.631+0000] {logging_mixin.py:137} INFO - [2025-02-01T02:52:12.630+0000] {dag.py:3441} INFO - Setting next_dagrun for example_short_circuit_decorator to 2025-01-31T02:52:12.630129+00:00, run_after=2025-02-01T02:52:12.630129+00:00
[2025-02-01T02:52:12.706+0000] {processor.py:175} INFO - Processing /home/airflow/.local/lib/python3.7/site-packages/airflow/example_dags/example_short_circuit_decorator.py took 0.574 seconds
[2025-02-01T02:52:43.767+0000] {processor.py:153} INFO - Started process (PID=1418) to work on /home/airflow/.local/lib/python3.7/site-packages/airflow/example_dags/example_short_circuit_decorator.py
[2025-02-01T02:52:43.770+0000] {processor.py:743} INFO - Processing file /home/airflow/.local/lib/python3.7/site-packages/airflow/example_dags/example_short_circuit_decorator.py for tasks to queue
[2025-02-01T02:52:43.774+0000] {logging_mixin.py:137} INFO - [2025-02-01T02:52:43.772+0000] {dagbag.py:538} INFO - Filling up the DagBag from /home/airflow/.local/lib/python3.7/site-packages/airflow/example_dags/example_short_circuit_decorator.py
[2025-02-01T02:52:43.909+0000] {processor.py:753} INFO - DAG(s) dict_keys(['example_short_circuit_decorator']) retrieved from /home/airflow/.local/lib/python3.7/site-packages/airflow/example_dags/example_short_circuit_decorator.py
[2025-02-01T02:52:44.070+0000] {logging_mixin.py:137} INFO - [2025-02-01T02:52:44.067+0000] {dag.py:2690} INFO - Sync 1 DAGs
[2025-02-01T02:52:44.352+0000] {logging_mixin.py:137} INFO - [2025-02-01T02:52:44.351+0000] {dag.py:3441} INFO - Setting next_dagrun for example_short_circuit_decorator to 2025-01-31T02:52:44.351143+00:00, run_after=2025-02-01T02:52:44.351143+00:00
[2025-02-01T02:52:44.525+0000] {processor.py:175} INFO - Processing /home/airflow/.local/lib/python3.7/site-packages/airflow/example_dags/example_short_circuit_decorator.py took 0.775 seconds
[2025-02-01T02:53:14.675+0000] {processor.py:153} INFO - Started process (PID=1477) to work on /home/airflow/.local/lib/python3.7/site-packages/airflow/example_dags/example_short_circuit_decorator.py
[2025-02-01T02:53:14.678+0000] {processor.py:743} INFO - Processing file /home/airflow/.local/lib/python3.7/site-packages/airflow/example_dags/example_short_circuit_decorator.py for tasks to queue
[2025-02-01T02:53:14.679+0000] {logging_mixin.py:137} INFO - [2025-02-01T02:53:14.679+0000] {dagbag.py:538} INFO - Filling up the DagBag from /home/airflow/.local/lib/python3.7/site-packages/airflow/example_dags/example_short_circuit_decorator.py
[2025-02-01T02:53:14.744+0000] {processor.py:753} INFO - DAG(s) dict_keys(['example_short_circuit_decorator']) retrieved from /home/airflow/.local/lib/python3.7/site-packages/airflow/example_dags/example_short_circuit_decorator.py
[2025-02-01T02:53:14.843+0000] {logging_mixin.py:137} INFO - [2025-02-01T02:53:14.842+0000] {dag.py:2690} INFO - Sync 1 DAGs
[2025-02-01T02:53:14.906+0000] {logging_mixin.py:137} INFO - [2025-02-01T02:53:14.905+0000] {dag.py:3441} INFO - Setting next_dagrun for example_short_circuit_decorator to 2025-01-31T02:53:14.905322+00:00, run_after=2025-02-01T02:53:14.905322+00:00
[2025-02-01T02:53:14.955+0000] {processor.py:175} INFO - Processing /home/airflow/.local/lib/python3.7/site-packages/airflow/example_dags/example_short_circuit_decorator.py took 0.286 seconds
[2025-02-01T02:53:45.220+0000] {processor.py:153} INFO - Started process (PID=1536) to work on /home/airflow/.local/lib/python3.7/site-packages/airflow/example_dags/example_short_circuit_decorator.py
[2025-02-01T02:53:45.221+0000] {processor.py:743} INFO - Processing file /home/airflow/.local/lib/python3.7/site-packages/airflow/example_dags/example_short_circuit_decorator.py for tasks to queue
[2025-02-01T02:53:45.223+0000] {logging_mixin.py:137} INFO - [2025-02-01T02:53:45.222+0000] {dagbag.py:538} INFO - Filling up the DagBag from /home/airflow/.local/lib/python3.7/site-packages/airflow/example_dags/example_short_circuit_decorator.py
[2025-02-01T02:53:45.279+0000] {processor.py:753} INFO - DAG(s) dict_keys(['example_short_circuit_decorator']) retrieved from /home/airflow/.local/lib/python3.7/site-packages/airflow/example_dags/example_short_circuit_decorator.py
[2025-02-01T02:53:45.337+0000] {logging_mixin.py:137} INFO - [2025-02-01T02:53:45.337+0000] {dag.py:2690} INFO - Sync 1 DAGs
[2025-02-01T02:53:45.402+0000] {logging_mixin.py:137} INFO - [2025-02-01T02:53:45.402+0000] {dag.py:3441} INFO - Setting next_dagrun for example_short_circuit_decorator to 2025-01-31T02:53:45.401549+00:00, run_after=2025-02-01T02:53:45.401549+00:00
[2025-02-01T02:53:45.452+0000] {processor.py:175} INFO - Processing /home/airflow/.local/lib/python3.7/site-packages/airflow/example_dags/example_short_circuit_decorator.py took 0.242 seconds
[2025-02-01T02:54:16.331+0000] {processor.py:153} INFO - Started process (PID=1594) to work on /home/airflow/.local/lib/python3.7/site-packages/airflow/example_dags/example_short_circuit_decorator.py
[2025-02-01T02:54:16.339+0000] {processor.py:743} INFO - Processing file /home/airflow/.local/lib/python3.7/site-packages/airflow/example_dags/example_short_circuit_decorator.py for tasks to queue
[2025-02-01T02:54:16.342+0000] {logging_mixin.py:137} INFO - [2025-02-01T02:54:16.341+0000] {dagbag.py:538} INFO - Filling up the DagBag from /home/airflow/.local/lib/python3.7/site-packages/airflow/example_dags/example_short_circuit_decorator.py
[2025-02-01T02:54:16.457+0000] {processor.py:753} INFO - DAG(s) dict_keys(['example_short_circuit_decorator']) retrieved from /home/airflow/.local/lib/python3.7/site-packages/airflow/example_dags/example_short_circuit_decorator.py
[2025-02-01T02:54:16.518+0000] {logging_mixin.py:137} INFO - [2025-02-01T02:54:16.517+0000] {dag.py:2690} INFO - Sync 1 DAGs
[2025-02-01T02:54:16.581+0000] {logging_mixin.py:137} INFO - [2025-02-01T02:54:16.581+0000] {dag.py:3441} INFO - Setting next_dagrun for example_short_circuit_decorator to 2025-01-31T02:54:16.580894+00:00, run_after=2025-02-01T02:54:16.580894+00:00
[2025-02-01T02:54:16.626+0000] {processor.py:175} INFO - Processing /home/airflow/.local/lib/python3.7/site-packages/airflow/example_dags/example_short_circuit_decorator.py took 0.311 seconds
[2025-02-01T02:54:47.267+0000] {processor.py:153} INFO - Started process (PID=1644) to work on /home/airflow/.local/lib/python3.7/site-packages/airflow/example_dags/example_short_circuit_decorator.py
[2025-02-01T02:54:47.268+0000] {processor.py:743} INFO - Processing file /home/airflow/.local/lib/python3.7/site-packages/airflow/example_dags/example_short_circuit_decorator.py for tasks to queue
[2025-02-01T02:54:47.270+0000] {logging_mixin.py:137} INFO - [2025-02-01T02:54:47.269+0000] {dagbag.py:538} INFO - Filling up the DagBag from /home/airflow/.local/lib/python3.7/site-packages/airflow/example_dags/example_short_circuit_decorator.py
[2025-02-01T02:54:47.332+0000] {processor.py:753} INFO - DAG(s) dict_keys(['example_short_circuit_decorator']) retrieved from /home/airflow/.local/lib/python3.7/site-packages/airflow/example_dags/example_short_circuit_decorator.py
[2025-02-01T02:54:47.408+0000] {logging_mixin.py:137} INFO - [2025-02-01T02:54:47.408+0000] {dag.py:2690} INFO - Sync 1 DAGs
[2025-02-01T02:54:47.536+0000] {logging_mixin.py:137} INFO - [2025-02-01T02:54:47.533+0000] {dag.py:3441} INFO - Setting next_dagrun for example_short_circuit_decorator to 2025-01-31T02:54:47.533140+00:00, run_after=2025-02-01T02:54:47.533140+00:00
[2025-02-01T02:54:47.649+0000] {processor.py:175} INFO - Processing /home/airflow/.local/lib/python3.7/site-packages/airflow/example_dags/example_short_circuit_decorator.py took 0.389 seconds
[2025-02-01T02:55:18.226+0000] {processor.py:153} INFO - Started process (PID=1703) to work on /home/airflow/.local/lib/python3.7/site-packages/airflow/example_dags/example_short_circuit_decorator.py
[2025-02-01T02:55:18.238+0000] {processor.py:743} INFO - Processing file /home/airflow/.local/lib/python3.7/site-packages/airflow/example_dags/example_short_circuit_decorator.py for tasks to queue
[2025-02-01T02:55:18.242+0000] {logging_mixin.py:137} INFO - [2025-02-01T02:55:18.240+0000] {dagbag.py:538} INFO - Filling up the DagBag from /home/airflow/.local/lib/python3.7/site-packages/airflow/example_dags/example_short_circuit_decorator.py
[2025-02-01T02:55:18.324+0000] {processor.py:753} INFO - DAG(s) dict_keys(['example_short_circuit_decorator']) retrieved from /home/airflow/.local/lib/python3.7/site-packages/airflow/example_dags/example_short_circuit_decorator.py
[2025-02-01T02:55:18.388+0000] {logging_mixin.py:137} INFO - [2025-02-01T02:55:18.387+0000] {dag.py:2690} INFO - Sync 1 DAGs
[2025-02-01T02:55:18.484+0000] {logging_mixin.py:137} INFO - [2025-02-01T02:55:18.483+0000] {dag.py:3441} INFO - Setting next_dagrun for example_short_circuit_decorator to 2025-01-31T02:55:18.483175+00:00, run_after=2025-02-01T02:55:18.483175+00:00
[2025-02-01T02:55:18.584+0000] {processor.py:175} INFO - Processing /home/airflow/.local/lib/python3.7/site-packages/airflow/example_dags/example_short_circuit_decorator.py took 0.368 seconds
[2025-02-01T02:55:48.867+0000] {processor.py:153} INFO - Started process (PID=1762) to work on /home/airflow/.local/lib/python3.7/site-packages/airflow/example_dags/example_short_circuit_decorator.py
[2025-02-01T02:55:48.873+0000] {processor.py:743} INFO - Processing file /home/airflow/.local/lib/python3.7/site-packages/airflow/example_dags/example_short_circuit_decorator.py for tasks to queue
[2025-02-01T02:55:48.874+0000] {logging_mixin.py:137} INFO - [2025-02-01T02:55:48.874+0000] {dagbag.py:538} INFO - Filling up the DagBag from /home/airflow/.local/lib/python3.7/site-packages/airflow/example_dags/example_short_circuit_decorator.py
[2025-02-01T02:55:49.020+0000] {processor.py:753} INFO - DAG(s) dict_keys(['example_short_circuit_decorator']) retrieved from /home/airflow/.local/lib/python3.7/site-packages/airflow/example_dags/example_short_circuit_decorator.py
[2025-02-01T02:55:49.141+0000] {logging_mixin.py:137} INFO - [2025-02-01T02:55:49.140+0000] {dag.py:2690} INFO - Sync 1 DAGs
[2025-02-01T02:55:49.309+0000] {logging_mixin.py:137} INFO - [2025-02-01T02:55:49.309+0000] {dag.py:3441} INFO - Setting next_dagrun for example_short_circuit_decorator to 2025-01-31T02:55:49.308992+00:00, run_after=2025-02-01T02:55:49.308992+00:00
[2025-02-01T02:55:49.384+0000] {processor.py:175} INFO - Processing /home/airflow/.local/lib/python3.7/site-packages/airflow/example_dags/example_short_circuit_decorator.py took 0.531 seconds
[2025-02-01T02:56:19.615+0000] {processor.py:153} INFO - Started process (PID=1821) to work on /home/airflow/.local/lib/python3.7/site-packages/airflow/example_dags/example_short_circuit_decorator.py
[2025-02-01T02:56:19.617+0000] {processor.py:743} INFO - Processing file /home/airflow/.local/lib/python3.7/site-packages/airflow/example_dags/example_short_circuit_decorator.py for tasks to queue
[2025-02-01T02:56:19.619+0000] {logging_mixin.py:137} INFO - [2025-02-01T02:56:19.618+0000] {dagbag.py:538} INFO - Filling up the DagBag from /home/airflow/.local/lib/python3.7/site-packages/airflow/example_dags/example_short_circuit_decorator.py
[2025-02-01T02:56:19.678+0000] {processor.py:753} INFO - DAG(s) dict_keys(['example_short_circuit_decorator']) retrieved from /home/airflow/.local/lib/python3.7/site-packages/airflow/example_dags/example_short_circuit_decorator.py
[2025-02-01T02:56:19.740+0000] {logging_mixin.py:137} INFO - [2025-02-01T02:56:19.740+0000] {dag.py:2690} INFO - Sync 1 DAGs
[2025-02-01T02:56:19.807+0000] {logging_mixin.py:137} INFO - [2025-02-01T02:56:19.807+0000] {dag.py:3441} INFO - Setting next_dagrun for example_short_circuit_decorator to 2025-01-31T02:56:19.806778+00:00, run_after=2025-02-01T02:56:19.806778+00:00
[2025-02-01T02:56:19.861+0000] {processor.py:175} INFO - Processing /home/airflow/.local/lib/python3.7/site-packages/airflow/example_dags/example_short_circuit_decorator.py took 0.254 seconds
[2025-02-01T02:56:50.430+0000] {processor.py:153} INFO - Started process (PID=1880) to work on /home/airflow/.local/lib/python3.7/site-packages/airflow/example_dags/example_short_circuit_decorator.py
[2025-02-01T02:56:50.431+0000] {processor.py:743} INFO - Processing file /home/airflow/.local/lib/python3.7/site-packages/airflow/example_dags/example_short_circuit_decorator.py for tasks to queue
[2025-02-01T02:56:50.433+0000] {logging_mixin.py:137} INFO - [2025-02-01T02:56:50.432+0000] {dagbag.py:538} INFO - Filling up the DagBag from /home/airflow/.local/lib/python3.7/site-packages/airflow/example_dags/example_short_circuit_decorator.py
[2025-02-01T02:56:50.495+0000] {processor.py:753} INFO - DAG(s) dict_keys(['example_short_circuit_decorator']) retrieved from /home/airflow/.local/lib/python3.7/site-packages/airflow/example_dags/example_short_circuit_decorator.py
[2025-02-01T02:56:50.556+0000] {logging_mixin.py:137} INFO - [2025-02-01T02:56:50.556+0000] {dag.py:2690} INFO - Sync 1 DAGs
[2025-02-01T02:56:50.632+0000] {logging_mixin.py:137} INFO - [2025-02-01T02:56:50.632+0000] {dag.py:3441} INFO - Setting next_dagrun for example_short_circuit_decorator to 2025-01-31T02:56:50.631966+00:00, run_after=2025-02-01T02:56:50.631966+00:00
[2025-02-01T02:56:50.694+0000] {processor.py:175} INFO - Processing /home/airflow/.local/lib/python3.7/site-packages/airflow/example_dags/example_short_circuit_decorator.py took 0.272 seconds
[2025-02-01T02:57:20.835+0000] {processor.py:153} INFO - Started process (PID=1929) to work on /home/airflow/.local/lib/python3.7/site-packages/airflow/example_dags/example_short_circuit_decorator.py
[2025-02-01T02:57:20.837+0000] {processor.py:743} INFO - Processing file /home/airflow/.local/lib/python3.7/site-packages/airflow/example_dags/example_short_circuit_decorator.py for tasks to queue
[2025-02-01T02:57:20.840+0000] {logging_mixin.py:137} INFO - [2025-02-01T02:57:20.840+0000] {dagbag.py:538} INFO - Filling up the DagBag from /home/airflow/.local/lib/python3.7/site-packages/airflow/example_dags/example_short_circuit_decorator.py
[2025-02-01T02:57:20.902+0000] {processor.py:753} INFO - DAG(s) dict_keys(['example_short_circuit_decorator']) retrieved from /home/airflow/.local/lib/python3.7/site-packages/airflow/example_dags/example_short_circuit_decorator.py
[2025-02-01T02:57:20.961+0000] {logging_mixin.py:137} INFO - [2025-02-01T02:57:20.961+0000] {dag.py:2690} INFO - Sync 1 DAGs
[2025-02-01T02:57:21.025+0000] {logging_mixin.py:137} INFO - [2025-02-01T02:57:21.024+0000] {dag.py:3441} INFO - Setting next_dagrun for example_short_circuit_decorator to 2025-01-31T02:57:21.024266+00:00, run_after=2025-02-01T02:57:21.024266+00:00
[2025-02-01T02:57:21.074+0000] {processor.py:175} INFO - Processing /home/airflow/.local/lib/python3.7/site-packages/airflow/example_dags/example_short_circuit_decorator.py took 0.246 seconds
[2025-02-01T02:57:52.262+0000] {processor.py:153} INFO - Started process (PID=1988) to work on /home/airflow/.local/lib/python3.7/site-packages/airflow/example_dags/example_short_circuit_decorator.py
[2025-02-01T02:57:52.264+0000] {processor.py:743} INFO - Processing file /home/airflow/.local/lib/python3.7/site-packages/airflow/example_dags/example_short_circuit_decorator.py for tasks to queue
[2025-02-01T02:57:52.268+0000] {logging_mixin.py:137} INFO - [2025-02-01T02:57:52.267+0000] {dagbag.py:538} INFO - Filling up the DagBag from /home/airflow/.local/lib/python3.7/site-packages/airflow/example_dags/example_short_circuit_decorator.py
[2025-02-01T02:57:52.337+0000] {processor.py:753} INFO - DAG(s) dict_keys(['example_short_circuit_decorator']) retrieved from /home/airflow/.local/lib/python3.7/site-packages/airflow/example_dags/example_short_circuit_decorator.py
[2025-02-01T02:57:52.399+0000] {logging_mixin.py:137} INFO - [2025-02-01T02:57:52.398+0000] {dag.py:2690} INFO - Sync 1 DAGs
[2025-02-01T02:57:52.535+0000] {logging_mixin.py:137} INFO - [2025-02-01T02:57:52.534+0000] {dag.py:3441} INFO - Setting next_dagrun for example_short_circuit_decorator to 2025-01-31T02:57:52.534147+00:00, run_after=2025-02-01T02:57:52.534147+00:00
[2025-02-01T02:57:52.608+0000] {processor.py:175} INFO - Processing /home/airflow/.local/lib/python3.7/site-packages/airflow/example_dags/example_short_circuit_decorator.py took 0.365 seconds
[2025-02-01T02:58:24.138+0000] {processor.py:153} INFO - Started process (PID=2044) to work on /home/airflow/.local/lib/python3.7/site-packages/airflow/example_dags/example_short_circuit_decorator.py
[2025-02-01T02:58:24.145+0000] {processor.py:743} INFO - Processing file /home/airflow/.local/lib/python3.7/site-packages/airflow/example_dags/example_short_circuit_decorator.py for tasks to queue
[2025-02-01T02:58:24.152+0000] {logging_mixin.py:137} INFO - [2025-02-01T02:58:24.151+0000] {dagbag.py:538} INFO - Filling up the DagBag from /home/airflow/.local/lib/python3.7/site-packages/airflow/example_dags/example_short_circuit_decorator.py
[2025-02-01T02:58:24.541+0000] {processor.py:753} INFO - DAG(s) dict_keys(['example_short_circuit_decorator']) retrieved from /home/airflow/.local/lib/python3.7/site-packages/airflow/example_dags/example_short_circuit_decorator.py
[2025-02-01T02:58:24.827+0000] {logging_mixin.py:137} INFO - [2025-02-01T02:58:24.822+0000] {dag.py:2690} INFO - Sync 1 DAGs
[2025-02-01T02:58:25.195+0000] {logging_mixin.py:137} INFO - [2025-02-01T02:58:25.194+0000] {dag.py:3441} INFO - Setting next_dagrun for example_short_circuit_decorator to 2025-01-31T02:58:25.194163+00:00, run_after=2025-02-01T02:58:25.194163+00:00
[2025-02-01T02:58:25.390+0000] {processor.py:175} INFO - Processing /home/airflow/.local/lib/python3.7/site-packages/airflow/example_dags/example_short_circuit_decorator.py took 1.290 seconds
[2025-02-01T02:58:56.176+0000] {processor.py:153} INFO - Started process (PID=2096) to work on /home/airflow/.local/lib/python3.7/site-packages/airflow/example_dags/example_short_circuit_decorator.py
[2025-02-01T02:58:56.182+0000] {processor.py:743} INFO - Processing file /home/airflow/.local/lib/python3.7/site-packages/airflow/example_dags/example_short_circuit_decorator.py for tasks to queue
[2025-02-01T02:58:56.186+0000] {logging_mixin.py:137} INFO - [2025-02-01T02:58:56.186+0000] {dagbag.py:538} INFO - Filling up the DagBag from /home/airflow/.local/lib/python3.7/site-packages/airflow/example_dags/example_short_circuit_decorator.py
[2025-02-01T02:58:56.435+0000] {processor.py:753} INFO - DAG(s) dict_keys(['example_short_circuit_decorator']) retrieved from /home/airflow/.local/lib/python3.7/site-packages/airflow/example_dags/example_short_circuit_decorator.py
[2025-02-01T02:58:56.676+0000] {logging_mixin.py:137} INFO - [2025-02-01T02:58:56.676+0000] {dag.py:2690} INFO - Sync 1 DAGs
[2025-02-01T02:58:56.872+0000] {logging_mixin.py:137} INFO - [2025-02-01T02:58:56.872+0000] {dag.py:3441} INFO - Setting next_dagrun for example_short_circuit_decorator to 2025-01-31T02:58:56.870821+00:00, run_after=2025-02-01T02:58:56.870821+00:00
[2025-02-01T02:58:57.044+0000] {processor.py:175} INFO - Processing /home/airflow/.local/lib/python3.7/site-packages/airflow/example_dags/example_short_circuit_decorator.py took 0.910 seconds
[2025-02-01T02:59:27.413+0000] {processor.py:153} INFO - Started process (PID=2154) to work on /home/airflow/.local/lib/python3.7/site-packages/airflow/example_dags/example_short_circuit_decorator.py
[2025-02-01T02:59:27.415+0000] {processor.py:743} INFO - Processing file /home/airflow/.local/lib/python3.7/site-packages/airflow/example_dags/example_short_circuit_decorator.py for tasks to queue
[2025-02-01T02:59:27.417+0000] {logging_mixin.py:137} INFO - [2025-02-01T02:59:27.416+0000] {dagbag.py:538} INFO - Filling up the DagBag from /home/airflow/.local/lib/python3.7/site-packages/airflow/example_dags/example_short_circuit_decorator.py
[2025-02-01T02:59:27.480+0000] {processor.py:753} INFO - DAG(s) dict_keys(['example_short_circuit_decorator']) retrieved from /home/airflow/.local/lib/python3.7/site-packages/airflow/example_dags/example_short_circuit_decorator.py
[2025-02-01T02:59:27.540+0000] {logging_mixin.py:137} INFO - [2025-02-01T02:59:27.540+0000] {dag.py:2690} INFO - Sync 1 DAGs
[2025-02-01T02:59:27.604+0000] {logging_mixin.py:137} INFO - [2025-02-01T02:59:27.604+0000] {dag.py:3441} INFO - Setting next_dagrun for example_short_circuit_decorator to 2025-01-31T02:59:27.603522+00:00, run_after=2025-02-01T02:59:27.603522+00:00
[2025-02-01T02:59:27.653+0000] {processor.py:175} INFO - Processing /home/airflow/.local/lib/python3.7/site-packages/airflow/example_dags/example_short_circuit_decorator.py took 0.247 seconds
[2025-02-01T02:59:57.925+0000] {processor.py:153} INFO - Started process (PID=2213) to work on /home/airflow/.local/lib/python3.7/site-packages/airflow/example_dags/example_short_circuit_decorator.py
[2025-02-01T02:59:57.931+0000] {processor.py:743} INFO - Processing file /home/airflow/.local/lib/python3.7/site-packages/airflow/example_dags/example_short_circuit_decorator.py for tasks to queue
[2025-02-01T02:59:57.932+0000] {logging_mixin.py:137} INFO - [2025-02-01T02:59:57.932+0000] {dagbag.py:538} INFO - Filling up the DagBag from /home/airflow/.local/lib/python3.7/site-packages/airflow/example_dags/example_short_circuit_decorator.py
[2025-02-01T02:59:58.143+0000] {processor.py:753} INFO - DAG(s) dict_keys(['example_short_circuit_decorator']) retrieved from /home/airflow/.local/lib/python3.7/site-packages/airflow/example_dags/example_short_circuit_decorator.py
[2025-02-01T02:59:58.291+0000] {logging_mixin.py:137} INFO - [2025-02-01T02:59:58.290+0000] {dag.py:2690} INFO - Sync 1 DAGs
[2025-02-01T02:59:58.397+0000] {logging_mixin.py:137} INFO - [2025-02-01T02:59:58.397+0000] {dag.py:3441} INFO - Setting next_dagrun for example_short_circuit_decorator to 2025-01-31T02:59:58.396681+00:00, run_after=2025-02-01T02:59:58.396681+00:00
[2025-02-01T02:59:58.473+0000] {processor.py:175} INFO - Processing /home/airflow/.local/lib/python3.7/site-packages/airflow/example_dags/example_short_circuit_decorator.py took 0.567 seconds
[2025-02-01T03:00:29.008+0000] {processor.py:153} INFO - Started process (PID=2262) to work on /home/airflow/.local/lib/python3.7/site-packages/airflow/example_dags/example_short_circuit_decorator.py
[2025-02-01T03:00:29.012+0000] {processor.py:743} INFO - Processing file /home/airflow/.local/lib/python3.7/site-packages/airflow/example_dags/example_short_circuit_decorator.py for tasks to queue
[2025-02-01T03:00:29.016+0000] {logging_mixin.py:137} INFO - [2025-02-01T03:00:29.015+0000] {dagbag.py:538} INFO - Filling up the DagBag from /home/airflow/.local/lib/python3.7/site-packages/airflow/example_dags/example_short_circuit_decorator.py
[2025-02-01T03:00:29.209+0000] {processor.py:753} INFO - DAG(s) dict_keys(['example_short_circuit_decorator']) retrieved from /home/airflow/.local/lib/python3.7/site-packages/airflow/example_dags/example_short_circuit_decorator.py
[2025-02-01T03:00:29.435+0000] {logging_mixin.py:137} INFO - [2025-02-01T03:00:29.434+0000] {dag.py:2690} INFO - Sync 1 DAGs
[2025-02-01T03:00:29.599+0000] {logging_mixin.py:137} INFO - [2025-02-01T03:00:29.598+0000] {dag.py:3441} INFO - Setting next_dagrun for example_short_circuit_decorator to 2025-01-31T03:00:29.598250+00:00, run_after=2025-02-01T03:00:29.598250+00:00
[2025-02-01T03:00:29.749+0000] {processor.py:175} INFO - Processing /home/airflow/.local/lib/python3.7/site-packages/airflow/example_dags/example_short_circuit_decorator.py took 0.756 seconds
[2025-02-01T03:01:00.300+0000] {processor.py:153} INFO - Started process (PID=2321) to work on /home/airflow/.local/lib/python3.7/site-packages/airflow/example_dags/example_short_circuit_decorator.py
[2025-02-01T03:01:00.305+0000] {processor.py:743} INFO - Processing file /home/airflow/.local/lib/python3.7/site-packages/airflow/example_dags/example_short_circuit_decorator.py for tasks to queue
[2025-02-01T03:01:00.311+0000] {logging_mixin.py:137} INFO - [2025-02-01T03:01:00.311+0000] {dagbag.py:538} INFO - Filling up the DagBag from /home/airflow/.local/lib/python3.7/site-packages/airflow/example_dags/example_short_circuit_decorator.py
[2025-02-01T03:01:00.486+0000] {processor.py:753} INFO - DAG(s) dict_keys(['example_short_circuit_decorator']) retrieved from /home/airflow/.local/lib/python3.7/site-packages/airflow/example_dags/example_short_circuit_decorator.py
[2025-02-01T03:01:00.580+0000] {logging_mixin.py:137} INFO - [2025-02-01T03:01:00.579+0000] {dag.py:2690} INFO - Sync 1 DAGs
[2025-02-01T03:01:00.653+0000] {logging_mixin.py:137} INFO - [2025-02-01T03:01:00.653+0000] {dag.py:3441} INFO - Setting next_dagrun for example_short_circuit_decorator to 2025-01-31T03:01:00.652131+00:00, run_after=2025-02-01T03:01:00.652131+00:00
[2025-02-01T03:01:00.719+0000] {processor.py:175} INFO - Processing /home/airflow/.local/lib/python3.7/site-packages/airflow/example_dags/example_short_circuit_decorator.py took 0.445 seconds
[2025-02-01T03:01:30.845+0000] {processor.py:153} INFO - Started process (PID=2380) to work on /home/airflow/.local/lib/python3.7/site-packages/airflow/example_dags/example_short_circuit_decorator.py
[2025-02-01T03:01:30.847+0000] {processor.py:743} INFO - Processing file /home/airflow/.local/lib/python3.7/site-packages/airflow/example_dags/example_short_circuit_decorator.py for tasks to queue
[2025-02-01T03:01:30.848+0000] {logging_mixin.py:137} INFO - [2025-02-01T03:01:30.848+0000] {dagbag.py:538} INFO - Filling up the DagBag from /home/airflow/.local/lib/python3.7/site-packages/airflow/example_dags/example_short_circuit_decorator.py
[2025-02-01T03:01:30.906+0000] {processor.py:753} INFO - DAG(s) dict_keys(['example_short_circuit_decorator']) retrieved from /home/airflow/.local/lib/python3.7/site-packages/airflow/example_dags/example_short_circuit_decorator.py
[2025-02-01T03:01:30.965+0000] {logging_mixin.py:137} INFO - [2025-02-01T03:01:30.964+0000] {dag.py:2690} INFO - Sync 1 DAGs
[2025-02-01T03:01:31.029+0000] {logging_mixin.py:137} INFO - [2025-02-01T03:01:31.029+0000] {dag.py:3441} INFO - Setting next_dagrun for example_short_circuit_decorator to 2025-01-31T03:01:31.029021+00:00, run_after=2025-02-01T03:01:31.029021+00:00
[2025-02-01T03:01:31.081+0000] {processor.py:175} INFO - Processing /home/airflow/.local/lib/python3.7/site-packages/airflow/example_dags/example_short_circuit_decorator.py took 0.242 seconds
[2025-02-01T03:02:01.894+0000] {processor.py:153} INFO - Started process (PID=2438) to work on /home/airflow/.local/lib/python3.7/site-packages/airflow/example_dags/example_short_circuit_decorator.py
[2025-02-01T03:02:01.899+0000] {processor.py:743} INFO - Processing file /home/airflow/.local/lib/python3.7/site-packages/airflow/example_dags/example_short_circuit_decorator.py for tasks to queue
[2025-02-01T03:02:01.902+0000] {logging_mixin.py:137} INFO - [2025-02-01T03:02:01.900+0000] {dagbag.py:538} INFO - Filling up the DagBag from /home/airflow/.local/lib/python3.7/site-packages/airflow/example_dags/example_short_circuit_decorator.py
[2025-02-01T03:02:02.001+0000] {processor.py:753} INFO - DAG(s) dict_keys(['example_short_circuit_decorator']) retrieved from /home/airflow/.local/lib/python3.7/site-packages/airflow/example_dags/example_short_circuit_decorator.py
[2025-02-01T03:02:02.057+0000] {logging_mixin.py:137} INFO - [2025-02-01T03:02:02.057+0000] {dag.py:2690} INFO - Sync 1 DAGs
[2025-02-01T03:02:02.122+0000] {logging_mixin.py:137} INFO - [2025-02-01T03:02:02.121+0000] {dag.py:3441} INFO - Setting next_dagrun for example_short_circuit_decorator to 2025-01-31T03:02:02.121160+00:00, run_after=2025-02-01T03:02:02.121160+00:00
[2025-02-01T03:02:02.166+0000] {processor.py:175} INFO - Processing /home/airflow/.local/lib/python3.7/site-packages/airflow/example_dags/example_short_circuit_decorator.py took 0.292 seconds
[2025-02-01T03:02:32.455+0000] {processor.py:153} INFO - Started process (PID=2496) to work on /home/airflow/.local/lib/python3.7/site-packages/airflow/example_dags/example_short_circuit_decorator.py
[2025-02-01T03:02:32.460+0000] {processor.py:743} INFO - Processing file /home/airflow/.local/lib/python3.7/site-packages/airflow/example_dags/example_short_circuit_decorator.py for tasks to queue
[2025-02-01T03:02:32.465+0000] {logging_mixin.py:137} INFO - [2025-02-01T03:02:32.462+0000] {dagbag.py:538} INFO - Filling up the DagBag from /home/airflow/.local/lib/python3.7/site-packages/airflow/example_dags/example_short_circuit_decorator.py
[2025-02-01T03:02:32.622+0000] {processor.py:753} INFO - DAG(s) dict_keys(['example_short_circuit_decorator']) retrieved from /home/airflow/.local/lib/python3.7/site-packages/airflow/example_dags/example_short_circuit_decorator.py
[2025-02-01T03:02:32.682+0000] {logging_mixin.py:137} INFO - [2025-02-01T03:02:32.681+0000] {dag.py:2690} INFO - Sync 1 DAGs
[2025-02-01T03:02:32.748+0000] {logging_mixin.py:137} INFO - [2025-02-01T03:02:32.748+0000] {dag.py:3441} INFO - Setting next_dagrun for example_short_circuit_decorator to 2025-01-31T03:02:32.747651+00:00, run_after=2025-02-01T03:02:32.747651+00:00
[2025-02-01T03:02:32.795+0000] {processor.py:175} INFO - Processing /home/airflow/.local/lib/python3.7/site-packages/airflow/example_dags/example_short_circuit_decorator.py took 0.356 seconds
[2025-02-01T03:03:03.548+0000] {processor.py:153} INFO - Started process (PID=2546) to work on /home/airflow/.local/lib/python3.7/site-packages/airflow/example_dags/example_short_circuit_decorator.py
[2025-02-01T03:03:03.550+0000] {processor.py:743} INFO - Processing file /home/airflow/.local/lib/python3.7/site-packages/airflow/example_dags/example_short_circuit_decorator.py for tasks to queue
[2025-02-01T03:03:03.552+0000] {logging_mixin.py:137} INFO - [2025-02-01T03:03:03.552+0000] {dagbag.py:538} INFO - Filling up the DagBag from /home/airflow/.local/lib/python3.7/site-packages/airflow/example_dags/example_short_circuit_decorator.py
[2025-02-01T03:03:03.613+0000] {processor.py:753} INFO - DAG(s) dict_keys(['example_short_circuit_decorator']) retrieved from /home/airflow/.local/lib/python3.7/site-packages/airflow/example_dags/example_short_circuit_decorator.py
[2025-02-01T03:03:03.677+0000] {logging_mixin.py:137} INFO - [2025-02-01T03:03:03.677+0000] {dag.py:2690} INFO - Sync 1 DAGs
[2025-02-01T03:03:03.744+0000] {logging_mixin.py:137} INFO - [2025-02-01T03:03:03.743+0000] {dag.py:3441} INFO - Setting next_dagrun for example_short_circuit_decorator to 2025-01-31T03:03:03.743251+00:00, run_after=2025-02-01T03:03:03.743251+00:00
[2025-02-01T03:03:03.798+0000] {processor.py:175} INFO - Processing /home/airflow/.local/lib/python3.7/site-packages/airflow/example_dags/example_short_circuit_decorator.py took 0.258 seconds
[2025-02-01T03:03:36.217+0000] {processor.py:153} INFO - Started process (PID=2605) to work on /home/airflow/.local/lib/python3.7/site-packages/airflow/example_dags/example_short_circuit_decorator.py
[2025-02-01T03:03:36.228+0000] {processor.py:743} INFO - Processing file /home/airflow/.local/lib/python3.7/site-packages/airflow/example_dags/example_short_circuit_decorator.py for tasks to queue
[2025-02-01T03:03:36.229+0000] {logging_mixin.py:137} INFO - [2025-02-01T03:03:36.229+0000] {dagbag.py:538} INFO - Filling up the DagBag from /home/airflow/.local/lib/python3.7/site-packages/airflow/example_dags/example_short_circuit_decorator.py
[2025-02-01T03:03:36.427+0000] {processor.py:753} INFO - DAG(s) dict_keys(['example_short_circuit_decorator']) retrieved from /home/airflow/.local/lib/python3.7/site-packages/airflow/example_dags/example_short_circuit_decorator.py
[2025-02-01T03:03:36.518+0000] {logging_mixin.py:137} INFO - [2025-02-01T03:03:36.517+0000] {dag.py:2690} INFO - Sync 1 DAGs
[2025-02-01T03:03:36.665+0000] {logging_mixin.py:137} INFO - [2025-02-01T03:03:36.664+0000] {dag.py:3441} INFO - Setting next_dagrun for example_short_circuit_decorator to 2025-01-31T03:03:36.664180+00:00, run_after=2025-02-01T03:03:36.664180+00:00
[2025-02-01T03:03:36.801+0000] {processor.py:175} INFO - Processing /home/airflow/.local/lib/python3.7/site-packages/airflow/example_dags/example_short_circuit_decorator.py took 0.619 seconds
[2025-02-01T03:04:08.097+0000] {processor.py:153} INFO - Started process (PID=2661) to work on /home/airflow/.local/lib/python3.7/site-packages/airflow/example_dags/example_short_circuit_decorator.py
[2025-02-01T03:04:08.106+0000] {processor.py:743} INFO - Processing file /home/airflow/.local/lib/python3.7/site-packages/airflow/example_dags/example_short_circuit_decorator.py for tasks to queue
[2025-02-01T03:04:08.114+0000] {logging_mixin.py:137} INFO - [2025-02-01T03:04:08.113+0000] {dagbag.py:538} INFO - Filling up the DagBag from /home/airflow/.local/lib/python3.7/site-packages/airflow/example_dags/example_short_circuit_decorator.py
[2025-02-01T03:04:08.508+0000] {processor.py:753} INFO - DAG(s) dict_keys(['example_short_circuit_decorator']) retrieved from /home/airflow/.local/lib/python3.7/site-packages/airflow/example_dags/example_short_circuit_decorator.py
[2025-02-01T03:04:08.832+0000] {logging_mixin.py:137} INFO - [2025-02-01T03:04:08.825+0000] {dag.py:2690} INFO - Sync 1 DAGs
[2025-02-01T03:04:09.137+0000] {logging_mixin.py:137} INFO - [2025-02-01T03:04:09.136+0000] {dag.py:3441} INFO - Setting next_dagrun for example_short_circuit_decorator to 2025-01-31T03:04:09.136299+00:00, run_after=2025-02-01T03:04:09.136299+00:00
[2025-02-01T03:04:09.347+0000] {processor.py:175} INFO - Processing /home/airflow/.local/lib/python3.7/site-packages/airflow/example_dags/example_short_circuit_decorator.py took 1.285 seconds
[2025-02-01T03:04:39.618+0000] {processor.py:153} INFO - Started process (PID=2712) to work on /home/airflow/.local/lib/python3.7/site-packages/airflow/example_dags/example_short_circuit_decorator.py
[2025-02-01T03:04:39.620+0000] {processor.py:743} INFO - Processing file /home/airflow/.local/lib/python3.7/site-packages/airflow/example_dags/example_short_circuit_decorator.py for tasks to queue
[2025-02-01T03:04:39.622+0000] {logging_mixin.py:137} INFO - [2025-02-01T03:04:39.621+0000] {dagbag.py:538} INFO - Filling up the DagBag from /home/airflow/.local/lib/python3.7/site-packages/airflow/example_dags/example_short_circuit_decorator.py
[2025-02-01T03:04:39.690+0000] {processor.py:753} INFO - DAG(s) dict_keys(['example_short_circuit_decorator']) retrieved from /home/airflow/.local/lib/python3.7/site-packages/airflow/example_dags/example_short_circuit_decorator.py
[2025-02-01T03:04:39.767+0000] {logging_mixin.py:137} INFO - [2025-02-01T03:04:39.766+0000] {dag.py:2690} INFO - Sync 1 DAGs
[2025-02-01T03:04:39.863+0000] {logging_mixin.py:137} INFO - [2025-02-01T03:04:39.863+0000] {dag.py:3441} INFO - Setting next_dagrun for example_short_circuit_decorator to 2025-01-31T03:04:39.863016+00:00, run_after=2025-02-01T03:04:39.863016+00:00
[2025-02-01T03:04:39.910+0000] {processor.py:175} INFO - Processing /home/airflow/.local/lib/python3.7/site-packages/airflow/example_dags/example_short_circuit_decorator.py took 0.300 seconds
[2025-02-01T03:05:10.079+0000] {processor.py:153} INFO - Started process (PID=2771) to work on /home/airflow/.local/lib/python3.7/site-packages/airflow/example_dags/example_short_circuit_decorator.py
[2025-02-01T03:05:10.084+0000] {processor.py:743} INFO - Processing file /home/airflow/.local/lib/python3.7/site-packages/airflow/example_dags/example_short_circuit_decorator.py for tasks to queue
[2025-02-01T03:05:10.088+0000] {logging_mixin.py:137} INFO - [2025-02-01T03:05:10.087+0000] {dagbag.py:538} INFO - Filling up the DagBag from /home/airflow/.local/lib/python3.7/site-packages/airflow/example_dags/example_short_circuit_decorator.py
[2025-02-01T03:05:10.151+0000] {processor.py:753} INFO - DAG(s) dict_keys(['example_short_circuit_decorator']) retrieved from /home/airflow/.local/lib/python3.7/site-packages/airflow/example_dags/example_short_circuit_decorator.py
[2025-02-01T03:05:10.212+0000] {logging_mixin.py:137} INFO - [2025-02-01T03:05:10.211+0000] {dag.py:2690} INFO - Sync 1 DAGs
[2025-02-01T03:05:10.276+0000] {logging_mixin.py:137} INFO - [2025-02-01T03:05:10.276+0000] {dag.py:3441} INFO - Setting next_dagrun for example_short_circuit_decorator to 2025-01-31T03:05:10.275815+00:00, run_after=2025-02-01T03:05:10.275815+00:00
[2025-02-01T03:05:10.325+0000] {processor.py:175} INFO - Processing /home/airflow/.local/lib/python3.7/site-packages/airflow/example_dags/example_short_circuit_decorator.py took 0.253 seconds
[2025-02-01T03:05:41.182+0000] {processor.py:153} INFO - Started process (PID=2830) to work on /home/airflow/.local/lib/python3.7/site-packages/airflow/example_dags/example_short_circuit_decorator.py
[2025-02-01T03:05:41.190+0000] {processor.py:743} INFO - Processing file /home/airflow/.local/lib/python3.7/site-packages/airflow/example_dags/example_short_circuit_decorator.py for tasks to queue
[2025-02-01T03:05:41.191+0000] {logging_mixin.py:137} INFO - [2025-02-01T03:05:41.191+0000] {dagbag.py:538} INFO - Filling up the DagBag from /home/airflow/.local/lib/python3.7/site-packages/airflow/example_dags/example_short_circuit_decorator.py
[2025-02-01T03:05:41.470+0000] {processor.py:753} INFO - DAG(s) dict_keys(['example_short_circuit_decorator']) retrieved from /home/airflow/.local/lib/python3.7/site-packages/airflow/example_dags/example_short_circuit_decorator.py
[2025-02-01T03:05:41.643+0000] {logging_mixin.py:137} INFO - [2025-02-01T03:05:41.642+0000] {dag.py:2690} INFO - Sync 1 DAGs
[2025-02-01T03:05:41.867+0000] {logging_mixin.py:137} INFO - [2025-02-01T03:05:41.866+0000] {dag.py:3441} INFO - Setting next_dagrun for example_short_circuit_decorator to 2025-01-31T03:05:41.866143+00:00, run_after=2025-02-01T03:05:41.866143+00:00
[2025-02-01T03:05:42.000+0000] {processor.py:175} INFO - Processing /home/airflow/.local/lib/python3.7/site-packages/airflow/example_dags/example_short_circuit_decorator.py took 0.866 seconds
[2025-02-01T03:06:12.170+0000] {processor.py:153} INFO - Started process (PID=2879) to work on /home/airflow/.local/lib/python3.7/site-packages/airflow/example_dags/example_short_circuit_decorator.py
[2025-02-01T03:06:12.172+0000] {processor.py:743} INFO - Processing file /home/airflow/.local/lib/python3.7/site-packages/airflow/example_dags/example_short_circuit_decorator.py for tasks to queue
[2025-02-01T03:06:12.178+0000] {logging_mixin.py:137} INFO - [2025-02-01T03:06:12.178+0000] {dagbag.py:538} INFO - Filling up the DagBag from /home/airflow/.local/lib/python3.7/site-packages/airflow/example_dags/example_short_circuit_decorator.py
[2025-02-01T03:06:12.346+0000] {processor.py:753} INFO - DAG(s) dict_keys(['example_short_circuit_decorator']) retrieved from /home/airflow/.local/lib/python3.7/site-packages/airflow/example_dags/example_short_circuit_decorator.py
[2025-02-01T03:06:12.451+0000] {logging_mixin.py:137} INFO - [2025-02-01T03:06:12.450+0000] {dag.py:2690} INFO - Sync 1 DAGs
[2025-02-01T03:06:12.515+0000] {logging_mixin.py:137} INFO - [2025-02-01T03:06:12.515+0000] {dag.py:3441} INFO - Setting next_dagrun for example_short_circuit_decorator to 2025-01-31T03:06:12.514714+00:00, run_after=2025-02-01T03:06:12.514714+00:00
[2025-02-01T03:06:12.584+0000] {processor.py:175} INFO - Processing /home/airflow/.local/lib/python3.7/site-packages/airflow/example_dags/example_short_circuit_decorator.py took 0.438 seconds
[2025-02-01T03:06:43.110+0000] {processor.py:153} INFO - Started process (PID=2938) to work on /home/airflow/.local/lib/python3.7/site-packages/airflow/example_dags/example_short_circuit_decorator.py
[2025-02-01T03:06:43.113+0000] {processor.py:743} INFO - Processing file /home/airflow/.local/lib/python3.7/site-packages/airflow/example_dags/example_short_circuit_decorator.py for tasks to queue
[2025-02-01T03:06:43.117+0000] {logging_mixin.py:137} INFO - [2025-02-01T03:06:43.116+0000] {dagbag.py:538} INFO - Filling up the DagBag from /home/airflow/.local/lib/python3.7/site-packages/airflow/example_dags/example_short_circuit_decorator.py
[2025-02-01T03:06:43.296+0000] {processor.py:753} INFO - DAG(s) dict_keys(['example_short_circuit_decorator']) retrieved from /home/airflow/.local/lib/python3.7/site-packages/airflow/example_dags/example_short_circuit_decorator.py
[2025-02-01T03:06:43.410+0000] {logging_mixin.py:137} INFO - [2025-02-01T03:06:43.409+0000] {dag.py:2690} INFO - Sync 1 DAGs
[2025-02-01T03:06:43.476+0000] {logging_mixin.py:137} INFO - [2025-02-01T03:06:43.476+0000] {dag.py:3441} INFO - Setting next_dagrun for example_short_circuit_decorator to 2025-01-31T03:06:43.476044+00:00, run_after=2025-02-01T03:06:43.476044+00:00
[2025-02-01T03:06:43.522+0000] {processor.py:175} INFO - Processing /home/airflow/.local/lib/python3.7/site-packages/airflow/example_dags/example_short_circuit_decorator.py took 0.441 seconds
[2025-02-01T03:07:13.854+0000] {processor.py:153} INFO - Started process (PID=2997) to work on /home/airflow/.local/lib/python3.7/site-packages/airflow/example_dags/example_short_circuit_decorator.py
[2025-02-01T03:07:13.862+0000] {processor.py:743} INFO - Processing file /home/airflow/.local/lib/python3.7/site-packages/airflow/example_dags/example_short_circuit_decorator.py for tasks to queue
[2025-02-01T03:07:13.869+0000] {logging_mixin.py:137} INFO - [2025-02-01T03:07:13.869+0000] {dagbag.py:538} INFO - Filling up the DagBag from /home/airflow/.local/lib/python3.7/site-packages/airflow/example_dags/example_short_circuit_decorator.py
[2025-02-01T03:07:14.141+0000] {processor.py:753} INFO - DAG(s) dict_keys(['example_short_circuit_decorator']) retrieved from /home/airflow/.local/lib/python3.7/site-packages/airflow/example_dags/example_short_circuit_decorator.py
[2025-02-01T03:07:14.423+0000] {logging_mixin.py:137} INFO - [2025-02-01T03:07:14.423+0000] {dag.py:2690} INFO - Sync 1 DAGs
[2025-02-01T03:07:14.797+0000] {logging_mixin.py:137} INFO - [2025-02-01T03:07:14.794+0000] {dag.py:3441} INFO - Setting next_dagrun for example_short_circuit_decorator to 2025-01-31T03:07:14.794272+00:00, run_after=2025-02-01T03:07:14.794272+00:00
[2025-02-01T03:07:15.035+0000] {processor.py:175} INFO - Processing /home/airflow/.local/lib/python3.7/site-packages/airflow/example_dags/example_short_circuit_decorator.py took 1.211 seconds
[2025-02-01T03:07:45.262+0000] {processor.py:153} INFO - Started process (PID=3046) to work on /home/airflow/.local/lib/python3.7/site-packages/airflow/example_dags/example_short_circuit_decorator.py
[2025-02-01T03:07:45.264+0000] {processor.py:743} INFO - Processing file /home/airflow/.local/lib/python3.7/site-packages/airflow/example_dags/example_short_circuit_decorator.py for tasks to queue
[2025-02-01T03:07:45.266+0000] {logging_mixin.py:137} INFO - [2025-02-01T03:07:45.266+0000] {dagbag.py:538} INFO - Filling up the DagBag from /home/airflow/.local/lib/python3.7/site-packages/airflow/example_dags/example_short_circuit_decorator.py
[2025-02-01T03:07:45.385+0000] {processor.py:753} INFO - DAG(s) dict_keys(['example_short_circuit_decorator']) retrieved from /home/airflow/.local/lib/python3.7/site-packages/airflow/example_dags/example_short_circuit_decorator.py
[2025-02-01T03:07:45.474+0000] {logging_mixin.py:137} INFO - [2025-02-01T03:07:45.474+0000] {dag.py:2690} INFO - Sync 1 DAGs
[2025-02-01T03:07:45.540+0000] {logging_mixin.py:137} INFO - [2025-02-01T03:07:45.540+0000] {dag.py:3441} INFO - Setting next_dagrun for example_short_circuit_decorator to 2025-01-31T03:07:45.539745+00:00, run_after=2025-02-01T03:07:45.539745+00:00
[2025-02-01T03:07:45.586+0000] {processor.py:175} INFO - Processing /home/airflow/.local/lib/python3.7/site-packages/airflow/example_dags/example_short_circuit_decorator.py took 0.331 seconds
[2025-02-01T03:08:15.659+0000] {processor.py:153} INFO - Started process (PID=3104) to work on /home/airflow/.local/lib/python3.7/site-packages/airflow/example_dags/example_short_circuit_decorator.py
[2025-02-01T03:08:15.661+0000] {processor.py:743} INFO - Processing file /home/airflow/.local/lib/python3.7/site-packages/airflow/example_dags/example_short_circuit_decorator.py for tasks to queue
[2025-02-01T03:08:15.662+0000] {logging_mixin.py:137} INFO - [2025-02-01T03:08:15.662+0000] {dagbag.py:538} INFO - Filling up the DagBag from /home/airflow/.local/lib/python3.7/site-packages/airflow/example_dags/example_short_circuit_decorator.py
[2025-02-01T03:08:15.726+0000] {processor.py:753} INFO - DAG(s) dict_keys(['example_short_circuit_decorator']) retrieved from /home/airflow/.local/lib/python3.7/site-packages/airflow/example_dags/example_short_circuit_decorator.py
[2025-02-01T03:08:15.791+0000] {logging_mixin.py:137} INFO - [2025-02-01T03:08:15.791+0000] {dag.py:2690} INFO - Sync 1 DAGs
[2025-02-01T03:08:15.855+0000] {logging_mixin.py:137} INFO - [2025-02-01T03:08:15.855+0000] {dag.py:3441} INFO - Setting next_dagrun for example_short_circuit_decorator to 2025-01-31T03:08:15.854468+00:00, run_after=2025-02-01T03:08:15.854468+00:00
[2025-02-01T03:08:15.908+0000] {processor.py:175} INFO - Processing /home/airflow/.local/lib/python3.7/site-packages/airflow/example_dags/example_short_circuit_decorator.py took 0.256 seconds
[2025-02-01T03:08:46.440+0000] {processor.py:153} INFO - Started process (PID=3162) to work on /home/airflow/.local/lib/python3.7/site-packages/airflow/example_dags/example_short_circuit_decorator.py
[2025-02-01T03:08:46.444+0000] {processor.py:743} INFO - Processing file /home/airflow/.local/lib/python3.7/site-packages/airflow/example_dags/example_short_circuit_decorator.py for tasks to queue
[2025-02-01T03:08:46.448+0000] {logging_mixin.py:137} INFO - [2025-02-01T03:08:46.445+0000] {dagbag.py:538} INFO - Filling up the DagBag from /home/airflow/.local/lib/python3.7/site-packages/airflow/example_dags/example_short_circuit_decorator.py
[2025-02-01T03:08:46.548+0000] {processor.py:753} INFO - DAG(s) dict_keys(['example_short_circuit_decorator']) retrieved from /home/airflow/.local/lib/python3.7/site-packages/airflow/example_dags/example_short_circuit_decorator.py
[2025-02-01T03:08:46.658+0000] {logging_mixin.py:137} INFO - [2025-02-01T03:08:46.658+0000] {dag.py:2690} INFO - Sync 1 DAGs
[2025-02-01T03:08:46.767+0000] {logging_mixin.py:137} INFO - [2025-02-01T03:08:46.766+0000] {dag.py:3441} INFO - Setting next_dagrun for example_short_circuit_decorator to 2025-01-31T03:08:46.766278+00:00, run_after=2025-02-01T03:08:46.766278+00:00
[2025-02-01T03:08:46.863+0000] {processor.py:175} INFO - Processing /home/airflow/.local/lib/python3.7/site-packages/airflow/example_dags/example_short_circuit_decorator.py took 0.435 seconds
[2025-02-01T03:09:17.130+0000] {processor.py:153} INFO - Started process (PID=3220) to work on /home/airflow/.local/lib/python3.7/site-packages/airflow/example_dags/example_short_circuit_decorator.py
[2025-02-01T03:09:17.136+0000] {processor.py:743} INFO - Processing file /home/airflow/.local/lib/python3.7/site-packages/airflow/example_dags/example_short_circuit_decorator.py for tasks to queue
[2025-02-01T03:09:17.141+0000] {logging_mixin.py:137} INFO - [2025-02-01T03:09:17.138+0000] {dagbag.py:538} INFO - Filling up the DagBag from /home/airflow/.local/lib/python3.7/site-packages/airflow/example_dags/example_short_circuit_decorator.py
[2025-02-01T03:09:17.281+0000] {processor.py:753} INFO - DAG(s) dict_keys(['example_short_circuit_decorator']) retrieved from /home/airflow/.local/lib/python3.7/site-packages/airflow/example_dags/example_short_circuit_decorator.py
[2025-02-01T03:09:17.362+0000] {logging_mixin.py:137} INFO - [2025-02-01T03:09:17.362+0000] {dag.py:2690} INFO - Sync 1 DAGs
[2025-02-01T03:09:17.457+0000] {logging_mixin.py:137} INFO - [2025-02-01T03:09:17.457+0000] {dag.py:3441} INFO - Setting next_dagrun for example_short_circuit_decorator to 2025-01-31T03:09:17.456489+00:00, run_after=2025-02-01T03:09:17.456489+00:00
[2025-02-01T03:09:17.526+0000] {processor.py:175} INFO - Processing /home/airflow/.local/lib/python3.7/site-packages/airflow/example_dags/example_short_circuit_decorator.py took 0.424 seconds
