[2025-02-01T02:40:17.126+0000] {processor.py:153} INFO - Started process (PID=66) to work on /home/airflow/.local/lib/python3.7/site-packages/airflow/example_dags/example_task_group.py
[2025-02-01T02:40:17.134+0000] {processor.py:743} INFO - Processing file /home/airflow/.local/lib/python3.7/site-packages/airflow/example_dags/example_task_group.py for tasks to queue
[2025-02-01T02:40:17.140+0000] {logging_mixin.py:137} INFO - [2025-02-01T02:40:17.139+0000] {dagbag.py:538} INFO - Filling up the DagBag from /home/airflow/.local/lib/python3.7/site-packages/airflow/example_dags/example_task_group.py
[2025-02-01T02:40:17.391+0000] {processor.py:753} INFO - DAG(s) dict_keys(['example_task_group']) retrieved from /home/airflow/.local/lib/python3.7/site-packages/airflow/example_dags/example_task_group.py
[2025-02-01T02:40:17.721+0000] {logging_mixin.py:137} INFO - [2025-02-01T02:40:17.721+0000] {dag.py:2690} INFO - Sync 1 DAGs
[2025-02-01T02:40:18.132+0000] {logging_mixin.py:137} INFO - [2025-02-01T02:40:18.123+0000] {dag.py:3441} INFO - Setting next_dagrun for example_task_group to 2025-01-31T02:40:18.123364+00:00, run_after=2025-02-01T02:40:18.123364+00:00
[2025-02-01T02:40:18.326+0000] {processor.py:175} INFO - Processing /home/airflow/.local/lib/python3.7/site-packages/airflow/example_dags/example_task_group.py took 1.238 seconds
[2025-02-01T02:40:49.100+0000] {processor.py:153} INFO - Started process (PID=125) to work on /home/airflow/.local/lib/python3.7/site-packages/airflow/example_dags/example_task_group.py
[2025-02-01T02:40:49.111+0000] {processor.py:743} INFO - Processing file /home/airflow/.local/lib/python3.7/site-packages/airflow/example_dags/example_task_group.py for tasks to queue
[2025-02-01T02:40:49.115+0000] {logging_mixin.py:137} INFO - [2025-02-01T02:40:49.114+0000] {dagbag.py:538} INFO - Filling up the DagBag from /home/airflow/.local/lib/python3.7/site-packages/airflow/example_dags/example_task_group.py
[2025-02-01T02:40:49.320+0000] {processor.py:753} INFO - DAG(s) dict_keys(['example_task_group']) retrieved from /home/airflow/.local/lib/python3.7/site-packages/airflow/example_dags/example_task_group.py
[2025-02-01T02:40:49.688+0000] {logging_mixin.py:137} INFO - [2025-02-01T02:40:49.679+0000] {dag.py:2690} INFO - Sync 1 DAGs
[2025-02-01T02:40:49.874+0000] {logging_mixin.py:137} INFO - [2025-02-01T02:40:49.873+0000] {dag.py:3441} INFO - Setting next_dagrun for example_task_group to 2025-01-31T02:40:49.873276+00:00, run_after=2025-02-01T02:40:49.873276+00:00
[2025-02-01T02:40:49.933+0000] {processor.py:175} INFO - Processing /home/airflow/.local/lib/python3.7/site-packages/airflow/example_dags/example_task_group.py took 0.876 seconds
[2025-02-01T02:41:20.087+0000] {processor.py:153} INFO - Started process (PID=172) to work on /home/airflow/.local/lib/python3.7/site-packages/airflow/example_dags/example_task_group.py
[2025-02-01T02:41:20.090+0000] {processor.py:743} INFO - Processing file /home/airflow/.local/lib/python3.7/site-packages/airflow/example_dags/example_task_group.py for tasks to queue
[2025-02-01T02:41:20.094+0000] {logging_mixin.py:137} INFO - [2025-02-01T02:41:20.094+0000] {dagbag.py:538} INFO - Filling up the DagBag from /home/airflow/.local/lib/python3.7/site-packages/airflow/example_dags/example_task_group.py
[2025-02-01T02:41:20.143+0000] {processor.py:753} INFO - DAG(s) dict_keys(['example_task_group']) retrieved from /home/airflow/.local/lib/python3.7/site-packages/airflow/example_dags/example_task_group.py
[2025-02-01T02:41:20.261+0000] {logging_mixin.py:137} INFO - [2025-02-01T02:41:20.261+0000] {dag.py:2690} INFO - Sync 1 DAGs
[2025-02-01T02:41:20.422+0000] {logging_mixin.py:137} INFO - [2025-02-01T02:41:20.421+0000] {dag.py:3441} INFO - Setting next_dagrun for example_task_group to 2025-01-31T02:41:20.421241+00:00, run_after=2025-02-01T02:41:20.421241+00:00
[2025-02-01T02:41:20.626+0000] {processor.py:175} INFO - Processing /home/airflow/.local/lib/python3.7/site-packages/airflow/example_dags/example_task_group.py took 0.558 seconds
[2025-02-01T02:41:51.431+0000] {processor.py:153} INFO - Started process (PID=231) to work on /home/airflow/.local/lib/python3.7/site-packages/airflow/example_dags/example_task_group.py
[2025-02-01T02:41:51.434+0000] {processor.py:743} INFO - Processing file /home/airflow/.local/lib/python3.7/site-packages/airflow/example_dags/example_task_group.py for tasks to queue
[2025-02-01T02:41:51.438+0000] {logging_mixin.py:137} INFO - [2025-02-01T02:41:51.435+0000] {dagbag.py:538} INFO - Filling up the DagBag from /home/airflow/.local/lib/python3.7/site-packages/airflow/example_dags/example_task_group.py
[2025-02-01T02:41:51.527+0000] {processor.py:753} INFO - DAG(s) dict_keys(['example_task_group']) retrieved from /home/airflow/.local/lib/python3.7/site-packages/airflow/example_dags/example_task_group.py
[2025-02-01T02:41:51.643+0000] {logging_mixin.py:137} INFO - [2025-02-01T02:41:51.643+0000] {dag.py:2690} INFO - Sync 1 DAGs
[2025-02-01T02:41:51.802+0000] {logging_mixin.py:137} INFO - [2025-02-01T02:41:51.802+0000] {dag.py:3441} INFO - Setting next_dagrun for example_task_group to 2025-01-31T02:41:51.801698+00:00, run_after=2025-02-01T02:41:51.801698+00:00
[2025-02-01T02:41:51.921+0000] {processor.py:175} INFO - Processing /home/airflow/.local/lib/python3.7/site-packages/airflow/example_dags/example_task_group.py took 0.506 seconds
[2025-02-01T02:42:22.044+0000] {processor.py:153} INFO - Started process (PID=290) to work on /home/airflow/.local/lib/python3.7/site-packages/airflow/example_dags/example_task_group.py
[2025-02-01T02:42:22.045+0000] {processor.py:743} INFO - Processing file /home/airflow/.local/lib/python3.7/site-packages/airflow/example_dags/example_task_group.py for tasks to queue
[2025-02-01T02:42:22.046+0000] {logging_mixin.py:137} INFO - [2025-02-01T02:42:22.046+0000] {dagbag.py:538} INFO - Filling up the DagBag from /home/airflow/.local/lib/python3.7/site-packages/airflow/example_dags/example_task_group.py
[2025-02-01T02:42:22.084+0000] {processor.py:753} INFO - DAG(s) dict_keys(['example_task_group']) retrieved from /home/airflow/.local/lib/python3.7/site-packages/airflow/example_dags/example_task_group.py
[2025-02-01T02:42:22.143+0000] {logging_mixin.py:137} INFO - [2025-02-01T02:42:22.143+0000] {dag.py:2690} INFO - Sync 1 DAGs
[2025-02-01T02:42:22.204+0000] {logging_mixin.py:137} INFO - [2025-02-01T02:42:22.204+0000] {dag.py:3441} INFO - Setting next_dagrun for example_task_group to 2025-01-31T02:42:22.204087+00:00, run_after=2025-02-01T02:42:22.204087+00:00
[2025-02-01T02:42:22.255+0000] {processor.py:175} INFO - Processing /home/airflow/.local/lib/python3.7/site-packages/airflow/example_dags/example_task_group.py took 0.219 seconds
[2025-02-01T02:42:53.124+0000] {processor.py:153} INFO - Started process (PID=351) to work on /home/airflow/.local/lib/python3.7/site-packages/airflow/example_dags/example_task_group.py
[2025-02-01T02:42:53.126+0000] {processor.py:743} INFO - Processing file /home/airflow/.local/lib/python3.7/site-packages/airflow/example_dags/example_task_group.py for tasks to queue
[2025-02-01T02:42:53.130+0000] {logging_mixin.py:137} INFO - [2025-02-01T02:42:53.128+0000] {dagbag.py:538} INFO - Filling up the DagBag from /home/airflow/.local/lib/python3.7/site-packages/airflow/example_dags/example_task_group.py
[2025-02-01T02:42:53.211+0000] {processor.py:753} INFO - DAG(s) dict_keys(['example_task_group']) retrieved from /home/airflow/.local/lib/python3.7/site-packages/airflow/example_dags/example_task_group.py
[2025-02-01T02:42:53.368+0000] {logging_mixin.py:137} INFO - [2025-02-01T02:42:53.368+0000] {dag.py:2690} INFO - Sync 1 DAGs
[2025-02-01T02:42:53.620+0000] {logging_mixin.py:137} INFO - [2025-02-01T02:42:53.615+0000] {dag.py:3441} INFO - Setting next_dagrun for example_task_group to 2025-01-31T02:42:53.614575+00:00, run_after=2025-02-01T02:42:53.614575+00:00
[2025-02-01T02:42:53.762+0000] {processor.py:175} INFO - Processing /home/airflow/.local/lib/python3.7/site-packages/airflow/example_dags/example_task_group.py took 0.659 seconds
[2025-02-01T02:43:24.252+0000] {processor.py:153} INFO - Started process (PID=399) to work on /home/airflow/.local/lib/python3.7/site-packages/airflow/example_dags/example_task_group.py
[2025-02-01T02:43:24.256+0000] {processor.py:743} INFO - Processing file /home/airflow/.local/lib/python3.7/site-packages/airflow/example_dags/example_task_group.py for tasks to queue
[2025-02-01T02:43:24.263+0000] {logging_mixin.py:137} INFO - [2025-02-01T02:43:24.257+0000] {dagbag.py:538} INFO - Filling up the DagBag from /home/airflow/.local/lib/python3.7/site-packages/airflow/example_dags/example_task_group.py
[2025-02-01T02:43:24.386+0000] {processor.py:753} INFO - DAG(s) dict_keys(['example_task_group']) retrieved from /home/airflow/.local/lib/python3.7/site-packages/airflow/example_dags/example_task_group.py
[2025-02-01T02:43:24.530+0000] {logging_mixin.py:137} INFO - [2025-02-01T02:43:24.530+0000] {dag.py:2690} INFO - Sync 1 DAGs
[2025-02-01T02:43:24.671+0000] {logging_mixin.py:137} INFO - [2025-02-01T02:43:24.671+0000] {dag.py:3441} INFO - Setting next_dagrun for example_task_group to 2025-01-31T02:43:24.670896+00:00, run_after=2025-02-01T02:43:24.670896+00:00
[2025-02-01T02:43:24.728+0000] {processor.py:175} INFO - Processing /home/airflow/.local/lib/python3.7/site-packages/airflow/example_dags/example_task_group.py took 0.497 seconds
[2025-02-01T02:43:55.649+0000] {processor.py:153} INFO - Started process (PID=458) to work on /home/airflow/.local/lib/python3.7/site-packages/airflow/example_dags/example_task_group.py
[2025-02-01T02:43:55.654+0000] {processor.py:743} INFO - Processing file /home/airflow/.local/lib/python3.7/site-packages/airflow/example_dags/example_task_group.py for tasks to queue
[2025-02-01T02:43:55.662+0000] {logging_mixin.py:137} INFO - [2025-02-01T02:43:55.655+0000] {dagbag.py:538} INFO - Filling up the DagBag from /home/airflow/.local/lib/python3.7/site-packages/airflow/example_dags/example_task_group.py
[2025-02-01T02:43:55.791+0000] {processor.py:753} INFO - DAG(s) dict_keys(['example_task_group']) retrieved from /home/airflow/.local/lib/python3.7/site-packages/airflow/example_dags/example_task_group.py
[2025-02-01T02:43:55.947+0000] {logging_mixin.py:137} INFO - [2025-02-01T02:43:55.947+0000] {dag.py:2690} INFO - Sync 1 DAGs
[2025-02-01T02:43:56.082+0000] {logging_mixin.py:137} INFO - [2025-02-01T02:43:56.081+0000] {dag.py:3441} INFO - Setting next_dagrun for example_task_group to 2025-01-31T02:43:56.081159+00:00, run_after=2025-02-01T02:43:56.081159+00:00
[2025-02-01T02:43:56.136+0000] {processor.py:175} INFO - Processing /home/airflow/.local/lib/python3.7/site-packages/airflow/example_dags/example_task_group.py took 0.524 seconds
[2025-02-01T02:44:26.525+0000] {processor.py:153} INFO - Started process (PID=515) to work on /home/airflow/.local/lib/python3.7/site-packages/airflow/example_dags/example_task_group.py
[2025-02-01T02:44:26.534+0000] {processor.py:743} INFO - Processing file /home/airflow/.local/lib/python3.7/site-packages/airflow/example_dags/example_task_group.py for tasks to queue
[2025-02-01T02:44:26.540+0000] {logging_mixin.py:137} INFO - [2025-02-01T02:44:26.539+0000] {dagbag.py:538} INFO - Filling up the DagBag from /home/airflow/.local/lib/python3.7/site-packages/airflow/example_dags/example_task_group.py
[2025-02-01T02:44:26.764+0000] {processor.py:753} INFO - DAG(s) dict_keys(['example_task_group']) retrieved from /home/airflow/.local/lib/python3.7/site-packages/airflow/example_dags/example_task_group.py
[2025-02-01T02:44:26.992+0000] {logging_mixin.py:137} INFO - [2025-02-01T02:44:26.990+0000] {dag.py:2690} INFO - Sync 1 DAGs
[2025-02-01T02:44:27.169+0000] {logging_mixin.py:137} INFO - [2025-02-01T02:44:27.168+0000] {dag.py:3441} INFO - Setting next_dagrun for example_task_group to 2025-01-31T02:44:27.168180+00:00, run_after=2025-02-01T02:44:27.168180+00:00
[2025-02-01T02:44:27.269+0000] {processor.py:175} INFO - Processing /home/airflow/.local/lib/python3.7/site-packages/airflow/example_dags/example_task_group.py took 0.778 seconds
[2025-02-01T02:44:57.762+0000] {processor.py:153} INFO - Started process (PID=565) to work on /home/airflow/.local/lib/python3.7/site-packages/airflow/example_dags/example_task_group.py
[2025-02-01T02:44:57.768+0000] {processor.py:743} INFO - Processing file /home/airflow/.local/lib/python3.7/site-packages/airflow/example_dags/example_task_group.py for tasks to queue
[2025-02-01T02:44:57.773+0000] {logging_mixin.py:137} INFO - [2025-02-01T02:44:57.773+0000] {dagbag.py:538} INFO - Filling up the DagBag from /home/airflow/.local/lib/python3.7/site-packages/airflow/example_dags/example_task_group.py
[2025-02-01T02:44:57.909+0000] {processor.py:753} INFO - DAG(s) dict_keys(['example_task_group']) retrieved from /home/airflow/.local/lib/python3.7/site-packages/airflow/example_dags/example_task_group.py
[2025-02-01T02:44:58.102+0000] {logging_mixin.py:137} INFO - [2025-02-01T02:44:58.101+0000] {dag.py:2690} INFO - Sync 1 DAGs
[2025-02-01T02:44:58.310+0000] {logging_mixin.py:137} INFO - [2025-02-01T02:44:58.307+0000] {dag.py:3441} INFO - Setting next_dagrun for example_task_group to 2025-01-31T02:44:58.306719+00:00, run_after=2025-02-01T02:44:58.306719+00:00
[2025-02-01T02:44:58.454+0000] {processor.py:175} INFO - Processing /home/airflow/.local/lib/python3.7/site-packages/airflow/example_dags/example_task_group.py took 0.710 seconds
[2025-02-01T02:45:29.001+0000] {processor.py:153} INFO - Started process (PID=624) to work on /home/airflow/.local/lib/python3.7/site-packages/airflow/example_dags/example_task_group.py
[2025-02-01T02:45:29.004+0000] {processor.py:743} INFO - Processing file /home/airflow/.local/lib/python3.7/site-packages/airflow/example_dags/example_task_group.py for tasks to queue
[2025-02-01T02:45:29.006+0000] {logging_mixin.py:137} INFO - [2025-02-01T02:45:29.005+0000] {dagbag.py:538} INFO - Filling up the DagBag from /home/airflow/.local/lib/python3.7/site-packages/airflow/example_dags/example_task_group.py
[2025-02-01T02:45:29.080+0000] {processor.py:753} INFO - DAG(s) dict_keys(['example_task_group']) retrieved from /home/airflow/.local/lib/python3.7/site-packages/airflow/example_dags/example_task_group.py
[2025-02-01T02:45:29.136+0000] {logging_mixin.py:137} INFO - [2025-02-01T02:45:29.136+0000] {dag.py:2690} INFO - Sync 1 DAGs
[2025-02-01T02:45:29.202+0000] {logging_mixin.py:137} INFO - [2025-02-01T02:45:29.201+0000] {dag.py:3441} INFO - Setting next_dagrun for example_task_group to 2025-01-31T02:45:29.201296+00:00, run_after=2025-02-01T02:45:29.201296+00:00
[2025-02-01T02:45:29.247+0000] {processor.py:175} INFO - Processing /home/airflow/.local/lib/python3.7/site-packages/airflow/example_dags/example_task_group.py took 0.260 seconds
[2025-02-01T02:45:59.792+0000] {processor.py:153} INFO - Started process (PID=683) to work on /home/airflow/.local/lib/python3.7/site-packages/airflow/example_dags/example_task_group.py
[2025-02-01T02:45:59.794+0000] {processor.py:743} INFO - Processing file /home/airflow/.local/lib/python3.7/site-packages/airflow/example_dags/example_task_group.py for tasks to queue
[2025-02-01T02:45:59.795+0000] {logging_mixin.py:137} INFO - [2025-02-01T02:45:59.795+0000] {dagbag.py:538} INFO - Filling up the DagBag from /home/airflow/.local/lib/python3.7/site-packages/airflow/example_dags/example_task_group.py
[2025-02-01T02:45:59.834+0000] {processor.py:753} INFO - DAG(s) dict_keys(['example_task_group']) retrieved from /home/airflow/.local/lib/python3.7/site-packages/airflow/example_dags/example_task_group.py
[2025-02-01T02:45:59.894+0000] {logging_mixin.py:137} INFO - [2025-02-01T02:45:59.894+0000] {dag.py:2690} INFO - Sync 1 DAGs
[2025-02-01T02:45:59.961+0000] {logging_mixin.py:137} INFO - [2025-02-01T02:45:59.960+0000] {dag.py:3441} INFO - Setting next_dagrun for example_task_group to 2025-01-31T02:45:59.960243+00:00, run_after=2025-02-01T02:45:59.960243+00:00
[2025-02-01T02:46:00.007+0000] {processor.py:175} INFO - Processing /home/airflow/.local/lib/python3.7/site-packages/airflow/example_dags/example_task_group.py took 0.222 seconds
[2025-02-01T02:46:30.642+0000] {processor.py:153} INFO - Started process (PID=740) to work on /home/airflow/.local/lib/python3.7/site-packages/airflow/example_dags/example_task_group.py
[2025-02-01T02:46:30.645+0000] {processor.py:743} INFO - Processing file /home/airflow/.local/lib/python3.7/site-packages/airflow/example_dags/example_task_group.py for tasks to queue
[2025-02-01T02:46:30.647+0000] {logging_mixin.py:137} INFO - [2025-02-01T02:46:30.647+0000] {dagbag.py:538} INFO - Filling up the DagBag from /home/airflow/.local/lib/python3.7/site-packages/airflow/example_dags/example_task_group.py
[2025-02-01T02:46:30.698+0000] {processor.py:753} INFO - DAG(s) dict_keys(['example_task_group']) retrieved from /home/airflow/.local/lib/python3.7/site-packages/airflow/example_dags/example_task_group.py
[2025-02-01T02:46:30.766+0000] {logging_mixin.py:137} INFO - [2025-02-01T02:46:30.765+0000] {dag.py:2690} INFO - Sync 1 DAGs
[2025-02-01T02:46:30.833+0000] {logging_mixin.py:137} INFO - [2025-02-01T02:46:30.832+0000] {dag.py:3441} INFO - Setting next_dagrun for example_task_group to 2025-01-31T02:46:30.832363+00:00, run_after=2025-02-01T02:46:30.832363+00:00
[2025-02-01T02:46:30.886+0000] {processor.py:175} INFO - Processing /home/airflow/.local/lib/python3.7/site-packages/airflow/example_dags/example_task_group.py took 0.251 seconds
[2025-02-01T02:47:01.567+0000] {processor.py:153} INFO - Started process (PID=799) to work on /home/airflow/.local/lib/python3.7/site-packages/airflow/example_dags/example_task_group.py
[2025-02-01T02:47:01.570+0000] {processor.py:743} INFO - Processing file /home/airflow/.local/lib/python3.7/site-packages/airflow/example_dags/example_task_group.py for tasks to queue
[2025-02-01T02:47:01.571+0000] {logging_mixin.py:137} INFO - [2025-02-01T02:47:01.571+0000] {dagbag.py:538} INFO - Filling up the DagBag from /home/airflow/.local/lib/python3.7/site-packages/airflow/example_dags/example_task_group.py
[2025-02-01T02:47:01.644+0000] {processor.py:753} INFO - DAG(s) dict_keys(['example_task_group']) retrieved from /home/airflow/.local/lib/python3.7/site-packages/airflow/example_dags/example_task_group.py
[2025-02-01T02:47:01.761+0000] {logging_mixin.py:137} INFO - [2025-02-01T02:47:01.761+0000] {dag.py:2690} INFO - Sync 1 DAGs
[2025-02-01T02:47:01.891+0000] {logging_mixin.py:137} INFO - [2025-02-01T02:47:01.891+0000] {dag.py:3441} INFO - Setting next_dagrun for example_task_group to 2025-01-31T02:47:01.888894+00:00, run_after=2025-02-01T02:47:01.888894+00:00
[2025-02-01T02:47:01.987+0000] {processor.py:175} INFO - Processing /home/airflow/.local/lib/python3.7/site-packages/airflow/example_dags/example_task_group.py took 0.436 seconds
[2025-02-01T02:47:32.981+0000] {processor.py:153} INFO - Started process (PID=849) to work on /home/airflow/.local/lib/python3.7/site-packages/airflow/example_dags/example_task_group.py
[2025-02-01T02:47:32.986+0000] {processor.py:743} INFO - Processing file /home/airflow/.local/lib/python3.7/site-packages/airflow/example_dags/example_task_group.py for tasks to queue
[2025-02-01T02:47:32.990+0000] {logging_mixin.py:137} INFO - [2025-02-01T02:47:32.990+0000] {dagbag.py:538} INFO - Filling up the DagBag from /home/airflow/.local/lib/python3.7/site-packages/airflow/example_dags/example_task_group.py
[2025-02-01T02:47:33.076+0000] {processor.py:753} INFO - DAG(s) dict_keys(['example_task_group']) retrieved from /home/airflow/.local/lib/python3.7/site-packages/airflow/example_dags/example_task_group.py
[2025-02-01T02:47:33.177+0000] {logging_mixin.py:137} INFO - [2025-02-01T02:47:33.176+0000] {dag.py:2690} INFO - Sync 1 DAGs
[2025-02-01T02:47:33.242+0000] {logging_mixin.py:137} INFO - [2025-02-01T02:47:33.241+0000] {dag.py:3441} INFO - Setting next_dagrun for example_task_group to 2025-01-31T02:47:33.241153+00:00, run_after=2025-02-01T02:47:33.241153+00:00
[2025-02-01T02:47:33.287+0000] {processor.py:175} INFO - Processing /home/airflow/.local/lib/python3.7/site-packages/airflow/example_dags/example_task_group.py took 0.328 seconds
[2025-02-01T02:48:04.373+0000] {processor.py:153} INFO - Started process (PID=908) to work on /home/airflow/.local/lib/python3.7/site-packages/airflow/example_dags/example_task_group.py
[2025-02-01T02:48:04.375+0000] {processor.py:743} INFO - Processing file /home/airflow/.local/lib/python3.7/site-packages/airflow/example_dags/example_task_group.py for tasks to queue
[2025-02-01T02:48:04.385+0000] {logging_mixin.py:137} INFO - [2025-02-01T02:48:04.385+0000] {dagbag.py:538} INFO - Filling up the DagBag from /home/airflow/.local/lib/python3.7/site-packages/airflow/example_dags/example_task_group.py
[2025-02-01T02:48:04.594+0000] {processor.py:753} INFO - DAG(s) dict_keys(['example_task_group']) retrieved from /home/airflow/.local/lib/python3.7/site-packages/airflow/example_dags/example_task_group.py
[2025-02-01T02:48:04.779+0000] {logging_mixin.py:137} INFO - [2025-02-01T02:48:04.778+0000] {dag.py:2690} INFO - Sync 1 DAGs
[2025-02-01T02:48:04.988+0000] {logging_mixin.py:137} INFO - [2025-02-01T02:48:04.987+0000] {dag.py:3441} INFO - Setting next_dagrun for example_task_group to 2025-01-31T02:48:04.987251+00:00, run_after=2025-02-01T02:48:04.987251+00:00
[2025-02-01T02:48:05.121+0000] {processor.py:175} INFO - Processing /home/airflow/.local/lib/python3.7/site-packages/airflow/example_dags/example_task_group.py took 0.782 seconds
[2025-02-01T02:48:35.351+0000] {processor.py:153} INFO - Started process (PID=967) to work on /home/airflow/.local/lib/python3.7/site-packages/airflow/example_dags/example_task_group.py
[2025-02-01T02:48:35.355+0000] {processor.py:743} INFO - Processing file /home/airflow/.local/lib/python3.7/site-packages/airflow/example_dags/example_task_group.py for tasks to queue
[2025-02-01T02:48:35.359+0000] {logging_mixin.py:137} INFO - [2025-02-01T02:48:35.357+0000] {dagbag.py:538} INFO - Filling up the DagBag from /home/airflow/.local/lib/python3.7/site-packages/airflow/example_dags/example_task_group.py
[2025-02-01T02:48:35.423+0000] {processor.py:753} INFO - DAG(s) dict_keys(['example_task_group']) retrieved from /home/airflow/.local/lib/python3.7/site-packages/airflow/example_dags/example_task_group.py
[2025-02-01T02:48:35.488+0000] {logging_mixin.py:137} INFO - [2025-02-01T02:48:35.488+0000] {dag.py:2690} INFO - Sync 1 DAGs
[2025-02-01T02:48:35.551+0000] {logging_mixin.py:137} INFO - [2025-02-01T02:48:35.550+0000] {dag.py:3441} INFO - Setting next_dagrun for example_task_group to 2025-01-31T02:48:35.550150+00:00, run_after=2025-02-01T02:48:35.550150+00:00
[2025-02-01T02:48:35.596+0000] {processor.py:175} INFO - Processing /home/airflow/.local/lib/python3.7/site-packages/airflow/example_dags/example_task_group.py took 0.252 seconds
[2025-02-01T02:49:06.041+0000] {processor.py:153} INFO - Started process (PID=1027) to work on /home/airflow/.local/lib/python3.7/site-packages/airflow/example_dags/example_task_group.py
[2025-02-01T02:49:06.042+0000] {processor.py:743} INFO - Processing file /home/airflow/.local/lib/python3.7/site-packages/airflow/example_dags/example_task_group.py for tasks to queue
[2025-02-01T02:49:06.043+0000] {logging_mixin.py:137} INFO - [2025-02-01T02:49:06.043+0000] {dagbag.py:538} INFO - Filling up the DagBag from /home/airflow/.local/lib/python3.7/site-packages/airflow/example_dags/example_task_group.py
[2025-02-01T02:49:06.081+0000] {processor.py:753} INFO - DAG(s) dict_keys(['example_task_group']) retrieved from /home/airflow/.local/lib/python3.7/site-packages/airflow/example_dags/example_task_group.py
[2025-02-01T02:49:06.137+0000] {logging_mixin.py:137} INFO - [2025-02-01T02:49:06.136+0000] {dag.py:2690} INFO - Sync 1 DAGs
[2025-02-01T02:49:06.215+0000] {logging_mixin.py:137} INFO - [2025-02-01T02:49:06.214+0000] {dag.py:3441} INFO - Setting next_dagrun for example_task_group to 2025-01-31T02:49:06.214311+00:00, run_after=2025-02-01T02:49:06.214311+00:00
[2025-02-01T02:49:06.267+0000] {processor.py:175} INFO - Processing /home/airflow/.local/lib/python3.7/site-packages/airflow/example_dags/example_task_group.py took 0.233 seconds
[2025-02-01T02:49:36.886+0000] {processor.py:153} INFO - Started process (PID=1085) to work on /home/airflow/.local/lib/python3.7/site-packages/airflow/example_dags/example_task_group.py
[2025-02-01T02:49:36.889+0000] {processor.py:743} INFO - Processing file /home/airflow/.local/lib/python3.7/site-packages/airflow/example_dags/example_task_group.py for tasks to queue
[2025-02-01T02:49:36.893+0000] {logging_mixin.py:137} INFO - [2025-02-01T02:49:36.890+0000] {dagbag.py:538} INFO - Filling up the DagBag from /home/airflow/.local/lib/python3.7/site-packages/airflow/example_dags/example_task_group.py
[2025-02-01T02:49:36.941+0000] {processor.py:753} INFO - DAG(s) dict_keys(['example_task_group']) retrieved from /home/airflow/.local/lib/python3.7/site-packages/airflow/example_dags/example_task_group.py
[2025-02-01T02:49:37.044+0000] {logging_mixin.py:137} INFO - [2025-02-01T02:49:37.044+0000] {dag.py:2690} INFO - Sync 1 DAGs
[2025-02-01T02:49:37.194+0000] {logging_mixin.py:137} INFO - [2025-02-01T02:49:37.194+0000] {dag.py:3441} INFO - Setting next_dagrun for example_task_group to 2025-01-31T02:49:37.193775+00:00, run_after=2025-02-01T02:49:37.193775+00:00
[2025-02-01T02:49:37.294+0000] {processor.py:175} INFO - Processing /home/airflow/.local/lib/python3.7/site-packages/airflow/example_dags/example_task_group.py took 0.415 seconds
[2025-02-01T02:50:07.782+0000] {processor.py:153} INFO - Started process (PID=1141) to work on /home/airflow/.local/lib/python3.7/site-packages/airflow/example_dags/example_task_group.py
[2025-02-01T02:50:07.787+0000] {processor.py:743} INFO - Processing file /home/airflow/.local/lib/python3.7/site-packages/airflow/example_dags/example_task_group.py for tasks to queue
[2025-02-01T02:50:07.790+0000] {logging_mixin.py:137} INFO - [2025-02-01T02:50:07.790+0000] {dagbag.py:538} INFO - Filling up the DagBag from /home/airflow/.local/lib/python3.7/site-packages/airflow/example_dags/example_task_group.py
[2025-02-01T02:50:07.867+0000] {processor.py:753} INFO - DAG(s) dict_keys(['example_task_group']) retrieved from /home/airflow/.local/lib/python3.7/site-packages/airflow/example_dags/example_task_group.py
[2025-02-01T02:50:07.991+0000] {logging_mixin.py:137} INFO - [2025-02-01T02:50:07.990+0000] {dag.py:2690} INFO - Sync 1 DAGs
[2025-02-01T02:50:08.067+0000] {logging_mixin.py:137} INFO - [2025-02-01T02:50:08.067+0000] {dag.py:3441} INFO - Setting next_dagrun for example_task_group to 2025-01-31T02:50:08.066472+00:00, run_after=2025-02-01T02:50:08.066472+00:00
[2025-02-01T02:50:08.134+0000] {processor.py:175} INFO - Processing /home/airflow/.local/lib/python3.7/site-packages/airflow/example_dags/example_task_group.py took 0.365 seconds
[2025-02-01T02:50:38.262+0000] {processor.py:153} INFO - Started process (PID=1193) to work on /home/airflow/.local/lib/python3.7/site-packages/airflow/example_dags/example_task_group.py
[2025-02-01T02:50:38.264+0000] {processor.py:743} INFO - Processing file /home/airflow/.local/lib/python3.7/site-packages/airflow/example_dags/example_task_group.py for tasks to queue
[2025-02-01T02:50:38.265+0000] {logging_mixin.py:137} INFO - [2025-02-01T02:50:38.265+0000] {dagbag.py:538} INFO - Filling up the DagBag from /home/airflow/.local/lib/python3.7/site-packages/airflow/example_dags/example_task_group.py
[2025-02-01T02:50:38.322+0000] {processor.py:753} INFO - DAG(s) dict_keys(['example_task_group']) retrieved from /home/airflow/.local/lib/python3.7/site-packages/airflow/example_dags/example_task_group.py
[2025-02-01T02:50:38.380+0000] {logging_mixin.py:137} INFO - [2025-02-01T02:50:38.379+0000] {dag.py:2690} INFO - Sync 1 DAGs
[2025-02-01T02:50:38.445+0000] {logging_mixin.py:137} INFO - [2025-02-01T02:50:38.445+0000] {dag.py:3441} INFO - Setting next_dagrun for example_task_group to 2025-01-31T02:50:38.444624+00:00, run_after=2025-02-01T02:50:38.444624+00:00
[2025-02-01T02:50:38.497+0000] {processor.py:175} INFO - Processing /home/airflow/.local/lib/python3.7/site-packages/airflow/example_dags/example_task_group.py took 0.243 seconds
[2025-02-01T02:51:10.078+0000] {processor.py:153} INFO - Started process (PID=1251) to work on /home/airflow/.local/lib/python3.7/site-packages/airflow/example_dags/example_task_group.py
[2025-02-01T02:51:10.082+0000] {processor.py:743} INFO - Processing file /home/airflow/.local/lib/python3.7/site-packages/airflow/example_dags/example_task_group.py for tasks to queue
[2025-02-01T02:51:10.084+0000] {logging_mixin.py:137} INFO - [2025-02-01T02:51:10.083+0000] {dagbag.py:538} INFO - Filling up the DagBag from /home/airflow/.local/lib/python3.7/site-packages/airflow/example_dags/example_task_group.py
[2025-02-01T02:51:10.172+0000] {processor.py:753} INFO - DAG(s) dict_keys(['example_task_group']) retrieved from /home/airflow/.local/lib/python3.7/site-packages/airflow/example_dags/example_task_group.py
[2025-02-01T02:51:10.340+0000] {logging_mixin.py:137} INFO - [2025-02-01T02:51:10.340+0000] {dag.py:2690} INFO - Sync 1 DAGs
[2025-02-01T02:51:10.517+0000] {logging_mixin.py:137} INFO - [2025-02-01T02:51:10.510+0000] {dag.py:3441} INFO - Setting next_dagrun for example_task_group to 2025-01-31T02:51:10.510294+00:00, run_after=2025-02-01T02:51:10.510294+00:00
[2025-02-01T02:51:10.713+0000] {processor.py:175} INFO - Processing /home/airflow/.local/lib/python3.7/site-packages/airflow/example_dags/example_task_group.py took 0.647 seconds
[2025-02-01T02:51:40.872+0000] {processor.py:153} INFO - Started process (PID=1300) to work on /home/airflow/.local/lib/python3.7/site-packages/airflow/example_dags/example_task_group.py
[2025-02-01T02:51:40.873+0000] {processor.py:743} INFO - Processing file /home/airflow/.local/lib/python3.7/site-packages/airflow/example_dags/example_task_group.py for tasks to queue
[2025-02-01T02:51:40.874+0000] {logging_mixin.py:137} INFO - [2025-02-01T02:51:40.874+0000] {dagbag.py:538} INFO - Filling up the DagBag from /home/airflow/.local/lib/python3.7/site-packages/airflow/example_dags/example_task_group.py
[2025-02-01T02:51:40.913+0000] {processor.py:753} INFO - DAG(s) dict_keys(['example_task_group']) retrieved from /home/airflow/.local/lib/python3.7/site-packages/airflow/example_dags/example_task_group.py
[2025-02-01T02:51:40.977+0000] {logging_mixin.py:137} INFO - [2025-02-01T02:51:40.976+0000] {dag.py:2690} INFO - Sync 1 DAGs
[2025-02-01T02:51:41.075+0000] {logging_mixin.py:137} INFO - [2025-02-01T02:51:41.074+0000] {dag.py:3441} INFO - Setting next_dagrun for example_task_group to 2025-01-31T02:51:41.074364+00:00, run_after=2025-02-01T02:51:41.074364+00:00
[2025-02-01T02:51:41.124+0000] {processor.py:175} INFO - Processing /home/airflow/.local/lib/python3.7/site-packages/airflow/example_dags/example_task_group.py took 0.261 seconds
[2025-02-01T02:52:12.075+0000] {processor.py:153} INFO - Started process (PID=1358) to work on /home/airflow/.local/lib/python3.7/site-packages/airflow/example_dags/example_task_group.py
[2025-02-01T02:52:12.082+0000] {processor.py:743} INFO - Processing file /home/airflow/.local/lib/python3.7/site-packages/airflow/example_dags/example_task_group.py for tasks to queue
[2025-02-01T02:52:12.090+0000] {logging_mixin.py:137} INFO - [2025-02-01T02:52:12.083+0000] {dagbag.py:538} INFO - Filling up the DagBag from /home/airflow/.local/lib/python3.7/site-packages/airflow/example_dags/example_task_group.py
[2025-02-01T02:52:12.229+0000] {processor.py:753} INFO - DAG(s) dict_keys(['example_task_group']) retrieved from /home/airflow/.local/lib/python3.7/site-packages/airflow/example_dags/example_task_group.py
[2025-02-01T02:52:12.412+0000] {logging_mixin.py:137} INFO - [2025-02-01T02:52:12.412+0000] {dag.py:2690} INFO - Sync 1 DAGs
[2025-02-01T02:52:12.518+0000] {logging_mixin.py:137} INFO - [2025-02-01T02:52:12.518+0000] {dag.py:3441} INFO - Setting next_dagrun for example_task_group to 2025-01-31T02:52:12.517740+00:00, run_after=2025-02-01T02:52:12.517740+00:00
[2025-02-01T02:52:12.586+0000] {processor.py:175} INFO - Processing /home/airflow/.local/lib/python3.7/site-packages/airflow/example_dags/example_task_group.py took 0.540 seconds
[2025-02-01T02:52:42.825+0000] {processor.py:153} INFO - Started process (PID=1417) to work on /home/airflow/.local/lib/python3.7/site-packages/airflow/example_dags/example_task_group.py
[2025-02-01T02:52:42.832+0000] {processor.py:743} INFO - Processing file /home/airflow/.local/lib/python3.7/site-packages/airflow/example_dags/example_task_group.py for tasks to queue
[2025-02-01T02:52:42.838+0000] {logging_mixin.py:137} INFO - [2025-02-01T02:52:42.838+0000] {dagbag.py:538} INFO - Filling up the DagBag from /home/airflow/.local/lib/python3.7/site-packages/airflow/example_dags/example_task_group.py
[2025-02-01T02:52:43.069+0000] {processor.py:753} INFO - DAG(s) dict_keys(['example_task_group']) retrieved from /home/airflow/.local/lib/python3.7/site-packages/airflow/example_dags/example_task_group.py
[2025-02-01T02:52:43.317+0000] {logging_mixin.py:137} INFO - [2025-02-01T02:52:43.316+0000] {dag.py:2690} INFO - Sync 1 DAGs
[2025-02-01T02:52:43.518+0000] {logging_mixin.py:137} INFO - [2025-02-01T02:52:43.513+0000] {dag.py:3441} INFO - Setting next_dagrun for example_task_group to 2025-01-31T02:52:43.513377+00:00, run_after=2025-02-01T02:52:43.513377+00:00
[2025-02-01T02:52:43.648+0000] {processor.py:175} INFO - Processing /home/airflow/.local/lib/python3.7/site-packages/airflow/example_dags/example_task_group.py took 0.852 seconds
[2025-02-01T02:53:14.068+0000] {processor.py:153} INFO - Started process (PID=1476) to work on /home/airflow/.local/lib/python3.7/site-packages/airflow/example_dags/example_task_group.py
[2025-02-01T02:53:14.070+0000] {processor.py:743} INFO - Processing file /home/airflow/.local/lib/python3.7/site-packages/airflow/example_dags/example_task_group.py for tasks to queue
[2025-02-01T02:53:14.075+0000] {logging_mixin.py:137} INFO - [2025-02-01T02:53:14.072+0000] {dagbag.py:538} INFO - Filling up the DagBag from /home/airflow/.local/lib/python3.7/site-packages/airflow/example_dags/example_task_group.py
[2025-02-01T02:53:14.172+0000] {processor.py:753} INFO - DAG(s) dict_keys(['example_task_group']) retrieved from /home/airflow/.local/lib/python3.7/site-packages/airflow/example_dags/example_task_group.py
[2025-02-01T02:53:14.260+0000] {logging_mixin.py:137} INFO - [2025-02-01T02:53:14.260+0000] {dag.py:2690} INFO - Sync 1 DAGs
[2025-02-01T02:53:14.410+0000] {logging_mixin.py:137} INFO - [2025-02-01T02:53:14.409+0000] {dag.py:3441} INFO - Setting next_dagrun for example_task_group to 2025-01-31T02:53:14.409226+00:00, run_after=2025-02-01T02:53:14.409226+00:00
[2025-02-01T02:53:14.504+0000] {processor.py:175} INFO - Processing /home/airflow/.local/lib/python3.7/site-packages/airflow/example_dags/example_task_group.py took 0.452 seconds
[2025-02-01T02:53:44.851+0000] {processor.py:153} INFO - Started process (PID=1535) to work on /home/airflow/.local/lib/python3.7/site-packages/airflow/example_dags/example_task_group.py
[2025-02-01T02:53:44.853+0000] {processor.py:743} INFO - Processing file /home/airflow/.local/lib/python3.7/site-packages/airflow/example_dags/example_task_group.py for tasks to queue
[2025-02-01T02:53:44.854+0000] {logging_mixin.py:137} INFO - [2025-02-01T02:53:44.854+0000] {dagbag.py:538} INFO - Filling up the DagBag from /home/airflow/.local/lib/python3.7/site-packages/airflow/example_dags/example_task_group.py
[2025-02-01T02:53:44.892+0000] {processor.py:753} INFO - DAG(s) dict_keys(['example_task_group']) retrieved from /home/airflow/.local/lib/python3.7/site-packages/airflow/example_dags/example_task_group.py
[2025-02-01T02:53:44.953+0000] {logging_mixin.py:137} INFO - [2025-02-01T02:53:44.953+0000] {dag.py:2690} INFO - Sync 1 DAGs
[2025-02-01T02:53:45.068+0000] {logging_mixin.py:137} INFO - [2025-02-01T02:53:45.068+0000] {dag.py:3441} INFO - Setting next_dagrun for example_task_group to 2025-01-31T02:53:45.068026+00:00, run_after=2025-02-01T02:53:45.068026+00:00
[2025-02-01T02:53:45.173+0000] {processor.py:175} INFO - Processing /home/airflow/.local/lib/python3.7/site-packages/airflow/example_dags/example_task_group.py took 0.329 seconds
[2025-02-01T02:54:15.902+0000] {processor.py:153} INFO - Started process (PID=1592) to work on /home/airflow/.local/lib/python3.7/site-packages/airflow/example_dags/example_task_group.py
[2025-02-01T02:54:15.906+0000] {processor.py:743} INFO - Processing file /home/airflow/.local/lib/python3.7/site-packages/airflow/example_dags/example_task_group.py for tasks to queue
[2025-02-01T02:54:15.908+0000] {logging_mixin.py:137} INFO - [2025-02-01T02:54:15.907+0000] {dagbag.py:538} INFO - Filling up the DagBag from /home/airflow/.local/lib/python3.7/site-packages/airflow/example_dags/example_task_group.py
[2025-02-01T02:54:15.989+0000] {processor.py:753} INFO - DAG(s) dict_keys(['example_task_group']) retrieved from /home/airflow/.local/lib/python3.7/site-packages/airflow/example_dags/example_task_group.py
[2025-02-01T02:54:16.058+0000] {logging_mixin.py:137} INFO - [2025-02-01T02:54:16.058+0000] {dag.py:2690} INFO - Sync 1 DAGs
[2025-02-01T02:54:16.135+0000] {logging_mixin.py:137} INFO - [2025-02-01T02:54:16.135+0000] {dag.py:3441} INFO - Setting next_dagrun for example_task_group to 2025-01-31T02:54:16.134859+00:00, run_after=2025-02-01T02:54:16.134859+00:00
[2025-02-01T02:54:16.226+0000] {processor.py:175} INFO - Processing /home/airflow/.local/lib/python3.7/site-packages/airflow/example_dags/example_task_group.py took 0.337 seconds
[2025-02-01T02:54:46.567+0000] {processor.py:153} INFO - Started process (PID=1643) to work on /home/airflow/.local/lib/python3.7/site-packages/airflow/example_dags/example_task_group.py
[2025-02-01T02:54:46.573+0000] {processor.py:743} INFO - Processing file /home/airflow/.local/lib/python3.7/site-packages/airflow/example_dags/example_task_group.py for tasks to queue
[2025-02-01T02:54:46.575+0000] {logging_mixin.py:137} INFO - [2025-02-01T02:54:46.574+0000] {dagbag.py:538} INFO - Filling up the DagBag from /home/airflow/.local/lib/python3.7/site-packages/airflow/example_dags/example_task_group.py
[2025-02-01T02:54:46.702+0000] {processor.py:753} INFO - DAG(s) dict_keys(['example_task_group']) retrieved from /home/airflow/.local/lib/python3.7/site-packages/airflow/example_dags/example_task_group.py
[2025-02-01T02:54:46.865+0000] {logging_mixin.py:137} INFO - [2025-02-01T02:54:46.864+0000] {dag.py:2690} INFO - Sync 1 DAGs
[2025-02-01T02:54:47.002+0000] {logging_mixin.py:137} INFO - [2025-02-01T02:54:47.001+0000] {dag.py:3441} INFO - Setting next_dagrun for example_task_group to 2025-01-31T02:54:47.000556+00:00, run_after=2025-02-01T02:54:47.000556+00:00
[2025-02-01T02:54:47.179+0000] {processor.py:175} INFO - Processing /home/airflow/.local/lib/python3.7/site-packages/airflow/example_dags/example_task_group.py took 0.630 seconds
[2025-02-01T02:55:17.811+0000] {processor.py:153} INFO - Started process (PID=1702) to work on /home/airflow/.local/lib/python3.7/site-packages/airflow/example_dags/example_task_group.py
[2025-02-01T02:55:17.889+0000] {processor.py:743} INFO - Processing file /home/airflow/.local/lib/python3.7/site-packages/airflow/example_dags/example_task_group.py for tasks to queue
[2025-02-01T02:55:17.891+0000] {logging_mixin.py:137} INFO - [2025-02-01T02:55:17.890+0000] {dagbag.py:538} INFO - Filling up the DagBag from /home/airflow/.local/lib/python3.7/site-packages/airflow/example_dags/example_task_group.py
[2025-02-01T02:55:18.008+0000] {processor.py:753} INFO - DAG(s) dict_keys(['example_task_group']) retrieved from /home/airflow/.local/lib/python3.7/site-packages/airflow/example_dags/example_task_group.py
[2025-02-01T02:55:18.148+0000] {logging_mixin.py:137} INFO - [2025-02-01T02:55:18.147+0000] {dag.py:2690} INFO - Sync 1 DAGs
[2025-02-01T02:55:18.249+0000] {logging_mixin.py:137} INFO - [2025-02-01T02:55:18.249+0000] {dag.py:3441} INFO - Setting next_dagrun for example_task_group to 2025-01-31T02:55:18.249011+00:00, run_after=2025-02-01T02:55:18.249011+00:00
[2025-02-01T02:55:18.403+0000] {processor.py:175} INFO - Processing /home/airflow/.local/lib/python3.7/site-packages/airflow/example_dags/example_task_group.py took 0.610 seconds
[2025-02-01T02:55:48.783+0000] {processor.py:153} INFO - Started process (PID=1761) to work on /home/airflow/.local/lib/python3.7/site-packages/airflow/example_dags/example_task_group.py
[2025-02-01T02:55:48.784+0000] {processor.py:743} INFO - Processing file /home/airflow/.local/lib/python3.7/site-packages/airflow/example_dags/example_task_group.py for tasks to queue
[2025-02-01T02:55:48.788+0000] {logging_mixin.py:137} INFO - [2025-02-01T02:55:48.788+0000] {dagbag.py:538} INFO - Filling up the DagBag from /home/airflow/.local/lib/python3.7/site-packages/airflow/example_dags/example_task_group.py
[2025-02-01T02:55:48.877+0000] {processor.py:753} INFO - DAG(s) dict_keys(['example_task_group']) retrieved from /home/airflow/.local/lib/python3.7/site-packages/airflow/example_dags/example_task_group.py
[2025-02-01T02:55:49.015+0000] {logging_mixin.py:137} INFO - [2025-02-01T02:55:49.015+0000] {dag.py:2690} INFO - Sync 1 DAGs
[2025-02-01T02:55:49.130+0000] {logging_mixin.py:137} INFO - [2025-02-01T02:55:49.129+0000] {dag.py:3441} INFO - Setting next_dagrun for example_task_group to 2025-01-31T02:55:49.129265+00:00, run_after=2025-02-01T02:55:49.129265+00:00
[2025-02-01T02:55:49.235+0000] {processor.py:175} INFO - Processing /home/airflow/.local/lib/python3.7/site-packages/airflow/example_dags/example_task_group.py took 0.471 seconds
[2025-02-01T02:56:19.339+0000] {processor.py:153} INFO - Started process (PID=1820) to work on /home/airflow/.local/lib/python3.7/site-packages/airflow/example_dags/example_task_group.py
[2025-02-01T02:56:19.341+0000] {processor.py:743} INFO - Processing file /home/airflow/.local/lib/python3.7/site-packages/airflow/example_dags/example_task_group.py for tasks to queue
[2025-02-01T02:56:19.342+0000] {logging_mixin.py:137} INFO - [2025-02-01T02:56:19.342+0000] {dagbag.py:538} INFO - Filling up the DagBag from /home/airflow/.local/lib/python3.7/site-packages/airflow/example_dags/example_task_group.py
[2025-02-01T02:56:19.380+0000] {processor.py:753} INFO - DAG(s) dict_keys(['example_task_group']) retrieved from /home/airflow/.local/lib/python3.7/site-packages/airflow/example_dags/example_task_group.py
[2025-02-01T02:56:19.436+0000] {logging_mixin.py:137} INFO - [2025-02-01T02:56:19.436+0000] {dag.py:2690} INFO - Sync 1 DAGs
[2025-02-01T02:56:19.502+0000] {logging_mixin.py:137} INFO - [2025-02-01T02:56:19.502+0000] {dag.py:3441} INFO - Setting next_dagrun for example_task_group to 2025-01-31T02:56:19.501765+00:00, run_after=2025-02-01T02:56:19.501765+00:00
[2025-02-01T02:56:19.555+0000] {processor.py:175} INFO - Processing /home/airflow/.local/lib/python3.7/site-packages/airflow/example_dags/example_task_group.py took 0.224 seconds
[2025-02-01T02:56:50.111+0000] {processor.py:153} INFO - Started process (PID=1879) to work on /home/airflow/.local/lib/python3.7/site-packages/airflow/example_dags/example_task_group.py
[2025-02-01T02:56:50.112+0000] {processor.py:743} INFO - Processing file /home/airflow/.local/lib/python3.7/site-packages/airflow/example_dags/example_task_group.py for tasks to queue
[2025-02-01T02:56:50.116+0000] {logging_mixin.py:137} INFO - [2025-02-01T02:56:50.115+0000] {dagbag.py:538} INFO - Filling up the DagBag from /home/airflow/.local/lib/python3.7/site-packages/airflow/example_dags/example_task_group.py
[2025-02-01T02:56:50.188+0000] {processor.py:753} INFO - DAG(s) dict_keys(['example_task_group']) retrieved from /home/airflow/.local/lib/python3.7/site-packages/airflow/example_dags/example_task_group.py
[2025-02-01T02:56:50.248+0000] {logging_mixin.py:137} INFO - [2025-02-01T02:56:50.248+0000] {dag.py:2690} INFO - Sync 1 DAGs
[2025-02-01T02:56:50.312+0000] {logging_mixin.py:137} INFO - [2025-02-01T02:56:50.311+0000] {dag.py:3441} INFO - Setting next_dagrun for example_task_group to 2025-01-31T02:56:50.311087+00:00, run_after=2025-02-01T02:56:50.311087+00:00
[2025-02-01T02:56:50.382+0000] {processor.py:175} INFO - Processing /home/airflow/.local/lib/python3.7/site-packages/airflow/example_dags/example_task_group.py took 0.287 seconds
[2025-02-01T02:57:20.804+0000] {processor.py:153} INFO - Started process (PID=1928) to work on /home/airflow/.local/lib/python3.7/site-packages/airflow/example_dags/example_task_group.py
[2025-02-01T02:57:20.805+0000] {processor.py:743} INFO - Processing file /home/airflow/.local/lib/python3.7/site-packages/airflow/example_dags/example_task_group.py for tasks to queue
[2025-02-01T02:57:20.807+0000] {logging_mixin.py:137} INFO - [2025-02-01T02:57:20.807+0000] {dagbag.py:538} INFO - Filling up the DagBag from /home/airflow/.local/lib/python3.7/site-packages/airflow/example_dags/example_task_group.py
[2025-02-01T02:57:20.846+0000] {processor.py:753} INFO - DAG(s) dict_keys(['example_task_group']) retrieved from /home/airflow/.local/lib/python3.7/site-packages/airflow/example_dags/example_task_group.py
[2025-02-01T02:57:20.901+0000] {logging_mixin.py:137} INFO - [2025-02-01T02:57:20.901+0000] {dag.py:2690} INFO - Sync 1 DAGs
[2025-02-01T02:57:20.965+0000] {logging_mixin.py:137} INFO - [2025-02-01T02:57:20.965+0000] {dag.py:3441} INFO - Setting next_dagrun for example_task_group to 2025-01-31T02:57:20.964523+00:00, run_after=2025-02-01T02:57:20.964523+00:00
[2025-02-01T02:57:21.009+0000] {processor.py:175} INFO - Processing /home/airflow/.local/lib/python3.7/site-packages/airflow/example_dags/example_task_group.py took 0.212 seconds
[2025-02-01T02:57:52.208+0000] {processor.py:153} INFO - Started process (PID=1987) to work on /home/airflow/.local/lib/python3.7/site-packages/airflow/example_dags/example_task_group.py
[2025-02-01T02:57:52.211+0000] {processor.py:743} INFO - Processing file /home/airflow/.local/lib/python3.7/site-packages/airflow/example_dags/example_task_group.py for tasks to queue
[2025-02-01T02:57:52.212+0000] {logging_mixin.py:137} INFO - [2025-02-01T02:57:52.212+0000] {dagbag.py:538} INFO - Filling up the DagBag from /home/airflow/.local/lib/python3.7/site-packages/airflow/example_dags/example_task_group.py
[2025-02-01T02:57:52.261+0000] {processor.py:753} INFO - DAG(s) dict_keys(['example_task_group']) retrieved from /home/airflow/.local/lib/python3.7/site-packages/airflow/example_dags/example_task_group.py
[2025-02-01T02:57:52.366+0000] {logging_mixin.py:137} INFO - [2025-02-01T02:57:52.365+0000] {dag.py:2690} INFO - Sync 1 DAGs
[2025-02-01T02:57:52.503+0000] {logging_mixin.py:137} INFO - [2025-02-01T02:57:52.503+0000] {dag.py:3441} INFO - Setting next_dagrun for example_task_group to 2025-01-31T02:57:52.502568+00:00, run_after=2025-02-01T02:57:52.502568+00:00
[2025-02-01T02:57:52.578+0000] {processor.py:175} INFO - Processing /home/airflow/.local/lib/python3.7/site-packages/airflow/example_dags/example_task_group.py took 0.386 seconds
[2025-02-01T02:58:24.126+0000] {processor.py:153} INFO - Started process (PID=2043) to work on /home/airflow/.local/lib/python3.7/site-packages/airflow/example_dags/example_task_group.py
[2025-02-01T02:58:24.143+0000] {processor.py:743} INFO - Processing file /home/airflow/.local/lib/python3.7/site-packages/airflow/example_dags/example_task_group.py for tasks to queue
[2025-02-01T02:58:24.152+0000] {logging_mixin.py:137} INFO - [2025-02-01T02:58:24.152+0000] {dagbag.py:538} INFO - Filling up the DagBag from /home/airflow/.local/lib/python3.7/site-packages/airflow/example_dags/example_task_group.py
[2025-02-01T02:58:24.407+0000] {processor.py:753} INFO - DAG(s) dict_keys(['example_task_group']) retrieved from /home/airflow/.local/lib/python3.7/site-packages/airflow/example_dags/example_task_group.py
[2025-02-01T02:58:24.747+0000] {logging_mixin.py:137} INFO - [2025-02-01T02:58:24.744+0000] {dag.py:2690} INFO - Sync 1 DAGs
[2025-02-01T02:58:25.107+0000] {logging_mixin.py:137} INFO - [2025-02-01T02:58:25.106+0000] {dag.py:3441} INFO - Setting next_dagrun for example_task_group to 2025-01-31T02:58:25.106233+00:00, run_after=2025-02-01T02:58:25.106233+00:00
[2025-02-01T02:58:25.351+0000] {processor.py:175} INFO - Processing /home/airflow/.local/lib/python3.7/site-packages/airflow/example_dags/example_task_group.py took 1.317 seconds
[2025-02-01T02:58:56.117+0000] {processor.py:153} INFO - Started process (PID=2095) to work on /home/airflow/.local/lib/python3.7/site-packages/airflow/example_dags/example_task_group.py
[2025-02-01T02:58:56.121+0000] {processor.py:743} INFO - Processing file /home/airflow/.local/lib/python3.7/site-packages/airflow/example_dags/example_task_group.py for tasks to queue
[2025-02-01T02:58:56.125+0000] {logging_mixin.py:137} INFO - [2025-02-01T02:58:56.123+0000] {dagbag.py:538} INFO - Filling up the DagBag from /home/airflow/.local/lib/python3.7/site-packages/airflow/example_dags/example_task_group.py
[2025-02-01T02:58:56.346+0000] {processor.py:753} INFO - DAG(s) dict_keys(['example_task_group']) retrieved from /home/airflow/.local/lib/python3.7/site-packages/airflow/example_dags/example_task_group.py
[2025-02-01T02:58:56.603+0000] {logging_mixin.py:137} INFO - [2025-02-01T02:58:56.600+0000] {dag.py:2690} INFO - Sync 1 DAGs
[2025-02-01T02:58:56.806+0000] {logging_mixin.py:137} INFO - [2025-02-01T02:58:56.805+0000] {dag.py:3441} INFO - Setting next_dagrun for example_task_group to 2025-01-31T02:58:56.805253+00:00, run_after=2025-02-01T02:58:56.805253+00:00
[2025-02-01T02:58:56.958+0000] {processor.py:175} INFO - Processing /home/airflow/.local/lib/python3.7/site-packages/airflow/example_dags/example_task_group.py took 0.882 seconds
[2025-02-01T02:59:27.401+0000] {processor.py:153} INFO - Started process (PID=2153) to work on /home/airflow/.local/lib/python3.7/site-packages/airflow/example_dags/example_task_group.py
[2025-02-01T02:59:27.403+0000] {processor.py:743} INFO - Processing file /home/airflow/.local/lib/python3.7/site-packages/airflow/example_dags/example_task_group.py for tasks to queue
[2025-02-01T02:59:27.405+0000] {logging_mixin.py:137} INFO - [2025-02-01T02:59:27.404+0000] {dagbag.py:538} INFO - Filling up the DagBag from /home/airflow/.local/lib/python3.7/site-packages/airflow/example_dags/example_task_group.py
[2025-02-01T02:59:27.444+0000] {processor.py:753} INFO - DAG(s) dict_keys(['example_task_group']) retrieved from /home/airflow/.local/lib/python3.7/site-packages/airflow/example_dags/example_task_group.py
[2025-02-01T02:59:27.506+0000] {logging_mixin.py:137} INFO - [2025-02-01T02:59:27.506+0000] {dag.py:2690} INFO - Sync 1 DAGs
[2025-02-01T02:59:27.570+0000] {logging_mixin.py:137} INFO - [2025-02-01T02:59:27.569+0000] {dag.py:3441} INFO - Setting next_dagrun for example_task_group to 2025-01-31T02:59:27.569127+00:00, run_after=2025-02-01T02:59:27.569127+00:00
[2025-02-01T02:59:27.616+0000] {processor.py:175} INFO - Processing /home/airflow/.local/lib/python3.7/site-packages/airflow/example_dags/example_task_group.py took 0.223 seconds
[2025-02-01T02:59:57.872+0000] {processor.py:153} INFO - Started process (PID=2212) to work on /home/airflow/.local/lib/python3.7/site-packages/airflow/example_dags/example_task_group.py
[2025-02-01T02:59:57.874+0000] {processor.py:743} INFO - Processing file /home/airflow/.local/lib/python3.7/site-packages/airflow/example_dags/example_task_group.py for tasks to queue
[2025-02-01T02:59:57.880+0000] {logging_mixin.py:137} INFO - [2025-02-01T02:59:57.875+0000] {dagbag.py:538} INFO - Filling up the DagBag from /home/airflow/.local/lib/python3.7/site-packages/airflow/example_dags/example_task_group.py
[2025-02-01T02:59:57.965+0000] {processor.py:753} INFO - DAG(s) dict_keys(['example_task_group']) retrieved from /home/airflow/.local/lib/python3.7/site-packages/airflow/example_dags/example_task_group.py
[2025-02-01T02:59:58.087+0000] {logging_mixin.py:137} INFO - [2025-02-01T02:59:58.086+0000] {dag.py:2690} INFO - Sync 1 DAGs
[2025-02-01T02:59:58.237+0000] {logging_mixin.py:137} INFO - [2025-02-01T02:59:58.237+0000] {dag.py:3441} INFO - Setting next_dagrun for example_task_group to 2025-01-31T02:59:58.234660+00:00, run_after=2025-02-01T02:59:58.234660+00:00
[2025-02-01T02:59:58.334+0000] {processor.py:175} INFO - Processing /home/airflow/.local/lib/python3.7/site-packages/airflow/example_dags/example_task_group.py took 0.478 seconds
[2025-02-01T03:00:28.910+0000] {processor.py:153} INFO - Started process (PID=2261) to work on /home/airflow/.local/lib/python3.7/site-packages/airflow/example_dags/example_task_group.py
[2025-02-01T03:00:28.920+0000] {processor.py:743} INFO - Processing file /home/airflow/.local/lib/python3.7/site-packages/airflow/example_dags/example_task_group.py for tasks to queue
[2025-02-01T03:00:28.927+0000] {logging_mixin.py:137} INFO - [2025-02-01T03:00:28.927+0000] {dagbag.py:538} INFO - Filling up the DagBag from /home/airflow/.local/lib/python3.7/site-packages/airflow/example_dags/example_task_group.py
[2025-02-01T03:00:29.071+0000] {processor.py:753} INFO - DAG(s) dict_keys(['example_task_group']) retrieved from /home/airflow/.local/lib/python3.7/site-packages/airflow/example_dags/example_task_group.py
[2025-02-01T03:00:29.256+0000] {logging_mixin.py:137} INFO - [2025-02-01T03:00:29.255+0000] {dag.py:2690} INFO - Sync 1 DAGs
[2025-02-01T03:00:29.524+0000] {logging_mixin.py:137} INFO - [2025-02-01T03:00:29.523+0000] {dag.py:3441} INFO - Setting next_dagrun for example_task_group to 2025-01-31T03:00:29.523189+00:00, run_after=2025-02-01T03:00:29.523189+00:00
[2025-02-01T03:00:29.669+0000] {processor.py:175} INFO - Processing /home/airflow/.local/lib/python3.7/site-packages/airflow/example_dags/example_task_group.py took 0.793 seconds
[2025-02-01T03:01:00.057+0000] {processor.py:153} INFO - Started process (PID=2320) to work on /home/airflow/.local/lib/python3.7/site-packages/airflow/example_dags/example_task_group.py
[2025-02-01T03:01:00.060+0000] {processor.py:743} INFO - Processing file /home/airflow/.local/lib/python3.7/site-packages/airflow/example_dags/example_task_group.py for tasks to queue
[2025-02-01T03:01:00.065+0000] {logging_mixin.py:137} INFO - [2025-02-01T03:01:00.062+0000] {dagbag.py:538} INFO - Filling up the DagBag from /home/airflow/.local/lib/python3.7/site-packages/airflow/example_dags/example_task_group.py
[2025-02-01T03:01:00.159+0000] {processor.py:753} INFO - DAG(s) dict_keys(['example_task_group']) retrieved from /home/airflow/.local/lib/python3.7/site-packages/airflow/example_dags/example_task_group.py
[2025-02-01T03:01:00.337+0000] {logging_mixin.py:137} INFO - [2025-02-01T03:01:00.337+0000] {dag.py:2690} INFO - Sync 1 DAGs
[2025-02-01T03:01:00.416+0000] {logging_mixin.py:137} INFO - [2025-02-01T03:01:00.416+0000] {dag.py:3441} INFO - Setting next_dagrun for example_task_group to 2025-01-31T03:01:00.415580+00:00, run_after=2025-02-01T03:01:00.415580+00:00
[2025-02-01T03:01:00.509+0000] {processor.py:175} INFO - Processing /home/airflow/.local/lib/python3.7/site-packages/airflow/example_dags/example_task_group.py took 0.465 seconds
[2025-02-01T03:01:30.581+0000] {processor.py:153} INFO - Started process (PID=2379) to work on /home/airflow/.local/lib/python3.7/site-packages/airflow/example_dags/example_task_group.py
[2025-02-01T03:01:30.582+0000] {processor.py:743} INFO - Processing file /home/airflow/.local/lib/python3.7/site-packages/airflow/example_dags/example_task_group.py for tasks to queue
[2025-02-01T03:01:30.584+0000] {logging_mixin.py:137} INFO - [2025-02-01T03:01:30.584+0000] {dagbag.py:538} INFO - Filling up the DagBag from /home/airflow/.local/lib/python3.7/site-packages/airflow/example_dags/example_task_group.py
[2025-02-01T03:01:30.621+0000] {processor.py:753} INFO - DAG(s) dict_keys(['example_task_group']) retrieved from /home/airflow/.local/lib/python3.7/site-packages/airflow/example_dags/example_task_group.py
[2025-02-01T03:01:30.683+0000] {logging_mixin.py:137} INFO - [2025-02-01T03:01:30.683+0000] {dag.py:2690} INFO - Sync 1 DAGs
[2025-02-01T03:01:30.750+0000] {logging_mixin.py:137} INFO - [2025-02-01T03:01:30.750+0000] {dag.py:3441} INFO - Setting next_dagrun for example_task_group to 2025-01-31T03:01:30.749997+00:00, run_after=2025-02-01T03:01:30.749997+00:00
[2025-02-01T03:01:30.801+0000] {processor.py:175} INFO - Processing /home/airflow/.local/lib/python3.7/site-packages/airflow/example_dags/example_task_group.py took 0.230 seconds
[2025-02-01T03:02:01.630+0000] {processor.py:153} INFO - Started process (PID=2437) to work on /home/airflow/.local/lib/python3.7/site-packages/airflow/example_dags/example_task_group.py
[2025-02-01T03:02:01.632+0000] {processor.py:743} INFO - Processing file /home/airflow/.local/lib/python3.7/site-packages/airflow/example_dags/example_task_group.py for tasks to queue
[2025-02-01T03:02:01.635+0000] {logging_mixin.py:137} INFO - [2025-02-01T03:02:01.635+0000] {dagbag.py:538} INFO - Filling up the DagBag from /home/airflow/.local/lib/python3.7/site-packages/airflow/example_dags/example_task_group.py
[2025-02-01T03:02:01.714+0000] {processor.py:753} INFO - DAG(s) dict_keys(['example_task_group']) retrieved from /home/airflow/.local/lib/python3.7/site-packages/airflow/example_dags/example_task_group.py
[2025-02-01T03:02:01.789+0000] {logging_mixin.py:137} INFO - [2025-02-01T03:02:01.788+0000] {dag.py:2690} INFO - Sync 1 DAGs
[2025-02-01T03:02:01.859+0000] {logging_mixin.py:137} INFO - [2025-02-01T03:02:01.859+0000] {dag.py:3441} INFO - Setting next_dagrun for example_task_group to 2025-01-31T03:02:01.858834+00:00, run_after=2025-02-01T03:02:01.858834+00:00
[2025-02-01T03:02:01.947+0000] {processor.py:175} INFO - Processing /home/airflow/.local/lib/python3.7/site-packages/airflow/example_dags/example_task_group.py took 0.325 seconds
[2025-02-01T03:02:32.355+0000] {processor.py:153} INFO - Started process (PID=2495) to work on /home/airflow/.local/lib/python3.7/site-packages/airflow/example_dags/example_task_group.py
[2025-02-01T03:02:32.359+0000] {processor.py:743} INFO - Processing file /home/airflow/.local/lib/python3.7/site-packages/airflow/example_dags/example_task_group.py for tasks to queue
[2025-02-01T03:02:32.360+0000] {logging_mixin.py:137} INFO - [2025-02-01T03:02:32.360+0000] {dagbag.py:538} INFO - Filling up the DagBag from /home/airflow/.local/lib/python3.7/site-packages/airflow/example_dags/example_task_group.py
[2025-02-01T03:02:32.415+0000] {processor.py:753} INFO - DAG(s) dict_keys(['example_task_group']) retrieved from /home/airflow/.local/lib/python3.7/site-packages/airflow/example_dags/example_task_group.py
[2025-02-01T03:02:32.480+0000] {logging_mixin.py:137} INFO - [2025-02-01T03:02:32.479+0000] {dag.py:2690} INFO - Sync 1 DAGs
[2025-02-01T03:02:32.545+0000] {logging_mixin.py:137} INFO - [2025-02-01T03:02:32.545+0000] {dag.py:3441} INFO - Setting next_dagrun for example_task_group to 2025-01-31T03:02:32.544550+00:00, run_after=2025-02-01T03:02:32.544550+00:00
[2025-02-01T03:02:32.613+0000] {processor.py:175} INFO - Processing /home/airflow/.local/lib/python3.7/site-packages/airflow/example_dags/example_task_group.py took 0.274 seconds
[2025-02-01T03:03:03.276+0000] {processor.py:153} INFO - Started process (PID=2545) to work on /home/airflow/.local/lib/python3.7/site-packages/airflow/example_dags/example_task_group.py
[2025-02-01T03:03:03.278+0000] {processor.py:743} INFO - Processing file /home/airflow/.local/lib/python3.7/site-packages/airflow/example_dags/example_task_group.py for tasks to queue
[2025-02-01T03:03:03.279+0000] {logging_mixin.py:137} INFO - [2025-02-01T03:03:03.279+0000] {dagbag.py:538} INFO - Filling up the DagBag from /home/airflow/.local/lib/python3.7/site-packages/airflow/example_dags/example_task_group.py
[2025-02-01T03:03:03.316+0000] {processor.py:753} INFO - DAG(s) dict_keys(['example_task_group']) retrieved from /home/airflow/.local/lib/python3.7/site-packages/airflow/example_dags/example_task_group.py
[2025-02-01T03:03:03.373+0000] {logging_mixin.py:137} INFO - [2025-02-01T03:03:03.373+0000] {dag.py:2690} INFO - Sync 1 DAGs
[2025-02-01T03:03:03.441+0000] {logging_mixin.py:137} INFO - [2025-02-01T03:03:03.441+0000] {dag.py:3441} INFO - Setting next_dagrun for example_task_group to 2025-01-31T03:03:03.440863+00:00, run_after=2025-02-01T03:03:03.440863+00:00
[2025-02-01T03:03:03.495+0000] {processor.py:175} INFO - Processing /home/airflow/.local/lib/python3.7/site-packages/airflow/example_dags/example_task_group.py took 0.227 seconds
[2025-02-01T03:03:36.112+0000] {processor.py:153} INFO - Started process (PID=2604) to work on /home/airflow/.local/lib/python3.7/site-packages/airflow/example_dags/example_task_group.py
[2025-02-01T03:03:36.115+0000] {processor.py:743} INFO - Processing file /home/airflow/.local/lib/python3.7/site-packages/airflow/example_dags/example_task_group.py for tasks to queue
[2025-02-01T03:03:36.119+0000] {logging_mixin.py:137} INFO - [2025-02-01T03:03:36.119+0000] {dagbag.py:538} INFO - Filling up the DagBag from /home/airflow/.local/lib/python3.7/site-packages/airflow/example_dags/example_task_group.py
[2025-02-01T03:03:36.279+0000] {processor.py:753} INFO - DAG(s) dict_keys(['example_task_group']) retrieved from /home/airflow/.local/lib/python3.7/site-packages/airflow/example_dags/example_task_group.py
[2025-02-01T03:03:36.432+0000] {logging_mixin.py:137} INFO - [2025-02-01T03:03:36.432+0000] {dag.py:2690} INFO - Sync 1 DAGs
[2025-02-01T03:03:36.604+0000] {logging_mixin.py:137} INFO - [2025-02-01T03:03:36.600+0000] {dag.py:3441} INFO - Setting next_dagrun for example_task_group to 2025-01-31T03:03:36.600338+00:00, run_after=2025-02-01T03:03:36.600338+00:00
[2025-02-01T03:03:36.745+0000] {processor.py:175} INFO - Processing /home/airflow/.local/lib/python3.7/site-packages/airflow/example_dags/example_task_group.py took 0.683 seconds
[2025-02-01T03:04:08.031+0000] {processor.py:153} INFO - Started process (PID=2660) to work on /home/airflow/.local/lib/python3.7/site-packages/airflow/example_dags/example_task_group.py
[2025-02-01T03:04:08.038+0000] {processor.py:743} INFO - Processing file /home/airflow/.local/lib/python3.7/site-packages/airflow/example_dags/example_task_group.py for tasks to queue
[2025-02-01T03:04:08.046+0000] {logging_mixin.py:137} INFO - [2025-02-01T03:04:08.039+0000] {dagbag.py:538} INFO - Filling up the DagBag from /home/airflow/.local/lib/python3.7/site-packages/airflow/example_dags/example_task_group.py
[2025-02-01T03:04:08.236+0000] {processor.py:753} INFO - DAG(s) dict_keys(['example_task_group']) retrieved from /home/airflow/.local/lib/python3.7/site-packages/airflow/example_dags/example_task_group.py
[2025-02-01T03:04:08.478+0000] {logging_mixin.py:137} INFO - [2025-02-01T03:04:08.478+0000] {dag.py:2690} INFO - Sync 1 DAGs
[2025-02-01T03:04:08.846+0000] {logging_mixin.py:137} INFO - [2025-02-01T03:04:08.845+0000] {dag.py:3441} INFO - Setting next_dagrun for example_task_group to 2025-01-31T03:04:08.845212+00:00, run_after=2025-02-01T03:04:08.845212+00:00
[2025-02-01T03:04:09.083+0000] {processor.py:175} INFO - Processing /home/airflow/.local/lib/python3.7/site-packages/airflow/example_dags/example_task_group.py took 1.089 seconds
[2025-02-01T03:04:39.353+0000] {processor.py:153} INFO - Started process (PID=2711) to work on /home/airflow/.local/lib/python3.7/site-packages/airflow/example_dags/example_task_group.py
[2025-02-01T03:04:39.355+0000] {processor.py:743} INFO - Processing file /home/airflow/.local/lib/python3.7/site-packages/airflow/example_dags/example_task_group.py for tasks to queue
[2025-02-01T03:04:39.357+0000] {logging_mixin.py:137} INFO - [2025-02-01T03:04:39.357+0000] {dagbag.py:538} INFO - Filling up the DagBag from /home/airflow/.local/lib/python3.7/site-packages/airflow/example_dags/example_task_group.py
[2025-02-01T03:04:39.395+0000] {processor.py:753} INFO - DAG(s) dict_keys(['example_task_group']) retrieved from /home/airflow/.local/lib/python3.7/site-packages/airflow/example_dags/example_task_group.py
[2025-02-01T03:04:39.453+0000] {logging_mixin.py:137} INFO - [2025-02-01T03:04:39.453+0000] {dag.py:2690} INFO - Sync 1 DAGs
[2025-02-01T03:04:39.519+0000] {logging_mixin.py:137} INFO - [2025-02-01T03:04:39.519+0000] {dag.py:3441} INFO - Setting next_dagrun for example_task_group to 2025-01-31T03:04:39.518690+00:00, run_after=2025-02-01T03:04:39.518690+00:00
[2025-02-01T03:04:39.571+0000] {processor.py:175} INFO - Processing /home/airflow/.local/lib/python3.7/site-packages/airflow/example_dags/example_task_group.py took 0.226 seconds
[2025-02-01T03:05:10.067+0000] {processor.py:153} INFO - Started process (PID=2770) to work on /home/airflow/.local/lib/python3.7/site-packages/airflow/example_dags/example_task_group.py
[2025-02-01T03:05:10.069+0000] {processor.py:743} INFO - Processing file /home/airflow/.local/lib/python3.7/site-packages/airflow/example_dags/example_task_group.py for tasks to queue
[2025-02-01T03:05:10.071+0000] {logging_mixin.py:137} INFO - [2025-02-01T03:05:10.070+0000] {dagbag.py:538} INFO - Filling up the DagBag from /home/airflow/.local/lib/python3.7/site-packages/airflow/example_dags/example_task_group.py
[2025-02-01T03:05:10.112+0000] {processor.py:753} INFO - DAG(s) dict_keys(['example_task_group']) retrieved from /home/airflow/.local/lib/python3.7/site-packages/airflow/example_dags/example_task_group.py
[2025-02-01T03:05:10.186+0000] {logging_mixin.py:137} INFO - [2025-02-01T03:05:10.186+0000] {dag.py:2690} INFO - Sync 1 DAGs
[2025-02-01T03:05:10.254+0000] {logging_mixin.py:137} INFO - [2025-02-01T03:05:10.253+0000] {dag.py:3441} INFO - Setting next_dagrun for example_task_group to 2025-01-31T03:05:10.253429+00:00, run_after=2025-02-01T03:05:10.253429+00:00
[2025-02-01T03:05:10.307+0000] {processor.py:175} INFO - Processing /home/airflow/.local/lib/python3.7/site-packages/airflow/example_dags/example_task_group.py took 0.249 seconds
[2025-02-01T03:05:41.096+0000] {processor.py:153} INFO - Started process (PID=2829) to work on /home/airflow/.local/lib/python3.7/site-packages/airflow/example_dags/example_task_group.py
[2025-02-01T03:05:41.102+0000] {processor.py:743} INFO - Processing file /home/airflow/.local/lib/python3.7/site-packages/airflow/example_dags/example_task_group.py for tasks to queue
[2025-02-01T03:05:41.108+0000] {logging_mixin.py:137} INFO - [2025-02-01T03:05:41.104+0000] {dagbag.py:538} INFO - Filling up the DagBag from /home/airflow/.local/lib/python3.7/site-packages/airflow/example_dags/example_task_group.py
[2025-02-01T03:05:41.280+0000] {processor.py:753} INFO - DAG(s) dict_keys(['example_task_group']) retrieved from /home/airflow/.local/lib/python3.7/site-packages/airflow/example_dags/example_task_group.py
[2025-02-01T03:05:41.551+0000] {logging_mixin.py:137} INFO - [2025-02-01T03:05:41.551+0000] {dag.py:2690} INFO - Sync 1 DAGs
[2025-02-01T03:05:41.767+0000] {logging_mixin.py:137} INFO - [2025-02-01T03:05:41.767+0000] {dag.py:3441} INFO - Setting next_dagrun for example_task_group to 2025-01-31T03:05:41.766894+00:00, run_after=2025-02-01T03:05:41.766894+00:00
[2025-02-01T03:05:41.912+0000] {processor.py:175} INFO - Processing /home/airflow/.local/lib/python3.7/site-packages/airflow/example_dags/example_task_group.py took 0.832 seconds
[2025-02-01T03:06:12.127+0000] {processor.py:153} INFO - Started process (PID=2878) to work on /home/airflow/.local/lib/python3.7/site-packages/airflow/example_dags/example_task_group.py
[2025-02-01T03:06:12.128+0000] {processor.py:743} INFO - Processing file /home/airflow/.local/lib/python3.7/site-packages/airflow/example_dags/example_task_group.py for tasks to queue
[2025-02-01T03:06:12.130+0000] {logging_mixin.py:137} INFO - [2025-02-01T03:06:12.129+0000] {dagbag.py:538} INFO - Filling up the DagBag from /home/airflow/.local/lib/python3.7/site-packages/airflow/example_dags/example_task_group.py
[2025-02-01T03:06:12.168+0000] {processor.py:753} INFO - DAG(s) dict_keys(['example_task_group']) retrieved from /home/airflow/.local/lib/python3.7/site-packages/airflow/example_dags/example_task_group.py
[2025-02-01T03:06:12.228+0000] {logging_mixin.py:137} INFO - [2025-02-01T03:06:12.227+0000] {dag.py:2690} INFO - Sync 1 DAGs
[2025-02-01T03:06:12.305+0000] {logging_mixin.py:137} INFO - [2025-02-01T03:06:12.304+0000] {dag.py:3441} INFO - Setting next_dagrun for example_task_group to 2025-01-31T03:06:12.304287+00:00, run_after=2025-02-01T03:06:12.304287+00:00
[2025-02-01T03:06:12.384+0000] {processor.py:175} INFO - Processing /home/airflow/.local/lib/python3.7/site-packages/airflow/example_dags/example_task_group.py took 0.269 seconds
[2025-02-01T03:06:43.066+0000] {processor.py:153} INFO - Started process (PID=2937) to work on /home/airflow/.local/lib/python3.7/site-packages/airflow/example_dags/example_task_group.py
[2025-02-01T03:06:43.072+0000] {processor.py:743} INFO - Processing file /home/airflow/.local/lib/python3.7/site-packages/airflow/example_dags/example_task_group.py for tasks to queue
[2025-02-01T03:06:43.074+0000] {logging_mixin.py:137} INFO - [2025-02-01T03:06:43.074+0000] {dagbag.py:538} INFO - Filling up the DagBag from /home/airflow/.local/lib/python3.7/site-packages/airflow/example_dags/example_task_group.py
[2025-02-01T03:06:43.121+0000] {processor.py:753} INFO - DAG(s) dict_keys(['example_task_group']) retrieved from /home/airflow/.local/lib/python3.7/site-packages/airflow/example_dags/example_task_group.py
[2025-02-01T03:06:43.181+0000] {logging_mixin.py:137} INFO - [2025-02-01T03:06:43.181+0000] {dag.py:2690} INFO - Sync 1 DAGs
[2025-02-01T03:06:43.264+0000] {logging_mixin.py:137} INFO - [2025-02-01T03:06:43.263+0000] {dag.py:3441} INFO - Setting next_dagrun for example_task_group to 2025-01-31T03:06:43.263355+00:00, run_after=2025-02-01T03:06:43.263355+00:00
[2025-02-01T03:06:43.366+0000] {processor.py:175} INFO - Processing /home/airflow/.local/lib/python3.7/site-packages/airflow/example_dags/example_task_group.py took 0.315 seconds
[2025-02-01T03:07:13.691+0000] {processor.py:153} INFO - Started process (PID=2996) to work on /home/airflow/.local/lib/python3.7/site-packages/airflow/example_dags/example_task_group.py
[2025-02-01T03:07:13.697+0000] {processor.py:743} INFO - Processing file /home/airflow/.local/lib/python3.7/site-packages/airflow/example_dags/example_task_group.py for tasks to queue
[2025-02-01T03:07:13.708+0000] {logging_mixin.py:137} INFO - [2025-02-01T03:07:13.702+0000] {dagbag.py:538} INFO - Filling up the DagBag from /home/airflow/.local/lib/python3.7/site-packages/airflow/example_dags/example_task_group.py
[2025-02-01T03:07:13.889+0000] {processor.py:753} INFO - DAG(s) dict_keys(['example_task_group']) retrieved from /home/airflow/.local/lib/python3.7/site-packages/airflow/example_dags/example_task_group.py
[2025-02-01T03:07:14.167+0000] {logging_mixin.py:137} INFO - [2025-02-01T03:07:14.167+0000] {dag.py:2690} INFO - Sync 1 DAGs
[2025-02-01T03:07:14.561+0000] {logging_mixin.py:137} INFO - [2025-02-01T03:07:14.561+0000] {dag.py:3441} INFO - Setting next_dagrun for example_task_group to 2025-01-31T03:07:14.553291+00:00, run_after=2025-02-01T03:07:14.553291+00:00
[2025-02-01T03:07:14.812+0000] {processor.py:175} INFO - Processing /home/airflow/.local/lib/python3.7/site-packages/airflow/example_dags/example_task_group.py took 1.176 seconds
[2025-02-01T03:07:45.005+0000] {processor.py:153} INFO - Started process (PID=3045) to work on /home/airflow/.local/lib/python3.7/site-packages/airflow/example_dags/example_task_group.py
[2025-02-01T03:07:45.007+0000] {processor.py:743} INFO - Processing file /home/airflow/.local/lib/python3.7/site-packages/airflow/example_dags/example_task_group.py for tasks to queue
[2025-02-01T03:07:45.009+0000] {logging_mixin.py:137} INFO - [2025-02-01T03:07:45.008+0000] {dagbag.py:538} INFO - Filling up the DagBag from /home/airflow/.local/lib/python3.7/site-packages/airflow/example_dags/example_task_group.py
[2025-02-01T03:07:45.047+0000] {processor.py:753} INFO - DAG(s) dict_keys(['example_task_group']) retrieved from /home/airflow/.local/lib/python3.7/site-packages/airflow/example_dags/example_task_group.py
[2025-02-01T03:07:45.106+0000] {logging_mixin.py:137} INFO - [2025-02-01T03:07:45.106+0000] {dag.py:2690} INFO - Sync 1 DAGs
[2025-02-01T03:07:45.169+0000] {logging_mixin.py:137} INFO - [2025-02-01T03:07:45.168+0000] {dag.py:3441} INFO - Setting next_dagrun for example_task_group to 2025-01-31T03:07:45.168435+00:00, run_after=2025-02-01T03:07:45.168435+00:00
[2025-02-01T03:07:45.215+0000] {processor.py:175} INFO - Processing /home/airflow/.local/lib/python3.7/site-packages/airflow/example_dags/example_task_group.py took 0.217 seconds
[2025-02-01T03:08:15.604+0000] {processor.py:153} INFO - Started process (PID=3103) to work on /home/airflow/.local/lib/python3.7/site-packages/airflow/example_dags/example_task_group.py
[2025-02-01T03:08:15.605+0000] {processor.py:743} INFO - Processing file /home/airflow/.local/lib/python3.7/site-packages/airflow/example_dags/example_task_group.py for tasks to queue
[2025-02-01T03:08:15.610+0000] {logging_mixin.py:137} INFO - [2025-02-01T03:08:15.608+0000] {dagbag.py:538} INFO - Filling up the DagBag from /home/airflow/.local/lib/python3.7/site-packages/airflow/example_dags/example_task_group.py
[2025-02-01T03:08:15.680+0000] {processor.py:753} INFO - DAG(s) dict_keys(['example_task_group']) retrieved from /home/airflow/.local/lib/python3.7/site-packages/airflow/example_dags/example_task_group.py
[2025-02-01T03:08:15.737+0000] {logging_mixin.py:137} INFO - [2025-02-01T03:08:15.737+0000] {dag.py:2690} INFO - Sync 1 DAGs
[2025-02-01T03:08:15.801+0000] {logging_mixin.py:137} INFO - [2025-02-01T03:08:15.800+0000] {dag.py:3441} INFO - Setting next_dagrun for example_task_group to 2025-01-31T03:08:15.800173+00:00, run_after=2025-02-01T03:08:15.800173+00:00
[2025-02-01T03:08:15.848+0000] {processor.py:175} INFO - Processing /home/airflow/.local/lib/python3.7/site-packages/airflow/example_dags/example_task_group.py took 0.256 seconds
[2025-02-01T03:08:46.422+0000] {processor.py:153} INFO - Started process (PID=3161) to work on /home/airflow/.local/lib/python3.7/site-packages/airflow/example_dags/example_task_group.py
[2025-02-01T03:08:46.424+0000] {processor.py:743} INFO - Processing file /home/airflow/.local/lib/python3.7/site-packages/airflow/example_dags/example_task_group.py for tasks to queue
[2025-02-01T03:08:46.426+0000] {logging_mixin.py:137} INFO - [2025-02-01T03:08:46.425+0000] {dagbag.py:538} INFO - Filling up the DagBag from /home/airflow/.local/lib/python3.7/site-packages/airflow/example_dags/example_task_group.py
[2025-02-01T03:08:46.495+0000] {processor.py:753} INFO - DAG(s) dict_keys(['example_task_group']) retrieved from /home/airflow/.local/lib/python3.7/site-packages/airflow/example_dags/example_task_group.py
[2025-02-01T03:08:46.585+0000] {logging_mixin.py:137} INFO - [2025-02-01T03:08:46.585+0000] {dag.py:2690} INFO - Sync 1 DAGs
[2025-02-01T03:08:46.654+0000] {logging_mixin.py:137} INFO - [2025-02-01T03:08:46.653+0000] {dag.py:3441} INFO - Setting next_dagrun for example_task_group to 2025-01-31T03:08:46.653237+00:00, run_after=2025-02-01T03:08:46.653237+00:00
[2025-02-01T03:08:46.724+0000] {processor.py:175} INFO - Processing /home/airflow/.local/lib/python3.7/site-packages/airflow/example_dags/example_task_group.py took 0.320 seconds
[2025-02-01T03:09:17.031+0000] {processor.py:153} INFO - Started process (PID=3219) to work on /home/airflow/.local/lib/python3.7/site-packages/airflow/example_dags/example_task_group.py
[2025-02-01T03:09:17.032+0000] {processor.py:743} INFO - Processing file /home/airflow/.local/lib/python3.7/site-packages/airflow/example_dags/example_task_group.py for tasks to queue
[2025-02-01T03:09:17.036+0000] {logging_mixin.py:137} INFO - [2025-02-01T03:09:17.036+0000] {dagbag.py:538} INFO - Filling up the DagBag from /home/airflow/.local/lib/python3.7/site-packages/airflow/example_dags/example_task_group.py
[2025-02-01T03:09:17.146+0000] {processor.py:753} INFO - DAG(s) dict_keys(['example_task_group']) retrieved from /home/airflow/.local/lib/python3.7/site-packages/airflow/example_dags/example_task_group.py
[2025-02-01T03:09:17.235+0000] {logging_mixin.py:137} INFO - [2025-02-01T03:09:17.235+0000] {dag.py:2690} INFO - Sync 1 DAGs
[2025-02-01T03:09:17.301+0000] {logging_mixin.py:137} INFO - [2025-02-01T03:09:17.301+0000] {dag.py:3441} INFO - Setting next_dagrun for example_task_group to 2025-01-31T03:09:17.300599+00:00, run_after=2025-02-01T03:09:17.300599+00:00
[2025-02-01T03:09:17.368+0000] {processor.py:175} INFO - Processing /home/airflow/.local/lib/python3.7/site-packages/airflow/example_dags/example_task_group.py took 0.363 seconds
