[2025-02-01T02:40:34.189+0000] {processor.py:153} INFO - Started process (PID=96) to work on /home/airflow/.local/lib/python3.7/site-packages/airflow/example_dags/example_branch_labels.py
[2025-02-01T02:40:34.191+0000] {processor.py:743} INFO - Processing file /home/airflow/.local/lib/python3.7/site-packages/airflow/example_dags/example_branch_labels.py for tasks to queue
[2025-02-01T02:40:34.192+0000] {logging_mixin.py:137} INFO - [2025-02-01T02:40:34.192+0000] {dagbag.py:538} INFO - Filling up the DagBag from /home/airflow/.local/lib/python3.7/site-packages/airflow/example_dags/example_branch_labels.py
[2025-02-01T02:40:34.236+0000] {processor.py:753} INFO - DAG(s) dict_keys(['example_branch_labels']) retrieved from /home/airflow/.local/lib/python3.7/site-packages/airflow/example_dags/example_branch_labels.py
[2025-02-01T02:40:34.312+0000] {logging_mixin.py:137} INFO - [2025-02-01T02:40:34.312+0000] {dag.py:2690} INFO - Sync 1 DAGs
[2025-02-01T02:40:34.426+0000] {logging_mixin.py:137} INFO - [2025-02-01T02:40:34.423+0000] {dag.py:3441} INFO - Setting next_dagrun for example_branch_labels to 2025-01-31T00:00:00+00:00, run_after=2025-02-01T00:00:00+00:00
[2025-02-01T02:40:34.510+0000] {processor.py:175} INFO - Processing /home/airflow/.local/lib/python3.7/site-packages/airflow/example_dags/example_branch_labels.py took 0.329 seconds
[2025-02-01T02:41:07.659+0000] {processor.py:153} INFO - Started process (PID=154) to work on /home/airflow/.local/lib/python3.7/site-packages/airflow/example_dags/example_branch_labels.py
[2025-02-01T02:41:07.666+0000] {processor.py:743} INFO - Processing file /home/airflow/.local/lib/python3.7/site-packages/airflow/example_dags/example_branch_labels.py for tasks to queue
[2025-02-01T02:41:07.669+0000] {logging_mixin.py:137} INFO - [2025-02-01T02:41:07.669+0000] {dagbag.py:538} INFO - Filling up the DagBag from /home/airflow/.local/lib/python3.7/site-packages/airflow/example_dags/example_branch_labels.py
[2025-02-01T02:41:07.787+0000] {processor.py:753} INFO - DAG(s) dict_keys(['example_branch_labels']) retrieved from /home/airflow/.local/lib/python3.7/site-packages/airflow/example_dags/example_branch_labels.py
[2025-02-01T02:41:07.903+0000] {logging_mixin.py:137} INFO - [2025-02-01T02:41:07.902+0000] {dag.py:2690} INFO - Sync 1 DAGs
[2025-02-01T02:41:08.112+0000] {logging_mixin.py:137} INFO - [2025-02-01T02:41:08.112+0000] {dag.py:3441} INFO - Setting next_dagrun for example_branch_labels to 2025-01-31T00:00:00+00:00, run_after=2025-02-01T00:00:00+00:00
[2025-02-01T02:41:08.219+0000] {processor.py:175} INFO - Processing /home/airflow/.local/lib/python3.7/site-packages/airflow/example_dags/example_branch_labels.py took 0.586 seconds
[2025-02-01T02:41:38.764+0000] {processor.py:153} INFO - Started process (PID=203) to work on /home/airflow/.local/lib/python3.7/site-packages/airflow/example_dags/example_branch_labels.py
[2025-02-01T02:41:38.771+0000] {processor.py:743} INFO - Processing file /home/airflow/.local/lib/python3.7/site-packages/airflow/example_dags/example_branch_labels.py for tasks to queue
[2025-02-01T02:41:38.778+0000] {logging_mixin.py:137} INFO - [2025-02-01T02:41:38.778+0000] {dagbag.py:538} INFO - Filling up the DagBag from /home/airflow/.local/lib/python3.7/site-packages/airflow/example_dags/example_branch_labels.py
[2025-02-01T02:41:38.907+0000] {processor.py:753} INFO - DAG(s) dict_keys(['example_branch_labels']) retrieved from /home/airflow/.local/lib/python3.7/site-packages/airflow/example_dags/example_branch_labels.py
[2025-02-01T02:41:39.109+0000] {logging_mixin.py:137} INFO - [2025-02-01T02:41:39.108+0000] {dag.py:2690} INFO - Sync 1 DAGs
[2025-02-01T02:41:39.320+0000] {logging_mixin.py:137} INFO - [2025-02-01T02:41:39.316+0000] {dag.py:3441} INFO - Setting next_dagrun for example_branch_labels to 2025-01-31T00:00:00+00:00, run_after=2025-02-01T00:00:00+00:00
[2025-02-01T02:41:39.454+0000] {processor.py:175} INFO - Processing /home/airflow/.local/lib/python3.7/site-packages/airflow/example_dags/example_branch_labels.py took 0.713 seconds
[2025-02-01T02:42:09.799+0000] {processor.py:153} INFO - Started process (PID=263) to work on /home/airflow/.local/lib/python3.7/site-packages/airflow/example_dags/example_branch_labels.py
[2025-02-01T02:42:09.801+0000] {processor.py:743} INFO - Processing file /home/airflow/.local/lib/python3.7/site-packages/airflow/example_dags/example_branch_labels.py for tasks to queue
[2025-02-01T02:42:09.803+0000] {logging_mixin.py:137} INFO - [2025-02-01T02:42:09.803+0000] {dagbag.py:538} INFO - Filling up the DagBag from /home/airflow/.local/lib/python3.7/site-packages/airflow/example_dags/example_branch_labels.py
[2025-02-01T02:42:09.839+0000] {processor.py:753} INFO - DAG(s) dict_keys(['example_branch_labels']) retrieved from /home/airflow/.local/lib/python3.7/site-packages/airflow/example_dags/example_branch_labels.py
[2025-02-01T02:42:09.901+0000] {logging_mixin.py:137} INFO - [2025-02-01T02:42:09.900+0000] {dag.py:2690} INFO - Sync 1 DAGs
[2025-02-01T02:42:09.970+0000] {logging_mixin.py:137} INFO - [2025-02-01T02:42:09.970+0000] {dag.py:3441} INFO - Setting next_dagrun for example_branch_labels to 2025-01-31T00:00:00+00:00, run_after=2025-02-01T00:00:00+00:00
[2025-02-01T02:42:10.021+0000] {processor.py:175} INFO - Processing /home/airflow/.local/lib/python3.7/site-packages/airflow/example_dags/example_branch_labels.py took 0.231 seconds
[2025-02-01T02:42:40.209+0000] {processor.py:153} INFO - Started process (PID=323) to work on /home/airflow/.local/lib/python3.7/site-packages/airflow/example_dags/example_branch_labels.py
[2025-02-01T02:42:40.210+0000] {processor.py:743} INFO - Processing file /home/airflow/.local/lib/python3.7/site-packages/airflow/example_dags/example_branch_labels.py for tasks to queue
[2025-02-01T02:42:40.212+0000] {logging_mixin.py:137} INFO - [2025-02-01T02:42:40.212+0000] {dagbag.py:538} INFO - Filling up the DagBag from /home/airflow/.local/lib/python3.7/site-packages/airflow/example_dags/example_branch_labels.py
[2025-02-01T02:42:40.246+0000] {processor.py:753} INFO - DAG(s) dict_keys(['example_branch_labels']) retrieved from /home/airflow/.local/lib/python3.7/site-packages/airflow/example_dags/example_branch_labels.py
[2025-02-01T02:42:40.304+0000] {logging_mixin.py:137} INFO - [2025-02-01T02:42:40.304+0000] {dag.py:2690} INFO - Sync 1 DAGs
[2025-02-01T02:42:40.371+0000] {logging_mixin.py:137} INFO - [2025-02-01T02:42:40.371+0000] {dag.py:3441} INFO - Setting next_dagrun for example_branch_labels to 2025-01-31T00:00:00+00:00, run_after=2025-02-01T00:00:00+00:00
[2025-02-01T02:42:40.421+0000] {processor.py:175} INFO - Processing /home/airflow/.local/lib/python3.7/site-packages/airflow/example_dags/example_branch_labels.py took 0.220 seconds
[2025-02-01T02:43:10.658+0000] {processor.py:153} INFO - Started process (PID=380) to work on /home/airflow/.local/lib/python3.7/site-packages/airflow/example_dags/example_branch_labels.py
[2025-02-01T02:43:10.664+0000] {processor.py:743} INFO - Processing file /home/airflow/.local/lib/python3.7/site-packages/airflow/example_dags/example_branch_labels.py for tasks to queue
[2025-02-01T02:43:10.669+0000] {logging_mixin.py:137} INFO - [2025-02-01T02:43:10.666+0000] {dagbag.py:538} INFO - Filling up the DagBag from /home/airflow/.local/lib/python3.7/site-packages/airflow/example_dags/example_branch_labels.py
[2025-02-01T02:43:10.836+0000] {processor.py:753} INFO - DAG(s) dict_keys(['example_branch_labels']) retrieved from /home/airflow/.local/lib/python3.7/site-packages/airflow/example_dags/example_branch_labels.py
[2025-02-01T02:43:11.050+0000] {logging_mixin.py:137} INFO - [2025-02-01T02:43:11.049+0000] {dag.py:2690} INFO - Sync 1 DAGs
[2025-02-01T02:43:11.301+0000] {logging_mixin.py:137} INFO - [2025-02-01T02:43:11.295+0000] {dag.py:3441} INFO - Setting next_dagrun for example_branch_labels to 2025-01-31T00:00:00+00:00, run_after=2025-02-01T00:00:00+00:00
[2025-02-01T02:43:11.484+0000] {processor.py:175} INFO - Processing /home/airflow/.local/lib/python3.7/site-packages/airflow/example_dags/example_branch_labels.py took 0.850 seconds
[2025-02-01T02:43:42.032+0000] {processor.py:153} INFO - Started process (PID=430) to work on /home/airflow/.local/lib/python3.7/site-packages/airflow/example_dags/example_branch_labels.py
[2025-02-01T02:43:42.034+0000] {processor.py:743} INFO - Processing file /home/airflow/.local/lib/python3.7/site-packages/airflow/example_dags/example_branch_labels.py for tasks to queue
[2025-02-01T02:43:42.035+0000] {logging_mixin.py:137} INFO - [2025-02-01T02:43:42.035+0000] {dagbag.py:538} INFO - Filling up the DagBag from /home/airflow/.local/lib/python3.7/site-packages/airflow/example_dags/example_branch_labels.py
[2025-02-01T02:43:42.073+0000] {processor.py:753} INFO - DAG(s) dict_keys(['example_branch_labels']) retrieved from /home/airflow/.local/lib/python3.7/site-packages/airflow/example_dags/example_branch_labels.py
[2025-02-01T02:43:42.135+0000] {logging_mixin.py:137} INFO - [2025-02-01T02:43:42.134+0000] {dag.py:2690} INFO - Sync 1 DAGs
[2025-02-01T02:43:42.255+0000] {logging_mixin.py:137} INFO - [2025-02-01T02:43:42.254+0000] {dag.py:3441} INFO - Setting next_dagrun for example_branch_labels to 2025-01-31T00:00:00+00:00, run_after=2025-02-01T00:00:00+00:00
[2025-02-01T02:43:42.349+0000] {processor.py:175} INFO - Processing /home/airflow/.local/lib/python3.7/site-packages/airflow/example_dags/example_branch_labels.py took 0.324 seconds
[2025-02-01T02:44:12.459+0000] {processor.py:153} INFO - Started process (PID=488) to work on /home/airflow/.local/lib/python3.7/site-packages/airflow/example_dags/example_branch_labels.py
[2025-02-01T02:44:12.461+0000] {processor.py:743} INFO - Processing file /home/airflow/.local/lib/python3.7/site-packages/airflow/example_dags/example_branch_labels.py for tasks to queue
[2025-02-01T02:44:12.462+0000] {logging_mixin.py:137} INFO - [2025-02-01T02:44:12.462+0000] {dagbag.py:538} INFO - Filling up the DagBag from /home/airflow/.local/lib/python3.7/site-packages/airflow/example_dags/example_branch_labels.py
[2025-02-01T02:44:12.501+0000] {processor.py:753} INFO - DAG(s) dict_keys(['example_branch_labels']) retrieved from /home/airflow/.local/lib/python3.7/site-packages/airflow/example_dags/example_branch_labels.py
[2025-02-01T02:44:12.562+0000] {logging_mixin.py:137} INFO - [2025-02-01T02:44:12.562+0000] {dag.py:2690} INFO - Sync 1 DAGs
[2025-02-01T02:44:12.630+0000] {logging_mixin.py:137} INFO - [2025-02-01T02:44:12.630+0000] {dag.py:3441} INFO - Setting next_dagrun for example_branch_labels to 2025-01-31T00:00:00+00:00, run_after=2025-02-01T00:00:00+00:00
[2025-02-01T02:44:12.674+0000] {processor.py:175} INFO - Processing /home/airflow/.local/lib/python3.7/site-packages/airflow/example_dags/example_branch_labels.py took 0.223 seconds
[2025-02-01T02:44:42.796+0000] {processor.py:153} INFO - Started process (PID=543) to work on /home/airflow/.local/lib/python3.7/site-packages/airflow/example_dags/example_branch_labels.py
[2025-02-01T02:44:42.797+0000] {processor.py:743} INFO - Processing file /home/airflow/.local/lib/python3.7/site-packages/airflow/example_dags/example_branch_labels.py for tasks to queue
[2025-02-01T02:44:42.807+0000] {logging_mixin.py:137} INFO - [2025-02-01T02:44:42.807+0000] {dagbag.py:538} INFO - Filling up the DagBag from /home/airflow/.local/lib/python3.7/site-packages/airflow/example_dags/example_branch_labels.py
[2025-02-01T02:44:42.993+0000] {processor.py:753} INFO - DAG(s) dict_keys(['example_branch_labels']) retrieved from /home/airflow/.local/lib/python3.7/site-packages/airflow/example_dags/example_branch_labels.py
[2025-02-01T02:44:43.302+0000] {logging_mixin.py:137} INFO - [2025-02-01T02:44:43.302+0000] {dag.py:2690} INFO - Sync 1 DAGs
[2025-02-01T02:44:43.576+0000] {logging_mixin.py:137} INFO - [2025-02-01T02:44:43.576+0000] {dag.py:3441} INFO - Setting next_dagrun for example_branch_labels to 2025-01-31T00:00:00+00:00, run_after=2025-02-01T00:00:00+00:00
[2025-02-01T02:44:43.653+0000] {processor.py:175} INFO - Processing /home/airflow/.local/lib/python3.7/site-packages/airflow/example_dags/example_branch_labels.py took 0.883 seconds
[2025-02-01T02:45:14.207+0000] {processor.py:153} INFO - Started process (PID=595) to work on /home/airflow/.local/lib/python3.7/site-packages/airflow/example_dags/example_branch_labels.py
[2025-02-01T02:45:14.213+0000] {processor.py:743} INFO - Processing file /home/airflow/.local/lib/python3.7/site-packages/airflow/example_dags/example_branch_labels.py for tasks to queue
[2025-02-01T02:45:14.219+0000] {logging_mixin.py:137} INFO - [2025-02-01T02:45:14.215+0000] {dagbag.py:538} INFO - Filling up the DagBag from /home/airflow/.local/lib/python3.7/site-packages/airflow/example_dags/example_branch_labels.py
[2025-02-01T02:45:14.337+0000] {processor.py:753} INFO - DAG(s) dict_keys(['example_branch_labels']) retrieved from /home/airflow/.local/lib/python3.7/site-packages/airflow/example_dags/example_branch_labels.py
[2025-02-01T02:45:14.536+0000] {logging_mixin.py:137} INFO - [2025-02-01T02:45:14.536+0000] {dag.py:2690} INFO - Sync 1 DAGs
[2025-02-01T02:45:14.856+0000] {logging_mixin.py:137} INFO - [2025-02-01T02:45:14.856+0000] {dag.py:3441} INFO - Setting next_dagrun for example_branch_labels to 2025-01-31T00:00:00+00:00, run_after=2025-02-01T00:00:00+00:00
[2025-02-01T02:45:14.996+0000] {processor.py:175} INFO - Processing /home/airflow/.local/lib/python3.7/site-packages/airflow/example_dags/example_branch_labels.py took 0.815 seconds
[2025-02-01T02:45:45.124+0000] {processor.py:153} INFO - Started process (PID=654) to work on /home/airflow/.local/lib/python3.7/site-packages/airflow/example_dags/example_branch_labels.py
[2025-02-01T02:45:45.126+0000] {processor.py:743} INFO - Processing file /home/airflow/.local/lib/python3.7/site-packages/airflow/example_dags/example_branch_labels.py for tasks to queue
[2025-02-01T02:45:45.127+0000] {logging_mixin.py:137} INFO - [2025-02-01T02:45:45.127+0000] {dagbag.py:538} INFO - Filling up the DagBag from /home/airflow/.local/lib/python3.7/site-packages/airflow/example_dags/example_branch_labels.py
[2025-02-01T02:45:45.185+0000] {processor.py:753} INFO - DAG(s) dict_keys(['example_branch_labels']) retrieved from /home/airflow/.local/lib/python3.7/site-packages/airflow/example_dags/example_branch_labels.py
[2025-02-01T02:45:45.311+0000] {logging_mixin.py:137} INFO - [2025-02-01T02:45:45.311+0000] {dag.py:2690} INFO - Sync 1 DAGs
[2025-02-01T02:45:45.431+0000] {logging_mixin.py:137} INFO - [2025-02-01T02:45:45.431+0000] {dag.py:3441} INFO - Setting next_dagrun for example_branch_labels to 2025-01-31T00:00:00+00:00, run_after=2025-02-01T00:00:00+00:00
[2025-02-01T02:45:45.510+0000] {processor.py:175} INFO - Processing /home/airflow/.local/lib/python3.7/site-packages/airflow/example_dags/example_branch_labels.py took 0.403 seconds
[2025-02-01T02:46:16.627+0000] {processor.py:153} INFO - Started process (PID=713) to work on /home/airflow/.local/lib/python3.7/site-packages/airflow/example_dags/example_branch_labels.py
[2025-02-01T02:46:16.628+0000] {processor.py:743} INFO - Processing file /home/airflow/.local/lib/python3.7/site-packages/airflow/example_dags/example_branch_labels.py for tasks to queue
[2025-02-01T02:46:16.630+0000] {logging_mixin.py:137} INFO - [2025-02-01T02:46:16.629+0000] {dagbag.py:538} INFO - Filling up the DagBag from /home/airflow/.local/lib/python3.7/site-packages/airflow/example_dags/example_branch_labels.py
[2025-02-01T02:46:16.665+0000] {processor.py:753} INFO - DAG(s) dict_keys(['example_branch_labels']) retrieved from /home/airflow/.local/lib/python3.7/site-packages/airflow/example_dags/example_branch_labels.py
[2025-02-01T02:46:16.725+0000] {logging_mixin.py:137} INFO - [2025-02-01T02:46:16.725+0000] {dag.py:2690} INFO - Sync 1 DAGs
[2025-02-01T02:46:16.794+0000] {logging_mixin.py:137} INFO - [2025-02-01T02:46:16.793+0000] {dag.py:3441} INFO - Setting next_dagrun for example_branch_labels to 2025-01-31T00:00:00+00:00, run_after=2025-02-01T00:00:00+00:00
[2025-02-01T02:46:16.843+0000] {processor.py:175} INFO - Processing /home/airflow/.local/lib/python3.7/site-packages/airflow/example_dags/example_branch_labels.py took 0.224 seconds
[2025-02-01T02:46:47.101+0000] {processor.py:153} INFO - Started process (PID=772) to work on /home/airflow/.local/lib/python3.7/site-packages/airflow/example_dags/example_branch_labels.py
[2025-02-01T02:46:47.103+0000] {processor.py:743} INFO - Processing file /home/airflow/.local/lib/python3.7/site-packages/airflow/example_dags/example_branch_labels.py for tasks to queue
[2025-02-01T02:46:47.106+0000] {logging_mixin.py:137} INFO - [2025-02-01T02:46:47.106+0000] {dagbag.py:538} INFO - Filling up the DagBag from /home/airflow/.local/lib/python3.7/site-packages/airflow/example_dags/example_branch_labels.py
[2025-02-01T02:46:47.185+0000] {processor.py:753} INFO - DAG(s) dict_keys(['example_branch_labels']) retrieved from /home/airflow/.local/lib/python3.7/site-packages/airflow/example_dags/example_branch_labels.py
[2025-02-01T02:46:47.305+0000] {logging_mixin.py:137} INFO - [2025-02-01T02:46:47.304+0000] {dag.py:2690} INFO - Sync 1 DAGs
[2025-02-01T02:46:47.371+0000] {logging_mixin.py:137} INFO - [2025-02-01T02:46:47.371+0000] {dag.py:3441} INFO - Setting next_dagrun for example_branch_labels to 2025-01-31T00:00:00+00:00, run_after=2025-02-01T00:00:00+00:00
[2025-02-01T02:46:47.415+0000] {processor.py:175} INFO - Processing /home/airflow/.local/lib/python3.7/site-packages/airflow/example_dags/example_branch_labels.py took 0.329 seconds
[2025-02-01T02:47:18.282+0000] {processor.py:153} INFO - Started process (PID=830) to work on /home/airflow/.local/lib/python3.7/site-packages/airflow/example_dags/example_branch_labels.py
[2025-02-01T02:47:18.286+0000] {processor.py:743} INFO - Processing file /home/airflow/.local/lib/python3.7/site-packages/airflow/example_dags/example_branch_labels.py for tasks to queue
[2025-02-01T02:47:18.287+0000] {logging_mixin.py:137} INFO - [2025-02-01T02:47:18.287+0000] {dagbag.py:538} INFO - Filling up the DagBag from /home/airflow/.local/lib/python3.7/site-packages/airflow/example_dags/example_branch_labels.py
[2025-02-01T02:47:18.363+0000] {processor.py:753} INFO - DAG(s) dict_keys(['example_branch_labels']) retrieved from /home/airflow/.local/lib/python3.7/site-packages/airflow/example_dags/example_branch_labels.py
[2025-02-01T02:47:18.484+0000] {logging_mixin.py:137} INFO - [2025-02-01T02:47:18.483+0000] {dag.py:2690} INFO - Sync 1 DAGs
[2025-02-01T02:47:18.632+0000] {logging_mixin.py:137} INFO - [2025-02-01T02:47:18.629+0000] {dag.py:3441} INFO - Setting next_dagrun for example_branch_labels to 2025-01-31T00:00:00+00:00, run_after=2025-02-01T00:00:00+00:00
[2025-02-01T02:47:18.676+0000] {processor.py:175} INFO - Processing /home/airflow/.local/lib/python3.7/site-packages/airflow/example_dags/example_branch_labels.py took 0.409 seconds
[2025-02-01T02:47:49.691+0000] {processor.py:153} INFO - Started process (PID=886) to work on /home/airflow/.local/lib/python3.7/site-packages/airflow/example_dags/example_branch_labels.py
[2025-02-01T02:47:49.695+0000] {processor.py:743} INFO - Processing file /home/airflow/.local/lib/python3.7/site-packages/airflow/example_dags/example_branch_labels.py for tasks to queue
[2025-02-01T02:47:49.700+0000] {logging_mixin.py:137} INFO - [2025-02-01T02:47:49.700+0000] {dagbag.py:538} INFO - Filling up the DagBag from /home/airflow/.local/lib/python3.7/site-packages/airflow/example_dags/example_branch_labels.py
[2025-02-01T02:47:49.834+0000] {processor.py:753} INFO - DAG(s) dict_keys(['example_branch_labels']) retrieved from /home/airflow/.local/lib/python3.7/site-packages/airflow/example_dags/example_branch_labels.py
[2025-02-01T02:47:50.026+0000] {logging_mixin.py:137} INFO - [2025-02-01T02:47:50.026+0000] {dag.py:2690} INFO - Sync 1 DAGs
[2025-02-01T02:47:50.254+0000] {logging_mixin.py:137} INFO - [2025-02-01T02:47:50.254+0000] {dag.py:3441} INFO - Setting next_dagrun for example_branch_labels to 2025-01-31T00:00:00+00:00, run_after=2025-02-01T00:00:00+00:00
[2025-02-01T02:47:50.386+0000] {processor.py:175} INFO - Processing /home/airflow/.local/lib/python3.7/site-packages/airflow/example_dags/example_branch_labels.py took 0.718 seconds
[2025-02-01T02:48:20.856+0000] {processor.py:153} INFO - Started process (PID=939) to work on /home/airflow/.local/lib/python3.7/site-packages/airflow/example_dags/example_branch_labels.py
[2025-02-01T02:48:20.858+0000] {processor.py:743} INFO - Processing file /home/airflow/.local/lib/python3.7/site-packages/airflow/example_dags/example_branch_labels.py for tasks to queue
[2025-02-01T02:48:20.862+0000] {logging_mixin.py:137} INFO - [2025-02-01T02:48:20.862+0000] {dagbag.py:538} INFO - Filling up the DagBag from /home/airflow/.local/lib/python3.7/site-packages/airflow/example_dags/example_branch_labels.py
[2025-02-01T02:48:20.938+0000] {processor.py:753} INFO - DAG(s) dict_keys(['example_branch_labels']) retrieved from /home/airflow/.local/lib/python3.7/site-packages/airflow/example_dags/example_branch_labels.py
[2025-02-01T02:48:21.080+0000] {logging_mixin.py:137} INFO - [2025-02-01T02:48:21.079+0000] {dag.py:2690} INFO - Sync 1 DAGs
[2025-02-01T02:48:21.211+0000] {logging_mixin.py:137} INFO - [2025-02-01T02:48:21.210+0000] {dag.py:3441} INFO - Setting next_dagrun for example_branch_labels to 2025-01-31T00:00:00+00:00, run_after=2025-02-01T00:00:00+00:00
[2025-02-01T02:48:21.300+0000] {processor.py:175} INFO - Processing /home/airflow/.local/lib/python3.7/site-packages/airflow/example_dags/example_branch_labels.py took 0.457 seconds
[2025-02-01T02:48:51.381+0000] {processor.py:153} INFO - Started process (PID=999) to work on /home/airflow/.local/lib/python3.7/site-packages/airflow/example_dags/example_branch_labels.py
[2025-02-01T02:48:51.384+0000] {processor.py:743} INFO - Processing file /home/airflow/.local/lib/python3.7/site-packages/airflow/example_dags/example_branch_labels.py for tasks to queue
[2025-02-01T02:48:51.385+0000] {logging_mixin.py:137} INFO - [2025-02-01T02:48:51.385+0000] {dagbag.py:538} INFO - Filling up the DagBag from /home/airflow/.local/lib/python3.7/site-packages/airflow/example_dags/example_branch_labels.py
[2025-02-01T02:48:51.421+0000] {processor.py:753} INFO - DAG(s) dict_keys(['example_branch_labels']) retrieved from /home/airflow/.local/lib/python3.7/site-packages/airflow/example_dags/example_branch_labels.py
[2025-02-01T02:48:51.483+0000] {logging_mixin.py:137} INFO - [2025-02-01T02:48:51.483+0000] {dag.py:2690} INFO - Sync 1 DAGs
[2025-02-01T02:48:51.553+0000] {logging_mixin.py:137} INFO - [2025-02-01T02:48:51.552+0000] {dag.py:3441} INFO - Setting next_dagrun for example_branch_labels to 2025-01-31T00:00:00+00:00, run_after=2025-02-01T00:00:00+00:00
[2025-02-01T02:48:51.601+0000] {processor.py:175} INFO - Processing /home/airflow/.local/lib/python3.7/site-packages/airflow/example_dags/example_branch_labels.py took 0.228 seconds
[2025-02-01T02:49:21.960+0000] {processor.py:153} INFO - Started process (PID=1058) to work on /home/airflow/.local/lib/python3.7/site-packages/airflow/example_dags/example_branch_labels.py
[2025-02-01T02:49:21.961+0000] {processor.py:743} INFO - Processing file /home/airflow/.local/lib/python3.7/site-packages/airflow/example_dags/example_branch_labels.py for tasks to queue
[2025-02-01T02:49:21.963+0000] {logging_mixin.py:137} INFO - [2025-02-01T02:49:21.963+0000] {dagbag.py:538} INFO - Filling up the DagBag from /home/airflow/.local/lib/python3.7/site-packages/airflow/example_dags/example_branch_labels.py
[2025-02-01T02:49:22.003+0000] {processor.py:753} INFO - DAG(s) dict_keys(['example_branch_labels']) retrieved from /home/airflow/.local/lib/python3.7/site-packages/airflow/example_dags/example_branch_labels.py
[2025-02-01T02:49:22.074+0000] {logging_mixin.py:137} INFO - [2025-02-01T02:49:22.074+0000] {dag.py:2690} INFO - Sync 1 DAGs
[2025-02-01T02:49:22.144+0000] {logging_mixin.py:137} INFO - [2025-02-01T02:49:22.143+0000] {dag.py:3441} INFO - Setting next_dagrun for example_branch_labels to 2025-01-31T00:00:00+00:00, run_after=2025-02-01T00:00:00+00:00
[2025-02-01T02:49:22.189+0000] {processor.py:175} INFO - Processing /home/airflow/.local/lib/python3.7/site-packages/airflow/example_dags/example_branch_labels.py took 0.237 seconds
[2025-02-01T02:49:53.232+0000] {processor.py:153} INFO - Started process (PID=1116) to work on /home/airflow/.local/lib/python3.7/site-packages/airflow/example_dags/example_branch_labels.py
[2025-02-01T02:49:53.236+0000] {processor.py:743} INFO - Processing file /home/airflow/.local/lib/python3.7/site-packages/airflow/example_dags/example_branch_labels.py for tasks to queue
[2025-02-01T02:49:53.241+0000] {logging_mixin.py:137} INFO - [2025-02-01T02:49:53.237+0000] {dagbag.py:538} INFO - Filling up the DagBag from /home/airflow/.local/lib/python3.7/site-packages/airflow/example_dags/example_branch_labels.py
[2025-02-01T02:49:53.322+0000] {processor.py:753} INFO - DAG(s) dict_keys(['example_branch_labels']) retrieved from /home/airflow/.local/lib/python3.7/site-packages/airflow/example_dags/example_branch_labels.py
[2025-02-01T02:49:53.457+0000] {logging_mixin.py:137} INFO - [2025-02-01T02:49:53.456+0000] {dag.py:2690} INFO - Sync 1 DAGs
[2025-02-01T02:49:53.597+0000] {logging_mixin.py:137} INFO - [2025-02-01T02:49:53.596+0000] {dag.py:3441} INFO - Setting next_dagrun for example_branch_labels to 2025-01-31T00:00:00+00:00, run_after=2025-02-01T00:00:00+00:00
[2025-02-01T02:49:53.665+0000] {processor.py:175} INFO - Processing /home/airflow/.local/lib/python3.7/site-packages/airflow/example_dags/example_branch_labels.py took 0.448 seconds
[2025-02-01T02:50:24.008+0000] {processor.py:153} INFO - Started process (PID=1165) to work on /home/airflow/.local/lib/python3.7/site-packages/airflow/example_dags/example_branch_labels.py
[2025-02-01T02:50:24.010+0000] {processor.py:743} INFO - Processing file /home/airflow/.local/lib/python3.7/site-packages/airflow/example_dags/example_branch_labels.py for tasks to queue
[2025-02-01T02:50:24.012+0000] {logging_mixin.py:137} INFO - [2025-02-01T02:50:24.012+0000] {dagbag.py:538} INFO - Filling up the DagBag from /home/airflow/.local/lib/python3.7/site-packages/airflow/example_dags/example_branch_labels.py
[2025-02-01T02:50:24.046+0000] {processor.py:753} INFO - DAG(s) dict_keys(['example_branch_labels']) retrieved from /home/airflow/.local/lib/python3.7/site-packages/airflow/example_dags/example_branch_labels.py
[2025-02-01T02:50:24.106+0000] {logging_mixin.py:137} INFO - [2025-02-01T02:50:24.105+0000] {dag.py:2690} INFO - Sync 1 DAGs
[2025-02-01T02:50:24.175+0000] {logging_mixin.py:137} INFO - [2025-02-01T02:50:24.175+0000] {dag.py:3441} INFO - Setting next_dagrun for example_branch_labels to 2025-01-31T00:00:00+00:00, run_after=2025-02-01T00:00:00+00:00
[2025-02-01T02:50:24.224+0000] {processor.py:175} INFO - Processing /home/airflow/.local/lib/python3.7/site-packages/airflow/example_dags/example_branch_labels.py took 0.224 seconds
[2025-02-01T02:50:54.625+0000] {processor.py:153} INFO - Started process (PID=1224) to work on /home/airflow/.local/lib/python3.7/site-packages/airflow/example_dags/example_branch_labels.py
[2025-02-01T02:50:54.626+0000] {processor.py:743} INFO - Processing file /home/airflow/.local/lib/python3.7/site-packages/airflow/example_dags/example_branch_labels.py for tasks to queue
[2025-02-01T02:50:54.628+0000] {logging_mixin.py:137} INFO - [2025-02-01T02:50:54.627+0000] {dagbag.py:538} INFO - Filling up the DagBag from /home/airflow/.local/lib/python3.7/site-packages/airflow/example_dags/example_branch_labels.py
[2025-02-01T02:50:54.665+0000] {processor.py:753} INFO - DAG(s) dict_keys(['example_branch_labels']) retrieved from /home/airflow/.local/lib/python3.7/site-packages/airflow/example_dags/example_branch_labels.py
[2025-02-01T02:50:54.723+0000] {logging_mixin.py:137} INFO - [2025-02-01T02:50:54.723+0000] {dag.py:2690} INFO - Sync 1 DAGs
[2025-02-01T02:50:54.791+0000] {logging_mixin.py:137} INFO - [2025-02-01T02:50:54.791+0000] {dag.py:3441} INFO - Setting next_dagrun for example_branch_labels to 2025-01-31T00:00:00+00:00, run_after=2025-02-01T00:00:00+00:00
[2025-02-01T02:50:54.835+0000] {processor.py:175} INFO - Processing /home/airflow/.local/lib/python3.7/site-packages/airflow/example_dags/example_branch_labels.py took 0.217 seconds
[2025-02-01T02:51:26.485+0000] {processor.py:153} INFO - Started process (PID=1281) to work on /home/airflow/.local/lib/python3.7/site-packages/airflow/example_dags/example_branch_labels.py
[2025-02-01T02:51:26.493+0000] {processor.py:743} INFO - Processing file /home/airflow/.local/lib/python3.7/site-packages/airflow/example_dags/example_branch_labels.py for tasks to queue
[2025-02-01T02:51:26.499+0000] {logging_mixin.py:137} INFO - [2025-02-01T02:51:26.499+0000] {dagbag.py:538} INFO - Filling up the DagBag from /home/airflow/.local/lib/python3.7/site-packages/airflow/example_dags/example_branch_labels.py
[2025-02-01T02:51:26.626+0000] {processor.py:753} INFO - DAG(s) dict_keys(['example_branch_labels']) retrieved from /home/airflow/.local/lib/python3.7/site-packages/airflow/example_dags/example_branch_labels.py
[2025-02-01T02:51:26.756+0000] {logging_mixin.py:137} INFO - [2025-02-01T02:51:26.756+0000] {dag.py:2690} INFO - Sync 1 DAGs
[2025-02-01T02:51:26.996+0000] {logging_mixin.py:137} INFO - [2025-02-01T02:51:26.990+0000] {dag.py:3441} INFO - Setting next_dagrun for example_branch_labels to 2025-01-31T00:00:00+00:00, run_after=2025-02-01T00:00:00+00:00
[2025-02-01T02:51:27.142+0000] {processor.py:175} INFO - Processing /home/airflow/.local/lib/python3.7/site-packages/airflow/example_dags/example_branch_labels.py took 0.680 seconds
[2025-02-01T02:51:57.368+0000] {processor.py:153} INFO - Started process (PID=1331) to work on /home/airflow/.local/lib/python3.7/site-packages/airflow/example_dags/example_branch_labels.py
[2025-02-01T02:51:57.377+0000] {processor.py:743} INFO - Processing file /home/airflow/.local/lib/python3.7/site-packages/airflow/example_dags/example_branch_labels.py for tasks to queue
[2025-02-01T02:51:57.385+0000] {logging_mixin.py:137} INFO - [2025-02-01T02:51:57.383+0000] {dagbag.py:538} INFO - Filling up the DagBag from /home/airflow/.local/lib/python3.7/site-packages/airflow/example_dags/example_branch_labels.py
[2025-02-01T02:51:57.507+0000] {processor.py:753} INFO - DAG(s) dict_keys(['example_branch_labels']) retrieved from /home/airflow/.local/lib/python3.7/site-packages/airflow/example_dags/example_branch_labels.py
[2025-02-01T02:51:57.652+0000] {logging_mixin.py:137} INFO - [2025-02-01T02:51:57.651+0000] {dag.py:2690} INFO - Sync 1 DAGs
[2025-02-01T02:51:57.893+0000] {logging_mixin.py:137} INFO - [2025-02-01T02:51:57.892+0000] {dag.py:3441} INFO - Setting next_dagrun for example_branch_labels to 2025-01-31T00:00:00+00:00, run_after=2025-02-01T00:00:00+00:00
[2025-02-01T02:51:58.024+0000] {processor.py:175} INFO - Processing /home/airflow/.local/lib/python3.7/site-packages/airflow/example_dags/example_branch_labels.py took 0.689 seconds
[2025-02-01T02:52:29.410+0000] {processor.py:153} INFO - Started process (PID=1389) to work on /home/airflow/.local/lib/python3.7/site-packages/airflow/example_dags/example_branch_labels.py
[2025-02-01T02:52:29.415+0000] {processor.py:743} INFO - Processing file /home/airflow/.local/lib/python3.7/site-packages/airflow/example_dags/example_branch_labels.py for tasks to queue
[2025-02-01T02:52:29.417+0000] {logging_mixin.py:137} INFO - [2025-02-01T02:52:29.416+0000] {dagbag.py:538} INFO - Filling up the DagBag from /home/airflow/.local/lib/python3.7/site-packages/airflow/example_dags/example_branch_labels.py
[2025-02-01T02:52:29.452+0000] {processor.py:753} INFO - DAG(s) dict_keys(['example_branch_labels']) retrieved from /home/airflow/.local/lib/python3.7/site-packages/airflow/example_dags/example_branch_labels.py
[2025-02-01T02:52:29.512+0000] {logging_mixin.py:137} INFO - [2025-02-01T02:52:29.512+0000] {dag.py:2690} INFO - Sync 1 DAGs
[2025-02-01T02:52:29.579+0000] {logging_mixin.py:137} INFO - [2025-02-01T02:52:29.579+0000] {dag.py:3441} INFO - Setting next_dagrun for example_branch_labels to 2025-01-31T00:00:00+00:00, run_after=2025-02-01T00:00:00+00:00
[2025-02-01T02:52:29.632+0000] {processor.py:175} INFO - Processing /home/airflow/.local/lib/python3.7/site-packages/airflow/example_dags/example_branch_labels.py took 0.229 seconds
[2025-02-01T02:53:01.282+0000] {processor.py:153} INFO - Started process (PID=1448) to work on /home/airflow/.local/lib/python3.7/site-packages/airflow/example_dags/example_branch_labels.py
[2025-02-01T02:53:01.285+0000] {processor.py:743} INFO - Processing file /home/airflow/.local/lib/python3.7/site-packages/airflow/example_dags/example_branch_labels.py for tasks to queue
[2025-02-01T02:53:01.298+0000] {logging_mixin.py:137} INFO - [2025-02-01T02:53:01.298+0000] {dagbag.py:538} INFO - Filling up the DagBag from /home/airflow/.local/lib/python3.7/site-packages/airflow/example_dags/example_branch_labels.py
[2025-02-01T02:53:01.472+0000] {processor.py:753} INFO - DAG(s) dict_keys(['example_branch_labels']) retrieved from /home/airflow/.local/lib/python3.7/site-packages/airflow/example_dags/example_branch_labels.py
[2025-02-01T02:53:01.640+0000] {logging_mixin.py:137} INFO - [2025-02-01T02:53:01.639+0000] {dag.py:2690} INFO - Sync 1 DAGs
[2025-02-01T02:53:01.856+0000] {logging_mixin.py:137} INFO - [2025-02-01T02:53:01.852+0000] {dag.py:3441} INFO - Setting next_dagrun for example_branch_labels to 2025-01-31T00:00:00+00:00, run_after=2025-02-01T00:00:00+00:00
[2025-02-01T02:53:01.981+0000] {processor.py:175} INFO - Processing /home/airflow/.local/lib/python3.7/site-packages/airflow/example_dags/example_branch_labels.py took 0.744 seconds
[2025-02-01T02:53:32.196+0000] {processor.py:153} INFO - Started process (PID=1507) to work on /home/airflow/.local/lib/python3.7/site-packages/airflow/example_dags/example_branch_labels.py
[2025-02-01T02:53:32.198+0000] {processor.py:743} INFO - Processing file /home/airflow/.local/lib/python3.7/site-packages/airflow/example_dags/example_branch_labels.py for tasks to queue
[2025-02-01T02:53:32.200+0000] {logging_mixin.py:137} INFO - [2025-02-01T02:53:32.200+0000] {dagbag.py:538} INFO - Filling up the DagBag from /home/airflow/.local/lib/python3.7/site-packages/airflow/example_dags/example_branch_labels.py
[2025-02-01T02:53:32.236+0000] {processor.py:753} INFO - DAG(s) dict_keys(['example_branch_labels']) retrieved from /home/airflow/.local/lib/python3.7/site-packages/airflow/example_dags/example_branch_labels.py
[2025-02-01T02:53:32.295+0000] {logging_mixin.py:137} INFO - [2025-02-01T02:53:32.294+0000] {dag.py:2690} INFO - Sync 1 DAGs
[2025-02-01T02:53:32.363+0000] {logging_mixin.py:137} INFO - [2025-02-01T02:53:32.362+0000] {dag.py:3441} INFO - Setting next_dagrun for example_branch_labels to 2025-01-31T00:00:00+00:00, run_after=2025-02-01T00:00:00+00:00
[2025-02-01T02:53:32.410+0000] {processor.py:175} INFO - Processing /home/airflow/.local/lib/python3.7/site-packages/airflow/example_dags/example_branch_labels.py took 0.221 seconds
[2025-02-01T02:54:02.915+0000] {processor.py:153} INFO - Started process (PID=1566) to work on /home/airflow/.local/lib/python3.7/site-packages/airflow/example_dags/example_branch_labels.py
[2025-02-01T02:54:02.917+0000] {processor.py:743} INFO - Processing file /home/airflow/.local/lib/python3.7/site-packages/airflow/example_dags/example_branch_labels.py for tasks to queue
[2025-02-01T02:54:02.918+0000] {logging_mixin.py:137} INFO - [2025-02-01T02:54:02.918+0000] {dagbag.py:538} INFO - Filling up the DagBag from /home/airflow/.local/lib/python3.7/site-packages/airflow/example_dags/example_branch_labels.py
[2025-02-01T02:54:02.953+0000] {processor.py:753} INFO - DAG(s) dict_keys(['example_branch_labels']) retrieved from /home/airflow/.local/lib/python3.7/site-packages/airflow/example_dags/example_branch_labels.py
[2025-02-01T02:54:03.042+0000] {logging_mixin.py:137} INFO - [2025-02-01T02:54:03.041+0000] {dag.py:2690} INFO - Sync 1 DAGs
[2025-02-01T02:54:03.134+0000] {logging_mixin.py:137} INFO - [2025-02-01T02:54:03.134+0000] {dag.py:3441} INFO - Setting next_dagrun for example_branch_labels to 2025-01-31T00:00:00+00:00, run_after=2025-02-01T00:00:00+00:00
[2025-02-01T02:54:03.184+0000] {processor.py:175} INFO - Processing /home/airflow/.local/lib/python3.7/site-packages/airflow/example_dags/example_branch_labels.py took 0.276 seconds
[2025-02-01T02:54:33.839+0000] {processor.py:153} INFO - Started process (PID=1624) to work on /home/airflow/.local/lib/python3.7/site-packages/airflow/example_dags/example_branch_labels.py
[2025-02-01T02:54:33.842+0000] {processor.py:743} INFO - Processing file /home/airflow/.local/lib/python3.7/site-packages/airflow/example_dags/example_branch_labels.py for tasks to queue
[2025-02-01T02:54:33.846+0000] {logging_mixin.py:137} INFO - [2025-02-01T02:54:33.844+0000] {dagbag.py:538} INFO - Filling up the DagBag from /home/airflow/.local/lib/python3.7/site-packages/airflow/example_dags/example_branch_labels.py
[2025-02-01T02:54:33.915+0000] {processor.py:753} INFO - DAG(s) dict_keys(['example_branch_labels']) retrieved from /home/airflow/.local/lib/python3.7/site-packages/airflow/example_dags/example_branch_labels.py
[2025-02-01T02:54:34.000+0000] {logging_mixin.py:137} INFO - [2025-02-01T02:54:34.000+0000] {dag.py:2690} INFO - Sync 1 DAGs
[2025-02-01T02:54:34.115+0000] {logging_mixin.py:137} INFO - [2025-02-01T02:54:34.113+0000] {dag.py:3441} INFO - Setting next_dagrun for example_branch_labels to 2025-01-31T00:00:00+00:00, run_after=2025-02-01T00:00:00+00:00
[2025-02-01T02:54:34.200+0000] {processor.py:175} INFO - Processing /home/airflow/.local/lib/python3.7/site-packages/airflow/example_dags/example_branch_labels.py took 0.368 seconds
[2025-02-01T02:55:05.457+0000] {processor.py:153} INFO - Started process (PID=1683) to work on /home/airflow/.local/lib/python3.7/site-packages/airflow/example_dags/example_branch_labels.py
[2025-02-01T02:55:05.461+0000] {processor.py:743} INFO - Processing file /home/airflow/.local/lib/python3.7/site-packages/airflow/example_dags/example_branch_labels.py for tasks to queue
[2025-02-01T02:55:05.463+0000] {logging_mixin.py:137} INFO - [2025-02-01T02:55:05.463+0000] {dagbag.py:538} INFO - Filling up the DagBag from /home/airflow/.local/lib/python3.7/site-packages/airflow/example_dags/example_branch_labels.py
[2025-02-01T02:55:05.616+0000] {processor.py:753} INFO - DAG(s) dict_keys(['example_branch_labels']) retrieved from /home/airflow/.local/lib/python3.7/site-packages/airflow/example_dags/example_branch_labels.py
[2025-02-01T02:55:05.754+0000] {logging_mixin.py:137} INFO - [2025-02-01T02:55:05.754+0000] {dag.py:2690} INFO - Sync 1 DAGs
[2025-02-01T02:55:05.964+0000] {logging_mixin.py:137} INFO - [2025-02-01T02:55:05.964+0000] {dag.py:3441} INFO - Setting next_dagrun for example_branch_labels to 2025-01-31T00:00:00+00:00, run_after=2025-02-01T00:00:00+00:00
[2025-02-01T02:55:06.172+0000] {processor.py:175} INFO - Processing /home/airflow/.local/lib/python3.7/site-packages/airflow/example_dags/example_branch_labels.py took 0.729 seconds
[2025-02-01T02:55:36.776+0000] {processor.py:153} INFO - Started process (PID=1733) to work on /home/airflow/.local/lib/python3.7/site-packages/airflow/example_dags/example_branch_labels.py
[2025-02-01T02:55:36.779+0000] {processor.py:743} INFO - Processing file /home/airflow/.local/lib/python3.7/site-packages/airflow/example_dags/example_branch_labels.py for tasks to queue
[2025-02-01T02:55:36.783+0000] {logging_mixin.py:137} INFO - [2025-02-01T02:55:36.781+0000] {dagbag.py:538} INFO - Filling up the DagBag from /home/airflow/.local/lib/python3.7/site-packages/airflow/example_dags/example_branch_labels.py
[2025-02-01T02:55:36.856+0000] {processor.py:753} INFO - DAG(s) dict_keys(['example_branch_labels']) retrieved from /home/airflow/.local/lib/python3.7/site-packages/airflow/example_dags/example_branch_labels.py
[2025-02-01T02:55:36.973+0000] {logging_mixin.py:137} INFO - [2025-02-01T02:55:36.973+0000] {dag.py:2690} INFO - Sync 1 DAGs
[2025-02-01T02:55:37.120+0000] {logging_mixin.py:137} INFO - [2025-02-01T02:55:37.120+0000] {dag.py:3441} INFO - Setting next_dagrun for example_branch_labels to 2025-01-31T00:00:00+00:00, run_after=2025-02-01T00:00:00+00:00
[2025-02-01T02:55:37.210+0000] {processor.py:175} INFO - Processing /home/airflow/.local/lib/python3.7/site-packages/airflow/example_dags/example_branch_labels.py took 0.451 seconds
[2025-02-01T02:56:07.919+0000] {processor.py:153} INFO - Started process (PID=1792) to work on /home/airflow/.local/lib/python3.7/site-packages/airflow/example_dags/example_branch_labels.py
[2025-02-01T02:56:07.922+0000] {processor.py:743} INFO - Processing file /home/airflow/.local/lib/python3.7/site-packages/airflow/example_dags/example_branch_labels.py for tasks to queue
[2025-02-01T02:56:07.927+0000] {logging_mixin.py:137} INFO - [2025-02-01T02:56:07.926+0000] {dagbag.py:538} INFO - Filling up the DagBag from /home/airflow/.local/lib/python3.7/site-packages/airflow/example_dags/example_branch_labels.py
[2025-02-01T02:56:07.966+0000] {processor.py:753} INFO - DAG(s) dict_keys(['example_branch_labels']) retrieved from /home/airflow/.local/lib/python3.7/site-packages/airflow/example_dags/example_branch_labels.py
[2025-02-01T02:56:08.027+0000] {logging_mixin.py:137} INFO - [2025-02-01T02:56:08.027+0000] {dag.py:2690} INFO - Sync 1 DAGs
[2025-02-01T02:56:08.135+0000] {logging_mixin.py:137} INFO - [2025-02-01T02:56:08.135+0000] {dag.py:3441} INFO - Setting next_dagrun for example_branch_labels to 2025-01-31T00:00:00+00:00, run_after=2025-02-01T00:00:00+00:00
[2025-02-01T02:56:08.211+0000] {processor.py:175} INFO - Processing /home/airflow/.local/lib/python3.7/site-packages/airflow/example_dags/example_branch_labels.py took 0.304 seconds
[2025-02-01T02:56:38.609+0000] {processor.py:153} INFO - Started process (PID=1851) to work on /home/airflow/.local/lib/python3.7/site-packages/airflow/example_dags/example_branch_labels.py
[2025-02-01T02:56:38.613+0000] {processor.py:743} INFO - Processing file /home/airflow/.local/lib/python3.7/site-packages/airflow/example_dags/example_branch_labels.py for tasks to queue
[2025-02-01T02:56:38.616+0000] {logging_mixin.py:137} INFO - [2025-02-01T02:56:38.614+0000] {dagbag.py:538} INFO - Filling up the DagBag from /home/airflow/.local/lib/python3.7/site-packages/airflow/example_dags/example_branch_labels.py
[2025-02-01T02:56:38.656+0000] {processor.py:753} INFO - DAG(s) dict_keys(['example_branch_labels']) retrieved from /home/airflow/.local/lib/python3.7/site-packages/airflow/example_dags/example_branch_labels.py
[2025-02-01T02:56:38.715+0000] {logging_mixin.py:137} INFO - [2025-02-01T02:56:38.714+0000] {dag.py:2690} INFO - Sync 1 DAGs
[2025-02-01T02:56:38.786+0000] {logging_mixin.py:137} INFO - [2025-02-01T02:56:38.786+0000] {dag.py:3441} INFO - Setting next_dagrun for example_branch_labels to 2025-01-31T00:00:00+00:00, run_after=2025-02-01T00:00:00+00:00
[2025-02-01T02:56:38.903+0000] {processor.py:175} INFO - Processing /home/airflow/.local/lib/python3.7/site-packages/airflow/example_dags/example_branch_labels.py took 0.314 seconds
[2025-02-01T02:57:09.078+0000] {processor.py:153} INFO - Started process (PID=1910) to work on /home/airflow/.local/lib/python3.7/site-packages/airflow/example_dags/example_branch_labels.py
[2025-02-01T02:57:09.083+0000] {processor.py:743} INFO - Processing file /home/airflow/.local/lib/python3.7/site-packages/airflow/example_dags/example_branch_labels.py for tasks to queue
[2025-02-01T02:57:09.088+0000] {logging_mixin.py:137} INFO - [2025-02-01T02:57:09.085+0000] {dagbag.py:538} INFO - Filling up the DagBag from /home/airflow/.local/lib/python3.7/site-packages/airflow/example_dags/example_branch_labels.py
[2025-02-01T02:57:09.174+0000] {processor.py:753} INFO - DAG(s) dict_keys(['example_branch_labels']) retrieved from /home/airflow/.local/lib/python3.7/site-packages/airflow/example_dags/example_branch_labels.py
[2025-02-01T02:57:09.300+0000] {logging_mixin.py:137} INFO - [2025-02-01T02:57:09.298+0000] {dag.py:2690} INFO - Sync 1 DAGs
[2025-02-01T02:57:09.448+0000] {logging_mixin.py:137} INFO - [2025-02-01T02:57:09.448+0000] {dag.py:3441} INFO - Setting next_dagrun for example_branch_labels to 2025-01-31T00:00:00+00:00, run_after=2025-02-01T00:00:00+00:00
[2025-02-01T02:57:09.524+0000] {processor.py:175} INFO - Processing /home/airflow/.local/lib/python3.7/site-packages/airflow/example_dags/example_branch_labels.py took 0.471 seconds
[2025-02-01T02:57:39.633+0000] {processor.py:153} INFO - Started process (PID=1959) to work on /home/airflow/.local/lib/python3.7/site-packages/airflow/example_dags/example_branch_labels.py
[2025-02-01T02:57:39.634+0000] {processor.py:743} INFO - Processing file /home/airflow/.local/lib/python3.7/site-packages/airflow/example_dags/example_branch_labels.py for tasks to queue
[2025-02-01T02:57:39.636+0000] {logging_mixin.py:137} INFO - [2025-02-01T02:57:39.636+0000] {dagbag.py:538} INFO - Filling up the DagBag from /home/airflow/.local/lib/python3.7/site-packages/airflow/example_dags/example_branch_labels.py
[2025-02-01T02:57:39.670+0000] {processor.py:753} INFO - DAG(s) dict_keys(['example_branch_labels']) retrieved from /home/airflow/.local/lib/python3.7/site-packages/airflow/example_dags/example_branch_labels.py
[2025-02-01T02:57:39.729+0000] {logging_mixin.py:137} INFO - [2025-02-01T02:57:39.728+0000] {dag.py:2690} INFO - Sync 1 DAGs
[2025-02-01T02:57:39.799+0000] {logging_mixin.py:137} INFO - [2025-02-01T02:57:39.799+0000] {dag.py:3441} INFO - Setting next_dagrun for example_branch_labels to 2025-01-31T00:00:00+00:00, run_after=2025-02-01T00:00:00+00:00
[2025-02-01T02:57:39.850+0000] {processor.py:175} INFO - Processing /home/airflow/.local/lib/python3.7/site-packages/airflow/example_dags/example_branch_labels.py took 0.225 seconds
[2025-02-01T02:58:10.446+0000] {processor.py:153} INFO - Started process (PID=2018) to work on /home/airflow/.local/lib/python3.7/site-packages/airflow/example_dags/example_branch_labels.py
[2025-02-01T02:58:10.448+0000] {processor.py:743} INFO - Processing file /home/airflow/.local/lib/python3.7/site-packages/airflow/example_dags/example_branch_labels.py for tasks to queue
[2025-02-01T02:58:10.449+0000] {logging_mixin.py:137} INFO - [2025-02-01T02:58:10.449+0000] {dagbag.py:538} INFO - Filling up the DagBag from /home/airflow/.local/lib/python3.7/site-packages/airflow/example_dags/example_branch_labels.py
[2025-02-01T02:58:10.484+0000] {processor.py:753} INFO - DAG(s) dict_keys(['example_branch_labels']) retrieved from /home/airflow/.local/lib/python3.7/site-packages/airflow/example_dags/example_branch_labels.py
[2025-02-01T02:58:10.543+0000] {logging_mixin.py:137} INFO - [2025-02-01T02:58:10.543+0000] {dag.py:2690} INFO - Sync 1 DAGs
[2025-02-01T02:58:10.612+0000] {logging_mixin.py:137} INFO - [2025-02-01T02:58:10.612+0000] {dag.py:3441} INFO - Setting next_dagrun for example_branch_labels to 2025-01-31T00:00:00+00:00, run_after=2025-02-01T00:00:00+00:00
[2025-02-01T02:58:10.657+0000] {processor.py:175} INFO - Processing /home/airflow/.local/lib/python3.7/site-packages/airflow/example_dags/example_branch_labels.py took 0.223 seconds
[2025-02-01T02:58:42.408+0000] {processor.py:153} INFO - Started process (PID=2074) to work on /home/airflow/.local/lib/python3.7/site-packages/airflow/example_dags/example_branch_labels.py
[2025-02-01T02:58:42.410+0000] {processor.py:743} INFO - Processing file /home/airflow/.local/lib/python3.7/site-packages/airflow/example_dags/example_branch_labels.py for tasks to queue
[2025-02-01T02:58:42.415+0000] {logging_mixin.py:137} INFO - [2025-02-01T02:58:42.415+0000] {dagbag.py:538} INFO - Filling up the DagBag from /home/airflow/.local/lib/python3.7/site-packages/airflow/example_dags/example_branch_labels.py
[2025-02-01T02:58:42.588+0000] {processor.py:753} INFO - DAG(s) dict_keys(['example_branch_labels']) retrieved from /home/airflow/.local/lib/python3.7/site-packages/airflow/example_dags/example_branch_labels.py
[2025-02-01T02:58:42.803+0000] {logging_mixin.py:137} INFO - [2025-02-01T02:58:42.803+0000] {dag.py:2690} INFO - Sync 1 DAGs
[2025-02-01T02:58:43.139+0000] {logging_mixin.py:137} INFO - [2025-02-01T02:58:43.139+0000] {dag.py:3441} INFO - Setting next_dagrun for example_branch_labels to 2025-01-31T00:00:00+00:00, run_after=2025-02-01T00:00:00+00:00
[2025-02-01T02:58:43.409+0000] {processor.py:175} INFO - Processing /home/airflow/.local/lib/python3.7/site-packages/airflow/example_dags/example_branch_labels.py took 1.042 seconds
[2025-02-01T02:59:13.943+0000] {processor.py:153} INFO - Started process (PID=2126) to work on /home/airflow/.local/lib/python3.7/site-packages/airflow/example_dags/example_branch_labels.py
[2025-02-01T02:59:13.945+0000] {processor.py:743} INFO - Processing file /home/airflow/.local/lib/python3.7/site-packages/airflow/example_dags/example_branch_labels.py for tasks to queue
[2025-02-01T02:59:13.947+0000] {logging_mixin.py:137} INFO - [2025-02-01T02:59:13.947+0000] {dagbag.py:538} INFO - Filling up the DagBag from /home/airflow/.local/lib/python3.7/site-packages/airflow/example_dags/example_branch_labels.py
[2025-02-01T02:59:14.026+0000] {processor.py:753} INFO - DAG(s) dict_keys(['example_branch_labels']) retrieved from /home/airflow/.local/lib/python3.7/site-packages/airflow/example_dags/example_branch_labels.py
[2025-02-01T02:59:14.097+0000] {logging_mixin.py:137} INFO - [2025-02-01T02:59:14.097+0000] {dag.py:2690} INFO - Sync 1 DAGs
[2025-02-01T02:59:14.209+0000] {logging_mixin.py:137} INFO - [2025-02-01T02:59:14.208+0000] {dag.py:3441} INFO - Setting next_dagrun for example_branch_labels to 2025-01-31T00:00:00+00:00, run_after=2025-02-01T00:00:00+00:00
[2025-02-01T02:59:14.292+0000] {processor.py:175} INFO - Processing /home/airflow/.local/lib/python3.7/site-packages/airflow/example_dags/example_branch_labels.py took 0.357 seconds
[2025-02-01T02:59:44.950+0000] {processor.py:153} INFO - Started process (PID=2184) to work on /home/airflow/.local/lib/python3.7/site-packages/airflow/example_dags/example_branch_labels.py
[2025-02-01T02:59:44.952+0000] {processor.py:743} INFO - Processing file /home/airflow/.local/lib/python3.7/site-packages/airflow/example_dags/example_branch_labels.py for tasks to queue
[2025-02-01T02:59:44.954+0000] {logging_mixin.py:137} INFO - [2025-02-01T02:59:44.953+0000] {dagbag.py:538} INFO - Filling up the DagBag from /home/airflow/.local/lib/python3.7/site-packages/airflow/example_dags/example_branch_labels.py
[2025-02-01T02:59:44.989+0000] {processor.py:753} INFO - DAG(s) dict_keys(['example_branch_labels']) retrieved from /home/airflow/.local/lib/python3.7/site-packages/airflow/example_dags/example_branch_labels.py
[2025-02-01T02:59:45.054+0000] {logging_mixin.py:137} INFO - [2025-02-01T02:59:45.053+0000] {dag.py:2690} INFO - Sync 1 DAGs
[2025-02-01T02:59:45.121+0000] {logging_mixin.py:137} INFO - [2025-02-01T02:59:45.120+0000] {dag.py:3441} INFO - Setting next_dagrun for example_branch_labels to 2025-01-31T00:00:00+00:00, run_after=2025-02-01T00:00:00+00:00
[2025-02-01T02:59:45.164+0000] {processor.py:175} INFO - Processing /home/airflow/.local/lib/python3.7/site-packages/airflow/example_dags/example_branch_labels.py took 0.223 seconds
[2025-02-01T03:00:16.155+0000] {processor.py:153} INFO - Started process (PID=2242) to work on /home/airflow/.local/lib/python3.7/site-packages/airflow/example_dags/example_branch_labels.py
[2025-02-01T03:00:16.161+0000] {processor.py:743} INFO - Processing file /home/airflow/.local/lib/python3.7/site-packages/airflow/example_dags/example_branch_labels.py for tasks to queue
[2025-02-01T03:00:16.172+0000] {logging_mixin.py:137} INFO - [2025-02-01T03:00:16.172+0000] {dagbag.py:538} INFO - Filling up the DagBag from /home/airflow/.local/lib/python3.7/site-packages/airflow/example_dags/example_branch_labels.py
[2025-02-01T03:00:16.314+0000] {processor.py:753} INFO - DAG(s) dict_keys(['example_branch_labels']) retrieved from /home/airflow/.local/lib/python3.7/site-packages/airflow/example_dags/example_branch_labels.py
[2025-02-01T03:00:16.580+0000] {logging_mixin.py:137} INFO - [2025-02-01T03:00:16.578+0000] {dag.py:2690} INFO - Sync 1 DAGs
[2025-02-01T03:00:16.877+0000] {logging_mixin.py:137} INFO - [2025-02-01T03:00:16.877+0000] {dag.py:3441} INFO - Setting next_dagrun for example_branch_labels to 2025-01-31T00:00:00+00:00, run_after=2025-02-01T00:00:00+00:00
[2025-02-01T03:00:17.039+0000] {processor.py:175} INFO - Processing /home/airflow/.local/lib/python3.7/site-packages/airflow/example_dags/example_branch_labels.py took 0.914 seconds
[2025-02-01T03:00:47.612+0000] {processor.py:153} INFO - Started process (PID=2292) to work on /home/airflow/.local/lib/python3.7/site-packages/airflow/example_dags/example_branch_labels.py
[2025-02-01T03:00:47.615+0000] {processor.py:743} INFO - Processing file /home/airflow/.local/lib/python3.7/site-packages/airflow/example_dags/example_branch_labels.py for tasks to queue
[2025-02-01T03:00:47.618+0000] {logging_mixin.py:137} INFO - [2025-02-01T03:00:47.617+0000] {dagbag.py:538} INFO - Filling up the DagBag from /home/airflow/.local/lib/python3.7/site-packages/airflow/example_dags/example_branch_labels.py
[2025-02-01T03:00:47.732+0000] {processor.py:753} INFO - DAG(s) dict_keys(['example_branch_labels']) retrieved from /home/airflow/.local/lib/python3.7/site-packages/airflow/example_dags/example_branch_labels.py
[2025-02-01T03:00:47.892+0000] {logging_mixin.py:137} INFO - [2025-02-01T03:00:47.892+0000] {dag.py:2690} INFO - Sync 1 DAGs
[2025-02-01T03:00:48.047+0000] {logging_mixin.py:137} INFO - [2025-02-01T03:00:48.047+0000] {dag.py:3441} INFO - Setting next_dagrun for example_branch_labels to 2025-01-31T00:00:00+00:00, run_after=2025-02-01T00:00:00+00:00
[2025-02-01T03:00:48.096+0000] {processor.py:175} INFO - Processing /home/airflow/.local/lib/python3.7/site-packages/airflow/example_dags/example_branch_labels.py took 0.497 seconds
[2025-02-01T03:01:18.380+0000] {processor.py:153} INFO - Started process (PID=2351) to work on /home/airflow/.local/lib/python3.7/site-packages/airflow/example_dags/example_branch_labels.py
[2025-02-01T03:01:18.384+0000] {processor.py:743} INFO - Processing file /home/airflow/.local/lib/python3.7/site-packages/airflow/example_dags/example_branch_labels.py for tasks to queue
[2025-02-01T03:01:18.388+0000] {logging_mixin.py:137} INFO - [2025-02-01T03:01:18.387+0000] {dagbag.py:538} INFO - Filling up the DagBag from /home/airflow/.local/lib/python3.7/site-packages/airflow/example_dags/example_branch_labels.py
[2025-02-01T03:01:18.484+0000] {processor.py:753} INFO - DAG(s) dict_keys(['example_branch_labels']) retrieved from /home/airflow/.local/lib/python3.7/site-packages/airflow/example_dags/example_branch_labels.py
[2025-02-01T03:01:18.561+0000] {logging_mixin.py:137} INFO - [2025-02-01T03:01:18.561+0000] {dag.py:2690} INFO - Sync 1 DAGs
[2025-02-01T03:01:18.631+0000] {logging_mixin.py:137} INFO - [2025-02-01T03:01:18.631+0000] {dag.py:3441} INFO - Setting next_dagrun for example_branch_labels to 2025-01-31T00:00:00+00:00, run_after=2025-02-01T00:00:00+00:00
[2025-02-01T03:01:18.692+0000] {processor.py:175} INFO - Processing /home/airflow/.local/lib/python3.7/site-packages/airflow/example_dags/example_branch_labels.py took 0.334 seconds
[2025-02-01T03:01:49.390+0000] {processor.py:153} INFO - Started process (PID=2410) to work on /home/airflow/.local/lib/python3.7/site-packages/airflow/example_dags/example_branch_labels.py
[2025-02-01T03:01:49.392+0000] {processor.py:743} INFO - Processing file /home/airflow/.local/lib/python3.7/site-packages/airflow/example_dags/example_branch_labels.py for tasks to queue
[2025-02-01T03:01:49.394+0000] {logging_mixin.py:137} INFO - [2025-02-01T03:01:49.393+0000] {dagbag.py:538} INFO - Filling up the DagBag from /home/airflow/.local/lib/python3.7/site-packages/airflow/example_dags/example_branch_labels.py
[2025-02-01T03:01:49.430+0000] {processor.py:753} INFO - DAG(s) dict_keys(['example_branch_labels']) retrieved from /home/airflow/.local/lib/python3.7/site-packages/airflow/example_dags/example_branch_labels.py
[2025-02-01T03:01:49.544+0000] {logging_mixin.py:137} INFO - [2025-02-01T03:01:49.543+0000] {dag.py:2690} INFO - Sync 1 DAGs
[2025-02-01T03:01:49.685+0000] {logging_mixin.py:137} INFO - [2025-02-01T03:01:49.685+0000] {dag.py:3441} INFO - Setting next_dagrun for example_branch_labels to 2025-01-31T00:00:00+00:00, run_after=2025-02-01T00:00:00+00:00
[2025-02-01T03:01:49.771+0000] {processor.py:175} INFO - Processing /home/airflow/.local/lib/python3.7/site-packages/airflow/example_dags/example_branch_labels.py took 0.393 seconds
[2025-02-01T03:02:20.421+0000] {processor.py:153} INFO - Started process (PID=2468) to work on /home/airflow/.local/lib/python3.7/site-packages/airflow/example_dags/example_branch_labels.py
[2025-02-01T03:02:20.427+0000] {processor.py:743} INFO - Processing file /home/airflow/.local/lib/python3.7/site-packages/airflow/example_dags/example_branch_labels.py for tasks to queue
[2025-02-01T03:02:20.429+0000] {logging_mixin.py:137} INFO - [2025-02-01T03:02:20.429+0000] {dagbag.py:538} INFO - Filling up the DagBag from /home/airflow/.local/lib/python3.7/site-packages/airflow/example_dags/example_branch_labels.py
[2025-02-01T03:02:20.510+0000] {processor.py:753} INFO - DAG(s) dict_keys(['example_branch_labels']) retrieved from /home/airflow/.local/lib/python3.7/site-packages/airflow/example_dags/example_branch_labels.py
[2025-02-01T03:02:20.688+0000] {logging_mixin.py:137} INFO - [2025-02-01T03:02:20.687+0000] {dag.py:2690} INFO - Sync 1 DAGs
[2025-02-01T03:02:20.886+0000] {logging_mixin.py:137} INFO - [2025-02-01T03:02:20.885+0000] {dag.py:3441} INFO - Setting next_dagrun for example_branch_labels to 2025-01-31T00:00:00+00:00, run_after=2025-02-01T00:00:00+00:00
[2025-02-01T03:02:21.021+0000] {processor.py:175} INFO - Processing /home/airflow/.local/lib/python3.7/site-packages/airflow/example_dags/example_branch_labels.py took 0.615 seconds
[2025-02-01T03:02:51.105+0000] {processor.py:153} INFO - Started process (PID=2526) to work on /home/airflow/.local/lib/python3.7/site-packages/airflow/example_dags/example_branch_labels.py
[2025-02-01T03:02:51.107+0000] {processor.py:743} INFO - Processing file /home/airflow/.local/lib/python3.7/site-packages/airflow/example_dags/example_branch_labels.py for tasks to queue
[2025-02-01T03:02:51.109+0000] {logging_mixin.py:137} INFO - [2025-02-01T03:02:51.108+0000] {dagbag.py:538} INFO - Filling up the DagBag from /home/airflow/.local/lib/python3.7/site-packages/airflow/example_dags/example_branch_labels.py
[2025-02-01T03:02:51.144+0000] {processor.py:753} INFO - DAG(s) dict_keys(['example_branch_labels']) retrieved from /home/airflow/.local/lib/python3.7/site-packages/airflow/example_dags/example_branch_labels.py
[2025-02-01T03:02:51.203+0000] {logging_mixin.py:137} INFO - [2025-02-01T03:02:51.203+0000] {dag.py:2690} INFO - Sync 1 DAGs
[2025-02-01T03:02:51.271+0000] {logging_mixin.py:137} INFO - [2025-02-01T03:02:51.270+0000] {dag.py:3441} INFO - Setting next_dagrun for example_branch_labels to 2025-01-31T00:00:00+00:00, run_after=2025-02-01T00:00:00+00:00
[2025-02-01T03:02:51.334+0000] {processor.py:175} INFO - Processing /home/airflow/.local/lib/python3.7/site-packages/airflow/example_dags/example_branch_labels.py took 0.236 seconds
[2025-02-01T03:03:21.493+0000] {processor.py:153} INFO - Started process (PID=2576) to work on /home/airflow/.local/lib/python3.7/site-packages/airflow/example_dags/example_branch_labels.py
[2025-02-01T03:03:21.494+0000] {processor.py:743} INFO - Processing file /home/airflow/.local/lib/python3.7/site-packages/airflow/example_dags/example_branch_labels.py for tasks to queue
[2025-02-01T03:03:21.496+0000] {logging_mixin.py:137} INFO - [2025-02-01T03:03:21.496+0000] {dagbag.py:538} INFO - Filling up the DagBag from /home/airflow/.local/lib/python3.7/site-packages/airflow/example_dags/example_branch_labels.py
[2025-02-01T03:03:21.531+0000] {processor.py:753} INFO - DAG(s) dict_keys(['example_branch_labels']) retrieved from /home/airflow/.local/lib/python3.7/site-packages/airflow/example_dags/example_branch_labels.py
[2025-02-01T03:03:21.591+0000] {logging_mixin.py:137} INFO - [2025-02-01T03:03:21.591+0000] {dag.py:2690} INFO - Sync 1 DAGs
[2025-02-01T03:03:21.661+0000] {logging_mixin.py:137} INFO - [2025-02-01T03:03:21.660+0000] {dag.py:3441} INFO - Setting next_dagrun for example_branch_labels to 2025-01-31T00:00:00+00:00, run_after=2025-02-01T00:00:00+00:00
[2025-02-01T03:03:21.711+0000] {processor.py:175} INFO - Processing /home/airflow/.local/lib/python3.7/site-packages/airflow/example_dags/example_branch_labels.py took 0.227 seconds
[2025-02-01T03:03:53.869+0000] {processor.py:153} INFO - Started process (PID=2634) to work on /home/airflow/.local/lib/python3.7/site-packages/airflow/example_dags/example_branch_labels.py
[2025-02-01T03:03:53.876+0000] {processor.py:743} INFO - Processing file /home/airflow/.local/lib/python3.7/site-packages/airflow/example_dags/example_branch_labels.py for tasks to queue
[2025-02-01T03:03:53.882+0000] {logging_mixin.py:137} INFO - [2025-02-01T03:03:53.878+0000] {dagbag.py:538} INFO - Filling up the DagBag from /home/airflow/.local/lib/python3.7/site-packages/airflow/example_dags/example_branch_labels.py
[2025-02-01T03:03:53.996+0000] {processor.py:753} INFO - DAG(s) dict_keys(['example_branch_labels']) retrieved from /home/airflow/.local/lib/python3.7/site-packages/airflow/example_dags/example_branch_labels.py
[2025-02-01T03:03:54.190+0000] {logging_mixin.py:137} INFO - [2025-02-01T03:03:54.187+0000] {dag.py:2690} INFO - Sync 1 DAGs
[2025-02-01T03:03:54.393+0000] {logging_mixin.py:137} INFO - [2025-02-01T03:03:54.392+0000] {dag.py:3441} INFO - Setting next_dagrun for example_branch_labels to 2025-01-31T00:00:00+00:00, run_after=2025-02-01T00:00:00+00:00
[2025-02-01T03:03:54.596+0000] {processor.py:175} INFO - Processing /home/airflow/.local/lib/python3.7/site-packages/airflow/example_dags/example_branch_labels.py took 0.754 seconds
[2025-02-01T03:04:24.766+0000] {processor.py:153} INFO - Started process (PID=2684) to work on /home/airflow/.local/lib/python3.7/site-packages/airflow/example_dags/example_branch_labels.py
[2025-02-01T03:04:24.770+0000] {processor.py:743} INFO - Processing file /home/airflow/.local/lib/python3.7/site-packages/airflow/example_dags/example_branch_labels.py for tasks to queue
[2025-02-01T03:04:24.772+0000] {logging_mixin.py:137} INFO - [2025-02-01T03:04:24.772+0000] {dagbag.py:538} INFO - Filling up the DagBag from /home/airflow/.local/lib/python3.7/site-packages/airflow/example_dags/example_branch_labels.py
[2025-02-01T03:04:24.809+0000] {processor.py:753} INFO - DAG(s) dict_keys(['example_branch_labels']) retrieved from /home/airflow/.local/lib/python3.7/site-packages/airflow/example_dags/example_branch_labels.py
[2025-02-01T03:04:24.869+0000] {logging_mixin.py:137} INFO - [2025-02-01T03:04:24.868+0000] {dag.py:2690} INFO - Sync 1 DAGs
[2025-02-01T03:04:24.952+0000] {logging_mixin.py:137} INFO - [2025-02-01T03:04:24.951+0000] {dag.py:3441} INFO - Setting next_dagrun for example_branch_labels to 2025-01-31T00:00:00+00:00, run_after=2025-02-01T00:00:00+00:00
[2025-02-01T03:04:25.022+0000] {processor.py:175} INFO - Processing /home/airflow/.local/lib/python3.7/site-packages/airflow/example_dags/example_branch_labels.py took 0.266 seconds
[2025-02-01T03:04:55.256+0000] {processor.py:153} INFO - Started process (PID=2742) to work on /home/airflow/.local/lib/python3.7/site-packages/airflow/example_dags/example_branch_labels.py
[2025-02-01T03:04:55.258+0000] {processor.py:743} INFO - Processing file /home/airflow/.local/lib/python3.7/site-packages/airflow/example_dags/example_branch_labels.py for tasks to queue
[2025-02-01T03:04:55.259+0000] {logging_mixin.py:137} INFO - [2025-02-01T03:04:55.259+0000] {dagbag.py:538} INFO - Filling up the DagBag from /home/airflow/.local/lib/python3.7/site-packages/airflow/example_dags/example_branch_labels.py
[2025-02-01T03:04:55.295+0000] {processor.py:753} INFO - DAG(s) dict_keys(['example_branch_labels']) retrieved from /home/airflow/.local/lib/python3.7/site-packages/airflow/example_dags/example_branch_labels.py
[2025-02-01T03:04:55.354+0000] {logging_mixin.py:137} INFO - [2025-02-01T03:04:55.354+0000] {dag.py:2690} INFO - Sync 1 DAGs
[2025-02-01T03:04:55.428+0000] {logging_mixin.py:137} INFO - [2025-02-01T03:04:55.428+0000] {dag.py:3441} INFO - Setting next_dagrun for example_branch_labels to 2025-01-31T00:00:00+00:00, run_after=2025-02-01T00:00:00+00:00
[2025-02-01T03:04:55.477+0000] {processor.py:175} INFO - Processing /home/airflow/.local/lib/python3.7/site-packages/airflow/example_dags/example_branch_labels.py took 0.229 seconds
[2025-02-01T03:05:26.329+0000] {processor.py:153} INFO - Started process (PID=2801) to work on /home/airflow/.local/lib/python3.7/site-packages/airflow/example_dags/example_branch_labels.py
[2025-02-01T03:05:26.340+0000] {processor.py:743} INFO - Processing file /home/airflow/.local/lib/python3.7/site-packages/airflow/example_dags/example_branch_labels.py for tasks to queue
[2025-02-01T03:05:26.352+0000] {logging_mixin.py:137} INFO - [2025-02-01T03:05:26.352+0000] {dagbag.py:538} INFO - Filling up the DagBag from /home/airflow/.local/lib/python3.7/site-packages/airflow/example_dags/example_branch_labels.py
[2025-02-01T03:05:26.462+0000] {processor.py:753} INFO - DAG(s) dict_keys(['example_branch_labels']) retrieved from /home/airflow/.local/lib/python3.7/site-packages/airflow/example_dags/example_branch_labels.py
[2025-02-01T03:05:26.609+0000] {logging_mixin.py:137} INFO - [2025-02-01T03:05:26.608+0000] {dag.py:2690} INFO - Sync 1 DAGs
[2025-02-01T03:05:26.747+0000] {logging_mixin.py:137} INFO - [2025-02-01T03:05:26.745+0000] {dag.py:3441} INFO - Setting next_dagrun for example_branch_labels to 2025-01-31T00:00:00+00:00, run_after=2025-02-01T00:00:00+00:00
[2025-02-01T03:05:26.836+0000] {processor.py:175} INFO - Processing /home/airflow/.local/lib/python3.7/site-packages/airflow/example_dags/example_branch_labels.py took 0.541 seconds
[2025-02-01T03:05:58.044+0000] {processor.py:153} INFO - Started process (PID=2859) to work on /home/airflow/.local/lib/python3.7/site-packages/airflow/example_dags/example_branch_labels.py
[2025-02-01T03:05:58.052+0000] {processor.py:743} INFO - Processing file /home/airflow/.local/lib/python3.7/site-packages/airflow/example_dags/example_branch_labels.py for tasks to queue
[2025-02-01T03:05:58.062+0000] {logging_mixin.py:137} INFO - [2025-02-01T03:05:58.062+0000] {dagbag.py:538} INFO - Filling up the DagBag from /home/airflow/.local/lib/python3.7/site-packages/airflow/example_dags/example_branch_labels.py
[2025-02-01T03:05:58.167+0000] {processor.py:753} INFO - DAG(s) dict_keys(['example_branch_labels']) retrieved from /home/airflow/.local/lib/python3.7/site-packages/airflow/example_dags/example_branch_labels.py
[2025-02-01T03:05:58.283+0000] {logging_mixin.py:137} INFO - [2025-02-01T03:05:58.282+0000] {dag.py:2690} INFO - Sync 1 DAGs
[2025-02-01T03:05:58.425+0000] {logging_mixin.py:137} INFO - [2025-02-01T03:05:58.423+0000] {dag.py:3441} INFO - Setting next_dagrun for example_branch_labels to 2025-01-31T00:00:00+00:00, run_after=2025-02-01T00:00:00+00:00
[2025-02-01T03:05:58.511+0000] {processor.py:175} INFO - Processing /home/airflow/.local/lib/python3.7/site-packages/airflow/example_dags/example_branch_labels.py took 0.501 seconds
[2025-02-01T03:06:29.249+0000] {processor.py:153} INFO - Started process (PID=2909) to work on /home/airflow/.local/lib/python3.7/site-packages/airflow/example_dags/example_branch_labels.py
[2025-02-01T03:06:29.251+0000] {processor.py:743} INFO - Processing file /home/airflow/.local/lib/python3.7/site-packages/airflow/example_dags/example_branch_labels.py for tasks to queue
[2025-02-01T03:06:29.255+0000] {logging_mixin.py:137} INFO - [2025-02-01T03:06:29.253+0000] {dagbag.py:538} INFO - Filling up the DagBag from /home/airflow/.local/lib/python3.7/site-packages/airflow/example_dags/example_branch_labels.py
[2025-02-01T03:06:29.315+0000] {processor.py:753} INFO - DAG(s) dict_keys(['example_branch_labels']) retrieved from /home/airflow/.local/lib/python3.7/site-packages/airflow/example_dags/example_branch_labels.py
[2025-02-01T03:06:29.413+0000] {logging_mixin.py:137} INFO - [2025-02-01T03:06:29.413+0000] {dag.py:2690} INFO - Sync 1 DAGs
[2025-02-01T03:06:29.564+0000] {logging_mixin.py:137} INFO - [2025-02-01T03:06:29.564+0000] {dag.py:3441} INFO - Setting next_dagrun for example_branch_labels to 2025-01-31T00:00:00+00:00, run_after=2025-02-01T00:00:00+00:00
[2025-02-01T03:06:29.665+0000] {processor.py:175} INFO - Processing /home/airflow/.local/lib/python3.7/site-packages/airflow/example_dags/example_branch_labels.py took 0.427 seconds
[2025-02-01T03:06:59.918+0000] {processor.py:153} INFO - Started process (PID=2968) to work on /home/airflow/.local/lib/python3.7/site-packages/airflow/example_dags/example_branch_labels.py
[2025-02-01T03:06:59.920+0000] {processor.py:743} INFO - Processing file /home/airflow/.local/lib/python3.7/site-packages/airflow/example_dags/example_branch_labels.py for tasks to queue
[2025-02-01T03:06:59.921+0000] {logging_mixin.py:137} INFO - [2025-02-01T03:06:59.921+0000] {dagbag.py:538} INFO - Filling up the DagBag from /home/airflow/.local/lib/python3.7/site-packages/airflow/example_dags/example_branch_labels.py
[2025-02-01T03:06:59.958+0000] {processor.py:753} INFO - DAG(s) dict_keys(['example_branch_labels']) retrieved from /home/airflow/.local/lib/python3.7/site-packages/airflow/example_dags/example_branch_labels.py
[2025-02-01T03:07:00.022+0000] {logging_mixin.py:137} INFO - [2025-02-01T03:07:00.022+0000] {dag.py:2690} INFO - Sync 1 DAGs
[2025-02-01T03:07:00.114+0000] {logging_mixin.py:137} INFO - [2025-02-01T03:07:00.112+0000] {dag.py:3441} INFO - Setting next_dagrun for example_branch_labels to 2025-01-31T00:00:00+00:00, run_after=2025-02-01T00:00:00+00:00
[2025-02-01T03:07:00.212+0000] {processor.py:175} INFO - Processing /home/airflow/.local/lib/python3.7/site-packages/airflow/example_dags/example_branch_labels.py took 0.302 seconds
[2025-02-01T03:07:31.059+0000] {processor.py:153} INFO - Started process (PID=3027) to work on /home/airflow/.local/lib/python3.7/site-packages/airflow/example_dags/example_branch_labels.py
[2025-02-01T03:07:31.065+0000] {processor.py:743} INFO - Processing file /home/airflow/.local/lib/python3.7/site-packages/airflow/example_dags/example_branch_labels.py for tasks to queue
[2025-02-01T03:07:31.070+0000] {logging_mixin.py:137} INFO - [2025-02-01T03:07:31.069+0000] {dagbag.py:538} INFO - Filling up the DagBag from /home/airflow/.local/lib/python3.7/site-packages/airflow/example_dags/example_branch_labels.py
[2025-02-01T03:07:31.225+0000] {processor.py:753} INFO - DAG(s) dict_keys(['example_branch_labels']) retrieved from /home/airflow/.local/lib/python3.7/site-packages/airflow/example_dags/example_branch_labels.py
[2025-02-01T03:07:31.478+0000] {logging_mixin.py:137} INFO - [2025-02-01T03:07:31.473+0000] {dag.py:2690} INFO - Sync 1 DAGs
[2025-02-01T03:07:31.783+0000] {logging_mixin.py:137} INFO - [2025-02-01T03:07:31.783+0000] {dag.py:3441} INFO - Setting next_dagrun for example_branch_labels to 2025-01-31T00:00:00+00:00, run_after=2025-02-01T00:00:00+00:00
[2025-02-01T03:07:31.943+0000] {processor.py:175} INFO - Processing /home/airflow/.local/lib/python3.7/site-packages/airflow/example_dags/example_branch_labels.py took 0.929 seconds
[2025-02-01T03:08:02.590+0000] {processor.py:153} INFO - Started process (PID=3075) to work on /home/airflow/.local/lib/python3.7/site-packages/airflow/example_dags/example_branch_labels.py
[2025-02-01T03:08:02.593+0000] {processor.py:743} INFO - Processing file /home/airflow/.local/lib/python3.7/site-packages/airflow/example_dags/example_branch_labels.py for tasks to queue
[2025-02-01T03:08:02.597+0000] {logging_mixin.py:137} INFO - [2025-02-01T03:08:02.597+0000] {dagbag.py:538} INFO - Filling up the DagBag from /home/airflow/.local/lib/python3.7/site-packages/airflow/example_dags/example_branch_labels.py
[2025-02-01T03:08:02.673+0000] {processor.py:753} INFO - DAG(s) dict_keys(['example_branch_labels']) retrieved from /home/airflow/.local/lib/python3.7/site-packages/airflow/example_dags/example_branch_labels.py
[2025-02-01T03:08:02.772+0000] {logging_mixin.py:137} INFO - [2025-02-01T03:08:02.771+0000] {dag.py:2690} INFO - Sync 1 DAGs
[2025-02-01T03:08:02.872+0000] {logging_mixin.py:137} INFO - [2025-02-01T03:08:02.872+0000] {dag.py:3441} INFO - Setting next_dagrun for example_branch_labels to 2025-01-31T00:00:00+00:00, run_after=2025-02-01T00:00:00+00:00
[2025-02-01T03:08:03.022+0000] {processor.py:175} INFO - Processing /home/airflow/.local/lib/python3.7/site-packages/airflow/example_dags/example_branch_labels.py took 0.450 seconds
[2025-02-01T03:08:33.542+0000] {processor.py:153} INFO - Started process (PID=3133) to work on /home/airflow/.local/lib/python3.7/site-packages/airflow/example_dags/example_branch_labels.py
[2025-02-01T03:08:33.544+0000] {processor.py:743} INFO - Processing file /home/airflow/.local/lib/python3.7/site-packages/airflow/example_dags/example_branch_labels.py for tasks to queue
[2025-02-01T03:08:33.546+0000] {logging_mixin.py:137} INFO - [2025-02-01T03:08:33.545+0000] {dagbag.py:538} INFO - Filling up the DagBag from /home/airflow/.local/lib/python3.7/site-packages/airflow/example_dags/example_branch_labels.py
[2025-02-01T03:08:33.627+0000] {processor.py:753} INFO - DAG(s) dict_keys(['example_branch_labels']) retrieved from /home/airflow/.local/lib/python3.7/site-packages/airflow/example_dags/example_branch_labels.py
[2025-02-01T03:08:33.702+0000] {logging_mixin.py:137} INFO - [2025-02-01T03:08:33.702+0000] {dag.py:2690} INFO - Sync 1 DAGs
[2025-02-01T03:08:33.812+0000] {logging_mixin.py:137} INFO - [2025-02-01T03:08:33.807+0000] {dag.py:3441} INFO - Setting next_dagrun for example_branch_labels to 2025-01-31T00:00:00+00:00, run_after=2025-02-01T00:00:00+00:00
[2025-02-01T03:08:33.899+0000] {processor.py:175} INFO - Processing /home/airflow/.local/lib/python3.7/site-packages/airflow/example_dags/example_branch_labels.py took 0.373 seconds
[2025-02-01T03:09:04.093+0000] {processor.py:153} INFO - Started process (PID=3191) to work on /home/airflow/.local/lib/python3.7/site-packages/airflow/example_dags/example_branch_labels.py
[2025-02-01T03:09:04.095+0000] {processor.py:743} INFO - Processing file /home/airflow/.local/lib/python3.7/site-packages/airflow/example_dags/example_branch_labels.py for tasks to queue
[2025-02-01T03:09:04.097+0000] {logging_mixin.py:137} INFO - [2025-02-01T03:09:04.096+0000] {dagbag.py:538} INFO - Filling up the DagBag from /home/airflow/.local/lib/python3.7/site-packages/airflow/example_dags/example_branch_labels.py
[2025-02-01T03:09:04.135+0000] {processor.py:753} INFO - DAG(s) dict_keys(['example_branch_labels']) retrieved from /home/airflow/.local/lib/python3.7/site-packages/airflow/example_dags/example_branch_labels.py
[2025-02-01T03:09:04.198+0000] {logging_mixin.py:137} INFO - [2025-02-01T03:09:04.198+0000] {dag.py:2690} INFO - Sync 1 DAGs
[2025-02-01T03:09:04.274+0000] {logging_mixin.py:137} INFO - [2025-02-01T03:09:04.274+0000] {dag.py:3441} INFO - Setting next_dagrun for example_branch_labels to 2025-01-31T00:00:00+00:00, run_after=2025-02-01T00:00:00+00:00
[2025-02-01T03:09:04.348+0000] {processor.py:175} INFO - Processing /home/airflow/.local/lib/python3.7/site-packages/airflow/example_dags/example_branch_labels.py took 0.262 seconds
[2025-02-01T03:09:34.430+0000] {processor.py:153} INFO - Started process (PID=3249) to work on /home/airflow/.local/lib/python3.7/site-packages/airflow/example_dags/example_branch_labels.py
[2025-02-01T03:09:34.432+0000] {processor.py:743} INFO - Processing file /home/airflow/.local/lib/python3.7/site-packages/airflow/example_dags/example_branch_labels.py for tasks to queue
[2025-02-01T03:09:34.434+0000] {logging_mixin.py:137} INFO - [2025-02-01T03:09:34.433+0000] {dagbag.py:538} INFO - Filling up the DagBag from /home/airflow/.local/lib/python3.7/site-packages/airflow/example_dags/example_branch_labels.py
[2025-02-01T03:09:34.469+0000] {processor.py:753} INFO - DAG(s) dict_keys(['example_branch_labels']) retrieved from /home/airflow/.local/lib/python3.7/site-packages/airflow/example_dags/example_branch_labels.py
[2025-02-01T03:09:34.529+0000] {logging_mixin.py:137} INFO - [2025-02-01T03:09:34.528+0000] {dag.py:2690} INFO - Sync 1 DAGs
[2025-02-01T03:09:34.597+0000] {logging_mixin.py:137} INFO - [2025-02-01T03:09:34.596+0000] {dag.py:3441} INFO - Setting next_dagrun for example_branch_labels to 2025-01-31T00:00:00+00:00, run_after=2025-02-01T00:00:00+00:00
[2025-02-01T03:09:34.640+0000] {processor.py:175} INFO - Processing /home/airflow/.local/lib/python3.7/site-packages/airflow/example_dags/example_branch_labels.py took 0.217 seconds
