[2025-02-01T02:40:26.621+0000] {processor.py:153} INFO - Started process (PID=85) to work on /home/airflow/.local/lib/python3.7/site-packages/airflow/example_dags/example_branch_day_of_week_operator.py
[2025-02-01T02:40:26.632+0000] {processor.py:743} INFO - Processing file /home/airflow/.local/lib/python3.7/site-packages/airflow/example_dags/example_branch_day_of_week_operator.py for tasks to queue
[2025-02-01T02:40:26.644+0000] {logging_mixin.py:137} INFO - [2025-02-01T02:40:26.633+0000] {dagbag.py:538} INFO - Filling up the DagBag from /home/airflow/.local/lib/python3.7/site-packages/airflow/example_dags/example_branch_day_of_week_operator.py
[2025-02-01T02:40:26.895+0000] {processor.py:753} INFO - DAG(s) dict_keys(['example_weekday_branch_operator']) retrieved from /home/airflow/.local/lib/python3.7/site-packages/airflow/example_dags/example_branch_day_of_week_operator.py
[2025-02-01T02:40:27.213+0000] {logging_mixin.py:137} INFO - [2025-02-01T02:40:27.208+0000] {dag.py:2690} INFO - Sync 1 DAGs
[2025-02-01T02:40:27.736+0000] {logging_mixin.py:137} INFO - [2025-02-01T02:40:27.735+0000] {dag.py:3441} INFO - Setting next_dagrun for example_weekday_branch_operator to 2025-01-31T00:00:00+00:00, run_after=2025-02-01T00:00:00+00:00
[2025-02-01T02:40:28.129+0000] {processor.py:175} INFO - Processing /home/airflow/.local/lib/python3.7/site-packages/airflow/example_dags/example_branch_day_of_week_operator.py took 1.554 seconds
[2025-02-01T02:40:58.706+0000] {processor.py:153} INFO - Started process (PID=135) to work on /home/airflow/.local/lib/python3.7/site-packages/airflow/example_dags/example_branch_day_of_week_operator.py
[2025-02-01T02:40:58.708+0000] {processor.py:743} INFO - Processing file /home/airflow/.local/lib/python3.7/site-packages/airflow/example_dags/example_branch_day_of_week_operator.py for tasks to queue
[2025-02-01T02:40:58.710+0000] {logging_mixin.py:137} INFO - [2025-02-01T02:40:58.709+0000] {dagbag.py:538} INFO - Filling up the DagBag from /home/airflow/.local/lib/python3.7/site-packages/airflow/example_dags/example_branch_day_of_week_operator.py
[2025-02-01T02:40:58.748+0000] {processor.py:753} INFO - DAG(s) dict_keys(['example_weekday_branch_operator']) retrieved from /home/airflow/.local/lib/python3.7/site-packages/airflow/example_dags/example_branch_day_of_week_operator.py
[2025-02-01T02:40:58.818+0000] {logging_mixin.py:137} INFO - [2025-02-01T02:40:58.817+0000] {dag.py:2690} INFO - Sync 1 DAGs
[2025-02-01T02:40:58.885+0000] {logging_mixin.py:137} INFO - [2025-02-01T02:40:58.885+0000] {dag.py:3441} INFO - Setting next_dagrun for example_weekday_branch_operator to 2025-01-31T00:00:00+00:00, run_after=2025-02-01T00:00:00+00:00
[2025-02-01T02:40:58.931+0000] {processor.py:175} INFO - Processing /home/airflow/.local/lib/python3.7/site-packages/airflow/example_dags/example_branch_day_of_week_operator.py took 0.231 seconds
[2025-02-01T02:41:29.816+0000] {processor.py:153} INFO - Started process (PID=192) to work on /home/airflow/.local/lib/python3.7/site-packages/airflow/example_dags/example_branch_day_of_week_operator.py
[2025-02-01T02:41:29.822+0000] {processor.py:743} INFO - Processing file /home/airflow/.local/lib/python3.7/site-packages/airflow/example_dags/example_branch_day_of_week_operator.py for tasks to queue
[2025-02-01T02:41:29.823+0000] {logging_mixin.py:137} INFO - [2025-02-01T02:41:29.823+0000] {dagbag.py:538} INFO - Filling up the DagBag from /home/airflow/.local/lib/python3.7/site-packages/airflow/example_dags/example_branch_day_of_week_operator.py
[2025-02-01T02:41:29.913+0000] {processor.py:753} INFO - DAG(s) dict_keys(['example_weekday_branch_operator']) retrieved from /home/airflow/.local/lib/python3.7/site-packages/airflow/example_dags/example_branch_day_of_week_operator.py
[2025-02-01T02:41:30.028+0000] {logging_mixin.py:137} INFO - [2025-02-01T02:41:30.028+0000] {dag.py:2690} INFO - Sync 1 DAGs
[2025-02-01T02:41:30.160+0000] {logging_mixin.py:137} INFO - [2025-02-01T02:41:30.159+0000] {dag.py:3441} INFO - Setting next_dagrun for example_weekday_branch_operator to 2025-01-31T00:00:00+00:00, run_after=2025-02-01T00:00:00+00:00
[2025-02-01T02:41:30.235+0000] {processor.py:175} INFO - Processing /home/airflow/.local/lib/python3.7/site-packages/airflow/example_dags/example_branch_day_of_week_operator.py took 0.439 seconds
[2025-02-01T02:42:01.150+0000] {processor.py:153} INFO - Started process (PID=251) to work on /home/airflow/.local/lib/python3.7/site-packages/airflow/example_dags/example_branch_day_of_week_operator.py
[2025-02-01T02:42:01.158+0000] {processor.py:743} INFO - Processing file /home/airflow/.local/lib/python3.7/site-packages/airflow/example_dags/example_branch_day_of_week_operator.py for tasks to queue
[2025-02-01T02:42:01.164+0000] {logging_mixin.py:137} INFO - [2025-02-01T02:42:01.159+0000] {dagbag.py:538} INFO - Filling up the DagBag from /home/airflow/.local/lib/python3.7/site-packages/airflow/example_dags/example_branch_day_of_week_operator.py
[2025-02-01T02:42:01.224+0000] {processor.py:753} INFO - DAG(s) dict_keys(['example_weekday_branch_operator']) retrieved from /home/airflow/.local/lib/python3.7/site-packages/airflow/example_dags/example_branch_day_of_week_operator.py
[2025-02-01T02:42:01.328+0000] {logging_mixin.py:137} INFO - [2025-02-01T02:42:01.327+0000] {dag.py:2690} INFO - Sync 1 DAGs
[2025-02-01T02:42:01.480+0000] {logging_mixin.py:137} INFO - [2025-02-01T02:42:01.480+0000] {dag.py:3441} INFO - Setting next_dagrun for example_weekday_branch_operator to 2025-01-31T00:00:00+00:00, run_after=2025-02-01T00:00:00+00:00
[2025-02-01T02:42:01.551+0000] {processor.py:175} INFO - Processing /home/airflow/.local/lib/python3.7/site-packages/airflow/example_dags/example_branch_day_of_week_operator.py took 0.414 seconds
[2025-02-01T02:42:31.754+0000] {processor.py:153} INFO - Started process (PID=309) to work on /home/airflow/.local/lib/python3.7/site-packages/airflow/example_dags/example_branch_day_of_week_operator.py
[2025-02-01T02:42:31.758+0000] {processor.py:743} INFO - Processing file /home/airflow/.local/lib/python3.7/site-packages/airflow/example_dags/example_branch_day_of_week_operator.py for tasks to queue
[2025-02-01T02:42:31.761+0000] {logging_mixin.py:137} INFO - [2025-02-01T02:42:31.759+0000] {dagbag.py:538} INFO - Filling up the DagBag from /home/airflow/.local/lib/python3.7/site-packages/airflow/example_dags/example_branch_day_of_week_operator.py
[2025-02-01T02:42:31.841+0000] {processor.py:753} INFO - DAG(s) dict_keys(['example_weekday_branch_operator']) retrieved from /home/airflow/.local/lib/python3.7/site-packages/airflow/example_dags/example_branch_day_of_week_operator.py
[2025-02-01T02:42:31.975+0000] {logging_mixin.py:137} INFO - [2025-02-01T02:42:31.974+0000] {dag.py:2690} INFO - Sync 1 DAGs
[2025-02-01T02:42:32.112+0000] {logging_mixin.py:137} INFO - [2025-02-01T02:42:32.112+0000] {dag.py:3441} INFO - Setting next_dagrun for example_weekday_branch_operator to 2025-01-31T00:00:00+00:00, run_after=2025-02-01T00:00:00+00:00
[2025-02-01T02:42:32.206+0000] {processor.py:175} INFO - Processing /home/airflow/.local/lib/python3.7/site-packages/airflow/example_dags/example_branch_day_of_week_operator.py took 0.464 seconds
[2025-02-01T02:43:02.696+0000] {processor.py:153} INFO - Started process (PID=361) to work on /home/airflow/.local/lib/python3.7/site-packages/airflow/example_dags/example_branch_day_of_week_operator.py
[2025-02-01T02:43:02.699+0000] {processor.py:743} INFO - Processing file /home/airflow/.local/lib/python3.7/site-packages/airflow/example_dags/example_branch_day_of_week_operator.py for tasks to queue
[2025-02-01T02:43:02.703+0000] {logging_mixin.py:137} INFO - [2025-02-01T02:43:02.703+0000] {dagbag.py:538} INFO - Filling up the DagBag from /home/airflow/.local/lib/python3.7/site-packages/airflow/example_dags/example_branch_day_of_week_operator.py
[2025-02-01T02:43:02.788+0000] {processor.py:753} INFO - DAG(s) dict_keys(['example_weekday_branch_operator']) retrieved from /home/airflow/.local/lib/python3.7/site-packages/airflow/example_dags/example_branch_day_of_week_operator.py
[2025-02-01T02:43:02.954+0000] {logging_mixin.py:137} INFO - [2025-02-01T02:43:02.954+0000] {dag.py:2690} INFO - Sync 1 DAGs
[2025-02-01T02:43:03.178+0000] {logging_mixin.py:137} INFO - [2025-02-01T02:43:03.178+0000] {dag.py:3441} INFO - Setting next_dagrun for example_weekday_branch_operator to 2025-01-31T00:00:00+00:00, run_after=2025-02-01T00:00:00+00:00
[2025-02-01T02:43:03.267+0000] {processor.py:175} INFO - Processing /home/airflow/.local/lib/python3.7/site-packages/airflow/example_dags/example_branch_day_of_week_operator.py took 0.588 seconds
[2025-02-01T02:43:33.511+0000] {processor.py:153} INFO - Started process (PID=419) to work on /home/airflow/.local/lib/python3.7/site-packages/airflow/example_dags/example_branch_day_of_week_operator.py
[2025-02-01T02:43:33.515+0000] {processor.py:743} INFO - Processing file /home/airflow/.local/lib/python3.7/site-packages/airflow/example_dags/example_branch_day_of_week_operator.py for tasks to queue
[2025-02-01T02:43:33.523+0000] {logging_mixin.py:137} INFO - [2025-02-01T02:43:33.517+0000] {dagbag.py:538} INFO - Filling up the DagBag from /home/airflow/.local/lib/python3.7/site-packages/airflow/example_dags/example_branch_day_of_week_operator.py
[2025-02-01T02:43:33.667+0000] {processor.py:753} INFO - DAG(s) dict_keys(['example_weekday_branch_operator']) retrieved from /home/airflow/.local/lib/python3.7/site-packages/airflow/example_dags/example_branch_day_of_week_operator.py
[2025-02-01T02:43:33.863+0000] {logging_mixin.py:137} INFO - [2025-02-01T02:43:33.863+0000] {dag.py:2690} INFO - Sync 1 DAGs
[2025-02-01T02:43:34.121+0000] {logging_mixin.py:137} INFO - [2025-02-01T02:43:34.121+0000] {dag.py:3441} INFO - Setting next_dagrun for example_weekday_branch_operator to 2025-01-31T00:00:00+00:00, run_after=2025-02-01T00:00:00+00:00
[2025-02-01T02:43:34.191+0000] {processor.py:175} INFO - Processing /home/airflow/.local/lib/python3.7/site-packages/airflow/example_dags/example_branch_day_of_week_operator.py took 0.714 seconds
[2025-02-01T02:44:04.860+0000] {processor.py:153} INFO - Started process (PID=477) to work on /home/airflow/.local/lib/python3.7/site-packages/airflow/example_dags/example_branch_day_of_week_operator.py
[2025-02-01T02:44:04.868+0000] {processor.py:743} INFO - Processing file /home/airflow/.local/lib/python3.7/site-packages/airflow/example_dags/example_branch_day_of_week_operator.py for tasks to queue
[2025-02-01T02:44:04.872+0000] {logging_mixin.py:137} INFO - [2025-02-01T02:44:04.872+0000] {dagbag.py:538} INFO - Filling up the DagBag from /home/airflow/.local/lib/python3.7/site-packages/airflow/example_dags/example_branch_day_of_week_operator.py
[2025-02-01T02:44:05.049+0000] {processor.py:753} INFO - DAG(s) dict_keys(['example_weekday_branch_operator']) retrieved from /home/airflow/.local/lib/python3.7/site-packages/airflow/example_dags/example_branch_day_of_week_operator.py
[2025-02-01T02:44:05.319+0000] {logging_mixin.py:137} INFO - [2025-02-01T02:44:05.319+0000] {dag.py:2690} INFO - Sync 1 DAGs
[2025-02-01T02:44:05.519+0000] {logging_mixin.py:137} INFO - [2025-02-01T02:44:05.518+0000] {dag.py:3441} INFO - Setting next_dagrun for example_weekday_branch_operator to 2025-01-31T00:00:00+00:00, run_after=2025-02-01T00:00:00+00:00
[2025-02-01T02:44:05.644+0000] {processor.py:175} INFO - Processing /home/airflow/.local/lib/python3.7/site-packages/airflow/example_dags/example_branch_day_of_week_operator.py took 0.825 seconds
[2025-02-01T02:44:36.205+0000] {processor.py:153} INFO - Started process (PID=526) to work on /home/airflow/.local/lib/python3.7/site-packages/airflow/example_dags/example_branch_day_of_week_operator.py
[2025-02-01T02:44:36.207+0000] {processor.py:743} INFO - Processing file /home/airflow/.local/lib/python3.7/site-packages/airflow/example_dags/example_branch_day_of_week_operator.py for tasks to queue
[2025-02-01T02:44:36.209+0000] {logging_mixin.py:137} INFO - [2025-02-01T02:44:36.208+0000] {dagbag.py:538} INFO - Filling up the DagBag from /home/airflow/.local/lib/python3.7/site-packages/airflow/example_dags/example_branch_day_of_week_operator.py
[2025-02-01T02:44:36.249+0000] {processor.py:753} INFO - DAG(s) dict_keys(['example_weekday_branch_operator']) retrieved from /home/airflow/.local/lib/python3.7/site-packages/airflow/example_dags/example_branch_day_of_week_operator.py
[2025-02-01T02:44:36.310+0000] {logging_mixin.py:137} INFO - [2025-02-01T02:44:36.310+0000] {dag.py:2690} INFO - Sync 1 DAGs
[2025-02-01T02:44:36.380+0000] {logging_mixin.py:137} INFO - [2025-02-01T02:44:36.380+0000] {dag.py:3441} INFO - Setting next_dagrun for example_weekday_branch_operator to 2025-01-31T00:00:00+00:00, run_after=2025-02-01T00:00:00+00:00
[2025-02-01T02:44:36.441+0000] {processor.py:175} INFO - Processing /home/airflow/.local/lib/python3.7/site-packages/airflow/example_dags/example_branch_day_of_week_operator.py took 0.243 seconds
[2025-02-01T02:45:06.658+0000] {processor.py:153} INFO - Started process (PID=585) to work on /home/airflow/.local/lib/python3.7/site-packages/airflow/example_dags/example_branch_day_of_week_operator.py
[2025-02-01T02:45:06.664+0000] {processor.py:743} INFO - Processing file /home/airflow/.local/lib/python3.7/site-packages/airflow/example_dags/example_branch_day_of_week_operator.py for tasks to queue
[2025-02-01T02:45:06.670+0000] {logging_mixin.py:137} INFO - [2025-02-01T02:45:06.666+0000] {dagbag.py:538} INFO - Filling up the DagBag from /home/airflow/.local/lib/python3.7/site-packages/airflow/example_dags/example_branch_day_of_week_operator.py
[2025-02-01T02:45:06.713+0000] {processor.py:753} INFO - DAG(s) dict_keys(['example_weekday_branch_operator']) retrieved from /home/airflow/.local/lib/python3.7/site-packages/airflow/example_dags/example_branch_day_of_week_operator.py
[2025-02-01T02:45:06.774+0000] {logging_mixin.py:137} INFO - [2025-02-01T02:45:06.773+0000] {dag.py:2690} INFO - Sync 1 DAGs
[2025-02-01T02:45:06.871+0000] {logging_mixin.py:137} INFO - [2025-02-01T02:45:06.871+0000] {dag.py:3441} INFO - Setting next_dagrun for example_weekday_branch_operator to 2025-01-31T00:00:00+00:00, run_after=2025-02-01T00:00:00+00:00
[2025-02-01T02:45:06.953+0000] {processor.py:175} INFO - Processing /home/airflow/.local/lib/python3.7/site-packages/airflow/example_dags/example_branch_day_of_week_operator.py took 0.310 seconds
[2025-02-01T02:45:37.904+0000] {processor.py:153} INFO - Started process (PID=644) to work on /home/airflow/.local/lib/python3.7/site-packages/airflow/example_dags/example_branch_day_of_week_operator.py
[2025-02-01T02:45:37.909+0000] {processor.py:743} INFO - Processing file /home/airflow/.local/lib/python3.7/site-packages/airflow/example_dags/example_branch_day_of_week_operator.py for tasks to queue
[2025-02-01T02:45:37.913+0000] {logging_mixin.py:137} INFO - [2025-02-01T02:45:37.912+0000] {dagbag.py:538} INFO - Filling up the DagBag from /home/airflow/.local/lib/python3.7/site-packages/airflow/example_dags/example_branch_day_of_week_operator.py
[2025-02-01T02:45:38.016+0000] {processor.py:753} INFO - DAG(s) dict_keys(['example_weekday_branch_operator']) retrieved from /home/airflow/.local/lib/python3.7/site-packages/airflow/example_dags/example_branch_day_of_week_operator.py
[2025-02-01T02:45:38.198+0000] {logging_mixin.py:137} INFO - [2025-02-01T02:45:38.197+0000] {dag.py:2690} INFO - Sync 1 DAGs
[2025-02-01T02:45:38.364+0000] {logging_mixin.py:137} INFO - [2025-02-01T02:45:38.364+0000] {dag.py:3441} INFO - Setting next_dagrun for example_weekday_branch_operator to 2025-01-31T00:00:00+00:00, run_after=2025-02-01T00:00:00+00:00
[2025-02-01T02:45:38.434+0000] {processor.py:175} INFO - Processing /home/airflow/.local/lib/python3.7/site-packages/airflow/example_dags/example_branch_day_of_week_operator.py took 0.549 seconds
[2025-02-01T02:46:08.812+0000] {processor.py:153} INFO - Started process (PID=701) to work on /home/airflow/.local/lib/python3.7/site-packages/airflow/example_dags/example_branch_day_of_week_operator.py
[2025-02-01T02:46:08.818+0000] {processor.py:743} INFO - Processing file /home/airflow/.local/lib/python3.7/site-packages/airflow/example_dags/example_branch_day_of_week_operator.py for tasks to queue
[2025-02-01T02:46:08.823+0000] {logging_mixin.py:137} INFO - [2025-02-01T02:46:08.820+0000] {dagbag.py:538} INFO - Filling up the DagBag from /home/airflow/.local/lib/python3.7/site-packages/airflow/example_dags/example_branch_day_of_week_operator.py
[2025-02-01T02:46:09.048+0000] {processor.py:753} INFO - DAG(s) dict_keys(['example_weekday_branch_operator']) retrieved from /home/airflow/.local/lib/python3.7/site-packages/airflow/example_dags/example_branch_day_of_week_operator.py
[2025-02-01T02:46:09.296+0000] {logging_mixin.py:137} INFO - [2025-02-01T02:46:09.295+0000] {dag.py:2690} INFO - Sync 1 DAGs
[2025-02-01T02:46:09.562+0000] {logging_mixin.py:137} INFO - [2025-02-01T02:46:09.561+0000] {dag.py:3441} INFO - Setting next_dagrun for example_weekday_branch_operator to 2025-01-31T00:00:00+00:00, run_after=2025-02-01T00:00:00+00:00
[2025-02-01T02:46:09.649+0000] {processor.py:175} INFO - Processing /home/airflow/.local/lib/python3.7/site-packages/airflow/example_dags/example_branch_day_of_week_operator.py took 0.857 seconds
[2025-02-01T02:46:40.005+0000] {processor.py:153} INFO - Started process (PID=750) to work on /home/airflow/.local/lib/python3.7/site-packages/airflow/example_dags/example_branch_day_of_week_operator.py
[2025-02-01T02:46:40.015+0000] {processor.py:743} INFO - Processing file /home/airflow/.local/lib/python3.7/site-packages/airflow/example_dags/example_branch_day_of_week_operator.py for tasks to queue
[2025-02-01T02:46:40.023+0000] {logging_mixin.py:137} INFO - [2025-02-01T02:46:40.022+0000] {dagbag.py:538} INFO - Filling up the DagBag from /home/airflow/.local/lib/python3.7/site-packages/airflow/example_dags/example_branch_day_of_week_operator.py
[2025-02-01T02:46:40.128+0000] {processor.py:753} INFO - DAG(s) dict_keys(['example_weekday_branch_operator']) retrieved from /home/airflow/.local/lib/python3.7/site-packages/airflow/example_dags/example_branch_day_of_week_operator.py
[2025-02-01T02:46:40.322+0000] {logging_mixin.py:137} INFO - [2025-02-01T02:46:40.321+0000] {dag.py:2690} INFO - Sync 1 DAGs
[2025-02-01T02:46:40.788+0000] {logging_mixin.py:137} INFO - [2025-02-01T02:46:40.788+0000] {dag.py:3441} INFO - Setting next_dagrun for example_weekday_branch_operator to 2025-01-31T00:00:00+00:00, run_after=2025-02-01T00:00:00+00:00
[2025-02-01T02:46:41.024+0000] {processor.py:175} INFO - Processing /home/airflow/.local/lib/python3.7/site-packages/airflow/example_dags/example_branch_day_of_week_operator.py took 1.057 seconds
[2025-02-01T02:47:11.878+0000] {processor.py:153} INFO - Started process (PID=810) to work on /home/airflow/.local/lib/python3.7/site-packages/airflow/example_dags/example_branch_day_of_week_operator.py
[2025-02-01T02:47:11.885+0000] {processor.py:743} INFO - Processing file /home/airflow/.local/lib/python3.7/site-packages/airflow/example_dags/example_branch_day_of_week_operator.py for tasks to queue
[2025-02-01T02:47:11.886+0000] {logging_mixin.py:137} INFO - [2025-02-01T02:47:11.886+0000] {dagbag.py:538} INFO - Filling up the DagBag from /home/airflow/.local/lib/python3.7/site-packages/airflow/example_dags/example_branch_day_of_week_operator.py
[2025-02-01T02:47:11.992+0000] {processor.py:753} INFO - DAG(s) dict_keys(['example_weekday_branch_operator']) retrieved from /home/airflow/.local/lib/python3.7/site-packages/airflow/example_dags/example_branch_day_of_week_operator.py
[2025-02-01T02:47:12.163+0000] {logging_mixin.py:137} INFO - [2025-02-01T02:47:12.162+0000] {dag.py:2690} INFO - Sync 1 DAGs
[2025-02-01T02:47:12.376+0000] {logging_mixin.py:137} INFO - [2025-02-01T02:47:12.375+0000] {dag.py:3441} INFO - Setting next_dagrun for example_weekday_branch_operator to 2025-01-31T00:00:00+00:00, run_after=2025-02-01T00:00:00+00:00
[2025-02-01T02:47:12.501+0000] {processor.py:175} INFO - Processing /home/airflow/.local/lib/python3.7/site-packages/airflow/example_dags/example_branch_day_of_week_operator.py took 0.659 seconds
[2025-02-01T02:47:42.678+0000] {processor.py:153} INFO - Started process (PID=869) to work on /home/airflow/.local/lib/python3.7/site-packages/airflow/example_dags/example_branch_day_of_week_operator.py
[2025-02-01T02:47:42.680+0000] {processor.py:743} INFO - Processing file /home/airflow/.local/lib/python3.7/site-packages/airflow/example_dags/example_branch_day_of_week_operator.py for tasks to queue
[2025-02-01T02:47:42.682+0000] {logging_mixin.py:137} INFO - [2025-02-01T02:47:42.681+0000] {dagbag.py:538} INFO - Filling up the DagBag from /home/airflow/.local/lib/python3.7/site-packages/airflow/example_dags/example_branch_day_of_week_operator.py
[2025-02-01T02:47:42.718+0000] {processor.py:753} INFO - DAG(s) dict_keys(['example_weekday_branch_operator']) retrieved from /home/airflow/.local/lib/python3.7/site-packages/airflow/example_dags/example_branch_day_of_week_operator.py
[2025-02-01T02:47:42.776+0000] {logging_mixin.py:137} INFO - [2025-02-01T02:47:42.776+0000] {dag.py:2690} INFO - Sync 1 DAGs
[2025-02-01T02:47:42.845+0000] {logging_mixin.py:137} INFO - [2025-02-01T02:47:42.844+0000] {dag.py:3441} INFO - Setting next_dagrun for example_weekday_branch_operator to 2025-01-31T00:00:00+00:00, run_after=2025-02-01T00:00:00+00:00
[2025-02-01T02:47:42.890+0000] {processor.py:175} INFO - Processing /home/airflow/.local/lib/python3.7/site-packages/airflow/example_dags/example_branch_day_of_week_operator.py took 0.219 seconds
[2025-02-01T02:48:13.318+0000] {processor.py:153} INFO - Started process (PID=928) to work on /home/airflow/.local/lib/python3.7/site-packages/airflow/example_dags/example_branch_day_of_week_operator.py
[2025-02-01T02:48:13.321+0000] {processor.py:743} INFO - Processing file /home/airflow/.local/lib/python3.7/site-packages/airflow/example_dags/example_branch_day_of_week_operator.py for tasks to queue
[2025-02-01T02:48:13.325+0000] {logging_mixin.py:137} INFO - [2025-02-01T02:48:13.325+0000] {dagbag.py:538} INFO - Filling up the DagBag from /home/airflow/.local/lib/python3.7/site-packages/airflow/example_dags/example_branch_day_of_week_operator.py
[2025-02-01T02:48:13.423+0000] {processor.py:753} INFO - DAG(s) dict_keys(['example_weekday_branch_operator']) retrieved from /home/airflow/.local/lib/python3.7/site-packages/airflow/example_dags/example_branch_day_of_week_operator.py
[2025-02-01T02:48:13.603+0000] {logging_mixin.py:137} INFO - [2025-02-01T02:48:13.599+0000] {dag.py:2690} INFO - Sync 1 DAGs
[2025-02-01T02:48:13.733+0000] {logging_mixin.py:137} INFO - [2025-02-01T02:48:13.732+0000] {dag.py:3441} INFO - Setting next_dagrun for example_weekday_branch_operator to 2025-01-31T00:00:00+00:00, run_after=2025-02-01T00:00:00+00:00
[2025-02-01T02:48:13.780+0000] {processor.py:175} INFO - Processing /home/airflow/.local/lib/python3.7/site-packages/airflow/example_dags/example_branch_day_of_week_operator.py took 0.469 seconds
[2025-02-01T02:48:43.901+0000] {processor.py:153} INFO - Started process (PID=988) to work on /home/airflow/.local/lib/python3.7/site-packages/airflow/example_dags/example_branch_day_of_week_operator.py
[2025-02-01T02:48:43.904+0000] {processor.py:743} INFO - Processing file /home/airflow/.local/lib/python3.7/site-packages/airflow/example_dags/example_branch_day_of_week_operator.py for tasks to queue
[2025-02-01T02:48:43.908+0000] {logging_mixin.py:137} INFO - [2025-02-01T02:48:43.906+0000] {dagbag.py:538} INFO - Filling up the DagBag from /home/airflow/.local/lib/python3.7/site-packages/airflow/example_dags/example_branch_day_of_week_operator.py
[2025-02-01T02:48:43.985+0000] {processor.py:753} INFO - DAG(s) dict_keys(['example_weekday_branch_operator']) retrieved from /home/airflow/.local/lib/python3.7/site-packages/airflow/example_dags/example_branch_day_of_week_operator.py
[2025-02-01T02:48:44.059+0000] {logging_mixin.py:137} INFO - [2025-02-01T02:48:44.058+0000] {dag.py:2690} INFO - Sync 1 DAGs
[2025-02-01T02:48:44.126+0000] {logging_mixin.py:137} INFO - [2025-02-01T02:48:44.126+0000] {dag.py:3441} INFO - Setting next_dagrun for example_weekday_branch_operator to 2025-01-31T00:00:00+00:00, run_after=2025-02-01T00:00:00+00:00
[2025-02-01T02:48:44.193+0000] {processor.py:175} INFO - Processing /home/airflow/.local/lib/python3.7/site-packages/airflow/example_dags/example_branch_day_of_week_operator.py took 0.308 seconds
[2025-02-01T02:49:14.938+0000] {processor.py:153} INFO - Started process (PID=1046) to work on /home/airflow/.local/lib/python3.7/site-packages/airflow/example_dags/example_branch_day_of_week_operator.py
[2025-02-01T02:49:14.942+0000] {processor.py:743} INFO - Processing file /home/airflow/.local/lib/python3.7/site-packages/airflow/example_dags/example_branch_day_of_week_operator.py for tasks to queue
[2025-02-01T02:49:14.943+0000] {logging_mixin.py:137} INFO - [2025-02-01T02:49:14.943+0000] {dagbag.py:538} INFO - Filling up the DagBag from /home/airflow/.local/lib/python3.7/site-packages/airflow/example_dags/example_branch_day_of_week_operator.py
[2025-02-01T02:49:14.991+0000] {processor.py:753} INFO - DAG(s) dict_keys(['example_weekday_branch_operator']) retrieved from /home/airflow/.local/lib/python3.7/site-packages/airflow/example_dags/example_branch_day_of_week_operator.py
[2025-02-01T02:49:15.110+0000] {logging_mixin.py:137} INFO - [2025-02-01T02:49:15.110+0000] {dag.py:2690} INFO - Sync 1 DAGs
[2025-02-01T02:49:15.347+0000] {logging_mixin.py:137} INFO - [2025-02-01T02:49:15.347+0000] {dag.py:3441} INFO - Setting next_dagrun for example_weekday_branch_operator to 2025-01-31T00:00:00+00:00, run_after=2025-02-01T00:00:00+00:00
[2025-02-01T02:49:15.434+0000] {processor.py:175} INFO - Processing /home/airflow/.local/lib/python3.7/site-packages/airflow/example_dags/example_branch_day_of_week_operator.py took 0.513 seconds
[2025-02-01T02:49:45.955+0000] {processor.py:153} INFO - Started process (PID=1095) to work on /home/airflow/.local/lib/python3.7/site-packages/airflow/example_dags/example_branch_day_of_week_operator.py
[2025-02-01T02:49:45.957+0000] {processor.py:743} INFO - Processing file /home/airflow/.local/lib/python3.7/site-packages/airflow/example_dags/example_branch_day_of_week_operator.py for tasks to queue
[2025-02-01T02:49:45.958+0000] {logging_mixin.py:137} INFO - [2025-02-01T02:49:45.958+0000] {dagbag.py:538} INFO - Filling up the DagBag from /home/airflow/.local/lib/python3.7/site-packages/airflow/example_dags/example_branch_day_of_week_operator.py
[2025-02-01T02:49:45.995+0000] {processor.py:753} INFO - DAG(s) dict_keys(['example_weekday_branch_operator']) retrieved from /home/airflow/.local/lib/python3.7/site-packages/airflow/example_dags/example_branch_day_of_week_operator.py
[2025-02-01T02:49:46.053+0000] {logging_mixin.py:137} INFO - [2025-02-01T02:49:46.053+0000] {dag.py:2690} INFO - Sync 1 DAGs
[2025-02-01T02:49:46.121+0000] {logging_mixin.py:137} INFO - [2025-02-01T02:49:46.120+0000] {dag.py:3441} INFO - Setting next_dagrun for example_weekday_branch_operator to 2025-01-31T00:00:00+00:00, run_after=2025-02-01T00:00:00+00:00
[2025-02-01T02:49:46.172+0000] {processor.py:175} INFO - Processing /home/airflow/.local/lib/python3.7/site-packages/airflow/example_dags/example_branch_day_of_week_operator.py took 0.225 seconds
[2025-02-01T02:50:16.977+0000] {processor.py:153} INFO - Started process (PID=1154) to work on /home/airflow/.local/lib/python3.7/site-packages/airflow/example_dags/example_branch_day_of_week_operator.py
[2025-02-01T02:50:16.981+0000] {processor.py:743} INFO - Processing file /home/airflow/.local/lib/python3.7/site-packages/airflow/example_dags/example_branch_day_of_week_operator.py for tasks to queue
[2025-02-01T02:50:16.985+0000] {logging_mixin.py:137} INFO - [2025-02-01T02:50:16.983+0000] {dagbag.py:538} INFO - Filling up the DagBag from /home/airflow/.local/lib/python3.7/site-packages/airflow/example_dags/example_branch_day_of_week_operator.py
[2025-02-01T02:50:17.051+0000] {processor.py:753} INFO - DAG(s) dict_keys(['example_weekday_branch_operator']) retrieved from /home/airflow/.local/lib/python3.7/site-packages/airflow/example_dags/example_branch_day_of_week_operator.py
[2025-02-01T02:50:17.217+0000] {logging_mixin.py:137} INFO - [2025-02-01T02:50:17.215+0000] {dag.py:2690} INFO - Sync 1 DAGs
[2025-02-01T02:50:17.396+0000] {logging_mixin.py:137} INFO - [2025-02-01T02:50:17.396+0000] {dag.py:3441} INFO - Setting next_dagrun for example_weekday_branch_operator to 2025-01-31T00:00:00+00:00, run_after=2025-02-01T00:00:00+00:00
[2025-02-01T02:50:17.524+0000] {processor.py:175} INFO - Processing /home/airflow/.local/lib/python3.7/site-packages/airflow/example_dags/example_branch_day_of_week_operator.py took 0.575 seconds
[2025-02-01T02:50:48.544+0000] {processor.py:153} INFO - Started process (PID=1213) to work on /home/airflow/.local/lib/python3.7/site-packages/airflow/example_dags/example_branch_day_of_week_operator.py
[2025-02-01T02:50:48.550+0000] {processor.py:743} INFO - Processing file /home/airflow/.local/lib/python3.7/site-packages/airflow/example_dags/example_branch_day_of_week_operator.py for tasks to queue
[2025-02-01T02:50:48.556+0000] {logging_mixin.py:137} INFO - [2025-02-01T02:50:48.556+0000] {dagbag.py:538} INFO - Filling up the DagBag from /home/airflow/.local/lib/python3.7/site-packages/airflow/example_dags/example_branch_day_of_week_operator.py
[2025-02-01T02:50:48.780+0000] {processor.py:753} INFO - DAG(s) dict_keys(['example_weekday_branch_operator']) retrieved from /home/airflow/.local/lib/python3.7/site-packages/airflow/example_dags/example_branch_day_of_week_operator.py
[2025-02-01T02:50:49.128+0000] {logging_mixin.py:137} INFO - [2025-02-01T02:50:49.127+0000] {dag.py:2690} INFO - Sync 1 DAGs
[2025-02-01T02:50:49.505+0000] {logging_mixin.py:137} INFO - [2025-02-01T02:50:49.502+0000] {dag.py:3441} INFO - Setting next_dagrun for example_weekday_branch_operator to 2025-01-31T00:00:00+00:00, run_after=2025-02-01T00:00:00+00:00
[2025-02-01T02:50:49.686+0000] {processor.py:175} INFO - Processing /home/airflow/.local/lib/python3.7/site-packages/airflow/example_dags/example_branch_day_of_week_operator.py took 1.172 seconds
[2025-02-01T02:51:20.063+0000] {processor.py:153} INFO - Started process (PID=1261) to work on /home/airflow/.local/lib/python3.7/site-packages/airflow/example_dags/example_branch_day_of_week_operator.py
[2025-02-01T02:51:20.067+0000] {processor.py:743} INFO - Processing file /home/airflow/.local/lib/python3.7/site-packages/airflow/example_dags/example_branch_day_of_week_operator.py for tasks to queue
[2025-02-01T02:51:20.069+0000] {logging_mixin.py:137} INFO - [2025-02-01T02:51:20.068+0000] {dagbag.py:538} INFO - Filling up the DagBag from /home/airflow/.local/lib/python3.7/site-packages/airflow/example_dags/example_branch_day_of_week_operator.py
[2025-02-01T02:51:20.147+0000] {processor.py:753} INFO - DAG(s) dict_keys(['example_weekday_branch_operator']) retrieved from /home/airflow/.local/lib/python3.7/site-packages/airflow/example_dags/example_branch_day_of_week_operator.py
[2025-02-01T02:51:20.273+0000] {logging_mixin.py:137} INFO - [2025-02-01T02:51:20.272+0000] {dag.py:2690} INFO - Sync 1 DAGs
[2025-02-01T02:51:20.340+0000] {logging_mixin.py:137} INFO - [2025-02-01T02:51:20.340+0000] {dag.py:3441} INFO - Setting next_dagrun for example_weekday_branch_operator to 2025-01-31T00:00:00+00:00, run_after=2025-02-01T00:00:00+00:00
[2025-02-01T02:51:20.414+0000] {processor.py:175} INFO - Processing /home/airflow/.local/lib/python3.7/site-packages/airflow/example_dags/example_branch_day_of_week_operator.py took 0.367 seconds
[2025-02-01T02:51:50.712+0000] {processor.py:153} INFO - Started process (PID=1320) to work on /home/airflow/.local/lib/python3.7/site-packages/airflow/example_dags/example_branch_day_of_week_operator.py
[2025-02-01T02:51:50.724+0000] {processor.py:743} INFO - Processing file /home/airflow/.local/lib/python3.7/site-packages/airflow/example_dags/example_branch_day_of_week_operator.py for tasks to queue
[2025-02-01T02:51:50.728+0000] {logging_mixin.py:137} INFO - [2025-02-01T02:51:50.726+0000] {dagbag.py:538} INFO - Filling up the DagBag from /home/airflow/.local/lib/python3.7/site-packages/airflow/example_dags/example_branch_day_of_week_operator.py
[2025-02-01T02:51:50.862+0000] {processor.py:753} INFO - DAG(s) dict_keys(['example_weekday_branch_operator']) retrieved from /home/airflow/.local/lib/python3.7/site-packages/airflow/example_dags/example_branch_day_of_week_operator.py
[2025-02-01T02:51:51.045+0000] {logging_mixin.py:137} INFO - [2025-02-01T02:51:51.042+0000] {dag.py:2690} INFO - Sync 1 DAGs
[2025-02-01T02:51:51.189+0000] {logging_mixin.py:137} INFO - [2025-02-01T02:51:51.189+0000] {dag.py:3441} INFO - Setting next_dagrun for example_weekday_branch_operator to 2025-01-31T00:00:00+00:00, run_after=2025-02-01T00:00:00+00:00
[2025-02-01T02:51:51.271+0000] {processor.py:175} INFO - Processing /home/airflow/.local/lib/python3.7/site-packages/airflow/example_dags/example_branch_day_of_week_operator.py took 0.598 seconds
[2025-02-01T02:52:21.358+0000] {processor.py:153} INFO - Started process (PID=1378) to work on /home/airflow/.local/lib/python3.7/site-packages/airflow/example_dags/example_branch_day_of_week_operator.py
[2025-02-01T02:52:21.360+0000] {processor.py:743} INFO - Processing file /home/airflow/.local/lib/python3.7/site-packages/airflow/example_dags/example_branch_day_of_week_operator.py for tasks to queue
[2025-02-01T02:52:21.361+0000] {logging_mixin.py:137} INFO - [2025-02-01T02:52:21.361+0000] {dagbag.py:538} INFO - Filling up the DagBag from /home/airflow/.local/lib/python3.7/site-packages/airflow/example_dags/example_branch_day_of_week_operator.py
[2025-02-01T02:52:21.398+0000] {processor.py:753} INFO - DAG(s) dict_keys(['example_weekday_branch_operator']) retrieved from /home/airflow/.local/lib/python3.7/site-packages/airflow/example_dags/example_branch_day_of_week_operator.py
[2025-02-01T02:52:21.459+0000] {logging_mixin.py:137} INFO - [2025-02-01T02:52:21.459+0000] {dag.py:2690} INFO - Sync 1 DAGs
[2025-02-01T02:52:21.525+0000] {logging_mixin.py:137} INFO - [2025-02-01T02:52:21.525+0000] {dag.py:3441} INFO - Setting next_dagrun for example_weekday_branch_operator to 2025-01-31T00:00:00+00:00, run_after=2025-02-01T00:00:00+00:00
[2025-02-01T02:52:21.576+0000] {processor.py:175} INFO - Processing /home/airflow/.local/lib/python3.7/site-packages/airflow/example_dags/example_branch_day_of_week_operator.py took 0.225 seconds
[2025-02-01T02:52:51.830+0000] {processor.py:153} INFO - Started process (PID=1437) to work on /home/airflow/.local/lib/python3.7/site-packages/airflow/example_dags/example_branch_day_of_week_operator.py
[2025-02-01T02:52:51.834+0000] {processor.py:743} INFO - Processing file /home/airflow/.local/lib/python3.7/site-packages/airflow/example_dags/example_branch_day_of_week_operator.py for tasks to queue
[2025-02-01T02:52:51.838+0000] {logging_mixin.py:137} INFO - [2025-02-01T02:52:51.835+0000] {dagbag.py:538} INFO - Filling up the DagBag from /home/airflow/.local/lib/python3.7/site-packages/airflow/example_dags/example_branch_day_of_week_operator.py
[2025-02-01T02:52:51.905+0000] {processor.py:753} INFO - DAG(s) dict_keys(['example_weekday_branch_operator']) retrieved from /home/airflow/.local/lib/python3.7/site-packages/airflow/example_dags/example_branch_day_of_week_operator.py
[2025-02-01T02:52:52.003+0000] {logging_mixin.py:137} INFO - [2025-02-01T02:52:52.002+0000] {dag.py:2690} INFO - Sync 1 DAGs
[2025-02-01T02:52:52.078+0000] {logging_mixin.py:137} INFO - [2025-02-01T02:52:52.078+0000] {dag.py:3441} INFO - Setting next_dagrun for example_weekday_branch_operator to 2025-01-31T00:00:00+00:00, run_after=2025-02-01T00:00:00+00:00
[2025-02-01T02:52:52.146+0000] {processor.py:175} INFO - Processing /home/airflow/.local/lib/python3.7/site-packages/airflow/example_dags/example_branch_day_of_week_operator.py took 0.329 seconds
[2025-02-01T02:53:22.451+0000] {processor.py:153} INFO - Started process (PID=1495) to work on /home/airflow/.local/lib/python3.7/site-packages/airflow/example_dags/example_branch_day_of_week_operator.py
[2025-02-01T02:53:22.454+0000] {processor.py:743} INFO - Processing file /home/airflow/.local/lib/python3.7/site-packages/airflow/example_dags/example_branch_day_of_week_operator.py for tasks to queue
[2025-02-01T02:53:22.457+0000] {logging_mixin.py:137} INFO - [2025-02-01T02:53:22.457+0000] {dagbag.py:538} INFO - Filling up the DagBag from /home/airflow/.local/lib/python3.7/site-packages/airflow/example_dags/example_branch_day_of_week_operator.py
[2025-02-01T02:53:22.540+0000] {processor.py:753} INFO - DAG(s) dict_keys(['example_weekday_branch_operator']) retrieved from /home/airflow/.local/lib/python3.7/site-packages/airflow/example_dags/example_branch_day_of_week_operator.py
[2025-02-01T02:53:22.655+0000] {logging_mixin.py:137} INFO - [2025-02-01T02:53:22.654+0000] {dag.py:2690} INFO - Sync 1 DAGs
[2025-02-01T02:53:22.779+0000] {logging_mixin.py:137} INFO - [2025-02-01T02:53:22.779+0000] {dag.py:3441} INFO - Setting next_dagrun for example_weekday_branch_operator to 2025-01-31T00:00:00+00:00, run_after=2025-02-01T00:00:00+00:00
[2025-02-01T02:53:22.844+0000] {processor.py:175} INFO - Processing /home/airflow/.local/lib/python3.7/site-packages/airflow/example_dags/example_branch_day_of_week_operator.py took 0.409 seconds
[2025-02-01T02:53:53.342+0000] {processor.py:153} INFO - Started process (PID=1545) to work on /home/airflow/.local/lib/python3.7/site-packages/airflow/example_dags/example_branch_day_of_week_operator.py
[2025-02-01T02:53:53.345+0000] {processor.py:743} INFO - Processing file /home/airflow/.local/lib/python3.7/site-packages/airflow/example_dags/example_branch_day_of_week_operator.py for tasks to queue
[2025-02-01T02:53:53.349+0000] {logging_mixin.py:137} INFO - [2025-02-01T02:53:53.349+0000] {dagbag.py:538} INFO - Filling up the DagBag from /home/airflow/.local/lib/python3.7/site-packages/airflow/example_dags/example_branch_day_of_week_operator.py
[2025-02-01T02:53:53.468+0000] {processor.py:753} INFO - DAG(s) dict_keys(['example_weekday_branch_operator']) retrieved from /home/airflow/.local/lib/python3.7/site-packages/airflow/example_dags/example_branch_day_of_week_operator.py
[2025-02-01T02:53:53.664+0000] {logging_mixin.py:137} INFO - [2025-02-01T02:53:53.661+0000] {dag.py:2690} INFO - Sync 1 DAGs
[2025-02-01T02:53:53.886+0000] {logging_mixin.py:137} INFO - [2025-02-01T02:53:53.886+0000] {dag.py:3441} INFO - Setting next_dagrun for example_weekday_branch_operator to 2025-01-31T00:00:00+00:00, run_after=2025-02-01T00:00:00+00:00
[2025-02-01T02:53:54.048+0000] {processor.py:175} INFO - Processing /home/airflow/.local/lib/python3.7/site-packages/airflow/example_dags/example_branch_day_of_week_operator.py took 0.728 seconds
[2025-02-01T02:54:24.870+0000] {processor.py:153} INFO - Started process (PID=1603) to work on /home/airflow/.local/lib/python3.7/site-packages/airflow/example_dags/example_branch_day_of_week_operator.py
[2025-02-01T02:54:24.875+0000] {processor.py:743} INFO - Processing file /home/airflow/.local/lib/python3.7/site-packages/airflow/example_dags/example_branch_day_of_week_operator.py for tasks to queue
[2025-02-01T02:54:24.885+0000] {logging_mixin.py:137} INFO - [2025-02-01T02:54:24.877+0000] {dagbag.py:538} INFO - Filling up the DagBag from /home/airflow/.local/lib/python3.7/site-packages/airflow/example_dags/example_branch_day_of_week_operator.py
[2025-02-01T02:54:25.092+0000] {processor.py:753} INFO - DAG(s) dict_keys(['example_weekday_branch_operator']) retrieved from /home/airflow/.local/lib/python3.7/site-packages/airflow/example_dags/example_branch_day_of_week_operator.py
[2025-02-01T02:54:25.206+0000] {logging_mixin.py:137} INFO - [2025-02-01T02:54:25.206+0000] {dag.py:2690} INFO - Sync 1 DAGs
[2025-02-01T02:54:25.364+0000] {logging_mixin.py:137} INFO - [2025-02-01T02:54:25.364+0000] {dag.py:3441} INFO - Setting next_dagrun for example_weekday_branch_operator to 2025-01-31T00:00:00+00:00, run_after=2025-02-01T00:00:00+00:00
[2025-02-01T02:54:25.435+0000] {processor.py:175} INFO - Processing /home/airflow/.local/lib/python3.7/site-packages/airflow/example_dags/example_branch_day_of_week_operator.py took 0.601 seconds
[2025-02-01T02:54:56.215+0000] {processor.py:153} INFO - Started process (PID=1663) to work on /home/airflow/.local/lib/python3.7/site-packages/airflow/example_dags/example_branch_day_of_week_operator.py
[2025-02-01T02:54:56.217+0000] {processor.py:743} INFO - Processing file /home/airflow/.local/lib/python3.7/site-packages/airflow/example_dags/example_branch_day_of_week_operator.py for tasks to queue
[2025-02-01T02:54:56.219+0000] {logging_mixin.py:137} INFO - [2025-02-01T02:54:56.218+0000] {dagbag.py:538} INFO - Filling up the DagBag from /home/airflow/.local/lib/python3.7/site-packages/airflow/example_dags/example_branch_day_of_week_operator.py
[2025-02-01T02:54:56.256+0000] {processor.py:753} INFO - DAG(s) dict_keys(['example_weekday_branch_operator']) retrieved from /home/airflow/.local/lib/python3.7/site-packages/airflow/example_dags/example_branch_day_of_week_operator.py
[2025-02-01T02:54:56.315+0000] {logging_mixin.py:137} INFO - [2025-02-01T02:54:56.315+0000] {dag.py:2690} INFO - Sync 1 DAGs
[2025-02-01T02:54:56.391+0000] {logging_mixin.py:137} INFO - [2025-02-01T02:54:56.390+0000] {dag.py:3441} INFO - Setting next_dagrun for example_weekday_branch_operator to 2025-01-31T00:00:00+00:00, run_after=2025-02-01T00:00:00+00:00
[2025-02-01T02:54:56.446+0000] {processor.py:175} INFO - Processing /home/airflow/.local/lib/python3.7/site-packages/airflow/example_dags/example_branch_day_of_week_operator.py took 0.239 seconds
[2025-02-01T02:55:26.897+0000] {processor.py:153} INFO - Started process (PID=1722) to work on /home/airflow/.local/lib/python3.7/site-packages/airflow/example_dags/example_branch_day_of_week_operator.py
[2025-02-01T02:55:26.899+0000] {processor.py:743} INFO - Processing file /home/airflow/.local/lib/python3.7/site-packages/airflow/example_dags/example_branch_day_of_week_operator.py for tasks to queue
[2025-02-01T02:55:26.901+0000] {logging_mixin.py:137} INFO - [2025-02-01T02:55:26.900+0000] {dagbag.py:538} INFO - Filling up the DagBag from /home/airflow/.local/lib/python3.7/site-packages/airflow/example_dags/example_branch_day_of_week_operator.py
[2025-02-01T02:55:26.969+0000] {processor.py:753} INFO - DAG(s) dict_keys(['example_weekday_branch_operator']) retrieved from /home/airflow/.local/lib/python3.7/site-packages/airflow/example_dags/example_branch_day_of_week_operator.py
[2025-02-01T02:55:27.085+0000] {logging_mixin.py:137} INFO - [2025-02-01T02:55:27.085+0000] {dag.py:2690} INFO - Sync 1 DAGs
[2025-02-01T02:55:27.205+0000] {logging_mixin.py:137} INFO - [2025-02-01T02:55:27.205+0000] {dag.py:3441} INFO - Setting next_dagrun for example_weekday_branch_operator to 2025-01-31T00:00:00+00:00, run_after=2025-02-01T00:00:00+00:00
[2025-02-01T02:55:27.253+0000] {processor.py:175} INFO - Processing /home/airflow/.local/lib/python3.7/site-packages/airflow/example_dags/example_branch_day_of_week_operator.py took 0.371 seconds
[2025-02-01T02:55:57.944+0000] {processor.py:153} INFO - Started process (PID=1781) to work on /home/airflow/.local/lib/python3.7/site-packages/airflow/example_dags/example_branch_day_of_week_operator.py
[2025-02-01T02:55:57.949+0000] {processor.py:743} INFO - Processing file /home/airflow/.local/lib/python3.7/site-packages/airflow/example_dags/example_branch_day_of_week_operator.py for tasks to queue
[2025-02-01T02:55:57.958+0000] {logging_mixin.py:137} INFO - [2025-02-01T02:55:57.951+0000] {dagbag.py:538} INFO - Filling up the DagBag from /home/airflow/.local/lib/python3.7/site-packages/airflow/example_dags/example_branch_day_of_week_operator.py
[2025-02-01T02:55:58.084+0000] {processor.py:753} INFO - DAG(s) dict_keys(['example_weekday_branch_operator']) retrieved from /home/airflow/.local/lib/python3.7/site-packages/airflow/example_dags/example_branch_day_of_week_operator.py
[2025-02-01T02:55:58.219+0000] {logging_mixin.py:137} INFO - [2025-02-01T02:55:58.218+0000] {dag.py:2690} INFO - Sync 1 DAGs
[2025-02-01T02:55:58.421+0000] {logging_mixin.py:137} INFO - [2025-02-01T02:55:58.417+0000] {dag.py:3441} INFO - Setting next_dagrun for example_weekday_branch_operator to 2025-01-31T00:00:00+00:00, run_after=2025-02-01T00:00:00+00:00
[2025-02-01T02:55:58.542+0000] {processor.py:175} INFO - Processing /home/airflow/.local/lib/python3.7/site-packages/airflow/example_dags/example_branch_day_of_week_operator.py took 0.635 seconds
[2025-02-01T02:56:28.639+0000] {processor.py:153} INFO - Started process (PID=1829) to work on /home/airflow/.local/lib/python3.7/site-packages/airflow/example_dags/example_branch_day_of_week_operator.py
[2025-02-01T02:56:28.641+0000] {processor.py:743} INFO - Processing file /home/airflow/.local/lib/python3.7/site-packages/airflow/example_dags/example_branch_day_of_week_operator.py for tasks to queue
[2025-02-01T02:56:28.643+0000] {logging_mixin.py:137} INFO - [2025-02-01T02:56:28.642+0000] {dagbag.py:538} INFO - Filling up the DagBag from /home/airflow/.local/lib/python3.7/site-packages/airflow/example_dags/example_branch_day_of_week_operator.py
[2025-02-01T02:56:28.680+0000] {processor.py:753} INFO - DAG(s) dict_keys(['example_weekday_branch_operator']) retrieved from /home/airflow/.local/lib/python3.7/site-packages/airflow/example_dags/example_branch_day_of_week_operator.py
[2025-02-01T02:56:28.744+0000] {logging_mixin.py:137} INFO - [2025-02-01T02:56:28.744+0000] {dag.py:2690} INFO - Sync 1 DAGs
[2025-02-01T02:56:28.815+0000] {logging_mixin.py:137} INFO - [2025-02-01T02:56:28.815+0000] {dag.py:3441} INFO - Setting next_dagrun for example_weekday_branch_operator to 2025-01-31T00:00:00+00:00, run_after=2025-02-01T00:00:00+00:00
[2025-02-01T02:56:28.863+0000] {processor.py:175} INFO - Processing /home/airflow/.local/lib/python3.7/site-packages/airflow/example_dags/example_branch_day_of_week_operator.py took 0.231 seconds
[2025-02-01T02:56:59.249+0000] {processor.py:153} INFO - Started process (PID=1888) to work on /home/airflow/.local/lib/python3.7/site-packages/airflow/example_dags/example_branch_day_of_week_operator.py
[2025-02-01T02:56:59.252+0000] {processor.py:743} INFO - Processing file /home/airflow/.local/lib/python3.7/site-packages/airflow/example_dags/example_branch_day_of_week_operator.py for tasks to queue
[2025-02-01T02:56:59.257+0000] {logging_mixin.py:137} INFO - [2025-02-01T02:56:59.254+0000] {dagbag.py:538} INFO - Filling up the DagBag from /home/airflow/.local/lib/python3.7/site-packages/airflow/example_dags/example_branch_day_of_week_operator.py
[2025-02-01T02:56:59.295+0000] {processor.py:753} INFO - DAG(s) dict_keys(['example_weekday_branch_operator']) retrieved from /home/airflow/.local/lib/python3.7/site-packages/airflow/example_dags/example_branch_day_of_week_operator.py
[2025-02-01T02:56:59.354+0000] {logging_mixin.py:137} INFO - [2025-02-01T02:56:59.354+0000] {dag.py:2690} INFO - Sync 1 DAGs
[2025-02-01T02:56:59.421+0000] {logging_mixin.py:137} INFO - [2025-02-01T02:56:59.421+0000] {dag.py:3441} INFO - Setting next_dagrun for example_weekday_branch_operator to 2025-01-31T00:00:00+00:00, run_after=2025-02-01T00:00:00+00:00
[2025-02-01T02:56:59.499+0000] {processor.py:175} INFO - Processing /home/airflow/.local/lib/python3.7/site-packages/airflow/example_dags/example_branch_day_of_week_operator.py took 0.265 seconds
[2025-02-01T02:57:30.657+0000] {processor.py:153} INFO - Started process (PID=1948) to work on /home/airflow/.local/lib/python3.7/site-packages/airflow/example_dags/example_branch_day_of_week_operator.py
[2025-02-01T02:57:30.667+0000] {processor.py:743} INFO - Processing file /home/airflow/.local/lib/python3.7/site-packages/airflow/example_dags/example_branch_day_of_week_operator.py for tasks to queue
[2025-02-01T02:57:30.673+0000] {logging_mixin.py:137} INFO - [2025-02-01T02:57:30.669+0000] {dagbag.py:538} INFO - Filling up the DagBag from /home/airflow/.local/lib/python3.7/site-packages/airflow/example_dags/example_branch_day_of_week_operator.py
[2025-02-01T02:57:30.828+0000] {processor.py:753} INFO - DAG(s) dict_keys(['example_weekday_branch_operator']) retrieved from /home/airflow/.local/lib/python3.7/site-packages/airflow/example_dags/example_branch_day_of_week_operator.py
[2025-02-01T02:57:31.082+0000] {logging_mixin.py:137} INFO - [2025-02-01T02:57:31.080+0000] {dag.py:2690} INFO - Sync 1 DAGs
[2025-02-01T02:57:31.424+0000] {logging_mixin.py:137} INFO - [2025-02-01T02:57:31.415+0000] {dag.py:3441} INFO - Setting next_dagrun for example_weekday_branch_operator to 2025-01-31T00:00:00+00:00, run_after=2025-02-01T00:00:00+00:00
[2025-02-01T02:57:31.628+0000] {processor.py:175} INFO - Processing /home/airflow/.local/lib/python3.7/site-packages/airflow/example_dags/example_branch_day_of_week_operator.py took 0.995 seconds
[2025-02-01T02:58:01.727+0000] {processor.py:153} INFO - Started process (PID=1996) to work on /home/airflow/.local/lib/python3.7/site-packages/airflow/example_dags/example_branch_day_of_week_operator.py
[2025-02-01T02:58:01.729+0000] {processor.py:743} INFO - Processing file /home/airflow/.local/lib/python3.7/site-packages/airflow/example_dags/example_branch_day_of_week_operator.py for tasks to queue
[2025-02-01T02:58:01.730+0000] {logging_mixin.py:137} INFO - [2025-02-01T02:58:01.730+0000] {dagbag.py:538} INFO - Filling up the DagBag from /home/airflow/.local/lib/python3.7/site-packages/airflow/example_dags/example_branch_day_of_week_operator.py
[2025-02-01T02:58:01.768+0000] {processor.py:753} INFO - DAG(s) dict_keys(['example_weekday_branch_operator']) retrieved from /home/airflow/.local/lib/python3.7/site-packages/airflow/example_dags/example_branch_day_of_week_operator.py
[2025-02-01T02:58:01.842+0000] {logging_mixin.py:137} INFO - [2025-02-01T02:58:01.842+0000] {dag.py:2690} INFO - Sync 1 DAGs
[2025-02-01T02:58:01.937+0000] {logging_mixin.py:137} INFO - [2025-02-01T02:58:01.936+0000] {dag.py:3441} INFO - Setting next_dagrun for example_weekday_branch_operator to 2025-01-31T00:00:00+00:00, run_after=2025-02-01T00:00:00+00:00
[2025-02-01T02:58:02.030+0000] {processor.py:175} INFO - Processing /home/airflow/.local/lib/python3.7/site-packages/airflow/example_dags/example_branch_day_of_week_operator.py took 0.310 seconds
[2025-02-01T02:58:32.237+0000] {processor.py:153} INFO - Started process (PID=2055) to work on /home/airflow/.local/lib/python3.7/site-packages/airflow/example_dags/example_branch_day_of_week_operator.py
[2025-02-01T02:58:32.239+0000] {processor.py:743} INFO - Processing file /home/airflow/.local/lib/python3.7/site-packages/airflow/example_dags/example_branch_day_of_week_operator.py for tasks to queue
[2025-02-01T02:58:32.241+0000] {logging_mixin.py:137} INFO - [2025-02-01T02:58:32.240+0000] {dagbag.py:538} INFO - Filling up the DagBag from /home/airflow/.local/lib/python3.7/site-packages/airflow/example_dags/example_branch_day_of_week_operator.py
[2025-02-01T02:58:32.280+0000] {processor.py:753} INFO - DAG(s) dict_keys(['example_weekday_branch_operator']) retrieved from /home/airflow/.local/lib/python3.7/site-packages/airflow/example_dags/example_branch_day_of_week_operator.py
[2025-02-01T02:58:32.341+0000] {logging_mixin.py:137} INFO - [2025-02-01T02:58:32.340+0000] {dag.py:2690} INFO - Sync 1 DAGs
[2025-02-01T02:58:32.412+0000] {logging_mixin.py:137} INFO - [2025-02-01T02:58:32.412+0000] {dag.py:3441} INFO - Setting next_dagrun for example_weekday_branch_operator to 2025-01-31T00:00:00+00:00, run_after=2025-02-01T00:00:00+00:00
[2025-02-01T02:58:32.465+0000] {processor.py:175} INFO - Processing /home/airflow/.local/lib/python3.7/site-packages/airflow/example_dags/example_branch_day_of_week_operator.py took 0.238 seconds
[2025-02-01T02:59:02.853+0000] {processor.py:153} INFO - Started process (PID=2113) to work on /home/airflow/.local/lib/python3.7/site-packages/airflow/example_dags/example_branch_day_of_week_operator.py
[2025-02-01T02:59:02.862+0000] {processor.py:743} INFO - Processing file /home/airflow/.local/lib/python3.7/site-packages/airflow/example_dags/example_branch_day_of_week_operator.py for tasks to queue
[2025-02-01T02:59:02.872+0000] {logging_mixin.py:137} INFO - [2025-02-01T02:59:02.864+0000] {dagbag.py:538} INFO - Filling up the DagBag from /home/airflow/.local/lib/python3.7/site-packages/airflow/example_dags/example_branch_day_of_week_operator.py
[2025-02-01T02:59:03.016+0000] {processor.py:753} INFO - DAG(s) dict_keys(['example_weekday_branch_operator']) retrieved from /home/airflow/.local/lib/python3.7/site-packages/airflow/example_dags/example_branch_day_of_week_operator.py
[2025-02-01T02:59:03.147+0000] {logging_mixin.py:137} INFO - [2025-02-01T02:59:03.146+0000] {dag.py:2690} INFO - Sync 1 DAGs
[2025-02-01T02:59:03.290+0000] {logging_mixin.py:137} INFO - [2025-02-01T02:59:03.288+0000] {dag.py:3441} INFO - Setting next_dagrun for example_weekday_branch_operator to 2025-01-31T00:00:00+00:00, run_after=2025-02-01T00:00:00+00:00
[2025-02-01T02:59:03.387+0000] {processor.py:175} INFO - Processing /home/airflow/.local/lib/python3.7/site-packages/airflow/example_dags/example_branch_day_of_week_operator.py took 0.586 seconds
[2025-02-01T02:59:34.179+0000] {processor.py:153} INFO - Started process (PID=2162) to work on /home/airflow/.local/lib/python3.7/site-packages/airflow/example_dags/example_branch_day_of_week_operator.py
[2025-02-01T02:59:34.184+0000] {processor.py:743} INFO - Processing file /home/airflow/.local/lib/python3.7/site-packages/airflow/example_dags/example_branch_day_of_week_operator.py for tasks to queue
[2025-02-01T02:59:34.188+0000] {logging_mixin.py:137} INFO - [2025-02-01T02:59:34.186+0000] {dagbag.py:538} INFO - Filling up the DagBag from /home/airflow/.local/lib/python3.7/site-packages/airflow/example_dags/example_branch_day_of_week_operator.py
[2025-02-01T02:59:34.259+0000] {processor.py:753} INFO - DAG(s) dict_keys(['example_weekday_branch_operator']) retrieved from /home/airflow/.local/lib/python3.7/site-packages/airflow/example_dags/example_branch_day_of_week_operator.py
[2025-02-01T02:59:34.328+0000] {logging_mixin.py:137} INFO - [2025-02-01T02:59:34.328+0000] {dag.py:2690} INFO - Sync 1 DAGs
[2025-02-01T02:59:34.431+0000] {logging_mixin.py:137} INFO - [2025-02-01T02:59:34.431+0000] {dag.py:3441} INFO - Setting next_dagrun for example_weekday_branch_operator to 2025-01-31T00:00:00+00:00, run_after=2025-02-01T00:00:00+00:00
[2025-02-01T02:59:34.517+0000] {processor.py:175} INFO - Processing /home/airflow/.local/lib/python3.7/site-packages/airflow/example_dags/example_branch_day_of_week_operator.py took 0.356 seconds
[2025-02-01T03:00:05.179+0000] {processor.py:153} INFO - Started process (PID=2221) to work on /home/airflow/.local/lib/python3.7/site-packages/airflow/example_dags/example_branch_day_of_week_operator.py
[2025-02-01T03:00:05.182+0000] {processor.py:743} INFO - Processing file /home/airflow/.local/lib/python3.7/site-packages/airflow/example_dags/example_branch_day_of_week_operator.py for tasks to queue
[2025-02-01T03:00:05.186+0000] {logging_mixin.py:137} INFO - [2025-02-01T03:00:05.184+0000] {dagbag.py:538} INFO - Filling up the DagBag from /home/airflow/.local/lib/python3.7/site-packages/airflow/example_dags/example_branch_day_of_week_operator.py
[2025-02-01T03:00:05.295+0000] {processor.py:753} INFO - DAG(s) dict_keys(['example_weekday_branch_operator']) retrieved from /home/airflow/.local/lib/python3.7/site-packages/airflow/example_dags/example_branch_day_of_week_operator.py
[2025-02-01T03:00:05.442+0000] {logging_mixin.py:137} INFO - [2025-02-01T03:00:05.439+0000] {dag.py:2690} INFO - Sync 1 DAGs
[2025-02-01T03:00:05.583+0000] {logging_mixin.py:137} INFO - [2025-02-01T03:00:05.583+0000] {dag.py:3441} INFO - Setting next_dagrun for example_weekday_branch_operator to 2025-01-31T00:00:00+00:00, run_after=2025-02-01T00:00:00+00:00
[2025-02-01T03:00:05.705+0000] {processor.py:175} INFO - Processing /home/airflow/.local/lib/python3.7/site-packages/airflow/example_dags/example_branch_day_of_week_operator.py took 0.547 seconds
[2025-02-01T03:00:36.602+0000] {processor.py:153} INFO - Started process (PID=2281) to work on /home/airflow/.local/lib/python3.7/site-packages/airflow/example_dags/example_branch_day_of_week_operator.py
[2025-02-01T03:00:36.606+0000] {processor.py:743} INFO - Processing file /home/airflow/.local/lib/python3.7/site-packages/airflow/example_dags/example_branch_day_of_week_operator.py for tasks to queue
[2025-02-01T03:00:36.608+0000] {logging_mixin.py:137} INFO - [2025-02-01T03:00:36.607+0000] {dagbag.py:538} INFO - Filling up the DagBag from /home/airflow/.local/lib/python3.7/site-packages/airflow/example_dags/example_branch_day_of_week_operator.py
[2025-02-01T03:00:36.687+0000] {processor.py:753} INFO - DAG(s) dict_keys(['example_weekday_branch_operator']) retrieved from /home/airflow/.local/lib/python3.7/site-packages/airflow/example_dags/example_branch_day_of_week_operator.py
[2025-02-01T03:00:36.800+0000] {logging_mixin.py:137} INFO - [2025-02-01T03:00:36.800+0000] {dag.py:2690} INFO - Sync 1 DAGs
[2025-02-01T03:00:36.926+0000] {logging_mixin.py:137} INFO - [2025-02-01T03:00:36.926+0000] {dag.py:3441} INFO - Setting next_dagrun for example_weekday_branch_operator to 2025-01-31T00:00:00+00:00, run_after=2025-02-01T00:00:00+00:00
[2025-02-01T03:00:36.998+0000] {processor.py:175} INFO - Processing /home/airflow/.local/lib/python3.7/site-packages/airflow/example_dags/example_branch_day_of_week_operator.py took 0.415 seconds
[2025-02-01T03:01:07.224+0000] {processor.py:153} INFO - Started process (PID=2339) to work on /home/airflow/.local/lib/python3.7/site-packages/airflow/example_dags/example_branch_day_of_week_operator.py
[2025-02-01T03:01:07.227+0000] {processor.py:743} INFO - Processing file /home/airflow/.local/lib/python3.7/site-packages/airflow/example_dags/example_branch_day_of_week_operator.py for tasks to queue
[2025-02-01T03:01:07.231+0000] {logging_mixin.py:137} INFO - [2025-02-01T03:01:07.229+0000] {dagbag.py:538} INFO - Filling up the DagBag from /home/airflow/.local/lib/python3.7/site-packages/airflow/example_dags/example_branch_day_of_week_operator.py
[2025-02-01T03:01:07.309+0000] {processor.py:753} INFO - DAG(s) dict_keys(['example_weekday_branch_operator']) retrieved from /home/airflow/.local/lib/python3.7/site-packages/airflow/example_dags/example_branch_day_of_week_operator.py
[2025-02-01T03:01:07.426+0000] {logging_mixin.py:137} INFO - [2025-02-01T03:01:07.426+0000] {dag.py:2690} INFO - Sync 1 DAGs
[2025-02-01T03:01:07.542+0000] {logging_mixin.py:137} INFO - [2025-02-01T03:01:07.542+0000] {dag.py:3441} INFO - Setting next_dagrun for example_weekday_branch_operator to 2025-01-31T00:00:00+00:00, run_after=2025-02-01T00:00:00+00:00
[2025-02-01T03:01:07.587+0000] {processor.py:175} INFO - Processing /home/airflow/.local/lib/python3.7/site-packages/airflow/example_dags/example_branch_day_of_week_operator.py took 0.370 seconds
[2025-02-01T03:01:37.980+0000] {processor.py:153} INFO - Started process (PID=2389) to work on /home/airflow/.local/lib/python3.7/site-packages/airflow/example_dags/example_branch_day_of_week_operator.py
[2025-02-01T03:01:37.982+0000] {processor.py:743} INFO - Processing file /home/airflow/.local/lib/python3.7/site-packages/airflow/example_dags/example_branch_day_of_week_operator.py for tasks to queue
[2025-02-01T03:01:37.983+0000] {logging_mixin.py:137} INFO - [2025-02-01T03:01:37.983+0000] {dagbag.py:538} INFO - Filling up the DagBag from /home/airflow/.local/lib/python3.7/site-packages/airflow/example_dags/example_branch_day_of_week_operator.py
[2025-02-01T03:01:38.021+0000] {processor.py:753} INFO - DAG(s) dict_keys(['example_weekday_branch_operator']) retrieved from /home/airflow/.local/lib/python3.7/site-packages/airflow/example_dags/example_branch_day_of_week_operator.py
[2025-02-01T03:01:38.079+0000] {logging_mixin.py:137} INFO - [2025-02-01T03:01:38.078+0000] {dag.py:2690} INFO - Sync 1 DAGs
[2025-02-01T03:01:38.157+0000] {logging_mixin.py:137} INFO - [2025-02-01T03:01:38.157+0000] {dag.py:3441} INFO - Setting next_dagrun for example_weekday_branch_operator to 2025-01-31T00:00:00+00:00, run_after=2025-02-01T00:00:00+00:00
[2025-02-01T03:01:38.240+0000] {processor.py:175} INFO - Processing /home/airflow/.local/lib/python3.7/site-packages/airflow/example_dags/example_branch_day_of_week_operator.py took 0.266 seconds
[2025-02-01T03:02:08.439+0000] {processor.py:153} INFO - Started process (PID=2447) to work on /home/airflow/.local/lib/python3.7/site-packages/airflow/example_dags/example_branch_day_of_week_operator.py
[2025-02-01T03:02:08.442+0000] {processor.py:743} INFO - Processing file /home/airflow/.local/lib/python3.7/site-packages/airflow/example_dags/example_branch_day_of_week_operator.py for tasks to queue
[2025-02-01T03:02:08.444+0000] {logging_mixin.py:137} INFO - [2025-02-01T03:02:08.443+0000] {dagbag.py:538} INFO - Filling up the DagBag from /home/airflow/.local/lib/python3.7/site-packages/airflow/example_dags/example_branch_day_of_week_operator.py
[2025-02-01T03:02:08.515+0000] {processor.py:753} INFO - DAG(s) dict_keys(['example_weekday_branch_operator']) retrieved from /home/airflow/.local/lib/python3.7/site-packages/airflow/example_dags/example_branch_day_of_week_operator.py
[2025-02-01T03:02:08.631+0000] {logging_mixin.py:137} INFO - [2025-02-01T03:02:08.631+0000] {dag.py:2690} INFO - Sync 1 DAGs
[2025-02-01T03:02:08.725+0000] {logging_mixin.py:137} INFO - [2025-02-01T03:02:08.724+0000] {dag.py:3441} INFO - Setting next_dagrun for example_weekday_branch_operator to 2025-01-31T00:00:00+00:00, run_after=2025-02-01T00:00:00+00:00
[2025-02-01T03:02:08.776+0000] {processor.py:175} INFO - Processing /home/airflow/.local/lib/python3.7/site-packages/airflow/example_dags/example_branch_day_of_week_operator.py took 0.352 seconds
[2025-02-01T03:02:39.423+0000] {processor.py:153} INFO - Started process (PID=2506) to work on /home/airflow/.local/lib/python3.7/site-packages/airflow/example_dags/example_branch_day_of_week_operator.py
[2025-02-01T03:02:39.425+0000] {processor.py:743} INFO - Processing file /home/airflow/.local/lib/python3.7/site-packages/airflow/example_dags/example_branch_day_of_week_operator.py for tasks to queue
[2025-02-01T03:02:39.429+0000] {logging_mixin.py:137} INFO - [2025-02-01T03:02:39.429+0000] {dagbag.py:538} INFO - Filling up the DagBag from /home/airflow/.local/lib/python3.7/site-packages/airflow/example_dags/example_branch_day_of_week_operator.py
[2025-02-01T03:02:39.511+0000] {processor.py:753} INFO - DAG(s) dict_keys(['example_weekday_branch_operator']) retrieved from /home/airflow/.local/lib/python3.7/site-packages/airflow/example_dags/example_branch_day_of_week_operator.py
[2025-02-01T03:02:39.592+0000] {logging_mixin.py:137} INFO - [2025-02-01T03:02:39.591+0000] {dag.py:2690} INFO - Sync 1 DAGs
[2025-02-01T03:02:39.666+0000] {logging_mixin.py:137} INFO - [2025-02-01T03:02:39.666+0000] {dag.py:3441} INFO - Setting next_dagrun for example_weekday_branch_operator to 2025-01-31T00:00:00+00:00, run_after=2025-02-01T00:00:00+00:00
[2025-02-01T03:02:39.727+0000] {processor.py:175} INFO - Processing /home/airflow/.local/lib/python3.7/site-packages/airflow/example_dags/example_branch_day_of_week_operator.py took 0.327 seconds
[2025-02-01T03:03:11.130+0000] {processor.py:153} INFO - Started process (PID=2565) to work on /home/airflow/.local/lib/python3.7/site-packages/airflow/example_dags/example_branch_day_of_week_operator.py
[2025-02-01T03:03:11.132+0000] {processor.py:743} INFO - Processing file /home/airflow/.local/lib/python3.7/site-packages/airflow/example_dags/example_branch_day_of_week_operator.py for tasks to queue
[2025-02-01T03:03:11.137+0000] {logging_mixin.py:137} INFO - [2025-02-01T03:03:11.134+0000] {dagbag.py:538} INFO - Filling up the DagBag from /home/airflow/.local/lib/python3.7/site-packages/airflow/example_dags/example_branch_day_of_week_operator.py
[2025-02-01T03:03:11.241+0000] {processor.py:753} INFO - DAG(s) dict_keys(['example_weekday_branch_operator']) retrieved from /home/airflow/.local/lib/python3.7/site-packages/airflow/example_dags/example_branch_day_of_week_operator.py
[2025-02-01T03:03:11.452+0000] {logging_mixin.py:137} INFO - [2025-02-01T03:03:11.451+0000] {dag.py:2690} INFO - Sync 1 DAGs
[2025-02-01T03:03:11.772+0000] {logging_mixin.py:137} INFO - [2025-02-01T03:03:11.772+0000] {dag.py:3441} INFO - Setting next_dagrun for example_weekday_branch_operator to 2025-01-31T00:00:00+00:00, run_after=2025-02-01T00:00:00+00:00
[2025-02-01T03:03:11.914+0000] {processor.py:175} INFO - Processing /home/airflow/.local/lib/python3.7/site-packages/airflow/example_dags/example_branch_day_of_week_operator.py took 0.800 seconds
[2025-02-01T03:03:42.437+0000] {processor.py:153} INFO - Started process (PID=2614) to work on /home/airflow/.local/lib/python3.7/site-packages/airflow/example_dags/example_branch_day_of_week_operator.py
[2025-02-01T03:03:42.439+0000] {processor.py:743} INFO - Processing file /home/airflow/.local/lib/python3.7/site-packages/airflow/example_dags/example_branch_day_of_week_operator.py for tasks to queue
[2025-02-01T03:03:42.440+0000] {logging_mixin.py:137} INFO - [2025-02-01T03:03:42.440+0000] {dagbag.py:538} INFO - Filling up the DagBag from /home/airflow/.local/lib/python3.7/site-packages/airflow/example_dags/example_branch_day_of_week_operator.py
[2025-02-01T03:03:42.478+0000] {processor.py:753} INFO - DAG(s) dict_keys(['example_weekday_branch_operator']) retrieved from /home/airflow/.local/lib/python3.7/site-packages/airflow/example_dags/example_branch_day_of_week_operator.py
[2025-02-01T03:03:42.536+0000] {logging_mixin.py:137} INFO - [2025-02-01T03:03:42.535+0000] {dag.py:2690} INFO - Sync 1 DAGs
[2025-02-01T03:03:42.603+0000] {logging_mixin.py:137} INFO - [2025-02-01T03:03:42.603+0000] {dag.py:3441} INFO - Setting next_dagrun for example_weekday_branch_operator to 2025-01-31T00:00:00+00:00, run_after=2025-02-01T00:00:00+00:00
[2025-02-01T03:03:42.658+0000] {processor.py:175} INFO - Processing /home/airflow/.local/lib/python3.7/site-packages/airflow/example_dags/example_branch_day_of_week_operator.py took 0.229 seconds
[2025-02-01T03:04:14.273+0000] {processor.py:153} INFO - Started process (PID=2672) to work on /home/airflow/.local/lib/python3.7/site-packages/airflow/example_dags/example_branch_day_of_week_operator.py
[2025-02-01T03:04:14.277+0000] {processor.py:743} INFO - Processing file /home/airflow/.local/lib/python3.7/site-packages/airflow/example_dags/example_branch_day_of_week_operator.py for tasks to queue
[2025-02-01T03:04:14.279+0000] {logging_mixin.py:137} INFO - [2025-02-01T03:04:14.279+0000] {dagbag.py:538} INFO - Filling up the DagBag from /home/airflow/.local/lib/python3.7/site-packages/airflow/example_dags/example_branch_day_of_week_operator.py
[2025-02-01T03:04:14.350+0000] {processor.py:753} INFO - DAG(s) dict_keys(['example_weekday_branch_operator']) retrieved from /home/airflow/.local/lib/python3.7/site-packages/airflow/example_dags/example_branch_day_of_week_operator.py
[2025-02-01T03:04:14.505+0000] {logging_mixin.py:137} INFO - [2025-02-01T03:04:14.504+0000] {dag.py:2690} INFO - Sync 1 DAGs
[2025-02-01T03:04:14.664+0000] {logging_mixin.py:137} INFO - [2025-02-01T03:04:14.663+0000] {dag.py:3441} INFO - Setting next_dagrun for example_weekday_branch_operator to 2025-01-31T00:00:00+00:00, run_after=2025-02-01T00:00:00+00:00
[2025-02-01T03:04:14.743+0000] {processor.py:175} INFO - Processing /home/airflow/.local/lib/python3.7/site-packages/airflow/example_dags/example_branch_day_of_week_operator.py took 0.483 seconds
[2025-02-01T03:04:46.039+0000] {processor.py:153} INFO - Started process (PID=2728) to work on /home/airflow/.local/lib/python3.7/site-packages/airflow/example_dags/example_branch_day_of_week_operator.py
[2025-02-01T03:04:46.040+0000] {processor.py:743} INFO - Processing file /home/airflow/.local/lib/python3.7/site-packages/airflow/example_dags/example_branch_day_of_week_operator.py for tasks to queue
[2025-02-01T03:04:46.042+0000] {logging_mixin.py:137} INFO - [2025-02-01T03:04:46.042+0000] {dagbag.py:538} INFO - Filling up the DagBag from /home/airflow/.local/lib/python3.7/site-packages/airflow/example_dags/example_branch_day_of_week_operator.py
[2025-02-01T03:04:46.081+0000] {processor.py:753} INFO - DAG(s) dict_keys(['example_weekday_branch_operator']) retrieved from /home/airflow/.local/lib/python3.7/site-packages/airflow/example_dags/example_branch_day_of_week_operator.py
[2025-02-01T03:04:46.203+0000] {logging_mixin.py:137} INFO - [2025-02-01T03:04:46.203+0000] {dag.py:2690} INFO - Sync 1 DAGs
[2025-02-01T03:04:46.388+0000] {logging_mixin.py:137} INFO - [2025-02-01T03:04:46.388+0000] {dag.py:3441} INFO - Setting next_dagrun for example_weekday_branch_operator to 2025-01-31T00:00:00+00:00, run_after=2025-02-01T00:00:00+00:00
[2025-02-01T03:04:46.497+0000] {processor.py:175} INFO - Processing /home/airflow/.local/lib/python3.7/site-packages/airflow/example_dags/example_branch_day_of_week_operator.py took 0.465 seconds
[2025-02-01T03:05:17.128+0000] {processor.py:153} INFO - Started process (PID=2780) to work on /home/airflow/.local/lib/python3.7/site-packages/airflow/example_dags/example_branch_day_of_week_operator.py
[2025-02-01T03:05:17.130+0000] {processor.py:743} INFO - Processing file /home/airflow/.local/lib/python3.7/site-packages/airflow/example_dags/example_branch_day_of_week_operator.py for tasks to queue
[2025-02-01T03:05:17.132+0000] {logging_mixin.py:137} INFO - [2025-02-01T03:05:17.131+0000] {dagbag.py:538} INFO - Filling up the DagBag from /home/airflow/.local/lib/python3.7/site-packages/airflow/example_dags/example_branch_day_of_week_operator.py
[2025-02-01T03:05:17.170+0000] {processor.py:753} INFO - DAG(s) dict_keys(['example_weekday_branch_operator']) retrieved from /home/airflow/.local/lib/python3.7/site-packages/airflow/example_dags/example_branch_day_of_week_operator.py
[2025-02-01T03:05:17.230+0000] {logging_mixin.py:137} INFO - [2025-02-01T03:05:17.229+0000] {dag.py:2690} INFO - Sync 1 DAGs
[2025-02-01T03:05:17.299+0000] {logging_mixin.py:137} INFO - [2025-02-01T03:05:17.298+0000] {dag.py:3441} INFO - Setting next_dagrun for example_weekday_branch_operator to 2025-01-31T00:00:00+00:00, run_after=2025-02-01T00:00:00+00:00
[2025-02-01T03:05:17.344+0000] {processor.py:175} INFO - Processing /home/airflow/.local/lib/python3.7/site-packages/airflow/example_dags/example_branch_day_of_week_operator.py took 0.223 seconds
[2025-02-01T03:05:48.030+0000] {processor.py:153} INFO - Started process (PID=2839) to work on /home/airflow/.local/lib/python3.7/site-packages/airflow/example_dags/example_branch_day_of_week_operator.py
[2025-02-01T03:05:48.031+0000] {processor.py:743} INFO - Processing file /home/airflow/.local/lib/python3.7/site-packages/airflow/example_dags/example_branch_day_of_week_operator.py for tasks to queue
[2025-02-01T03:05:48.033+0000] {logging_mixin.py:137} INFO - [2025-02-01T03:05:48.032+0000] {dagbag.py:538} INFO - Filling up the DagBag from /home/airflow/.local/lib/python3.7/site-packages/airflow/example_dags/example_branch_day_of_week_operator.py
[2025-02-01T03:05:48.071+0000] {processor.py:753} INFO - DAG(s) dict_keys(['example_weekday_branch_operator']) retrieved from /home/airflow/.local/lib/python3.7/site-packages/airflow/example_dags/example_branch_day_of_week_operator.py
[2025-02-01T03:05:48.130+0000] {logging_mixin.py:137} INFO - [2025-02-01T03:05:48.129+0000] {dag.py:2690} INFO - Sync 1 DAGs
[2025-02-01T03:05:48.197+0000] {logging_mixin.py:137} INFO - [2025-02-01T03:05:48.197+0000] {dag.py:3441} INFO - Setting next_dagrun for example_weekday_branch_operator to 2025-01-31T00:00:00+00:00, run_after=2025-02-01T00:00:00+00:00
[2025-02-01T03:05:48.243+0000] {processor.py:175} INFO - Processing /home/airflow/.local/lib/python3.7/site-packages/airflow/example_dags/example_branch_day_of_week_operator.py took 0.221 seconds
[2025-02-01T03:06:18.383+0000] {processor.py:153} INFO - Started process (PID=2898) to work on /home/airflow/.local/lib/python3.7/site-packages/airflow/example_dags/example_branch_day_of_week_operator.py
[2025-02-01T03:06:18.386+0000] {processor.py:743} INFO - Processing file /home/airflow/.local/lib/python3.7/site-packages/airflow/example_dags/example_branch_day_of_week_operator.py for tasks to queue
[2025-02-01T03:06:18.390+0000] {logging_mixin.py:137} INFO - [2025-02-01T03:06:18.387+0000] {dagbag.py:538} INFO - Filling up the DagBag from /home/airflow/.local/lib/python3.7/site-packages/airflow/example_dags/example_branch_day_of_week_operator.py
[2025-02-01T03:06:18.464+0000] {processor.py:753} INFO - DAG(s) dict_keys(['example_weekday_branch_operator']) retrieved from /home/airflow/.local/lib/python3.7/site-packages/airflow/example_dags/example_branch_day_of_week_operator.py
[2025-02-01T03:06:18.550+0000] {logging_mixin.py:137} INFO - [2025-02-01T03:06:18.550+0000] {dag.py:2690} INFO - Sync 1 DAGs
[2025-02-01T03:06:18.631+0000] {logging_mixin.py:137} INFO - [2025-02-01T03:06:18.631+0000] {dag.py:3441} INFO - Setting next_dagrun for example_weekday_branch_operator to 2025-01-31T00:00:00+00:00, run_after=2025-02-01T00:00:00+00:00
[2025-02-01T03:06:18.716+0000] {processor.py:175} INFO - Processing /home/airflow/.local/lib/python3.7/site-packages/airflow/example_dags/example_branch_day_of_week_operator.py took 0.342 seconds
[2025-02-01T03:06:48.888+0000] {processor.py:153} INFO - Started process (PID=2954) to work on /home/airflow/.local/lib/python3.7/site-packages/airflow/example_dags/example_branch_day_of_week_operator.py
[2025-02-01T03:06:48.890+0000] {processor.py:743} INFO - Processing file /home/airflow/.local/lib/python3.7/site-packages/airflow/example_dags/example_branch_day_of_week_operator.py for tasks to queue
[2025-02-01T03:06:48.891+0000] {logging_mixin.py:137} INFO - [2025-02-01T03:06:48.891+0000] {dagbag.py:538} INFO - Filling up the DagBag from /home/airflow/.local/lib/python3.7/site-packages/airflow/example_dags/example_branch_day_of_week_operator.py
[2025-02-01T03:06:48.932+0000] {processor.py:753} INFO - DAG(s) dict_keys(['example_weekday_branch_operator']) retrieved from /home/airflow/.local/lib/python3.7/site-packages/airflow/example_dags/example_branch_day_of_week_operator.py
[2025-02-01T03:06:48.993+0000] {logging_mixin.py:137} INFO - [2025-02-01T03:06:48.993+0000] {dag.py:2690} INFO - Sync 1 DAGs
[2025-02-01T03:06:49.069+0000] {logging_mixin.py:137} INFO - [2025-02-01T03:06:49.068+0000] {dag.py:3441} INFO - Setting next_dagrun for example_weekday_branch_operator to 2025-01-31T00:00:00+00:00, run_after=2025-02-01T00:00:00+00:00
[2025-02-01T03:06:49.119+0000] {processor.py:175} INFO - Processing /home/airflow/.local/lib/python3.7/site-packages/airflow/example_dags/example_branch_day_of_week_operator.py took 0.242 seconds
[2025-02-01T03:07:19.906+0000] {processor.py:153} INFO - Started process (PID=3006) to work on /home/airflow/.local/lib/python3.7/site-packages/airflow/example_dags/example_branch_day_of_week_operator.py
[2025-02-01T03:07:19.908+0000] {processor.py:743} INFO - Processing file /home/airflow/.local/lib/python3.7/site-packages/airflow/example_dags/example_branch_day_of_week_operator.py for tasks to queue
[2025-02-01T03:07:19.909+0000] {logging_mixin.py:137} INFO - [2025-02-01T03:07:19.909+0000] {dagbag.py:538} INFO - Filling up the DagBag from /home/airflow/.local/lib/python3.7/site-packages/airflow/example_dags/example_branch_day_of_week_operator.py
[2025-02-01T03:07:19.948+0000] {processor.py:753} INFO - DAG(s) dict_keys(['example_weekday_branch_operator']) retrieved from /home/airflow/.local/lib/python3.7/site-packages/airflow/example_dags/example_branch_day_of_week_operator.py
[2025-02-01T03:07:20.007+0000] {logging_mixin.py:137} INFO - [2025-02-01T03:07:20.007+0000] {dag.py:2690} INFO - Sync 1 DAGs
[2025-02-01T03:07:20.081+0000] {logging_mixin.py:137} INFO - [2025-02-01T03:07:20.081+0000] {dag.py:3441} INFO - Setting next_dagrun for example_weekday_branch_operator to 2025-01-31T00:00:00+00:00, run_after=2025-02-01T00:00:00+00:00
[2025-02-01T03:07:20.133+0000] {processor.py:175} INFO - Processing /home/airflow/.local/lib/python3.7/site-packages/airflow/example_dags/example_branch_day_of_week_operator.py took 0.234 seconds
[2025-02-01T03:07:51.559+0000] {processor.py:153} INFO - Started process (PID=3064) to work on /home/airflow/.local/lib/python3.7/site-packages/airflow/example_dags/example_branch_day_of_week_operator.py
[2025-02-01T03:07:51.561+0000] {processor.py:743} INFO - Processing file /home/airflow/.local/lib/python3.7/site-packages/airflow/example_dags/example_branch_day_of_week_operator.py for tasks to queue
[2025-02-01T03:07:51.568+0000] {logging_mixin.py:137} INFO - [2025-02-01T03:07:51.562+0000] {dagbag.py:538} INFO - Filling up the DagBag from /home/airflow/.local/lib/python3.7/site-packages/airflow/example_dags/example_branch_day_of_week_operator.py
[2025-02-01T03:07:51.674+0000] {processor.py:753} INFO - DAG(s) dict_keys(['example_weekday_branch_operator']) retrieved from /home/airflow/.local/lib/python3.7/site-packages/airflow/example_dags/example_branch_day_of_week_operator.py
[2025-02-01T03:07:51.844+0000] {logging_mixin.py:137} INFO - [2025-02-01T03:07:51.844+0000] {dag.py:2690} INFO - Sync 1 DAGs
[2025-02-01T03:07:52.042+0000] {logging_mixin.py:137} INFO - [2025-02-01T03:07:52.041+0000] {dag.py:3441} INFO - Setting next_dagrun for example_weekday_branch_operator to 2025-01-31T00:00:00+00:00, run_after=2025-02-01T00:00:00+00:00
[2025-02-01T03:07:52.133+0000] {processor.py:175} INFO - Processing /home/airflow/.local/lib/python3.7/site-packages/airflow/example_dags/example_branch_day_of_week_operator.py took 0.591 seconds
[2025-02-01T03:08:22.797+0000] {processor.py:153} INFO - Started process (PID=3113) to work on /home/airflow/.local/lib/python3.7/site-packages/airflow/example_dags/example_branch_day_of_week_operator.py
[2025-02-01T03:08:22.805+0000] {processor.py:743} INFO - Processing file /home/airflow/.local/lib/python3.7/site-packages/airflow/example_dags/example_branch_day_of_week_operator.py for tasks to queue
[2025-02-01T03:08:22.811+0000] {logging_mixin.py:137} INFO - [2025-02-01T03:08:22.811+0000] {dagbag.py:538} INFO - Filling up the DagBag from /home/airflow/.local/lib/python3.7/site-packages/airflow/example_dags/example_branch_day_of_week_operator.py
[2025-02-01T03:08:22.978+0000] {processor.py:753} INFO - DAG(s) dict_keys(['example_weekday_branch_operator']) retrieved from /home/airflow/.local/lib/python3.7/site-packages/airflow/example_dags/example_branch_day_of_week_operator.py
[2025-02-01T03:08:23.171+0000] {logging_mixin.py:137} INFO - [2025-02-01T03:08:23.171+0000] {dag.py:2690} INFO - Sync 1 DAGs
[2025-02-01T03:08:23.305+0000] {logging_mixin.py:137} INFO - [2025-02-01T03:08:23.304+0000] {dag.py:3441} INFO - Setting next_dagrun for example_weekday_branch_operator to 2025-01-31T00:00:00+00:00, run_after=2025-02-01T00:00:00+00:00
[2025-02-01T03:08:23.357+0000] {processor.py:175} INFO - Processing /home/airflow/.local/lib/python3.7/site-packages/airflow/example_dags/example_branch_day_of_week_operator.py took 0.589 seconds
[2025-02-01T03:08:54.497+0000] {processor.py:153} INFO - Started process (PID=3171) to work on /home/airflow/.local/lib/python3.7/site-packages/airflow/example_dags/example_branch_day_of_week_operator.py
[2025-02-01T03:08:54.498+0000] {processor.py:743} INFO - Processing file /home/airflow/.local/lib/python3.7/site-packages/airflow/example_dags/example_branch_day_of_week_operator.py for tasks to queue
[2025-02-01T03:08:54.502+0000] {logging_mixin.py:137} INFO - [2025-02-01T03:08:54.502+0000] {dagbag.py:538} INFO - Filling up the DagBag from /home/airflow/.local/lib/python3.7/site-packages/airflow/example_dags/example_branch_day_of_week_operator.py
[2025-02-01T03:08:54.567+0000] {processor.py:753} INFO - DAG(s) dict_keys(['example_weekday_branch_operator']) retrieved from /home/airflow/.local/lib/python3.7/site-packages/airflow/example_dags/example_branch_day_of_week_operator.py
[2025-02-01T03:08:54.627+0000] {logging_mixin.py:137} INFO - [2025-02-01T03:08:54.627+0000] {dag.py:2690} INFO - Sync 1 DAGs
[2025-02-01T03:08:54.709+0000] {logging_mixin.py:137} INFO - [2025-02-01T03:08:54.709+0000] {dag.py:3441} INFO - Setting next_dagrun for example_weekday_branch_operator to 2025-01-31T00:00:00+00:00, run_after=2025-02-01T00:00:00+00:00
[2025-02-01T03:08:54.795+0000] {processor.py:175} INFO - Processing /home/airflow/.local/lib/python3.7/site-packages/airflow/example_dags/example_branch_day_of_week_operator.py took 0.322 seconds
[2025-02-01T03:09:24.948+0000] {processor.py:153} INFO - Started process (PID=3230) to work on /home/airflow/.local/lib/python3.7/site-packages/airflow/example_dags/example_branch_day_of_week_operator.py
[2025-02-01T03:09:24.952+0000] {processor.py:743} INFO - Processing file /home/airflow/.local/lib/python3.7/site-packages/airflow/example_dags/example_branch_day_of_week_operator.py for tasks to queue
[2025-02-01T03:09:24.955+0000] {logging_mixin.py:137} INFO - [2025-02-01T03:09:24.954+0000] {dagbag.py:538} INFO - Filling up the DagBag from /home/airflow/.local/lib/python3.7/site-packages/airflow/example_dags/example_branch_day_of_week_operator.py
[2025-02-01T03:09:25.012+0000] {processor.py:753} INFO - DAG(s) dict_keys(['example_weekday_branch_operator']) retrieved from /home/airflow/.local/lib/python3.7/site-packages/airflow/example_dags/example_branch_day_of_week_operator.py
[2025-02-01T03:09:25.073+0000] {logging_mixin.py:137} INFO - [2025-02-01T03:09:25.073+0000] {dag.py:2690} INFO - Sync 1 DAGs
[2025-02-01T03:09:25.192+0000] {logging_mixin.py:137} INFO - [2025-02-01T03:09:25.190+0000] {dag.py:3441} INFO - Setting next_dagrun for example_weekday_branch_operator to 2025-01-31T00:00:00+00:00, run_after=2025-02-01T00:00:00+00:00
[2025-02-01T03:09:25.256+0000] {processor.py:175} INFO - Processing /home/airflow/.local/lib/python3.7/site-packages/airflow/example_dags/example_branch_day_of_week_operator.py took 0.328 seconds
