[2025-02-01T02:40:13.427+0000] {processor.py:153} INFO - Started process (PID=62) to work on /home/airflow/.local/lib/python3.7/site-packages/airflow/example_dags/example_bash_operator.py
[2025-02-01T02:40:13.447+0000] {processor.py:743} INFO - Processing file /home/airflow/.local/lib/python3.7/site-packages/airflow/example_dags/example_bash_operator.py for tasks to queue
[2025-02-01T02:40:13.465+0000] {logging_mixin.py:137} INFO - [2025-02-01T02:40:13.464+0000] {dagbag.py:538} INFO - Filling up the DagBag from /home/airflow/.local/lib/python3.7/site-packages/airflow/example_dags/example_bash_operator.py
[2025-02-01T02:40:14.057+0000] {processor.py:753} INFO - DAG(s) dict_keys(['example_bash_operator']) retrieved from /home/airflow/.local/lib/python3.7/site-packages/airflow/example_dags/example_bash_operator.py
[2025-02-01T02:40:14.793+0000] {logging_mixin.py:137} INFO - [2025-02-01T02:40:14.790+0000] {dag.py:2690} INFO - Sync 1 DAGs
[2025-02-01T02:40:15.381+0000] {logging_mixin.py:137} INFO - [2025-02-01T02:40:15.381+0000] {dag.py:3441} INFO - Setting next_dagrun for example_bash_operator to 2025-01-31T00:00:00+00:00, run_after=2025-02-01T00:00:00+00:00
[2025-02-01T02:40:15.619+0000] {processor.py:175} INFO - Processing /home/airflow/.local/lib/python3.7/site-packages/airflow/example_dags/example_bash_operator.py took 2.267 seconds
[2025-02-01T02:40:46.043+0000] {processor.py:153} INFO - Started process (PID=121) to work on /home/airflow/.local/lib/python3.7/site-packages/airflow/example_dags/example_bash_operator.py
[2025-02-01T02:40:46.053+0000] {processor.py:743} INFO - Processing file /home/airflow/.local/lib/python3.7/site-packages/airflow/example_dags/example_bash_operator.py for tasks to queue
[2025-02-01T02:40:46.063+0000] {logging_mixin.py:137} INFO - [2025-02-01T02:40:46.061+0000] {dagbag.py:538} INFO - Filling up the DagBag from /home/airflow/.local/lib/python3.7/site-packages/airflow/example_dags/example_bash_operator.py
[2025-02-01T02:40:46.352+0000] {processor.py:753} INFO - DAG(s) dict_keys(['example_bash_operator']) retrieved from /home/airflow/.local/lib/python3.7/site-packages/airflow/example_dags/example_bash_operator.py
[2025-02-01T02:40:46.873+0000] {logging_mixin.py:137} INFO - [2025-02-01T02:40:46.872+0000] {dag.py:2690} INFO - Sync 1 DAGs
[2025-02-01T02:40:47.201+0000] {logging_mixin.py:137} INFO - [2025-02-01T02:40:47.201+0000] {dag.py:3441} INFO - Setting next_dagrun for example_bash_operator to 2025-01-31T00:00:00+00:00, run_after=2025-02-01T00:00:00+00:00
[2025-02-01T02:40:47.422+0000] {processor.py:175} INFO - Processing /home/airflow/.local/lib/python3.7/site-packages/airflow/example_dags/example_bash_operator.py took 1.421 seconds
[2025-02-01T02:41:17.730+0000] {processor.py:153} INFO - Started process (PID=169) to work on /home/airflow/.local/lib/python3.7/site-packages/airflow/example_dags/example_bash_operator.py
[2025-02-01T02:41:17.732+0000] {processor.py:743} INFO - Processing file /home/airflow/.local/lib/python3.7/site-packages/airflow/example_dags/example_bash_operator.py for tasks to queue
[2025-02-01T02:41:17.733+0000] {logging_mixin.py:137} INFO - [2025-02-01T02:41:17.733+0000] {dagbag.py:538} INFO - Filling up the DagBag from /home/airflow/.local/lib/python3.7/site-packages/airflow/example_dags/example_bash_operator.py
[2025-02-01T02:41:17.787+0000] {processor.py:753} INFO - DAG(s) dict_keys(['example_bash_operator']) retrieved from /home/airflow/.local/lib/python3.7/site-packages/airflow/example_dags/example_bash_operator.py
[2025-02-01T02:41:17.884+0000] {logging_mixin.py:137} INFO - [2025-02-01T02:41:17.883+0000] {dag.py:2690} INFO - Sync 1 DAGs
[2025-02-01T02:41:17.952+0000] {logging_mixin.py:137} INFO - [2025-02-01T02:41:17.952+0000] {dag.py:3441} INFO - Setting next_dagrun for example_bash_operator to 2025-01-31T00:00:00+00:00, run_after=2025-02-01T00:00:00+00:00
[2025-02-01T02:41:17.997+0000] {processor.py:175} INFO - Processing /home/airflow/.local/lib/python3.7/site-packages/airflow/example_dags/example_bash_operator.py took 0.275 seconds
[2025-02-01T02:41:48.041+0000] {processor.py:153} INFO - Started process (PID=228) to work on /home/airflow/.local/lib/python3.7/site-packages/airflow/example_dags/example_bash_operator.py
[2025-02-01T02:41:48.043+0000] {processor.py:743} INFO - Processing file /home/airflow/.local/lib/python3.7/site-packages/airflow/example_dags/example_bash_operator.py for tasks to queue
[2025-02-01T02:41:48.045+0000] {logging_mixin.py:137} INFO - [2025-02-01T02:41:48.044+0000] {dagbag.py:538} INFO - Filling up the DagBag from /home/airflow/.local/lib/python3.7/site-packages/airflow/example_dags/example_bash_operator.py
[2025-02-01T02:41:48.102+0000] {processor.py:753} INFO - DAG(s) dict_keys(['example_bash_operator']) retrieved from /home/airflow/.local/lib/python3.7/site-packages/airflow/example_dags/example_bash_operator.py
[2025-02-01T02:41:48.200+0000] {logging_mixin.py:137} INFO - [2025-02-01T02:41:48.199+0000] {dag.py:2690} INFO - Sync 1 DAGs
[2025-02-01T02:41:48.269+0000] {logging_mixin.py:137} INFO - [2025-02-01T02:41:48.268+0000] {dag.py:3441} INFO - Setting next_dagrun for example_bash_operator to 2025-01-31T00:00:00+00:00, run_after=2025-02-01T00:00:00+00:00
[2025-02-01T02:41:48.321+0000] {processor.py:175} INFO - Processing /home/airflow/.local/lib/python3.7/site-packages/airflow/example_dags/example_bash_operator.py took 0.287 seconds
[2025-02-01T02:42:18.494+0000] {processor.py:153} INFO - Started process (PID=287) to work on /home/airflow/.local/lib/python3.7/site-packages/airflow/example_dags/example_bash_operator.py
[2025-02-01T02:42:18.497+0000] {processor.py:743} INFO - Processing file /home/airflow/.local/lib/python3.7/site-packages/airflow/example_dags/example_bash_operator.py for tasks to queue
[2025-02-01T02:42:18.501+0000] {logging_mixin.py:137} INFO - [2025-02-01T02:42:18.501+0000] {dagbag.py:538} INFO - Filling up the DagBag from /home/airflow/.local/lib/python3.7/site-packages/airflow/example_dags/example_bash_operator.py
[2025-02-01T02:42:18.636+0000] {processor.py:753} INFO - DAG(s) dict_keys(['example_bash_operator']) retrieved from /home/airflow/.local/lib/python3.7/site-packages/airflow/example_dags/example_bash_operator.py
[2025-02-01T02:42:18.802+0000] {logging_mixin.py:137} INFO - [2025-02-01T02:42:18.801+0000] {dag.py:2690} INFO - Sync 1 DAGs
[2025-02-01T02:42:18.872+0000] {logging_mixin.py:137} INFO - [2025-02-01T02:42:18.872+0000] {dag.py:3441} INFO - Setting next_dagrun for example_bash_operator to 2025-01-31T00:00:00+00:00, run_after=2025-02-01T00:00:00+00:00
[2025-02-01T02:42:18.920+0000] {processor.py:175} INFO - Processing /home/airflow/.local/lib/python3.7/site-packages/airflow/example_dags/example_bash_operator.py took 0.441 seconds
[2025-02-01T02:42:49.150+0000] {processor.py:153} INFO - Started process (PID=344) to work on /home/airflow/.local/lib/python3.7/site-packages/airflow/example_dags/example_bash_operator.py
[2025-02-01T02:42:49.152+0000] {processor.py:743} INFO - Processing file /home/airflow/.local/lib/python3.7/site-packages/airflow/example_dags/example_bash_operator.py for tasks to queue
[2025-02-01T02:42:49.153+0000] {logging_mixin.py:137} INFO - [2025-02-01T02:42:49.153+0000] {dagbag.py:538} INFO - Filling up the DagBag from /home/airflow/.local/lib/python3.7/site-packages/airflow/example_dags/example_bash_operator.py
[2025-02-01T02:42:49.221+0000] {processor.py:753} INFO - DAG(s) dict_keys(['example_bash_operator']) retrieved from /home/airflow/.local/lib/python3.7/site-packages/airflow/example_dags/example_bash_operator.py
[2025-02-01T02:42:49.324+0000] {logging_mixin.py:137} INFO - [2025-02-01T02:42:49.323+0000] {dag.py:2690} INFO - Sync 1 DAGs
[2025-02-01T02:42:49.431+0000] {logging_mixin.py:137} INFO - [2025-02-01T02:42:49.431+0000] {dag.py:3441} INFO - Setting next_dagrun for example_bash_operator to 2025-01-31T00:00:00+00:00, run_after=2025-02-01T00:00:00+00:00
[2025-02-01T02:42:49.529+0000] {processor.py:175} INFO - Processing /home/airflow/.local/lib/python3.7/site-packages/airflow/example_dags/example_bash_operator.py took 0.386 seconds
[2025-02-01T02:43:19.642+0000] {processor.py:153} INFO - Started process (PID=395) to work on /home/airflow/.local/lib/python3.7/site-packages/airflow/example_dags/example_bash_operator.py
[2025-02-01T02:43:19.645+0000] {processor.py:743} INFO - Processing file /home/airflow/.local/lib/python3.7/site-packages/airflow/example_dags/example_bash_operator.py for tasks to queue
[2025-02-01T02:43:19.646+0000] {logging_mixin.py:137} INFO - [2025-02-01T02:43:19.646+0000] {dagbag.py:538} INFO - Filling up the DagBag from /home/airflow/.local/lib/python3.7/site-packages/airflow/example_dags/example_bash_operator.py
[2025-02-01T02:43:19.698+0000] {processor.py:753} INFO - DAG(s) dict_keys(['example_bash_operator']) retrieved from /home/airflow/.local/lib/python3.7/site-packages/airflow/example_dags/example_bash_operator.py
[2025-02-01T02:43:19.792+0000] {logging_mixin.py:137} INFO - [2025-02-01T02:43:19.791+0000] {dag.py:2690} INFO - Sync 1 DAGs
[2025-02-01T02:43:19.862+0000] {logging_mixin.py:137} INFO - [2025-02-01T02:43:19.862+0000] {dag.py:3441} INFO - Setting next_dagrun for example_bash_operator to 2025-01-31T00:00:00+00:00, run_after=2025-02-01T00:00:00+00:00
[2025-02-01T02:43:19.911+0000] {processor.py:175} INFO - Processing /home/airflow/.local/lib/python3.7/site-packages/airflow/example_dags/example_bash_operator.py took 0.276 seconds
[2025-02-01T02:43:50.422+0000] {processor.py:153} INFO - Started process (PID=454) to work on /home/airflow/.local/lib/python3.7/site-packages/airflow/example_dags/example_bash_operator.py
[2025-02-01T02:43:50.425+0000] {processor.py:743} INFO - Processing file /home/airflow/.local/lib/python3.7/site-packages/airflow/example_dags/example_bash_operator.py for tasks to queue
[2025-02-01T02:43:50.427+0000] {logging_mixin.py:137} INFO - [2025-02-01T02:43:50.426+0000] {dagbag.py:538} INFO - Filling up the DagBag from /home/airflow/.local/lib/python3.7/site-packages/airflow/example_dags/example_bash_operator.py
[2025-02-01T02:43:50.558+0000] {processor.py:753} INFO - DAG(s) dict_keys(['example_bash_operator']) retrieved from /home/airflow/.local/lib/python3.7/site-packages/airflow/example_dags/example_bash_operator.py
[2025-02-01T02:43:50.754+0000] {logging_mixin.py:137} INFO - [2025-02-01T02:43:50.754+0000] {dag.py:2690} INFO - Sync 1 DAGs
[2025-02-01T02:43:50.896+0000] {logging_mixin.py:137} INFO - [2025-02-01T02:43:50.895+0000] {dag.py:3441} INFO - Setting next_dagrun for example_bash_operator to 2025-01-31T00:00:00+00:00, run_after=2025-02-01T00:00:00+00:00
[2025-02-01T02:43:50.991+0000] {processor.py:175} INFO - Processing /home/airflow/.local/lib/python3.7/site-packages/airflow/example_dags/example_bash_operator.py took 0.585 seconds
[2025-02-01T02:44:21.611+0000] {processor.py:153} INFO - Started process (PID=503) to work on /home/airflow/.local/lib/python3.7/site-packages/airflow/example_dags/example_bash_operator.py
[2025-02-01T02:44:21.613+0000] {processor.py:743} INFO - Processing file /home/airflow/.local/lib/python3.7/site-packages/airflow/example_dags/example_bash_operator.py for tasks to queue
[2025-02-01T02:44:21.614+0000] {logging_mixin.py:137} INFO - [2025-02-01T02:44:21.614+0000] {dagbag.py:538} INFO - Filling up the DagBag from /home/airflow/.local/lib/python3.7/site-packages/airflow/example_dags/example_bash_operator.py
[2025-02-01T02:44:21.669+0000] {processor.py:753} INFO - DAG(s) dict_keys(['example_bash_operator']) retrieved from /home/airflow/.local/lib/python3.7/site-packages/airflow/example_dags/example_bash_operator.py
[2025-02-01T02:44:21.764+0000] {logging_mixin.py:137} INFO - [2025-02-01T02:44:21.763+0000] {dag.py:2690} INFO - Sync 1 DAGs
[2025-02-01T02:44:21.843+0000] {logging_mixin.py:137} INFO - [2025-02-01T02:44:21.843+0000] {dag.py:3441} INFO - Setting next_dagrun for example_bash_operator to 2025-01-31T00:00:00+00:00, run_after=2025-02-01T00:00:00+00:00
[2025-02-01T02:44:21.888+0000] {processor.py:175} INFO - Processing /home/airflow/.local/lib/python3.7/site-packages/airflow/example_dags/example_bash_operator.py took 0.284 seconds
[2025-02-01T02:44:52.052+0000] {processor.py:153} INFO - Started process (PID=561) to work on /home/airflow/.local/lib/python3.7/site-packages/airflow/example_dags/example_bash_operator.py
[2025-02-01T02:44:52.053+0000] {processor.py:743} INFO - Processing file /home/airflow/.local/lib/python3.7/site-packages/airflow/example_dags/example_bash_operator.py for tasks to queue
[2025-02-01T02:44:52.055+0000] {logging_mixin.py:137} INFO - [2025-02-01T02:44:52.054+0000] {dagbag.py:538} INFO - Filling up the DagBag from /home/airflow/.local/lib/python3.7/site-packages/airflow/example_dags/example_bash_operator.py
[2025-02-01T02:44:52.108+0000] {processor.py:753} INFO - DAG(s) dict_keys(['example_bash_operator']) retrieved from /home/airflow/.local/lib/python3.7/site-packages/airflow/example_dags/example_bash_operator.py
[2025-02-01T02:44:52.203+0000] {logging_mixin.py:137} INFO - [2025-02-01T02:44:52.203+0000] {dag.py:2690} INFO - Sync 1 DAGs
[2025-02-01T02:44:52.276+0000] {logging_mixin.py:137} INFO - [2025-02-01T02:44:52.276+0000] {dag.py:3441} INFO - Setting next_dagrun for example_bash_operator to 2025-01-31T00:00:00+00:00, run_after=2025-02-01T00:00:00+00:00
[2025-02-01T02:44:52.326+0000] {processor.py:175} INFO - Processing /home/airflow/.local/lib/python3.7/site-packages/airflow/example_dags/example_bash_operator.py took 0.282 seconds
[2025-02-01T02:45:22.662+0000] {processor.py:153} INFO - Started process (PID=620) to work on /home/airflow/.local/lib/python3.7/site-packages/airflow/example_dags/example_bash_operator.py
[2025-02-01T02:45:22.670+0000] {processor.py:743} INFO - Processing file /home/airflow/.local/lib/python3.7/site-packages/airflow/example_dags/example_bash_operator.py for tasks to queue
[2025-02-01T02:45:22.676+0000] {logging_mixin.py:137} INFO - [2025-02-01T02:45:22.676+0000] {dagbag.py:538} INFO - Filling up the DagBag from /home/airflow/.local/lib/python3.7/site-packages/airflow/example_dags/example_bash_operator.py
[2025-02-01T02:45:22.797+0000] {processor.py:753} INFO - DAG(s) dict_keys(['example_bash_operator']) retrieved from /home/airflow/.local/lib/python3.7/site-packages/airflow/example_dags/example_bash_operator.py
[2025-02-01T02:45:22.978+0000] {logging_mixin.py:137} INFO - [2025-02-01T02:45:22.978+0000] {dag.py:2690} INFO - Sync 1 DAGs
[2025-02-01T02:45:23.074+0000] {logging_mixin.py:137} INFO - [2025-02-01T02:45:23.074+0000] {dag.py:3441} INFO - Setting next_dagrun for example_bash_operator to 2025-01-31T00:00:00+00:00, run_after=2025-02-01T00:00:00+00:00
[2025-02-01T02:45:23.141+0000] {processor.py:175} INFO - Processing /home/airflow/.local/lib/python3.7/site-packages/airflow/example_dags/example_bash_operator.py took 0.510 seconds
[2025-02-01T02:45:53.389+0000] {processor.py:153} INFO - Started process (PID=678) to work on /home/airflow/.local/lib/python3.7/site-packages/airflow/example_dags/example_bash_operator.py
[2025-02-01T02:45:53.391+0000] {processor.py:743} INFO - Processing file /home/airflow/.local/lib/python3.7/site-packages/airflow/example_dags/example_bash_operator.py for tasks to queue
[2025-02-01T02:45:53.392+0000] {logging_mixin.py:137} INFO - [2025-02-01T02:45:53.392+0000] {dagbag.py:538} INFO - Filling up the DagBag from /home/airflow/.local/lib/python3.7/site-packages/airflow/example_dags/example_bash_operator.py
[2025-02-01T02:45:53.448+0000] {processor.py:753} INFO - DAG(s) dict_keys(['example_bash_operator']) retrieved from /home/airflow/.local/lib/python3.7/site-packages/airflow/example_dags/example_bash_operator.py
[2025-02-01T02:45:53.542+0000] {logging_mixin.py:137} INFO - [2025-02-01T02:45:53.541+0000] {dag.py:2690} INFO - Sync 1 DAGs
[2025-02-01T02:45:53.612+0000] {logging_mixin.py:137} INFO - [2025-02-01T02:45:53.611+0000] {dag.py:3441} INFO - Setting next_dagrun for example_bash_operator to 2025-01-31T00:00:00+00:00, run_after=2025-02-01T00:00:00+00:00
[2025-02-01T02:45:53.663+0000] {processor.py:175} INFO - Processing /home/airflow/.local/lib/python3.7/site-packages/airflow/example_dags/example_bash_operator.py took 0.281 seconds
[2025-02-01T02:46:23.839+0000] {processor.py:153} INFO - Started process (PID=732) to work on /home/airflow/.local/lib/python3.7/site-packages/airflow/example_dags/example_bash_operator.py
[2025-02-01T02:46:23.844+0000] {processor.py:743} INFO - Processing file /home/airflow/.local/lib/python3.7/site-packages/airflow/example_dags/example_bash_operator.py for tasks to queue
[2025-02-01T02:46:23.850+0000] {logging_mixin.py:137} INFO - [2025-02-01T02:46:23.845+0000] {dagbag.py:538} INFO - Filling up the DagBag from /home/airflow/.local/lib/python3.7/site-packages/airflow/example_dags/example_bash_operator.py
[2025-02-01T02:46:24.097+0000] {processor.py:753} INFO - DAG(s) dict_keys(['example_bash_operator']) retrieved from /home/airflow/.local/lib/python3.7/site-packages/airflow/example_dags/example_bash_operator.py
[2025-02-01T02:46:24.554+0000] {logging_mixin.py:137} INFO - [2025-02-01T02:46:24.554+0000] {dag.py:2690} INFO - Sync 1 DAGs
[2025-02-01T02:46:24.981+0000] {logging_mixin.py:137} INFO - [2025-02-01T02:46:24.981+0000] {dag.py:3441} INFO - Setting next_dagrun for example_bash_operator to 2025-01-31T00:00:00+00:00, run_after=2025-02-01T00:00:00+00:00
[2025-02-01T02:46:25.205+0000] {processor.py:175} INFO - Processing /home/airflow/.local/lib/python3.7/site-packages/airflow/example_dags/example_bash_operator.py took 1.388 seconds
[2025-02-01T02:46:55.711+0000] {processor.py:153} INFO - Started process (PID=786) to work on /home/airflow/.local/lib/python3.7/site-packages/airflow/example_dags/example_bash_operator.py
[2025-02-01T02:46:55.715+0000] {processor.py:743} INFO - Processing file /home/airflow/.local/lib/python3.7/site-packages/airflow/example_dags/example_bash_operator.py for tasks to queue
[2025-02-01T02:46:55.717+0000] {logging_mixin.py:137} INFO - [2025-02-01T02:46:55.716+0000] {dagbag.py:538} INFO - Filling up the DagBag from /home/airflow/.local/lib/python3.7/site-packages/airflow/example_dags/example_bash_operator.py
[2025-02-01T02:46:55.873+0000] {processor.py:753} INFO - DAG(s) dict_keys(['example_bash_operator']) retrieved from /home/airflow/.local/lib/python3.7/site-packages/airflow/example_dags/example_bash_operator.py
[2025-02-01T02:46:56.090+0000] {logging_mixin.py:137} INFO - [2025-02-01T02:46:56.089+0000] {dag.py:2690} INFO - Sync 1 DAGs
[2025-02-01T02:46:56.188+0000] {logging_mixin.py:137} INFO - [2025-02-01T02:46:56.187+0000] {dag.py:3441} INFO - Setting next_dagrun for example_bash_operator to 2025-01-31T00:00:00+00:00, run_after=2025-02-01T00:00:00+00:00
[2025-02-01T02:46:56.300+0000] {processor.py:175} INFO - Processing /home/airflow/.local/lib/python3.7/site-packages/airflow/example_dags/example_bash_operator.py took 0.605 seconds
[2025-02-01T02:47:26.896+0000] {processor.py:153} INFO - Started process (PID=845) to work on /home/airflow/.local/lib/python3.7/site-packages/airflow/example_dags/example_bash_operator.py
[2025-02-01T02:47:26.897+0000] {processor.py:743} INFO - Processing file /home/airflow/.local/lib/python3.7/site-packages/airflow/example_dags/example_bash_operator.py for tasks to queue
[2025-02-01T02:47:26.898+0000] {logging_mixin.py:137} INFO - [2025-02-01T02:47:26.898+0000] {dagbag.py:538} INFO - Filling up the DagBag from /home/airflow/.local/lib/python3.7/site-packages/airflow/example_dags/example_bash_operator.py
[2025-02-01T02:47:26.958+0000] {processor.py:753} INFO - DAG(s) dict_keys(['example_bash_operator']) retrieved from /home/airflow/.local/lib/python3.7/site-packages/airflow/example_dags/example_bash_operator.py
[2025-02-01T02:47:27.047+0000] {logging_mixin.py:137} INFO - [2025-02-01T02:47:27.047+0000] {dag.py:2690} INFO - Sync 1 DAGs
[2025-02-01T02:47:27.118+0000] {logging_mixin.py:137} INFO - [2025-02-01T02:47:27.117+0000] {dag.py:3441} INFO - Setting next_dagrun for example_bash_operator to 2025-01-31T00:00:00+00:00, run_after=2025-02-01T00:00:00+00:00
[2025-02-01T02:47:27.164+0000] {processor.py:175} INFO - Processing /home/airflow/.local/lib/python3.7/site-packages/airflow/example_dags/example_bash_operator.py took 0.276 seconds
[2025-02-01T02:47:57.981+0000] {processor.py:153} INFO - Started process (PID=904) to work on /home/airflow/.local/lib/python3.7/site-packages/airflow/example_dags/example_bash_operator.py
[2025-02-01T02:47:57.983+0000] {processor.py:743} INFO - Processing file /home/airflow/.local/lib/python3.7/site-packages/airflow/example_dags/example_bash_operator.py for tasks to queue
[2025-02-01T02:47:57.985+0000] {logging_mixin.py:137} INFO - [2025-02-01T02:47:57.984+0000] {dagbag.py:538} INFO - Filling up the DagBag from /home/airflow/.local/lib/python3.7/site-packages/airflow/example_dags/example_bash_operator.py
[2025-02-01T02:47:58.038+0000] {processor.py:753} INFO - DAG(s) dict_keys(['example_bash_operator']) retrieved from /home/airflow/.local/lib/python3.7/site-packages/airflow/example_dags/example_bash_operator.py
[2025-02-01T02:47:58.133+0000] {logging_mixin.py:137} INFO - [2025-02-01T02:47:58.133+0000] {dag.py:2690} INFO - Sync 1 DAGs
[2025-02-01T02:47:58.206+0000] {logging_mixin.py:137} INFO - [2025-02-01T02:47:58.206+0000] {dag.py:3441} INFO - Setting next_dagrun for example_bash_operator to 2025-01-31T00:00:00+00:00, run_after=2025-02-01T00:00:00+00:00
[2025-02-01T02:47:58.258+0000] {processor.py:175} INFO - Processing /home/airflow/.local/lib/python3.7/site-packages/airflow/example_dags/example_bash_operator.py took 0.284 seconds
[2025-02-01T02:48:28.361+0000] {processor.py:153} INFO - Started process (PID=963) to work on /home/airflow/.local/lib/python3.7/site-packages/airflow/example_dags/example_bash_operator.py
[2025-02-01T02:48:28.362+0000] {processor.py:743} INFO - Processing file /home/airflow/.local/lib/python3.7/site-packages/airflow/example_dags/example_bash_operator.py for tasks to queue
[2025-02-01T02:48:28.363+0000] {logging_mixin.py:137} INFO - [2025-02-01T02:48:28.363+0000] {dagbag.py:538} INFO - Filling up the DagBag from /home/airflow/.local/lib/python3.7/site-packages/airflow/example_dags/example_bash_operator.py
[2025-02-01T02:48:28.418+0000] {processor.py:753} INFO - DAG(s) dict_keys(['example_bash_operator']) retrieved from /home/airflow/.local/lib/python3.7/site-packages/airflow/example_dags/example_bash_operator.py
[2025-02-01T02:48:28.511+0000] {logging_mixin.py:137} INFO - [2025-02-01T02:48:28.510+0000] {dag.py:2690} INFO - Sync 1 DAGs
[2025-02-01T02:48:28.578+0000] {logging_mixin.py:137} INFO - [2025-02-01T02:48:28.578+0000] {dag.py:3441} INFO - Setting next_dagrun for example_bash_operator to 2025-01-31T00:00:00+00:00, run_after=2025-02-01T00:00:00+00:00
[2025-02-01T02:48:28.624+0000] {processor.py:175} INFO - Processing /home/airflow/.local/lib/python3.7/site-packages/airflow/example_dags/example_bash_operator.py took 0.271 seconds
[2025-02-01T02:48:59.248+0000] {processor.py:153} INFO - Started process (PID=1022) to work on /home/airflow/.local/lib/python3.7/site-packages/airflow/example_dags/example_bash_operator.py
[2025-02-01T02:48:59.252+0000] {processor.py:743} INFO - Processing file /home/airflow/.local/lib/python3.7/site-packages/airflow/example_dags/example_bash_operator.py for tasks to queue
[2025-02-01T02:48:59.256+0000] {logging_mixin.py:137} INFO - [2025-02-01T02:48:59.253+0000] {dagbag.py:538} INFO - Filling up the DagBag from /home/airflow/.local/lib/python3.7/site-packages/airflow/example_dags/example_bash_operator.py
[2025-02-01T02:48:59.372+0000] {processor.py:753} INFO - DAG(s) dict_keys(['example_bash_operator']) retrieved from /home/airflow/.local/lib/python3.7/site-packages/airflow/example_dags/example_bash_operator.py
[2025-02-01T02:48:59.501+0000] {logging_mixin.py:137} INFO - [2025-02-01T02:48:59.500+0000] {dag.py:2690} INFO - Sync 1 DAGs
[2025-02-01T02:48:59.570+0000] {logging_mixin.py:137} INFO - [2025-02-01T02:48:59.569+0000] {dag.py:3441} INFO - Setting next_dagrun for example_bash_operator to 2025-01-31T00:00:00+00:00, run_after=2025-02-01T00:00:00+00:00
[2025-02-01T02:48:59.618+0000] {processor.py:175} INFO - Processing /home/airflow/.local/lib/python3.7/site-packages/airflow/example_dags/example_bash_operator.py took 0.384 seconds
[2025-02-01T02:49:29.881+0000] {processor.py:153} INFO - Started process (PID=1069) to work on /home/airflow/.local/lib/python3.7/site-packages/airflow/example_dags/example_bash_operator.py
[2025-02-01T02:49:29.884+0000] {processor.py:743} INFO - Processing file /home/airflow/.local/lib/python3.7/site-packages/airflow/example_dags/example_bash_operator.py for tasks to queue
[2025-02-01T02:49:29.889+0000] {logging_mixin.py:137} INFO - [2025-02-01T02:49:29.888+0000] {dagbag.py:538} INFO - Filling up the DagBag from /home/airflow/.local/lib/python3.7/site-packages/airflow/example_dags/example_bash_operator.py
[2025-02-01T02:49:29.945+0000] {processor.py:753} INFO - DAG(s) dict_keys(['example_bash_operator']) retrieved from /home/airflow/.local/lib/python3.7/site-packages/airflow/example_dags/example_bash_operator.py
[2025-02-01T02:49:30.041+0000] {logging_mixin.py:137} INFO - [2025-02-01T02:49:30.041+0000] {dag.py:2690} INFO - Sync 1 DAGs
[2025-02-01T02:49:30.119+0000] {logging_mixin.py:137} INFO - [2025-02-01T02:49:30.119+0000] {dag.py:3441} INFO - Setting next_dagrun for example_bash_operator to 2025-01-31T00:00:00+00:00, run_after=2025-02-01T00:00:00+00:00
[2025-02-01T02:49:30.192+0000] {processor.py:175} INFO - Processing /home/airflow/.local/lib/python3.7/site-packages/airflow/example_dags/example_bash_operator.py took 0.330 seconds
[2025-02-01T02:50:00.652+0000] {processor.py:153} INFO - Started process (PID=1127) to work on /home/airflow/.local/lib/python3.7/site-packages/airflow/example_dags/example_bash_operator.py
[2025-02-01T02:50:00.654+0000] {processor.py:743} INFO - Processing file /home/airflow/.local/lib/python3.7/site-packages/airflow/example_dags/example_bash_operator.py for tasks to queue
[2025-02-01T02:50:00.655+0000] {logging_mixin.py:137} INFO - [2025-02-01T02:50:00.655+0000] {dagbag.py:538} INFO - Filling up the DagBag from /home/airflow/.local/lib/python3.7/site-packages/airflow/example_dags/example_bash_operator.py
[2025-02-01T02:50:00.719+0000] {processor.py:753} INFO - DAG(s) dict_keys(['example_bash_operator']) retrieved from /home/airflow/.local/lib/python3.7/site-packages/airflow/example_dags/example_bash_operator.py
[2025-02-01T02:50:00.812+0000] {logging_mixin.py:137} INFO - [2025-02-01T02:50:00.811+0000] {dag.py:2690} INFO - Sync 1 DAGs
[2025-02-01T02:50:00.885+0000] {logging_mixin.py:137} INFO - [2025-02-01T02:50:00.885+0000] {dag.py:3441} INFO - Setting next_dagrun for example_bash_operator to 2025-01-31T00:00:00+00:00, run_after=2025-02-01T00:00:00+00:00
[2025-02-01T02:50:00.931+0000] {processor.py:175} INFO - Processing /home/airflow/.local/lib/python3.7/site-packages/airflow/example_dags/example_bash_operator.py took 0.286 seconds
[2025-02-01T02:50:31.197+0000] {processor.py:153} INFO - Started process (PID=1186) to work on /home/airflow/.local/lib/python3.7/site-packages/airflow/example_dags/example_bash_operator.py
[2025-02-01T02:50:31.199+0000] {processor.py:743} INFO - Processing file /home/airflow/.local/lib/python3.7/site-packages/airflow/example_dags/example_bash_operator.py for tasks to queue
[2025-02-01T02:50:31.202+0000] {logging_mixin.py:137} INFO - [2025-02-01T02:50:31.202+0000] {dagbag.py:538} INFO - Filling up the DagBag from /home/airflow/.local/lib/python3.7/site-packages/airflow/example_dags/example_bash_operator.py
[2025-02-01T02:50:31.505+0000] {processor.py:753} INFO - DAG(s) dict_keys(['example_bash_operator']) retrieved from /home/airflow/.local/lib/python3.7/site-packages/airflow/example_dags/example_bash_operator.py
[2025-02-01T02:50:31.886+0000] {logging_mixin.py:137} INFO - [2025-02-01T02:50:31.885+0000] {dag.py:2690} INFO - Sync 1 DAGs
[2025-02-01T02:50:32.241+0000] {logging_mixin.py:137} INFO - [2025-02-01T02:50:32.240+0000] {dag.py:3441} INFO - Setting next_dagrun for example_bash_operator to 2025-01-31T00:00:00+00:00, run_after=2025-02-01T00:00:00+00:00
[2025-02-01T02:50:32.405+0000] {processor.py:175} INFO - Processing /home/airflow/.local/lib/python3.7/site-packages/airflow/example_dags/example_bash_operator.py took 1.227 seconds
[2025-02-01T02:51:02.699+0000] {processor.py:153} INFO - Started process (PID=1235) to work on /home/airflow/.local/lib/python3.7/site-packages/airflow/example_dags/example_bash_operator.py
[2025-02-01T02:51:02.701+0000] {processor.py:743} INFO - Processing file /home/airflow/.local/lib/python3.7/site-packages/airflow/example_dags/example_bash_operator.py for tasks to queue
[2025-02-01T02:51:02.703+0000] {logging_mixin.py:137} INFO - [2025-02-01T02:51:02.703+0000] {dagbag.py:538} INFO - Filling up the DagBag from /home/airflow/.local/lib/python3.7/site-packages/airflow/example_dags/example_bash_operator.py
[2025-02-01T02:51:02.774+0000] {processor.py:753} INFO - DAG(s) dict_keys(['example_bash_operator']) retrieved from /home/airflow/.local/lib/python3.7/site-packages/airflow/example_dags/example_bash_operator.py
[2025-02-01T02:51:02.909+0000] {logging_mixin.py:137} INFO - [2025-02-01T02:51:02.906+0000] {dag.py:2690} INFO - Sync 1 DAGs
[2025-02-01T02:51:03.033+0000] {logging_mixin.py:137} INFO - [2025-02-01T02:51:03.032+0000] {dag.py:3441} INFO - Setting next_dagrun for example_bash_operator to 2025-01-31T00:00:00+00:00, run_after=2025-02-01T00:00:00+00:00
[2025-02-01T02:51:03.108+0000] {processor.py:175} INFO - Processing /home/airflow/.local/lib/python3.7/site-packages/airflow/example_dags/example_bash_operator.py took 0.416 seconds
[2025-02-01T02:51:33.182+0000] {processor.py:153} INFO - Started process (PID=1293) to work on /home/airflow/.local/lib/python3.7/site-packages/airflow/example_dags/example_bash_operator.py
[2025-02-01T02:51:33.183+0000] {processor.py:743} INFO - Processing file /home/airflow/.local/lib/python3.7/site-packages/airflow/example_dags/example_bash_operator.py for tasks to queue
[2025-02-01T02:51:33.185+0000] {logging_mixin.py:137} INFO - [2025-02-01T02:51:33.184+0000] {dagbag.py:538} INFO - Filling up the DagBag from /home/airflow/.local/lib/python3.7/site-packages/airflow/example_dags/example_bash_operator.py
[2025-02-01T02:51:33.239+0000] {processor.py:753} INFO - DAG(s) dict_keys(['example_bash_operator']) retrieved from /home/airflow/.local/lib/python3.7/site-packages/airflow/example_dags/example_bash_operator.py
[2025-02-01T02:51:33.332+0000] {logging_mixin.py:137} INFO - [2025-02-01T02:51:33.331+0000] {dag.py:2690} INFO - Sync 1 DAGs
[2025-02-01T02:51:33.404+0000] {logging_mixin.py:137} INFO - [2025-02-01T02:51:33.404+0000] {dag.py:3441} INFO - Setting next_dagrun for example_bash_operator to 2025-01-31T00:00:00+00:00, run_after=2025-02-01T00:00:00+00:00
[2025-02-01T02:51:33.452+0000] {processor.py:175} INFO - Processing /home/airflow/.local/lib/python3.7/site-packages/airflow/example_dags/example_bash_operator.py took 0.277 seconds
[2025-02-01T02:52:03.777+0000] {processor.py:153} INFO - Started process (PID=1351) to work on /home/airflow/.local/lib/python3.7/site-packages/airflow/example_dags/example_bash_operator.py
[2025-02-01T02:52:03.779+0000] {processor.py:743} INFO - Processing file /home/airflow/.local/lib/python3.7/site-packages/airflow/example_dags/example_bash_operator.py for tasks to queue
[2025-02-01T02:52:03.780+0000] {logging_mixin.py:137} INFO - [2025-02-01T02:52:03.780+0000] {dagbag.py:538} INFO - Filling up the DagBag from /home/airflow/.local/lib/python3.7/site-packages/airflow/example_dags/example_bash_operator.py
[2025-02-01T02:52:03.843+0000] {processor.py:753} INFO - DAG(s) dict_keys(['example_bash_operator']) retrieved from /home/airflow/.local/lib/python3.7/site-packages/airflow/example_dags/example_bash_operator.py
[2025-02-01T02:52:03.943+0000] {logging_mixin.py:137} INFO - [2025-02-01T02:52:03.943+0000] {dag.py:2690} INFO - Sync 1 DAGs
[2025-02-01T02:52:04.016+0000] {logging_mixin.py:137} INFO - [2025-02-01T02:52:04.015+0000] {dag.py:3441} INFO - Setting next_dagrun for example_bash_operator to 2025-01-31T00:00:00+00:00, run_after=2025-02-01T00:00:00+00:00
[2025-02-01T02:52:04.065+0000] {processor.py:175} INFO - Processing /home/airflow/.local/lib/python3.7/site-packages/airflow/example_dags/example_bash_operator.py took 0.304 seconds
[2025-02-01T02:52:34.207+0000] {processor.py:153} INFO - Started process (PID=1410) to work on /home/airflow/.local/lib/python3.7/site-packages/airflow/example_dags/example_bash_operator.py
[2025-02-01T02:52:34.208+0000] {processor.py:743} INFO - Processing file /home/airflow/.local/lib/python3.7/site-packages/airflow/example_dags/example_bash_operator.py for tasks to queue
[2025-02-01T02:52:34.212+0000] {logging_mixin.py:137} INFO - [2025-02-01T02:52:34.212+0000] {dagbag.py:538} INFO - Filling up the DagBag from /home/airflow/.local/lib/python3.7/site-packages/airflow/example_dags/example_bash_operator.py
[2025-02-01T02:52:34.277+0000] {processor.py:753} INFO - DAG(s) dict_keys(['example_bash_operator']) retrieved from /home/airflow/.local/lib/python3.7/site-packages/airflow/example_dags/example_bash_operator.py
[2025-02-01T02:52:34.372+0000] {logging_mixin.py:137} INFO - [2025-02-01T02:52:34.372+0000] {dag.py:2690} INFO - Sync 1 DAGs
[2025-02-01T02:52:34.440+0000] {logging_mixin.py:137} INFO - [2025-02-01T02:52:34.440+0000] {dag.py:3441} INFO - Setting next_dagrun for example_bash_operator to 2025-01-31T00:00:00+00:00, run_after=2025-02-01T00:00:00+00:00
[2025-02-01T02:52:34.510+0000] {processor.py:175} INFO - Processing /home/airflow/.local/lib/python3.7/site-packages/airflow/example_dags/example_bash_operator.py took 0.318 seconds
[2025-02-01T02:53:05.896+0000] {processor.py:153} INFO - Started process (PID=1468) to work on /home/airflow/.local/lib/python3.7/site-packages/airflow/example_dags/example_bash_operator.py
[2025-02-01T02:53:05.899+0000] {processor.py:743} INFO - Processing file /home/airflow/.local/lib/python3.7/site-packages/airflow/example_dags/example_bash_operator.py for tasks to queue
[2025-02-01T02:53:05.903+0000] {logging_mixin.py:137} INFO - [2025-02-01T02:53:05.900+0000] {dagbag.py:538} INFO - Filling up the DagBag from /home/airflow/.local/lib/python3.7/site-packages/airflow/example_dags/example_bash_operator.py
[2025-02-01T02:53:06.015+0000] {processor.py:753} INFO - DAG(s) dict_keys(['example_bash_operator']) retrieved from /home/airflow/.local/lib/python3.7/site-packages/airflow/example_dags/example_bash_operator.py
[2025-02-01T02:53:06.206+0000] {logging_mixin.py:137} INFO - [2025-02-01T02:53:06.206+0000] {dag.py:2690} INFO - Sync 1 DAGs
[2025-02-01T02:53:06.276+0000] {logging_mixin.py:137} INFO - [2025-02-01T02:53:06.276+0000] {dag.py:3441} INFO - Setting next_dagrun for example_bash_operator to 2025-01-31T00:00:00+00:00, run_after=2025-02-01T00:00:00+00:00
[2025-02-01T02:53:06.320+0000] {processor.py:175} INFO - Processing /home/airflow/.local/lib/python3.7/site-packages/airflow/example_dags/example_bash_operator.py took 0.437 seconds
[2025-02-01T02:53:38.148+0000] {processor.py:153} INFO - Started process (PID=1525) to work on /home/airflow/.local/lib/python3.7/site-packages/airflow/example_dags/example_bash_operator.py
[2025-02-01T02:53:38.159+0000] {processor.py:743} INFO - Processing file /home/airflow/.local/lib/python3.7/site-packages/airflow/example_dags/example_bash_operator.py for tasks to queue
[2025-02-01T02:53:38.171+0000] {logging_mixin.py:137} INFO - [2025-02-01T02:53:38.160+0000] {dagbag.py:538} INFO - Filling up the DagBag from /home/airflow/.local/lib/python3.7/site-packages/airflow/example_dags/example_bash_operator.py
[2025-02-01T02:53:38.480+0000] {processor.py:753} INFO - DAG(s) dict_keys(['example_bash_operator']) retrieved from /home/airflow/.local/lib/python3.7/site-packages/airflow/example_dags/example_bash_operator.py
[2025-02-01T02:53:38.857+0000] {logging_mixin.py:137} INFO - [2025-02-01T02:53:38.856+0000] {dag.py:2690} INFO - Sync 1 DAGs
[2025-02-01T02:53:39.082+0000] {logging_mixin.py:137} INFO - [2025-02-01T02:53:39.081+0000] {dag.py:3441} INFO - Setting next_dagrun for example_bash_operator to 2025-01-31T00:00:00+00:00, run_after=2025-02-01T00:00:00+00:00
[2025-02-01T02:53:39.224+0000] {processor.py:175} INFO - Processing /home/airflow/.local/lib/python3.7/site-packages/airflow/example_dags/example_bash_operator.py took 1.123 seconds
[2025-02-01T02:54:09.500+0000] {processor.py:153} INFO - Started process (PID=1577) to work on /home/airflow/.local/lib/python3.7/site-packages/airflow/example_dags/example_bash_operator.py
[2025-02-01T02:54:09.504+0000] {processor.py:743} INFO - Processing file /home/airflow/.local/lib/python3.7/site-packages/airflow/example_dags/example_bash_operator.py for tasks to queue
[2025-02-01T02:54:09.510+0000] {logging_mixin.py:137} INFO - [2025-02-01T02:54:09.508+0000] {dagbag.py:538} INFO - Filling up the DagBag from /home/airflow/.local/lib/python3.7/site-packages/airflow/example_dags/example_bash_operator.py
[2025-02-01T02:54:09.704+0000] {processor.py:753} INFO - DAG(s) dict_keys(['example_bash_operator']) retrieved from /home/airflow/.local/lib/python3.7/site-packages/airflow/example_dags/example_bash_operator.py
[2025-02-01T02:54:09.934+0000] {logging_mixin.py:137} INFO - [2025-02-01T02:54:09.934+0000] {dag.py:2690} INFO - Sync 1 DAGs
[2025-02-01T02:54:10.088+0000] {logging_mixin.py:137} INFO - [2025-02-01T02:54:10.088+0000] {dag.py:3441} INFO - Setting next_dagrun for example_bash_operator to 2025-01-31T00:00:00+00:00, run_after=2025-02-01T00:00:00+00:00
[2025-02-01T02:54:10.176+0000] {processor.py:175} INFO - Processing /home/airflow/.local/lib/python3.7/site-packages/airflow/example_dags/example_bash_operator.py took 0.705 seconds
[2025-02-01T02:54:41.204+0000] {processor.py:153} INFO - Started process (PID=1636) to work on /home/airflow/.local/lib/python3.7/site-packages/airflow/example_dags/example_bash_operator.py
[2025-02-01T02:54:41.205+0000] {processor.py:743} INFO - Processing file /home/airflow/.local/lib/python3.7/site-packages/airflow/example_dags/example_bash_operator.py for tasks to queue
[2025-02-01T02:54:41.208+0000] {logging_mixin.py:137} INFO - [2025-02-01T02:54:41.208+0000] {dagbag.py:538} INFO - Filling up the DagBag from /home/airflow/.local/lib/python3.7/site-packages/airflow/example_dags/example_bash_operator.py
[2025-02-01T02:54:41.262+0000] {processor.py:753} INFO - DAG(s) dict_keys(['example_bash_operator']) retrieved from /home/airflow/.local/lib/python3.7/site-packages/airflow/example_dags/example_bash_operator.py
[2025-02-01T02:54:41.359+0000] {logging_mixin.py:137} INFO - [2025-02-01T02:54:41.359+0000] {dag.py:2690} INFO - Sync 1 DAGs
[2025-02-01T02:54:41.438+0000] {logging_mixin.py:137} INFO - [2025-02-01T02:54:41.438+0000] {dag.py:3441} INFO - Setting next_dagrun for example_bash_operator to 2025-01-31T00:00:00+00:00, run_after=2025-02-01T00:00:00+00:00
[2025-02-01T02:54:41.488+0000] {processor.py:175} INFO - Processing /home/airflow/.local/lib/python3.7/site-packages/airflow/example_dags/example_bash_operator.py took 0.298 seconds
[2025-02-01T02:55:11.810+0000] {processor.py:153} INFO - Started process (PID=1695) to work on /home/airflow/.local/lib/python3.7/site-packages/airflow/example_dags/example_bash_operator.py
[2025-02-01T02:55:11.872+0000] {processor.py:743} INFO - Processing file /home/airflow/.local/lib/python3.7/site-packages/airflow/example_dags/example_bash_operator.py for tasks to queue
[2025-02-01T02:55:11.874+0000] {logging_mixin.py:137} INFO - [2025-02-01T02:55:11.873+0000] {dagbag.py:538} INFO - Filling up the DagBag from /home/airflow/.local/lib/python3.7/site-packages/airflow/example_dags/example_bash_operator.py
[2025-02-01T02:55:11.938+0000] {processor.py:753} INFO - DAG(s) dict_keys(['example_bash_operator']) retrieved from /home/airflow/.local/lib/python3.7/site-packages/airflow/example_dags/example_bash_operator.py
[2025-02-01T02:55:12.033+0000] {logging_mixin.py:137} INFO - [2025-02-01T02:55:12.033+0000] {dag.py:2690} INFO - Sync 1 DAGs
[2025-02-01T02:55:12.104+0000] {logging_mixin.py:137} INFO - [2025-02-01T02:55:12.103+0000] {dag.py:3441} INFO - Setting next_dagrun for example_bash_operator to 2025-01-31T00:00:00+00:00, run_after=2025-02-01T00:00:00+00:00
[2025-02-01T02:55:12.271+0000] {processor.py:175} INFO - Processing /home/airflow/.local/lib/python3.7/site-packages/airflow/example_dags/example_bash_operator.py took 0.470 seconds
[2025-02-01T02:55:43.072+0000] {processor.py:153} INFO - Started process (PID=1754) to work on /home/airflow/.local/lib/python3.7/site-packages/airflow/example_dags/example_bash_operator.py
[2025-02-01T02:55:43.073+0000] {processor.py:743} INFO - Processing file /home/airflow/.local/lib/python3.7/site-packages/airflow/example_dags/example_bash_operator.py for tasks to queue
[2025-02-01T02:55:43.080+0000] {logging_mixin.py:137} INFO - [2025-02-01T02:55:43.080+0000] {dagbag.py:538} INFO - Filling up the DagBag from /home/airflow/.local/lib/python3.7/site-packages/airflow/example_dags/example_bash_operator.py
[2025-02-01T02:55:43.220+0000] {processor.py:753} INFO - DAG(s) dict_keys(['example_bash_operator']) retrieved from /home/airflow/.local/lib/python3.7/site-packages/airflow/example_dags/example_bash_operator.py
[2025-02-01T02:55:43.355+0000] {logging_mixin.py:137} INFO - [2025-02-01T02:55:43.353+0000] {dag.py:2690} INFO - Sync 1 DAGs
[2025-02-01T02:55:43.549+0000] {logging_mixin.py:137} INFO - [2025-02-01T02:55:43.549+0000] {dag.py:3441} INFO - Setting next_dagrun for example_bash_operator to 2025-01-31T00:00:00+00:00, run_after=2025-02-01T00:00:00+00:00
[2025-02-01T02:55:43.641+0000] {processor.py:175} INFO - Processing /home/airflow/.local/lib/python3.7/site-packages/airflow/example_dags/example_bash_operator.py took 0.597 seconds
[2025-02-01T02:56:14.112+0000] {processor.py:153} INFO - Started process (PID=1812) to work on /home/airflow/.local/lib/python3.7/site-packages/airflow/example_dags/example_bash_operator.py
[2025-02-01T02:56:14.114+0000] {processor.py:743} INFO - Processing file /home/airflow/.local/lib/python3.7/site-packages/airflow/example_dags/example_bash_operator.py for tasks to queue
[2025-02-01T02:56:14.115+0000] {logging_mixin.py:137} INFO - [2025-02-01T02:56:14.115+0000] {dagbag.py:538} INFO - Filling up the DagBag from /home/airflow/.local/lib/python3.7/site-packages/airflow/example_dags/example_bash_operator.py
[2025-02-01T02:56:14.191+0000] {processor.py:753} INFO - DAG(s) dict_keys(['example_bash_operator']) retrieved from /home/airflow/.local/lib/python3.7/site-packages/airflow/example_dags/example_bash_operator.py
[2025-02-01T02:56:14.333+0000] {logging_mixin.py:137} INFO - [2025-02-01T02:56:14.332+0000] {dag.py:2690} INFO - Sync 1 DAGs
[2025-02-01T02:56:14.403+0000] {logging_mixin.py:137} INFO - [2025-02-01T02:56:14.403+0000] {dag.py:3441} INFO - Setting next_dagrun for example_bash_operator to 2025-01-31T00:00:00+00:00, run_after=2025-02-01T00:00:00+00:00
[2025-02-01T02:56:14.492+0000] {processor.py:175} INFO - Processing /home/airflow/.local/lib/python3.7/site-packages/airflow/example_dags/example_bash_operator.py took 0.388 seconds
[2025-02-01T02:56:44.542+0000] {processor.py:153} INFO - Started process (PID=1862) to work on /home/airflow/.local/lib/python3.7/site-packages/airflow/example_dags/example_bash_operator.py
[2025-02-01T02:56:44.543+0000] {processor.py:743} INFO - Processing file /home/airflow/.local/lib/python3.7/site-packages/airflow/example_dags/example_bash_operator.py for tasks to queue
[2025-02-01T02:56:44.545+0000] {logging_mixin.py:137} INFO - [2025-02-01T02:56:44.544+0000] {dagbag.py:538} INFO - Filling up the DagBag from /home/airflow/.local/lib/python3.7/site-packages/airflow/example_dags/example_bash_operator.py
[2025-02-01T02:56:44.599+0000] {processor.py:753} INFO - DAG(s) dict_keys(['example_bash_operator']) retrieved from /home/airflow/.local/lib/python3.7/site-packages/airflow/example_dags/example_bash_operator.py
[2025-02-01T02:56:44.695+0000] {logging_mixin.py:137} INFO - [2025-02-01T02:56:44.694+0000] {dag.py:2690} INFO - Sync 1 DAGs
[2025-02-01T02:56:44.763+0000] {logging_mixin.py:137} INFO - [2025-02-01T02:56:44.762+0000] {dag.py:3441} INFO - Setting next_dagrun for example_bash_operator to 2025-01-31T00:00:00+00:00, run_after=2025-02-01T00:00:00+00:00
[2025-02-01T02:56:44.807+0000] {processor.py:175} INFO - Processing /home/airflow/.local/lib/python3.7/site-packages/airflow/example_dags/example_bash_operator.py took 0.273 seconds
[2025-02-01T02:57:15.777+0000] {processor.py:153} INFO - Started process (PID=1921) to work on /home/airflow/.local/lib/python3.7/site-packages/airflow/example_dags/example_bash_operator.py
[2025-02-01T02:57:15.786+0000] {processor.py:743} INFO - Processing file /home/airflow/.local/lib/python3.7/site-packages/airflow/example_dags/example_bash_operator.py for tasks to queue
[2025-02-01T02:57:15.788+0000] {logging_mixin.py:137} INFO - [2025-02-01T02:57:15.788+0000] {dagbag.py:538} INFO - Filling up the DagBag from /home/airflow/.local/lib/python3.7/site-packages/airflow/example_dags/example_bash_operator.py
[2025-02-01T02:57:15.842+0000] {processor.py:753} INFO - DAG(s) dict_keys(['example_bash_operator']) retrieved from /home/airflow/.local/lib/python3.7/site-packages/airflow/example_dags/example_bash_operator.py
[2025-02-01T02:57:15.934+0000] {logging_mixin.py:137} INFO - [2025-02-01T02:57:15.934+0000] {dag.py:2690} INFO - Sync 1 DAGs
[2025-02-01T02:57:16.004+0000] {logging_mixin.py:137} INFO - [2025-02-01T02:57:16.004+0000] {dag.py:3441} INFO - Setting next_dagrun for example_bash_operator to 2025-01-31T00:00:00+00:00, run_after=2025-02-01T00:00:00+00:00
[2025-02-01T02:57:16.055+0000] {processor.py:175} INFO - Processing /home/airflow/.local/lib/python3.7/site-packages/airflow/example_dags/example_bash_operator.py took 0.292 seconds
[2025-02-01T02:57:46.300+0000] {processor.py:153} INFO - Started process (PID=1979) to work on /home/airflow/.local/lib/python3.7/site-packages/airflow/example_dags/example_bash_operator.py
[2025-02-01T02:57:46.311+0000] {processor.py:743} INFO - Processing file /home/airflow/.local/lib/python3.7/site-packages/airflow/example_dags/example_bash_operator.py for tasks to queue
[2025-02-01T02:57:46.320+0000] {logging_mixin.py:137} INFO - [2025-02-01T02:57:46.314+0000] {dagbag.py:538} INFO - Filling up the DagBag from /home/airflow/.local/lib/python3.7/site-packages/airflow/example_dags/example_bash_operator.py
[2025-02-01T02:57:46.532+0000] {processor.py:753} INFO - DAG(s) dict_keys(['example_bash_operator']) retrieved from /home/airflow/.local/lib/python3.7/site-packages/airflow/example_dags/example_bash_operator.py
[2025-02-01T02:57:46.829+0000] {logging_mixin.py:137} INFO - [2025-02-01T02:57:46.828+0000] {dag.py:2690} INFO - Sync 1 DAGs
[2025-02-01T02:57:47.059+0000] {logging_mixin.py:137} INFO - [2025-02-01T02:57:47.059+0000] {dag.py:3441} INFO - Setting next_dagrun for example_bash_operator to 2025-01-31T00:00:00+00:00, run_after=2025-02-01T00:00:00+00:00
[2025-02-01T02:57:47.241+0000] {processor.py:175} INFO - Processing /home/airflow/.local/lib/python3.7/site-packages/airflow/example_dags/example_bash_operator.py took 0.983 seconds
[2025-02-01T02:58:18.138+0000] {processor.py:153} INFO - Started process (PID=2029) to work on /home/airflow/.local/lib/python3.7/site-packages/airflow/example_dags/example_bash_operator.py
[2025-02-01T02:58:18.141+0000] {processor.py:743} INFO - Processing file /home/airflow/.local/lib/python3.7/site-packages/airflow/example_dags/example_bash_operator.py for tasks to queue
[2025-02-01T02:58:18.142+0000] {logging_mixin.py:137} INFO - [2025-02-01T02:58:18.142+0000] {dagbag.py:538} INFO - Filling up the DagBag from /home/airflow/.local/lib/python3.7/site-packages/airflow/example_dags/example_bash_operator.py
[2025-02-01T02:58:18.196+0000] {processor.py:753} INFO - DAG(s) dict_keys(['example_bash_operator']) retrieved from /home/airflow/.local/lib/python3.7/site-packages/airflow/example_dags/example_bash_operator.py
[2025-02-01T02:58:18.286+0000] {logging_mixin.py:137} INFO - [2025-02-01T02:58:18.286+0000] {dag.py:2690} INFO - Sync 1 DAGs
[2025-02-01T02:58:18.360+0000] {logging_mixin.py:137} INFO - [2025-02-01T02:58:18.360+0000] {dag.py:3441} INFO - Setting next_dagrun for example_bash_operator to 2025-01-31T00:00:00+00:00, run_after=2025-02-01T00:00:00+00:00
[2025-02-01T02:58:18.410+0000] {processor.py:175} INFO - Processing /home/airflow/.local/lib/python3.7/site-packages/airflow/example_dags/example_bash_operator.py took 0.281 seconds
[2025-02-01T02:58:48.706+0000] {processor.py:153} INFO - Started process (PID=2088) to work on /home/airflow/.local/lib/python3.7/site-packages/airflow/example_dags/example_bash_operator.py
[2025-02-01T02:58:48.708+0000] {processor.py:743} INFO - Processing file /home/airflow/.local/lib/python3.7/site-packages/airflow/example_dags/example_bash_operator.py for tasks to queue
[2025-02-01T02:58:48.710+0000] {logging_mixin.py:137} INFO - [2025-02-01T02:58:48.709+0000] {dagbag.py:538} INFO - Filling up the DagBag from /home/airflow/.local/lib/python3.7/site-packages/airflow/example_dags/example_bash_operator.py
[2025-02-01T02:58:48.765+0000] {processor.py:753} INFO - DAG(s) dict_keys(['example_bash_operator']) retrieved from /home/airflow/.local/lib/python3.7/site-packages/airflow/example_dags/example_bash_operator.py
[2025-02-01T02:58:48.871+0000] {logging_mixin.py:137} INFO - [2025-02-01T02:58:48.871+0000] {dag.py:2690} INFO - Sync 1 DAGs
[2025-02-01T02:58:48.956+0000] {logging_mixin.py:137} INFO - [2025-02-01T02:58:48.956+0000] {dag.py:3441} INFO - Setting next_dagrun for example_bash_operator to 2025-01-31T00:00:00+00:00, run_after=2025-02-01T00:00:00+00:00
[2025-02-01T02:58:49.013+0000] {processor.py:175} INFO - Processing /home/airflow/.local/lib/python3.7/site-packages/airflow/example_dags/example_bash_operator.py took 0.314 seconds
[2025-02-01T02:59:20.091+0000] {processor.py:153} INFO - Started process (PID=2143) to work on /home/airflow/.local/lib/python3.7/site-packages/airflow/example_dags/example_bash_operator.py
[2025-02-01T02:59:20.097+0000] {processor.py:743} INFO - Processing file /home/airflow/.local/lib/python3.7/site-packages/airflow/example_dags/example_bash_operator.py for tasks to queue
[2025-02-01T02:59:20.103+0000] {logging_mixin.py:137} INFO - [2025-02-01T02:59:20.100+0000] {dagbag.py:538} INFO - Filling up the DagBag from /home/airflow/.local/lib/python3.7/site-packages/airflow/example_dags/example_bash_operator.py
[2025-02-01T02:59:20.282+0000] {processor.py:753} INFO - DAG(s) dict_keys(['example_bash_operator']) retrieved from /home/airflow/.local/lib/python3.7/site-packages/airflow/example_dags/example_bash_operator.py
[2025-02-01T02:59:20.486+0000] {logging_mixin.py:137} INFO - [2025-02-01T02:59:20.485+0000] {dag.py:2690} INFO - Sync 1 DAGs
[2025-02-01T02:59:20.628+0000] {logging_mixin.py:137} INFO - [2025-02-01T02:59:20.628+0000] {dag.py:3441} INFO - Setting next_dagrun for example_bash_operator to 2025-01-31T00:00:00+00:00, run_after=2025-02-01T00:00:00+00:00
[2025-02-01T02:59:20.722+0000] {processor.py:175} INFO - Processing /home/airflow/.local/lib/python3.7/site-packages/airflow/example_dags/example_bash_operator.py took 0.657 seconds
[2025-02-01T02:59:51.024+0000] {processor.py:153} INFO - Started process (PID=2195) to work on /home/airflow/.local/lib/python3.7/site-packages/airflow/example_dags/example_bash_operator.py
[2025-02-01T02:59:51.026+0000] {processor.py:743} INFO - Processing file /home/airflow/.local/lib/python3.7/site-packages/airflow/example_dags/example_bash_operator.py for tasks to queue
[2025-02-01T02:59:51.028+0000] {logging_mixin.py:137} INFO - [2025-02-01T02:59:51.027+0000] {dagbag.py:538} INFO - Filling up the DagBag from /home/airflow/.local/lib/python3.7/site-packages/airflow/example_dags/example_bash_operator.py
[2025-02-01T02:59:51.086+0000] {processor.py:753} INFO - DAG(s) dict_keys(['example_bash_operator']) retrieved from /home/airflow/.local/lib/python3.7/site-packages/airflow/example_dags/example_bash_operator.py
[2025-02-01T02:59:51.213+0000] {logging_mixin.py:137} INFO - [2025-02-01T02:59:51.212+0000] {dag.py:2690} INFO - Sync 1 DAGs
[2025-02-01T02:59:51.305+0000] {logging_mixin.py:137} INFO - [2025-02-01T02:59:51.305+0000] {dag.py:3441} INFO - Setting next_dagrun for example_bash_operator to 2025-01-31T00:00:00+00:00, run_after=2025-02-01T00:00:00+00:00
[2025-02-01T02:59:51.353+0000] {processor.py:175} INFO - Processing /home/airflow/.local/lib/python3.7/site-packages/airflow/example_dags/example_bash_operator.py took 0.336 seconds
[2025-02-01T03:00:22.362+0000] {processor.py:153} INFO - Started process (PID=2253) to work on /home/airflow/.local/lib/python3.7/site-packages/airflow/example_dags/example_bash_operator.py
[2025-02-01T03:00:22.366+0000] {processor.py:743} INFO - Processing file /home/airflow/.local/lib/python3.7/site-packages/airflow/example_dags/example_bash_operator.py for tasks to queue
[2025-02-01T03:00:22.368+0000] {logging_mixin.py:137} INFO - [2025-02-01T03:00:22.367+0000] {dagbag.py:538} INFO - Filling up the DagBag from /home/airflow/.local/lib/python3.7/site-packages/airflow/example_dags/example_bash_operator.py
[2025-02-01T03:00:22.546+0000] {processor.py:753} INFO - DAG(s) dict_keys(['example_bash_operator']) retrieved from /home/airflow/.local/lib/python3.7/site-packages/airflow/example_dags/example_bash_operator.py
[2025-02-01T03:00:23.025+0000] {logging_mixin.py:137} INFO - [2025-02-01T03:00:23.024+0000] {dag.py:2690} INFO - Sync 1 DAGs
[2025-02-01T03:00:23.461+0000] {logging_mixin.py:137} INFO - [2025-02-01T03:00:23.457+0000] {dag.py:3441} INFO - Setting next_dagrun for example_bash_operator to 2025-01-31T00:00:00+00:00, run_after=2025-02-01T00:00:00+00:00
[2025-02-01T03:00:23.706+0000] {processor.py:175} INFO - Processing /home/airflow/.local/lib/python3.7/site-packages/airflow/example_dags/example_bash_operator.py took 1.366 seconds
[2025-02-01T03:00:53.972+0000] {processor.py:153} INFO - Started process (PID=2312) to work on /home/airflow/.local/lib/python3.7/site-packages/airflow/example_dags/example_bash_operator.py
[2025-02-01T03:00:53.977+0000] {processor.py:743} INFO - Processing file /home/airflow/.local/lib/python3.7/site-packages/airflow/example_dags/example_bash_operator.py for tasks to queue
[2025-02-01T03:00:53.983+0000] {logging_mixin.py:137} INFO - [2025-02-01T03:00:53.979+0000] {dagbag.py:538} INFO - Filling up the DagBag from /home/airflow/.local/lib/python3.7/site-packages/airflow/example_dags/example_bash_operator.py
[2025-02-01T03:00:54.162+0000] {processor.py:753} INFO - DAG(s) dict_keys(['example_bash_operator']) retrieved from /home/airflow/.local/lib/python3.7/site-packages/airflow/example_dags/example_bash_operator.py
[2025-02-01T03:00:54.518+0000] {logging_mixin.py:137} INFO - [2025-02-01T03:00:54.518+0000] {dag.py:2690} INFO - Sync 1 DAGs
[2025-02-01T03:00:54.841+0000] {logging_mixin.py:137} INFO - [2025-02-01T03:00:54.838+0000] {dag.py:3441} INFO - Setting next_dagrun for example_bash_operator to 2025-01-31T00:00:00+00:00, run_after=2025-02-01T00:00:00+00:00
[2025-02-01T03:00:54.932+0000] {processor.py:175} INFO - Processing /home/airflow/.local/lib/python3.7/site-packages/airflow/example_dags/example_bash_operator.py took 0.992 seconds
[2025-02-01T03:01:25.239+0000] {processor.py:153} INFO - Started process (PID=2370) to work on /home/airflow/.local/lib/python3.7/site-packages/airflow/example_dags/example_bash_operator.py
[2025-02-01T03:01:25.244+0000] {processor.py:743} INFO - Processing file /home/airflow/.local/lib/python3.7/site-packages/airflow/example_dags/example_bash_operator.py for tasks to queue
[2025-02-01T03:01:25.250+0000] {logging_mixin.py:137} INFO - [2025-02-01T03:01:25.245+0000] {dagbag.py:538} INFO - Filling up the DagBag from /home/airflow/.local/lib/python3.7/site-packages/airflow/example_dags/example_bash_operator.py
[2025-02-01T03:01:25.414+0000] {processor.py:753} INFO - DAG(s) dict_keys(['example_bash_operator']) retrieved from /home/airflow/.local/lib/python3.7/site-packages/airflow/example_dags/example_bash_operator.py
[2025-02-01T03:01:25.741+0000] {logging_mixin.py:137} INFO - [2025-02-01T03:01:25.740+0000] {dag.py:2690} INFO - Sync 1 DAGs
[2025-02-01T03:01:25.944+0000] {logging_mixin.py:137} INFO - [2025-02-01T03:01:25.944+0000] {dag.py:3441} INFO - Setting next_dagrun for example_bash_operator to 2025-01-31T00:00:00+00:00, run_after=2025-02-01T00:00:00+00:00
[2025-02-01T03:01:26.121+0000] {processor.py:175} INFO - Processing /home/airflow/.local/lib/python3.7/site-packages/airflow/example_dags/example_bash_operator.py took 0.898 seconds
[2025-02-01T03:01:56.481+0000] {processor.py:153} INFO - Started process (PID=2420) to work on /home/airflow/.local/lib/python3.7/site-packages/airflow/example_dags/example_bash_operator.py
[2025-02-01T03:01:56.491+0000] {processor.py:743} INFO - Processing file /home/airflow/.local/lib/python3.7/site-packages/airflow/example_dags/example_bash_operator.py for tasks to queue
[2025-02-01T03:01:56.495+0000] {logging_mixin.py:137} INFO - [2025-02-01T03:01:56.495+0000] {dagbag.py:538} INFO - Filling up the DagBag from /home/airflow/.local/lib/python3.7/site-packages/airflow/example_dags/example_bash_operator.py
[2025-02-01T03:01:56.655+0000] {processor.py:753} INFO - DAG(s) dict_keys(['example_bash_operator']) retrieved from /home/airflow/.local/lib/python3.7/site-packages/airflow/example_dags/example_bash_operator.py
[2025-02-01T03:01:56.773+0000] {logging_mixin.py:137} INFO - [2025-02-01T03:01:56.773+0000] {dag.py:2690} INFO - Sync 1 DAGs
[2025-02-01T03:01:56.840+0000] {logging_mixin.py:137} INFO - [2025-02-01T03:01:56.840+0000] {dag.py:3441} INFO - Setting next_dagrun for example_bash_operator to 2025-01-31T00:00:00+00:00, run_after=2025-02-01T00:00:00+00:00
[2025-02-01T03:01:56.887+0000] {processor.py:175} INFO - Processing /home/airflow/.local/lib/python3.7/site-packages/airflow/example_dags/example_bash_operator.py took 0.428 seconds
[2025-02-01T03:02:27.500+0000] {processor.py:153} INFO - Started process (PID=2478) to work on /home/airflow/.local/lib/python3.7/site-packages/airflow/example_dags/example_bash_operator.py
[2025-02-01T03:02:27.506+0000] {processor.py:743} INFO - Processing file /home/airflow/.local/lib/python3.7/site-packages/airflow/example_dags/example_bash_operator.py for tasks to queue
[2025-02-01T03:02:27.513+0000] {logging_mixin.py:137} INFO - [2025-02-01T03:02:27.513+0000] {dagbag.py:538} INFO - Filling up the DagBag from /home/airflow/.local/lib/python3.7/site-packages/airflow/example_dags/example_bash_operator.py
[2025-02-01T03:02:27.684+0000] {processor.py:753} INFO - DAG(s) dict_keys(['example_bash_operator']) retrieved from /home/airflow/.local/lib/python3.7/site-packages/airflow/example_dags/example_bash_operator.py
[2025-02-01T03:02:27.883+0000] {logging_mixin.py:137} INFO - [2025-02-01T03:02:27.882+0000] {dag.py:2690} INFO - Sync 1 DAGs
[2025-02-01T03:02:28.059+0000] {logging_mixin.py:137} INFO - [2025-02-01T03:02:28.058+0000] {dag.py:3441} INFO - Setting next_dagrun for example_bash_operator to 2025-01-31T00:00:00+00:00, run_after=2025-02-01T00:00:00+00:00
[2025-02-01T03:02:28.216+0000] {processor.py:175} INFO - Processing /home/airflow/.local/lib/python3.7/site-packages/airflow/example_dags/example_bash_operator.py took 0.735 seconds
[2025-02-01T03:02:58.515+0000] {processor.py:153} INFO - Started process (PID=2537) to work on /home/airflow/.local/lib/python3.7/site-packages/airflow/example_dags/example_bash_operator.py
[2025-02-01T03:02:58.521+0000] {processor.py:743} INFO - Processing file /home/airflow/.local/lib/python3.7/site-packages/airflow/example_dags/example_bash_operator.py for tasks to queue
[2025-02-01T03:02:58.527+0000] {logging_mixin.py:137} INFO - [2025-02-01T03:02:58.522+0000] {dagbag.py:538} INFO - Filling up the DagBag from /home/airflow/.local/lib/python3.7/site-packages/airflow/example_dags/example_bash_operator.py
[2025-02-01T03:02:58.703+0000] {processor.py:753} INFO - DAG(s) dict_keys(['example_bash_operator']) retrieved from /home/airflow/.local/lib/python3.7/site-packages/airflow/example_dags/example_bash_operator.py
[2025-02-01T03:02:58.938+0000] {logging_mixin.py:137} INFO - [2025-02-01T03:02:58.936+0000] {dag.py:2690} INFO - Sync 1 DAGs
[2025-02-01T03:02:59.045+0000] {logging_mixin.py:137} INFO - [2025-02-01T03:02:59.044+0000] {dag.py:3441} INFO - Setting next_dagrun for example_bash_operator to 2025-01-31T00:00:00+00:00, run_after=2025-02-01T00:00:00+00:00
[2025-02-01T03:02:59.128+0000] {processor.py:175} INFO - Processing /home/airflow/.local/lib/python3.7/site-packages/airflow/example_dags/example_bash_operator.py took 0.633 seconds
[2025-02-01T03:03:30.246+0000] {processor.py:153} INFO - Started process (PID=2596) to work on /home/airflow/.local/lib/python3.7/site-packages/airflow/example_dags/example_bash_operator.py
[2025-02-01T03:03:30.262+0000] {processor.py:743} INFO - Processing file /home/airflow/.local/lib/python3.7/site-packages/airflow/example_dags/example_bash_operator.py for tasks to queue
[2025-02-01T03:03:30.276+0000] {logging_mixin.py:137} INFO - [2025-02-01T03:03:30.276+0000] {dagbag.py:538} INFO - Filling up the DagBag from /home/airflow/.local/lib/python3.7/site-packages/airflow/example_dags/example_bash_operator.py
[2025-02-01T03:03:30.615+0000] {processor.py:753} INFO - DAG(s) dict_keys(['example_bash_operator']) retrieved from /home/airflow/.local/lib/python3.7/site-packages/airflow/example_dags/example_bash_operator.py
[2025-02-01T03:03:31.116+0000] {logging_mixin.py:137} INFO - [2025-02-01T03:03:31.112+0000] {dag.py:2690} INFO - Sync 1 DAGs
[2025-02-01T03:03:31.419+0000] {logging_mixin.py:137} INFO - [2025-02-01T03:03:31.418+0000] {dag.py:3441} INFO - Setting next_dagrun for example_bash_operator to 2025-01-31T00:00:00+00:00, run_after=2025-02-01T00:00:00+00:00
[2025-02-01T03:03:31.589+0000] {processor.py:175} INFO - Processing /home/airflow/.local/lib/python3.7/site-packages/airflow/example_dags/example_bash_operator.py took 1.397 seconds
[2025-02-01T03:04:01.782+0000] {processor.py:153} INFO - Started process (PID=2645) to work on /home/airflow/.local/lib/python3.7/site-packages/airflow/example_dags/example_bash_operator.py
[2025-02-01T03:04:01.784+0000] {processor.py:743} INFO - Processing file /home/airflow/.local/lib/python3.7/site-packages/airflow/example_dags/example_bash_operator.py for tasks to queue
[2025-02-01T03:04:01.786+0000] {logging_mixin.py:137} INFO - [2025-02-01T03:04:01.785+0000] {dagbag.py:538} INFO - Filling up the DagBag from /home/airflow/.local/lib/python3.7/site-packages/airflow/example_dags/example_bash_operator.py
[2025-02-01T03:04:01.856+0000] {processor.py:753} INFO - DAG(s) dict_keys(['example_bash_operator']) retrieved from /home/airflow/.local/lib/python3.7/site-packages/airflow/example_dags/example_bash_operator.py
[2025-02-01T03:04:01.977+0000] {logging_mixin.py:137} INFO - [2025-02-01T03:04:01.977+0000] {dag.py:2690} INFO - Sync 1 DAGs
[2025-02-01T03:04:02.045+0000] {logging_mixin.py:137} INFO - [2025-02-01T03:04:02.045+0000] {dag.py:3441} INFO - Setting next_dagrun for example_bash_operator to 2025-01-31T00:00:00+00:00, run_after=2025-02-01T00:00:00+00:00
[2025-02-01T03:04:02.097+0000] {processor.py:175} INFO - Processing /home/airflow/.local/lib/python3.7/site-packages/airflow/example_dags/example_bash_operator.py took 0.323 seconds
[2025-02-01T03:04:32.459+0000] {processor.py:153} INFO - Started process (PID=2703) to work on /home/airflow/.local/lib/python3.7/site-packages/airflow/example_dags/example_bash_operator.py
[2025-02-01T03:04:32.466+0000] {processor.py:743} INFO - Processing file /home/airflow/.local/lib/python3.7/site-packages/airflow/example_dags/example_bash_operator.py for tasks to queue
[2025-02-01T03:04:32.471+0000] {logging_mixin.py:137} INFO - [2025-02-01T03:04:32.471+0000] {dagbag.py:538} INFO - Filling up the DagBag from /home/airflow/.local/lib/python3.7/site-packages/airflow/example_dags/example_bash_operator.py
[2025-02-01T03:04:32.676+0000] {processor.py:753} INFO - DAG(s) dict_keys(['example_bash_operator']) retrieved from /home/airflow/.local/lib/python3.7/site-packages/airflow/example_dags/example_bash_operator.py
[2025-02-01T03:04:32.941+0000] {logging_mixin.py:137} INFO - [2025-02-01T03:04:32.940+0000] {dag.py:2690} INFO - Sync 1 DAGs
[2025-02-01T03:04:33.092+0000] {logging_mixin.py:137} INFO - [2025-02-01T03:04:33.092+0000] {dag.py:3441} INFO - Setting next_dagrun for example_bash_operator to 2025-01-31T00:00:00+00:00, run_after=2025-02-01T00:00:00+00:00
[2025-02-01T03:04:33.188+0000] {processor.py:175} INFO - Processing /home/airflow/.local/lib/python3.7/site-packages/airflow/example_dags/example_bash_operator.py took 0.762 seconds
[2025-02-01T03:05:03.378+0000] {processor.py:153} INFO - Started process (PID=2759) to work on /home/airflow/.local/lib/python3.7/site-packages/airflow/example_dags/example_bash_operator.py
[2025-02-01T03:05:03.383+0000] {processor.py:743} INFO - Processing file /home/airflow/.local/lib/python3.7/site-packages/airflow/example_dags/example_bash_operator.py for tasks to queue
[2025-02-01T03:05:03.389+0000] {logging_mixin.py:137} INFO - [2025-02-01T03:05:03.386+0000] {dagbag.py:538} INFO - Filling up the DagBag from /home/airflow/.local/lib/python3.7/site-packages/airflow/example_dags/example_bash_operator.py
[2025-02-01T03:05:03.586+0000] {processor.py:753} INFO - DAG(s) dict_keys(['example_bash_operator']) retrieved from /home/airflow/.local/lib/python3.7/site-packages/airflow/example_dags/example_bash_operator.py
[2025-02-01T03:05:03.819+0000] {logging_mixin.py:137} INFO - [2025-02-01T03:05:03.816+0000] {dag.py:2690} INFO - Sync 1 DAGs
[2025-02-01T03:05:04.013+0000] {logging_mixin.py:137} INFO - [2025-02-01T03:05:04.012+0000] {dag.py:3441} INFO - Setting next_dagrun for example_bash_operator to 2025-01-31T00:00:00+00:00, run_after=2025-02-01T00:00:00+00:00
[2025-02-01T03:05:04.145+0000] {processor.py:175} INFO - Processing /home/airflow/.local/lib/python3.7/site-packages/airflow/example_dags/example_bash_operator.py took 0.792 seconds
[2025-02-01T03:05:35.002+0000] {processor.py:153} INFO - Started process (PID=2811) to work on /home/airflow/.local/lib/python3.7/site-packages/airflow/example_dags/example_bash_operator.py
[2025-02-01T03:05:35.005+0000] {processor.py:743} INFO - Processing file /home/airflow/.local/lib/python3.7/site-packages/airflow/example_dags/example_bash_operator.py for tasks to queue
[2025-02-01T03:05:35.008+0000] {logging_mixin.py:137} INFO - [2025-02-01T03:05:35.007+0000] {dagbag.py:538} INFO - Filling up the DagBag from /home/airflow/.local/lib/python3.7/site-packages/airflow/example_dags/example_bash_operator.py
[2025-02-01T03:05:35.108+0000] {processor.py:753} INFO - DAG(s) dict_keys(['example_bash_operator']) retrieved from /home/airflow/.local/lib/python3.7/site-packages/airflow/example_dags/example_bash_operator.py
[2025-02-01T03:05:35.359+0000] {logging_mixin.py:137} INFO - [2025-02-01T03:05:35.359+0000] {dag.py:2690} INFO - Sync 1 DAGs
[2025-02-01T03:05:35.484+0000] {logging_mixin.py:137} INFO - [2025-02-01T03:05:35.484+0000] {dag.py:3441} INFO - Setting next_dagrun for example_bash_operator to 2025-01-31T00:00:00+00:00, run_after=2025-02-01T00:00:00+00:00
[2025-02-01T03:05:35.560+0000] {processor.py:175} INFO - Processing /home/airflow/.local/lib/python3.7/site-packages/airflow/example_dags/example_bash_operator.py took 0.589 seconds
[2025-02-01T03:06:06.008+0000] {processor.py:153} INFO - Started process (PID=2870) to work on /home/airflow/.local/lib/python3.7/site-packages/airflow/example_dags/example_bash_operator.py
[2025-02-01T03:06:06.013+0000] {processor.py:743} INFO - Processing file /home/airflow/.local/lib/python3.7/site-packages/airflow/example_dags/example_bash_operator.py for tasks to queue
[2025-02-01T03:06:06.014+0000] {logging_mixin.py:137} INFO - [2025-02-01T03:06:06.014+0000] {dagbag.py:538} INFO - Filling up the DagBag from /home/airflow/.local/lib/python3.7/site-packages/airflow/example_dags/example_bash_operator.py
[2025-02-01T03:06:06.069+0000] {processor.py:753} INFO - DAG(s) dict_keys(['example_bash_operator']) retrieved from /home/airflow/.local/lib/python3.7/site-packages/airflow/example_dags/example_bash_operator.py
[2025-02-01T03:06:06.178+0000] {logging_mixin.py:137} INFO - [2025-02-01T03:06:06.178+0000] {dag.py:2690} INFO - Sync 1 DAGs
[2025-02-01T03:06:06.352+0000] {logging_mixin.py:137} INFO - [2025-02-01T03:06:06.351+0000] {dag.py:3441} INFO - Setting next_dagrun for example_bash_operator to 2025-01-31T00:00:00+00:00, run_after=2025-02-01T00:00:00+00:00
[2025-02-01T03:06:06.439+0000] {processor.py:175} INFO - Processing /home/airflow/.local/lib/python3.7/site-packages/airflow/example_dags/example_bash_operator.py took 0.447 seconds
[2025-02-01T03:06:36.933+0000] {processor.py:153} INFO - Started process (PID=2929) to work on /home/airflow/.local/lib/python3.7/site-packages/airflow/example_dags/example_bash_operator.py
[2025-02-01T03:06:36.939+0000] {processor.py:743} INFO - Processing file /home/airflow/.local/lib/python3.7/site-packages/airflow/example_dags/example_bash_operator.py for tasks to queue
[2025-02-01T03:06:36.944+0000] {logging_mixin.py:137} INFO - [2025-02-01T03:06:36.944+0000] {dagbag.py:538} INFO - Filling up the DagBag from /home/airflow/.local/lib/python3.7/site-packages/airflow/example_dags/example_bash_operator.py
[2025-02-01T03:06:37.181+0000] {processor.py:753} INFO - DAG(s) dict_keys(['example_bash_operator']) retrieved from /home/airflow/.local/lib/python3.7/site-packages/airflow/example_dags/example_bash_operator.py
[2025-02-01T03:06:37.500+0000] {logging_mixin.py:137} INFO - [2025-02-01T03:06:37.499+0000] {dag.py:2690} INFO - Sync 1 DAGs
[2025-02-01T03:06:37.694+0000] {logging_mixin.py:137} INFO - [2025-02-01T03:06:37.694+0000] {dag.py:3441} INFO - Setting next_dagrun for example_bash_operator to 2025-01-31T00:00:00+00:00, run_after=2025-02-01T00:00:00+00:00
[2025-02-01T03:06:37.821+0000] {processor.py:175} INFO - Processing /home/airflow/.local/lib/python3.7/site-packages/airflow/example_dags/example_bash_operator.py took 0.912 seconds
[2025-02-01T03:07:08.631+0000] {processor.py:153} INFO - Started process (PID=2987) to work on /home/airflow/.local/lib/python3.7/site-packages/airflow/example_dags/example_bash_operator.py
[2025-02-01T03:07:08.637+0000] {processor.py:743} INFO - Processing file /home/airflow/.local/lib/python3.7/site-packages/airflow/example_dags/example_bash_operator.py for tasks to queue
[2025-02-01T03:07:08.644+0000] {logging_mixin.py:137} INFO - [2025-02-01T03:07:08.640+0000] {dagbag.py:538} INFO - Filling up the DagBag from /home/airflow/.local/lib/python3.7/site-packages/airflow/example_dags/example_bash_operator.py
[2025-02-01T03:07:08.798+0000] {processor.py:753} INFO - DAG(s) dict_keys(['example_bash_operator']) retrieved from /home/airflow/.local/lib/python3.7/site-packages/airflow/example_dags/example_bash_operator.py
[2025-02-01T03:07:09.053+0000] {logging_mixin.py:137} INFO - [2025-02-01T03:07:09.052+0000] {dag.py:2690} INFO - Sync 1 DAGs
[2025-02-01T03:07:09.311+0000] {logging_mixin.py:137} INFO - [2025-02-01T03:07:09.311+0000] {dag.py:3441} INFO - Setting next_dagrun for example_bash_operator to 2025-01-31T00:00:00+00:00, run_after=2025-02-01T00:00:00+00:00
[2025-02-01T03:07:09.434+0000] {processor.py:175} INFO - Processing /home/airflow/.local/lib/python3.7/site-packages/airflow/example_dags/example_bash_operator.py took 0.827 seconds
[2025-02-01T03:07:39.721+0000] {processor.py:153} INFO - Started process (PID=3037) to work on /home/airflow/.local/lib/python3.7/site-packages/airflow/example_dags/example_bash_operator.py
[2025-02-01T03:07:39.722+0000] {processor.py:743} INFO - Processing file /home/airflow/.local/lib/python3.7/site-packages/airflow/example_dags/example_bash_operator.py for tasks to queue
[2025-02-01T03:07:39.724+0000] {logging_mixin.py:137} INFO - [2025-02-01T03:07:39.723+0000] {dagbag.py:538} INFO - Filling up the DagBag from /home/airflow/.local/lib/python3.7/site-packages/airflow/example_dags/example_bash_operator.py
[2025-02-01T03:07:39.781+0000] {processor.py:753} INFO - DAG(s) dict_keys(['example_bash_operator']) retrieved from /home/airflow/.local/lib/python3.7/site-packages/airflow/example_dags/example_bash_operator.py
[2025-02-01T03:07:39.872+0000] {logging_mixin.py:137} INFO - [2025-02-01T03:07:39.872+0000] {dag.py:2690} INFO - Sync 1 DAGs
[2025-02-01T03:07:39.941+0000] {logging_mixin.py:137} INFO - [2025-02-01T03:07:39.941+0000] {dag.py:3441} INFO - Setting next_dagrun for example_bash_operator to 2025-01-31T00:00:00+00:00, run_after=2025-02-01T00:00:00+00:00
[2025-02-01T03:07:39.992+0000] {processor.py:175} INFO - Processing /home/airflow/.local/lib/python3.7/site-packages/airflow/example_dags/example_bash_operator.py took 0.280 seconds
[2025-02-01T03:08:10.210+0000] {processor.py:153} INFO - Started process (PID=3095) to work on /home/airflow/.local/lib/python3.7/site-packages/airflow/example_dags/example_bash_operator.py
[2025-02-01T03:08:10.217+0000] {processor.py:743} INFO - Processing file /home/airflow/.local/lib/python3.7/site-packages/airflow/example_dags/example_bash_operator.py for tasks to queue
[2025-02-01T03:08:10.221+0000] {logging_mixin.py:137} INFO - [2025-02-01T03:08:10.220+0000] {dagbag.py:538} INFO - Filling up the DagBag from /home/airflow/.local/lib/python3.7/site-packages/airflow/example_dags/example_bash_operator.py
[2025-02-01T03:08:10.429+0000] {processor.py:753} INFO - DAG(s) dict_keys(['example_bash_operator']) retrieved from /home/airflow/.local/lib/python3.7/site-packages/airflow/example_dags/example_bash_operator.py
[2025-02-01T03:08:10.622+0000] {logging_mixin.py:137} INFO - [2025-02-01T03:08:10.621+0000] {dag.py:2690} INFO - Sync 1 DAGs
[2025-02-01T03:08:10.768+0000] {logging_mixin.py:137} INFO - [2025-02-01T03:08:10.768+0000] {dag.py:3441} INFO - Setting next_dagrun for example_bash_operator to 2025-01-31T00:00:00+00:00, run_after=2025-02-01T00:00:00+00:00
[2025-02-01T03:08:10.855+0000] {processor.py:175} INFO - Processing /home/airflow/.local/lib/python3.7/site-packages/airflow/example_dags/example_bash_operator.py took 0.669 seconds
[2025-02-01T03:08:41.493+0000] {processor.py:153} INFO - Started process (PID=3153) to work on /home/airflow/.local/lib/python3.7/site-packages/airflow/example_dags/example_bash_operator.py
[2025-02-01T03:08:41.497+0000] {processor.py:743} INFO - Processing file /home/airflow/.local/lib/python3.7/site-packages/airflow/example_dags/example_bash_operator.py for tasks to queue
[2025-02-01T03:08:41.498+0000] {logging_mixin.py:137} INFO - [2025-02-01T03:08:41.498+0000] {dagbag.py:538} INFO - Filling up the DagBag from /home/airflow/.local/lib/python3.7/site-packages/airflow/example_dags/example_bash_operator.py
[2025-02-01T03:08:41.674+0000] {processor.py:753} INFO - DAG(s) dict_keys(['example_bash_operator']) retrieved from /home/airflow/.local/lib/python3.7/site-packages/airflow/example_dags/example_bash_operator.py
[2025-02-01T03:08:41.978+0000] {logging_mixin.py:137} INFO - [2025-02-01T03:08:41.977+0000] {dag.py:2690} INFO - Sync 1 DAGs
[2025-02-01T03:08:42.172+0000] {logging_mixin.py:137} INFO - [2025-02-01T03:08:42.172+0000] {dag.py:3441} INFO - Setting next_dagrun for example_bash_operator to 2025-01-31T00:00:00+00:00, run_after=2025-02-01T00:00:00+00:00
[2025-02-01T03:08:42.394+0000] {processor.py:175} INFO - Processing /home/airflow/.local/lib/python3.7/site-packages/airflow/example_dags/example_bash_operator.py took 0.916 seconds
[2025-02-01T03:09:12.600+0000] {processor.py:153} INFO - Started process (PID=3203) to work on /home/airflow/.local/lib/python3.7/site-packages/airflow/example_dags/example_bash_operator.py
[2025-02-01T03:09:12.606+0000] {processor.py:743} INFO - Processing file /home/airflow/.local/lib/python3.7/site-packages/airflow/example_dags/example_bash_operator.py for tasks to queue
[2025-02-01T03:09:12.614+0000] {logging_mixin.py:137} INFO - [2025-02-01T03:09:12.608+0000] {dagbag.py:538} INFO - Filling up the DagBag from /home/airflow/.local/lib/python3.7/site-packages/airflow/example_dags/example_bash_operator.py
[2025-02-01T03:09:12.816+0000] {processor.py:753} INFO - DAG(s) dict_keys(['example_bash_operator']) retrieved from /home/airflow/.local/lib/python3.7/site-packages/airflow/example_dags/example_bash_operator.py
[2025-02-01T03:09:13.191+0000] {logging_mixin.py:137} INFO - [2025-02-01T03:09:13.190+0000] {dag.py:2690} INFO - Sync 1 DAGs
[2025-02-01T03:09:13.464+0000] {logging_mixin.py:137} INFO - [2025-02-01T03:09:13.464+0000] {dag.py:3441} INFO - Setting next_dagrun for example_bash_operator to 2025-01-31T00:00:00+00:00, run_after=2025-02-01T00:00:00+00:00
[2025-02-01T03:09:13.652+0000] {processor.py:175} INFO - Processing /home/airflow/.local/lib/python3.7/site-packages/airflow/example_dags/example_bash_operator.py took 1.075 seconds
[2025-02-01T03:09:43.885+0000] {processor.py:153} INFO - Started process (PID=3262) to work on /home/airflow/.local/lib/python3.7/site-packages/airflow/example_dags/example_bash_operator.py
[2025-02-01T03:09:43.887+0000] {processor.py:743} INFO - Processing file /home/airflow/.local/lib/python3.7/site-packages/airflow/example_dags/example_bash_operator.py for tasks to queue
[2025-02-01T03:09:43.890+0000] {logging_mixin.py:137} INFO - [2025-02-01T03:09:43.890+0000] {dagbag.py:538} INFO - Filling up the DagBag from /home/airflow/.local/lib/python3.7/site-packages/airflow/example_dags/example_bash_operator.py
[2025-02-01T03:09:44.034+0000] {processor.py:753} INFO - DAG(s) dict_keys(['example_bash_operator']) retrieved from /home/airflow/.local/lib/python3.7/site-packages/airflow/example_dags/example_bash_operator.py
[2025-02-01T03:09:44.376+0000] {logging_mixin.py:137} INFO - [2025-02-01T03:09:44.375+0000] {dag.py:2690} INFO - Sync 1 DAGs
[2025-02-01T03:09:44.648+0000] {logging_mixin.py:137} INFO - [2025-02-01T03:09:44.648+0000] {dag.py:3441} INFO - Setting next_dagrun for example_bash_operator to 2025-01-31T00:00:00+00:00, run_after=2025-02-01T00:00:00+00:00
[2025-02-01T03:09:44.780+0000] {processor.py:175} INFO - Processing /home/airflow/.local/lib/python3.7/site-packages/airflow/example_dags/example_bash_operator.py took 0.912 seconds
