[2025-02-01T02:40:33.721+0000] {processor.py:153} INFO - Started process (PID=95) to work on /home/airflow/.local/lib/python3.7/site-packages/airflow/example_dags/example_trigger_target_dag.py
[2025-02-01T02:40:33.722+0000] {processor.py:743} INFO - Processing file /home/airflow/.local/lib/python3.7/site-packages/airflow/example_dags/example_trigger_target_dag.py for tasks to queue
[2025-02-01T02:40:33.724+0000] {logging_mixin.py:137} INFO - [2025-02-01T02:40:33.723+0000] {dagbag.py:538} INFO - Filling up the DagBag from /home/airflow/.local/lib/python3.7/site-packages/airflow/example_dags/example_trigger_target_dag.py
[2025-02-01T02:40:33.837+0000] {processor.py:753} INFO - DAG(s) dict_keys(['example_trigger_target_dag']) retrieved from /home/airflow/.local/lib/python3.7/site-packages/airflow/example_dags/example_trigger_target_dag.py
[2025-02-01T02:40:34.023+0000] {logging_mixin.py:137} INFO - [2025-02-01T02:40:34.023+0000] {dag.py:2690} INFO - Sync 1 DAGs
[2025-02-01T02:40:34.137+0000] {logging_mixin.py:137} INFO - [2025-02-01T02:40:34.136+0000] {dag.py:3441} INFO - Setting next_dagrun for example_trigger_target_dag to None, run_after=None
[2025-02-01T02:40:34.223+0000] {processor.py:175} INFO - Processing /home/airflow/.local/lib/python3.7/site-packages/airflow/example_dags/example_trigger_target_dag.py took 0.519 seconds
[2025-02-01T02:41:06.471+0000] {processor.py:153} INFO - Started process (PID=153) to work on /home/airflow/.local/lib/python3.7/site-packages/airflow/example_dags/example_trigger_target_dag.py
[2025-02-01T02:41:06.480+0000] {processor.py:743} INFO - Processing file /home/airflow/.local/lib/python3.7/site-packages/airflow/example_dags/example_trigger_target_dag.py for tasks to queue
[2025-02-01T02:41:06.494+0000] {logging_mixin.py:137} INFO - [2025-02-01T02:41:06.494+0000] {dagbag.py:538} INFO - Filling up the DagBag from /home/airflow/.local/lib/python3.7/site-packages/airflow/example_dags/example_trigger_target_dag.py
[2025-02-01T02:41:06.786+0000] {processor.py:753} INFO - DAG(s) dict_keys(['example_trigger_target_dag']) retrieved from /home/airflow/.local/lib/python3.7/site-packages/airflow/example_dags/example_trigger_target_dag.py
[2025-02-01T02:41:07.069+0000] {logging_mixin.py:137} INFO - [2025-02-01T02:41:07.068+0000] {dag.py:2690} INFO - Sync 1 DAGs
[2025-02-01T02:41:07.380+0000] {logging_mixin.py:137} INFO - [2025-02-01T02:41:07.380+0000] {dag.py:3441} INFO - Setting next_dagrun for example_trigger_target_dag to None, run_after=None
[2025-02-01T02:41:07.532+0000] {processor.py:175} INFO - Processing /home/airflow/.local/lib/python3.7/site-packages/airflow/example_dags/example_trigger_target_dag.py took 1.117 seconds
[2025-02-01T02:41:37.873+0000] {processor.py:153} INFO - Started process (PID=202) to work on /home/airflow/.local/lib/python3.7/site-packages/airflow/example_dags/example_trigger_target_dag.py
[2025-02-01T02:41:37.877+0000] {processor.py:743} INFO - Processing file /home/airflow/.local/lib/python3.7/site-packages/airflow/example_dags/example_trigger_target_dag.py for tasks to queue
[2025-02-01T02:41:37.882+0000] {logging_mixin.py:137} INFO - [2025-02-01T02:41:37.882+0000] {dagbag.py:538} INFO - Filling up the DagBag from /home/airflow/.local/lib/python3.7/site-packages/airflow/example_dags/example_trigger_target_dag.py
[2025-02-01T02:41:38.068+0000] {processor.py:753} INFO - DAG(s) dict_keys(['example_trigger_target_dag']) retrieved from /home/airflow/.local/lib/python3.7/site-packages/airflow/example_dags/example_trigger_target_dag.py
[2025-02-01T02:41:38.242+0000] {logging_mixin.py:137} INFO - [2025-02-01T02:41:38.241+0000] {dag.py:2690} INFO - Sync 1 DAGs
[2025-02-01T02:41:38.493+0000] {logging_mixin.py:137} INFO - [2025-02-01T02:41:38.493+0000] {dag.py:3441} INFO - Setting next_dagrun for example_trigger_target_dag to None, run_after=None
[2025-02-01T02:41:38.620+0000] {processor.py:175} INFO - Processing /home/airflow/.local/lib/python3.7/site-packages/airflow/example_dags/example_trigger_target_dag.py took 0.765 seconds
[2025-02-01T02:42:09.065+0000] {processor.py:153} INFO - Started process (PID=261) to work on /home/airflow/.local/lib/python3.7/site-packages/airflow/example_dags/example_trigger_target_dag.py
[2025-02-01T02:42:09.067+0000] {processor.py:743} INFO - Processing file /home/airflow/.local/lib/python3.7/site-packages/airflow/example_dags/example_trigger_target_dag.py for tasks to queue
[2025-02-01T02:42:09.071+0000] {logging_mixin.py:137} INFO - [2025-02-01T02:42:09.069+0000] {dagbag.py:538} INFO - Filling up the DagBag from /home/airflow/.local/lib/python3.7/site-packages/airflow/example_dags/example_trigger_target_dag.py
[2025-02-01T02:42:09.124+0000] {processor.py:753} INFO - DAG(s) dict_keys(['example_trigger_target_dag']) retrieved from /home/airflow/.local/lib/python3.7/site-packages/airflow/example_dags/example_trigger_target_dag.py
[2025-02-01T02:42:09.183+0000] {logging_mixin.py:137} INFO - [2025-02-01T02:42:09.183+0000] {dag.py:2690} INFO - Sync 1 DAGs
[2025-02-01T02:42:09.250+0000] {logging_mixin.py:137} INFO - [2025-02-01T02:42:09.250+0000] {dag.py:3441} INFO - Setting next_dagrun for example_trigger_target_dag to None, run_after=None
[2025-02-01T02:42:09.329+0000] {processor.py:175} INFO - Processing /home/airflow/.local/lib/python3.7/site-packages/airflow/example_dags/example_trigger_target_dag.py took 0.278 seconds
[2025-02-01T02:42:39.552+0000] {processor.py:153} INFO - Started process (PID=321) to work on /home/airflow/.local/lib/python3.7/site-packages/airflow/example_dags/example_trigger_target_dag.py
[2025-02-01T02:42:39.553+0000] {processor.py:743} INFO - Processing file /home/airflow/.local/lib/python3.7/site-packages/airflow/example_dags/example_trigger_target_dag.py for tasks to queue
[2025-02-01T02:42:39.555+0000] {logging_mixin.py:137} INFO - [2025-02-01T02:42:39.554+0000] {dagbag.py:538} INFO - Filling up the DagBag from /home/airflow/.local/lib/python3.7/site-packages/airflow/example_dags/example_trigger_target_dag.py
[2025-02-01T02:42:39.607+0000] {processor.py:753} INFO - DAG(s) dict_keys(['example_trigger_target_dag']) retrieved from /home/airflow/.local/lib/python3.7/site-packages/airflow/example_dags/example_trigger_target_dag.py
[2025-02-01T02:42:39.666+0000] {logging_mixin.py:137} INFO - [2025-02-01T02:42:39.666+0000] {dag.py:2690} INFO - Sync 1 DAGs
[2025-02-01T02:42:39.731+0000] {logging_mixin.py:137} INFO - [2025-02-01T02:42:39.731+0000] {dag.py:3441} INFO - Setting next_dagrun for example_trigger_target_dag to None, run_after=None
[2025-02-01T02:42:39.776+0000] {processor.py:175} INFO - Processing /home/airflow/.local/lib/python3.7/site-packages/airflow/example_dags/example_trigger_target_dag.py took 0.233 seconds
[2025-02-01T02:43:09.945+0000] {processor.py:153} INFO - Started process (PID=378) to work on /home/airflow/.local/lib/python3.7/site-packages/airflow/example_dags/example_trigger_target_dag.py
[2025-02-01T02:43:09.949+0000] {processor.py:743} INFO - Processing file /home/airflow/.local/lib/python3.7/site-packages/airflow/example_dags/example_trigger_target_dag.py for tasks to queue
[2025-02-01T02:43:09.951+0000] {logging_mixin.py:137} INFO - [2025-02-01T02:43:09.951+0000] {dagbag.py:538} INFO - Filling up the DagBag from /home/airflow/.local/lib/python3.7/site-packages/airflow/example_dags/example_trigger_target_dag.py
[2025-02-01T02:43:10.067+0000] {processor.py:753} INFO - DAG(s) dict_keys(['example_trigger_target_dag']) retrieved from /home/airflow/.local/lib/python3.7/site-packages/airflow/example_dags/example_trigger_target_dag.py
[2025-02-01T02:43:10.188+0000] {logging_mixin.py:137} INFO - [2025-02-01T02:43:10.187+0000] {dag.py:2690} INFO - Sync 1 DAGs
[2025-02-01T02:43:10.379+0000] {logging_mixin.py:137} INFO - [2025-02-01T02:43:10.379+0000] {dag.py:3441} INFO - Setting next_dagrun for example_trigger_target_dag to None, run_after=None
[2025-02-01T02:43:10.496+0000] {processor.py:175} INFO - Processing /home/airflow/.local/lib/python3.7/site-packages/airflow/example_dags/example_trigger_target_dag.py took 0.566 seconds
[2025-02-01T02:43:40.899+0000] {processor.py:153} INFO - Started process (PID=428) to work on /home/airflow/.local/lib/python3.7/site-packages/airflow/example_dags/example_trigger_target_dag.py
[2025-02-01T02:43:40.900+0000] {processor.py:743} INFO - Processing file /home/airflow/.local/lib/python3.7/site-packages/airflow/example_dags/example_trigger_target_dag.py for tasks to queue
[2025-02-01T02:43:40.902+0000] {logging_mixin.py:137} INFO - [2025-02-01T02:43:40.901+0000] {dagbag.py:538} INFO - Filling up the DagBag from /home/airflow/.local/lib/python3.7/site-packages/airflow/example_dags/example_trigger_target_dag.py
[2025-02-01T02:43:40.956+0000] {processor.py:753} INFO - DAG(s) dict_keys(['example_trigger_target_dag']) retrieved from /home/airflow/.local/lib/python3.7/site-packages/airflow/example_dags/example_trigger_target_dag.py
[2025-02-01T02:43:41.021+0000] {logging_mixin.py:137} INFO - [2025-02-01T02:43:41.021+0000] {dag.py:2690} INFO - Sync 1 DAGs
[2025-02-01T02:43:41.083+0000] {logging_mixin.py:137} INFO - [2025-02-01T02:43:41.082+0000] {dag.py:3441} INFO - Setting next_dagrun for example_trigger_target_dag to None, run_after=None
[2025-02-01T02:43:41.127+0000] {processor.py:175} INFO - Processing /home/airflow/.local/lib/python3.7/site-packages/airflow/example_dags/example_trigger_target_dag.py took 0.236 seconds
[2025-02-01T02:44:11.896+0000] {processor.py:153} INFO - Started process (PID=487) to work on /home/airflow/.local/lib/python3.7/site-packages/airflow/example_dags/example_trigger_target_dag.py
[2025-02-01T02:44:11.899+0000] {processor.py:743} INFO - Processing file /home/airflow/.local/lib/python3.7/site-packages/airflow/example_dags/example_trigger_target_dag.py for tasks to queue
[2025-02-01T02:44:11.901+0000] {logging_mixin.py:137} INFO - [2025-02-01T02:44:11.901+0000] {dagbag.py:538} INFO - Filling up the DagBag from /home/airflow/.local/lib/python3.7/site-packages/airflow/example_dags/example_trigger_target_dag.py
[2025-02-01T02:44:12.026+0000] {processor.py:753} INFO - DAG(s) dict_keys(['example_trigger_target_dag']) retrieved from /home/airflow/.local/lib/python3.7/site-packages/airflow/example_dags/example_trigger_target_dag.py
[2025-02-01T02:44:12.147+0000] {logging_mixin.py:137} INFO - [2025-02-01T02:44:12.146+0000] {dag.py:2690} INFO - Sync 1 DAGs
[2025-02-01T02:44:12.357+0000] {logging_mixin.py:137} INFO - [2025-02-01T02:44:12.357+0000] {dag.py:3441} INFO - Setting next_dagrun for example_trigger_target_dag to None, run_after=None
[2025-02-01T02:44:12.414+0000] {processor.py:175} INFO - Processing /home/airflow/.local/lib/python3.7/site-packages/airflow/example_dags/example_trigger_target_dag.py took 0.536 seconds
[2025-02-01T02:44:42.662+0000] {processor.py:153} INFO - Started process (PID=542) to work on /home/airflow/.local/lib/python3.7/site-packages/airflow/example_dags/example_trigger_target_dag.py
[2025-02-01T02:44:42.672+0000] {processor.py:743} INFO - Processing file /home/airflow/.local/lib/python3.7/site-packages/airflow/example_dags/example_trigger_target_dag.py for tasks to queue
[2025-02-01T02:44:42.674+0000] {logging_mixin.py:137} INFO - [2025-02-01T02:44:42.673+0000] {dagbag.py:538} INFO - Filling up the DagBag from /home/airflow/.local/lib/python3.7/site-packages/airflow/example_dags/example_trigger_target_dag.py
[2025-02-01T02:44:42.930+0000] {processor.py:753} INFO - DAG(s) dict_keys(['example_trigger_target_dag']) retrieved from /home/airflow/.local/lib/python3.7/site-packages/airflow/example_dags/example_trigger_target_dag.py
[2025-02-01T02:44:43.242+0000] {logging_mixin.py:137} INFO - [2025-02-01T02:44:43.241+0000] {dag.py:2690} INFO - Sync 1 DAGs
[2025-02-01T02:44:43.567+0000] {logging_mixin.py:137} INFO - [2025-02-01T02:44:43.567+0000] {dag.py:3441} INFO - Setting next_dagrun for example_trigger_target_dag to None, run_after=None
[2025-02-01T02:44:43.675+0000] {processor.py:175} INFO - Processing /home/airflow/.local/lib/python3.7/site-packages/airflow/example_dags/example_trigger_target_dag.py took 1.054 seconds
[2025-02-01T02:45:13.967+0000] {processor.py:153} INFO - Started process (PID=594) to work on /home/airflow/.local/lib/python3.7/site-packages/airflow/example_dags/example_trigger_target_dag.py
[2025-02-01T02:45:13.972+0000] {processor.py:743} INFO - Processing file /home/airflow/.local/lib/python3.7/site-packages/airflow/example_dags/example_trigger_target_dag.py for tasks to queue
[2025-02-01T02:45:13.974+0000] {logging_mixin.py:137} INFO - [2025-02-01T02:45:13.973+0000] {dagbag.py:538} INFO - Filling up the DagBag from /home/airflow/.local/lib/python3.7/site-packages/airflow/example_dags/example_trigger_target_dag.py
[2025-02-01T02:45:14.093+0000] {processor.py:753} INFO - DAG(s) dict_keys(['example_trigger_target_dag']) retrieved from /home/airflow/.local/lib/python3.7/site-packages/airflow/example_dags/example_trigger_target_dag.py
[2025-02-01T02:45:14.247+0000] {logging_mixin.py:137} INFO - [2025-02-01T02:45:14.246+0000] {dag.py:2690} INFO - Sync 1 DAGs
[2025-02-01T02:45:14.451+0000] {logging_mixin.py:137} INFO - [2025-02-01T02:45:14.451+0000] {dag.py:3441} INFO - Setting next_dagrun for example_trigger_target_dag to None, run_after=None
[2025-02-01T02:45:14.582+0000] {processor.py:175} INFO - Processing /home/airflow/.local/lib/python3.7/site-packages/airflow/example_dags/example_trigger_target_dag.py took 0.633 seconds
[2025-02-01T02:45:45.046+0000] {processor.py:153} INFO - Started process (PID=653) to work on /home/airflow/.local/lib/python3.7/site-packages/airflow/example_dags/example_trigger_target_dag.py
[2025-02-01T02:45:45.049+0000] {processor.py:743} INFO - Processing file /home/airflow/.local/lib/python3.7/site-packages/airflow/example_dags/example_trigger_target_dag.py for tasks to queue
[2025-02-01T02:45:45.053+0000] {logging_mixin.py:137} INFO - [2025-02-01T02:45:45.050+0000] {dagbag.py:538} INFO - Filling up the DagBag from /home/airflow/.local/lib/python3.7/site-packages/airflow/example_dags/example_trigger_target_dag.py
[2025-02-01T02:45:45.134+0000] {processor.py:753} INFO - DAG(s) dict_keys(['example_trigger_target_dag']) retrieved from /home/airflow/.local/lib/python3.7/site-packages/airflow/example_dags/example_trigger_target_dag.py
[2025-02-01T02:45:45.251+0000] {logging_mixin.py:137} INFO - [2025-02-01T02:45:45.250+0000] {dag.py:2690} INFO - Sync 1 DAGs
[2025-02-01T02:45:45.385+0000] {logging_mixin.py:137} INFO - [2025-02-01T02:45:45.385+0000] {dag.py:3441} INFO - Setting next_dagrun for example_trigger_target_dag to None, run_after=None
[2025-02-01T02:45:45.478+0000] {processor.py:175} INFO - Processing /home/airflow/.local/lib/python3.7/site-packages/airflow/example_dags/example_trigger_target_dag.py took 0.448 seconds
[2025-02-01T02:46:16.215+0000] {processor.py:153} INFO - Started process (PID=712) to work on /home/airflow/.local/lib/python3.7/site-packages/airflow/example_dags/example_trigger_target_dag.py
[2025-02-01T02:46:16.217+0000] {processor.py:743} INFO - Processing file /home/airflow/.local/lib/python3.7/site-packages/airflow/example_dags/example_trigger_target_dag.py for tasks to queue
[2025-02-01T02:46:16.218+0000] {logging_mixin.py:137} INFO - [2025-02-01T02:46:16.218+0000] {dagbag.py:538} INFO - Filling up the DagBag from /home/airflow/.local/lib/python3.7/site-packages/airflow/example_dags/example_trigger_target_dag.py
[2025-02-01T02:46:16.308+0000] {processor.py:753} INFO - DAG(s) dict_keys(['example_trigger_target_dag']) retrieved from /home/airflow/.local/lib/python3.7/site-packages/airflow/example_dags/example_trigger_target_dag.py
[2025-02-01T02:46:16.366+0000] {logging_mixin.py:137} INFO - [2025-02-01T02:46:16.365+0000] {dag.py:2690} INFO - Sync 1 DAGs
[2025-02-01T02:46:16.527+0000] {logging_mixin.py:137} INFO - [2025-02-01T02:46:16.527+0000] {dag.py:3441} INFO - Setting next_dagrun for example_trigger_target_dag to None, run_after=None
[2025-02-01T02:46:16.579+0000] {processor.py:175} INFO - Processing /home/airflow/.local/lib/python3.7/site-packages/airflow/example_dags/example_trigger_target_dag.py took 0.372 seconds
[2025-02-01T02:46:46.683+0000] {processor.py:153} INFO - Started process (PID=770) to work on /home/airflow/.local/lib/python3.7/site-packages/airflow/example_dags/example_trigger_target_dag.py
[2025-02-01T02:46:46.687+0000] {processor.py:743} INFO - Processing file /home/airflow/.local/lib/python3.7/site-packages/airflow/example_dags/example_trigger_target_dag.py for tasks to queue
[2025-02-01T02:46:46.689+0000] {logging_mixin.py:137} INFO - [2025-02-01T02:46:46.688+0000] {dagbag.py:538} INFO - Filling up the DagBag from /home/airflow/.local/lib/python3.7/site-packages/airflow/example_dags/example_trigger_target_dag.py
[2025-02-01T02:46:46.796+0000] {processor.py:753} INFO - DAG(s) dict_keys(['example_trigger_target_dag']) retrieved from /home/airflow/.local/lib/python3.7/site-packages/airflow/example_dags/example_trigger_target_dag.py
[2025-02-01T02:46:46.871+0000] {logging_mixin.py:137} INFO - [2025-02-01T02:46:46.870+0000] {dag.py:2690} INFO - Sync 1 DAGs
[2025-02-01T02:46:46.942+0000] {logging_mixin.py:137} INFO - [2025-02-01T02:46:46.941+0000] {dag.py:3441} INFO - Setting next_dagrun for example_trigger_target_dag to None, run_after=None
[2025-02-01T02:46:47.011+0000] {processor.py:175} INFO - Processing /home/airflow/.local/lib/python3.7/site-packages/airflow/example_dags/example_trigger_target_dag.py took 0.345 seconds
[2025-02-01T02:47:17.883+0000] {processor.py:153} INFO - Started process (PID=828) to work on /home/airflow/.local/lib/python3.7/site-packages/airflow/example_dags/example_trigger_target_dag.py
[2025-02-01T02:47:17.888+0000] {processor.py:743} INFO - Processing file /home/airflow/.local/lib/python3.7/site-packages/airflow/example_dags/example_trigger_target_dag.py for tasks to queue
[2025-02-01T02:47:17.890+0000] {logging_mixin.py:137} INFO - [2025-02-01T02:47:17.890+0000] {dagbag.py:538} INFO - Filling up the DagBag from /home/airflow/.local/lib/python3.7/site-packages/airflow/example_dags/example_trigger_target_dag.py
[2025-02-01T02:47:17.998+0000] {processor.py:753} INFO - DAG(s) dict_keys(['example_trigger_target_dag']) retrieved from /home/airflow/.local/lib/python3.7/site-packages/airflow/example_dags/example_trigger_target_dag.py
[2025-02-01T02:47:18.093+0000] {logging_mixin.py:137} INFO - [2025-02-01T02:47:18.092+0000] {dag.py:2690} INFO - Sync 1 DAGs
[2025-02-01T02:47:18.158+0000] {logging_mixin.py:137} INFO - [2025-02-01T02:47:18.158+0000] {dag.py:3441} INFO - Setting next_dagrun for example_trigger_target_dag to None, run_after=None
[2025-02-01T02:47:18.203+0000] {processor.py:175} INFO - Processing /home/airflow/.local/lib/python3.7/site-packages/airflow/example_dags/example_trigger_target_dag.py took 0.335 seconds
[2025-02-01T02:47:49.656+0000] {processor.py:153} INFO - Started process (PID=885) to work on /home/airflow/.local/lib/python3.7/site-packages/airflow/example_dags/example_trigger_target_dag.py
[2025-02-01T02:47:49.665+0000] {processor.py:743} INFO - Processing file /home/airflow/.local/lib/python3.7/site-packages/airflow/example_dags/example_trigger_target_dag.py for tasks to queue
[2025-02-01T02:47:49.671+0000] {logging_mixin.py:137} INFO - [2025-02-01T02:47:49.666+0000] {dagbag.py:538} INFO - Filling up the DagBag from /home/airflow/.local/lib/python3.7/site-packages/airflow/example_dags/example_trigger_target_dag.py
[2025-02-01T02:47:49.866+0000] {processor.py:753} INFO - DAG(s) dict_keys(['example_trigger_target_dag']) retrieved from /home/airflow/.local/lib/python3.7/site-packages/airflow/example_dags/example_trigger_target_dag.py
[2025-02-01T02:47:50.045+0000] {logging_mixin.py:137} INFO - [2025-02-01T02:47:50.044+0000] {dag.py:2690} INFO - Sync 1 DAGs
[2025-02-01T02:47:50.238+0000] {logging_mixin.py:137} INFO - [2025-02-01T02:47:50.238+0000] {dag.py:3441} INFO - Setting next_dagrun for example_trigger_target_dag to None, run_after=None
[2025-02-01T02:47:50.361+0000] {processor.py:175} INFO - Processing /home/airflow/.local/lib/python3.7/site-packages/airflow/example_dags/example_trigger_target_dag.py took 0.728 seconds
[2025-02-01T02:48:20.595+0000] {processor.py:153} INFO - Started process (PID=938) to work on /home/airflow/.local/lib/python3.7/site-packages/airflow/example_dags/example_trigger_target_dag.py
[2025-02-01T02:48:20.598+0000] {processor.py:743} INFO - Processing file /home/airflow/.local/lib/python3.7/site-packages/airflow/example_dags/example_trigger_target_dag.py for tasks to queue
[2025-02-01T02:48:20.603+0000] {logging_mixin.py:137} INFO - [2025-02-01T02:48:20.599+0000] {dagbag.py:538} INFO - Filling up the DagBag from /home/airflow/.local/lib/python3.7/site-packages/airflow/example_dags/example_trigger_target_dag.py
[2025-02-01T02:48:20.665+0000] {processor.py:753} INFO - DAG(s) dict_keys(['example_trigger_target_dag']) retrieved from /home/airflow/.local/lib/python3.7/site-packages/airflow/example_dags/example_trigger_target_dag.py
[2025-02-01T02:48:20.757+0000] {logging_mixin.py:137} INFO - [2025-02-01T02:48:20.757+0000] {dag.py:2690} INFO - Sync 1 DAGs
[2025-02-01T02:48:20.820+0000] {logging_mixin.py:137} INFO - [2025-02-01T02:48:20.820+0000] {dag.py:3441} INFO - Setting next_dagrun for example_trigger_target_dag to None, run_after=None
[2025-02-01T02:48:20.899+0000] {processor.py:175} INFO - Processing /home/airflow/.local/lib/python3.7/site-packages/airflow/example_dags/example_trigger_target_dag.py took 0.325 seconds
[2025-02-01T02:48:51.068+0000] {processor.py:153} INFO - Started process (PID=998) to work on /home/airflow/.local/lib/python3.7/site-packages/airflow/example_dags/example_trigger_target_dag.py
[2025-02-01T02:48:51.071+0000] {processor.py:743} INFO - Processing file /home/airflow/.local/lib/python3.7/site-packages/airflow/example_dags/example_trigger_target_dag.py for tasks to queue
[2025-02-01T02:48:51.075+0000] {logging_mixin.py:137} INFO - [2025-02-01T02:48:51.073+0000] {dagbag.py:538} INFO - Filling up the DagBag from /home/airflow/.local/lib/python3.7/site-packages/airflow/example_dags/example_trigger_target_dag.py
[2025-02-01T02:48:51.161+0000] {processor.py:753} INFO - DAG(s) dict_keys(['example_trigger_target_dag']) retrieved from /home/airflow/.local/lib/python3.7/site-packages/airflow/example_dags/example_trigger_target_dag.py
[2025-02-01T02:48:51.219+0000] {logging_mixin.py:137} INFO - [2025-02-01T02:48:51.219+0000] {dag.py:2690} INFO - Sync 1 DAGs
[2025-02-01T02:48:51.284+0000] {logging_mixin.py:137} INFO - [2025-02-01T02:48:51.284+0000] {dag.py:3441} INFO - Setting next_dagrun for example_trigger_target_dag to None, run_after=None
[2025-02-01T02:48:51.333+0000] {processor.py:175} INFO - Processing /home/airflow/.local/lib/python3.7/site-packages/airflow/example_dags/example_trigger_target_dag.py took 0.273 seconds
[2025-02-01T02:49:21.688+0000] {processor.py:153} INFO - Started process (PID=1057) to work on /home/airflow/.local/lib/python3.7/site-packages/airflow/example_dags/example_trigger_target_dag.py
[2025-02-01T02:49:21.689+0000] {processor.py:743} INFO - Processing file /home/airflow/.local/lib/python3.7/site-packages/airflow/example_dags/example_trigger_target_dag.py for tasks to queue
[2025-02-01T02:49:21.691+0000] {logging_mixin.py:137} INFO - [2025-02-01T02:49:21.690+0000] {dagbag.py:538} INFO - Filling up the DagBag from /home/airflow/.local/lib/python3.7/site-packages/airflow/example_dags/example_trigger_target_dag.py
[2025-02-01T02:49:21.746+0000] {processor.py:753} INFO - DAG(s) dict_keys(['example_trigger_target_dag']) retrieved from /home/airflow/.local/lib/python3.7/site-packages/airflow/example_dags/example_trigger_target_dag.py
[2025-02-01T02:49:21.805+0000] {logging_mixin.py:137} INFO - [2025-02-01T02:49:21.805+0000] {dag.py:2690} INFO - Sync 1 DAGs
[2025-02-01T02:49:21.869+0000] {logging_mixin.py:137} INFO - [2025-02-01T02:49:21.869+0000] {dag.py:3441} INFO - Setting next_dagrun for example_trigger_target_dag to None, run_after=None
[2025-02-01T02:49:21.915+0000] {processor.py:175} INFO - Processing /home/airflow/.local/lib/python3.7/site-packages/airflow/example_dags/example_trigger_target_dag.py took 0.234 seconds
[2025-02-01T02:49:52.861+0000] {processor.py:153} INFO - Started process (PID=1114) to work on /home/airflow/.local/lib/python3.7/site-packages/airflow/example_dags/example_trigger_target_dag.py
[2025-02-01T02:49:52.863+0000] {processor.py:743} INFO - Processing file /home/airflow/.local/lib/python3.7/site-packages/airflow/example_dags/example_trigger_target_dag.py for tasks to queue
[2025-02-01T02:49:52.864+0000] {logging_mixin.py:137} INFO - [2025-02-01T02:49:52.864+0000] {dagbag.py:538} INFO - Filling up the DagBag from /home/airflow/.local/lib/python3.7/site-packages/airflow/example_dags/example_trigger_target_dag.py
[2025-02-01T02:49:52.917+0000] {processor.py:753} INFO - DAG(s) dict_keys(['example_trigger_target_dag']) retrieved from /home/airflow/.local/lib/python3.7/site-packages/airflow/example_dags/example_trigger_target_dag.py
[2025-02-01T02:49:52.985+0000] {logging_mixin.py:137} INFO - [2025-02-01T02:49:52.985+0000] {dag.py:2690} INFO - Sync 1 DAGs
[2025-02-01T02:49:53.061+0000] {logging_mixin.py:137} INFO - [2025-02-01T02:49:53.060+0000] {dag.py:3441} INFO - Setting next_dagrun for example_trigger_target_dag to None, run_after=None
[2025-02-01T02:49:53.146+0000] {processor.py:175} INFO - Processing /home/airflow/.local/lib/python3.7/site-packages/airflow/example_dags/example_trigger_target_dag.py took 0.293 seconds
[2025-02-01T02:50:23.340+0000] {processor.py:153} INFO - Started process (PID=1163) to work on /home/airflow/.local/lib/python3.7/site-packages/airflow/example_dags/example_trigger_target_dag.py
[2025-02-01T02:50:23.342+0000] {processor.py:743} INFO - Processing file /home/airflow/.local/lib/python3.7/site-packages/airflow/example_dags/example_trigger_target_dag.py for tasks to queue
[2025-02-01T02:50:23.343+0000] {logging_mixin.py:137} INFO - [2025-02-01T02:50:23.343+0000] {dagbag.py:538} INFO - Filling up the DagBag from /home/airflow/.local/lib/python3.7/site-packages/airflow/example_dags/example_trigger_target_dag.py
[2025-02-01T02:50:23.395+0000] {processor.py:753} INFO - DAG(s) dict_keys(['example_trigger_target_dag']) retrieved from /home/airflow/.local/lib/python3.7/site-packages/airflow/example_dags/example_trigger_target_dag.py
[2025-02-01T02:50:23.454+0000] {logging_mixin.py:137} INFO - [2025-02-01T02:50:23.453+0000] {dag.py:2690} INFO - Sync 1 DAGs
[2025-02-01T02:50:23.519+0000] {logging_mixin.py:137} INFO - [2025-02-01T02:50:23.518+0000] {dag.py:3441} INFO - Setting next_dagrun for example_trigger_target_dag to None, run_after=None
[2025-02-01T02:50:23.571+0000] {processor.py:175} INFO - Processing /home/airflow/.local/lib/python3.7/site-packages/airflow/example_dags/example_trigger_target_dag.py took 0.238 seconds
[2025-02-01T02:50:54.279+0000] {processor.py:153} INFO - Started process (PID=1222) to work on /home/airflow/.local/lib/python3.7/site-packages/airflow/example_dags/example_trigger_target_dag.py
[2025-02-01T02:50:54.281+0000] {processor.py:743} INFO - Processing file /home/airflow/.local/lib/python3.7/site-packages/airflow/example_dags/example_trigger_target_dag.py for tasks to queue
[2025-02-01T02:50:54.282+0000] {logging_mixin.py:137} INFO - [2025-02-01T02:50:54.282+0000] {dagbag.py:538} INFO - Filling up the DagBag from /home/airflow/.local/lib/python3.7/site-packages/airflow/example_dags/example_trigger_target_dag.py
[2025-02-01T02:50:54.338+0000] {processor.py:753} INFO - DAG(s) dict_keys(['example_trigger_target_dag']) retrieved from /home/airflow/.local/lib/python3.7/site-packages/airflow/example_dags/example_trigger_target_dag.py
[2025-02-01T02:50:54.405+0000] {logging_mixin.py:137} INFO - [2025-02-01T02:50:54.404+0000] {dag.py:2690} INFO - Sync 1 DAGs
[2025-02-01T02:50:54.532+0000] {logging_mixin.py:137} INFO - [2025-02-01T02:50:54.531+0000] {dag.py:3441} INFO - Setting next_dagrun for example_trigger_target_dag to None, run_after=None
[2025-02-01T02:50:54.579+0000] {processor.py:175} INFO - Processing /home/airflow/.local/lib/python3.7/site-packages/airflow/example_dags/example_trigger_target_dag.py took 0.308 seconds
[2025-02-01T02:51:25.639+0000] {processor.py:153} INFO - Started process (PID=1280) to work on /home/airflow/.local/lib/python3.7/site-packages/airflow/example_dags/example_trigger_target_dag.py
[2025-02-01T02:51:25.642+0000] {processor.py:743} INFO - Processing file /home/airflow/.local/lib/python3.7/site-packages/airflow/example_dags/example_trigger_target_dag.py for tasks to queue
[2025-02-01T02:51:25.647+0000] {logging_mixin.py:137} INFO - [2025-02-01T02:51:25.647+0000] {dagbag.py:538} INFO - Filling up the DagBag from /home/airflow/.local/lib/python3.7/site-packages/airflow/example_dags/example_trigger_target_dag.py
[2025-02-01T02:51:25.818+0000] {processor.py:753} INFO - DAG(s) dict_keys(['example_trigger_target_dag']) retrieved from /home/airflow/.local/lib/python3.7/site-packages/airflow/example_dags/example_trigger_target_dag.py
[2025-02-01T02:51:25.984+0000] {logging_mixin.py:137} INFO - [2025-02-01T02:51:25.983+0000] {dag.py:2690} INFO - Sync 1 DAGs
[2025-02-01T02:51:26.230+0000] {logging_mixin.py:137} INFO - [2025-02-01T02:51:26.230+0000] {dag.py:3441} INFO - Setting next_dagrun for example_trigger_target_dag to None, run_after=None
[2025-02-01T02:51:26.362+0000] {processor.py:175} INFO - Processing /home/airflow/.local/lib/python3.7/site-packages/airflow/example_dags/example_trigger_target_dag.py took 0.746 seconds
[2025-02-01T02:51:56.825+0000] {processor.py:153} INFO - Started process (PID=1330) to work on /home/airflow/.local/lib/python3.7/site-packages/airflow/example_dags/example_trigger_target_dag.py
[2025-02-01T02:51:56.829+0000] {processor.py:743} INFO - Processing file /home/airflow/.local/lib/python3.7/site-packages/airflow/example_dags/example_trigger_target_dag.py for tasks to queue
[2025-02-01T02:51:56.830+0000] {logging_mixin.py:137} INFO - [2025-02-01T02:51:56.830+0000] {dagbag.py:538} INFO - Filling up the DagBag from /home/airflow/.local/lib/python3.7/site-packages/airflow/example_dags/example_trigger_target_dag.py
[2025-02-01T02:51:56.924+0000] {processor.py:753} INFO - DAG(s) dict_keys(['example_trigger_target_dag']) retrieved from /home/airflow/.local/lib/python3.7/site-packages/airflow/example_dags/example_trigger_target_dag.py
[2025-02-01T02:51:57.045+0000] {logging_mixin.py:137} INFO - [2025-02-01T02:51:57.044+0000] {dag.py:2690} INFO - Sync 1 DAGs
[2025-02-01T02:51:57.158+0000] {logging_mixin.py:137} INFO - [2025-02-01T02:51:57.156+0000] {dag.py:3441} INFO - Setting next_dagrun for example_trigger_target_dag to None, run_after=None
[2025-02-01T02:51:57.254+0000] {processor.py:175} INFO - Processing /home/airflow/.local/lib/python3.7/site-packages/airflow/example_dags/example_trigger_target_dag.py took 0.445 seconds
[2025-02-01T02:52:28.896+0000] {processor.py:153} INFO - Started process (PID=1388) to work on /home/airflow/.local/lib/python3.7/site-packages/airflow/example_dags/example_trigger_target_dag.py
[2025-02-01T02:52:28.902+0000] {processor.py:743} INFO - Processing file /home/airflow/.local/lib/python3.7/site-packages/airflow/example_dags/example_trigger_target_dag.py for tasks to queue
[2025-02-01T02:52:28.904+0000] {logging_mixin.py:137} INFO - [2025-02-01T02:52:28.903+0000] {dagbag.py:538} INFO - Filling up the DagBag from /home/airflow/.local/lib/python3.7/site-packages/airflow/example_dags/example_trigger_target_dag.py
[2025-02-01T02:52:29.007+0000] {processor.py:753} INFO - DAG(s) dict_keys(['example_trigger_target_dag']) retrieved from /home/airflow/.local/lib/python3.7/site-packages/airflow/example_dags/example_trigger_target_dag.py
[2025-02-01T02:52:29.113+0000] {logging_mixin.py:137} INFO - [2025-02-01T02:52:29.113+0000] {dag.py:2690} INFO - Sync 1 DAGs
[2025-02-01T02:52:29.267+0000] {logging_mixin.py:137} INFO - [2025-02-01T02:52:29.267+0000] {dag.py:3441} INFO - Setting next_dagrun for example_trigger_target_dag to None, run_after=None
[2025-02-01T02:52:29.368+0000] {processor.py:175} INFO - Processing /home/airflow/.local/lib/python3.7/site-packages/airflow/example_dags/example_trigger_target_dag.py took 0.485 seconds
[2025-02-01T02:53:00.342+0000] {processor.py:153} INFO - Started process (PID=1447) to work on /home/airflow/.local/lib/python3.7/site-packages/airflow/example_dags/example_trigger_target_dag.py
[2025-02-01T02:53:00.348+0000] {processor.py:743} INFO - Processing file /home/airflow/.local/lib/python3.7/site-packages/airflow/example_dags/example_trigger_target_dag.py for tasks to queue
[2025-02-01T02:53:00.352+0000] {logging_mixin.py:137} INFO - [2025-02-01T02:53:00.351+0000] {dagbag.py:538} INFO - Filling up the DagBag from /home/airflow/.local/lib/python3.7/site-packages/airflow/example_dags/example_trigger_target_dag.py
[2025-02-01T02:53:00.525+0000] {processor.py:753} INFO - DAG(s) dict_keys(['example_trigger_target_dag']) retrieved from /home/airflow/.local/lib/python3.7/site-packages/airflow/example_dags/example_trigger_target_dag.py
[2025-02-01T02:53:00.736+0000] {logging_mixin.py:137} INFO - [2025-02-01T02:53:00.735+0000] {dag.py:2690} INFO - Sync 1 DAGs
[2025-02-01T02:53:00.954+0000] {logging_mixin.py:137} INFO - [2025-02-01T02:53:00.954+0000] {dag.py:3441} INFO - Setting next_dagrun for example_trigger_target_dag to None, run_after=None
[2025-02-01T02:53:01.091+0000] {processor.py:175} INFO - Processing /home/airflow/.local/lib/python3.7/site-packages/airflow/example_dags/example_trigger_target_dag.py took 0.768 seconds
[2025-02-01T02:53:31.358+0000] {processor.py:153} INFO - Started process (PID=1505) to work on /home/airflow/.local/lib/python3.7/site-packages/airflow/example_dags/example_trigger_target_dag.py
[2025-02-01T02:53:31.362+0000] {processor.py:743} INFO - Processing file /home/airflow/.local/lib/python3.7/site-packages/airflow/example_dags/example_trigger_target_dag.py for tasks to queue
[2025-02-01T02:53:31.365+0000] {logging_mixin.py:137} INFO - [2025-02-01T02:53:31.364+0000] {dagbag.py:538} INFO - Filling up the DagBag from /home/airflow/.local/lib/python3.7/site-packages/airflow/example_dags/example_trigger_target_dag.py
[2025-02-01T02:53:31.432+0000] {processor.py:753} INFO - DAG(s) dict_keys(['example_trigger_target_dag']) retrieved from /home/airflow/.local/lib/python3.7/site-packages/airflow/example_dags/example_trigger_target_dag.py
[2025-02-01T02:53:31.488+0000] {logging_mixin.py:137} INFO - [2025-02-01T02:53:31.488+0000] {dag.py:2690} INFO - Sync 1 DAGs
[2025-02-01T02:53:31.552+0000] {logging_mixin.py:137} INFO - [2025-02-01T02:53:31.552+0000] {dag.py:3441} INFO - Setting next_dagrun for example_trigger_target_dag to None, run_after=None
[2025-02-01T02:53:31.596+0000] {processor.py:175} INFO - Processing /home/airflow/.local/lib/python3.7/site-packages/airflow/example_dags/example_trigger_target_dag.py took 0.245 seconds
[2025-02-01T02:54:01.871+0000] {processor.py:153} INFO - Started process (PID=1564) to work on /home/airflow/.local/lib/python3.7/site-packages/airflow/example_dags/example_trigger_target_dag.py
[2025-02-01T02:54:01.872+0000] {processor.py:743} INFO - Processing file /home/airflow/.local/lib/python3.7/site-packages/airflow/example_dags/example_trigger_target_dag.py for tasks to queue
[2025-02-01T02:54:01.873+0000] {logging_mixin.py:137} INFO - [2025-02-01T02:54:01.873+0000] {dagbag.py:538} INFO - Filling up the DagBag from /home/airflow/.local/lib/python3.7/site-packages/airflow/example_dags/example_trigger_target_dag.py
[2025-02-01T02:54:01.925+0000] {processor.py:753} INFO - DAG(s) dict_keys(['example_trigger_target_dag']) retrieved from /home/airflow/.local/lib/python3.7/site-packages/airflow/example_dags/example_trigger_target_dag.py
[2025-02-01T02:54:01.992+0000] {logging_mixin.py:137} INFO - [2025-02-01T02:54:01.992+0000] {dag.py:2690} INFO - Sync 1 DAGs
[2025-02-01T02:54:02.057+0000] {logging_mixin.py:137} INFO - [2025-02-01T02:54:02.057+0000] {dag.py:3441} INFO - Setting next_dagrun for example_trigger_target_dag to None, run_after=None
[2025-02-01T02:54:02.108+0000] {processor.py:175} INFO - Processing /home/airflow/.local/lib/python3.7/site-packages/airflow/example_dags/example_trigger_target_dag.py took 0.244 seconds
[2025-02-01T02:54:32.660+0000] {processor.py:153} INFO - Started process (PID=1622) to work on /home/airflow/.local/lib/python3.7/site-packages/airflow/example_dags/example_trigger_target_dag.py
[2025-02-01T02:54:32.662+0000] {processor.py:743} INFO - Processing file /home/airflow/.local/lib/python3.7/site-packages/airflow/example_dags/example_trigger_target_dag.py for tasks to queue
[2025-02-01T02:54:32.663+0000] {logging_mixin.py:137} INFO - [2025-02-01T02:54:32.663+0000] {dagbag.py:538} INFO - Filling up the DagBag from /home/airflow/.local/lib/python3.7/site-packages/airflow/example_dags/example_trigger_target_dag.py
[2025-02-01T02:54:32.778+0000] {processor.py:753} INFO - DAG(s) dict_keys(['example_trigger_target_dag']) retrieved from /home/airflow/.local/lib/python3.7/site-packages/airflow/example_dags/example_trigger_target_dag.py
[2025-02-01T02:54:32.835+0000] {logging_mixin.py:137} INFO - [2025-02-01T02:54:32.835+0000] {dag.py:2690} INFO - Sync 1 DAGs
[2025-02-01T02:54:32.899+0000] {logging_mixin.py:137} INFO - [2025-02-01T02:54:32.899+0000] {dag.py:3441} INFO - Setting next_dagrun for example_trigger_target_dag to None, run_after=None
[2025-02-01T02:54:32.963+0000] {processor.py:175} INFO - Processing /home/airflow/.local/lib/python3.7/site-packages/airflow/example_dags/example_trigger_target_dag.py took 0.318 seconds
[2025-02-01T02:55:03.726+0000] {processor.py:153} INFO - Started process (PID=1672) to work on /home/airflow/.local/lib/python3.7/site-packages/airflow/example_dags/example_trigger_target_dag.py
[2025-02-01T02:55:03.728+0000] {processor.py:743} INFO - Processing file /home/airflow/.local/lib/python3.7/site-packages/airflow/example_dags/example_trigger_target_dag.py for tasks to queue
[2025-02-01T02:55:03.730+0000] {logging_mixin.py:137} INFO - [2025-02-01T02:55:03.729+0000] {dagbag.py:538} INFO - Filling up the DagBag from /home/airflow/.local/lib/python3.7/site-packages/airflow/example_dags/example_trigger_target_dag.py
[2025-02-01T02:55:03.822+0000] {processor.py:753} INFO - DAG(s) dict_keys(['example_trigger_target_dag']) retrieved from /home/airflow/.local/lib/python3.7/site-packages/airflow/example_dags/example_trigger_target_dag.py
[2025-02-01T02:55:03.879+0000] {logging_mixin.py:137} INFO - [2025-02-01T02:55:03.878+0000] {dag.py:2690} INFO - Sync 1 DAGs
[2025-02-01T02:55:03.956+0000] {logging_mixin.py:137} INFO - [2025-02-01T02:55:03.956+0000] {dag.py:3441} INFO - Setting next_dagrun for example_trigger_target_dag to None, run_after=None
[2025-02-01T02:55:04.092+0000] {processor.py:175} INFO - Processing /home/airflow/.local/lib/python3.7/site-packages/airflow/example_dags/example_trigger_target_dag.py took 0.384 seconds
[2025-02-01T02:55:34.417+0000] {processor.py:153} INFO - Started process (PID=1731) to work on /home/airflow/.local/lib/python3.7/site-packages/airflow/example_dags/example_trigger_target_dag.py
[2025-02-01T02:55:34.419+0000] {processor.py:743} INFO - Processing file /home/airflow/.local/lib/python3.7/site-packages/airflow/example_dags/example_trigger_target_dag.py for tasks to queue
[2025-02-01T02:55:34.424+0000] {logging_mixin.py:137} INFO - [2025-02-01T02:55:34.424+0000] {dagbag.py:538} INFO - Filling up the DagBag from /home/airflow/.local/lib/python3.7/site-packages/airflow/example_dags/example_trigger_target_dag.py
[2025-02-01T02:55:34.478+0000] {processor.py:753} INFO - DAG(s) dict_keys(['example_trigger_target_dag']) retrieved from /home/airflow/.local/lib/python3.7/site-packages/airflow/example_dags/example_trigger_target_dag.py
[2025-02-01T02:55:34.536+0000] {logging_mixin.py:137} INFO - [2025-02-01T02:55:34.536+0000] {dag.py:2690} INFO - Sync 1 DAGs
[2025-02-01T02:55:34.624+0000] {logging_mixin.py:137} INFO - [2025-02-01T02:55:34.624+0000] {dag.py:3441} INFO - Setting next_dagrun for example_trigger_target_dag to None, run_after=None
[2025-02-01T02:55:34.684+0000] {processor.py:175} INFO - Processing /home/airflow/.local/lib/python3.7/site-packages/airflow/example_dags/example_trigger_target_dag.py took 0.278 seconds
[2025-02-01T02:56:05.412+0000] {processor.py:153} INFO - Started process (PID=1790) to work on /home/airflow/.local/lib/python3.7/site-packages/airflow/example_dags/example_trigger_target_dag.py
[2025-02-01T02:56:05.415+0000] {processor.py:743} INFO - Processing file /home/airflow/.local/lib/python3.7/site-packages/airflow/example_dags/example_trigger_target_dag.py for tasks to queue
[2025-02-01T02:56:05.419+0000] {logging_mixin.py:137} INFO - [2025-02-01T02:56:05.418+0000] {dagbag.py:538} INFO - Filling up the DagBag from /home/airflow/.local/lib/python3.7/site-packages/airflow/example_dags/example_trigger_target_dag.py
[2025-02-01T02:56:05.560+0000] {processor.py:753} INFO - DAG(s) dict_keys(['example_trigger_target_dag']) retrieved from /home/airflow/.local/lib/python3.7/site-packages/airflow/example_dags/example_trigger_target_dag.py
[2025-02-01T02:56:05.626+0000] {logging_mixin.py:137} INFO - [2025-02-01T02:56:05.626+0000] {dag.py:2690} INFO - Sync 1 DAGs
[2025-02-01T02:56:05.738+0000] {logging_mixin.py:137} INFO - [2025-02-01T02:56:05.737+0000] {dag.py:3441} INFO - Setting next_dagrun for example_trigger_target_dag to None, run_after=None
[2025-02-01T02:56:05.824+0000] {processor.py:175} INFO - Processing /home/airflow/.local/lib/python3.7/site-packages/airflow/example_dags/example_trigger_target_dag.py took 0.430 seconds
[2025-02-01T02:56:36.248+0000] {processor.py:153} INFO - Started process (PID=1849) to work on /home/airflow/.local/lib/python3.7/site-packages/airflow/example_dags/example_trigger_target_dag.py
[2025-02-01T02:56:36.250+0000] {processor.py:743} INFO - Processing file /home/airflow/.local/lib/python3.7/site-packages/airflow/example_dags/example_trigger_target_dag.py for tasks to queue
[2025-02-01T02:56:36.254+0000] {logging_mixin.py:137} INFO - [2025-02-01T02:56:36.253+0000] {dagbag.py:538} INFO - Filling up the DagBag from /home/airflow/.local/lib/python3.7/site-packages/airflow/example_dags/example_trigger_target_dag.py
[2025-02-01T02:56:36.342+0000] {processor.py:753} INFO - DAG(s) dict_keys(['example_trigger_target_dag']) retrieved from /home/airflow/.local/lib/python3.7/site-packages/airflow/example_dags/example_trigger_target_dag.py
[2025-02-01T02:56:36.411+0000] {logging_mixin.py:137} INFO - [2025-02-01T02:56:36.411+0000] {dag.py:2690} INFO - Sync 1 DAGs
[2025-02-01T02:56:36.475+0000] {logging_mixin.py:137} INFO - [2025-02-01T02:56:36.474+0000] {dag.py:3441} INFO - Setting next_dagrun for example_trigger_target_dag to None, run_after=None
[2025-02-01T02:56:36.521+0000] {processor.py:175} INFO - Processing /home/airflow/.local/lib/python3.7/site-packages/airflow/example_dags/example_trigger_target_dag.py took 0.297 seconds
[2025-02-01T02:57:06.751+0000] {processor.py:153} INFO - Started process (PID=1907) to work on /home/airflow/.local/lib/python3.7/site-packages/airflow/example_dags/example_trigger_target_dag.py
[2025-02-01T02:57:06.753+0000] {processor.py:743} INFO - Processing file /home/airflow/.local/lib/python3.7/site-packages/airflow/example_dags/example_trigger_target_dag.py for tasks to queue
[2025-02-01T02:57:06.755+0000] {logging_mixin.py:137} INFO - [2025-02-01T02:57:06.754+0000] {dagbag.py:538} INFO - Filling up the DagBag from /home/airflow/.local/lib/python3.7/site-packages/airflow/example_dags/example_trigger_target_dag.py
[2025-02-01T02:57:06.808+0000] {processor.py:753} INFO - DAG(s) dict_keys(['example_trigger_target_dag']) retrieved from /home/airflow/.local/lib/python3.7/site-packages/airflow/example_dags/example_trigger_target_dag.py
[2025-02-01T02:57:06.865+0000] {logging_mixin.py:137} INFO - [2025-02-01T02:57:06.865+0000] {dag.py:2690} INFO - Sync 1 DAGs
[2025-02-01T02:57:06.954+0000] {logging_mixin.py:137} INFO - [2025-02-01T02:57:06.954+0000] {dag.py:3441} INFO - Setting next_dagrun for example_trigger_target_dag to None, run_after=None
[2025-02-01T02:57:07.051+0000] {processor.py:175} INFO - Processing /home/airflow/.local/lib/python3.7/site-packages/airflow/example_dags/example_trigger_target_dag.py took 0.307 seconds
[2025-02-01T02:57:37.206+0000] {processor.py:153} INFO - Started process (PID=1957) to work on /home/airflow/.local/lib/python3.7/site-packages/airflow/example_dags/example_trigger_target_dag.py
[2025-02-01T02:57:37.209+0000] {processor.py:743} INFO - Processing file /home/airflow/.local/lib/python3.7/site-packages/airflow/example_dags/example_trigger_target_dag.py for tasks to queue
[2025-02-01T02:57:37.211+0000] {logging_mixin.py:137} INFO - [2025-02-01T02:57:37.210+0000] {dagbag.py:538} INFO - Filling up the DagBag from /home/airflow/.local/lib/python3.7/site-packages/airflow/example_dags/example_trigger_target_dag.py
[2025-02-01T02:57:37.264+0000] {processor.py:753} INFO - DAG(s) dict_keys(['example_trigger_target_dag']) retrieved from /home/airflow/.local/lib/python3.7/site-packages/airflow/example_dags/example_trigger_target_dag.py
[2025-02-01T02:57:37.323+0000] {logging_mixin.py:137} INFO - [2025-02-01T02:57:37.323+0000] {dag.py:2690} INFO - Sync 1 DAGs
[2025-02-01T02:57:37.385+0000] {logging_mixin.py:137} INFO - [2025-02-01T02:57:37.385+0000] {dag.py:3441} INFO - Setting next_dagrun for example_trigger_target_dag to None, run_after=None
[2025-02-01T02:57:37.438+0000] {processor.py:175} INFO - Processing /home/airflow/.local/lib/python3.7/site-packages/airflow/example_dags/example_trigger_target_dag.py took 0.241 seconds
[2025-02-01T02:58:09.743+0000] {processor.py:153} INFO - Started process (PID=2015) to work on /home/airflow/.local/lib/python3.7/site-packages/airflow/example_dags/example_trigger_target_dag.py
[2025-02-01T02:58:09.752+0000] {processor.py:743} INFO - Processing file /home/airflow/.local/lib/python3.7/site-packages/airflow/example_dags/example_trigger_target_dag.py for tasks to queue
[2025-02-01T02:58:09.762+0000] {logging_mixin.py:137} INFO - [2025-02-01T02:58:09.753+0000] {dagbag.py:538} INFO - Filling up the DagBag from /home/airflow/.local/lib/python3.7/site-packages/airflow/example_dags/example_trigger_target_dag.py
[2025-02-01T02:58:09.975+0000] {processor.py:753} INFO - DAG(s) dict_keys(['example_trigger_target_dag']) retrieved from /home/airflow/.local/lib/python3.7/site-packages/airflow/example_dags/example_trigger_target_dag.py
[2025-02-01T02:58:10.118+0000] {logging_mixin.py:137} INFO - [2025-02-01T02:58:10.117+0000] {dag.py:2690} INFO - Sync 1 DAGs
[2025-02-01T02:58:10.262+0000] {logging_mixin.py:137} INFO - [2025-02-01T02:58:10.261+0000] {dag.py:3441} INFO - Setting next_dagrun for example_trigger_target_dag to None, run_after=None
[2025-02-01T02:58:10.349+0000] {processor.py:175} INFO - Processing /home/airflow/.local/lib/python3.7/site-packages/airflow/example_dags/example_trigger_target_dag.py took 0.657 seconds
[2025-02-01T02:58:41.610+0000] {processor.py:153} INFO - Started process (PID=2066) to work on /home/airflow/.local/lib/python3.7/site-packages/airflow/example_dags/example_trigger_target_dag.py
[2025-02-01T02:58:41.614+0000] {processor.py:743} INFO - Processing file /home/airflow/.local/lib/python3.7/site-packages/airflow/example_dags/example_trigger_target_dag.py for tasks to queue
[2025-02-01T02:58:41.620+0000] {logging_mixin.py:137} INFO - [2025-02-01T02:58:41.615+0000] {dagbag.py:538} INFO - Filling up the DagBag from /home/airflow/.local/lib/python3.7/site-packages/airflow/example_dags/example_trigger_target_dag.py
[2025-02-01T02:58:41.790+0000] {processor.py:753} INFO - DAG(s) dict_keys(['example_trigger_target_dag']) retrieved from /home/airflow/.local/lib/python3.7/site-packages/airflow/example_dags/example_trigger_target_dag.py
[2025-02-01T02:58:42.113+0000] {logging_mixin.py:137} INFO - [2025-02-01T02:58:42.113+0000] {dag.py:2690} INFO - Sync 1 DAGs
[2025-02-01T02:58:42.453+0000] {logging_mixin.py:137} INFO - [2025-02-01T02:58:42.453+0000] {dag.py:3441} INFO - Setting next_dagrun for example_trigger_target_dag to None, run_after=None
[2025-02-01T02:58:42.644+0000] {processor.py:175} INFO - Processing /home/airflow/.local/lib/python3.7/site-packages/airflow/example_dags/example_trigger_target_dag.py took 1.057 seconds
[2025-02-01T02:59:12.791+0000] {processor.py:153} INFO - Started process (PID=2125) to work on /home/airflow/.local/lib/python3.7/site-packages/airflow/example_dags/example_trigger_target_dag.py
[2025-02-01T02:59:12.793+0000] {processor.py:743} INFO - Processing file /home/airflow/.local/lib/python3.7/site-packages/airflow/example_dags/example_trigger_target_dag.py for tasks to queue
[2025-02-01T02:59:12.796+0000] {logging_mixin.py:137} INFO - [2025-02-01T02:59:12.796+0000] {dagbag.py:538} INFO - Filling up the DagBag from /home/airflow/.local/lib/python3.7/site-packages/airflow/example_dags/example_trigger_target_dag.py
[2025-02-01T02:59:12.854+0000] {processor.py:753} INFO - DAG(s) dict_keys(['example_trigger_target_dag']) retrieved from /home/airflow/.local/lib/python3.7/site-packages/airflow/example_dags/example_trigger_target_dag.py
[2025-02-01T02:59:12.937+0000] {logging_mixin.py:137} INFO - [2025-02-01T02:59:12.936+0000] {dag.py:2690} INFO - Sync 1 DAGs
[2025-02-01T02:59:13.002+0000] {logging_mixin.py:137} INFO - [2025-02-01T02:59:13.001+0000] {dag.py:3441} INFO - Setting next_dagrun for example_trigger_target_dag to None, run_after=None
[2025-02-01T02:59:13.059+0000] {processor.py:175} INFO - Processing /home/airflow/.local/lib/python3.7/site-packages/airflow/example_dags/example_trigger_target_dag.py took 0.275 seconds
[2025-02-01T02:59:43.687+0000] {processor.py:153} INFO - Started process (PID=2183) to work on /home/airflow/.local/lib/python3.7/site-packages/airflow/example_dags/example_trigger_target_dag.py
[2025-02-01T02:59:43.699+0000] {processor.py:743} INFO - Processing file /home/airflow/.local/lib/python3.7/site-packages/airflow/example_dags/example_trigger_target_dag.py for tasks to queue
[2025-02-01T02:59:43.703+0000] {logging_mixin.py:137} INFO - [2025-02-01T02:59:43.702+0000] {dagbag.py:538} INFO - Filling up the DagBag from /home/airflow/.local/lib/python3.7/site-packages/airflow/example_dags/example_trigger_target_dag.py
[2025-02-01T02:59:43.806+0000] {processor.py:753} INFO - DAG(s) dict_keys(['example_trigger_target_dag']) retrieved from /home/airflow/.local/lib/python3.7/site-packages/airflow/example_dags/example_trigger_target_dag.py
[2025-02-01T02:59:43.879+0000] {logging_mixin.py:137} INFO - [2025-02-01T02:59:43.879+0000] {dag.py:2690} INFO - Sync 1 DAGs
[2025-02-01T02:59:43.948+0000] {logging_mixin.py:137} INFO - [2025-02-01T02:59:43.948+0000] {dag.py:3441} INFO - Setting next_dagrun for example_trigger_target_dag to None, run_after=None
[2025-02-01T02:59:43.999+0000] {processor.py:175} INFO - Processing /home/airflow/.local/lib/python3.7/site-packages/airflow/example_dags/example_trigger_target_dag.py took 0.327 seconds
[2025-02-01T03:00:15.520+0000] {processor.py:153} INFO - Started process (PID=2241) to work on /home/airflow/.local/lib/python3.7/site-packages/airflow/example_dags/example_trigger_target_dag.py
[2025-02-01T03:00:15.528+0000] {processor.py:743} INFO - Processing file /home/airflow/.local/lib/python3.7/site-packages/airflow/example_dags/example_trigger_target_dag.py for tasks to queue
[2025-02-01T03:00:15.535+0000] {logging_mixin.py:137} INFO - [2025-02-01T03:00:15.535+0000] {dagbag.py:538} INFO - Filling up the DagBag from /home/airflow/.local/lib/python3.7/site-packages/airflow/example_dags/example_trigger_target_dag.py
[2025-02-01T03:00:15.756+0000] {processor.py:753} INFO - DAG(s) dict_keys(['example_trigger_target_dag']) retrieved from /home/airflow/.local/lib/python3.7/site-packages/airflow/example_dags/example_trigger_target_dag.py
[2025-02-01T03:00:15.918+0000] {logging_mixin.py:137} INFO - [2025-02-01T03:00:15.917+0000] {dag.py:2690} INFO - Sync 1 DAGs
[2025-02-01T03:00:16.148+0000] {logging_mixin.py:137} INFO - [2025-02-01T03:00:16.148+0000] {dag.py:3441} INFO - Setting next_dagrun for example_trigger_target_dag to None, run_after=None
[2025-02-01T03:00:16.359+0000] {processor.py:175} INFO - Processing /home/airflow/.local/lib/python3.7/site-packages/airflow/example_dags/example_trigger_target_dag.py took 0.880 seconds
[2025-02-01T03:00:46.584+0000] {processor.py:153} INFO - Started process (PID=2291) to work on /home/airflow/.local/lib/python3.7/site-packages/airflow/example_dags/example_trigger_target_dag.py
[2025-02-01T03:00:46.586+0000] {processor.py:743} INFO - Processing file /home/airflow/.local/lib/python3.7/site-packages/airflow/example_dags/example_trigger_target_dag.py for tasks to queue
[2025-02-01T03:00:46.587+0000] {logging_mixin.py:137} INFO - [2025-02-01T03:00:46.587+0000] {dagbag.py:538} INFO - Filling up the DagBag from /home/airflow/.local/lib/python3.7/site-packages/airflow/example_dags/example_trigger_target_dag.py
[2025-02-01T03:00:46.639+0000] {processor.py:753} INFO - DAG(s) dict_keys(['example_trigger_target_dag']) retrieved from /home/airflow/.local/lib/python3.7/site-packages/airflow/example_dags/example_trigger_target_dag.py
[2025-02-01T03:00:46.698+0000] {logging_mixin.py:137} INFO - [2025-02-01T03:00:46.697+0000] {dag.py:2690} INFO - Sync 1 DAGs
[2025-02-01T03:00:46.760+0000] {logging_mixin.py:137} INFO - [2025-02-01T03:00:46.759+0000] {dag.py:3441} INFO - Setting next_dagrun for example_trigger_target_dag to None, run_after=None
[2025-02-01T03:00:46.805+0000] {processor.py:175} INFO - Processing /home/airflow/.local/lib/python3.7/site-packages/airflow/example_dags/example_trigger_target_dag.py took 0.228 seconds
[2025-02-01T03:01:16.951+0000] {processor.py:153} INFO - Started process (PID=2350) to work on /home/airflow/.local/lib/python3.7/site-packages/airflow/example_dags/example_trigger_target_dag.py
[2025-02-01T03:01:16.952+0000] {processor.py:743} INFO - Processing file /home/airflow/.local/lib/python3.7/site-packages/airflow/example_dags/example_trigger_target_dag.py for tasks to queue
[2025-02-01T03:01:16.954+0000] {logging_mixin.py:137} INFO - [2025-02-01T03:01:16.953+0000] {dagbag.py:538} INFO - Filling up the DagBag from /home/airflow/.local/lib/python3.7/site-packages/airflow/example_dags/example_trigger_target_dag.py
[2025-02-01T03:01:17.009+0000] {processor.py:753} INFO - DAG(s) dict_keys(['example_trigger_target_dag']) retrieved from /home/airflow/.local/lib/python3.7/site-packages/airflow/example_dags/example_trigger_target_dag.py
[2025-02-01T03:01:17.071+0000] {logging_mixin.py:137} INFO - [2025-02-01T03:01:17.070+0000] {dag.py:2690} INFO - Sync 1 DAGs
[2025-02-01T03:01:17.151+0000] {logging_mixin.py:137} INFO - [2025-02-01T03:01:17.150+0000] {dag.py:3441} INFO - Setting next_dagrun for example_trigger_target_dag to None, run_after=None
[2025-02-01T03:01:17.251+0000] {processor.py:175} INFO - Processing /home/airflow/.local/lib/python3.7/site-packages/airflow/example_dags/example_trigger_target_dag.py took 0.308 seconds
[2025-02-01T03:01:48.324+0000] {processor.py:153} INFO - Started process (PID=2409) to work on /home/airflow/.local/lib/python3.7/site-packages/airflow/example_dags/example_trigger_target_dag.py
[2025-02-01T03:01:48.329+0000] {processor.py:743} INFO - Processing file /home/airflow/.local/lib/python3.7/site-packages/airflow/example_dags/example_trigger_target_dag.py for tasks to queue
[2025-02-01T03:01:48.332+0000] {logging_mixin.py:137} INFO - [2025-02-01T03:01:48.331+0000] {dagbag.py:538} INFO - Filling up the DagBag from /home/airflow/.local/lib/python3.7/site-packages/airflow/example_dags/example_trigger_target_dag.py
[2025-02-01T03:01:48.460+0000] {processor.py:753} INFO - DAG(s) dict_keys(['example_trigger_target_dag']) retrieved from /home/airflow/.local/lib/python3.7/site-packages/airflow/example_dags/example_trigger_target_dag.py
[2025-02-01T03:01:48.518+0000] {logging_mixin.py:137} INFO - [2025-02-01T03:01:48.517+0000] {dag.py:2690} INFO - Sync 1 DAGs
[2025-02-01T03:01:48.578+0000] {logging_mixin.py:137} INFO - [2025-02-01T03:01:48.578+0000] {dag.py:3441} INFO - Setting next_dagrun for example_trigger_target_dag to None, run_after=None
[2025-02-01T03:01:48.625+0000] {processor.py:175} INFO - Processing /home/airflow/.local/lib/python3.7/site-packages/airflow/example_dags/example_trigger_target_dag.py took 0.328 seconds
[2025-02-01T03:02:18.845+0000] {processor.py:153} INFO - Started process (PID=2467) to work on /home/airflow/.local/lib/python3.7/site-packages/airflow/example_dags/example_trigger_target_dag.py
[2025-02-01T03:02:18.848+0000] {processor.py:743} INFO - Processing file /home/airflow/.local/lib/python3.7/site-packages/airflow/example_dags/example_trigger_target_dag.py for tasks to queue
[2025-02-01T03:02:18.850+0000] {logging_mixin.py:137} INFO - [2025-02-01T03:02:18.850+0000] {dagbag.py:538} INFO - Filling up the DagBag from /home/airflow/.local/lib/python3.7/site-packages/airflow/example_dags/example_trigger_target_dag.py
[2025-02-01T03:02:18.964+0000] {processor.py:753} INFO - DAG(s) dict_keys(['example_trigger_target_dag']) retrieved from /home/airflow/.local/lib/python3.7/site-packages/airflow/example_dags/example_trigger_target_dag.py
[2025-02-01T03:02:19.176+0000] {logging_mixin.py:137} INFO - [2025-02-01T03:02:19.176+0000] {dag.py:2690} INFO - Sync 1 DAGs
[2025-02-01T03:02:19.403+0000] {logging_mixin.py:137} INFO - [2025-02-01T03:02:19.403+0000] {dag.py:3441} INFO - Setting next_dagrun for example_trigger_target_dag to None, run_after=None
[2025-02-01T03:02:19.508+0000] {processor.py:175} INFO - Processing /home/airflow/.local/lib/python3.7/site-packages/airflow/example_dags/example_trigger_target_dag.py took 0.680 seconds
[2025-02-01T03:02:49.731+0000] {processor.py:153} INFO - Started process (PID=2525) to work on /home/airflow/.local/lib/python3.7/site-packages/airflow/example_dags/example_trigger_target_dag.py
[2025-02-01T03:02:49.733+0000] {processor.py:743} INFO - Processing file /home/airflow/.local/lib/python3.7/site-packages/airflow/example_dags/example_trigger_target_dag.py for tasks to queue
[2025-02-01T03:02:49.734+0000] {logging_mixin.py:137} INFO - [2025-02-01T03:02:49.734+0000] {dagbag.py:538} INFO - Filling up the DagBag from /home/airflow/.local/lib/python3.7/site-packages/airflow/example_dags/example_trigger_target_dag.py
[2025-02-01T03:02:49.786+0000] {processor.py:753} INFO - DAG(s) dict_keys(['example_trigger_target_dag']) retrieved from /home/airflow/.local/lib/python3.7/site-packages/airflow/example_dags/example_trigger_target_dag.py
[2025-02-01T03:02:49.859+0000] {logging_mixin.py:137} INFO - [2025-02-01T03:02:49.859+0000] {dag.py:2690} INFO - Sync 1 DAGs
[2025-02-01T03:02:50.003+0000] {logging_mixin.py:137} INFO - [2025-02-01T03:02:50.003+0000] {dag.py:3441} INFO - Setting next_dagrun for example_trigger_target_dag to None, run_after=None
[2025-02-01T03:02:50.051+0000] {processor.py:175} INFO - Processing /home/airflow/.local/lib/python3.7/site-packages/airflow/example_dags/example_trigger_target_dag.py took 0.327 seconds
[2025-02-01T03:03:20.191+0000] {processor.py:153} INFO - Started process (PID=2575) to work on /home/airflow/.local/lib/python3.7/site-packages/airflow/example_dags/example_trigger_target_dag.py
[2025-02-01T03:03:20.193+0000] {processor.py:743} INFO - Processing file /home/airflow/.local/lib/python3.7/site-packages/airflow/example_dags/example_trigger_target_dag.py for tasks to queue
[2025-02-01T03:03:20.195+0000] {logging_mixin.py:137} INFO - [2025-02-01T03:03:20.194+0000] {dagbag.py:538} INFO - Filling up the DagBag from /home/airflow/.local/lib/python3.7/site-packages/airflow/example_dags/example_trigger_target_dag.py
[2025-02-01T03:03:20.245+0000] {processor.py:753} INFO - DAG(s) dict_keys(['example_trigger_target_dag']) retrieved from /home/airflow/.local/lib/python3.7/site-packages/airflow/example_dags/example_trigger_target_dag.py
[2025-02-01T03:03:20.306+0000] {logging_mixin.py:137} INFO - [2025-02-01T03:03:20.305+0000] {dag.py:2690} INFO - Sync 1 DAGs
[2025-02-01T03:03:20.371+0000] {logging_mixin.py:137} INFO - [2025-02-01T03:03:20.370+0000] {dag.py:3441} INFO - Setting next_dagrun for example_trigger_target_dag to None, run_after=None
[2025-02-01T03:03:20.424+0000] {processor.py:175} INFO - Processing /home/airflow/.local/lib/python3.7/site-packages/airflow/example_dags/example_trigger_target_dag.py took 0.241 seconds
[2025-02-01T03:03:52.463+0000] {processor.py:153} INFO - Started process (PID=2633) to work on /home/airflow/.local/lib/python3.7/site-packages/airflow/example_dags/example_trigger_target_dag.py
[2025-02-01T03:03:52.470+0000] {processor.py:743} INFO - Processing file /home/airflow/.local/lib/python3.7/site-packages/airflow/example_dags/example_trigger_target_dag.py for tasks to queue
[2025-02-01T03:03:52.474+0000] {logging_mixin.py:137} INFO - [2025-02-01T03:03:52.473+0000] {dagbag.py:538} INFO - Filling up the DagBag from /home/airflow/.local/lib/python3.7/site-packages/airflow/example_dags/example_trigger_target_dag.py
[2025-02-01T03:03:52.736+0000] {processor.py:753} INFO - DAG(s) dict_keys(['example_trigger_target_dag']) retrieved from /home/airflow/.local/lib/python3.7/site-packages/airflow/example_dags/example_trigger_target_dag.py
[2025-02-01T03:03:53.094+0000] {logging_mixin.py:137} INFO - [2025-02-01T03:03:53.093+0000] {dag.py:2690} INFO - Sync 1 DAGs
[2025-02-01T03:03:53.425+0000] {logging_mixin.py:137} INFO - [2025-02-01T03:03:53.425+0000] {dag.py:3441} INFO - Setting next_dagrun for example_trigger_target_dag to None, run_after=None
[2025-02-01T03:03:53.687+0000] {processor.py:175} INFO - Processing /home/airflow/.local/lib/python3.7/site-packages/airflow/example_dags/example_trigger_target_dag.py took 1.252 seconds
[2025-02-01T03:04:24.177+0000] {processor.py:153} INFO - Started process (PID=2683) to work on /home/airflow/.local/lib/python3.7/site-packages/airflow/example_dags/example_trigger_target_dag.py
[2025-02-01T03:04:24.181+0000] {processor.py:743} INFO - Processing file /home/airflow/.local/lib/python3.7/site-packages/airflow/example_dags/example_trigger_target_dag.py for tasks to queue
[2025-02-01T03:04:24.183+0000] {logging_mixin.py:137} INFO - [2025-02-01T03:04:24.182+0000] {dagbag.py:538} INFO - Filling up the DagBag from /home/airflow/.local/lib/python3.7/site-packages/airflow/example_dags/example_trigger_target_dag.py
[2025-02-01T03:04:24.273+0000] {processor.py:753} INFO - DAG(s) dict_keys(['example_trigger_target_dag']) retrieved from /home/airflow/.local/lib/python3.7/site-packages/airflow/example_dags/example_trigger_target_dag.py
[2025-02-01T03:04:24.397+0000] {logging_mixin.py:137} INFO - [2025-02-01T03:04:24.396+0000] {dag.py:2690} INFO - Sync 1 DAGs
[2025-02-01T03:04:24.518+0000] {logging_mixin.py:137} INFO - [2025-02-01T03:04:24.518+0000] {dag.py:3441} INFO - Setting next_dagrun for example_trigger_target_dag to None, run_after=None
[2025-02-01T03:04:24.607+0000] {processor.py:175} INFO - Processing /home/airflow/.local/lib/python3.7/site-packages/airflow/example_dags/example_trigger_target_dag.py took 0.444 seconds
[2025-02-01T03:04:54.977+0000] {processor.py:153} INFO - Started process (PID=2741) to work on /home/airflow/.local/lib/python3.7/site-packages/airflow/example_dags/example_trigger_target_dag.py
[2025-02-01T03:04:54.978+0000] {processor.py:743} INFO - Processing file /home/airflow/.local/lib/python3.7/site-packages/airflow/example_dags/example_trigger_target_dag.py for tasks to queue
[2025-02-01T03:04:54.980+0000] {logging_mixin.py:137} INFO - [2025-02-01T03:04:54.979+0000] {dagbag.py:538} INFO - Filling up the DagBag from /home/airflow/.local/lib/python3.7/site-packages/airflow/example_dags/example_trigger_target_dag.py
[2025-02-01T03:04:55.035+0000] {processor.py:753} INFO - DAG(s) dict_keys(['example_trigger_target_dag']) retrieved from /home/airflow/.local/lib/python3.7/site-packages/airflow/example_dags/example_trigger_target_dag.py
[2025-02-01T03:04:55.098+0000] {logging_mixin.py:137} INFO - [2025-02-01T03:04:55.098+0000] {dag.py:2690} INFO - Sync 1 DAGs
[2025-02-01T03:04:55.166+0000] {logging_mixin.py:137} INFO - [2025-02-01T03:04:55.166+0000] {dag.py:3441} INFO - Setting next_dagrun for example_trigger_target_dag to None, run_after=None
[2025-02-01T03:04:55.212+0000] {processor.py:175} INFO - Processing /home/airflow/.local/lib/python3.7/site-packages/airflow/example_dags/example_trigger_target_dag.py took 0.243 seconds
[2025-02-01T03:05:25.573+0000] {processor.py:153} INFO - Started process (PID=2800) to work on /home/airflow/.local/lib/python3.7/site-packages/airflow/example_dags/example_trigger_target_dag.py
[2025-02-01T03:05:25.574+0000] {processor.py:743} INFO - Processing file /home/airflow/.local/lib/python3.7/site-packages/airflow/example_dags/example_trigger_target_dag.py for tasks to queue
[2025-02-01T03:05:25.578+0000] {logging_mixin.py:137} INFO - [2025-02-01T03:05:25.576+0000] {dagbag.py:538} INFO - Filling up the DagBag from /home/airflow/.local/lib/python3.7/site-packages/airflow/example_dags/example_trigger_target_dag.py
[2025-02-01T03:05:25.704+0000] {processor.py:753} INFO - DAG(s) dict_keys(['example_trigger_target_dag']) retrieved from /home/airflow/.local/lib/python3.7/site-packages/airflow/example_dags/example_trigger_target_dag.py
[2025-02-01T03:05:25.821+0000] {logging_mixin.py:137} INFO - [2025-02-01T03:05:25.821+0000] {dag.py:2690} INFO - Sync 1 DAGs
[2025-02-01T03:05:26.019+0000] {logging_mixin.py:137} INFO - [2025-02-01T03:05:26.019+0000] {dag.py:3441} INFO - Setting next_dagrun for example_trigger_target_dag to None, run_after=None
[2025-02-01T03:05:26.186+0000] {processor.py:175} INFO - Processing /home/airflow/.local/lib/python3.7/site-packages/airflow/example_dags/example_trigger_target_dag.py took 0.631 seconds
[2025-02-01T03:05:57.048+0000] {processor.py:153} INFO - Started process (PID=2858) to work on /home/airflow/.local/lib/python3.7/site-packages/airflow/example_dags/example_trigger_target_dag.py
[2025-02-01T03:05:57.050+0000] {processor.py:743} INFO - Processing file /home/airflow/.local/lib/python3.7/site-packages/airflow/example_dags/example_trigger_target_dag.py for tasks to queue
[2025-02-01T03:05:57.055+0000] {logging_mixin.py:137} INFO - [2025-02-01T03:05:57.055+0000] {dagbag.py:538} INFO - Filling up the DagBag from /home/airflow/.local/lib/python3.7/site-packages/airflow/example_dags/example_trigger_target_dag.py
[2025-02-01T03:05:57.254+0000] {processor.py:753} INFO - DAG(s) dict_keys(['example_trigger_target_dag']) retrieved from /home/airflow/.local/lib/python3.7/site-packages/airflow/example_dags/example_trigger_target_dag.py
[2025-02-01T03:05:57.557+0000] {logging_mixin.py:137} INFO - [2025-02-01T03:05:57.557+0000] {dag.py:2690} INFO - Sync 1 DAGs
[2025-02-01T03:05:57.777+0000] {logging_mixin.py:137} INFO - [2025-02-01T03:05:57.777+0000] {dag.py:3441} INFO - Setting next_dagrun for example_trigger_target_dag to None, run_after=None
[2025-02-01T03:05:57.905+0000] {processor.py:175} INFO - Processing /home/airflow/.local/lib/python3.7/site-packages/airflow/example_dags/example_trigger_target_dag.py took 0.887 seconds
[2025-02-01T03:06:28.672+0000] {processor.py:153} INFO - Started process (PID=2908) to work on /home/airflow/.local/lib/python3.7/site-packages/airflow/example_dags/example_trigger_target_dag.py
[2025-02-01T03:06:28.675+0000] {processor.py:743} INFO - Processing file /home/airflow/.local/lib/python3.7/site-packages/airflow/example_dags/example_trigger_target_dag.py for tasks to queue
[2025-02-01T03:06:28.677+0000] {logging_mixin.py:137} INFO - [2025-02-01T03:06:28.676+0000] {dagbag.py:538} INFO - Filling up the DagBag from /home/airflow/.local/lib/python3.7/site-packages/airflow/example_dags/example_trigger_target_dag.py
[2025-02-01T03:06:28.781+0000] {processor.py:753} INFO - DAG(s) dict_keys(['example_trigger_target_dag']) retrieved from /home/airflow/.local/lib/python3.7/site-packages/airflow/example_dags/example_trigger_target_dag.py
[2025-02-01T03:06:28.942+0000] {logging_mixin.py:137} INFO - [2025-02-01T03:06:28.942+0000] {dag.py:2690} INFO - Sync 1 DAGs
[2025-02-01T03:06:29.078+0000] {logging_mixin.py:137} INFO - [2025-02-01T03:06:29.078+0000] {dag.py:3441} INFO - Setting next_dagrun for example_trigger_target_dag to None, run_after=None
[2025-02-01T03:06:29.165+0000] {processor.py:175} INFO - Processing /home/airflow/.local/lib/python3.7/site-packages/airflow/example_dags/example_trigger_target_dag.py took 0.510 seconds
[2025-02-01T03:06:59.463+0000] {processor.py:153} INFO - Started process (PID=2967) to work on /home/airflow/.local/lib/python3.7/site-packages/airflow/example_dags/example_trigger_target_dag.py
[2025-02-01T03:06:59.465+0000] {processor.py:743} INFO - Processing file /home/airflow/.local/lib/python3.7/site-packages/airflow/example_dags/example_trigger_target_dag.py for tasks to queue
[2025-02-01T03:06:59.468+0000] {logging_mixin.py:137} INFO - [2025-02-01T03:06:59.468+0000] {dagbag.py:538} INFO - Filling up the DagBag from /home/airflow/.local/lib/python3.7/site-packages/airflow/example_dags/example_trigger_target_dag.py
[2025-02-01T03:06:59.569+0000] {processor.py:753} INFO - DAG(s) dict_keys(['example_trigger_target_dag']) retrieved from /home/airflow/.local/lib/python3.7/site-packages/airflow/example_dags/example_trigger_target_dag.py
[2025-02-01T03:06:59.717+0000] {logging_mixin.py:137} INFO - [2025-02-01T03:06:59.714+0000] {dag.py:2690} INFO - Sync 1 DAGs
[2025-02-01T03:06:59.822+0000] {logging_mixin.py:137} INFO - [2025-02-01T03:06:59.821+0000] {dag.py:3441} INFO - Setting next_dagrun for example_trigger_target_dag to None, run_after=None
[2025-02-01T03:06:59.868+0000] {processor.py:175} INFO - Processing /home/airflow/.local/lib/python3.7/site-packages/airflow/example_dags/example_trigger_target_dag.py took 0.423 seconds
[2025-02-01T03:07:30.125+0000] {processor.py:153} INFO - Started process (PID=3024) to work on /home/airflow/.local/lib/python3.7/site-packages/airflow/example_dags/example_trigger_target_dag.py
[2025-02-01T03:07:30.128+0000] {processor.py:743} INFO - Processing file /home/airflow/.local/lib/python3.7/site-packages/airflow/example_dags/example_trigger_target_dag.py for tasks to queue
[2025-02-01T03:07:30.132+0000] {logging_mixin.py:137} INFO - [2025-02-01T03:07:30.129+0000] {dagbag.py:538} INFO - Filling up the DagBag from /home/airflow/.local/lib/python3.7/site-packages/airflow/example_dags/example_trigger_target_dag.py
[2025-02-01T03:07:30.251+0000] {processor.py:753} INFO - DAG(s) dict_keys(['example_trigger_target_dag']) retrieved from /home/airflow/.local/lib/python3.7/site-packages/airflow/example_dags/example_trigger_target_dag.py
[2025-02-01T03:07:30.390+0000] {logging_mixin.py:137} INFO - [2025-02-01T03:07:30.390+0000] {dag.py:2690} INFO - Sync 1 DAGs
[2025-02-01T03:07:30.650+0000] {logging_mixin.py:137} INFO - [2025-02-01T03:07:30.650+0000] {dag.py:3441} INFO - Setting next_dagrun for example_trigger_target_dag to None, run_after=None
[2025-02-01T03:07:30.797+0000] {processor.py:175} INFO - Processing /home/airflow/.local/lib/python3.7/site-packages/airflow/example_dags/example_trigger_target_dag.py took 0.689 seconds
[2025-02-01T03:08:01.534+0000] {processor.py:153} INFO - Started process (PID=3074) to work on /home/airflow/.local/lib/python3.7/site-packages/airflow/example_dags/example_trigger_target_dag.py
[2025-02-01T03:08:01.537+0000] {processor.py:743} INFO - Processing file /home/airflow/.local/lib/python3.7/site-packages/airflow/example_dags/example_trigger_target_dag.py for tasks to queue
[2025-02-01T03:08:01.540+0000] {logging_mixin.py:137} INFO - [2025-02-01T03:08:01.540+0000] {dagbag.py:538} INFO - Filling up the DagBag from /home/airflow/.local/lib/python3.7/site-packages/airflow/example_dags/example_trigger_target_dag.py
[2025-02-01T03:08:01.595+0000] {processor.py:753} INFO - DAG(s) dict_keys(['example_trigger_target_dag']) retrieved from /home/airflow/.local/lib/python3.7/site-packages/airflow/example_dags/example_trigger_target_dag.py
[2025-02-01T03:08:01.651+0000] {logging_mixin.py:137} INFO - [2025-02-01T03:08:01.651+0000] {dag.py:2690} INFO - Sync 1 DAGs
[2025-02-01T03:08:01.713+0000] {logging_mixin.py:137} INFO - [2025-02-01T03:08:01.712+0000] {dag.py:3441} INFO - Setting next_dagrun for example_trigger_target_dag to None, run_after=None
[2025-02-01T03:08:01.774+0000] {processor.py:175} INFO - Processing /home/airflow/.local/lib/python3.7/site-packages/airflow/example_dags/example_trigger_target_dag.py took 0.253 seconds
[2025-02-01T03:08:32.425+0000] {processor.py:153} INFO - Started process (PID=3131) to work on /home/airflow/.local/lib/python3.7/site-packages/airflow/example_dags/example_trigger_target_dag.py
[2025-02-01T03:08:32.426+0000] {processor.py:743} INFO - Processing file /home/airflow/.local/lib/python3.7/site-packages/airflow/example_dags/example_trigger_target_dag.py for tasks to queue
[2025-02-01T03:08:32.428+0000] {logging_mixin.py:137} INFO - [2025-02-01T03:08:32.428+0000] {dagbag.py:538} INFO - Filling up the DagBag from /home/airflow/.local/lib/python3.7/site-packages/airflow/example_dags/example_trigger_target_dag.py
[2025-02-01T03:08:32.479+0000] {processor.py:753} INFO - DAG(s) dict_keys(['example_trigger_target_dag']) retrieved from /home/airflow/.local/lib/python3.7/site-packages/airflow/example_dags/example_trigger_target_dag.py
[2025-02-01T03:08:32.535+0000] {logging_mixin.py:137} INFO - [2025-02-01T03:08:32.534+0000] {dag.py:2690} INFO - Sync 1 DAGs
[2025-02-01T03:08:32.602+0000] {logging_mixin.py:137} INFO - [2025-02-01T03:08:32.602+0000] {dag.py:3441} INFO - Setting next_dagrun for example_trigger_target_dag to None, run_after=None
[2025-02-01T03:08:32.653+0000] {processor.py:175} INFO - Processing /home/airflow/.local/lib/python3.7/site-packages/airflow/example_dags/example_trigger_target_dag.py took 0.237 seconds
[2025-02-01T03:09:03.038+0000] {processor.py:153} INFO - Started process (PID=3190) to work on /home/airflow/.local/lib/python3.7/site-packages/airflow/example_dags/example_trigger_target_dag.py
[2025-02-01T03:09:03.041+0000] {processor.py:743} INFO - Processing file /home/airflow/.local/lib/python3.7/site-packages/airflow/example_dags/example_trigger_target_dag.py for tasks to queue
[2025-02-01T03:09:03.046+0000] {logging_mixin.py:137} INFO - [2025-02-01T03:09:03.046+0000] {dagbag.py:538} INFO - Filling up the DagBag from /home/airflow/.local/lib/python3.7/site-packages/airflow/example_dags/example_trigger_target_dag.py
[2025-02-01T03:09:03.144+0000] {processor.py:753} INFO - DAG(s) dict_keys(['example_trigger_target_dag']) retrieved from /home/airflow/.local/lib/python3.7/site-packages/airflow/example_dags/example_trigger_target_dag.py
[2025-02-01T03:09:03.204+0000] {logging_mixin.py:137} INFO - [2025-02-01T03:09:03.203+0000] {dag.py:2690} INFO - Sync 1 DAGs
[2025-02-01T03:09:03.305+0000] {logging_mixin.py:137} INFO - [2025-02-01T03:09:03.304+0000] {dag.py:3441} INFO - Setting next_dagrun for example_trigger_target_dag to None, run_after=None
[2025-02-01T03:09:03.348+0000] {processor.py:175} INFO - Processing /home/airflow/.local/lib/python3.7/site-packages/airflow/example_dags/example_trigger_target_dag.py took 0.321 seconds
[2025-02-01T03:09:33.444+0000] {processor.py:153} INFO - Started process (PID=3248) to work on /home/airflow/.local/lib/python3.7/site-packages/airflow/example_dags/example_trigger_target_dag.py
[2025-02-01T03:09:33.450+0000] {processor.py:743} INFO - Processing file /home/airflow/.local/lib/python3.7/site-packages/airflow/example_dags/example_trigger_target_dag.py for tasks to queue
[2025-02-01T03:09:33.451+0000] {logging_mixin.py:137} INFO - [2025-02-01T03:09:33.451+0000] {dagbag.py:538} INFO - Filling up the DagBag from /home/airflow/.local/lib/python3.7/site-packages/airflow/example_dags/example_trigger_target_dag.py
[2025-02-01T03:09:33.587+0000] {processor.py:753} INFO - DAG(s) dict_keys(['example_trigger_target_dag']) retrieved from /home/airflow/.local/lib/python3.7/site-packages/airflow/example_dags/example_trigger_target_dag.py
[2025-02-01T03:09:33.722+0000] {logging_mixin.py:137} INFO - [2025-02-01T03:09:33.721+0000] {dag.py:2690} INFO - Sync 1 DAGs
[2025-02-01T03:09:33.867+0000] {logging_mixin.py:137} INFO - [2025-02-01T03:09:33.867+0000] {dag.py:3441} INFO - Setting next_dagrun for example_trigger_target_dag to None, run_after=None
[2025-02-01T03:09:33.946+0000] {processor.py:175} INFO - Processing /home/airflow/.local/lib/python3.7/site-packages/airflow/example_dags/example_trigger_target_dag.py took 0.529 seconds
