[2025-02-01T02:40:34.814+0000] {processor.py:153} INFO - Started process (PID=100) to work on /home/airflow/.local/lib/python3.7/site-packages/airflow/example_dags/example_time_delta_sensor_async.py
[2025-02-01T02:40:34.816+0000] {processor.py:743} INFO - Processing file /home/airflow/.local/lib/python3.7/site-packages/airflow/example_dags/example_time_delta_sensor_async.py for tasks to queue
[2025-02-01T02:40:34.817+0000] {logging_mixin.py:137} INFO - [2025-02-01T02:40:34.817+0000] {dagbag.py:538} INFO - Filling up the DagBag from /home/airflow/.local/lib/python3.7/site-packages/airflow/example_dags/example_time_delta_sensor_async.py
[2025-02-01T02:40:34.846+0000] {processor.py:753} INFO - DAG(s) dict_keys(['example_time_delta_sensor_async']) retrieved from /home/airflow/.local/lib/python3.7/site-packages/airflow/example_dags/example_time_delta_sensor_async.py
[2025-02-01T02:40:34.951+0000] {logging_mixin.py:137} INFO - [2025-02-01T02:40:34.951+0000] {dag.py:2690} INFO - Sync 1 DAGs
[2025-02-01T02:40:35.120+0000] {logging_mixin.py:137} INFO - [2025-02-01T02:40:35.118+0000] {dag.py:3441} INFO - Setting next_dagrun for example_time_delta_sensor_async to None, run_after=None
[2025-02-01T02:40:35.221+0000] {processor.py:175} INFO - Processing /home/airflow/.local/lib/python3.7/site-packages/airflow/example_dags/example_time_delta_sensor_async.py took 0.414 seconds
[2025-02-01T02:41:08.656+0000] {processor.py:153} INFO - Started process (PID=157) to work on /home/airflow/.local/lib/python3.7/site-packages/airflow/example_dags/example_time_delta_sensor_async.py
[2025-02-01T02:41:08.662+0000] {processor.py:743} INFO - Processing file /home/airflow/.local/lib/python3.7/site-packages/airflow/example_dags/example_time_delta_sensor_async.py for tasks to queue
[2025-02-01T02:41:08.668+0000] {logging_mixin.py:137} INFO - [2025-02-01T02:41:08.664+0000] {dagbag.py:538} INFO - Filling up the DagBag from /home/airflow/.local/lib/python3.7/site-packages/airflow/example_dags/example_time_delta_sensor_async.py
[2025-02-01T02:41:08.759+0000] {processor.py:753} INFO - DAG(s) dict_keys(['example_time_delta_sensor_async']) retrieved from /home/airflow/.local/lib/python3.7/site-packages/airflow/example_dags/example_time_delta_sensor_async.py
[2025-02-01T02:41:08.924+0000] {logging_mixin.py:137} INFO - [2025-02-01T02:41:08.923+0000] {dag.py:2690} INFO - Sync 1 DAGs
[2025-02-01T02:41:09.205+0000] {logging_mixin.py:137} INFO - [2025-02-01T02:41:09.204+0000] {dag.py:3441} INFO - Setting next_dagrun for example_time_delta_sensor_async to None, run_after=None
[2025-02-01T02:41:09.365+0000] {processor.py:175} INFO - Processing /home/airflow/.local/lib/python3.7/site-packages/airflow/example_dags/example_time_delta_sensor_async.py took 0.731 seconds
[2025-02-01T02:41:40.045+0000] {processor.py:153} INFO - Started process (PID=206) to work on /home/airflow/.local/lib/python3.7/site-packages/airflow/example_dags/example_time_delta_sensor_async.py
[2025-02-01T02:41:40.048+0000] {processor.py:743} INFO - Processing file /home/airflow/.local/lib/python3.7/site-packages/airflow/example_dags/example_time_delta_sensor_async.py for tasks to queue
[2025-02-01T02:41:40.049+0000] {logging_mixin.py:137} INFO - [2025-02-01T02:41:40.049+0000] {dagbag.py:538} INFO - Filling up the DagBag from /home/airflow/.local/lib/python3.7/site-packages/airflow/example_dags/example_time_delta_sensor_async.py
[2025-02-01T02:41:40.140+0000] {processor.py:753} INFO - DAG(s) dict_keys(['example_time_delta_sensor_async']) retrieved from /home/airflow/.local/lib/python3.7/site-packages/airflow/example_dags/example_time_delta_sensor_async.py
[2025-02-01T02:41:40.264+0000] {logging_mixin.py:137} INFO - [2025-02-01T02:41:40.264+0000] {dag.py:2690} INFO - Sync 1 DAGs
[2025-02-01T02:41:40.453+0000] {logging_mixin.py:137} INFO - [2025-02-01T02:41:40.453+0000] {dag.py:3441} INFO - Setting next_dagrun for example_time_delta_sensor_async to None, run_after=None
[2025-02-01T02:41:40.588+0000] {processor.py:175} INFO - Processing /home/airflow/.local/lib/python3.7/site-packages/airflow/example_dags/example_time_delta_sensor_async.py took 0.560 seconds
[2025-02-01T02:42:11.382+0000] {processor.py:153} INFO - Started process (PID=266) to work on /home/airflow/.local/lib/python3.7/site-packages/airflow/example_dags/example_time_delta_sensor_async.py
[2025-02-01T02:42:11.389+0000] {processor.py:743} INFO - Processing file /home/airflow/.local/lib/python3.7/site-packages/airflow/example_dags/example_time_delta_sensor_async.py for tasks to queue
[2025-02-01T02:42:11.395+0000] {logging_mixin.py:137} INFO - [2025-02-01T02:42:11.392+0000] {dagbag.py:538} INFO - Filling up the DagBag from /home/airflow/.local/lib/python3.7/site-packages/airflow/example_dags/example_time_delta_sensor_async.py
[2025-02-01T02:42:11.462+0000] {processor.py:753} INFO - DAG(s) dict_keys(['example_time_delta_sensor_async']) retrieved from /home/airflow/.local/lib/python3.7/site-packages/airflow/example_dags/example_time_delta_sensor_async.py
[2025-02-01T02:42:11.691+0000] {logging_mixin.py:137} INFO - [2025-02-01T02:42:11.691+0000] {dag.py:2690} INFO - Sync 1 DAGs
[2025-02-01T02:42:11.832+0000] {logging_mixin.py:137} INFO - [2025-02-01T02:42:11.832+0000] {dag.py:3441} INFO - Setting next_dagrun for example_time_delta_sensor_async to None, run_after=None
[2025-02-01T02:42:11.929+0000] {processor.py:175} INFO - Processing /home/airflow/.local/lib/python3.7/site-packages/airflow/example_dags/example_time_delta_sensor_async.py took 0.564 seconds
[2025-02-01T02:42:42.530+0000] {processor.py:153} INFO - Started process (PID=326) to work on /home/airflow/.local/lib/python3.7/site-packages/airflow/example_dags/example_time_delta_sensor_async.py
[2025-02-01T02:42:42.534+0000] {processor.py:743} INFO - Processing file /home/airflow/.local/lib/python3.7/site-packages/airflow/example_dags/example_time_delta_sensor_async.py for tasks to queue
[2025-02-01T02:42:42.538+0000] {logging_mixin.py:137} INFO - [2025-02-01T02:42:42.535+0000] {dagbag.py:538} INFO - Filling up the DagBag from /home/airflow/.local/lib/python3.7/site-packages/airflow/example_dags/example_time_delta_sensor_async.py
[2025-02-01T02:42:42.599+0000] {processor.py:753} INFO - DAG(s) dict_keys(['example_time_delta_sensor_async']) retrieved from /home/airflow/.local/lib/python3.7/site-packages/airflow/example_dags/example_time_delta_sensor_async.py
[2025-02-01T02:42:42.719+0000] {logging_mixin.py:137} INFO - [2025-02-01T02:42:42.719+0000] {dag.py:2690} INFO - Sync 1 DAGs
[2025-02-01T02:42:42.852+0000] {logging_mixin.py:137} INFO - [2025-02-01T02:42:42.852+0000] {dag.py:3441} INFO - Setting next_dagrun for example_time_delta_sensor_async to None, run_after=None
[2025-02-01T02:42:42.949+0000] {processor.py:175} INFO - Processing /home/airflow/.local/lib/python3.7/site-packages/airflow/example_dags/example_time_delta_sensor_async.py took 0.431 seconds
[2025-02-01T02:43:13.082+0000] {processor.py:153} INFO - Started process (PID=384) to work on /home/airflow/.local/lib/python3.7/site-packages/airflow/example_dags/example_time_delta_sensor_async.py
[2025-02-01T02:43:13.084+0000] {processor.py:743} INFO - Processing file /home/airflow/.local/lib/python3.7/site-packages/airflow/example_dags/example_time_delta_sensor_async.py for tasks to queue
[2025-02-01T02:43:13.087+0000] {logging_mixin.py:137} INFO - [2025-02-01T02:43:13.085+0000] {dagbag.py:538} INFO - Filling up the DagBag from /home/airflow/.local/lib/python3.7/site-packages/airflow/example_dags/example_time_delta_sensor_async.py
[2025-02-01T02:43:13.129+0000] {processor.py:753} INFO - DAG(s) dict_keys(['example_time_delta_sensor_async']) retrieved from /home/airflow/.local/lib/python3.7/site-packages/airflow/example_dags/example_time_delta_sensor_async.py
[2025-02-01T02:43:13.186+0000] {logging_mixin.py:137} INFO - [2025-02-01T02:43:13.185+0000] {dag.py:2690} INFO - Sync 1 DAGs
[2025-02-01T02:43:13.256+0000] {logging_mixin.py:137} INFO - [2025-02-01T02:43:13.255+0000] {dag.py:3441} INFO - Setting next_dagrun for example_time_delta_sensor_async to None, run_after=None
[2025-02-01T02:43:13.416+0000] {processor.py:175} INFO - Processing /home/airflow/.local/lib/python3.7/site-packages/airflow/example_dags/example_time_delta_sensor_async.py took 0.353 seconds
[2025-02-01T02:43:43.735+0000] {processor.py:153} INFO - Started process (PID=433) to work on /home/airflow/.local/lib/python3.7/site-packages/airflow/example_dags/example_time_delta_sensor_async.py
[2025-02-01T02:43:43.737+0000] {processor.py:743} INFO - Processing file /home/airflow/.local/lib/python3.7/site-packages/airflow/example_dags/example_time_delta_sensor_async.py for tasks to queue
[2025-02-01T02:43:43.739+0000] {logging_mixin.py:137} INFO - [2025-02-01T02:43:43.738+0000] {dagbag.py:538} INFO - Filling up the DagBag from /home/airflow/.local/lib/python3.7/site-packages/airflow/example_dags/example_time_delta_sensor_async.py
[2025-02-01T02:43:43.767+0000] {processor.py:753} INFO - DAG(s) dict_keys(['example_time_delta_sensor_async']) retrieved from /home/airflow/.local/lib/python3.7/site-packages/airflow/example_dags/example_time_delta_sensor_async.py
[2025-02-01T02:43:43.829+0000] {logging_mixin.py:137} INFO - [2025-02-01T02:43:43.829+0000] {dag.py:2690} INFO - Sync 1 DAGs
[2025-02-01T02:43:43.894+0000] {logging_mixin.py:137} INFO - [2025-02-01T02:43:43.893+0000] {dag.py:3441} INFO - Setting next_dagrun for example_time_delta_sensor_async to None, run_after=None
[2025-02-01T02:43:43.942+0000] {processor.py:175} INFO - Processing /home/airflow/.local/lib/python3.7/site-packages/airflow/example_dags/example_time_delta_sensor_async.py took 0.214 seconds
[2025-02-01T02:44:14.469+0000] {processor.py:153} INFO - Started process (PID=492) to work on /home/airflow/.local/lib/python3.7/site-packages/airflow/example_dags/example_time_delta_sensor_async.py
[2025-02-01T02:44:14.471+0000] {processor.py:743} INFO - Processing file /home/airflow/.local/lib/python3.7/site-packages/airflow/example_dags/example_time_delta_sensor_async.py for tasks to queue
[2025-02-01T02:44:14.473+0000] {logging_mixin.py:137} INFO - [2025-02-01T02:44:14.472+0000] {dagbag.py:538} INFO - Filling up the DagBag from /home/airflow/.local/lib/python3.7/site-packages/airflow/example_dags/example_time_delta_sensor_async.py
[2025-02-01T02:44:14.503+0000] {processor.py:753} INFO - DAG(s) dict_keys(['example_time_delta_sensor_async']) retrieved from /home/airflow/.local/lib/python3.7/site-packages/airflow/example_dags/example_time_delta_sensor_async.py
[2025-02-01T02:44:14.560+0000] {logging_mixin.py:137} INFO - [2025-02-01T02:44:14.560+0000] {dag.py:2690} INFO - Sync 1 DAGs
[2025-02-01T02:44:14.635+0000] {logging_mixin.py:137} INFO - [2025-02-01T02:44:14.634+0000] {dag.py:3441} INFO - Setting next_dagrun for example_time_delta_sensor_async to None, run_after=None
[2025-02-01T02:44:14.681+0000] {processor.py:175} INFO - Processing /home/airflow/.local/lib/python3.7/site-packages/airflow/example_dags/example_time_delta_sensor_async.py took 0.220 seconds
[2025-02-01T02:44:45.224+0000] {processor.py:153} INFO - Started process (PID=549) to work on /home/airflow/.local/lib/python3.7/site-packages/airflow/example_dags/example_time_delta_sensor_async.py
[2025-02-01T02:44:45.230+0000] {processor.py:743} INFO - Processing file /home/airflow/.local/lib/python3.7/site-packages/airflow/example_dags/example_time_delta_sensor_async.py for tasks to queue
[2025-02-01T02:44:45.238+0000] {logging_mixin.py:137} INFO - [2025-02-01T02:44:45.238+0000] {dagbag.py:538} INFO - Filling up the DagBag from /home/airflow/.local/lib/python3.7/site-packages/airflow/example_dags/example_time_delta_sensor_async.py
[2025-02-01T02:44:45.357+0000] {processor.py:753} INFO - DAG(s) dict_keys(['example_time_delta_sensor_async']) retrieved from /home/airflow/.local/lib/python3.7/site-packages/airflow/example_dags/example_time_delta_sensor_async.py
[2025-02-01T02:44:45.573+0000] {logging_mixin.py:137} INFO - [2025-02-01T02:44:45.572+0000] {dag.py:2690} INFO - Sync 1 DAGs
[2025-02-01T02:44:45.769+0000] {logging_mixin.py:137} INFO - [2025-02-01T02:44:45.769+0000] {dag.py:3441} INFO - Setting next_dagrun for example_time_delta_sensor_async to None, run_after=None
[2025-02-01T02:44:45.919+0000] {processor.py:175} INFO - Processing /home/airflow/.local/lib/python3.7/site-packages/airflow/example_dags/example_time_delta_sensor_async.py took 0.735 seconds
[2025-02-01T02:45:16.322+0000] {processor.py:153} INFO - Started process (PID=599) to work on /home/airflow/.local/lib/python3.7/site-packages/airflow/example_dags/example_time_delta_sensor_async.py
[2025-02-01T02:45:16.330+0000] {processor.py:743} INFO - Processing file /home/airflow/.local/lib/python3.7/site-packages/airflow/example_dags/example_time_delta_sensor_async.py for tasks to queue
[2025-02-01T02:45:16.338+0000] {logging_mixin.py:137} INFO - [2025-02-01T02:45:16.331+0000] {dagbag.py:538} INFO - Filling up the DagBag from /home/airflow/.local/lib/python3.7/site-packages/airflow/example_dags/example_time_delta_sensor_async.py
[2025-02-01T02:45:16.451+0000] {processor.py:753} INFO - DAG(s) dict_keys(['example_time_delta_sensor_async']) retrieved from /home/airflow/.local/lib/python3.7/site-packages/airflow/example_dags/example_time_delta_sensor_async.py
[2025-02-01T02:45:16.620+0000] {logging_mixin.py:137} INFO - [2025-02-01T02:45:16.619+0000] {dag.py:2690} INFO - Sync 1 DAGs
[2025-02-01T02:45:16.819+0000] {logging_mixin.py:137} INFO - [2025-02-01T02:45:16.819+0000] {dag.py:3441} INFO - Setting next_dagrun for example_time_delta_sensor_async to None, run_after=None
[2025-02-01T02:45:16.939+0000] {processor.py:175} INFO - Processing /home/airflow/.local/lib/python3.7/site-packages/airflow/example_dags/example_time_delta_sensor_async.py took 0.642 seconds
[2025-02-01T02:45:47.551+0000] {processor.py:153} INFO - Started process (PID=658) to work on /home/airflow/.local/lib/python3.7/site-packages/airflow/example_dags/example_time_delta_sensor_async.py
[2025-02-01T02:45:47.556+0000] {processor.py:743} INFO - Processing file /home/airflow/.local/lib/python3.7/site-packages/airflow/example_dags/example_time_delta_sensor_async.py for tasks to queue
[2025-02-01T02:45:47.562+0000] {logging_mixin.py:137} INFO - [2025-02-01T02:45:47.562+0000] {dagbag.py:538} INFO - Filling up the DagBag from /home/airflow/.local/lib/python3.7/site-packages/airflow/example_dags/example_time_delta_sensor_async.py
[2025-02-01T02:45:47.651+0000] {processor.py:753} INFO - DAG(s) dict_keys(['example_time_delta_sensor_async']) retrieved from /home/airflow/.local/lib/python3.7/site-packages/airflow/example_dags/example_time_delta_sensor_async.py
[2025-02-01T02:45:47.776+0000] {logging_mixin.py:137} INFO - [2025-02-01T02:45:47.775+0000] {dag.py:2690} INFO - Sync 1 DAGs
[2025-02-01T02:45:47.904+0000] {logging_mixin.py:137} INFO - [2025-02-01T02:45:47.904+0000] {dag.py:3441} INFO - Setting next_dagrun for example_time_delta_sensor_async to None, run_after=None
[2025-02-01T02:45:48.030+0000] {processor.py:175} INFO - Processing /home/airflow/.local/lib/python3.7/site-packages/airflow/example_dags/example_time_delta_sensor_async.py took 0.507 seconds
[2025-02-01T02:46:18.186+0000] {processor.py:153} INFO - Started process (PID=716) to work on /home/airflow/.local/lib/python3.7/site-packages/airflow/example_dags/example_time_delta_sensor_async.py
[2025-02-01T02:46:18.188+0000] {processor.py:743} INFO - Processing file /home/airflow/.local/lib/python3.7/site-packages/airflow/example_dags/example_time_delta_sensor_async.py for tasks to queue
[2025-02-01T02:46:18.189+0000] {logging_mixin.py:137} INFO - [2025-02-01T02:46:18.189+0000] {dagbag.py:538} INFO - Filling up the DagBag from /home/airflow/.local/lib/python3.7/site-packages/airflow/example_dags/example_time_delta_sensor_async.py
[2025-02-01T02:46:18.218+0000] {processor.py:753} INFO - DAG(s) dict_keys(['example_time_delta_sensor_async']) retrieved from /home/airflow/.local/lib/python3.7/site-packages/airflow/example_dags/example_time_delta_sensor_async.py
[2025-02-01T02:46:18.278+0000] {logging_mixin.py:137} INFO - [2025-02-01T02:46:18.277+0000] {dag.py:2690} INFO - Sync 1 DAGs
[2025-02-01T02:46:18.341+0000] {logging_mixin.py:137} INFO - [2025-02-01T02:46:18.341+0000] {dag.py:3441} INFO - Setting next_dagrun for example_time_delta_sensor_async to None, run_after=None
[2025-02-01T02:46:18.386+0000] {processor.py:175} INFO - Processing /home/airflow/.local/lib/python3.7/site-packages/airflow/example_dags/example_time_delta_sensor_async.py took 0.207 seconds
[2025-02-01T02:46:48.971+0000] {processor.py:153} INFO - Started process (PID=775) to work on /home/airflow/.local/lib/python3.7/site-packages/airflow/example_dags/example_time_delta_sensor_async.py
[2025-02-01T02:46:48.974+0000] {processor.py:743} INFO - Processing file /home/airflow/.local/lib/python3.7/site-packages/airflow/example_dags/example_time_delta_sensor_async.py for tasks to queue
[2025-02-01T02:46:48.982+0000] {logging_mixin.py:137} INFO - [2025-02-01T02:46:48.981+0000] {dagbag.py:538} INFO - Filling up the DagBag from /home/airflow/.local/lib/python3.7/site-packages/airflow/example_dags/example_time_delta_sensor_async.py
[2025-02-01T02:46:49.012+0000] {processor.py:753} INFO - DAG(s) dict_keys(['example_time_delta_sensor_async']) retrieved from /home/airflow/.local/lib/python3.7/site-packages/airflow/example_dags/example_time_delta_sensor_async.py
[2025-02-01T02:46:49.076+0000] {logging_mixin.py:137} INFO - [2025-02-01T02:46:49.076+0000] {dag.py:2690} INFO - Sync 1 DAGs
[2025-02-01T02:46:49.144+0000] {logging_mixin.py:137} INFO - [2025-02-01T02:46:49.144+0000] {dag.py:3441} INFO - Setting next_dagrun for example_time_delta_sensor_async to None, run_after=None
[2025-02-01T02:46:49.194+0000] {processor.py:175} INFO - Processing /home/airflow/.local/lib/python3.7/site-packages/airflow/example_dags/example_time_delta_sensor_async.py took 0.234 seconds
[2025-02-01T02:47:20.114+0000] {processor.py:153} INFO - Started process (PID=833) to work on /home/airflow/.local/lib/python3.7/site-packages/airflow/example_dags/example_time_delta_sensor_async.py
[2025-02-01T02:47:20.117+0000] {processor.py:743} INFO - Processing file /home/airflow/.local/lib/python3.7/site-packages/airflow/example_dags/example_time_delta_sensor_async.py for tasks to queue
[2025-02-01T02:47:20.121+0000] {logging_mixin.py:137} INFO - [2025-02-01T02:47:20.119+0000] {dagbag.py:538} INFO - Filling up the DagBag from /home/airflow/.local/lib/python3.7/site-packages/airflow/example_dags/example_time_delta_sensor_async.py
[2025-02-01T02:47:20.242+0000] {processor.py:753} INFO - DAG(s) dict_keys(['example_time_delta_sensor_async']) retrieved from /home/airflow/.local/lib/python3.7/site-packages/airflow/example_dags/example_time_delta_sensor_async.py
[2025-02-01T02:47:20.429+0000] {logging_mixin.py:137} INFO - [2025-02-01T02:47:20.427+0000] {dag.py:2690} INFO - Sync 1 DAGs
[2025-02-01T02:47:20.527+0000] {logging_mixin.py:137} INFO - [2025-02-01T02:47:20.527+0000] {dag.py:3441} INFO - Setting next_dagrun for example_time_delta_sensor_async to None, run_after=None
[2025-02-01T02:47:20.574+0000] {processor.py:175} INFO - Processing /home/airflow/.local/lib/python3.7/site-packages/airflow/example_dags/example_time_delta_sensor_async.py took 0.467 seconds
[2025-02-01T02:47:51.494+0000] {processor.py:153} INFO - Started process (PID=892) to work on /home/airflow/.local/lib/python3.7/site-packages/airflow/example_dags/example_time_delta_sensor_async.py
[2025-02-01T02:47:51.497+0000] {processor.py:743} INFO - Processing file /home/airflow/.local/lib/python3.7/site-packages/airflow/example_dags/example_time_delta_sensor_async.py for tasks to queue
[2025-02-01T02:47:51.501+0000] {logging_mixin.py:137} INFO - [2025-02-01T02:47:51.499+0000] {dagbag.py:538} INFO - Filling up the DagBag from /home/airflow/.local/lib/python3.7/site-packages/airflow/example_dags/example_time_delta_sensor_async.py
[2025-02-01T02:47:51.589+0000] {processor.py:753} INFO - DAG(s) dict_keys(['example_time_delta_sensor_async']) retrieved from /home/airflow/.local/lib/python3.7/site-packages/airflow/example_dags/example_time_delta_sensor_async.py
[2025-02-01T02:47:51.715+0000] {logging_mixin.py:137} INFO - [2025-02-01T02:47:51.715+0000] {dag.py:2690} INFO - Sync 1 DAGs
[2025-02-01T02:47:51.861+0000] {logging_mixin.py:137} INFO - [2025-02-01T02:47:51.861+0000] {dag.py:3441} INFO - Setting next_dagrun for example_time_delta_sensor_async to None, run_after=None
[2025-02-01T02:47:51.998+0000] {processor.py:175} INFO - Processing /home/airflow/.local/lib/python3.7/site-packages/airflow/example_dags/example_time_delta_sensor_async.py took 0.511 seconds
[2025-02-01T02:48:22.425+0000] {processor.py:153} INFO - Started process (PID=942) to work on /home/airflow/.local/lib/python3.7/site-packages/airflow/example_dags/example_time_delta_sensor_async.py
[2025-02-01T02:48:22.428+0000] {processor.py:743} INFO - Processing file /home/airflow/.local/lib/python3.7/site-packages/airflow/example_dags/example_time_delta_sensor_async.py for tasks to queue
[2025-02-01T02:48:22.430+0000] {logging_mixin.py:137} INFO - [2025-02-01T02:48:22.429+0000] {dagbag.py:538} INFO - Filling up the DagBag from /home/airflow/.local/lib/python3.7/site-packages/airflow/example_dags/example_time_delta_sensor_async.py
[2025-02-01T02:48:22.521+0000] {processor.py:753} INFO - DAG(s) dict_keys(['example_time_delta_sensor_async']) retrieved from /home/airflow/.local/lib/python3.7/site-packages/airflow/example_dags/example_time_delta_sensor_async.py
[2025-02-01T02:48:22.738+0000] {logging_mixin.py:137} INFO - [2025-02-01T02:48:22.733+0000] {dag.py:2690} INFO - Sync 1 DAGs
[2025-02-01T02:48:22.961+0000] {logging_mixin.py:137} INFO - [2025-02-01T02:48:22.961+0000] {dag.py:3441} INFO - Setting next_dagrun for example_time_delta_sensor_async to None, run_after=None
[2025-02-01T02:48:23.090+0000] {processor.py:175} INFO - Processing /home/airflow/.local/lib/python3.7/site-packages/airflow/example_dags/example_time_delta_sensor_async.py took 0.681 seconds
[2025-02-01T02:48:53.222+0000] {processor.py:153} INFO - Started process (PID=1002) to work on /home/airflow/.local/lib/python3.7/site-packages/airflow/example_dags/example_time_delta_sensor_async.py
[2025-02-01T02:48:53.224+0000] {processor.py:743} INFO - Processing file /home/airflow/.local/lib/python3.7/site-packages/airflow/example_dags/example_time_delta_sensor_async.py for tasks to queue
[2025-02-01T02:48:53.226+0000] {logging_mixin.py:137} INFO - [2025-02-01T02:48:53.225+0000] {dagbag.py:538} INFO - Filling up the DagBag from /home/airflow/.local/lib/python3.7/site-packages/airflow/example_dags/example_time_delta_sensor_async.py
[2025-02-01T02:48:53.255+0000] {processor.py:753} INFO - DAG(s) dict_keys(['example_time_delta_sensor_async']) retrieved from /home/airflow/.local/lib/python3.7/site-packages/airflow/example_dags/example_time_delta_sensor_async.py
[2025-02-01T02:48:53.313+0000] {logging_mixin.py:137} INFO - [2025-02-01T02:48:53.312+0000] {dag.py:2690} INFO - Sync 1 DAGs
[2025-02-01T02:48:53.375+0000] {logging_mixin.py:137} INFO - [2025-02-01T02:48:53.374+0000] {dag.py:3441} INFO - Setting next_dagrun for example_time_delta_sensor_async to None, run_after=None
[2025-02-01T02:48:53.419+0000] {processor.py:175} INFO - Processing /home/airflow/.local/lib/python3.7/site-packages/airflow/example_dags/example_time_delta_sensor_async.py took 0.205 seconds
[2025-02-01T02:49:23.527+0000] {processor.py:153} INFO - Started process (PID=1061) to work on /home/airflow/.local/lib/python3.7/site-packages/airflow/example_dags/example_time_delta_sensor_async.py
[2025-02-01T02:49:23.528+0000] {processor.py:743} INFO - Processing file /home/airflow/.local/lib/python3.7/site-packages/airflow/example_dags/example_time_delta_sensor_async.py for tasks to queue
[2025-02-01T02:49:23.530+0000] {logging_mixin.py:137} INFO - [2025-02-01T02:49:23.529+0000] {dagbag.py:538} INFO - Filling up the DagBag from /home/airflow/.local/lib/python3.7/site-packages/airflow/example_dags/example_time_delta_sensor_async.py
[2025-02-01T02:49:23.558+0000] {processor.py:753} INFO - DAG(s) dict_keys(['example_time_delta_sensor_async']) retrieved from /home/airflow/.local/lib/python3.7/site-packages/airflow/example_dags/example_time_delta_sensor_async.py
[2025-02-01T02:49:23.614+0000] {logging_mixin.py:137} INFO - [2025-02-01T02:49:23.614+0000] {dag.py:2690} INFO - Sync 1 DAGs
[2025-02-01T02:49:23.679+0000] {logging_mixin.py:137} INFO - [2025-02-01T02:49:23.679+0000] {dag.py:3441} INFO - Setting next_dagrun for example_time_delta_sensor_async to None, run_after=None
[2025-02-01T02:49:23.725+0000] {processor.py:175} INFO - Processing /home/airflow/.local/lib/python3.7/site-packages/airflow/example_dags/example_time_delta_sensor_async.py took 0.207 seconds
[2025-02-01T02:49:54.078+0000] {processor.py:153} INFO - Started process (PID=1119) to work on /home/airflow/.local/lib/python3.7/site-packages/airflow/example_dags/example_time_delta_sensor_async.py
[2025-02-01T02:49:54.081+0000] {processor.py:743} INFO - Processing file /home/airflow/.local/lib/python3.7/site-packages/airflow/example_dags/example_time_delta_sensor_async.py for tasks to queue
[2025-02-01T02:49:54.084+0000] {logging_mixin.py:137} INFO - [2025-02-01T02:49:54.083+0000] {dagbag.py:538} INFO - Filling up the DagBag from /home/airflow/.local/lib/python3.7/site-packages/airflow/example_dags/example_time_delta_sensor_async.py
[2025-02-01T02:49:54.136+0000] {processor.py:753} INFO - DAG(s) dict_keys(['example_time_delta_sensor_async']) retrieved from /home/airflow/.local/lib/python3.7/site-packages/airflow/example_dags/example_time_delta_sensor_async.py
[2025-02-01T02:49:54.192+0000] {logging_mixin.py:137} INFO - [2025-02-01T02:49:54.192+0000] {dag.py:2690} INFO - Sync 1 DAGs
[2025-02-01T02:49:54.269+0000] {logging_mixin.py:137} INFO - [2025-02-01T02:49:54.269+0000] {dag.py:3441} INFO - Setting next_dagrun for example_time_delta_sensor_async to None, run_after=None
[2025-02-01T02:49:54.324+0000] {processor.py:175} INFO - Processing /home/airflow/.local/lib/python3.7/site-packages/airflow/example_dags/example_time_delta_sensor_async.py took 0.255 seconds
[2025-02-01T02:50:24.612+0000] {processor.py:153} INFO - Started process (PID=1175) to work on /home/airflow/.local/lib/python3.7/site-packages/airflow/example_dags/example_time_delta_sensor_async.py
[2025-02-01T02:50:24.613+0000] {processor.py:743} INFO - Processing file /home/airflow/.local/lib/python3.7/site-packages/airflow/example_dags/example_time_delta_sensor_async.py for tasks to queue
[2025-02-01T02:50:24.615+0000] {logging_mixin.py:137} INFO - [2025-02-01T02:50:24.614+0000] {dagbag.py:538} INFO - Filling up the DagBag from /home/airflow/.local/lib/python3.7/site-packages/airflow/example_dags/example_time_delta_sensor_async.py
[2025-02-01T02:50:24.646+0000] {processor.py:753} INFO - DAG(s) dict_keys(['example_time_delta_sensor_async']) retrieved from /home/airflow/.local/lib/python3.7/site-packages/airflow/example_dags/example_time_delta_sensor_async.py
[2025-02-01T02:50:24.710+0000] {logging_mixin.py:137} INFO - [2025-02-01T02:50:24.709+0000] {dag.py:2690} INFO - Sync 1 DAGs
[2025-02-01T02:50:24.795+0000] {logging_mixin.py:137} INFO - [2025-02-01T02:50:24.794+0000] {dag.py:3441} INFO - Setting next_dagrun for example_time_delta_sensor_async to None, run_after=None
[2025-02-01T02:50:24.844+0000] {processor.py:175} INFO - Processing /home/airflow/.local/lib/python3.7/site-packages/airflow/example_dags/example_time_delta_sensor_async.py took 0.239 seconds
[2025-02-01T02:50:55.112+0000] {processor.py:153} INFO - Started process (PID=1227) to work on /home/airflow/.local/lib/python3.7/site-packages/airflow/example_dags/example_time_delta_sensor_async.py
[2025-02-01T02:50:55.114+0000] {processor.py:743} INFO - Processing file /home/airflow/.local/lib/python3.7/site-packages/airflow/example_dags/example_time_delta_sensor_async.py for tasks to queue
[2025-02-01T02:50:55.116+0000] {logging_mixin.py:137} INFO - [2025-02-01T02:50:55.116+0000] {dagbag.py:538} INFO - Filling up the DagBag from /home/airflow/.local/lib/python3.7/site-packages/airflow/example_dags/example_time_delta_sensor_async.py
[2025-02-01T02:50:55.144+0000] {processor.py:753} INFO - DAG(s) dict_keys(['example_time_delta_sensor_async']) retrieved from /home/airflow/.local/lib/python3.7/site-packages/airflow/example_dags/example_time_delta_sensor_async.py
[2025-02-01T02:50:55.201+0000] {logging_mixin.py:137} INFO - [2025-02-01T02:50:55.200+0000] {dag.py:2690} INFO - Sync 1 DAGs
[2025-02-01T02:50:55.263+0000] {logging_mixin.py:137} INFO - [2025-02-01T02:50:55.263+0000] {dag.py:3441} INFO - Setting next_dagrun for example_time_delta_sensor_async to None, run_after=None
[2025-02-01T02:50:55.313+0000] {processor.py:175} INFO - Processing /home/airflow/.local/lib/python3.7/site-packages/airflow/example_dags/example_time_delta_sensor_async.py took 0.209 seconds
[2025-02-01T02:51:27.337+0000] {processor.py:153} INFO - Started process (PID=1284) to work on /home/airflow/.local/lib/python3.7/site-packages/airflow/example_dags/example_time_delta_sensor_async.py
[2025-02-01T02:51:27.338+0000] {processor.py:743} INFO - Processing file /home/airflow/.local/lib/python3.7/site-packages/airflow/example_dags/example_time_delta_sensor_async.py for tasks to queue
[2025-02-01T02:51:27.342+0000] {logging_mixin.py:137} INFO - [2025-02-01T02:51:27.342+0000] {dagbag.py:538} INFO - Filling up the DagBag from /home/airflow/.local/lib/python3.7/site-packages/airflow/example_dags/example_time_delta_sensor_async.py
[2025-02-01T02:51:27.408+0000] {processor.py:753} INFO - DAG(s) dict_keys(['example_time_delta_sensor_async']) retrieved from /home/airflow/.local/lib/python3.7/site-packages/airflow/example_dags/example_time_delta_sensor_async.py
[2025-02-01T02:51:27.521+0000] {logging_mixin.py:137} INFO - [2025-02-01T02:51:27.521+0000] {dag.py:2690} INFO - Sync 1 DAGs
[2025-02-01T02:51:27.644+0000] {logging_mixin.py:137} INFO - [2025-02-01T02:51:27.643+0000] {dag.py:3441} INFO - Setting next_dagrun for example_time_delta_sensor_async to None, run_after=None
[2025-02-01T02:51:27.716+0000] {processor.py:175} INFO - Processing /home/airflow/.local/lib/python3.7/site-packages/airflow/example_dags/example_time_delta_sensor_async.py took 0.395 seconds
[2025-02-01T02:51:58.472+0000] {processor.py:153} INFO - Started process (PID=1340) to work on /home/airflow/.local/lib/python3.7/site-packages/airflow/example_dags/example_time_delta_sensor_async.py
[2025-02-01T02:51:58.476+0000] {processor.py:743} INFO - Processing file /home/airflow/.local/lib/python3.7/site-packages/airflow/example_dags/example_time_delta_sensor_async.py for tasks to queue
[2025-02-01T02:51:58.485+0000] {logging_mixin.py:137} INFO - [2025-02-01T02:51:58.478+0000] {dagbag.py:538} INFO - Filling up the DagBag from /home/airflow/.local/lib/python3.7/site-packages/airflow/example_dags/example_time_delta_sensor_async.py
[2025-02-01T02:51:58.620+0000] {processor.py:753} INFO - DAG(s) dict_keys(['example_time_delta_sensor_async']) retrieved from /home/airflow/.local/lib/python3.7/site-packages/airflow/example_dags/example_time_delta_sensor_async.py
[2025-02-01T02:51:58.812+0000] {logging_mixin.py:137} INFO - [2025-02-01T02:51:58.811+0000] {dag.py:2690} INFO - Sync 1 DAGs
[2025-02-01T02:51:58.959+0000] {logging_mixin.py:137} INFO - [2025-02-01T02:51:58.959+0000] {dag.py:3441} INFO - Setting next_dagrun for example_time_delta_sensor_async to None, run_after=None
[2025-02-01T02:51:59.011+0000] {processor.py:175} INFO - Processing /home/airflow/.local/lib/python3.7/site-packages/airflow/example_dags/example_time_delta_sensor_async.py took 0.568 seconds
[2025-02-01T02:52:30.132+0000] {processor.py:153} INFO - Started process (PID=1399) to work on /home/airflow/.local/lib/python3.7/site-packages/airflow/example_dags/example_time_delta_sensor_async.py
[2025-02-01T02:52:30.134+0000] {processor.py:743} INFO - Processing file /home/airflow/.local/lib/python3.7/site-packages/airflow/example_dags/example_time_delta_sensor_async.py for tasks to queue
[2025-02-01T02:52:30.137+0000] {logging_mixin.py:137} INFO - [2025-02-01T02:52:30.137+0000] {dagbag.py:538} INFO - Filling up the DagBag from /home/airflow/.local/lib/python3.7/site-packages/airflow/example_dags/example_time_delta_sensor_async.py
[2025-02-01T02:52:30.197+0000] {processor.py:753} INFO - DAG(s) dict_keys(['example_time_delta_sensor_async']) retrieved from /home/airflow/.local/lib/python3.7/site-packages/airflow/example_dags/example_time_delta_sensor_async.py
[2025-02-01T02:52:30.363+0000] {logging_mixin.py:137} INFO - [2025-02-01T02:52:30.362+0000] {dag.py:2690} INFO - Sync 1 DAGs
[2025-02-01T02:52:30.542+0000] {logging_mixin.py:137} INFO - [2025-02-01T02:52:30.536+0000] {dag.py:3441} INFO - Setting next_dagrun for example_time_delta_sensor_async to None, run_after=None
[2025-02-01T02:52:30.661+0000] {processor.py:175} INFO - Processing /home/airflow/.local/lib/python3.7/site-packages/airflow/example_dags/example_time_delta_sensor_async.py took 0.553 seconds
[2025-02-01T02:53:02.470+0000] {processor.py:153} INFO - Started process (PID=1451) to work on /home/airflow/.local/lib/python3.7/site-packages/airflow/example_dags/example_time_delta_sensor_async.py
[2025-02-01T02:53:02.474+0000] {processor.py:743} INFO - Processing file /home/airflow/.local/lib/python3.7/site-packages/airflow/example_dags/example_time_delta_sensor_async.py for tasks to queue
[2025-02-01T02:53:02.484+0000] {logging_mixin.py:137} INFO - [2025-02-01T02:53:02.484+0000] {dagbag.py:538} INFO - Filling up the DagBag from /home/airflow/.local/lib/python3.7/site-packages/airflow/example_dags/example_time_delta_sensor_async.py
[2025-02-01T02:53:02.679+0000] {processor.py:753} INFO - DAG(s) dict_keys(['example_time_delta_sensor_async']) retrieved from /home/airflow/.local/lib/python3.7/site-packages/airflow/example_dags/example_time_delta_sensor_async.py
[2025-02-01T02:53:02.965+0000] {logging_mixin.py:137} INFO - [2025-02-01T02:53:02.964+0000] {dag.py:2690} INFO - Sync 1 DAGs
[2025-02-01T02:53:03.251+0000] {logging_mixin.py:137} INFO - [2025-02-01T02:53:03.250+0000] {dag.py:3441} INFO - Setting next_dagrun for example_time_delta_sensor_async to None, run_after=None
[2025-02-01T02:53:03.487+0000] {processor.py:175} INFO - Processing /home/airflow/.local/lib/python3.7/site-packages/airflow/example_dags/example_time_delta_sensor_async.py took 1.072 seconds
[2025-02-01T02:53:33.862+0000] {processor.py:153} INFO - Started process (PID=1510) to work on /home/airflow/.local/lib/python3.7/site-packages/airflow/example_dags/example_time_delta_sensor_async.py
[2025-02-01T02:53:33.866+0000] {processor.py:743} INFO - Processing file /home/airflow/.local/lib/python3.7/site-packages/airflow/example_dags/example_time_delta_sensor_async.py for tasks to queue
[2025-02-01T02:53:33.870+0000] {logging_mixin.py:137} INFO - [2025-02-01T02:53:33.868+0000] {dagbag.py:538} INFO - Filling up the DagBag from /home/airflow/.local/lib/python3.7/site-packages/airflow/example_dags/example_time_delta_sensor_async.py
[2025-02-01T02:53:33.926+0000] {processor.py:753} INFO - DAG(s) dict_keys(['example_time_delta_sensor_async']) retrieved from /home/airflow/.local/lib/python3.7/site-packages/airflow/example_dags/example_time_delta_sensor_async.py
[2025-02-01T02:53:34.061+0000] {logging_mixin.py:137} INFO - [2025-02-01T02:53:34.061+0000] {dag.py:2690} INFO - Sync 1 DAGs
[2025-02-01T02:53:34.304+0000] {logging_mixin.py:137} INFO - [2025-02-01T02:53:34.304+0000] {dag.py:3441} INFO - Setting next_dagrun for example_time_delta_sensor_async to None, run_after=None
[2025-02-01T02:53:34.534+0000] {processor.py:175} INFO - Processing /home/airflow/.local/lib/python3.7/site-packages/airflow/example_dags/example_time_delta_sensor_async.py took 0.691 seconds
[2025-02-01T02:54:04.614+0000] {processor.py:153} INFO - Started process (PID=1570) to work on /home/airflow/.local/lib/python3.7/site-packages/airflow/example_dags/example_time_delta_sensor_async.py
[2025-02-01T02:54:04.616+0000] {processor.py:743} INFO - Processing file /home/airflow/.local/lib/python3.7/site-packages/airflow/example_dags/example_time_delta_sensor_async.py for tasks to queue
[2025-02-01T02:54:04.617+0000] {logging_mixin.py:137} INFO - [2025-02-01T02:54:04.617+0000] {dagbag.py:538} INFO - Filling up the DagBag from /home/airflow/.local/lib/python3.7/site-packages/airflow/example_dags/example_time_delta_sensor_async.py
[2025-02-01T02:54:04.645+0000] {processor.py:753} INFO - DAG(s) dict_keys(['example_time_delta_sensor_async']) retrieved from /home/airflow/.local/lib/python3.7/site-packages/airflow/example_dags/example_time_delta_sensor_async.py
[2025-02-01T02:54:04.708+0000] {logging_mixin.py:137} INFO - [2025-02-01T02:54:04.707+0000] {dag.py:2690} INFO - Sync 1 DAGs
[2025-02-01T02:54:04.775+0000] {logging_mixin.py:137} INFO - [2025-02-01T02:54:04.775+0000] {dag.py:3441} INFO - Setting next_dagrun for example_time_delta_sensor_async to None, run_after=None
[2025-02-01T02:54:04.827+0000] {processor.py:175} INFO - Processing /home/airflow/.local/lib/python3.7/site-packages/airflow/example_dags/example_time_delta_sensor_async.py took 0.221 seconds
[2025-02-01T02:54:34.942+0000] {processor.py:153} INFO - Started process (PID=1629) to work on /home/airflow/.local/lib/python3.7/site-packages/airflow/example_dags/example_time_delta_sensor_async.py
[2025-02-01T02:54:34.944+0000] {processor.py:743} INFO - Processing file /home/airflow/.local/lib/python3.7/site-packages/airflow/example_dags/example_time_delta_sensor_async.py for tasks to queue
[2025-02-01T02:54:34.946+0000] {logging_mixin.py:137} INFO - [2025-02-01T02:54:34.946+0000] {dagbag.py:538} INFO - Filling up the DagBag from /home/airflow/.local/lib/python3.7/site-packages/airflow/example_dags/example_time_delta_sensor_async.py
[2025-02-01T02:54:34.974+0000] {processor.py:753} INFO - DAG(s) dict_keys(['example_time_delta_sensor_async']) retrieved from /home/airflow/.local/lib/python3.7/site-packages/airflow/example_dags/example_time_delta_sensor_async.py
[2025-02-01T02:54:35.030+0000] {logging_mixin.py:137} INFO - [2025-02-01T02:54:35.030+0000] {dag.py:2690} INFO - Sync 1 DAGs
[2025-02-01T02:54:35.094+0000] {logging_mixin.py:137} INFO - [2025-02-01T02:54:35.093+0000] {dag.py:3441} INFO - Setting next_dagrun for example_time_delta_sensor_async to None, run_after=None
[2025-02-01T02:54:35.139+0000] {processor.py:175} INFO - Processing /home/airflow/.local/lib/python3.7/site-packages/airflow/example_dags/example_time_delta_sensor_async.py took 0.204 seconds
[2025-02-01T02:55:06.678+0000] {processor.py:153} INFO - Started process (PID=1687) to work on /home/airflow/.local/lib/python3.7/site-packages/airflow/example_dags/example_time_delta_sensor_async.py
[2025-02-01T02:55:06.713+0000] {processor.py:743} INFO - Processing file /home/airflow/.local/lib/python3.7/site-packages/airflow/example_dags/example_time_delta_sensor_async.py for tasks to queue
[2025-02-01T02:55:06.717+0000] {logging_mixin.py:137} INFO - [2025-02-01T02:55:06.714+0000] {dagbag.py:538} INFO - Filling up the DagBag from /home/airflow/.local/lib/python3.7/site-packages/airflow/example_dags/example_time_delta_sensor_async.py
[2025-02-01T02:55:06.793+0000] {processor.py:753} INFO - DAG(s) dict_keys(['example_time_delta_sensor_async']) retrieved from /home/airflow/.local/lib/python3.7/site-packages/airflow/example_dags/example_time_delta_sensor_async.py
[2025-02-01T02:55:06.862+0000] {logging_mixin.py:137} INFO - [2025-02-01T02:55:06.856+0000] {dag.py:2690} INFO - Sync 1 DAGs
[2025-02-01T02:55:06.933+0000] {logging_mixin.py:137} INFO - [2025-02-01T02:55:06.933+0000] {dag.py:3441} INFO - Setting next_dagrun for example_time_delta_sensor_async to None, run_after=None
[2025-02-01T02:55:07.026+0000] {processor.py:175} INFO - Processing /home/airflow/.local/lib/python3.7/site-packages/airflow/example_dags/example_time_delta_sensor_async.py took 0.356 seconds
[2025-02-01T02:55:37.511+0000] {processor.py:153} INFO - Started process (PID=1744) to work on /home/airflow/.local/lib/python3.7/site-packages/airflow/example_dags/example_time_delta_sensor_async.py
[2025-02-01T02:55:37.513+0000] {processor.py:743} INFO - Processing file /home/airflow/.local/lib/python3.7/site-packages/airflow/example_dags/example_time_delta_sensor_async.py for tasks to queue
[2025-02-01T02:55:37.522+0000] {logging_mixin.py:137} INFO - [2025-02-01T02:55:37.522+0000] {dagbag.py:538} INFO - Filling up the DagBag from /home/airflow/.local/lib/python3.7/site-packages/airflow/example_dags/example_time_delta_sensor_async.py
[2025-02-01T02:55:37.618+0000] {processor.py:753} INFO - DAG(s) dict_keys(['example_time_delta_sensor_async']) retrieved from /home/airflow/.local/lib/python3.7/site-packages/airflow/example_dags/example_time_delta_sensor_async.py
[2025-02-01T02:55:37.839+0000] {logging_mixin.py:137} INFO - [2025-02-01T02:55:37.838+0000] {dag.py:2690} INFO - Sync 1 DAGs
[2025-02-01T02:55:38.067+0000] {logging_mixin.py:137} INFO - [2025-02-01T02:55:38.067+0000] {dag.py:3441} INFO - Setting next_dagrun for example_time_delta_sensor_async to None, run_after=None
[2025-02-01T02:55:38.203+0000] {processor.py:175} INFO - Processing /home/airflow/.local/lib/python3.7/site-packages/airflow/example_dags/example_time_delta_sensor_async.py took 0.708 seconds
[2025-02-01T02:56:08.477+0000] {processor.py:153} INFO - Started process (PID=1796) to work on /home/airflow/.local/lib/python3.7/site-packages/airflow/example_dags/example_time_delta_sensor_async.py
[2025-02-01T02:56:08.481+0000] {processor.py:743} INFO - Processing file /home/airflow/.local/lib/python3.7/site-packages/airflow/example_dags/example_time_delta_sensor_async.py for tasks to queue
[2025-02-01T02:56:08.485+0000] {logging_mixin.py:137} INFO - [2025-02-01T02:56:08.483+0000] {dagbag.py:538} INFO - Filling up the DagBag from /home/airflow/.local/lib/python3.7/site-packages/airflow/example_dags/example_time_delta_sensor_async.py
[2025-02-01T02:56:08.553+0000] {processor.py:753} INFO - DAG(s) dict_keys(['example_time_delta_sensor_async']) retrieved from /home/airflow/.local/lib/python3.7/site-packages/airflow/example_dags/example_time_delta_sensor_async.py
[2025-02-01T02:56:08.675+0000] {logging_mixin.py:137} INFO - [2025-02-01T02:56:08.674+0000] {dag.py:2690} INFO - Sync 1 DAGs
[2025-02-01T02:56:08.800+0000] {logging_mixin.py:137} INFO - [2025-02-01T02:56:08.800+0000] {dag.py:3441} INFO - Setting next_dagrun for example_time_delta_sensor_async to None, run_after=None
[2025-02-01T02:56:08.893+0000] {processor.py:175} INFO - Processing /home/airflow/.local/lib/python3.7/site-packages/airflow/example_dags/example_time_delta_sensor_async.py took 0.423 seconds
[2025-02-01T02:56:39.159+0000] {processor.py:153} INFO - Started process (PID=1855) to work on /home/airflow/.local/lib/python3.7/site-packages/airflow/example_dags/example_time_delta_sensor_async.py
[2025-02-01T02:56:39.163+0000] {processor.py:743} INFO - Processing file /home/airflow/.local/lib/python3.7/site-packages/airflow/example_dags/example_time_delta_sensor_async.py for tasks to queue
[2025-02-01T02:56:39.164+0000] {logging_mixin.py:137} INFO - [2025-02-01T02:56:39.164+0000] {dagbag.py:538} INFO - Filling up the DagBag from /home/airflow/.local/lib/python3.7/site-packages/airflow/example_dags/example_time_delta_sensor_async.py
[2025-02-01T02:56:39.216+0000] {processor.py:753} INFO - DAG(s) dict_keys(['example_time_delta_sensor_async']) retrieved from /home/airflow/.local/lib/python3.7/site-packages/airflow/example_dags/example_time_delta_sensor_async.py
[2025-02-01T02:56:39.384+0000] {logging_mixin.py:137} INFO - [2025-02-01T02:56:39.383+0000] {dag.py:2690} INFO - Sync 1 DAGs
[2025-02-01T02:56:39.456+0000] {logging_mixin.py:137} INFO - [2025-02-01T02:56:39.456+0000] {dag.py:3441} INFO - Setting next_dagrun for example_time_delta_sensor_async to None, run_after=None
[2025-02-01T02:56:39.537+0000] {processor.py:175} INFO - Processing /home/airflow/.local/lib/python3.7/site-packages/airflow/example_dags/example_time_delta_sensor_async.py took 0.393 seconds
[2025-02-01T02:57:09.683+0000] {processor.py:153} INFO - Started process (PID=1912) to work on /home/airflow/.local/lib/python3.7/site-packages/airflow/example_dags/example_time_delta_sensor_async.py
[2025-02-01T02:57:09.688+0000] {processor.py:743} INFO - Processing file /home/airflow/.local/lib/python3.7/site-packages/airflow/example_dags/example_time_delta_sensor_async.py for tasks to queue
[2025-02-01T02:57:09.694+0000] {logging_mixin.py:137} INFO - [2025-02-01T02:57:09.694+0000] {dagbag.py:538} INFO - Filling up the DagBag from /home/airflow/.local/lib/python3.7/site-packages/airflow/example_dags/example_time_delta_sensor_async.py
[2025-02-01T02:57:09.800+0000] {processor.py:753} INFO - DAG(s) dict_keys(['example_time_delta_sensor_async']) retrieved from /home/airflow/.local/lib/python3.7/site-packages/airflow/example_dags/example_time_delta_sensor_async.py
[2025-02-01T02:57:09.978+0000] {logging_mixin.py:137} INFO - [2025-02-01T02:57:09.978+0000] {dag.py:2690} INFO - Sync 1 DAGs
[2025-02-01T02:57:10.161+0000] {logging_mixin.py:137} INFO - [2025-02-01T02:57:10.161+0000] {dag.py:3441} INFO - Setting next_dagrun for example_time_delta_sensor_async to None, run_after=None
[2025-02-01T02:57:10.296+0000] {processor.py:175} INFO - Processing /home/airflow/.local/lib/python3.7/site-packages/airflow/example_dags/example_time_delta_sensor_async.py took 0.644 seconds
[2025-02-01T02:57:40.683+0000] {processor.py:153} INFO - Started process (PID=1961) to work on /home/airflow/.local/lib/python3.7/site-packages/airflow/example_dags/example_time_delta_sensor_async.py
[2025-02-01T02:57:40.684+0000] {processor.py:743} INFO - Processing file /home/airflow/.local/lib/python3.7/site-packages/airflow/example_dags/example_time_delta_sensor_async.py for tasks to queue
[2025-02-01T02:57:40.686+0000] {logging_mixin.py:137} INFO - [2025-02-01T02:57:40.685+0000] {dagbag.py:538} INFO - Filling up the DagBag from /home/airflow/.local/lib/python3.7/site-packages/airflow/example_dags/example_time_delta_sensor_async.py
[2025-02-01T02:57:40.714+0000] {processor.py:753} INFO - DAG(s) dict_keys(['example_time_delta_sensor_async']) retrieved from /home/airflow/.local/lib/python3.7/site-packages/airflow/example_dags/example_time_delta_sensor_async.py
[2025-02-01T02:57:40.772+0000] {logging_mixin.py:137} INFO - [2025-02-01T02:57:40.772+0000] {dag.py:2690} INFO - Sync 1 DAGs
[2025-02-01T02:57:40.856+0000] {logging_mixin.py:137} INFO - [2025-02-01T02:57:40.856+0000] {dag.py:3441} INFO - Setting next_dagrun for example_time_delta_sensor_async to None, run_after=None
[2025-02-01T02:57:40.969+0000] {processor.py:175} INFO - Processing /home/airflow/.local/lib/python3.7/site-packages/airflow/example_dags/example_time_delta_sensor_async.py took 0.294 seconds
[2025-02-01T02:58:11.478+0000] {processor.py:153} INFO - Started process (PID=2020) to work on /home/airflow/.local/lib/python3.7/site-packages/airflow/example_dags/example_time_delta_sensor_async.py
[2025-02-01T02:58:11.482+0000] {processor.py:743} INFO - Processing file /home/airflow/.local/lib/python3.7/site-packages/airflow/example_dags/example_time_delta_sensor_async.py for tasks to queue
[2025-02-01T02:58:11.484+0000] {logging_mixin.py:137} INFO - [2025-02-01T02:58:11.484+0000] {dagbag.py:538} INFO - Filling up the DagBag from /home/airflow/.local/lib/python3.7/site-packages/airflow/example_dags/example_time_delta_sensor_async.py
[2025-02-01T02:58:11.543+0000] {processor.py:753} INFO - DAG(s) dict_keys(['example_time_delta_sensor_async']) retrieved from /home/airflow/.local/lib/python3.7/site-packages/airflow/example_dags/example_time_delta_sensor_async.py
[2025-02-01T02:58:11.657+0000] {logging_mixin.py:137} INFO - [2025-02-01T02:58:11.656+0000] {dag.py:2690} INFO - Sync 1 DAGs
[2025-02-01T02:58:11.798+0000] {logging_mixin.py:137} INFO - [2025-02-01T02:58:11.798+0000] {dag.py:3441} INFO - Setting next_dagrun for example_time_delta_sensor_async to None, run_after=None
[2025-02-01T02:58:11.892+0000] {processor.py:175} INFO - Processing /home/airflow/.local/lib/python3.7/site-packages/airflow/example_dags/example_time_delta_sensor_async.py took 0.429 seconds
[2025-02-01T02:58:43.627+0000] {processor.py:153} INFO - Started process (PID=2076) to work on /home/airflow/.local/lib/python3.7/site-packages/airflow/example_dags/example_time_delta_sensor_async.py
[2025-02-01T02:58:43.629+0000] {processor.py:743} INFO - Processing file /home/airflow/.local/lib/python3.7/site-packages/airflow/example_dags/example_time_delta_sensor_async.py for tasks to queue
[2025-02-01T02:58:43.636+0000] {logging_mixin.py:137} INFO - [2025-02-01T02:58:43.636+0000] {dagbag.py:538} INFO - Filling up the DagBag from /home/airflow/.local/lib/python3.7/site-packages/airflow/example_dags/example_time_delta_sensor_async.py
[2025-02-01T02:58:43.791+0000] {processor.py:753} INFO - DAG(s) dict_keys(['example_time_delta_sensor_async']) retrieved from /home/airflow/.local/lib/python3.7/site-packages/airflow/example_dags/example_time_delta_sensor_async.py
[2025-02-01T02:58:44.078+0000] {logging_mixin.py:137} INFO - [2025-02-01T02:58:44.078+0000] {dag.py:2690} INFO - Sync 1 DAGs
[2025-02-01T02:58:44.295+0000] {logging_mixin.py:137} INFO - [2025-02-01T02:58:44.295+0000] {dag.py:3441} INFO - Setting next_dagrun for example_time_delta_sensor_async to None, run_after=None
[2025-02-01T02:58:44.571+0000] {processor.py:175} INFO - Processing /home/airflow/.local/lib/python3.7/site-packages/airflow/example_dags/example_time_delta_sensor_async.py took 0.979 seconds
[2025-02-01T02:59:15.562+0000] {processor.py:153} INFO - Started process (PID=2129) to work on /home/airflow/.local/lib/python3.7/site-packages/airflow/example_dags/example_time_delta_sensor_async.py
[2025-02-01T02:59:15.567+0000] {processor.py:743} INFO - Processing file /home/airflow/.local/lib/python3.7/site-packages/airflow/example_dags/example_time_delta_sensor_async.py for tasks to queue
[2025-02-01T02:59:15.571+0000] {logging_mixin.py:137} INFO - [2025-02-01T02:59:15.569+0000] {dagbag.py:538} INFO - Filling up the DagBag from /home/airflow/.local/lib/python3.7/site-packages/airflow/example_dags/example_time_delta_sensor_async.py
[2025-02-01T02:59:15.651+0000] {processor.py:753} INFO - DAG(s) dict_keys(['example_time_delta_sensor_async']) retrieved from /home/airflow/.local/lib/python3.7/site-packages/airflow/example_dags/example_time_delta_sensor_async.py
[2025-02-01T02:59:15.827+0000] {logging_mixin.py:137} INFO - [2025-02-01T02:59:15.826+0000] {dag.py:2690} INFO - Sync 1 DAGs
[2025-02-01T02:59:16.030+0000] {logging_mixin.py:137} INFO - [2025-02-01T02:59:16.030+0000] {dag.py:3441} INFO - Setting next_dagrun for example_time_delta_sensor_async to None, run_after=None
[2025-02-01T02:59:16.167+0000] {processor.py:175} INFO - Processing /home/airflow/.local/lib/python3.7/site-packages/airflow/example_dags/example_time_delta_sensor_async.py took 0.624 seconds
[2025-02-01T02:59:46.267+0000] {processor.py:153} INFO - Started process (PID=2187) to work on /home/airflow/.local/lib/python3.7/site-packages/airflow/example_dags/example_time_delta_sensor_async.py
[2025-02-01T02:59:46.271+0000] {processor.py:743} INFO - Processing file /home/airflow/.local/lib/python3.7/site-packages/airflow/example_dags/example_time_delta_sensor_async.py for tasks to queue
[2025-02-01T02:59:46.273+0000] {logging_mixin.py:137} INFO - [2025-02-01T02:59:46.272+0000] {dagbag.py:538} INFO - Filling up the DagBag from /home/airflow/.local/lib/python3.7/site-packages/airflow/example_dags/example_time_delta_sensor_async.py
[2025-02-01T02:59:46.310+0000] {processor.py:753} INFO - DAG(s) dict_keys(['example_time_delta_sensor_async']) retrieved from /home/airflow/.local/lib/python3.7/site-packages/airflow/example_dags/example_time_delta_sensor_async.py
[2025-02-01T02:59:46.365+0000] {logging_mixin.py:137} INFO - [2025-02-01T02:59:46.365+0000] {dag.py:2690} INFO - Sync 1 DAGs
[2025-02-01T02:59:46.435+0000] {logging_mixin.py:137} INFO - [2025-02-01T02:59:46.435+0000] {dag.py:3441} INFO - Setting next_dagrun for example_time_delta_sensor_async to None, run_after=None
[2025-02-01T02:59:46.509+0000] {processor.py:175} INFO - Processing /home/airflow/.local/lib/python3.7/site-packages/airflow/example_dags/example_time_delta_sensor_async.py took 0.251 seconds
[2025-02-01T03:00:17.555+0000] {processor.py:153} INFO - Started process (PID=2246) to work on /home/airflow/.local/lib/python3.7/site-packages/airflow/example_dags/example_time_delta_sensor_async.py
[2025-02-01T03:00:17.563+0000] {processor.py:743} INFO - Processing file /home/airflow/.local/lib/python3.7/site-packages/airflow/example_dags/example_time_delta_sensor_async.py for tasks to queue
[2025-02-01T03:00:17.569+0000] {logging_mixin.py:137} INFO - [2025-02-01T03:00:17.569+0000] {dagbag.py:538} INFO - Filling up the DagBag from /home/airflow/.local/lib/python3.7/site-packages/airflow/example_dags/example_time_delta_sensor_async.py
[2025-02-01T03:00:17.652+0000] {processor.py:753} INFO - DAG(s) dict_keys(['example_time_delta_sensor_async']) retrieved from /home/airflow/.local/lib/python3.7/site-packages/airflow/example_dags/example_time_delta_sensor_async.py
[2025-02-01T03:00:17.850+0000] {logging_mixin.py:137} INFO - [2025-02-01T03:00:17.849+0000] {dag.py:2690} INFO - Sync 1 DAGs
[2025-02-01T03:00:17.982+0000] {logging_mixin.py:137} INFO - [2025-02-01T03:00:17.982+0000] {dag.py:3441} INFO - Setting next_dagrun for example_time_delta_sensor_async to None, run_after=None
[2025-02-01T03:00:18.155+0000] {processor.py:175} INFO - Processing /home/airflow/.local/lib/python3.7/site-packages/airflow/example_dags/example_time_delta_sensor_async.py took 0.623 seconds
[2025-02-01T03:00:49.185+0000] {processor.py:153} INFO - Started process (PID=2303) to work on /home/airflow/.local/lib/python3.7/site-packages/airflow/example_dags/example_time_delta_sensor_async.py
[2025-02-01T03:00:49.192+0000] {processor.py:743} INFO - Processing file /home/airflow/.local/lib/python3.7/site-packages/airflow/example_dags/example_time_delta_sensor_async.py for tasks to queue
[2025-02-01T03:00:49.197+0000] {logging_mixin.py:137} INFO - [2025-02-01T03:00:49.197+0000] {dagbag.py:538} INFO - Filling up the DagBag from /home/airflow/.local/lib/python3.7/site-packages/airflow/example_dags/example_time_delta_sensor_async.py
[2025-02-01T03:00:49.298+0000] {processor.py:753} INFO - DAG(s) dict_keys(['example_time_delta_sensor_async']) retrieved from /home/airflow/.local/lib/python3.7/site-packages/airflow/example_dags/example_time_delta_sensor_async.py
[2025-02-01T03:00:49.398+0000] {logging_mixin.py:137} INFO - [2025-02-01T03:00:49.397+0000] {dag.py:2690} INFO - Sync 1 DAGs
[2025-02-01T03:00:49.527+0000] {logging_mixin.py:137} INFO - [2025-02-01T03:00:49.527+0000] {dag.py:3441} INFO - Setting next_dagrun for example_time_delta_sensor_async to None, run_after=None
[2025-02-01T03:00:49.612+0000] {processor.py:175} INFO - Processing /home/airflow/.local/lib/python3.7/site-packages/airflow/example_dags/example_time_delta_sensor_async.py took 0.466 seconds
[2025-02-01T03:01:19.922+0000] {processor.py:153} INFO - Started process (PID=2355) to work on /home/airflow/.local/lib/python3.7/site-packages/airflow/example_dags/example_time_delta_sensor_async.py
[2025-02-01T03:01:19.929+0000] {processor.py:743} INFO - Processing file /home/airflow/.local/lib/python3.7/site-packages/airflow/example_dags/example_time_delta_sensor_async.py for tasks to queue
[2025-02-01T03:01:19.930+0000] {logging_mixin.py:137} INFO - [2025-02-01T03:01:19.930+0000] {dagbag.py:538} INFO - Filling up the DagBag from /home/airflow/.local/lib/python3.7/site-packages/airflow/example_dags/example_time_delta_sensor_async.py
[2025-02-01T03:01:19.979+0000] {processor.py:753} INFO - DAG(s) dict_keys(['example_time_delta_sensor_async']) retrieved from /home/airflow/.local/lib/python3.7/site-packages/airflow/example_dags/example_time_delta_sensor_async.py
[2025-02-01T03:01:20.100+0000] {logging_mixin.py:137} INFO - [2025-02-01T03:01:20.099+0000] {dag.py:2690} INFO - Sync 1 DAGs
[2025-02-01T03:01:20.227+0000] {logging_mixin.py:137} INFO - [2025-02-01T03:01:20.227+0000] {dag.py:3441} INFO - Setting next_dagrun for example_time_delta_sensor_async to None, run_after=None
[2025-02-01T03:01:20.347+0000] {processor.py:175} INFO - Processing /home/airflow/.local/lib/python3.7/site-packages/airflow/example_dags/example_time_delta_sensor_async.py took 0.453 seconds
[2025-02-01T03:01:50.980+0000] {processor.py:153} INFO - Started process (PID=2414) to work on /home/airflow/.local/lib/python3.7/site-packages/airflow/example_dags/example_time_delta_sensor_async.py
[2025-02-01T03:01:50.983+0000] {processor.py:743} INFO - Processing file /home/airflow/.local/lib/python3.7/site-packages/airflow/example_dags/example_time_delta_sensor_async.py for tasks to queue
[2025-02-01T03:01:50.987+0000] {logging_mixin.py:137} INFO - [2025-02-01T03:01:50.984+0000] {dagbag.py:538} INFO - Filling up the DagBag from /home/airflow/.local/lib/python3.7/site-packages/airflow/example_dags/example_time_delta_sensor_async.py
[2025-02-01T03:01:51.046+0000] {processor.py:753} INFO - DAG(s) dict_keys(['example_time_delta_sensor_async']) retrieved from /home/airflow/.local/lib/python3.7/site-packages/airflow/example_dags/example_time_delta_sensor_async.py
[2025-02-01T03:01:51.141+0000] {logging_mixin.py:137} INFO - [2025-02-01T03:01:51.138+0000] {dag.py:2690} INFO - Sync 1 DAGs
[2025-02-01T03:01:51.270+0000] {logging_mixin.py:137} INFO - [2025-02-01T03:01:51.270+0000] {dag.py:3441} INFO - Setting next_dagrun for example_time_delta_sensor_async to None, run_after=None
[2025-02-01T03:01:51.390+0000] {processor.py:175} INFO - Processing /home/airflow/.local/lib/python3.7/site-packages/airflow/example_dags/example_time_delta_sensor_async.py took 0.427 seconds
[2025-02-01T03:02:22.364+0000] {processor.py:153} INFO - Started process (PID=2472) to work on /home/airflow/.local/lib/python3.7/site-packages/airflow/example_dags/example_time_delta_sensor_async.py
[2025-02-01T03:02:22.370+0000] {processor.py:743} INFO - Processing file /home/airflow/.local/lib/python3.7/site-packages/airflow/example_dags/example_time_delta_sensor_async.py for tasks to queue
[2025-02-01T03:02:22.371+0000] {logging_mixin.py:137} INFO - [2025-02-01T03:02:22.371+0000] {dagbag.py:538} INFO - Filling up the DagBag from /home/airflow/.local/lib/python3.7/site-packages/airflow/example_dags/example_time_delta_sensor_async.py
[2025-02-01T03:02:22.473+0000] {processor.py:753} INFO - DAG(s) dict_keys(['example_time_delta_sensor_async']) retrieved from /home/airflow/.local/lib/python3.7/site-packages/airflow/example_dags/example_time_delta_sensor_async.py
[2025-02-01T03:02:22.573+0000] {logging_mixin.py:137} INFO - [2025-02-01T03:02:22.572+0000] {dag.py:2690} INFO - Sync 1 DAGs
[2025-02-01T03:02:22.692+0000] {logging_mixin.py:137} INFO - [2025-02-01T03:02:22.692+0000] {dag.py:3441} INFO - Setting next_dagrun for example_time_delta_sensor_async to None, run_after=None
[2025-02-01T03:02:22.785+0000] {processor.py:175} INFO - Processing /home/airflow/.local/lib/python3.7/site-packages/airflow/example_dags/example_time_delta_sensor_async.py took 0.453 seconds
[2025-02-01T03:02:53.777+0000] {processor.py:153} INFO - Started process (PID=2531) to work on /home/airflow/.local/lib/python3.7/site-packages/airflow/example_dags/example_time_delta_sensor_async.py
[2025-02-01T03:02:53.778+0000] {processor.py:743} INFO - Processing file /home/airflow/.local/lib/python3.7/site-packages/airflow/example_dags/example_time_delta_sensor_async.py for tasks to queue
[2025-02-01T03:02:53.782+0000] {logging_mixin.py:137} INFO - [2025-02-01T03:02:53.780+0000] {dagbag.py:538} INFO - Filling up the DagBag from /home/airflow/.local/lib/python3.7/site-packages/airflow/example_dags/example_time_delta_sensor_async.py
[2025-02-01T03:02:53.936+0000] {processor.py:753} INFO - DAG(s) dict_keys(['example_time_delta_sensor_async']) retrieved from /home/airflow/.local/lib/python3.7/site-packages/airflow/example_dags/example_time_delta_sensor_async.py
[2025-02-01T03:02:54.120+0000] {logging_mixin.py:137} INFO - [2025-02-01T03:02:54.120+0000] {dag.py:2690} INFO - Sync 1 DAGs
[2025-02-01T03:02:54.260+0000] {logging_mixin.py:137} INFO - [2025-02-01T03:02:54.260+0000] {dag.py:3441} INFO - Setting next_dagrun for example_time_delta_sensor_async to None, run_after=None
[2025-02-01T03:02:54.345+0000] {processor.py:175} INFO - Processing /home/airflow/.local/lib/python3.7/site-packages/airflow/example_dags/example_time_delta_sensor_async.py took 0.600 seconds
[2025-02-01T03:03:24.913+0000] {processor.py:153} INFO - Started process (PID=2580) to work on /home/airflow/.local/lib/python3.7/site-packages/airflow/example_dags/example_time_delta_sensor_async.py
[2025-02-01T03:03:24.914+0000] {processor.py:743} INFO - Processing file /home/airflow/.local/lib/python3.7/site-packages/airflow/example_dags/example_time_delta_sensor_async.py for tasks to queue
[2025-02-01T03:03:24.916+0000] {logging_mixin.py:137} INFO - [2025-02-01T03:03:24.915+0000] {dagbag.py:538} INFO - Filling up the DagBag from /home/airflow/.local/lib/python3.7/site-packages/airflow/example_dags/example_time_delta_sensor_async.py
[2025-02-01T03:03:24.944+0000] {processor.py:753} INFO - DAG(s) dict_keys(['example_time_delta_sensor_async']) retrieved from /home/airflow/.local/lib/python3.7/site-packages/airflow/example_dags/example_time_delta_sensor_async.py
[2025-02-01T03:03:25.003+0000] {logging_mixin.py:137} INFO - [2025-02-01T03:03:25.003+0000] {dag.py:2690} INFO - Sync 1 DAGs
[2025-02-01T03:03:25.065+0000] {logging_mixin.py:137} INFO - [2025-02-01T03:03:25.065+0000] {dag.py:3441} INFO - Setting next_dagrun for example_time_delta_sensor_async to None, run_after=None
[2025-02-01T03:03:25.115+0000] {processor.py:175} INFO - Processing /home/airflow/.local/lib/python3.7/site-packages/airflow/example_dags/example_time_delta_sensor_async.py took 0.210 seconds
[2025-02-01T03:03:55.545+0000] {processor.py:153} INFO - Started process (PID=2639) to work on /home/airflow/.local/lib/python3.7/site-packages/airflow/example_dags/example_time_delta_sensor_async.py
[2025-02-01T03:03:55.549+0000] {processor.py:743} INFO - Processing file /home/airflow/.local/lib/python3.7/site-packages/airflow/example_dags/example_time_delta_sensor_async.py for tasks to queue
[2025-02-01T03:03:55.553+0000] {logging_mixin.py:137} INFO - [2025-02-01T03:03:55.550+0000] {dagbag.py:538} INFO - Filling up the DagBag from /home/airflow/.local/lib/python3.7/site-packages/airflow/example_dags/example_time_delta_sensor_async.py
[2025-02-01T03:03:55.607+0000] {processor.py:753} INFO - DAG(s) dict_keys(['example_time_delta_sensor_async']) retrieved from /home/airflow/.local/lib/python3.7/site-packages/airflow/example_dags/example_time_delta_sensor_async.py
[2025-02-01T03:03:55.721+0000] {logging_mixin.py:137} INFO - [2025-02-01T03:03:55.721+0000] {dag.py:2690} INFO - Sync 1 DAGs
[2025-02-01T03:03:55.830+0000] {logging_mixin.py:137} INFO - [2025-02-01T03:03:55.830+0000] {dag.py:3441} INFO - Setting next_dagrun for example_time_delta_sensor_async to None, run_after=None
[2025-02-01T03:03:55.904+0000] {processor.py:175} INFO - Processing /home/airflow/.local/lib/python3.7/site-packages/airflow/example_dags/example_time_delta_sensor_async.py took 0.374 seconds
[2025-02-01T03:04:27.686+0000] {processor.py:153} INFO - Started process (PID=2694) to work on /home/airflow/.local/lib/python3.7/site-packages/airflow/example_dags/example_time_delta_sensor_async.py
[2025-02-01T03:04:27.695+0000] {processor.py:743} INFO - Processing file /home/airflow/.local/lib/python3.7/site-packages/airflow/example_dags/example_time_delta_sensor_async.py for tasks to queue
[2025-02-01T03:04:27.705+0000] {logging_mixin.py:137} INFO - [2025-02-01T03:04:27.698+0000] {dagbag.py:538} INFO - Filling up the DagBag from /home/airflow/.local/lib/python3.7/site-packages/airflow/example_dags/example_time_delta_sensor_async.py
[2025-02-01T03:04:27.885+0000] {processor.py:753} INFO - DAG(s) dict_keys(['example_time_delta_sensor_async']) retrieved from /home/airflow/.local/lib/python3.7/site-packages/airflow/example_dags/example_time_delta_sensor_async.py
[2025-02-01T03:04:28.153+0000] {logging_mixin.py:137} INFO - [2025-02-01T03:04:28.143+0000] {dag.py:2690} INFO - Sync 1 DAGs
[2025-02-01T03:04:28.557+0000] {logging_mixin.py:137} INFO - [2025-02-01T03:04:28.557+0000] {dag.py:3441} INFO - Setting next_dagrun for example_time_delta_sensor_async to None, run_after=None
[2025-02-01T03:04:28.760+0000] {processor.py:175} INFO - Processing /home/airflow/.local/lib/python3.7/site-packages/airflow/example_dags/example_time_delta_sensor_async.py took 1.108 seconds
[2025-02-01T03:04:59.156+0000] {processor.py:153} INFO - Started process (PID=2746) to work on /home/airflow/.local/lib/python3.7/site-packages/airflow/example_dags/example_time_delta_sensor_async.py
[2025-02-01T03:04:59.157+0000] {processor.py:743} INFO - Processing file /home/airflow/.local/lib/python3.7/site-packages/airflow/example_dags/example_time_delta_sensor_async.py for tasks to queue
[2025-02-01T03:04:59.164+0000] {logging_mixin.py:137} INFO - [2025-02-01T03:04:59.161+0000] {dagbag.py:538} INFO - Filling up the DagBag from /home/airflow/.local/lib/python3.7/site-packages/airflow/example_dags/example_time_delta_sensor_async.py
[2025-02-01T03:04:59.242+0000] {processor.py:753} INFO - DAG(s) dict_keys(['example_time_delta_sensor_async']) retrieved from /home/airflow/.local/lib/python3.7/site-packages/airflow/example_dags/example_time_delta_sensor_async.py
[2025-02-01T03:04:59.314+0000] {logging_mixin.py:137} INFO - [2025-02-01T03:04:59.313+0000] {dag.py:2690} INFO - Sync 1 DAGs
[2025-02-01T03:04:59.378+0000] {logging_mixin.py:137} INFO - [2025-02-01T03:04:59.378+0000] {dag.py:3441} INFO - Setting next_dagrun for example_time_delta_sensor_async to None, run_after=None
[2025-02-01T03:04:59.442+0000] {processor.py:175} INFO - Processing /home/airflow/.local/lib/python3.7/site-packages/airflow/example_dags/example_time_delta_sensor_async.py took 0.310 seconds
[2025-02-01T03:05:30.235+0000] {processor.py:153} INFO - Started process (PID=2805) to work on /home/airflow/.local/lib/python3.7/site-packages/airflow/example_dags/example_time_delta_sensor_async.py
[2025-02-01T03:05:30.238+0000] {processor.py:743} INFO - Processing file /home/airflow/.local/lib/python3.7/site-packages/airflow/example_dags/example_time_delta_sensor_async.py for tasks to queue
[2025-02-01T03:05:30.240+0000] {logging_mixin.py:137} INFO - [2025-02-01T03:05:30.239+0000] {dagbag.py:538} INFO - Filling up the DagBag from /home/airflow/.local/lib/python3.7/site-packages/airflow/example_dags/example_time_delta_sensor_async.py
[2025-02-01T03:05:30.286+0000] {processor.py:753} INFO - DAG(s) dict_keys(['example_time_delta_sensor_async']) retrieved from /home/airflow/.local/lib/python3.7/site-packages/airflow/example_dags/example_time_delta_sensor_async.py
[2025-02-01T03:05:30.343+0000] {logging_mixin.py:137} INFO - [2025-02-01T03:05:30.343+0000] {dag.py:2690} INFO - Sync 1 DAGs
[2025-02-01T03:05:30.408+0000] {logging_mixin.py:137} INFO - [2025-02-01T03:05:30.408+0000] {dag.py:3441} INFO - Setting next_dagrun for example_time_delta_sensor_async to None, run_after=None
[2025-02-01T03:05:30.455+0000] {processor.py:175} INFO - Processing /home/airflow/.local/lib/python3.7/site-packages/airflow/example_dags/example_time_delta_sensor_async.py took 0.227 seconds
[2025-02-01T03:06:01.572+0000] {processor.py:153} INFO - Started process (PID=2864) to work on /home/airflow/.local/lib/python3.7/site-packages/airflow/example_dags/example_time_delta_sensor_async.py
[2025-02-01T03:06:01.578+0000] {processor.py:743} INFO - Processing file /home/airflow/.local/lib/python3.7/site-packages/airflow/example_dags/example_time_delta_sensor_async.py for tasks to queue
[2025-02-01T03:06:01.584+0000] {logging_mixin.py:137} INFO - [2025-02-01T03:06:01.580+0000] {dagbag.py:538} INFO - Filling up the DagBag from /home/airflow/.local/lib/python3.7/site-packages/airflow/example_dags/example_time_delta_sensor_async.py
[2025-02-01T03:06:01.631+0000] {processor.py:753} INFO - DAG(s) dict_keys(['example_time_delta_sensor_async']) retrieved from /home/airflow/.local/lib/python3.7/site-packages/airflow/example_dags/example_time_delta_sensor_async.py
[2025-02-01T03:06:01.692+0000] {logging_mixin.py:137} INFO - [2025-02-01T03:06:01.692+0000] {dag.py:2690} INFO - Sync 1 DAGs
[2025-02-01T03:06:01.796+0000] {logging_mixin.py:137} INFO - [2025-02-01T03:06:01.796+0000] {dag.py:3441} INFO - Setting next_dagrun for example_time_delta_sensor_async to None, run_after=None
[2025-02-01T03:06:01.891+0000] {processor.py:175} INFO - Processing /home/airflow/.local/lib/python3.7/site-packages/airflow/example_dags/example_time_delta_sensor_async.py took 0.349 seconds
[2025-02-01T03:06:32.470+0000] {processor.py:153} INFO - Started process (PID=2922) to work on /home/airflow/.local/lib/python3.7/site-packages/airflow/example_dags/example_time_delta_sensor_async.py
[2025-02-01T03:06:32.472+0000] {processor.py:743} INFO - Processing file /home/airflow/.local/lib/python3.7/site-packages/airflow/example_dags/example_time_delta_sensor_async.py for tasks to queue
[2025-02-01T03:06:32.473+0000] {logging_mixin.py:137} INFO - [2025-02-01T03:06:32.473+0000] {dagbag.py:538} INFO - Filling up the DagBag from /home/airflow/.local/lib/python3.7/site-packages/airflow/example_dags/example_time_delta_sensor_async.py
[2025-02-01T03:06:32.504+0000] {processor.py:753} INFO - DAG(s) dict_keys(['example_time_delta_sensor_async']) retrieved from /home/airflow/.local/lib/python3.7/site-packages/airflow/example_dags/example_time_delta_sensor_async.py
[2025-02-01T03:06:32.633+0000] {logging_mixin.py:137} INFO - [2025-02-01T03:06:32.632+0000] {dag.py:2690} INFO - Sync 1 DAGs
[2025-02-01T03:06:32.774+0000] {logging_mixin.py:137} INFO - [2025-02-01T03:06:32.774+0000] {dag.py:3441} INFO - Setting next_dagrun for example_time_delta_sensor_async to None, run_after=None
[2025-02-01T03:06:32.910+0000] {processor.py:175} INFO - Processing /home/airflow/.local/lib/python3.7/site-packages/airflow/example_dags/example_time_delta_sensor_async.py took 0.448 seconds
[2025-02-01T03:07:03.608+0000] {processor.py:153} INFO - Started process (PID=2972) to work on /home/airflow/.local/lib/python3.7/site-packages/airflow/example_dags/example_time_delta_sensor_async.py
[2025-02-01T03:07:03.610+0000] {processor.py:743} INFO - Processing file /home/airflow/.local/lib/python3.7/site-packages/airflow/example_dags/example_time_delta_sensor_async.py for tasks to queue
[2025-02-01T03:07:03.612+0000] {logging_mixin.py:137} INFO - [2025-02-01T03:07:03.611+0000] {dagbag.py:538} INFO - Filling up the DagBag from /home/airflow/.local/lib/python3.7/site-packages/airflow/example_dags/example_time_delta_sensor_async.py
[2025-02-01T03:07:03.639+0000] {processor.py:753} INFO - DAG(s) dict_keys(['example_time_delta_sensor_async']) retrieved from /home/airflow/.local/lib/python3.7/site-packages/airflow/example_dags/example_time_delta_sensor_async.py
[2025-02-01T03:07:03.697+0000] {logging_mixin.py:137} INFO - [2025-02-01T03:07:03.696+0000] {dag.py:2690} INFO - Sync 1 DAGs
[2025-02-01T03:07:03.765+0000] {logging_mixin.py:137} INFO - [2025-02-01T03:07:03.765+0000] {dag.py:3441} INFO - Setting next_dagrun for example_time_delta_sensor_async to None, run_after=None
[2025-02-01T03:07:03.817+0000] {processor.py:175} INFO - Processing /home/airflow/.local/lib/python3.7/site-packages/airflow/example_dags/example_time_delta_sensor_async.py took 0.217 seconds
[2025-02-01T03:07:34.306+0000] {processor.py:153} INFO - Started process (PID=3031) to work on /home/airflow/.local/lib/python3.7/site-packages/airflow/example_dags/example_time_delta_sensor_async.py
[2025-02-01T03:07:34.307+0000] {processor.py:743} INFO - Processing file /home/airflow/.local/lib/python3.7/site-packages/airflow/example_dags/example_time_delta_sensor_async.py for tasks to queue
[2025-02-01T03:07:34.311+0000] {logging_mixin.py:137} INFO - [2025-02-01T03:07:34.311+0000] {dagbag.py:538} INFO - Filling up the DagBag from /home/airflow/.local/lib/python3.7/site-packages/airflow/example_dags/example_time_delta_sensor_async.py
[2025-02-01T03:07:34.398+0000] {processor.py:753} INFO - DAG(s) dict_keys(['example_time_delta_sensor_async']) retrieved from /home/airflow/.local/lib/python3.7/site-packages/airflow/example_dags/example_time_delta_sensor_async.py
[2025-02-01T03:07:34.584+0000] {logging_mixin.py:137} INFO - [2025-02-01T03:07:34.583+0000] {dag.py:2690} INFO - Sync 1 DAGs
[2025-02-01T03:07:34.763+0000] {logging_mixin.py:137} INFO - [2025-02-01T03:07:34.763+0000] {dag.py:3441} INFO - Setting next_dagrun for example_time_delta_sensor_async to None, run_after=None
[2025-02-01T03:07:34.856+0000] {processor.py:175} INFO - Processing /home/airflow/.local/lib/python3.7/site-packages/airflow/example_dags/example_time_delta_sensor_async.py took 0.566 seconds
[2025-02-01T03:08:05.448+0000] {processor.py:153} INFO - Started process (PID=3080) to work on /home/airflow/.local/lib/python3.7/site-packages/airflow/example_dags/example_time_delta_sensor_async.py
[2025-02-01T03:08:05.456+0000] {processor.py:743} INFO - Processing file /home/airflow/.local/lib/python3.7/site-packages/airflow/example_dags/example_time_delta_sensor_async.py for tasks to queue
[2025-02-01T03:08:05.465+0000] {logging_mixin.py:137} INFO - [2025-02-01T03:08:05.458+0000] {dagbag.py:538} INFO - Filling up the DagBag from /home/airflow/.local/lib/python3.7/site-packages/airflow/example_dags/example_time_delta_sensor_async.py
[2025-02-01T03:08:05.572+0000] {processor.py:753} INFO - DAG(s) dict_keys(['example_time_delta_sensor_async']) retrieved from /home/airflow/.local/lib/python3.7/site-packages/airflow/example_dags/example_time_delta_sensor_async.py
[2025-02-01T03:08:05.782+0000] {logging_mixin.py:137} INFO - [2025-02-01T03:08:05.781+0000] {dag.py:2690} INFO - Sync 1 DAGs
[2025-02-01T03:08:05.987+0000] {logging_mixin.py:137} INFO - [2025-02-01T03:08:05.987+0000] {dag.py:3441} INFO - Setting next_dagrun for example_time_delta_sensor_async to None, run_after=None
[2025-02-01T03:08:06.130+0000] {processor.py:175} INFO - Processing /home/airflow/.local/lib/python3.7/site-packages/airflow/example_dags/example_time_delta_sensor_async.py took 0.708 seconds
[2025-02-01T03:08:37.170+0000] {processor.py:153} INFO - Started process (PID=3137) to work on /home/airflow/.local/lib/python3.7/site-packages/airflow/example_dags/example_time_delta_sensor_async.py
[2025-02-01T03:08:37.180+0000] {processor.py:743} INFO - Processing file /home/airflow/.local/lib/python3.7/site-packages/airflow/example_dags/example_time_delta_sensor_async.py for tasks to queue
[2025-02-01T03:08:37.189+0000] {logging_mixin.py:137} INFO - [2025-02-01T03:08:37.182+0000] {dagbag.py:538} INFO - Filling up the DagBag from /home/airflow/.local/lib/python3.7/site-packages/airflow/example_dags/example_time_delta_sensor_async.py
[2025-02-01T03:08:37.371+0000] {processor.py:753} INFO - DAG(s) dict_keys(['example_time_delta_sensor_async']) retrieved from /home/airflow/.local/lib/python3.7/site-packages/airflow/example_dags/example_time_delta_sensor_async.py
[2025-02-01T03:08:37.565+0000] {logging_mixin.py:137} INFO - [2025-02-01T03:08:37.564+0000] {dag.py:2690} INFO - Sync 1 DAGs
[2025-02-01T03:08:37.732+0000] {logging_mixin.py:137} INFO - [2025-02-01T03:08:37.732+0000] {dag.py:3441} INFO - Setting next_dagrun for example_time_delta_sensor_async to None, run_after=None
[2025-02-01T03:08:37.830+0000] {processor.py:175} INFO - Processing /home/airflow/.local/lib/python3.7/site-packages/airflow/example_dags/example_time_delta_sensor_async.py took 0.693 seconds
[2025-02-01T03:09:08.126+0000] {processor.py:153} INFO - Started process (PID=3196) to work on /home/airflow/.local/lib/python3.7/site-packages/airflow/example_dags/example_time_delta_sensor_async.py
[2025-02-01T03:09:08.132+0000] {processor.py:743} INFO - Processing file /home/airflow/.local/lib/python3.7/site-packages/airflow/example_dags/example_time_delta_sensor_async.py for tasks to queue
[2025-02-01T03:09:08.140+0000] {logging_mixin.py:137} INFO - [2025-02-01T03:09:08.133+0000] {dagbag.py:538} INFO - Filling up the DagBag from /home/airflow/.local/lib/python3.7/site-packages/airflow/example_dags/example_time_delta_sensor_async.py
[2025-02-01T03:09:08.240+0000] {processor.py:753} INFO - DAG(s) dict_keys(['example_time_delta_sensor_async']) retrieved from /home/airflow/.local/lib/python3.7/site-packages/airflow/example_dags/example_time_delta_sensor_async.py
[2025-02-01T03:09:08.378+0000] {logging_mixin.py:137} INFO - [2025-02-01T03:09:08.377+0000] {dag.py:2690} INFO - Sync 1 DAGs
[2025-02-01T03:09:08.502+0000] {logging_mixin.py:137} INFO - [2025-02-01T03:09:08.502+0000] {dag.py:3441} INFO - Setting next_dagrun for example_time_delta_sensor_async to None, run_after=None
[2025-02-01T03:09:08.593+0000] {processor.py:175} INFO - Processing /home/airflow/.local/lib/python3.7/site-packages/airflow/example_dags/example_time_delta_sensor_async.py took 0.493 seconds
[2025-02-01T03:09:38.852+0000] {processor.py:153} INFO - Started process (PID=3255) to work on /home/airflow/.local/lib/python3.7/site-packages/airflow/example_dags/example_time_delta_sensor_async.py
[2025-02-01T03:09:38.854+0000] {processor.py:743} INFO - Processing file /home/airflow/.local/lib/python3.7/site-packages/airflow/example_dags/example_time_delta_sensor_async.py for tasks to queue
[2025-02-01T03:09:38.855+0000] {logging_mixin.py:137} INFO - [2025-02-01T03:09:38.855+0000] {dagbag.py:538} INFO - Filling up the DagBag from /home/airflow/.local/lib/python3.7/site-packages/airflow/example_dags/example_time_delta_sensor_async.py
[2025-02-01T03:09:38.885+0000] {processor.py:753} INFO - DAG(s) dict_keys(['example_time_delta_sensor_async']) retrieved from /home/airflow/.local/lib/python3.7/site-packages/airflow/example_dags/example_time_delta_sensor_async.py
[2025-02-01T03:09:38.942+0000] {logging_mixin.py:137} INFO - [2025-02-01T03:09:38.942+0000] {dag.py:2690} INFO - Sync 1 DAGs
[2025-02-01T03:09:39.011+0000] {logging_mixin.py:137} INFO - [2025-02-01T03:09:39.011+0000] {dag.py:3441} INFO - Setting next_dagrun for example_time_delta_sensor_async to None, run_after=None
[2025-02-01T03:09:39.057+0000] {processor.py:175} INFO - Processing /home/airflow/.local/lib/python3.7/site-packages/airflow/example_dags/example_time_delta_sensor_async.py took 0.211 seconds
