[2025-02-01T02:40:26.414+0000] {processor.py:153} INFO - Started process (PID=84) to work on /home/airflow/.local/lib/python3.7/site-packages/airflow/example_dags/example_sensors.py
[2025-02-01T02:40:26.431+0000] {processor.py:743} INFO - Processing file /home/airflow/.local/lib/python3.7/site-packages/airflow/example_dags/example_sensors.py for tasks to queue
[2025-02-01T02:40:26.438+0000] {logging_mixin.py:137} INFO - [2025-02-01T02:40:26.437+0000] {dagbag.py:538} INFO - Filling up the DagBag from /home/airflow/.local/lib/python3.7/site-packages/airflow/example_dags/example_sensors.py
[2025-02-01T02:40:26.775+0000] {processor.py:753} INFO - DAG(s) dict_keys(['example_sensors']) retrieved from /home/airflow/.local/lib/python3.7/site-packages/airflow/example_dags/example_sensors.py
[2025-02-01T02:40:27.159+0000] {logging_mixin.py:137} INFO - [2025-02-01T02:40:27.157+0000] {dag.py:2690} INFO - Sync 1 DAGs
[2025-02-01T02:40:27.634+0000] {logging_mixin.py:137} INFO - [2025-02-01T02:40:27.634+0000] {dag.py:3441} INFO - Setting next_dagrun for example_sensors to None, run_after=None
[2025-02-01T02:40:27.938+0000] {processor.py:175} INFO - Processing /home/airflow/.local/lib/python3.7/site-packages/airflow/example_dags/example_sensors.py took 1.586 seconds
[2025-02-01T02:40:58.695+0000] {processor.py:153} INFO - Started process (PID=134) to work on /home/airflow/.local/lib/python3.7/site-packages/airflow/example_dags/example_sensors.py
[2025-02-01T02:40:58.697+0000] {processor.py:743} INFO - Processing file /home/airflow/.local/lib/python3.7/site-packages/airflow/example_dags/example_sensors.py for tasks to queue
[2025-02-01T02:40:58.699+0000] {logging_mixin.py:137} INFO - [2025-02-01T02:40:58.698+0000] {dagbag.py:538} INFO - Filling up the DagBag from /home/airflow/.local/lib/python3.7/site-packages/airflow/example_dags/example_sensors.py
[2025-02-01T02:40:58.750+0000] {processor.py:753} INFO - DAG(s) dict_keys(['example_sensors']) retrieved from /home/airflow/.local/lib/python3.7/site-packages/airflow/example_dags/example_sensors.py
[2025-02-01T02:40:58.818+0000] {logging_mixin.py:137} INFO - [2025-02-01T02:40:58.817+0000] {dag.py:2690} INFO - Sync 1 DAGs
[2025-02-01T02:40:58.881+0000] {logging_mixin.py:137} INFO - [2025-02-01T02:40:58.880+0000] {dag.py:3441} INFO - Setting next_dagrun for example_sensors to None, run_after=None
[2025-02-01T02:40:58.925+0000] {processor.py:175} INFO - Processing /home/airflow/.local/lib/python3.7/site-packages/airflow/example_dags/example_sensors.py took 0.238 seconds
[2025-02-01T02:41:29.790+0000] {processor.py:153} INFO - Started process (PID=191) to work on /home/airflow/.local/lib/python3.7/site-packages/airflow/example_dags/example_sensors.py
[2025-02-01T02:41:29.794+0000] {processor.py:743} INFO - Processing file /home/airflow/.local/lib/python3.7/site-packages/airflow/example_dags/example_sensors.py for tasks to queue
[2025-02-01T02:41:29.797+0000] {logging_mixin.py:137} INFO - [2025-02-01T02:41:29.797+0000] {dagbag.py:538} INFO - Filling up the DagBag from /home/airflow/.local/lib/python3.7/site-packages/airflow/example_dags/example_sensors.py
[2025-02-01T02:41:29.911+0000] {processor.py:753} INFO - DAG(s) dict_keys(['example_sensors']) retrieved from /home/airflow/.local/lib/python3.7/site-packages/airflow/example_dags/example_sensors.py
[2025-02-01T02:41:29.994+0000] {logging_mixin.py:137} INFO - [2025-02-01T02:41:29.994+0000] {dag.py:2690} INFO - Sync 1 DAGs
[2025-02-01T02:41:30.058+0000] {logging_mixin.py:137} INFO - [2025-02-01T02:41:30.058+0000] {dag.py:3441} INFO - Setting next_dagrun for example_sensors to None, run_after=None
[2025-02-01T02:41:30.135+0000] {processor.py:175} INFO - Processing /home/airflow/.local/lib/python3.7/site-packages/airflow/example_dags/example_sensors.py took 0.363 seconds
[2025-02-01T02:42:01.129+0000] {processor.py:153} INFO - Started process (PID=250) to work on /home/airflow/.local/lib/python3.7/site-packages/airflow/example_dags/example_sensors.py
[2025-02-01T02:42:01.136+0000] {processor.py:743} INFO - Processing file /home/airflow/.local/lib/python3.7/site-packages/airflow/example_dags/example_sensors.py for tasks to queue
[2025-02-01T02:42:01.139+0000] {logging_mixin.py:137} INFO - [2025-02-01T02:42:01.139+0000] {dagbag.py:538} INFO - Filling up the DagBag from /home/airflow/.local/lib/python3.7/site-packages/airflow/example_dags/example_sensors.py
[2025-02-01T02:42:01.280+0000] {processor.py:753} INFO - DAG(s) dict_keys(['example_sensors']) retrieved from /home/airflow/.local/lib/python3.7/site-packages/airflow/example_dags/example_sensors.py
[2025-02-01T02:42:01.423+0000] {logging_mixin.py:137} INFO - [2025-02-01T02:42:01.423+0000] {dag.py:2690} INFO - Sync 1 DAGs
[2025-02-01T02:42:01.527+0000] {logging_mixin.py:137} INFO - [2025-02-01T02:42:01.526+0000] {dag.py:3441} INFO - Setting next_dagrun for example_sensors to None, run_after=None
[2025-02-01T02:42:01.595+0000] {processor.py:175} INFO - Processing /home/airflow/.local/lib/python3.7/site-packages/airflow/example_dags/example_sensors.py took 0.483 seconds
[2025-02-01T02:42:31.728+0000] {processor.py:153} INFO - Started process (PID=308) to work on /home/airflow/.local/lib/python3.7/site-packages/airflow/example_dags/example_sensors.py
[2025-02-01T02:42:31.732+0000] {processor.py:743} INFO - Processing file /home/airflow/.local/lib/python3.7/site-packages/airflow/example_dags/example_sensors.py for tasks to queue
[2025-02-01T02:42:31.736+0000] {logging_mixin.py:137} INFO - [2025-02-01T02:42:31.735+0000] {dagbag.py:538} INFO - Filling up the DagBag from /home/airflow/.local/lib/python3.7/site-packages/airflow/example_dags/example_sensors.py
[2025-02-01T02:42:31.824+0000] {processor.py:753} INFO - DAG(s) dict_keys(['example_sensors']) retrieved from /home/airflow/.local/lib/python3.7/site-packages/airflow/example_dags/example_sensors.py
[2025-02-01T02:42:31.899+0000] {logging_mixin.py:137} INFO - [2025-02-01T02:42:31.899+0000] {dag.py:2690} INFO - Sync 1 DAGs
[2025-02-01T02:42:31.970+0000] {logging_mixin.py:137} INFO - [2025-02-01T02:42:31.969+0000] {dag.py:3441} INFO - Setting next_dagrun for example_sensors to None, run_after=None
[2025-02-01T02:42:32.070+0000] {processor.py:175} INFO - Processing /home/airflow/.local/lib/python3.7/site-packages/airflow/example_dags/example_sensors.py took 0.349 seconds
[2025-02-01T02:43:02.677+0000] {processor.py:153} INFO - Started process (PID=360) to work on /home/airflow/.local/lib/python3.7/site-packages/airflow/example_dags/example_sensors.py
[2025-02-01T02:43:02.680+0000] {processor.py:743} INFO - Processing file /home/airflow/.local/lib/python3.7/site-packages/airflow/example_dags/example_sensors.py for tasks to queue
[2025-02-01T02:43:02.684+0000] {logging_mixin.py:137} INFO - [2025-02-01T02:43:02.681+0000] {dagbag.py:538} INFO - Filling up the DagBag from /home/airflow/.local/lib/python3.7/site-packages/airflow/example_dags/example_sensors.py
[2025-02-01T02:43:02.784+0000] {processor.py:753} INFO - DAG(s) dict_keys(['example_sensors']) retrieved from /home/airflow/.local/lib/python3.7/site-packages/airflow/example_dags/example_sensors.py
[2025-02-01T02:43:02.934+0000] {logging_mixin.py:137} INFO - [2025-02-01T02:43:02.933+0000] {dag.py:2690} INFO - Sync 1 DAGs
[2025-02-01T02:43:03.139+0000] {logging_mixin.py:137} INFO - [2025-02-01T02:43:03.139+0000] {dag.py:3441} INFO - Setting next_dagrun for example_sensors to None, run_after=None
[2025-02-01T02:43:03.264+0000] {processor.py:175} INFO - Processing /home/airflow/.local/lib/python3.7/site-packages/airflow/example_dags/example_sensors.py took 0.606 seconds
[2025-02-01T02:43:33.472+0000] {processor.py:153} INFO - Started process (PID=418) to work on /home/airflow/.local/lib/python3.7/site-packages/airflow/example_dags/example_sensors.py
[2025-02-01T02:43:33.478+0000] {processor.py:743} INFO - Processing file /home/airflow/.local/lib/python3.7/site-packages/airflow/example_dags/example_sensors.py for tasks to queue
[2025-02-01T02:43:33.483+0000] {logging_mixin.py:137} INFO - [2025-02-01T02:43:33.483+0000] {dagbag.py:538} INFO - Filling up the DagBag from /home/airflow/.local/lib/python3.7/site-packages/airflow/example_dags/example_sensors.py
[2025-02-01T02:43:33.671+0000] {processor.py:753} INFO - DAG(s) dict_keys(['example_sensors']) retrieved from /home/airflow/.local/lib/python3.7/site-packages/airflow/example_dags/example_sensors.py
[2025-02-01T02:43:33.906+0000] {logging_mixin.py:137} INFO - [2025-02-01T02:43:33.904+0000] {dag.py:2690} INFO - Sync 1 DAGs
[2025-02-01T02:43:34.128+0000] {logging_mixin.py:137} INFO - [2025-02-01T02:43:34.128+0000] {dag.py:3441} INFO - Setting next_dagrun for example_sensors to None, run_after=None
[2025-02-01T02:43:34.233+0000] {processor.py:175} INFO - Processing /home/airflow/.local/lib/python3.7/site-packages/airflow/example_dags/example_sensors.py took 0.791 seconds
[2025-02-01T02:44:04.818+0000] {processor.py:153} INFO - Started process (PID=476) to work on /home/airflow/.local/lib/python3.7/site-packages/airflow/example_dags/example_sensors.py
[2025-02-01T02:44:04.830+0000] {processor.py:743} INFO - Processing file /home/airflow/.local/lib/python3.7/site-packages/airflow/example_dags/example_sensors.py for tasks to queue
[2025-02-01T02:44:04.838+0000] {logging_mixin.py:137} INFO - [2025-02-01T02:44:04.838+0000] {dagbag.py:538} INFO - Filling up the DagBag from /home/airflow/.local/lib/python3.7/site-packages/airflow/example_dags/example_sensors.py
[2025-02-01T02:44:05.051+0000] {processor.py:753} INFO - DAG(s) dict_keys(['example_sensors']) retrieved from /home/airflow/.local/lib/python3.7/site-packages/airflow/example_dags/example_sensors.py
[2025-02-01T02:44:05.279+0000] {logging_mixin.py:137} INFO - [2025-02-01T02:44:05.278+0000] {dag.py:2690} INFO - Sync 1 DAGs
[2025-02-01T02:44:05.392+0000] {logging_mixin.py:137} INFO - [2025-02-01T02:44:05.392+0000] {dag.py:3441} INFO - Setting next_dagrun for example_sensors to None, run_after=None
[2025-02-01T02:44:05.450+0000] {processor.py:175} INFO - Processing /home/airflow/.local/lib/python3.7/site-packages/airflow/example_dags/example_sensors.py took 0.673 seconds
[2025-02-01T02:44:36.192+0000] {processor.py:153} INFO - Started process (PID=525) to work on /home/airflow/.local/lib/python3.7/site-packages/airflow/example_dags/example_sensors.py
[2025-02-01T02:44:36.194+0000] {processor.py:743} INFO - Processing file /home/airflow/.local/lib/python3.7/site-packages/airflow/example_dags/example_sensors.py for tasks to queue
[2025-02-01T02:44:36.196+0000] {logging_mixin.py:137} INFO - [2025-02-01T02:44:36.195+0000] {dagbag.py:538} INFO - Filling up the DagBag from /home/airflow/.local/lib/python3.7/site-packages/airflow/example_dags/example_sensors.py
[2025-02-01T02:44:36.258+0000] {processor.py:753} INFO - DAG(s) dict_keys(['example_sensors']) retrieved from /home/airflow/.local/lib/python3.7/site-packages/airflow/example_dags/example_sensors.py
[2025-02-01T02:44:36.323+0000] {logging_mixin.py:137} INFO - [2025-02-01T02:44:36.323+0000] {dag.py:2690} INFO - Sync 1 DAGs
[2025-02-01T02:44:36.396+0000] {logging_mixin.py:137} INFO - [2025-02-01T02:44:36.396+0000] {dag.py:3441} INFO - Setting next_dagrun for example_sensors to None, run_after=None
[2025-02-01T02:44:36.468+0000] {processor.py:175} INFO - Processing /home/airflow/.local/lib/python3.7/site-packages/airflow/example_dags/example_sensors.py took 0.290 seconds
[2025-02-01T02:45:06.637+0000] {processor.py:153} INFO - Started process (PID=584) to work on /home/airflow/.local/lib/python3.7/site-packages/airflow/example_dags/example_sensors.py
[2025-02-01T02:45:06.641+0000] {processor.py:743} INFO - Processing file /home/airflow/.local/lib/python3.7/site-packages/airflow/example_dags/example_sensors.py for tasks to queue
[2025-02-01T02:45:06.644+0000] {logging_mixin.py:137} INFO - [2025-02-01T02:45:06.643+0000] {dagbag.py:538} INFO - Filling up the DagBag from /home/airflow/.local/lib/python3.7/site-packages/airflow/example_dags/example_sensors.py
[2025-02-01T02:45:06.751+0000] {processor.py:753} INFO - DAG(s) dict_keys(['example_sensors']) retrieved from /home/airflow/.local/lib/python3.7/site-packages/airflow/example_dags/example_sensors.py
[2025-02-01T02:45:06.887+0000] {logging_mixin.py:137} INFO - [2025-02-01T02:45:06.884+0000] {dag.py:2690} INFO - Sync 1 DAGs
[2025-02-01T02:45:07.000+0000] {logging_mixin.py:137} INFO - [2025-02-01T02:45:07.000+0000] {dag.py:3441} INFO - Setting next_dagrun for example_sensors to None, run_after=None
[2025-02-01T02:45:07.129+0000] {processor.py:175} INFO - Processing /home/airflow/.local/lib/python3.7/site-packages/airflow/example_dags/example_sensors.py took 0.508 seconds
[2025-02-01T02:45:37.878+0000] {processor.py:153} INFO - Started process (PID=643) to work on /home/airflow/.local/lib/python3.7/site-packages/airflow/example_dags/example_sensors.py
[2025-02-01T02:45:37.880+0000] {processor.py:743} INFO - Processing file /home/airflow/.local/lib/python3.7/site-packages/airflow/example_dags/example_sensors.py for tasks to queue
[2025-02-01T02:45:37.887+0000] {logging_mixin.py:137} INFO - [2025-02-01T02:45:37.881+0000] {dagbag.py:538} INFO - Filling up the DagBag from /home/airflow/.local/lib/python3.7/site-packages/airflow/example_dags/example_sensors.py
[2025-02-01T02:45:37.948+0000] {processor.py:753} INFO - DAG(s) dict_keys(['example_sensors']) retrieved from /home/airflow/.local/lib/python3.7/site-packages/airflow/example_dags/example_sensors.py
[2025-02-01T02:45:38.020+0000] {logging_mixin.py:137} INFO - [2025-02-01T02:45:38.020+0000] {dag.py:2690} INFO - Sync 1 DAGs
[2025-02-01T02:45:38.169+0000] {logging_mixin.py:137} INFO - [2025-02-01T02:45:38.168+0000] {dag.py:3441} INFO - Setting next_dagrun for example_sensors to None, run_after=None
[2025-02-01T02:45:38.334+0000] {processor.py:175} INFO - Processing /home/airflow/.local/lib/python3.7/site-packages/airflow/example_dags/example_sensors.py took 0.483 seconds
[2025-02-01T02:46:08.824+0000] {processor.py:153} INFO - Started process (PID=700) to work on /home/airflow/.local/lib/python3.7/site-packages/airflow/example_dags/example_sensors.py
[2025-02-01T02:46:08.829+0000] {processor.py:743} INFO - Processing file /home/airflow/.local/lib/python3.7/site-packages/airflow/example_dags/example_sensors.py for tasks to queue
[2025-02-01T02:46:08.833+0000] {logging_mixin.py:137} INFO - [2025-02-01T02:46:08.833+0000] {dagbag.py:538} INFO - Filling up the DagBag from /home/airflow/.local/lib/python3.7/site-packages/airflow/example_dags/example_sensors.py
[2025-02-01T02:46:09.015+0000] {processor.py:753} INFO - DAG(s) dict_keys(['example_sensors']) retrieved from /home/airflow/.local/lib/python3.7/site-packages/airflow/example_dags/example_sensors.py
[2025-02-01T02:46:09.160+0000] {logging_mixin.py:137} INFO - [2025-02-01T02:46:09.160+0000] {dag.py:2690} INFO - Sync 1 DAGs
[2025-02-01T02:46:09.384+0000] {logging_mixin.py:137} INFO - [2025-02-01T02:46:09.383+0000] {dag.py:3441} INFO - Setting next_dagrun for example_sensors to None, run_after=None
[2025-02-01T02:46:09.580+0000] {processor.py:175} INFO - Processing /home/airflow/.local/lib/python3.7/site-packages/airflow/example_dags/example_sensors.py took 0.795 seconds
[2025-02-01T02:46:39.954+0000] {processor.py:153} INFO - Started process (PID=749) to work on /home/airflow/.local/lib/python3.7/site-packages/airflow/example_dags/example_sensors.py
[2025-02-01T02:46:39.966+0000] {processor.py:743} INFO - Processing file /home/airflow/.local/lib/python3.7/site-packages/airflow/example_dags/example_sensors.py for tasks to queue
[2025-02-01T02:46:39.973+0000] {logging_mixin.py:137} INFO - [2025-02-01T02:46:39.967+0000] {dagbag.py:538} INFO - Filling up the DagBag from /home/airflow/.local/lib/python3.7/site-packages/airflow/example_dags/example_sensors.py
[2025-02-01T02:46:40.165+0000] {processor.py:753} INFO - DAG(s) dict_keys(['example_sensors']) retrieved from /home/airflow/.local/lib/python3.7/site-packages/airflow/example_dags/example_sensors.py
[2025-02-01T02:46:40.451+0000] {logging_mixin.py:137} INFO - [2025-02-01T02:46:40.447+0000] {dag.py:2690} INFO - Sync 1 DAGs
[2025-02-01T02:46:40.794+0000] {logging_mixin.py:137} INFO - [2025-02-01T02:46:40.794+0000] {dag.py:3441} INFO - Setting next_dagrun for example_sensors to None, run_after=None
[2025-02-01T02:46:41.046+0000] {processor.py:175} INFO - Processing /home/airflow/.local/lib/python3.7/site-packages/airflow/example_dags/example_sensors.py took 1.122 seconds
[2025-02-01T02:47:11.821+0000] {processor.py:153} INFO - Started process (PID=809) to work on /home/airflow/.local/lib/python3.7/site-packages/airflow/example_dags/example_sensors.py
[2025-02-01T02:47:11.828+0000] {processor.py:743} INFO - Processing file /home/airflow/.local/lib/python3.7/site-packages/airflow/example_dags/example_sensors.py for tasks to queue
[2025-02-01T02:47:11.835+0000] {logging_mixin.py:137} INFO - [2025-02-01T02:47:11.835+0000] {dagbag.py:538} INFO - Filling up the DagBag from /home/airflow/.local/lib/python3.7/site-packages/airflow/example_dags/example_sensors.py
[2025-02-01T02:47:12.016+0000] {processor.py:753} INFO - DAG(s) dict_keys(['example_sensors']) retrieved from /home/airflow/.local/lib/python3.7/site-packages/airflow/example_dags/example_sensors.py
[2025-02-01T02:47:12.211+0000] {logging_mixin.py:137} INFO - [2025-02-01T02:47:12.210+0000] {dag.py:2690} INFO - Sync 1 DAGs
[2025-02-01T02:47:12.406+0000] {logging_mixin.py:137} INFO - [2025-02-01T02:47:12.406+0000] {dag.py:3441} INFO - Setting next_dagrun for example_sensors to None, run_after=None
[2025-02-01T02:47:12.550+0000] {processor.py:175} INFO - Processing /home/airflow/.local/lib/python3.7/site-packages/airflow/example_dags/example_sensors.py took 0.753 seconds
[2025-02-01T02:47:42.666+0000] {processor.py:153} INFO - Started process (PID=868) to work on /home/airflow/.local/lib/python3.7/site-packages/airflow/example_dags/example_sensors.py
[2025-02-01T02:47:42.668+0000] {processor.py:743} INFO - Processing file /home/airflow/.local/lib/python3.7/site-packages/airflow/example_dags/example_sensors.py for tasks to queue
[2025-02-01T02:47:42.670+0000] {logging_mixin.py:137} INFO - [2025-02-01T02:47:42.669+0000] {dagbag.py:538} INFO - Filling up the DagBag from /home/airflow/.local/lib/python3.7/site-packages/airflow/example_dags/example_sensors.py
[2025-02-01T02:47:42.717+0000] {processor.py:753} INFO - DAG(s) dict_keys(['example_sensors']) retrieved from /home/airflow/.local/lib/python3.7/site-packages/airflow/example_dags/example_sensors.py
[2025-02-01T02:47:42.784+0000] {logging_mixin.py:137} INFO - [2025-02-01T02:47:42.784+0000] {dag.py:2690} INFO - Sync 1 DAGs
[2025-02-01T02:47:42.848+0000] {logging_mixin.py:137} INFO - [2025-02-01T02:47:42.847+0000] {dag.py:3441} INFO - Setting next_dagrun for example_sensors to None, run_after=None
[2025-02-01T02:47:42.895+0000] {processor.py:175} INFO - Processing /home/airflow/.local/lib/python3.7/site-packages/airflow/example_dags/example_sensors.py took 0.236 seconds
[2025-02-01T02:48:13.297+0000] {processor.py:153} INFO - Started process (PID=927) to work on /home/airflow/.local/lib/python3.7/site-packages/airflow/example_dags/example_sensors.py
[2025-02-01T02:48:13.299+0000] {processor.py:743} INFO - Processing file /home/airflow/.local/lib/python3.7/site-packages/airflow/example_dags/example_sensors.py for tasks to queue
[2025-02-01T02:48:13.301+0000] {logging_mixin.py:137} INFO - [2025-02-01T02:48:13.300+0000] {dagbag.py:538} INFO - Filling up the DagBag from /home/airflow/.local/lib/python3.7/site-packages/airflow/example_dags/example_sensors.py
[2025-02-01T02:48:13.361+0000] {processor.py:753} INFO - DAG(s) dict_keys(['example_sensors']) retrieved from /home/airflow/.local/lib/python3.7/site-packages/airflow/example_dags/example_sensors.py
[2025-02-01T02:48:13.431+0000] {logging_mixin.py:137} INFO - [2025-02-01T02:48:13.430+0000] {dag.py:2690} INFO - Sync 1 DAGs
[2025-02-01T02:48:13.611+0000] {logging_mixin.py:137} INFO - [2025-02-01T02:48:13.611+0000] {dag.py:3441} INFO - Setting next_dagrun for example_sensors to None, run_after=None
[2025-02-01T02:48:13.701+0000] {processor.py:175} INFO - Processing /home/airflow/.local/lib/python3.7/site-packages/airflow/example_dags/example_sensors.py took 0.422 seconds
[2025-02-01T02:48:43.878+0000] {processor.py:153} INFO - Started process (PID=987) to work on /home/airflow/.local/lib/python3.7/site-packages/airflow/example_dags/example_sensors.py
[2025-02-01T02:48:43.880+0000] {processor.py:743} INFO - Processing file /home/airflow/.local/lib/python3.7/site-packages/airflow/example_dags/example_sensors.py for tasks to queue
[2025-02-01T02:48:43.882+0000] {logging_mixin.py:137} INFO - [2025-02-01T02:48:43.881+0000] {dagbag.py:538} INFO - Filling up the DagBag from /home/airflow/.local/lib/python3.7/site-packages/airflow/example_dags/example_sensors.py
[2025-02-01T02:48:43.983+0000] {processor.py:753} INFO - DAG(s) dict_keys(['example_sensors']) retrieved from /home/airflow/.local/lib/python3.7/site-packages/airflow/example_dags/example_sensors.py
[2025-02-01T02:48:44.116+0000] {logging_mixin.py:137} INFO - [2025-02-01T02:48:44.115+0000] {dag.py:2690} INFO - Sync 1 DAGs
[2025-02-01T02:48:44.240+0000] {logging_mixin.py:137} INFO - [2025-02-01T02:48:44.239+0000] {dag.py:3441} INFO - Setting next_dagrun for example_sensors to None, run_after=None
[2025-02-01T02:48:44.334+0000] {processor.py:175} INFO - Processing /home/airflow/.local/lib/python3.7/site-packages/airflow/example_dags/example_sensors.py took 0.470 seconds
[2025-02-01T02:49:14.915+0000] {processor.py:153} INFO - Started process (PID=1045) to work on /home/airflow/.local/lib/python3.7/site-packages/airflow/example_dags/example_sensors.py
[2025-02-01T02:49:14.917+0000] {processor.py:743} INFO - Processing file /home/airflow/.local/lib/python3.7/site-packages/airflow/example_dags/example_sensors.py for tasks to queue
[2025-02-01T02:49:14.918+0000] {logging_mixin.py:137} INFO - [2025-02-01T02:49:14.918+0000] {dagbag.py:538} INFO - Filling up the DagBag from /home/airflow/.local/lib/python3.7/site-packages/airflow/example_dags/example_sensors.py
[2025-02-01T02:49:14.977+0000] {processor.py:753} INFO - DAG(s) dict_keys(['example_sensors']) retrieved from /home/airflow/.local/lib/python3.7/site-packages/airflow/example_dags/example_sensors.py
[2025-02-01T02:49:15.142+0000] {logging_mixin.py:137} INFO - [2025-02-01T02:49:15.141+0000] {dag.py:2690} INFO - Sync 1 DAGs
[2025-02-01T02:49:15.305+0000] {logging_mixin.py:137} INFO - [2025-02-01T02:49:15.305+0000] {dag.py:3441} INFO - Setting next_dagrun for example_sensors to None, run_after=None
[2025-02-01T02:49:15.386+0000] {processor.py:175} INFO - Processing /home/airflow/.local/lib/python3.7/site-packages/airflow/example_dags/example_sensors.py took 0.486 seconds
[2025-02-01T02:49:45.943+0000] {processor.py:153} INFO - Started process (PID=1094) to work on /home/airflow/.local/lib/python3.7/site-packages/airflow/example_dags/example_sensors.py
[2025-02-01T02:49:45.945+0000] {processor.py:743} INFO - Processing file /home/airflow/.local/lib/python3.7/site-packages/airflow/example_dags/example_sensors.py for tasks to queue
[2025-02-01T02:49:45.947+0000] {logging_mixin.py:137} INFO - [2025-02-01T02:49:45.946+0000] {dagbag.py:538} INFO - Filling up the DagBag from /home/airflow/.local/lib/python3.7/site-packages/airflow/example_dags/example_sensors.py
[2025-02-01T02:49:45.995+0000] {processor.py:753} INFO - DAG(s) dict_keys(['example_sensors']) retrieved from /home/airflow/.local/lib/python3.7/site-packages/airflow/example_dags/example_sensors.py
[2025-02-01T02:49:46.059+0000] {logging_mixin.py:137} INFO - [2025-02-01T02:49:46.059+0000] {dag.py:2690} INFO - Sync 1 DAGs
[2025-02-01T02:49:46.123+0000] {logging_mixin.py:137} INFO - [2025-02-01T02:49:46.122+0000] {dag.py:3441} INFO - Setting next_dagrun for example_sensors to None, run_after=None
[2025-02-01T02:49:46.173+0000] {processor.py:175} INFO - Processing /home/airflow/.local/lib/python3.7/site-packages/airflow/example_dags/example_sensors.py took 0.238 seconds
[2025-02-01T02:50:16.935+0000] {processor.py:153} INFO - Started process (PID=1153) to work on /home/airflow/.local/lib/python3.7/site-packages/airflow/example_dags/example_sensors.py
[2025-02-01T02:50:16.936+0000] {processor.py:743} INFO - Processing file /home/airflow/.local/lib/python3.7/site-packages/airflow/example_dags/example_sensors.py for tasks to queue
[2025-02-01T02:50:16.938+0000] {logging_mixin.py:137} INFO - [2025-02-01T02:50:16.938+0000] {dagbag.py:538} INFO - Filling up the DagBag from /home/airflow/.local/lib/python3.7/site-packages/airflow/example_dags/example_sensors.py
[2025-02-01T02:50:16.993+0000] {processor.py:753} INFO - DAG(s) dict_keys(['example_sensors']) retrieved from /home/airflow/.local/lib/python3.7/site-packages/airflow/example_dags/example_sensors.py
[2025-02-01T02:50:17.142+0000] {logging_mixin.py:137} INFO - [2025-02-01T02:50:17.142+0000] {dag.py:2690} INFO - Sync 1 DAGs
[2025-02-01T02:50:17.352+0000] {logging_mixin.py:137} INFO - [2025-02-01T02:50:17.352+0000] {dag.py:3441} INFO - Setting next_dagrun for example_sensors to None, run_after=None
[2025-02-01T02:50:17.469+0000] {processor.py:175} INFO - Processing /home/airflow/.local/lib/python3.7/site-packages/airflow/example_dags/example_sensors.py took 0.546 seconds
[2025-02-01T02:50:48.511+0000] {processor.py:153} INFO - Started process (PID=1212) to work on /home/airflow/.local/lib/python3.7/site-packages/airflow/example_dags/example_sensors.py
[2025-02-01T02:50:48.523+0000] {processor.py:743} INFO - Processing file /home/airflow/.local/lib/python3.7/site-packages/airflow/example_dags/example_sensors.py for tasks to queue
[2025-02-01T02:50:48.531+0000] {logging_mixin.py:137} INFO - [2025-02-01T02:50:48.525+0000] {dagbag.py:538} INFO - Filling up the DagBag from /home/airflow/.local/lib/python3.7/site-packages/airflow/example_dags/example_sensors.py
[2025-02-01T02:50:48.811+0000] {processor.py:753} INFO - DAG(s) dict_keys(['example_sensors']) retrieved from /home/airflow/.local/lib/python3.7/site-packages/airflow/example_dags/example_sensors.py
[2025-02-01T02:50:49.170+0000] {logging_mixin.py:137} INFO - [2025-02-01T02:50:49.170+0000] {dag.py:2690} INFO - Sync 1 DAGs
[2025-02-01T02:50:49.474+0000] {logging_mixin.py:137} INFO - [2025-02-01T02:50:49.474+0000] {dag.py:3441} INFO - Setting next_dagrun for example_sensors to None, run_after=None
[2025-02-01T02:50:49.693+0000] {processor.py:175} INFO - Processing /home/airflow/.local/lib/python3.7/site-packages/airflow/example_dags/example_sensors.py took 1.251 seconds
[2025-02-01T02:51:20.044+0000] {processor.py:153} INFO - Started process (PID=1260) to work on /home/airflow/.local/lib/python3.7/site-packages/airflow/example_dags/example_sensors.py
[2025-02-01T02:51:20.049+0000] {processor.py:743} INFO - Processing file /home/airflow/.local/lib/python3.7/site-packages/airflow/example_dags/example_sensors.py for tasks to queue
[2025-02-01T02:51:20.053+0000] {logging_mixin.py:137} INFO - [2025-02-01T02:51:20.051+0000] {dagbag.py:538} INFO - Filling up the DagBag from /home/airflow/.local/lib/python3.7/site-packages/airflow/example_dags/example_sensors.py
[2025-02-01T02:51:20.152+0000] {processor.py:753} INFO - DAG(s) dict_keys(['example_sensors']) retrieved from /home/airflow/.local/lib/python3.7/site-packages/airflow/example_dags/example_sensors.py
[2025-02-01T02:51:20.299+0000] {logging_mixin.py:137} INFO - [2025-02-01T02:51:20.298+0000] {dag.py:2690} INFO - Sync 1 DAGs
[2025-02-01T02:51:20.448+0000] {logging_mixin.py:137} INFO - [2025-02-01T02:51:20.447+0000] {dag.py:3441} INFO - Setting next_dagrun for example_sensors to None, run_after=None
[2025-02-01T02:51:20.494+0000] {processor.py:175} INFO - Processing /home/airflow/.local/lib/python3.7/site-packages/airflow/example_dags/example_sensors.py took 0.469 seconds
[2025-02-01T02:51:50.665+0000] {processor.py:153} INFO - Started process (PID=1319) to work on /home/airflow/.local/lib/python3.7/site-packages/airflow/example_dags/example_sensors.py
[2025-02-01T02:51:50.669+0000] {processor.py:743} INFO - Processing file /home/airflow/.local/lib/python3.7/site-packages/airflow/example_dags/example_sensors.py for tasks to queue
[2025-02-01T02:51:50.675+0000] {logging_mixin.py:137} INFO - [2025-02-01T02:51:50.675+0000] {dagbag.py:538} INFO - Filling up the DagBag from /home/airflow/.local/lib/python3.7/site-packages/airflow/example_dags/example_sensors.py
[2025-02-01T02:51:50.906+0000] {processor.py:753} INFO - DAG(s) dict_keys(['example_sensors']) retrieved from /home/airflow/.local/lib/python3.7/site-packages/airflow/example_dags/example_sensors.py
[2025-02-01T02:51:51.033+0000] {logging_mixin.py:137} INFO - [2025-02-01T02:51:51.033+0000] {dag.py:2690} INFO - Sync 1 DAGs
[2025-02-01T02:51:51.154+0000] {logging_mixin.py:137} INFO - [2025-02-01T02:51:51.153+0000] {dag.py:3441} INFO - Setting next_dagrun for example_sensors to None, run_after=None
[2025-02-01T02:51:51.231+0000] {processor.py:175} INFO - Processing /home/airflow/.local/lib/python3.7/site-packages/airflow/example_dags/example_sensors.py took 0.604 seconds
[2025-02-01T02:52:21.346+0000] {processor.py:153} INFO - Started process (PID=1377) to work on /home/airflow/.local/lib/python3.7/site-packages/airflow/example_dags/example_sensors.py
[2025-02-01T02:52:21.348+0000] {processor.py:743} INFO - Processing file /home/airflow/.local/lib/python3.7/site-packages/airflow/example_dags/example_sensors.py for tasks to queue
[2025-02-01T02:52:21.350+0000] {logging_mixin.py:137} INFO - [2025-02-01T02:52:21.349+0000] {dagbag.py:538} INFO - Filling up the DagBag from /home/airflow/.local/lib/python3.7/site-packages/airflow/example_dags/example_sensors.py
[2025-02-01T02:52:21.397+0000] {processor.py:753} INFO - DAG(s) dict_keys(['example_sensors']) retrieved from /home/airflow/.local/lib/python3.7/site-packages/airflow/example_dags/example_sensors.py
[2025-02-01T02:52:21.465+0000] {logging_mixin.py:137} INFO - [2025-02-01T02:52:21.465+0000] {dag.py:2690} INFO - Sync 1 DAGs
[2025-02-01T02:52:21.526+0000] {logging_mixin.py:137} INFO - [2025-02-01T02:52:21.526+0000] {dag.py:3441} INFO - Setting next_dagrun for example_sensors to None, run_after=None
[2025-02-01T02:52:21.576+0000] {processor.py:175} INFO - Processing /home/airflow/.local/lib/python3.7/site-packages/airflow/example_dags/example_sensors.py took 0.239 seconds
[2025-02-01T02:52:51.811+0000] {processor.py:153} INFO - Started process (PID=1436) to work on /home/airflow/.local/lib/python3.7/site-packages/airflow/example_dags/example_sensors.py
[2025-02-01T02:52:51.813+0000] {processor.py:743} INFO - Processing file /home/airflow/.local/lib/python3.7/site-packages/airflow/example_dags/example_sensors.py for tasks to queue
[2025-02-01T02:52:51.816+0000] {logging_mixin.py:137} INFO - [2025-02-01T02:52:51.816+0000] {dagbag.py:538} INFO - Filling up the DagBag from /home/airflow/.local/lib/python3.7/site-packages/airflow/example_dags/example_sensors.py
[2025-02-01T02:52:51.913+0000] {processor.py:753} INFO - DAG(s) dict_keys(['example_sensors']) retrieved from /home/airflow/.local/lib/python3.7/site-packages/airflow/example_dags/example_sensors.py
[2025-02-01T02:52:52.049+0000] {logging_mixin.py:137} INFO - [2025-02-01T02:52:52.049+0000] {dag.py:2690} INFO - Sync 1 DAGs
[2025-02-01T02:52:52.145+0000] {logging_mixin.py:137} INFO - [2025-02-01T02:52:52.144+0000] {dag.py:3441} INFO - Setting next_dagrun for example_sensors to None, run_after=None
[2025-02-01T02:52:52.202+0000] {processor.py:175} INFO - Processing /home/airflow/.local/lib/python3.7/site-packages/airflow/example_dags/example_sensors.py took 0.410 seconds
[2025-02-01T02:53:22.398+0000] {processor.py:153} INFO - Started process (PID=1494) to work on /home/airflow/.local/lib/python3.7/site-packages/airflow/example_dags/example_sensors.py
[2025-02-01T02:53:22.402+0000] {processor.py:743} INFO - Processing file /home/airflow/.local/lib/python3.7/site-packages/airflow/example_dags/example_sensors.py for tasks to queue
[2025-02-01T02:53:22.408+0000] {logging_mixin.py:137} INFO - [2025-02-01T02:53:22.404+0000] {dagbag.py:538} INFO - Filling up the DagBag from /home/airflow/.local/lib/python3.7/site-packages/airflow/example_dags/example_sensors.py
[2025-02-01T02:53:22.522+0000] {processor.py:753} INFO - DAG(s) dict_keys(['example_sensors']) retrieved from /home/airflow/.local/lib/python3.7/site-packages/airflow/example_dags/example_sensors.py
[2025-02-01T02:53:22.639+0000] {logging_mixin.py:137} INFO - [2025-02-01T02:53:22.638+0000] {dag.py:2690} INFO - Sync 1 DAGs
[2025-02-01T02:53:22.754+0000] {logging_mixin.py:137} INFO - [2025-02-01T02:53:22.754+0000] {dag.py:3441} INFO - Setting next_dagrun for example_sensors to None, run_after=None
[2025-02-01T02:53:22.814+0000] {processor.py:175} INFO - Processing /home/airflow/.local/lib/python3.7/site-packages/airflow/example_dags/example_sensors.py took 0.432 seconds
[2025-02-01T02:53:53.304+0000] {processor.py:153} INFO - Started process (PID=1544) to work on /home/airflow/.local/lib/python3.7/site-packages/airflow/example_dags/example_sensors.py
[2025-02-01T02:53:53.309+0000] {processor.py:743} INFO - Processing file /home/airflow/.local/lib/python3.7/site-packages/airflow/example_dags/example_sensors.py for tasks to queue
[2025-02-01T02:53:53.315+0000] {logging_mixin.py:137} INFO - [2025-02-01T02:53:53.315+0000] {dagbag.py:538} INFO - Filling up the DagBag from /home/airflow/.local/lib/python3.7/site-packages/airflow/example_dags/example_sensors.py
[2025-02-01T02:53:53.479+0000] {processor.py:753} INFO - DAG(s) dict_keys(['example_sensors']) retrieved from /home/airflow/.local/lib/python3.7/site-packages/airflow/example_dags/example_sensors.py
[2025-02-01T02:53:53.694+0000] {logging_mixin.py:137} INFO - [2025-02-01T02:53:53.691+0000] {dag.py:2690} INFO - Sync 1 DAGs
[2025-02-01T02:53:53.889+0000] {logging_mixin.py:137} INFO - [2025-02-01T02:53:53.889+0000] {dag.py:3441} INFO - Setting next_dagrun for example_sensors to None, run_after=None
[2025-02-01T02:53:54.090+0000] {processor.py:175} INFO - Processing /home/airflow/.local/lib/python3.7/site-packages/airflow/example_dags/example_sensors.py took 0.808 seconds
[2025-02-01T02:54:24.822+0000] {processor.py:153} INFO - Started process (PID=1602) to work on /home/airflow/.local/lib/python3.7/site-packages/airflow/example_dags/example_sensors.py
[2025-02-01T02:54:24.830+0000] {processor.py:743} INFO - Processing file /home/airflow/.local/lib/python3.7/site-packages/airflow/example_dags/example_sensors.py for tasks to queue
[2025-02-01T02:54:24.838+0000] {logging_mixin.py:137} INFO - [2025-02-01T02:54:24.837+0000] {dagbag.py:538} INFO - Filling up the DagBag from /home/airflow/.local/lib/python3.7/site-packages/airflow/example_dags/example_sensors.py
[2025-02-01T02:54:25.104+0000] {processor.py:753} INFO - DAG(s) dict_keys(['example_sensors']) retrieved from /home/airflow/.local/lib/python3.7/site-packages/airflow/example_dags/example_sensors.py
[2025-02-01T02:54:25.302+0000] {logging_mixin.py:137} INFO - [2025-02-01T02:54:25.301+0000] {dag.py:2690} INFO - Sync 1 DAGs
[2025-02-01T02:54:25.440+0000] {logging_mixin.py:137} INFO - [2025-02-01T02:54:25.440+0000] {dag.py:3441} INFO - Setting next_dagrun for example_sensors to None, run_after=None
[2025-02-01T02:54:25.552+0000] {processor.py:175} INFO - Processing /home/airflow/.local/lib/python3.7/site-packages/airflow/example_dags/example_sensors.py took 0.761 seconds
[2025-02-01T02:54:56.206+0000] {processor.py:153} INFO - Started process (PID=1662) to work on /home/airflow/.local/lib/python3.7/site-packages/airflow/example_dags/example_sensors.py
[2025-02-01T02:54:56.207+0000] {processor.py:743} INFO - Processing file /home/airflow/.local/lib/python3.7/site-packages/airflow/example_dags/example_sensors.py for tasks to queue
[2025-02-01T02:54:56.209+0000] {logging_mixin.py:137} INFO - [2025-02-01T02:54:56.209+0000] {dagbag.py:538} INFO - Filling up the DagBag from /home/airflow/.local/lib/python3.7/site-packages/airflow/example_dags/example_sensors.py
[2025-02-01T02:54:56.259+0000] {processor.py:753} INFO - DAG(s) dict_keys(['example_sensors']) retrieved from /home/airflow/.local/lib/python3.7/site-packages/airflow/example_dags/example_sensors.py
[2025-02-01T02:54:56.327+0000] {logging_mixin.py:137} INFO - [2025-02-01T02:54:56.326+0000] {dag.py:2690} INFO - Sync 1 DAGs
[2025-02-01T02:54:56.389+0000] {logging_mixin.py:137} INFO - [2025-02-01T02:54:56.389+0000] {dag.py:3441} INFO - Setting next_dagrun for example_sensors to None, run_after=None
[2025-02-01T02:54:56.443+0000] {processor.py:175} INFO - Processing /home/airflow/.local/lib/python3.7/site-packages/airflow/example_dags/example_sensors.py took 0.247 seconds
[2025-02-01T02:55:26.874+0000] {processor.py:153} INFO - Started process (PID=1721) to work on /home/airflow/.local/lib/python3.7/site-packages/airflow/example_dags/example_sensors.py
[2025-02-01T02:55:26.876+0000] {processor.py:743} INFO - Processing file /home/airflow/.local/lib/python3.7/site-packages/airflow/example_dags/example_sensors.py for tasks to queue
[2025-02-01T02:55:26.878+0000] {logging_mixin.py:137} INFO - [2025-02-01T02:55:26.877+0000] {dagbag.py:538} INFO - Filling up the DagBag from /home/airflow/.local/lib/python3.7/site-packages/airflow/example_dags/example_sensors.py
[2025-02-01T02:55:26.931+0000] {processor.py:753} INFO - DAG(s) dict_keys(['example_sensors']) retrieved from /home/airflow/.local/lib/python3.7/site-packages/airflow/example_dags/example_sensors.py
[2025-02-01T02:55:27.027+0000] {logging_mixin.py:137} INFO - [2025-02-01T02:55:27.027+0000] {dag.py:2690} INFO - Sync 1 DAGs
[2025-02-01T02:55:27.091+0000] {logging_mixin.py:137} INFO - [2025-02-01T02:55:27.091+0000] {dag.py:3441} INFO - Setting next_dagrun for example_sensors to None, run_after=None
[2025-02-01T02:55:27.167+0000] {processor.py:175} INFO - Processing /home/airflow/.local/lib/python3.7/site-packages/airflow/example_dags/example_sensors.py took 0.308 seconds
[2025-02-01T02:55:57.879+0000] {processor.py:153} INFO - Started process (PID=1780) to work on /home/airflow/.local/lib/python3.7/site-packages/airflow/example_dags/example_sensors.py
[2025-02-01T02:55:57.883+0000] {processor.py:743} INFO - Processing file /home/airflow/.local/lib/python3.7/site-packages/airflow/example_dags/example_sensors.py for tasks to queue
[2025-02-01T02:55:57.885+0000] {logging_mixin.py:137} INFO - [2025-02-01T02:55:57.884+0000] {dagbag.py:538} INFO - Filling up the DagBag from /home/airflow/.local/lib/python3.7/site-packages/airflow/example_dags/example_sensors.py
[2025-02-01T02:55:58.030+0000] {processor.py:753} INFO - DAG(s) dict_keys(['example_sensors']) retrieved from /home/airflow/.local/lib/python3.7/site-packages/airflow/example_dags/example_sensors.py
[2025-02-01T02:55:58.236+0000] {logging_mixin.py:137} INFO - [2025-02-01T02:55:58.236+0000] {dag.py:2690} INFO - Sync 1 DAGs
[2025-02-01T02:55:58.446+0000] {logging_mixin.py:137} INFO - [2025-02-01T02:55:58.446+0000] {dag.py:3441} INFO - Setting next_dagrun for example_sensors to None, run_after=None
[2025-02-01T02:55:58.582+0000] {processor.py:175} INFO - Processing /home/airflow/.local/lib/python3.7/site-packages/airflow/example_dags/example_sensors.py took 0.720 seconds
[2025-02-01T02:56:28.923+0000] {processor.py:153} INFO - Started process (PID=1830) to work on /home/airflow/.local/lib/python3.7/site-packages/airflow/example_dags/example_sensors.py
[2025-02-01T02:56:28.927+0000] {processor.py:743} INFO - Processing file /home/airflow/.local/lib/python3.7/site-packages/airflow/example_dags/example_sensors.py for tasks to queue
[2025-02-01T02:56:28.930+0000] {logging_mixin.py:137} INFO - [2025-02-01T02:56:28.928+0000] {dagbag.py:538} INFO - Filling up the DagBag from /home/airflow/.local/lib/python3.7/site-packages/airflow/example_dags/example_sensors.py
[2025-02-01T02:56:28.979+0000] {processor.py:753} INFO - DAG(s) dict_keys(['example_sensors']) retrieved from /home/airflow/.local/lib/python3.7/site-packages/airflow/example_dags/example_sensors.py
[2025-02-01T02:56:29.061+0000] {logging_mixin.py:137} INFO - [2025-02-01T02:56:29.060+0000] {dag.py:2690} INFO - Sync 1 DAGs
[2025-02-01T02:56:29.138+0000] {logging_mixin.py:137} INFO - [2025-02-01T02:56:29.138+0000] {dag.py:3441} INFO - Setting next_dagrun for example_sensors to None, run_after=None
[2025-02-01T02:56:29.224+0000] {processor.py:175} INFO - Processing /home/airflow/.local/lib/python3.7/site-packages/airflow/example_dags/example_sensors.py took 0.317 seconds
[2025-02-01T02:56:59.458+0000] {processor.py:153} INFO - Started process (PID=1889) to work on /home/airflow/.local/lib/python3.7/site-packages/airflow/example_dags/example_sensors.py
[2025-02-01T02:56:59.462+0000] {processor.py:743} INFO - Processing file /home/airflow/.local/lib/python3.7/site-packages/airflow/example_dags/example_sensors.py for tasks to queue
[2025-02-01T02:56:59.464+0000] {logging_mixin.py:137} INFO - [2025-02-01T02:56:59.464+0000] {dagbag.py:538} INFO - Filling up the DagBag from /home/airflow/.local/lib/python3.7/site-packages/airflow/example_dags/example_sensors.py
[2025-02-01T02:56:59.571+0000] {processor.py:753} INFO - DAG(s) dict_keys(['example_sensors']) retrieved from /home/airflow/.local/lib/python3.7/site-packages/airflow/example_dags/example_sensors.py
[2025-02-01T02:56:59.643+0000] {logging_mixin.py:137} INFO - [2025-02-01T02:56:59.643+0000] {dag.py:2690} INFO - Sync 1 DAGs
[2025-02-01T02:56:59.706+0000] {logging_mixin.py:137} INFO - [2025-02-01T02:56:59.706+0000] {dag.py:3441} INFO - Setting next_dagrun for example_sensors to None, run_after=None
[2025-02-01T02:56:59.761+0000] {processor.py:175} INFO - Processing /home/airflow/.local/lib/python3.7/site-packages/airflow/example_dags/example_sensors.py took 0.317 seconds
[2025-02-01T02:57:30.622+0000] {processor.py:153} INFO - Started process (PID=1947) to work on /home/airflow/.local/lib/python3.7/site-packages/airflow/example_dags/example_sensors.py
[2025-02-01T02:57:30.629+0000] {processor.py:743} INFO - Processing file /home/airflow/.local/lib/python3.7/site-packages/airflow/example_dags/example_sensors.py for tasks to queue
[2025-02-01T02:57:30.636+0000] {logging_mixin.py:137} INFO - [2025-02-01T02:57:30.636+0000] {dagbag.py:538} INFO - Filling up the DagBag from /home/airflow/.local/lib/python3.7/site-packages/airflow/example_dags/example_sensors.py
[2025-02-01T02:57:30.842+0000] {processor.py:753} INFO - DAG(s) dict_keys(['example_sensors']) retrieved from /home/airflow/.local/lib/python3.7/site-packages/airflow/example_dags/example_sensors.py
[2025-02-01T02:57:31.171+0000] {logging_mixin.py:137} INFO - [2025-02-01T02:57:31.171+0000] {dag.py:2690} INFO - Sync 1 DAGs
[2025-02-01T02:57:31.464+0000] {logging_mixin.py:137} INFO - [2025-02-01T02:57:31.464+0000] {dag.py:3441} INFO - Setting next_dagrun for example_sensors to None, run_after=None
[2025-02-01T02:57:31.701+0000] {processor.py:175} INFO - Processing /home/airflow/.local/lib/python3.7/site-packages/airflow/example_dags/example_sensors.py took 1.152 seconds
[2025-02-01T02:58:02.112+0000] {processor.py:153} INFO - Started process (PID=2003) to work on /home/airflow/.local/lib/python3.7/site-packages/airflow/example_dags/example_sensors.py
[2025-02-01T02:58:02.115+0000] {processor.py:743} INFO - Processing file /home/airflow/.local/lib/python3.7/site-packages/airflow/example_dags/example_sensors.py for tasks to queue
[2025-02-01T02:58:02.119+0000] {logging_mixin.py:137} INFO - [2025-02-01T02:58:02.119+0000] {dagbag.py:538} INFO - Filling up the DagBag from /home/airflow/.local/lib/python3.7/site-packages/airflow/example_dags/example_sensors.py
[2025-02-01T02:58:02.312+0000] {processor.py:753} INFO - DAG(s) dict_keys(['example_sensors']) retrieved from /home/airflow/.local/lib/python3.7/site-packages/airflow/example_dags/example_sensors.py
[2025-02-01T02:58:02.554+0000] {logging_mixin.py:137} INFO - [2025-02-01T02:58:02.554+0000] {dag.py:2690} INFO - Sync 1 DAGs
[2025-02-01T02:58:02.850+0000] {logging_mixin.py:137} INFO - [2025-02-01T02:58:02.850+0000] {dag.py:3441} INFO - Setting next_dagrun for example_sensors to None, run_after=None
[2025-02-01T02:58:02.983+0000] {processor.py:175} INFO - Processing /home/airflow/.local/lib/python3.7/site-packages/airflow/example_dags/example_sensors.py took 0.893 seconds
[2025-02-01T02:58:33.266+0000] {processor.py:153} INFO - Started process (PID=2056) to work on /home/airflow/.local/lib/python3.7/site-packages/airflow/example_dags/example_sensors.py
[2025-02-01T02:58:33.268+0000] {processor.py:743} INFO - Processing file /home/airflow/.local/lib/python3.7/site-packages/airflow/example_dags/example_sensors.py for tasks to queue
[2025-02-01T02:58:33.270+0000] {logging_mixin.py:137} INFO - [2025-02-01T02:58:33.269+0000] {dagbag.py:538} INFO - Filling up the DagBag from /home/airflow/.local/lib/python3.7/site-packages/airflow/example_dags/example_sensors.py
[2025-02-01T02:58:33.318+0000] {processor.py:753} INFO - DAG(s) dict_keys(['example_sensors']) retrieved from /home/airflow/.local/lib/python3.7/site-packages/airflow/example_dags/example_sensors.py
[2025-02-01T02:58:33.386+0000] {logging_mixin.py:137} INFO - [2025-02-01T02:58:33.386+0000] {dag.py:2690} INFO - Sync 1 DAGs
[2025-02-01T02:58:33.452+0000] {logging_mixin.py:137} INFO - [2025-02-01T02:58:33.452+0000] {dag.py:3441} INFO - Setting next_dagrun for example_sensors to None, run_after=None
[2025-02-01T02:58:33.501+0000] {processor.py:175} INFO - Processing /home/airflow/.local/lib/python3.7/site-packages/airflow/example_dags/example_sensors.py took 0.244 seconds
[2025-02-01T02:59:04.453+0000] {processor.py:153} INFO - Started process (PID=2114) to work on /home/airflow/.local/lib/python3.7/site-packages/airflow/example_dags/example_sensors.py
[2025-02-01T02:59:04.455+0000] {processor.py:743} INFO - Processing file /home/airflow/.local/lib/python3.7/site-packages/airflow/example_dags/example_sensors.py for tasks to queue
[2025-02-01T02:59:04.458+0000] {logging_mixin.py:137} INFO - [2025-02-01T02:59:04.457+0000] {dagbag.py:538} INFO - Filling up the DagBag from /home/airflow/.local/lib/python3.7/site-packages/airflow/example_dags/example_sensors.py
[2025-02-01T02:59:04.512+0000] {processor.py:753} INFO - DAG(s) dict_keys(['example_sensors']) retrieved from /home/airflow/.local/lib/python3.7/site-packages/airflow/example_dags/example_sensors.py
[2025-02-01T02:59:04.577+0000] {logging_mixin.py:137} INFO - [2025-02-01T02:59:04.577+0000] {dag.py:2690} INFO - Sync 1 DAGs
[2025-02-01T02:59:04.658+0000] {logging_mixin.py:137} INFO - [2025-02-01T02:59:04.657+0000] {dag.py:3441} INFO - Setting next_dagrun for example_sensors to None, run_after=None
[2025-02-01T02:59:04.709+0000] {processor.py:175} INFO - Processing /home/airflow/.local/lib/python3.7/site-packages/airflow/example_dags/example_sensors.py took 0.279 seconds
[2025-02-01T02:59:35.346+0000] {processor.py:153} INFO - Started process (PID=2163) to work on /home/airflow/.local/lib/python3.7/site-packages/airflow/example_dags/example_sensors.py
[2025-02-01T02:59:35.348+0000] {processor.py:743} INFO - Processing file /home/airflow/.local/lib/python3.7/site-packages/airflow/example_dags/example_sensors.py for tasks to queue
[2025-02-01T02:59:35.349+0000] {logging_mixin.py:137} INFO - [2025-02-01T02:59:35.349+0000] {dagbag.py:538} INFO - Filling up the DagBag from /home/airflow/.local/lib/python3.7/site-packages/airflow/example_dags/example_sensors.py
[2025-02-01T02:59:35.397+0000] {processor.py:753} INFO - DAG(s) dict_keys(['example_sensors']) retrieved from /home/airflow/.local/lib/python3.7/site-packages/airflow/example_dags/example_sensors.py
[2025-02-01T02:59:35.461+0000] {logging_mixin.py:137} INFO - [2025-02-01T02:59:35.461+0000] {dag.py:2690} INFO - Sync 1 DAGs
[2025-02-01T02:59:35.541+0000] {logging_mixin.py:137} INFO - [2025-02-01T02:59:35.541+0000] {dag.py:3441} INFO - Setting next_dagrun for example_sensors to None, run_after=None
[2025-02-01T02:59:35.610+0000] {processor.py:175} INFO - Processing /home/airflow/.local/lib/python3.7/site-packages/airflow/example_dags/example_sensors.py took 0.278 seconds
[2025-02-01T03:00:05.804+0000] {processor.py:153} INFO - Started process (PID=2222) to work on /home/airflow/.local/lib/python3.7/site-packages/airflow/example_dags/example_sensors.py
[2025-02-01T03:00:05.809+0000] {processor.py:743} INFO - Processing file /home/airflow/.local/lib/python3.7/site-packages/airflow/example_dags/example_sensors.py for tasks to queue
[2025-02-01T03:00:05.811+0000] {logging_mixin.py:137} INFO - [2025-02-01T03:00:05.811+0000] {dagbag.py:538} INFO - Filling up the DagBag from /home/airflow/.local/lib/python3.7/site-packages/airflow/example_dags/example_sensors.py
[2025-02-01T03:00:05.920+0000] {processor.py:753} INFO - DAG(s) dict_keys(['example_sensors']) retrieved from /home/airflow/.local/lib/python3.7/site-packages/airflow/example_dags/example_sensors.py
[2025-02-01T03:00:06.084+0000] {logging_mixin.py:137} INFO - [2025-02-01T03:00:06.079+0000] {dag.py:2690} INFO - Sync 1 DAGs
[2025-02-01T03:00:06.353+0000] {logging_mixin.py:137} INFO - [2025-02-01T03:00:06.353+0000] {dag.py:3441} INFO - Setting next_dagrun for example_sensors to None, run_after=None
[2025-02-01T03:00:06.490+0000] {processor.py:175} INFO - Processing /home/airflow/.local/lib/python3.7/site-packages/airflow/example_dags/example_sensors.py took 0.710 seconds
[2025-02-01T03:00:36.589+0000] {processor.py:153} INFO - Started process (PID=2280) to work on /home/airflow/.local/lib/python3.7/site-packages/airflow/example_dags/example_sensors.py
[2025-02-01T03:00:36.593+0000] {processor.py:743} INFO - Processing file /home/airflow/.local/lib/python3.7/site-packages/airflow/example_dags/example_sensors.py for tasks to queue
[2025-02-01T03:00:36.596+0000] {logging_mixin.py:137} INFO - [2025-02-01T03:00:36.596+0000] {dagbag.py:538} INFO - Filling up the DagBag from /home/airflow/.local/lib/python3.7/site-packages/airflow/example_dags/example_sensors.py
[2025-02-01T03:00:36.677+0000] {processor.py:753} INFO - DAG(s) dict_keys(['example_sensors']) retrieved from /home/airflow/.local/lib/python3.7/site-packages/airflow/example_dags/example_sensors.py
[2025-02-01T03:00:36.763+0000] {logging_mixin.py:137} INFO - [2025-02-01T03:00:36.763+0000] {dag.py:2690} INFO - Sync 1 DAGs
[2025-02-01T03:00:36.850+0000] {logging_mixin.py:137} INFO - [2025-02-01T03:00:36.850+0000] {dag.py:3441} INFO - Setting next_dagrun for example_sensors to None, run_after=None
[2025-02-01T03:00:36.909+0000] {processor.py:175} INFO - Processing /home/airflow/.local/lib/python3.7/site-packages/airflow/example_dags/example_sensors.py took 0.338 seconds
[2025-02-01T03:01:07.212+0000] {processor.py:153} INFO - Started process (PID=2338) to work on /home/airflow/.local/lib/python3.7/site-packages/airflow/example_dags/example_sensors.py
[2025-02-01T03:01:07.215+0000] {processor.py:743} INFO - Processing file /home/airflow/.local/lib/python3.7/site-packages/airflow/example_dags/example_sensors.py for tasks to queue
[2025-02-01T03:01:07.218+0000] {logging_mixin.py:137} INFO - [2025-02-01T03:01:07.217+0000] {dagbag.py:538} INFO - Filling up the DagBag from /home/airflow/.local/lib/python3.7/site-packages/airflow/example_dags/example_sensors.py
[2025-02-01T03:01:07.269+0000] {processor.py:753} INFO - DAG(s) dict_keys(['example_sensors']) retrieved from /home/airflow/.local/lib/python3.7/site-packages/airflow/example_dags/example_sensors.py
[2025-02-01T03:01:07.345+0000] {logging_mixin.py:137} INFO - [2025-02-01T03:01:07.345+0000] {dag.py:2690} INFO - Sync 1 DAGs
[2025-02-01T03:01:07.410+0000] {logging_mixin.py:137} INFO - [2025-02-01T03:01:07.409+0000] {dag.py:3441} INFO - Setting next_dagrun for example_sensors to None, run_after=None
[2025-02-01T03:01:07.482+0000] {processor.py:175} INFO - Processing /home/airflow/.local/lib/python3.7/site-packages/airflow/example_dags/example_sensors.py took 0.283 seconds
[2025-02-01T03:01:37.968+0000] {processor.py:153} INFO - Started process (PID=2388) to work on /home/airflow/.local/lib/python3.7/site-packages/airflow/example_dags/example_sensors.py
[2025-02-01T03:01:37.970+0000] {processor.py:743} INFO - Processing file /home/airflow/.local/lib/python3.7/site-packages/airflow/example_dags/example_sensors.py for tasks to queue
[2025-02-01T03:01:37.971+0000] {logging_mixin.py:137} INFO - [2025-02-01T03:01:37.971+0000] {dagbag.py:538} INFO - Filling up the DagBag from /home/airflow/.local/lib/python3.7/site-packages/airflow/example_dags/example_sensors.py
[2025-02-01T03:01:38.020+0000] {processor.py:753} INFO - DAG(s) dict_keys(['example_sensors']) retrieved from /home/airflow/.local/lib/python3.7/site-packages/airflow/example_dags/example_sensors.py
[2025-02-01T03:01:38.085+0000] {logging_mixin.py:137} INFO - [2025-02-01T03:01:38.084+0000] {dag.py:2690} INFO - Sync 1 DAGs
[2025-02-01T03:01:38.148+0000] {logging_mixin.py:137} INFO - [2025-02-01T03:01:38.148+0000] {dag.py:3441} INFO - Setting next_dagrun for example_sensors to None, run_after=None
[2025-02-01T03:01:38.215+0000] {processor.py:175} INFO - Processing /home/airflow/.local/lib/python3.7/site-packages/airflow/example_dags/example_sensors.py took 0.255 seconds
[2025-02-01T03:02:08.263+0000] {processor.py:153} INFO - Started process (PID=2446) to work on /home/airflow/.local/lib/python3.7/site-packages/airflow/example_dags/example_sensors.py
[2025-02-01T03:02:08.265+0000] {processor.py:743} INFO - Processing file /home/airflow/.local/lib/python3.7/site-packages/airflow/example_dags/example_sensors.py for tasks to queue
[2025-02-01T03:02:08.267+0000] {logging_mixin.py:137} INFO - [2025-02-01T03:02:08.266+0000] {dagbag.py:538} INFO - Filling up the DagBag from /home/airflow/.local/lib/python3.7/site-packages/airflow/example_dags/example_sensors.py
[2025-02-01T03:02:08.314+0000] {processor.py:753} INFO - DAG(s) dict_keys(['example_sensors']) retrieved from /home/airflow/.local/lib/python3.7/site-packages/airflow/example_dags/example_sensors.py
[2025-02-01T03:02:08.379+0000] {logging_mixin.py:137} INFO - [2025-02-01T03:02:08.379+0000] {dag.py:2690} INFO - Sync 1 DAGs
[2025-02-01T03:02:08.472+0000] {logging_mixin.py:137} INFO - [2025-02-01T03:02:08.472+0000] {dag.py:3441} INFO - Setting next_dagrun for example_sensors to None, run_after=None
[2025-02-01T03:02:08.570+0000] {processor.py:175} INFO - Processing /home/airflow/.local/lib/python3.7/site-packages/airflow/example_dags/example_sensors.py took 0.314 seconds
[2025-02-01T03:02:39.120+0000] {processor.py:153} INFO - Started process (PID=2505) to work on /home/airflow/.local/lib/python3.7/site-packages/airflow/example_dags/example_sensors.py
[2025-02-01T03:02:39.123+0000] {processor.py:743} INFO - Processing file /home/airflow/.local/lib/python3.7/site-packages/airflow/example_dags/example_sensors.py for tasks to queue
[2025-02-01T03:02:39.127+0000] {logging_mixin.py:137} INFO - [2025-02-01T03:02:39.124+0000] {dagbag.py:538} INFO - Filling up the DagBag from /home/airflow/.local/lib/python3.7/site-packages/airflow/example_dags/example_sensors.py
[2025-02-01T03:02:39.235+0000] {processor.py:753} INFO - DAG(s) dict_keys(['example_sensors']) retrieved from /home/airflow/.local/lib/python3.7/site-packages/airflow/example_dags/example_sensors.py
[2025-02-01T03:02:39.317+0000] {logging_mixin.py:137} INFO - [2025-02-01T03:02:39.317+0000] {dag.py:2690} INFO - Sync 1 DAGs
[2025-02-01T03:02:39.411+0000] {logging_mixin.py:137} INFO - [2025-02-01T03:02:39.411+0000] {dag.py:3441} INFO - Setting next_dagrun for example_sensors to None, run_after=None
[2025-02-01T03:02:39.488+0000] {processor.py:175} INFO - Processing /home/airflow/.local/lib/python3.7/site-packages/airflow/example_dags/example_sensors.py took 0.386 seconds
[2025-02-01T03:03:10.889+0000] {processor.py:153} INFO - Started process (PID=2564) to work on /home/airflow/.local/lib/python3.7/site-packages/airflow/example_dags/example_sensors.py
[2025-02-01T03:03:10.894+0000] {processor.py:743} INFO - Processing file /home/airflow/.local/lib/python3.7/site-packages/airflow/example_dags/example_sensors.py for tasks to queue
[2025-02-01T03:03:10.898+0000] {logging_mixin.py:137} INFO - [2025-02-01T03:03:10.897+0000] {dagbag.py:538} INFO - Filling up the DagBag from /home/airflow/.local/lib/python3.7/site-packages/airflow/example_dags/example_sensors.py
[2025-02-01T03:03:11.048+0000] {processor.py:753} INFO - DAG(s) dict_keys(['example_sensors']) retrieved from /home/airflow/.local/lib/python3.7/site-packages/airflow/example_dags/example_sensors.py
[2025-02-01T03:03:11.187+0000] {logging_mixin.py:137} INFO - [2025-02-01T03:03:11.185+0000] {dag.py:2690} INFO - Sync 1 DAGs
[2025-02-01T03:03:11.404+0000] {logging_mixin.py:137} INFO - [2025-02-01T03:03:11.404+0000] {dag.py:3441} INFO - Setting next_dagrun for example_sensors to None, run_after=None
[2025-02-01T03:03:11.607+0000] {processor.py:175} INFO - Processing /home/airflow/.local/lib/python3.7/site-packages/airflow/example_dags/example_sensors.py took 0.749 seconds
[2025-02-01T03:03:42.425+0000] {processor.py:153} INFO - Started process (PID=2613) to work on /home/airflow/.local/lib/python3.7/site-packages/airflow/example_dags/example_sensors.py
[2025-02-01T03:03:42.427+0000] {processor.py:743} INFO - Processing file /home/airflow/.local/lib/python3.7/site-packages/airflow/example_dags/example_sensors.py for tasks to queue
[2025-02-01T03:03:42.428+0000] {logging_mixin.py:137} INFO - [2025-02-01T03:03:42.428+0000] {dagbag.py:538} INFO - Filling up the DagBag from /home/airflow/.local/lib/python3.7/site-packages/airflow/example_dags/example_sensors.py
[2025-02-01T03:03:42.477+0000] {processor.py:753} INFO - DAG(s) dict_keys(['example_sensors']) retrieved from /home/airflow/.local/lib/python3.7/site-packages/airflow/example_dags/example_sensors.py
[2025-02-01T03:03:42.552+0000] {logging_mixin.py:137} INFO - [2025-02-01T03:03:42.552+0000] {dag.py:2690} INFO - Sync 1 DAGs
[2025-02-01T03:03:42.639+0000] {logging_mixin.py:137} INFO - [2025-02-01T03:03:42.639+0000] {dag.py:3441} INFO - Setting next_dagrun for example_sensors to None, run_after=None
[2025-02-01T03:03:42.689+0000] {processor.py:175} INFO - Processing /home/airflow/.local/lib/python3.7/site-packages/airflow/example_dags/example_sensors.py took 0.271 seconds
[2025-02-01T03:04:13.746+0000] {processor.py:153} INFO - Started process (PID=2671) to work on /home/airflow/.local/lib/python3.7/site-packages/airflow/example_dags/example_sensors.py
[2025-02-01T03:04:13.748+0000] {processor.py:743} INFO - Processing file /home/airflow/.local/lib/python3.7/site-packages/airflow/example_dags/example_sensors.py for tasks to queue
[2025-02-01T03:04:13.752+0000] {logging_mixin.py:137} INFO - [2025-02-01T03:04:13.749+0000] {dagbag.py:538} INFO - Filling up the DagBag from /home/airflow/.local/lib/python3.7/site-packages/airflow/example_dags/example_sensors.py
[2025-02-01T03:04:13.883+0000] {processor.py:753} INFO - DAG(s) dict_keys(['example_sensors']) retrieved from /home/airflow/.local/lib/python3.7/site-packages/airflow/example_dags/example_sensors.py
[2025-02-01T03:04:14.100+0000] {logging_mixin.py:137} INFO - [2025-02-01T03:04:14.100+0000] {dag.py:2690} INFO - Sync 1 DAGs
[2025-02-01T03:04:14.286+0000] {logging_mixin.py:137} INFO - [2025-02-01T03:04:14.286+0000] {dag.py:3441} INFO - Setting next_dagrun for example_sensors to None, run_after=None
[2025-02-01T03:04:14.406+0000] {processor.py:175} INFO - Processing /home/airflow/.local/lib/python3.7/site-packages/airflow/example_dags/example_sensors.py took 0.677 seconds
[2025-02-01T03:04:45.540+0000] {processor.py:153} INFO - Started process (PID=2720) to work on /home/airflow/.local/lib/python3.7/site-packages/airflow/example_dags/example_sensors.py
[2025-02-01T03:04:45.546+0000] {processor.py:743} INFO - Processing file /home/airflow/.local/lib/python3.7/site-packages/airflow/example_dags/example_sensors.py for tasks to queue
[2025-02-01T03:04:45.550+0000] {logging_mixin.py:137} INFO - [2025-02-01T03:04:45.547+0000] {dagbag.py:538} INFO - Filling up the DagBag from /home/airflow/.local/lib/python3.7/site-packages/airflow/example_dags/example_sensors.py
[2025-02-01T03:04:45.701+0000] {processor.py:753} INFO - DAG(s) dict_keys(['example_sensors']) retrieved from /home/airflow/.local/lib/python3.7/site-packages/airflow/example_dags/example_sensors.py
[2025-02-01T03:04:45.809+0000] {logging_mixin.py:137} INFO - [2025-02-01T03:04:45.808+0000] {dag.py:2690} INFO - Sync 1 DAGs
[2025-02-01T03:04:45.919+0000] {logging_mixin.py:137} INFO - [2025-02-01T03:04:45.919+0000] {dag.py:3441} INFO - Setting next_dagrun for example_sensors to None, run_after=None
[2025-02-01T03:04:45.991+0000] {processor.py:175} INFO - Processing /home/airflow/.local/lib/python3.7/site-packages/airflow/example_dags/example_sensors.py took 0.471 seconds
[2025-02-01T03:05:16.056+0000] {processor.py:153} INFO - Started process (PID=2779) to work on /home/airflow/.local/lib/python3.7/site-packages/airflow/example_dags/example_sensors.py
[2025-02-01T03:05:16.058+0000] {processor.py:743} INFO - Processing file /home/airflow/.local/lib/python3.7/site-packages/airflow/example_dags/example_sensors.py for tasks to queue
[2025-02-01T03:05:16.059+0000] {logging_mixin.py:137} INFO - [2025-02-01T03:05:16.059+0000] {dagbag.py:538} INFO - Filling up the DagBag from /home/airflow/.local/lib/python3.7/site-packages/airflow/example_dags/example_sensors.py
[2025-02-01T03:05:16.112+0000] {processor.py:753} INFO - DAG(s) dict_keys(['example_sensors']) retrieved from /home/airflow/.local/lib/python3.7/site-packages/airflow/example_dags/example_sensors.py
[2025-02-01T03:05:16.177+0000] {logging_mixin.py:137} INFO - [2025-02-01T03:05:16.177+0000] {dag.py:2690} INFO - Sync 1 DAGs
[2025-02-01T03:05:16.239+0000] {logging_mixin.py:137} INFO - [2025-02-01T03:05:16.239+0000] {dag.py:3441} INFO - Setting next_dagrun for example_sensors to None, run_after=None
[2025-02-01T03:05:16.323+0000] {processor.py:175} INFO - Processing /home/airflow/.local/lib/python3.7/site-packages/airflow/example_dags/example_sensors.py took 0.274 seconds
[2025-02-01T03:05:47.006+0000] {processor.py:153} INFO - Started process (PID=2838) to work on /home/airflow/.local/lib/python3.7/site-packages/airflow/example_dags/example_sensors.py
[2025-02-01T03:05:47.008+0000] {processor.py:743} INFO - Processing file /home/airflow/.local/lib/python3.7/site-packages/airflow/example_dags/example_sensors.py for tasks to queue
[2025-02-01T03:05:47.009+0000] {logging_mixin.py:137} INFO - [2025-02-01T03:05:47.009+0000] {dagbag.py:538} INFO - Filling up the DagBag from /home/airflow/.local/lib/python3.7/site-packages/airflow/example_dags/example_sensors.py
[2025-02-01T03:05:47.057+0000] {processor.py:753} INFO - DAG(s) dict_keys(['example_sensors']) retrieved from /home/airflow/.local/lib/python3.7/site-packages/airflow/example_dags/example_sensors.py
[2025-02-01T03:05:47.122+0000] {logging_mixin.py:137} INFO - [2025-02-01T03:05:47.121+0000] {dag.py:2690} INFO - Sync 1 DAGs
[2025-02-01T03:05:47.187+0000] {logging_mixin.py:137} INFO - [2025-02-01T03:05:47.187+0000] {dag.py:3441} INFO - Setting next_dagrun for example_sensors to None, run_after=None
[2025-02-01T03:05:47.239+0000] {processor.py:175} INFO - Processing /home/airflow/.local/lib/python3.7/site-packages/airflow/example_dags/example_sensors.py took 0.240 seconds
[2025-02-01T03:06:18.088+0000] {processor.py:153} INFO - Started process (PID=2897) to work on /home/airflow/.local/lib/python3.7/site-packages/airflow/example_dags/example_sensors.py
[2025-02-01T03:06:18.092+0000] {processor.py:743} INFO - Processing file /home/airflow/.local/lib/python3.7/site-packages/airflow/example_dags/example_sensors.py for tasks to queue
[2025-02-01T03:06:18.093+0000] {logging_mixin.py:137} INFO - [2025-02-01T03:06:18.093+0000] {dagbag.py:538} INFO - Filling up the DagBag from /home/airflow/.local/lib/python3.7/site-packages/airflow/example_dags/example_sensors.py
[2025-02-01T03:06:18.190+0000] {processor.py:753} INFO - DAG(s) dict_keys(['example_sensors']) retrieved from /home/airflow/.local/lib/python3.7/site-packages/airflow/example_dags/example_sensors.py
[2025-02-01T03:06:18.321+0000] {logging_mixin.py:137} INFO - [2025-02-01T03:06:18.321+0000] {dag.py:2690} INFO - Sync 1 DAGs
[2025-02-01T03:06:18.417+0000] {logging_mixin.py:137} INFO - [2025-02-01T03:06:18.417+0000] {dag.py:3441} INFO - Setting next_dagrun for example_sensors to None, run_after=None
[2025-02-01T03:06:18.486+0000] {processor.py:175} INFO - Processing /home/airflow/.local/lib/python3.7/site-packages/airflow/example_dags/example_sensors.py took 0.415 seconds
[2025-02-01T03:06:48.661+0000] {processor.py:153} INFO - Started process (PID=2952) to work on /home/airflow/.local/lib/python3.7/site-packages/airflow/example_dags/example_sensors.py
[2025-02-01T03:06:48.664+0000] {processor.py:743} INFO - Processing file /home/airflow/.local/lib/python3.7/site-packages/airflow/example_dags/example_sensors.py for tasks to queue
[2025-02-01T03:06:48.668+0000] {logging_mixin.py:137} INFO - [2025-02-01T03:06:48.668+0000] {dagbag.py:538} INFO - Filling up the DagBag from /home/airflow/.local/lib/python3.7/site-packages/airflow/example_dags/example_sensors.py
[2025-02-01T03:06:48.767+0000] {processor.py:753} INFO - DAG(s) dict_keys(['example_sensors']) retrieved from /home/airflow/.local/lib/python3.7/site-packages/airflow/example_dags/example_sensors.py
[2025-02-01T03:06:48.860+0000] {logging_mixin.py:137} INFO - [2025-02-01T03:06:48.860+0000] {dag.py:2690} INFO - Sync 1 DAGs
[2025-02-01T03:06:48.992+0000] {logging_mixin.py:137} INFO - [2025-02-01T03:06:48.992+0000] {dag.py:3441} INFO - Setting next_dagrun for example_sensors to None, run_after=None
[2025-02-01T03:06:49.079+0000] {processor.py:175} INFO - Processing /home/airflow/.local/lib/python3.7/site-packages/airflow/example_dags/example_sensors.py took 0.434 seconds
[2025-02-01T03:07:19.792+0000] {processor.py:153} INFO - Started process (PID=3005) to work on /home/airflow/.local/lib/python3.7/site-packages/airflow/example_dags/example_sensors.py
[2025-02-01T03:07:19.794+0000] {processor.py:743} INFO - Processing file /home/airflow/.local/lib/python3.7/site-packages/airflow/example_dags/example_sensors.py for tasks to queue
[2025-02-01T03:07:19.795+0000] {logging_mixin.py:137} INFO - [2025-02-01T03:07:19.795+0000] {dagbag.py:538} INFO - Filling up the DagBag from /home/airflow/.local/lib/python3.7/site-packages/airflow/example_dags/example_sensors.py
[2025-02-01T03:07:19.844+0000] {processor.py:753} INFO - DAG(s) dict_keys(['example_sensors']) retrieved from /home/airflow/.local/lib/python3.7/site-packages/airflow/example_dags/example_sensors.py
[2025-02-01T03:07:19.910+0000] {logging_mixin.py:137} INFO - [2025-02-01T03:07:19.910+0000] {dag.py:2690} INFO - Sync 1 DAGs
[2025-02-01T03:07:19.974+0000] {logging_mixin.py:137} INFO - [2025-02-01T03:07:19.973+0000] {dag.py:3441} INFO - Setting next_dagrun for example_sensors to None, run_after=None
[2025-02-01T03:07:20.019+0000] {processor.py:175} INFO - Processing /home/airflow/.local/lib/python3.7/site-packages/airflow/example_dags/example_sensors.py took 0.233 seconds
[2025-02-01T03:07:51.135+0000] {processor.py:153} INFO - Started process (PID=3063) to work on /home/airflow/.local/lib/python3.7/site-packages/airflow/example_dags/example_sensors.py
[2025-02-01T03:07:51.141+0000] {processor.py:743} INFO - Processing file /home/airflow/.local/lib/python3.7/site-packages/airflow/example_dags/example_sensors.py for tasks to queue
[2025-02-01T03:07:51.145+0000] {logging_mixin.py:137} INFO - [2025-02-01T03:07:51.145+0000] {dagbag.py:538} INFO - Filling up the DagBag from /home/airflow/.local/lib/python3.7/site-packages/airflow/example_dags/example_sensors.py
[2025-02-01T03:07:51.324+0000] {processor.py:753} INFO - DAG(s) dict_keys(['example_sensors']) retrieved from /home/airflow/.local/lib/python3.7/site-packages/airflow/example_dags/example_sensors.py
[2025-02-01T03:07:51.410+0000] {logging_mixin.py:137} INFO - [2025-02-01T03:07:51.409+0000] {dag.py:2690} INFO - Sync 1 DAGs
[2025-02-01T03:07:51.554+0000] {logging_mixin.py:137} INFO - [2025-02-01T03:07:51.553+0000] {dag.py:3441} INFO - Setting next_dagrun for example_sensors to None, run_after=None
[2025-02-01T03:07:51.692+0000] {processor.py:175} INFO - Processing /home/airflow/.local/lib/python3.7/site-packages/airflow/example_dags/example_sensors.py took 0.576 seconds
[2025-02-01T03:08:22.570+0000] {processor.py:153} INFO - Started process (PID=3112) to work on /home/airflow/.local/lib/python3.7/site-packages/airflow/example_dags/example_sensors.py
[2025-02-01T03:08:22.579+0000] {processor.py:743} INFO - Processing file /home/airflow/.local/lib/python3.7/site-packages/airflow/example_dags/example_sensors.py for tasks to queue
[2025-02-01T03:08:22.585+0000] {logging_mixin.py:137} INFO - [2025-02-01T03:08:22.582+0000] {dagbag.py:538} INFO - Filling up the DagBag from /home/airflow/.local/lib/python3.7/site-packages/airflow/example_dags/example_sensors.py
[2025-02-01T03:08:22.776+0000] {processor.py:753} INFO - DAG(s) dict_keys(['example_sensors']) retrieved from /home/airflow/.local/lib/python3.7/site-packages/airflow/example_dags/example_sensors.py
[2025-02-01T03:08:23.019+0000] {logging_mixin.py:137} INFO - [2025-02-01T03:08:23.014+0000] {dag.py:2690} INFO - Sync 1 DAGs
[2025-02-01T03:08:23.190+0000] {logging_mixin.py:137} INFO - [2025-02-01T03:08:23.190+0000] {dag.py:3441} INFO - Setting next_dagrun for example_sensors to None, run_after=None
[2025-02-01T03:08:23.284+0000] {processor.py:175} INFO - Processing /home/airflow/.local/lib/python3.7/site-packages/airflow/example_dags/example_sensors.py took 0.746 seconds
[2025-02-01T03:08:53.821+0000] {processor.py:153} INFO - Started process (PID=3170) to work on /home/airflow/.local/lib/python3.7/site-packages/airflow/example_dags/example_sensors.py
[2025-02-01T03:08:53.828+0000] {processor.py:743} INFO - Processing file /home/airflow/.local/lib/python3.7/site-packages/airflow/example_dags/example_sensors.py for tasks to queue
[2025-02-01T03:08:53.834+0000] {logging_mixin.py:137} INFO - [2025-02-01T03:08:53.834+0000] {dagbag.py:538} INFO - Filling up the DagBag from /home/airflow/.local/lib/python3.7/site-packages/airflow/example_dags/example_sensors.py
[2025-02-01T03:08:54.032+0000] {processor.py:753} INFO - DAG(s) dict_keys(['example_sensors']) retrieved from /home/airflow/.local/lib/python3.7/site-packages/airflow/example_dags/example_sensors.py
[2025-02-01T03:08:54.182+0000] {logging_mixin.py:137} INFO - [2025-02-01T03:08:54.181+0000] {dag.py:2690} INFO - Sync 1 DAGs
[2025-02-01T03:08:54.318+0000] {logging_mixin.py:137} INFO - [2025-02-01T03:08:54.318+0000] {dag.py:3441} INFO - Setting next_dagrun for example_sensors to None, run_after=None
[2025-02-01T03:08:54.409+0000] {processor.py:175} INFO - Processing /home/airflow/.local/lib/python3.7/site-packages/airflow/example_dags/example_sensors.py took 0.629 seconds
[2025-02-01T03:09:24.645+0000] {processor.py:153} INFO - Started process (PID=3229) to work on /home/airflow/.local/lib/python3.7/site-packages/airflow/example_dags/example_sensors.py
[2025-02-01T03:09:24.647+0000] {processor.py:743} INFO - Processing file /home/airflow/.local/lib/python3.7/site-packages/airflow/example_dags/example_sensors.py for tasks to queue
[2025-02-01T03:09:24.648+0000] {logging_mixin.py:137} INFO - [2025-02-01T03:09:24.648+0000] {dagbag.py:538} INFO - Filling up the DagBag from /home/airflow/.local/lib/python3.7/site-packages/airflow/example_dags/example_sensors.py
[2025-02-01T03:09:24.695+0000] {processor.py:753} INFO - DAG(s) dict_keys(['example_sensors']) retrieved from /home/airflow/.local/lib/python3.7/site-packages/airflow/example_dags/example_sensors.py
[2025-02-01T03:09:24.762+0000] {logging_mixin.py:137} INFO - [2025-02-01T03:09:24.762+0000] {dag.py:2690} INFO - Sync 1 DAGs
[2025-02-01T03:09:24.826+0000] {logging_mixin.py:137} INFO - [2025-02-01T03:09:24.826+0000] {dag.py:3441} INFO - Setting next_dagrun for example_sensors to None, run_after=None
[2025-02-01T03:09:24.876+0000] {processor.py:175} INFO - Processing /home/airflow/.local/lib/python3.7/site-packages/airflow/example_dags/example_sensors.py took 0.238 seconds
