[2025-02-01T02:40:18.522+0000] {processor.py:153} INFO - Started process (PID=68) to work on /home/airflow/.local/lib/python3.7/site-packages/airflow/example_dags/example_external_task_marker_dag.py
[2025-02-01T02:40:18.523+0000] {processor.py:743} INFO - Processing file /home/airflow/.local/lib/python3.7/site-packages/airflow/example_dags/example_external_task_marker_dag.py for tasks to queue
[2025-02-01T02:40:18.534+0000] {logging_mixin.py:137} INFO - [2025-02-01T02:40:18.531+0000] {dagbag.py:538} INFO - Filling up the DagBag from /home/airflow/.local/lib/python3.7/site-packages/airflow/example_dags/example_external_task_marker_dag.py
[2025-02-01T02:40:18.709+0000] {processor.py:753} INFO - DAG(s) dict_keys(['example_external_task_marker_child', 'example_external_task_marker_parent']) retrieved from /home/airflow/.local/lib/python3.7/site-packages/airflow/example_dags/example_external_task_marker_dag.py
[2025-02-01T02:40:19.551+0000] {logging_mixin.py:137} INFO - [2025-02-01T02:40:19.550+0000] {dag.py:2690} INFO - Sync 2 DAGs
[2025-02-01T02:40:19.802+0000] {logging_mixin.py:137} INFO - [2025-02-01T02:40:19.802+0000] {dag.py:3441} INFO - Setting next_dagrun for example_external_task_marker_child to None, run_after=None
[2025-02-01T02:40:19.824+0000] {logging_mixin.py:137} INFO - [2025-02-01T02:40:19.824+0000] {dag.py:3441} INFO - Setting next_dagrun for example_external_task_marker_parent to None, run_after=None
[2025-02-01T02:40:19.973+0000] {processor.py:175} INFO - Processing /home/airflow/.local/lib/python3.7/site-packages/airflow/example_dags/example_external_task_marker_dag.py took 1.483 seconds
[2025-02-01T02:40:50.135+0000] {processor.py:153} INFO - Started process (PID=127) to work on /home/airflow/.local/lib/python3.7/site-packages/airflow/example_dags/example_external_task_marker_dag.py
[2025-02-01T02:40:50.137+0000] {processor.py:743} INFO - Processing file /home/airflow/.local/lib/python3.7/site-packages/airflow/example_dags/example_external_task_marker_dag.py for tasks to queue
[2025-02-01T02:40:50.140+0000] {logging_mixin.py:137} INFO - [2025-02-01T02:40:50.140+0000] {dagbag.py:538} INFO - Filling up the DagBag from /home/airflow/.local/lib/python3.7/site-packages/airflow/example_dags/example_external_task_marker_dag.py
[2025-02-01T02:40:50.206+0000] {processor.py:753} INFO - DAG(s) dict_keys(['example_external_task_marker_child', 'example_external_task_marker_parent']) retrieved from /home/airflow/.local/lib/python3.7/site-packages/airflow/example_dags/example_external_task_marker_dag.py
[2025-02-01T02:40:50.366+0000] {logging_mixin.py:137} INFO - [2025-02-01T02:40:50.366+0000] {dag.py:2690} INFO - Sync 2 DAGs
[2025-02-01T02:40:50.534+0000] {logging_mixin.py:137} INFO - [2025-02-01T02:40:50.533+0000] {dag.py:3441} INFO - Setting next_dagrun for example_external_task_marker_child to None, run_after=None
[2025-02-01T02:40:50.551+0000] {logging_mixin.py:137} INFO - [2025-02-01T02:40:50.551+0000] {dag.py:3441} INFO - Setting next_dagrun for example_external_task_marker_parent to None, run_after=None
[2025-02-01T02:40:50.665+0000] {processor.py:175} INFO - Processing /home/airflow/.local/lib/python3.7/site-packages/airflow/example_dags/example_external_task_marker_dag.py took 0.546 seconds
[2025-02-01T02:41:21.511+0000] {processor.py:153} INFO - Started process (PID=181) to work on /home/airflow/.local/lib/python3.7/site-packages/airflow/example_dags/example_external_task_marker_dag.py
[2025-02-01T02:41:21.515+0000] {processor.py:743} INFO - Processing file /home/airflow/.local/lib/python3.7/site-packages/airflow/example_dags/example_external_task_marker_dag.py for tasks to queue
[2025-02-01T02:41:21.520+0000] {logging_mixin.py:137} INFO - [2025-02-01T02:41:21.520+0000] {dagbag.py:538} INFO - Filling up the DagBag from /home/airflow/.local/lib/python3.7/site-packages/airflow/example_dags/example_external_task_marker_dag.py
[2025-02-01T02:41:21.646+0000] {processor.py:753} INFO - DAG(s) dict_keys(['example_external_task_marker_child', 'example_external_task_marker_parent']) retrieved from /home/airflow/.local/lib/python3.7/site-packages/airflow/example_dags/example_external_task_marker_dag.py
[2025-02-01T02:41:22.037+0000] {logging_mixin.py:137} INFO - [2025-02-01T02:41:22.037+0000] {dag.py:2690} INFO - Sync 2 DAGs
[2025-02-01T02:41:22.236+0000] {logging_mixin.py:137} INFO - [2025-02-01T02:41:22.236+0000] {dag.py:3441} INFO - Setting next_dagrun for example_external_task_marker_child to None, run_after=None
[2025-02-01T02:41:22.260+0000] {logging_mixin.py:137} INFO - [2025-02-01T02:41:22.260+0000] {dag.py:3441} INFO - Setting next_dagrun for example_external_task_marker_parent to None, run_after=None
[2025-02-01T02:41:22.376+0000] {processor.py:175} INFO - Processing /home/airflow/.local/lib/python3.7/site-packages/airflow/example_dags/example_external_task_marker_dag.py took 0.896 seconds
[2025-02-01T02:41:53.155+0000] {processor.py:153} INFO - Started process (PID=234) to work on /home/airflow/.local/lib/python3.7/site-packages/airflow/example_dags/example_external_task_marker_dag.py
[2025-02-01T02:41:53.157+0000] {processor.py:743} INFO - Processing file /home/airflow/.local/lib/python3.7/site-packages/airflow/example_dags/example_external_task_marker_dag.py for tasks to queue
[2025-02-01T02:41:53.160+0000] {logging_mixin.py:137} INFO - [2025-02-01T02:41:53.159+0000] {dagbag.py:538} INFO - Filling up the DagBag from /home/airflow/.local/lib/python3.7/site-packages/airflow/example_dags/example_external_task_marker_dag.py
[2025-02-01T02:41:53.210+0000] {processor.py:753} INFO - DAG(s) dict_keys(['example_external_task_marker_child', 'example_external_task_marker_parent']) retrieved from /home/airflow/.local/lib/python3.7/site-packages/airflow/example_dags/example_external_task_marker_dag.py
[2025-02-01T02:41:53.303+0000] {logging_mixin.py:137} INFO - [2025-02-01T02:41:53.303+0000] {dag.py:2690} INFO - Sync 2 DAGs
[2025-02-01T02:41:53.386+0000] {logging_mixin.py:137} INFO - [2025-02-01T02:41:53.386+0000] {dag.py:3441} INFO - Setting next_dagrun for example_external_task_marker_child to None, run_after=None
[2025-02-01T02:41:53.404+0000] {logging_mixin.py:137} INFO - [2025-02-01T02:41:53.404+0000] {dag.py:3441} INFO - Setting next_dagrun for example_external_task_marker_parent to None, run_after=None
[2025-02-01T02:41:53.449+0000] {processor.py:175} INFO - Processing /home/airflow/.local/lib/python3.7/site-packages/airflow/example_dags/example_external_task_marker_dag.py took 0.305 seconds
[2025-02-01T02:42:23.697+0000] {processor.py:153} INFO - Started process (PID=293) to work on /home/airflow/.local/lib/python3.7/site-packages/airflow/example_dags/example_external_task_marker_dag.py
[2025-02-01T02:42:23.699+0000] {processor.py:743} INFO - Processing file /home/airflow/.local/lib/python3.7/site-packages/airflow/example_dags/example_external_task_marker_dag.py for tasks to queue
[2025-02-01T02:42:23.700+0000] {logging_mixin.py:137} INFO - [2025-02-01T02:42:23.700+0000] {dagbag.py:538} INFO - Filling up the DagBag from /home/airflow/.local/lib/python3.7/site-packages/airflow/example_dags/example_external_task_marker_dag.py
[2025-02-01T02:42:23.743+0000] {processor.py:753} INFO - DAG(s) dict_keys(['example_external_task_marker_parent', 'example_external_task_marker_child']) retrieved from /home/airflow/.local/lib/python3.7/site-packages/airflow/example_dags/example_external_task_marker_dag.py
[2025-02-01T02:42:23.824+0000] {logging_mixin.py:137} INFO - [2025-02-01T02:42:23.824+0000] {dag.py:2690} INFO - Sync 2 DAGs
[2025-02-01T02:42:23.889+0000] {logging_mixin.py:137} INFO - [2025-02-01T02:42:23.889+0000] {dag.py:3441} INFO - Setting next_dagrun for example_external_task_marker_child to None, run_after=None
[2025-02-01T02:42:23.898+0000] {logging_mixin.py:137} INFO - [2025-02-01T02:42:23.897+0000] {dag.py:3441} INFO - Setting next_dagrun for example_external_task_marker_parent to None, run_after=None
[2025-02-01T02:42:23.939+0000] {processor.py:175} INFO - Processing /home/airflow/.local/lib/python3.7/site-packages/airflow/example_dags/example_external_task_marker_dag.py took 0.248 seconds
[2025-02-01T02:42:54.044+0000] {processor.py:153} INFO - Started process (PID=353) to work on /home/airflow/.local/lib/python3.7/site-packages/airflow/example_dags/example_external_task_marker_dag.py
[2025-02-01T02:42:54.049+0000] {processor.py:743} INFO - Processing file /home/airflow/.local/lib/python3.7/site-packages/airflow/example_dags/example_external_task_marker_dag.py for tasks to queue
[2025-02-01T02:42:54.052+0000] {logging_mixin.py:137} INFO - [2025-02-01T02:42:54.052+0000] {dagbag.py:538} INFO - Filling up the DagBag from /home/airflow/.local/lib/python3.7/site-packages/airflow/example_dags/example_external_task_marker_dag.py
[2025-02-01T02:42:54.148+0000] {processor.py:753} INFO - DAG(s) dict_keys(['example_external_task_marker_child', 'example_external_task_marker_parent']) retrieved from /home/airflow/.local/lib/python3.7/site-packages/airflow/example_dags/example_external_task_marker_dag.py
[2025-02-01T02:42:54.340+0000] {logging_mixin.py:137} INFO - [2025-02-01T02:42:54.339+0000] {dag.py:2690} INFO - Sync 2 DAGs
[2025-02-01T02:42:54.611+0000] {logging_mixin.py:137} INFO - [2025-02-01T02:42:54.611+0000] {dag.py:3441} INFO - Setting next_dagrun for example_external_task_marker_child to None, run_after=None
[2025-02-01T02:42:54.656+0000] {logging_mixin.py:137} INFO - [2025-02-01T02:42:54.656+0000] {dag.py:3441} INFO - Setting next_dagrun for example_external_task_marker_parent to None, run_after=None
[2025-02-01T02:42:54.919+0000] {processor.py:175} INFO - Processing /home/airflow/.local/lib/python3.7/site-packages/airflow/example_dags/example_external_task_marker_dag.py took 0.893 seconds
[2025-02-01T02:43:25.658+0000] {processor.py:153} INFO - Started process (PID=401) to work on /home/airflow/.local/lib/python3.7/site-packages/airflow/example_dags/example_external_task_marker_dag.py
[2025-02-01T02:43:25.661+0000] {processor.py:743} INFO - Processing file /home/airflow/.local/lib/python3.7/site-packages/airflow/example_dags/example_external_task_marker_dag.py for tasks to queue
[2025-02-01T02:43:25.665+0000] {logging_mixin.py:137} INFO - [2025-02-01T02:43:25.664+0000] {dagbag.py:538} INFO - Filling up the DagBag from /home/airflow/.local/lib/python3.7/site-packages/airflow/example_dags/example_external_task_marker_dag.py
[2025-02-01T02:43:25.770+0000] {processor.py:753} INFO - DAG(s) dict_keys(['example_external_task_marker_child', 'example_external_task_marker_parent']) retrieved from /home/airflow/.local/lib/python3.7/site-packages/airflow/example_dags/example_external_task_marker_dag.py
[2025-02-01T02:43:25.877+0000] {logging_mixin.py:137} INFO - [2025-02-01T02:43:25.877+0000] {dag.py:2690} INFO - Sync 2 DAGs
[2025-02-01T02:43:25.999+0000] {logging_mixin.py:137} INFO - [2025-02-01T02:43:25.999+0000] {dag.py:3441} INFO - Setting next_dagrun for example_external_task_marker_child to None, run_after=None
[2025-02-01T02:43:26.015+0000] {logging_mixin.py:137} INFO - [2025-02-01T02:43:26.014+0000] {dag.py:3441} INFO - Setting next_dagrun for example_external_task_marker_parent to None, run_after=None
[2025-02-01T02:43:26.099+0000] {processor.py:175} INFO - Processing /home/airflow/.local/lib/python3.7/site-packages/airflow/example_dags/example_external_task_marker_dag.py took 0.457 seconds
[2025-02-01T02:43:57.067+0000] {processor.py:153} INFO - Started process (PID=460) to work on /home/airflow/.local/lib/python3.7/site-packages/airflow/example_dags/example_external_task_marker_dag.py
[2025-02-01T02:43:57.069+0000] {processor.py:743} INFO - Processing file /home/airflow/.local/lib/python3.7/site-packages/airflow/example_dags/example_external_task_marker_dag.py for tasks to queue
[2025-02-01T02:43:57.070+0000] {logging_mixin.py:137} INFO - [2025-02-01T02:43:57.070+0000] {dagbag.py:538} INFO - Filling up the DagBag from /home/airflow/.local/lib/python3.7/site-packages/airflow/example_dags/example_external_task_marker_dag.py
[2025-02-01T02:43:57.103+0000] {processor.py:753} INFO - DAG(s) dict_keys(['example_external_task_marker_child', 'example_external_task_marker_parent']) retrieved from /home/airflow/.local/lib/python3.7/site-packages/airflow/example_dags/example_external_task_marker_dag.py
[2025-02-01T02:43:57.176+0000] {logging_mixin.py:137} INFO - [2025-02-01T02:43:57.176+0000] {dag.py:2690} INFO - Sync 2 DAGs
[2025-02-01T02:43:57.242+0000] {logging_mixin.py:137} INFO - [2025-02-01T02:43:57.242+0000] {dag.py:3441} INFO - Setting next_dagrun for example_external_task_marker_child to None, run_after=None
[2025-02-01T02:43:57.250+0000] {logging_mixin.py:137} INFO - [2025-02-01T02:43:57.249+0000] {dag.py:3441} INFO - Setting next_dagrun for example_external_task_marker_parent to None, run_after=None
[2025-02-01T02:43:57.290+0000] {processor.py:175} INFO - Processing /home/airflow/.local/lib/python3.7/site-packages/airflow/example_dags/example_external_task_marker_dag.py took 0.231 seconds
[2025-02-01T02:44:27.551+0000] {processor.py:153} INFO - Started process (PID=518) to work on /home/airflow/.local/lib/python3.7/site-packages/airflow/example_dags/example_external_task_marker_dag.py
[2025-02-01T02:44:27.558+0000] {processor.py:743} INFO - Processing file /home/airflow/.local/lib/python3.7/site-packages/airflow/example_dags/example_external_task_marker_dag.py for tasks to queue
[2025-02-01T02:44:27.567+0000] {logging_mixin.py:137} INFO - [2025-02-01T02:44:27.567+0000] {dagbag.py:538} INFO - Filling up the DagBag from /home/airflow/.local/lib/python3.7/site-packages/airflow/example_dags/example_external_task_marker_dag.py
[2025-02-01T02:44:27.673+0000] {processor.py:753} INFO - DAG(s) dict_keys(['example_external_task_marker_parent', 'example_external_task_marker_child']) retrieved from /home/airflow/.local/lib/python3.7/site-packages/airflow/example_dags/example_external_task_marker_dag.py
[2025-02-01T02:44:27.855+0000] {logging_mixin.py:137} INFO - [2025-02-01T02:44:27.854+0000] {dag.py:2690} INFO - Sync 2 DAGs
[2025-02-01T02:44:28.048+0000] {logging_mixin.py:137} INFO - [2025-02-01T02:44:28.048+0000] {dag.py:3441} INFO - Setting next_dagrun for example_external_task_marker_child to None, run_after=None
[2025-02-01T02:44:28.074+0000] {logging_mixin.py:137} INFO - [2025-02-01T02:44:28.073+0000] {dag.py:3441} INFO - Setting next_dagrun for example_external_task_marker_parent to None, run_after=None
[2025-02-01T02:44:28.190+0000] {processor.py:175} INFO - Processing /home/airflow/.local/lib/python3.7/site-packages/airflow/example_dags/example_external_task_marker_dag.py took 0.668 seconds
[2025-02-01T02:44:58.662+0000] {processor.py:153} INFO - Started process (PID=567) to work on /home/airflow/.local/lib/python3.7/site-packages/airflow/example_dags/example_external_task_marker_dag.py
[2025-02-01T02:44:58.672+0000] {processor.py:743} INFO - Processing file /home/airflow/.local/lib/python3.7/site-packages/airflow/example_dags/example_external_task_marker_dag.py for tasks to queue
[2025-02-01T02:44:58.679+0000] {logging_mixin.py:137} INFO - [2025-02-01T02:44:58.676+0000] {dagbag.py:538} INFO - Filling up the DagBag from /home/airflow/.local/lib/python3.7/site-packages/airflow/example_dags/example_external_task_marker_dag.py
[2025-02-01T02:44:58.818+0000] {processor.py:753} INFO - DAG(s) dict_keys(['example_external_task_marker_child', 'example_external_task_marker_parent']) retrieved from /home/airflow/.local/lib/python3.7/site-packages/airflow/example_dags/example_external_task_marker_dag.py
[2025-02-01T02:44:59.025+0000] {logging_mixin.py:137} INFO - [2025-02-01T02:44:59.024+0000] {dag.py:2690} INFO - Sync 2 DAGs
[2025-02-01T02:44:59.232+0000] {logging_mixin.py:137} INFO - [2025-02-01T02:44:59.232+0000] {dag.py:3441} INFO - Setting next_dagrun for example_external_task_marker_child to None, run_after=None
[2025-02-01T02:44:59.260+0000] {logging_mixin.py:137} INFO - [2025-02-01T02:44:59.260+0000] {dag.py:3441} INFO - Setting next_dagrun for example_external_task_marker_parent to None, run_after=None
[2025-02-01T02:44:59.361+0000] {processor.py:175} INFO - Processing /home/airflow/.local/lib/python3.7/site-packages/airflow/example_dags/example_external_task_marker_dag.py took 0.741 seconds
[2025-02-01T02:45:29.620+0000] {processor.py:153} INFO - Started process (PID=626) to work on /home/airflow/.local/lib/python3.7/site-packages/airflow/example_dags/example_external_task_marker_dag.py
[2025-02-01T02:45:29.622+0000] {processor.py:743} INFO - Processing file /home/airflow/.local/lib/python3.7/site-packages/airflow/example_dags/example_external_task_marker_dag.py for tasks to queue
[2025-02-01T02:45:29.624+0000] {logging_mixin.py:137} INFO - [2025-02-01T02:45:29.623+0000] {dagbag.py:538} INFO - Filling up the DagBag from /home/airflow/.local/lib/python3.7/site-packages/airflow/example_dags/example_external_task_marker_dag.py
[2025-02-01T02:45:29.656+0000] {processor.py:753} INFO - DAG(s) dict_keys(['example_external_task_marker_child', 'example_external_task_marker_parent']) retrieved from /home/airflow/.local/lib/python3.7/site-packages/airflow/example_dags/example_external_task_marker_dag.py
[2025-02-01T02:45:29.718+0000] {logging_mixin.py:137} INFO - [2025-02-01T02:45:29.718+0000] {dag.py:2690} INFO - Sync 2 DAGs
[2025-02-01T02:45:29.784+0000] {logging_mixin.py:137} INFO - [2025-02-01T02:45:29.783+0000] {dag.py:3441} INFO - Setting next_dagrun for example_external_task_marker_child to None, run_after=None
[2025-02-01T02:45:29.792+0000] {logging_mixin.py:137} INFO - [2025-02-01T02:45:29.791+0000] {dag.py:3441} INFO - Setting next_dagrun for example_external_task_marker_parent to None, run_after=None
[2025-02-01T02:45:29.832+0000] {processor.py:175} INFO - Processing /home/airflow/.local/lib/python3.7/site-packages/airflow/example_dags/example_external_task_marker_dag.py took 0.219 seconds
[2025-02-01T02:46:00.054+0000] {processor.py:153} INFO - Started process (PID=685) to work on /home/airflow/.local/lib/python3.7/site-packages/airflow/example_dags/example_external_task_marker_dag.py
[2025-02-01T02:46:00.056+0000] {processor.py:743} INFO - Processing file /home/airflow/.local/lib/python3.7/site-packages/airflow/example_dags/example_external_task_marker_dag.py for tasks to queue
[2025-02-01T02:46:00.057+0000] {logging_mixin.py:137} INFO - [2025-02-01T02:46:00.057+0000] {dagbag.py:538} INFO - Filling up the DagBag from /home/airflow/.local/lib/python3.7/site-packages/airflow/example_dags/example_external_task_marker_dag.py
[2025-02-01T02:46:00.090+0000] {processor.py:753} INFO - DAG(s) dict_keys(['example_external_task_marker_child', 'example_external_task_marker_parent']) retrieved from /home/airflow/.local/lib/python3.7/site-packages/airflow/example_dags/example_external_task_marker_dag.py
[2025-02-01T02:46:00.157+0000] {logging_mixin.py:137} INFO - [2025-02-01T02:46:00.156+0000] {dag.py:2690} INFO - Sync 2 DAGs
[2025-02-01T02:46:00.222+0000] {logging_mixin.py:137} INFO - [2025-02-01T02:46:00.222+0000] {dag.py:3441} INFO - Setting next_dagrun for example_external_task_marker_child to None, run_after=None
[2025-02-01T02:46:00.231+0000] {logging_mixin.py:137} INFO - [2025-02-01T02:46:00.231+0000] {dag.py:3441} INFO - Setting next_dagrun for example_external_task_marker_parent to None, run_after=None
[2025-02-01T02:46:00.274+0000] {processor.py:175} INFO - Processing /home/airflow/.local/lib/python3.7/site-packages/airflow/example_dags/example_external_task_marker_dag.py took 0.227 seconds
[2025-02-01T02:46:30.936+0000] {processor.py:153} INFO - Started process (PID=742) to work on /home/airflow/.local/lib/python3.7/site-packages/airflow/example_dags/example_external_task_marker_dag.py
[2025-02-01T02:46:30.938+0000] {processor.py:743} INFO - Processing file /home/airflow/.local/lib/python3.7/site-packages/airflow/example_dags/example_external_task_marker_dag.py for tasks to queue
[2025-02-01T02:46:30.940+0000] {logging_mixin.py:137} INFO - [2025-02-01T02:46:30.939+0000] {dagbag.py:538} INFO - Filling up the DagBag from /home/airflow/.local/lib/python3.7/site-packages/airflow/example_dags/example_external_task_marker_dag.py
[2025-02-01T02:46:30.972+0000] {processor.py:753} INFO - DAG(s) dict_keys(['example_external_task_marker_child', 'example_external_task_marker_parent']) retrieved from /home/airflow/.local/lib/python3.7/site-packages/airflow/example_dags/example_external_task_marker_dag.py
[2025-02-01T02:46:31.036+0000] {logging_mixin.py:137} INFO - [2025-02-01T02:46:31.036+0000] {dag.py:2690} INFO - Sync 2 DAGs
[2025-02-01T02:46:31.099+0000] {logging_mixin.py:137} INFO - [2025-02-01T02:46:31.099+0000] {dag.py:3441} INFO - Setting next_dagrun for example_external_task_marker_child to None, run_after=None
[2025-02-01T02:46:31.107+0000] {logging_mixin.py:137} INFO - [2025-02-01T02:46:31.107+0000] {dag.py:3441} INFO - Setting next_dagrun for example_external_task_marker_parent to None, run_after=None
[2025-02-01T02:46:31.148+0000] {processor.py:175} INFO - Processing /home/airflow/.local/lib/python3.7/site-packages/airflow/example_dags/example_external_task_marker_dag.py took 0.218 seconds
[2025-02-01T02:47:02.062+0000] {processor.py:153} INFO - Started process (PID=801) to work on /home/airflow/.local/lib/python3.7/site-packages/airflow/example_dags/example_external_task_marker_dag.py
[2025-02-01T02:47:02.064+0000] {processor.py:743} INFO - Processing file /home/airflow/.local/lib/python3.7/site-packages/airflow/example_dags/example_external_task_marker_dag.py for tasks to queue
[2025-02-01T02:47:02.065+0000] {logging_mixin.py:137} INFO - [2025-02-01T02:47:02.065+0000] {dagbag.py:538} INFO - Filling up the DagBag from /home/airflow/.local/lib/python3.7/site-packages/airflow/example_dags/example_external_task_marker_dag.py
[2025-02-01T02:47:02.114+0000] {processor.py:753} INFO - DAG(s) dict_keys(['example_external_task_marker_parent', 'example_external_task_marker_child']) retrieved from /home/airflow/.local/lib/python3.7/site-packages/airflow/example_dags/example_external_task_marker_dag.py
[2025-02-01T02:47:02.192+0000] {logging_mixin.py:137} INFO - [2025-02-01T02:47:02.192+0000] {dag.py:2690} INFO - Sync 2 DAGs
[2025-02-01T02:47:02.255+0000] {logging_mixin.py:137} INFO - [2025-02-01T02:47:02.255+0000] {dag.py:3441} INFO - Setting next_dagrun for example_external_task_marker_child to None, run_after=None
[2025-02-01T02:47:02.263+0000] {logging_mixin.py:137} INFO - [2025-02-01T02:47:02.263+0000] {dag.py:3441} INFO - Setting next_dagrun for example_external_task_marker_parent to None, run_after=None
[2025-02-01T02:47:02.307+0000] {processor.py:175} INFO - Processing /home/airflow/.local/lib/python3.7/site-packages/airflow/example_dags/example_external_task_marker_dag.py took 0.252 seconds
[2025-02-01T02:47:33.394+0000] {processor.py:153} INFO - Started process (PID=851) to work on /home/airflow/.local/lib/python3.7/site-packages/airflow/example_dags/example_external_task_marker_dag.py
[2025-02-01T02:47:33.402+0000] {processor.py:743} INFO - Processing file /home/airflow/.local/lib/python3.7/site-packages/airflow/example_dags/example_external_task_marker_dag.py for tasks to queue
[2025-02-01T02:47:33.408+0000] {logging_mixin.py:137} INFO - [2025-02-01T02:47:33.406+0000] {dagbag.py:538} INFO - Filling up the DagBag from /home/airflow/.local/lib/python3.7/site-packages/airflow/example_dags/example_external_task_marker_dag.py
[2025-02-01T02:47:33.645+0000] {processor.py:753} INFO - DAG(s) dict_keys(['example_external_task_marker_parent', 'example_external_task_marker_child']) retrieved from /home/airflow/.local/lib/python3.7/site-packages/airflow/example_dags/example_external_task_marker_dag.py
[2025-02-01T02:47:33.838+0000] {logging_mixin.py:137} INFO - [2025-02-01T02:47:33.838+0000] {dag.py:2690} INFO - Sync 2 DAGs
[2025-02-01T02:47:34.065+0000] {logging_mixin.py:137} INFO - [2025-02-01T02:47:34.064+0000] {dag.py:3441} INFO - Setting next_dagrun for example_external_task_marker_child to None, run_after=None
[2025-02-01T02:47:34.080+0000] {logging_mixin.py:137} INFO - [2025-02-01T02:47:34.080+0000] {dag.py:3441} INFO - Setting next_dagrun for example_external_task_marker_parent to None, run_after=None
[2025-02-01T02:47:34.152+0000] {processor.py:175} INFO - Processing /home/airflow/.local/lib/python3.7/site-packages/airflow/example_dags/example_external_task_marker_dag.py took 0.787 seconds
[2025-02-01T02:48:05.171+0000] {processor.py:153} INFO - Started process (PID=910) to work on /home/airflow/.local/lib/python3.7/site-packages/airflow/example_dags/example_external_task_marker_dag.py
[2025-02-01T02:48:05.172+0000] {processor.py:743} INFO - Processing file /home/airflow/.local/lib/python3.7/site-packages/airflow/example_dags/example_external_task_marker_dag.py for tasks to queue
[2025-02-01T02:48:05.174+0000] {logging_mixin.py:137} INFO - [2025-02-01T02:48:05.173+0000] {dagbag.py:538} INFO - Filling up the DagBag from /home/airflow/.local/lib/python3.7/site-packages/airflow/example_dags/example_external_task_marker_dag.py
[2025-02-01T02:48:05.207+0000] {processor.py:753} INFO - DAG(s) dict_keys(['example_external_task_marker_parent', 'example_external_task_marker_child']) retrieved from /home/airflow/.local/lib/python3.7/site-packages/airflow/example_dags/example_external_task_marker_dag.py
[2025-02-01T02:48:05.272+0000] {logging_mixin.py:137} INFO - [2025-02-01T02:48:05.272+0000] {dag.py:2690} INFO - Sync 2 DAGs
[2025-02-01T02:48:05.336+0000] {logging_mixin.py:137} INFO - [2025-02-01T02:48:05.335+0000] {dag.py:3441} INFO - Setting next_dagrun for example_external_task_marker_child to None, run_after=None
[2025-02-01T02:48:05.344+0000] {logging_mixin.py:137} INFO - [2025-02-01T02:48:05.344+0000] {dag.py:3441} INFO - Setting next_dagrun for example_external_task_marker_parent to None, run_after=None
[2025-02-01T02:48:05.385+0000] {processor.py:175} INFO - Processing /home/airflow/.local/lib/python3.7/site-packages/airflow/example_dags/example_external_task_marker_dag.py took 0.221 seconds
[2025-02-01T02:48:35.642+0000] {processor.py:153} INFO - Started process (PID=969) to work on /home/airflow/.local/lib/python3.7/site-packages/airflow/example_dags/example_external_task_marker_dag.py
[2025-02-01T02:48:35.644+0000] {processor.py:743} INFO - Processing file /home/airflow/.local/lib/python3.7/site-packages/airflow/example_dags/example_external_task_marker_dag.py for tasks to queue
[2025-02-01T02:48:35.645+0000] {logging_mixin.py:137} INFO - [2025-02-01T02:48:35.645+0000] {dagbag.py:538} INFO - Filling up the DagBag from /home/airflow/.local/lib/python3.7/site-packages/airflow/example_dags/example_external_task_marker_dag.py
[2025-02-01T02:48:35.678+0000] {processor.py:753} INFO - DAG(s) dict_keys(['example_external_task_marker_child', 'example_external_task_marker_parent']) retrieved from /home/airflow/.local/lib/python3.7/site-packages/airflow/example_dags/example_external_task_marker_dag.py
[2025-02-01T02:48:35.740+0000] {logging_mixin.py:137} INFO - [2025-02-01T02:48:35.740+0000] {dag.py:2690} INFO - Sync 2 DAGs
[2025-02-01T02:48:35.805+0000] {logging_mixin.py:137} INFO - [2025-02-01T02:48:35.805+0000] {dag.py:3441} INFO - Setting next_dagrun for example_external_task_marker_child to None, run_after=None
[2025-02-01T02:48:35.814+0000] {logging_mixin.py:137} INFO - [2025-02-01T02:48:35.813+0000] {dag.py:3441} INFO - Setting next_dagrun for example_external_task_marker_parent to None, run_after=None
[2025-02-01T02:48:35.853+0000] {processor.py:175} INFO - Processing /home/airflow/.local/lib/python3.7/site-packages/airflow/example_dags/example_external_task_marker_dag.py took 0.218 seconds
[2025-02-01T02:49:06.314+0000] {processor.py:153} INFO - Started process (PID=1029) to work on /home/airflow/.local/lib/python3.7/site-packages/airflow/example_dags/example_external_task_marker_dag.py
[2025-02-01T02:49:06.315+0000] {processor.py:743} INFO - Processing file /home/airflow/.local/lib/python3.7/site-packages/airflow/example_dags/example_external_task_marker_dag.py for tasks to queue
[2025-02-01T02:49:06.317+0000] {logging_mixin.py:137} INFO - [2025-02-01T02:49:06.317+0000] {dagbag.py:538} INFO - Filling up the DagBag from /home/airflow/.local/lib/python3.7/site-packages/airflow/example_dags/example_external_task_marker_dag.py
[2025-02-01T02:49:06.355+0000] {processor.py:753} INFO - DAG(s) dict_keys(['example_external_task_marker_child', 'example_external_task_marker_parent']) retrieved from /home/airflow/.local/lib/python3.7/site-packages/airflow/example_dags/example_external_task_marker_dag.py
[2025-02-01T02:49:06.418+0000] {logging_mixin.py:137} INFO - [2025-02-01T02:49:06.418+0000] {dag.py:2690} INFO - Sync 2 DAGs
[2025-02-01T02:49:06.485+0000] {logging_mixin.py:137} INFO - [2025-02-01T02:49:06.485+0000] {dag.py:3441} INFO - Setting next_dagrun for example_external_task_marker_child to None, run_after=None
[2025-02-01T02:49:06.494+0000] {logging_mixin.py:137} INFO - [2025-02-01T02:49:06.493+0000] {dag.py:3441} INFO - Setting next_dagrun for example_external_task_marker_parent to None, run_after=None
[2025-02-01T02:49:06.538+0000] {processor.py:175} INFO - Processing /home/airflow/.local/lib/python3.7/site-packages/airflow/example_dags/example_external_task_marker_dag.py took 0.231 seconds
[2025-02-01T02:49:37.324+0000] {processor.py:153} INFO - Started process (PID=1087) to work on /home/airflow/.local/lib/python3.7/site-packages/airflow/example_dags/example_external_task_marker_dag.py
[2025-02-01T02:49:37.326+0000] {processor.py:743} INFO - Processing file /home/airflow/.local/lib/python3.7/site-packages/airflow/example_dags/example_external_task_marker_dag.py for tasks to queue
[2025-02-01T02:49:37.327+0000] {logging_mixin.py:137} INFO - [2025-02-01T02:49:37.327+0000] {dagbag.py:538} INFO - Filling up the DagBag from /home/airflow/.local/lib/python3.7/site-packages/airflow/example_dags/example_external_task_marker_dag.py
[2025-02-01T02:49:37.394+0000] {processor.py:753} INFO - DAG(s) dict_keys(['example_external_task_marker_parent', 'example_external_task_marker_child']) retrieved from /home/airflow/.local/lib/python3.7/site-packages/airflow/example_dags/example_external_task_marker_dag.py
[2025-02-01T02:49:37.467+0000] {logging_mixin.py:137} INFO - [2025-02-01T02:49:37.467+0000] {dag.py:2690} INFO - Sync 2 DAGs
[2025-02-01T02:49:37.543+0000] {logging_mixin.py:137} INFO - [2025-02-01T02:49:37.543+0000] {dag.py:3441} INFO - Setting next_dagrun for example_external_task_marker_child to None, run_after=None
[2025-02-01T02:49:37.551+0000] {logging_mixin.py:137} INFO - [2025-02-01T02:49:37.551+0000] {dag.py:3441} INFO - Setting next_dagrun for example_external_task_marker_parent to None, run_after=None
[2025-02-01T02:49:37.613+0000] {processor.py:175} INFO - Processing /home/airflow/.local/lib/python3.7/site-packages/airflow/example_dags/example_external_task_marker_dag.py took 0.304 seconds
[2025-02-01T02:50:08.118+0000] {processor.py:153} INFO - Started process (PID=1143) to work on /home/airflow/.local/lib/python3.7/site-packages/airflow/example_dags/example_external_task_marker_dag.py
[2025-02-01T02:50:08.120+0000] {processor.py:743} INFO - Processing file /home/airflow/.local/lib/python3.7/site-packages/airflow/example_dags/example_external_task_marker_dag.py for tasks to queue
[2025-02-01T02:50:08.122+0000] {logging_mixin.py:137} INFO - [2025-02-01T02:50:08.121+0000] {dagbag.py:538} INFO - Filling up the DagBag from /home/airflow/.local/lib/python3.7/site-packages/airflow/example_dags/example_external_task_marker_dag.py
[2025-02-01T02:50:08.155+0000] {processor.py:753} INFO - DAG(s) dict_keys(['example_external_task_marker_child', 'example_external_task_marker_parent']) retrieved from /home/airflow/.local/lib/python3.7/site-packages/airflow/example_dags/example_external_task_marker_dag.py
[2025-02-01T02:50:08.279+0000] {logging_mixin.py:137} INFO - [2025-02-01T02:50:08.278+0000] {dag.py:2690} INFO - Sync 2 DAGs
[2025-02-01T02:50:08.406+0000] {logging_mixin.py:137} INFO - [2025-02-01T02:50:08.406+0000] {dag.py:3441} INFO - Setting next_dagrun for example_external_task_marker_child to None, run_after=None
[2025-02-01T02:50:08.426+0000] {logging_mixin.py:137} INFO - [2025-02-01T02:50:08.423+0000] {dag.py:3441} INFO - Setting next_dagrun for example_external_task_marker_parent to None, run_after=None
[2025-02-01T02:50:08.503+0000] {processor.py:175} INFO - Processing /home/airflow/.local/lib/python3.7/site-packages/airflow/example_dags/example_external_task_marker_dag.py took 0.392 seconds
[2025-02-01T02:50:38.607+0000] {processor.py:153} INFO - Started process (PID=1195) to work on /home/airflow/.local/lib/python3.7/site-packages/airflow/example_dags/example_external_task_marker_dag.py
[2025-02-01T02:50:38.608+0000] {processor.py:743} INFO - Processing file /home/airflow/.local/lib/python3.7/site-packages/airflow/example_dags/example_external_task_marker_dag.py for tasks to queue
[2025-02-01T02:50:38.610+0000] {logging_mixin.py:137} INFO - [2025-02-01T02:50:38.610+0000] {dagbag.py:538} INFO - Filling up the DagBag from /home/airflow/.local/lib/python3.7/site-packages/airflow/example_dags/example_external_task_marker_dag.py
[2025-02-01T02:50:38.642+0000] {processor.py:753} INFO - DAG(s) dict_keys(['example_external_task_marker_child', 'example_external_task_marker_parent']) retrieved from /home/airflow/.local/lib/python3.7/site-packages/airflow/example_dags/example_external_task_marker_dag.py
[2025-02-01T02:50:38.709+0000] {logging_mixin.py:137} INFO - [2025-02-01T02:50:38.708+0000] {dag.py:2690} INFO - Sync 2 DAGs
[2025-02-01T02:50:38.776+0000] {logging_mixin.py:137} INFO - [2025-02-01T02:50:38.776+0000] {dag.py:3441} INFO - Setting next_dagrun for example_external_task_marker_child to None, run_after=None
[2025-02-01T02:50:38.785+0000] {logging_mixin.py:137} INFO - [2025-02-01T02:50:38.785+0000] {dag.py:3441} INFO - Setting next_dagrun for example_external_task_marker_parent to None, run_after=None
[2025-02-01T02:50:38.832+0000] {processor.py:175} INFO - Processing /home/airflow/.local/lib/python3.7/site-packages/airflow/example_dags/example_external_task_marker_dag.py took 0.233 seconds
[2025-02-01T02:51:10.801+0000] {processor.py:153} INFO - Started process (PID=1253) to work on /home/airflow/.local/lib/python3.7/site-packages/airflow/example_dags/example_external_task_marker_dag.py
[2025-02-01T02:51:10.804+0000] {processor.py:743} INFO - Processing file /home/airflow/.local/lib/python3.7/site-packages/airflow/example_dags/example_external_task_marker_dag.py for tasks to queue
[2025-02-01T02:51:10.806+0000] {logging_mixin.py:137} INFO - [2025-02-01T02:51:10.805+0000] {dagbag.py:538} INFO - Filling up the DagBag from /home/airflow/.local/lib/python3.7/site-packages/airflow/example_dags/example_external_task_marker_dag.py
[2025-02-01T02:51:10.868+0000] {processor.py:753} INFO - DAG(s) dict_keys(['example_external_task_marker_parent', 'example_external_task_marker_child']) retrieved from /home/airflow/.local/lib/python3.7/site-packages/airflow/example_dags/example_external_task_marker_dag.py
[2025-02-01T02:51:10.967+0000] {logging_mixin.py:137} INFO - [2025-02-01T02:51:10.966+0000] {dag.py:2690} INFO - Sync 2 DAGs
[2025-02-01T02:51:11.099+0000] {logging_mixin.py:137} INFO - [2025-02-01T02:51:11.099+0000] {dag.py:3441} INFO - Setting next_dagrun for example_external_task_marker_child to None, run_after=None
[2025-02-01T02:51:11.118+0000] {logging_mixin.py:137} INFO - [2025-02-01T02:51:11.118+0000] {dag.py:3441} INFO - Setting next_dagrun for example_external_task_marker_parent to None, run_after=None
[2025-02-01T02:51:11.195+0000] {processor.py:175} INFO - Processing /home/airflow/.local/lib/python3.7/site-packages/airflow/example_dags/example_external_task_marker_dag.py took 0.402 seconds
[2025-02-01T02:51:41.468+0000] {processor.py:153} INFO - Started process (PID=1302) to work on /home/airflow/.local/lib/python3.7/site-packages/airflow/example_dags/example_external_task_marker_dag.py
[2025-02-01T02:51:41.471+0000] {processor.py:743} INFO - Processing file /home/airflow/.local/lib/python3.7/site-packages/airflow/example_dags/example_external_task_marker_dag.py for tasks to queue
[2025-02-01T02:51:41.474+0000] {logging_mixin.py:137} INFO - [2025-02-01T02:51:41.473+0000] {dagbag.py:538} INFO - Filling up the DagBag from /home/airflow/.local/lib/python3.7/site-packages/airflow/example_dags/example_external_task_marker_dag.py
[2025-02-01T02:51:41.540+0000] {processor.py:753} INFO - DAG(s) dict_keys(['example_external_task_marker_parent', 'example_external_task_marker_child']) retrieved from /home/airflow/.local/lib/python3.7/site-packages/airflow/example_dags/example_external_task_marker_dag.py
[2025-02-01T02:51:41.675+0000] {logging_mixin.py:137} INFO - [2025-02-01T02:51:41.674+0000] {dag.py:2690} INFO - Sync 2 DAGs
[2025-02-01T02:51:41.843+0000] {logging_mixin.py:137} INFO - [2025-02-01T02:51:41.843+0000] {dag.py:3441} INFO - Setting next_dagrun for example_external_task_marker_child to None, run_after=None
[2025-02-01T02:51:41.859+0000] {logging_mixin.py:137} INFO - [2025-02-01T02:51:41.859+0000] {dag.py:3441} INFO - Setting next_dagrun for example_external_task_marker_parent to None, run_after=None
[2025-02-01T02:51:41.961+0000] {processor.py:175} INFO - Processing /home/airflow/.local/lib/python3.7/site-packages/airflow/example_dags/example_external_task_marker_dag.py took 0.510 seconds
[2025-02-01T02:52:12.676+0000] {processor.py:153} INFO - Started process (PID=1360) to work on /home/airflow/.local/lib/python3.7/site-packages/airflow/example_dags/example_external_task_marker_dag.py
[2025-02-01T02:52:12.678+0000] {processor.py:743} INFO - Processing file /home/airflow/.local/lib/python3.7/site-packages/airflow/example_dags/example_external_task_marker_dag.py for tasks to queue
[2025-02-01T02:52:12.680+0000] {logging_mixin.py:137} INFO - [2025-02-01T02:52:12.679+0000] {dagbag.py:538} INFO - Filling up the DagBag from /home/airflow/.local/lib/python3.7/site-packages/airflow/example_dags/example_external_task_marker_dag.py
[2025-02-01T02:52:12.768+0000] {processor.py:753} INFO - DAG(s) dict_keys(['example_external_task_marker_parent', 'example_external_task_marker_child']) retrieved from /home/airflow/.local/lib/python3.7/site-packages/airflow/example_dags/example_external_task_marker_dag.py
[2025-02-01T02:52:12.895+0000] {logging_mixin.py:137} INFO - [2025-02-01T02:52:12.892+0000] {dag.py:2690} INFO - Sync 2 DAGs
[2025-02-01T02:52:13.020+0000] {logging_mixin.py:137} INFO - [2025-02-01T02:52:13.020+0000] {dag.py:3441} INFO - Setting next_dagrun for example_external_task_marker_child to None, run_after=None
[2025-02-01T02:52:13.034+0000] {logging_mixin.py:137} INFO - [2025-02-01T02:52:13.034+0000] {dag.py:3441} INFO - Setting next_dagrun for example_external_task_marker_parent to None, run_after=None
[2025-02-01T02:52:13.133+0000] {processor.py:175} INFO - Processing /home/airflow/.local/lib/python3.7/site-packages/airflow/example_dags/example_external_task_marker_dag.py took 0.472 seconds
[2025-02-01T02:52:44.247+0000] {processor.py:153} INFO - Started process (PID=1419) to work on /home/airflow/.local/lib/python3.7/site-packages/airflow/example_dags/example_external_task_marker_dag.py
[2025-02-01T02:52:44.252+0000] {processor.py:743} INFO - Processing file /home/airflow/.local/lib/python3.7/site-packages/airflow/example_dags/example_external_task_marker_dag.py for tasks to queue
[2025-02-01T02:52:44.258+0000] {logging_mixin.py:137} INFO - [2025-02-01T02:52:44.254+0000] {dagbag.py:538} INFO - Filling up the DagBag from /home/airflow/.local/lib/python3.7/site-packages/airflow/example_dags/example_external_task_marker_dag.py
[2025-02-01T02:52:44.384+0000] {processor.py:753} INFO - DAG(s) dict_keys(['example_external_task_marker_parent', 'example_external_task_marker_child']) retrieved from /home/airflow/.local/lib/python3.7/site-packages/airflow/example_dags/example_external_task_marker_dag.py
[2025-02-01T02:52:44.606+0000] {logging_mixin.py:137} INFO - [2025-02-01T02:52:44.606+0000] {dag.py:2690} INFO - Sync 2 DAGs
[2025-02-01T02:52:44.813+0000] {logging_mixin.py:137} INFO - [2025-02-01T02:52:44.813+0000] {dag.py:3441} INFO - Setting next_dagrun for example_external_task_marker_child to None, run_after=None
[2025-02-01T02:52:44.839+0000] {logging_mixin.py:137} INFO - [2025-02-01T02:52:44.839+0000] {dag.py:3441} INFO - Setting next_dagrun for example_external_task_marker_parent to None, run_after=None
[2025-02-01T02:52:44.973+0000] {processor.py:175} INFO - Processing /home/airflow/.local/lib/python3.7/site-packages/airflow/example_dags/example_external_task_marker_dag.py took 0.752 seconds
[2025-02-01T02:53:15.750+0000] {processor.py:153} INFO - Started process (PID=1478) to work on /home/airflow/.local/lib/python3.7/site-packages/airflow/example_dags/example_external_task_marker_dag.py
[2025-02-01T02:53:15.754+0000] {processor.py:743} INFO - Processing file /home/airflow/.local/lib/python3.7/site-packages/airflow/example_dags/example_external_task_marker_dag.py for tasks to queue
[2025-02-01T02:53:15.758+0000] {logging_mixin.py:137} INFO - [2025-02-01T02:53:15.756+0000] {dagbag.py:538} INFO - Filling up the DagBag from /home/airflow/.local/lib/python3.7/site-packages/airflow/example_dags/example_external_task_marker_dag.py
[2025-02-01T02:53:15.880+0000] {processor.py:753} INFO - DAG(s) dict_keys(['example_external_task_marker_parent', 'example_external_task_marker_child']) retrieved from /home/airflow/.local/lib/python3.7/site-packages/airflow/example_dags/example_external_task_marker_dag.py
[2025-02-01T02:53:16.136+0000] {logging_mixin.py:137} INFO - [2025-02-01T02:53:16.131+0000] {dag.py:2690} INFO - Sync 2 DAGs
[2025-02-01T02:53:16.277+0000] {logging_mixin.py:137} INFO - [2025-02-01T02:53:16.277+0000] {dag.py:3441} INFO - Setting next_dagrun for example_external_task_marker_child to None, run_after=None
[2025-02-01T02:53:16.304+0000] {logging_mixin.py:137} INFO - [2025-02-01T02:53:16.304+0000] {dag.py:3441} INFO - Setting next_dagrun for example_external_task_marker_parent to None, run_after=None
[2025-02-01T02:53:16.434+0000] {processor.py:175} INFO - Processing /home/airflow/.local/lib/python3.7/site-packages/airflow/example_dags/example_external_task_marker_dag.py took 0.715 seconds
[2025-02-01T02:53:46.510+0000] {processor.py:153} INFO - Started process (PID=1537) to work on /home/airflow/.local/lib/python3.7/site-packages/airflow/example_dags/example_external_task_marker_dag.py
[2025-02-01T02:53:46.512+0000] {processor.py:743} INFO - Processing file /home/airflow/.local/lib/python3.7/site-packages/airflow/example_dags/example_external_task_marker_dag.py for tasks to queue
[2025-02-01T02:53:46.513+0000] {logging_mixin.py:137} INFO - [2025-02-01T02:53:46.513+0000] {dagbag.py:538} INFO - Filling up the DagBag from /home/airflow/.local/lib/python3.7/site-packages/airflow/example_dags/example_external_task_marker_dag.py
[2025-02-01T02:53:46.544+0000] {processor.py:753} INFO - DAG(s) dict_keys(['example_external_task_marker_parent', 'example_external_task_marker_child']) retrieved from /home/airflow/.local/lib/python3.7/site-packages/airflow/example_dags/example_external_task_marker_dag.py
[2025-02-01T02:53:46.608+0000] {logging_mixin.py:137} INFO - [2025-02-01T02:53:46.608+0000] {dag.py:2690} INFO - Sync 2 DAGs
[2025-02-01T02:53:46.678+0000] {logging_mixin.py:137} INFO - [2025-02-01T02:53:46.678+0000] {dag.py:3441} INFO - Setting next_dagrun for example_external_task_marker_child to None, run_after=None
[2025-02-01T02:53:46.687+0000] {logging_mixin.py:137} INFO - [2025-02-01T02:53:46.686+0000] {dag.py:3441} INFO - Setting next_dagrun for example_external_task_marker_parent to None, run_after=None
[2025-02-01T02:53:46.733+0000] {processor.py:175} INFO - Processing /home/airflow/.local/lib/python3.7/site-packages/airflow/example_dags/example_external_task_marker_dag.py took 0.230 seconds
[2025-02-01T02:54:17.441+0000] {processor.py:153} INFO - Started process (PID=1595) to work on /home/airflow/.local/lib/python3.7/site-packages/airflow/example_dags/example_external_task_marker_dag.py
[2025-02-01T02:54:17.443+0000] {processor.py:743} INFO - Processing file /home/airflow/.local/lib/python3.7/site-packages/airflow/example_dags/example_external_task_marker_dag.py for tasks to queue
[2025-02-01T02:54:17.448+0000] {logging_mixin.py:137} INFO - [2025-02-01T02:54:17.446+0000] {dagbag.py:538} INFO - Filling up the DagBag from /home/airflow/.local/lib/python3.7/site-packages/airflow/example_dags/example_external_task_marker_dag.py
[2025-02-01T02:54:17.516+0000] {processor.py:753} INFO - DAG(s) dict_keys(['example_external_task_marker_parent', 'example_external_task_marker_child']) retrieved from /home/airflow/.local/lib/python3.7/site-packages/airflow/example_dags/example_external_task_marker_dag.py
[2025-02-01T02:54:17.636+0000] {logging_mixin.py:137} INFO - [2025-02-01T02:54:17.635+0000] {dag.py:2690} INFO - Sync 2 DAGs
[2025-02-01T02:54:17.768+0000] {logging_mixin.py:137} INFO - [2025-02-01T02:54:17.768+0000] {dag.py:3441} INFO - Setting next_dagrun for example_external_task_marker_child to None, run_after=None
[2025-02-01T02:54:17.786+0000] {logging_mixin.py:137} INFO - [2025-02-01T02:54:17.786+0000] {dag.py:3441} INFO - Setting next_dagrun for example_external_task_marker_parent to None, run_after=None
[2025-02-01T02:54:17.828+0000] {processor.py:175} INFO - Processing /home/airflow/.local/lib/python3.7/site-packages/airflow/example_dags/example_external_task_marker_dag.py took 0.405 seconds
[2025-02-01T02:54:48.324+0000] {processor.py:153} INFO - Started process (PID=1654) to work on /home/airflow/.local/lib/python3.7/site-packages/airflow/example_dags/example_external_task_marker_dag.py
[2025-02-01T02:54:48.326+0000] {processor.py:743} INFO - Processing file /home/airflow/.local/lib/python3.7/site-packages/airflow/example_dags/example_external_task_marker_dag.py for tasks to queue
[2025-02-01T02:54:48.329+0000] {logging_mixin.py:137} INFO - [2025-02-01T02:54:48.329+0000] {dagbag.py:538} INFO - Filling up the DagBag from /home/airflow/.local/lib/python3.7/site-packages/airflow/example_dags/example_external_task_marker_dag.py
[2025-02-01T02:54:48.430+0000] {processor.py:753} INFO - DAG(s) dict_keys(['example_external_task_marker_parent', 'example_external_task_marker_child']) retrieved from /home/airflow/.local/lib/python3.7/site-packages/airflow/example_dags/example_external_task_marker_dag.py
[2025-02-01T02:54:48.613+0000] {logging_mixin.py:137} INFO - [2025-02-01T02:54:48.612+0000] {dag.py:2690} INFO - Sync 2 DAGs
[2025-02-01T02:54:48.784+0000] {logging_mixin.py:137} INFO - [2025-02-01T02:54:48.784+0000] {dag.py:3441} INFO - Setting next_dagrun for example_external_task_marker_child to None, run_after=None
[2025-02-01T02:54:48.802+0000] {logging_mixin.py:137} INFO - [2025-02-01T02:54:48.802+0000] {dag.py:3441} INFO - Setting next_dagrun for example_external_task_marker_parent to None, run_after=None
[2025-02-01T02:54:49.024+0000] {processor.py:175} INFO - Processing /home/airflow/.local/lib/python3.7/site-packages/airflow/example_dags/example_external_task_marker_dag.py took 0.731 seconds
[2025-02-01T02:55:19.512+0000] {processor.py:153} INFO - Started process (PID=1704) to work on /home/airflow/.local/lib/python3.7/site-packages/airflow/example_dags/example_external_task_marker_dag.py
[2025-02-01T02:55:19.515+0000] {processor.py:743} INFO - Processing file /home/airflow/.local/lib/python3.7/site-packages/airflow/example_dags/example_external_task_marker_dag.py for tasks to queue
[2025-02-01T02:55:19.520+0000] {logging_mixin.py:137} INFO - [2025-02-01T02:55:19.516+0000] {dagbag.py:538} INFO - Filling up the DagBag from /home/airflow/.local/lib/python3.7/site-packages/airflow/example_dags/example_external_task_marker_dag.py
[2025-02-01T02:55:19.566+0000] {processor.py:753} INFO - DAG(s) dict_keys(['example_external_task_marker_parent', 'example_external_task_marker_child']) retrieved from /home/airflow/.local/lib/python3.7/site-packages/airflow/example_dags/example_external_task_marker_dag.py
[2025-02-01T02:55:19.630+0000] {logging_mixin.py:137} INFO - [2025-02-01T02:55:19.630+0000] {dag.py:2690} INFO - Sync 2 DAGs
[2025-02-01T02:55:19.704+0000] {logging_mixin.py:137} INFO - [2025-02-01T02:55:19.704+0000] {dag.py:3441} INFO - Setting next_dagrun for example_external_task_marker_child to None, run_after=None
[2025-02-01T02:55:19.713+0000] {logging_mixin.py:137} INFO - [2025-02-01T02:55:19.712+0000] {dag.py:3441} INFO - Setting next_dagrun for example_external_task_marker_parent to None, run_after=None
[2025-02-01T02:55:19.788+0000] {processor.py:175} INFO - Processing /home/airflow/.local/lib/python3.7/site-packages/airflow/example_dags/example_external_task_marker_dag.py took 0.296 seconds
[2025-02-01T02:55:50.333+0000] {processor.py:153} INFO - Started process (PID=1763) to work on /home/airflow/.local/lib/python3.7/site-packages/airflow/example_dags/example_external_task_marker_dag.py
[2025-02-01T02:55:50.337+0000] {processor.py:743} INFO - Processing file /home/airflow/.local/lib/python3.7/site-packages/airflow/example_dags/example_external_task_marker_dag.py for tasks to queue
[2025-02-01T02:55:50.341+0000] {logging_mixin.py:137} INFO - [2025-02-01T02:55:50.340+0000] {dagbag.py:538} INFO - Filling up the DagBag from /home/airflow/.local/lib/python3.7/site-packages/airflow/example_dags/example_external_task_marker_dag.py
[2025-02-01T02:55:50.411+0000] {processor.py:753} INFO - DAG(s) dict_keys(['example_external_task_marker_child', 'example_external_task_marker_parent']) retrieved from /home/airflow/.local/lib/python3.7/site-packages/airflow/example_dags/example_external_task_marker_dag.py
[2025-02-01T02:55:50.546+0000] {logging_mixin.py:137} INFO - [2025-02-01T02:55:50.546+0000] {dag.py:2690} INFO - Sync 2 DAGs
[2025-02-01T02:55:50.680+0000] {logging_mixin.py:137} INFO - [2025-02-01T02:55:50.680+0000] {dag.py:3441} INFO - Setting next_dagrun for example_external_task_marker_child to None, run_after=None
[2025-02-01T02:55:50.700+0000] {logging_mixin.py:137} INFO - [2025-02-01T02:55:50.700+0000] {dag.py:3441} INFO - Setting next_dagrun for example_external_task_marker_parent to None, run_after=None
[2025-02-01T02:55:50.781+0000] {processor.py:175} INFO - Processing /home/airflow/.local/lib/python3.7/site-packages/airflow/example_dags/example_external_task_marker_dag.py took 0.463 seconds
[2025-02-01T02:56:20.931+0000] {processor.py:153} INFO - Started process (PID=1822) to work on /home/airflow/.local/lib/python3.7/site-packages/airflow/example_dags/example_external_task_marker_dag.py
[2025-02-01T02:56:20.934+0000] {processor.py:743} INFO - Processing file /home/airflow/.local/lib/python3.7/site-packages/airflow/example_dags/example_external_task_marker_dag.py for tasks to queue
[2025-02-01T02:56:20.937+0000] {logging_mixin.py:137} INFO - [2025-02-01T02:56:20.937+0000] {dagbag.py:538} INFO - Filling up the DagBag from /home/airflow/.local/lib/python3.7/site-packages/airflow/example_dags/example_external_task_marker_dag.py
[2025-02-01T02:56:20.983+0000] {processor.py:753} INFO - DAG(s) dict_keys(['example_external_task_marker_parent', 'example_external_task_marker_child']) retrieved from /home/airflow/.local/lib/python3.7/site-packages/airflow/example_dags/example_external_task_marker_dag.py
[2025-02-01T02:56:21.048+0000] {logging_mixin.py:137} INFO - [2025-02-01T02:56:21.047+0000] {dag.py:2690} INFO - Sync 2 DAGs
[2025-02-01T02:56:21.137+0000] {logging_mixin.py:137} INFO - [2025-02-01T02:56:21.136+0000] {dag.py:3441} INFO - Setting next_dagrun for example_external_task_marker_child to None, run_after=None
[2025-02-01T02:56:21.146+0000] {logging_mixin.py:137} INFO - [2025-02-01T02:56:21.145+0000] {dag.py:3441} INFO - Setting next_dagrun for example_external_task_marker_parent to None, run_after=None
[2025-02-01T02:56:21.225+0000] {processor.py:175} INFO - Processing /home/airflow/.local/lib/python3.7/site-packages/airflow/example_dags/example_external_task_marker_dag.py took 0.308 seconds
[2025-02-01T02:56:51.488+0000] {processor.py:153} INFO - Started process (PID=1881) to work on /home/airflow/.local/lib/python3.7/site-packages/airflow/example_dags/example_external_task_marker_dag.py
[2025-02-01T02:56:51.492+0000] {processor.py:743} INFO - Processing file /home/airflow/.local/lib/python3.7/site-packages/airflow/example_dags/example_external_task_marker_dag.py for tasks to queue
[2025-02-01T02:56:51.494+0000] {logging_mixin.py:137} INFO - [2025-02-01T02:56:51.493+0000] {dagbag.py:538} INFO - Filling up the DagBag from /home/airflow/.local/lib/python3.7/site-packages/airflow/example_dags/example_external_task_marker_dag.py
[2025-02-01T02:56:51.573+0000] {processor.py:753} INFO - DAG(s) dict_keys(['example_external_task_marker_parent', 'example_external_task_marker_child']) retrieved from /home/airflow/.local/lib/python3.7/site-packages/airflow/example_dags/example_external_task_marker_dag.py
[2025-02-01T02:56:51.638+0000] {logging_mixin.py:137} INFO - [2025-02-01T02:56:51.637+0000] {dag.py:2690} INFO - Sync 2 DAGs
[2025-02-01T02:56:51.701+0000] {logging_mixin.py:137} INFO - [2025-02-01T02:56:51.700+0000] {dag.py:3441} INFO - Setting next_dagrun for example_external_task_marker_child to None, run_after=None
[2025-02-01T02:56:51.708+0000] {logging_mixin.py:137} INFO - [2025-02-01T02:56:51.708+0000] {dag.py:3441} INFO - Setting next_dagrun for example_external_task_marker_parent to None, run_after=None
[2025-02-01T02:56:51.772+0000] {processor.py:175} INFO - Processing /home/airflow/.local/lib/python3.7/site-packages/airflow/example_dags/example_external_task_marker_dag.py took 0.308 seconds
[2025-02-01T02:57:22.077+0000] {processor.py:153} INFO - Started process (PID=1930) to work on /home/airflow/.local/lib/python3.7/site-packages/airflow/example_dags/example_external_task_marker_dag.py
[2025-02-01T02:57:22.079+0000] {processor.py:743} INFO - Processing file /home/airflow/.local/lib/python3.7/site-packages/airflow/example_dags/example_external_task_marker_dag.py for tasks to queue
[2025-02-01T02:57:22.081+0000] {logging_mixin.py:137} INFO - [2025-02-01T02:57:22.081+0000] {dagbag.py:538} INFO - Filling up the DagBag from /home/airflow/.local/lib/python3.7/site-packages/airflow/example_dags/example_external_task_marker_dag.py
[2025-02-01T02:57:22.113+0000] {processor.py:753} INFO - DAG(s) dict_keys(['example_external_task_marker_parent', 'example_external_task_marker_child']) retrieved from /home/airflow/.local/lib/python3.7/site-packages/airflow/example_dags/example_external_task_marker_dag.py
[2025-02-01T02:57:22.175+0000] {logging_mixin.py:137} INFO - [2025-02-01T02:57:22.175+0000] {dag.py:2690} INFO - Sync 2 DAGs
[2025-02-01T02:57:22.240+0000] {logging_mixin.py:137} INFO - [2025-02-01T02:57:22.240+0000] {dag.py:3441} INFO - Setting next_dagrun for example_external_task_marker_child to None, run_after=None
[2025-02-01T02:57:22.249+0000] {logging_mixin.py:137} INFO - [2025-02-01T02:57:22.248+0000] {dag.py:3441} INFO - Setting next_dagrun for example_external_task_marker_parent to None, run_after=None
[2025-02-01T02:57:22.290+0000] {processor.py:175} INFO - Processing /home/airflow/.local/lib/python3.7/site-packages/airflow/example_dags/example_external_task_marker_dag.py took 0.222 seconds
[2025-02-01T02:57:52.626+0000] {processor.py:153} INFO - Started process (PID=1989) to work on /home/airflow/.local/lib/python3.7/site-packages/airflow/example_dags/example_external_task_marker_dag.py
[2025-02-01T02:57:52.627+0000] {processor.py:743} INFO - Processing file /home/airflow/.local/lib/python3.7/site-packages/airflow/example_dags/example_external_task_marker_dag.py for tasks to queue
[2025-02-01T02:57:52.629+0000] {logging_mixin.py:137} INFO - [2025-02-01T02:57:52.628+0000] {dagbag.py:538} INFO - Filling up the DagBag from /home/airflow/.local/lib/python3.7/site-packages/airflow/example_dags/example_external_task_marker_dag.py
[2025-02-01T02:57:52.681+0000] {processor.py:753} INFO - DAG(s) dict_keys(['example_external_task_marker_child', 'example_external_task_marker_parent']) retrieved from /home/airflow/.local/lib/python3.7/site-packages/airflow/example_dags/example_external_task_marker_dag.py
[2025-02-01T02:57:52.742+0000] {logging_mixin.py:137} INFO - [2025-02-01T02:57:52.742+0000] {dag.py:2690} INFO - Sync 2 DAGs
[2025-02-01T02:57:52.805+0000] {logging_mixin.py:137} INFO - [2025-02-01T02:57:52.805+0000] {dag.py:3441} INFO - Setting next_dagrun for example_external_task_marker_child to None, run_after=None
[2025-02-01T02:57:52.813+0000] {logging_mixin.py:137} INFO - [2025-02-01T02:57:52.813+0000] {dag.py:3441} INFO - Setting next_dagrun for example_external_task_marker_parent to None, run_after=None
[2025-02-01T02:57:52.880+0000] {processor.py:175} INFO - Processing /home/airflow/.local/lib/python3.7/site-packages/airflow/example_dags/example_external_task_marker_dag.py took 0.262 seconds
[2025-02-01T02:58:25.486+0000] {processor.py:153} INFO - Started process (PID=2045) to work on /home/airflow/.local/lib/python3.7/site-packages/airflow/example_dags/example_external_task_marker_dag.py
[2025-02-01T02:58:25.489+0000] {processor.py:743} INFO - Processing file /home/airflow/.local/lib/python3.7/site-packages/airflow/example_dags/example_external_task_marker_dag.py for tasks to queue
[2025-02-01T02:58:25.493+0000] {logging_mixin.py:137} INFO - [2025-02-01T02:58:25.493+0000] {dagbag.py:538} INFO - Filling up the DagBag from /home/airflow/.local/lib/python3.7/site-packages/airflow/example_dags/example_external_task_marker_dag.py
[2025-02-01T02:58:25.612+0000] {processor.py:753} INFO - DAG(s) dict_keys(['example_external_task_marker_child', 'example_external_task_marker_parent']) retrieved from /home/airflow/.local/lib/python3.7/site-packages/airflow/example_dags/example_external_task_marker_dag.py
[2025-02-01T02:58:25.792+0000] {logging_mixin.py:137} INFO - [2025-02-01T02:58:25.790+0000] {dag.py:2690} INFO - Sync 2 DAGs
[2025-02-01T02:58:25.991+0000] {logging_mixin.py:137} INFO - [2025-02-01T02:58:25.991+0000] {dag.py:3441} INFO - Setting next_dagrun for example_external_task_marker_child to None, run_after=None
[2025-02-01T02:58:26.016+0000] {logging_mixin.py:137} INFO - [2025-02-01T02:58:26.015+0000] {dag.py:3441} INFO - Setting next_dagrun for example_external_task_marker_parent to None, run_after=None
[2025-02-01T02:58:26.142+0000] {processor.py:175} INFO - Processing /home/airflow/.local/lib/python3.7/site-packages/airflow/example_dags/example_external_task_marker_dag.py took 0.678 seconds
[2025-02-01T02:58:57.089+0000] {processor.py:153} INFO - Started process (PID=2097) to work on /home/airflow/.local/lib/python3.7/site-packages/airflow/example_dags/example_external_task_marker_dag.py
[2025-02-01T02:58:57.096+0000] {processor.py:743} INFO - Processing file /home/airflow/.local/lib/python3.7/site-packages/airflow/example_dags/example_external_task_marker_dag.py for tasks to queue
[2025-02-01T02:58:57.102+0000] {logging_mixin.py:137} INFO - [2025-02-01T02:58:57.098+0000] {dagbag.py:538} INFO - Filling up the DagBag from /home/airflow/.local/lib/python3.7/site-packages/airflow/example_dags/example_external_task_marker_dag.py
[2025-02-01T02:58:57.185+0000] {processor.py:753} INFO - DAG(s) dict_keys(['example_external_task_marker_child', 'example_external_task_marker_parent']) retrieved from /home/airflow/.local/lib/python3.7/site-packages/airflow/example_dags/example_external_task_marker_dag.py
[2025-02-01T02:58:57.385+0000] {logging_mixin.py:137} INFO - [2025-02-01T02:58:57.385+0000] {dag.py:2690} INFO - Sync 2 DAGs
[2025-02-01T02:58:57.666+0000] {logging_mixin.py:137} INFO - [2025-02-01T02:58:57.666+0000] {dag.py:3441} INFO - Setting next_dagrun for example_external_task_marker_child to None, run_after=None
[2025-02-01T02:58:57.687+0000] {logging_mixin.py:137} INFO - [2025-02-01T02:58:57.687+0000] {dag.py:3441} INFO - Setting next_dagrun for example_external_task_marker_parent to None, run_after=None
[2025-02-01T02:58:57.817+0000] {processor.py:175} INFO - Processing /home/airflow/.local/lib/python3.7/site-packages/airflow/example_dags/example_external_task_marker_dag.py took 0.747 seconds
[2025-02-01T02:59:28.689+0000] {processor.py:153} INFO - Started process (PID=2155) to work on /home/airflow/.local/lib/python3.7/site-packages/airflow/example_dags/example_external_task_marker_dag.py
[2025-02-01T02:59:28.690+0000] {processor.py:743} INFO - Processing file /home/airflow/.local/lib/python3.7/site-packages/airflow/example_dags/example_external_task_marker_dag.py for tasks to queue
[2025-02-01T02:59:28.692+0000] {logging_mixin.py:137} INFO - [2025-02-01T02:59:28.691+0000] {dagbag.py:538} INFO - Filling up the DagBag from /home/airflow/.local/lib/python3.7/site-packages/airflow/example_dags/example_external_task_marker_dag.py
[2025-02-01T02:59:28.726+0000] {processor.py:753} INFO - DAG(s) dict_keys(['example_external_task_marker_parent', 'example_external_task_marker_child']) retrieved from /home/airflow/.local/lib/python3.7/site-packages/airflow/example_dags/example_external_task_marker_dag.py
[2025-02-01T02:59:28.789+0000] {logging_mixin.py:137} INFO - [2025-02-01T02:59:28.788+0000] {dag.py:2690} INFO - Sync 2 DAGs
[2025-02-01T02:59:28.854+0000] {logging_mixin.py:137} INFO - [2025-02-01T02:59:28.854+0000] {dag.py:3441} INFO - Setting next_dagrun for example_external_task_marker_child to None, run_after=None
[2025-02-01T02:59:28.862+0000] {logging_mixin.py:137} INFO - [2025-02-01T02:59:28.862+0000] {dag.py:3441} INFO - Setting next_dagrun for example_external_task_marker_parent to None, run_after=None
[2025-02-01T02:59:28.905+0000] {processor.py:175} INFO - Processing /home/airflow/.local/lib/python3.7/site-packages/airflow/example_dags/example_external_task_marker_dag.py took 0.224 seconds
[2025-02-01T02:59:59.464+0000] {processor.py:153} INFO - Started process (PID=2214) to work on /home/airflow/.local/lib/python3.7/site-packages/airflow/example_dags/example_external_task_marker_dag.py
[2025-02-01T02:59:59.471+0000] {processor.py:743} INFO - Processing file /home/airflow/.local/lib/python3.7/site-packages/airflow/example_dags/example_external_task_marker_dag.py for tasks to queue
[2025-02-01T02:59:59.476+0000] {logging_mixin.py:137} INFO - [2025-02-01T02:59:59.475+0000] {dagbag.py:538} INFO - Filling up the DagBag from /home/airflow/.local/lib/python3.7/site-packages/airflow/example_dags/example_external_task_marker_dag.py
[2025-02-01T02:59:59.578+0000] {processor.py:753} INFO - DAG(s) dict_keys(['example_external_task_marker_child', 'example_external_task_marker_parent']) retrieved from /home/airflow/.local/lib/python3.7/site-packages/airflow/example_dags/example_external_task_marker_dag.py
[2025-02-01T02:59:59.816+0000] {logging_mixin.py:137} INFO - [2025-02-01T02:59:59.816+0000] {dag.py:2690} INFO - Sync 2 DAGs
[2025-02-01T03:00:00.086+0000] {logging_mixin.py:137} INFO - [2025-02-01T03:00:00.085+0000] {dag.py:3441} INFO - Setting next_dagrun for example_external_task_marker_child to None, run_after=None
[2025-02-01T03:00:00.108+0000] {logging_mixin.py:137} INFO - [2025-02-01T03:00:00.108+0000] {dag.py:3441} INFO - Setting next_dagrun for example_external_task_marker_parent to None, run_after=None
[2025-02-01T03:00:00.267+0000] {processor.py:175} INFO - Processing /home/airflow/.local/lib/python3.7/site-packages/airflow/example_dags/example_external_task_marker_dag.py took 0.818 seconds
[2025-02-01T03:00:30.835+0000] {processor.py:153} INFO - Started process (PID=2263) to work on /home/airflow/.local/lib/python3.7/site-packages/airflow/example_dags/example_external_task_marker_dag.py
[2025-02-01T03:00:30.837+0000] {processor.py:743} INFO - Processing file /home/airflow/.local/lib/python3.7/site-packages/airflow/example_dags/example_external_task_marker_dag.py for tasks to queue
[2025-02-01T03:00:30.846+0000] {logging_mixin.py:137} INFO - [2025-02-01T03:00:30.846+0000] {dagbag.py:538} INFO - Filling up the DagBag from /home/airflow/.local/lib/python3.7/site-packages/airflow/example_dags/example_external_task_marker_dag.py
[2025-02-01T03:00:30.945+0000] {processor.py:753} INFO - DAG(s) dict_keys(['example_external_task_marker_child', 'example_external_task_marker_parent']) retrieved from /home/airflow/.local/lib/python3.7/site-packages/airflow/example_dags/example_external_task_marker_dag.py
[2025-02-01T03:00:31.099+0000] {logging_mixin.py:137} INFO - [2025-02-01T03:00:31.098+0000] {dag.py:2690} INFO - Sync 2 DAGs
[2025-02-01T03:00:31.233+0000] {logging_mixin.py:137} INFO - [2025-02-01T03:00:31.232+0000] {dag.py:3441} INFO - Setting next_dagrun for example_external_task_marker_child to None, run_after=None
[2025-02-01T03:00:31.251+0000] {logging_mixin.py:137} INFO - [2025-02-01T03:00:31.251+0000] {dag.py:3441} INFO - Setting next_dagrun for example_external_task_marker_parent to None, run_after=None
[2025-02-01T03:00:31.368+0000] {processor.py:175} INFO - Processing /home/airflow/.local/lib/python3.7/site-packages/airflow/example_dags/example_external_task_marker_dag.py took 0.566 seconds
[2025-02-01T03:01:01.593+0000] {processor.py:153} INFO - Started process (PID=2322) to work on /home/airflow/.local/lib/python3.7/site-packages/airflow/example_dags/example_external_task_marker_dag.py
[2025-02-01T03:01:01.596+0000] {processor.py:743} INFO - Processing file /home/airflow/.local/lib/python3.7/site-packages/airflow/example_dags/example_external_task_marker_dag.py for tasks to queue
[2025-02-01T03:01:01.602+0000] {logging_mixin.py:137} INFO - [2025-02-01T03:01:01.597+0000] {dagbag.py:538} INFO - Filling up the DagBag from /home/airflow/.local/lib/python3.7/site-packages/airflow/example_dags/example_external_task_marker_dag.py
[2025-02-01T03:01:01.683+0000] {processor.py:753} INFO - DAG(s) dict_keys(['example_external_task_marker_child', 'example_external_task_marker_parent']) retrieved from /home/airflow/.local/lib/python3.7/site-packages/airflow/example_dags/example_external_task_marker_dag.py
[2025-02-01T03:01:01.840+0000] {logging_mixin.py:137} INFO - [2025-02-01T03:01:01.840+0000] {dag.py:2690} INFO - Sync 2 DAGs
[2025-02-01T03:01:01.980+0000] {logging_mixin.py:137} INFO - [2025-02-01T03:01:01.980+0000] {dag.py:3441} INFO - Setting next_dagrun for example_external_task_marker_child to None, run_after=None
[2025-02-01T03:01:01.990+0000] {logging_mixin.py:137} INFO - [2025-02-01T03:01:01.989+0000] {dag.py:3441} INFO - Setting next_dagrun for example_external_task_marker_parent to None, run_after=None
[2025-02-01T03:01:02.038+0000] {processor.py:175} INFO - Processing /home/airflow/.local/lib/python3.7/site-packages/airflow/example_dags/example_external_task_marker_dag.py took 0.467 seconds
[2025-02-01T03:01:32.150+0000] {processor.py:153} INFO - Started process (PID=2381) to work on /home/airflow/.local/lib/python3.7/site-packages/airflow/example_dags/example_external_task_marker_dag.py
[2025-02-01T03:01:32.151+0000] {processor.py:743} INFO - Processing file /home/airflow/.local/lib/python3.7/site-packages/airflow/example_dags/example_external_task_marker_dag.py for tasks to queue
[2025-02-01T03:01:32.153+0000] {logging_mixin.py:137} INFO - [2025-02-01T03:01:32.152+0000] {dagbag.py:538} INFO - Filling up the DagBag from /home/airflow/.local/lib/python3.7/site-packages/airflow/example_dags/example_external_task_marker_dag.py
[2025-02-01T03:01:32.185+0000] {processor.py:753} INFO - DAG(s) dict_keys(['example_external_task_marker_parent', 'example_external_task_marker_child']) retrieved from /home/airflow/.local/lib/python3.7/site-packages/airflow/example_dags/example_external_task_marker_dag.py
[2025-02-01T03:01:32.309+0000] {logging_mixin.py:137} INFO - [2025-02-01T03:01:32.309+0000] {dag.py:2690} INFO - Sync 2 DAGs
[2025-02-01T03:01:32.452+0000] {logging_mixin.py:137} INFO - [2025-02-01T03:01:32.452+0000] {dag.py:3441} INFO - Setting next_dagrun for example_external_task_marker_child to None, run_after=None
[2025-02-01T03:01:32.470+0000] {logging_mixin.py:137} INFO - [2025-02-01T03:01:32.470+0000] {dag.py:3441} INFO - Setting next_dagrun for example_external_task_marker_parent to None, run_after=None
[2025-02-01T03:01:32.553+0000] {processor.py:175} INFO - Processing /home/airflow/.local/lib/python3.7/site-packages/airflow/example_dags/example_external_task_marker_dag.py took 0.418 seconds
[2025-02-01T03:02:03.085+0000] {processor.py:153} INFO - Started process (PID=2439) to work on /home/airflow/.local/lib/python3.7/site-packages/airflow/example_dags/example_external_task_marker_dag.py
[2025-02-01T03:02:03.090+0000] {processor.py:743} INFO - Processing file /home/airflow/.local/lib/python3.7/site-packages/airflow/example_dags/example_external_task_marker_dag.py for tasks to queue
[2025-02-01T03:02:03.098+0000] {logging_mixin.py:137} INFO - [2025-02-01T03:02:03.092+0000] {dagbag.py:538} INFO - Filling up the DagBag from /home/airflow/.local/lib/python3.7/site-packages/airflow/example_dags/example_external_task_marker_dag.py
[2025-02-01T03:02:03.212+0000] {processor.py:753} INFO - DAG(s) dict_keys(['example_external_task_marker_child', 'example_external_task_marker_parent']) retrieved from /home/airflow/.local/lib/python3.7/site-packages/airflow/example_dags/example_external_task_marker_dag.py
[2025-02-01T03:02:03.447+0000] {logging_mixin.py:137} INFO - [2025-02-01T03:02:03.447+0000] {dag.py:2690} INFO - Sync 2 DAGs
[2025-02-01T03:02:03.668+0000] {logging_mixin.py:137} INFO - [2025-02-01T03:02:03.665+0000] {dag.py:3441} INFO - Setting next_dagrun for example_external_task_marker_child to None, run_after=None
[2025-02-01T03:02:03.721+0000] {logging_mixin.py:137} INFO - [2025-02-01T03:02:03.721+0000] {dag.py:3441} INFO - Setting next_dagrun for example_external_task_marker_parent to None, run_after=None
[2025-02-01T03:02:03.906+0000] {processor.py:175} INFO - Processing /home/airflow/.local/lib/python3.7/site-packages/airflow/example_dags/example_external_task_marker_dag.py took 0.828 seconds
[2025-02-01T03:02:34.711+0000] {processor.py:153} INFO - Started process (PID=2498) to work on /home/airflow/.local/lib/python3.7/site-packages/airflow/example_dags/example_external_task_marker_dag.py
[2025-02-01T03:02:34.712+0000] {processor.py:743} INFO - Processing file /home/airflow/.local/lib/python3.7/site-packages/airflow/example_dags/example_external_task_marker_dag.py for tasks to queue
[2025-02-01T03:02:34.714+0000] {logging_mixin.py:137} INFO - [2025-02-01T03:02:34.713+0000] {dagbag.py:538} INFO - Filling up the DagBag from /home/airflow/.local/lib/python3.7/site-packages/airflow/example_dags/example_external_task_marker_dag.py
[2025-02-01T03:02:34.745+0000] {processor.py:753} INFO - DAG(s) dict_keys(['example_external_task_marker_child', 'example_external_task_marker_parent']) retrieved from /home/airflow/.local/lib/python3.7/site-packages/airflow/example_dags/example_external_task_marker_dag.py
[2025-02-01T03:02:34.873+0000] {logging_mixin.py:137} INFO - [2025-02-01T03:02:34.873+0000] {dag.py:2690} INFO - Sync 2 DAGs
[2025-02-01T03:02:35.015+0000] {logging_mixin.py:137} INFO - [2025-02-01T03:02:35.015+0000] {dag.py:3441} INFO - Setting next_dagrun for example_external_task_marker_child to None, run_after=None
[2025-02-01T03:02:35.035+0000] {logging_mixin.py:137} INFO - [2025-02-01T03:02:35.035+0000] {dag.py:3441} INFO - Setting next_dagrun for example_external_task_marker_parent to None, run_after=None
[2025-02-01T03:02:35.077+0000] {processor.py:175} INFO - Processing /home/airflow/.local/lib/python3.7/site-packages/airflow/example_dags/example_external_task_marker_dag.py took 0.380 seconds
[2025-02-01T03:03:05.584+0000] {processor.py:153} INFO - Started process (PID=2547) to work on /home/airflow/.local/lib/python3.7/site-packages/airflow/example_dags/example_external_task_marker_dag.py
[2025-02-01T03:03:05.586+0000] {processor.py:743} INFO - Processing file /home/airflow/.local/lib/python3.7/site-packages/airflow/example_dags/example_external_task_marker_dag.py for tasks to queue
[2025-02-01T03:03:05.588+0000] {logging_mixin.py:137} INFO - [2025-02-01T03:03:05.587+0000] {dagbag.py:538} INFO - Filling up the DagBag from /home/airflow/.local/lib/python3.7/site-packages/airflow/example_dags/example_external_task_marker_dag.py
[2025-02-01T03:03:05.622+0000] {processor.py:753} INFO - DAG(s) dict_keys(['example_external_task_marker_child', 'example_external_task_marker_parent']) retrieved from /home/airflow/.local/lib/python3.7/site-packages/airflow/example_dags/example_external_task_marker_dag.py
[2025-02-01T03:03:05.691+0000] {logging_mixin.py:137} INFO - [2025-02-01T03:03:05.690+0000] {dag.py:2690} INFO - Sync 2 DAGs
[2025-02-01T03:03:05.754+0000] {logging_mixin.py:137} INFO - [2025-02-01T03:03:05.754+0000] {dag.py:3441} INFO - Setting next_dagrun for example_external_task_marker_child to None, run_after=None
[2025-02-01T03:03:05.763+0000] {logging_mixin.py:137} INFO - [2025-02-01T03:03:05.762+0000] {dag.py:3441} INFO - Setting next_dagrun for example_external_task_marker_parent to None, run_after=None
[2025-02-01T03:03:05.803+0000] {processor.py:175} INFO - Processing /home/airflow/.local/lib/python3.7/site-packages/airflow/example_dags/example_external_task_marker_dag.py took 0.226 seconds
[2025-02-01T03:03:36.811+0000] {processor.py:153} INFO - Started process (PID=2606) to work on /home/airflow/.local/lib/python3.7/site-packages/airflow/example_dags/example_external_task_marker_dag.py
[2025-02-01T03:03:36.814+0000] {processor.py:743} INFO - Processing file /home/airflow/.local/lib/python3.7/site-packages/airflow/example_dags/example_external_task_marker_dag.py for tasks to queue
[2025-02-01T03:03:36.816+0000] {logging_mixin.py:137} INFO - [2025-02-01T03:03:36.816+0000] {dagbag.py:538} INFO - Filling up the DagBag from /home/airflow/.local/lib/python3.7/site-packages/airflow/example_dags/example_external_task_marker_dag.py
[2025-02-01T03:03:36.874+0000] {processor.py:753} INFO - DAG(s) dict_keys(['example_external_task_marker_child', 'example_external_task_marker_parent']) retrieved from /home/airflow/.local/lib/python3.7/site-packages/airflow/example_dags/example_external_task_marker_dag.py
[2025-02-01T03:03:36.986+0000] {logging_mixin.py:137} INFO - [2025-02-01T03:03:36.985+0000] {dag.py:2690} INFO - Sync 2 DAGs
[2025-02-01T03:03:37.077+0000] {logging_mixin.py:137} INFO - [2025-02-01T03:03:37.077+0000] {dag.py:3441} INFO - Setting next_dagrun for example_external_task_marker_child to None, run_after=None
[2025-02-01T03:03:37.086+0000] {logging_mixin.py:137} INFO - [2025-02-01T03:03:37.085+0000] {dag.py:3441} INFO - Setting next_dagrun for example_external_task_marker_parent to None, run_after=None
[2025-02-01T03:03:37.147+0000] {processor.py:175} INFO - Processing /home/airflow/.local/lib/python3.7/site-packages/airflow/example_dags/example_external_task_marker_dag.py took 0.352 seconds
[2025-02-01T03:04:09.290+0000] {processor.py:153} INFO - Started process (PID=2664) to work on /home/airflow/.local/lib/python3.7/site-packages/airflow/example_dags/example_external_task_marker_dag.py
[2025-02-01T03:04:09.305+0000] {processor.py:743} INFO - Processing file /home/airflow/.local/lib/python3.7/site-packages/airflow/example_dags/example_external_task_marker_dag.py for tasks to queue
[2025-02-01T03:04:09.313+0000] {logging_mixin.py:137} INFO - [2025-02-01T03:04:09.307+0000] {dagbag.py:538} INFO - Filling up the DagBag from /home/airflow/.local/lib/python3.7/site-packages/airflow/example_dags/example_external_task_marker_dag.py
[2025-02-01T03:04:09.458+0000] {processor.py:753} INFO - DAG(s) dict_keys(['example_external_task_marker_child', 'example_external_task_marker_parent']) retrieved from /home/airflow/.local/lib/python3.7/site-packages/airflow/example_dags/example_external_task_marker_dag.py
[2025-02-01T03:04:09.765+0000] {logging_mixin.py:137} INFO - [2025-02-01T03:04:09.764+0000] {dag.py:2690} INFO - Sync 2 DAGs
[2025-02-01T03:04:10.096+0000] {logging_mixin.py:137} INFO - [2025-02-01T03:04:10.096+0000] {dag.py:3441} INFO - Setting next_dagrun for example_external_task_marker_child to None, run_after=None
[2025-02-01T03:04:10.129+0000] {logging_mixin.py:137} INFO - [2025-02-01T03:04:10.129+0000] {dag.py:3441} INFO - Setting next_dagrun for example_external_task_marker_parent to None, run_after=None
[2025-02-01T03:04:10.293+0000] {processor.py:175} INFO - Processing /home/airflow/.local/lib/python3.7/site-packages/airflow/example_dags/example_external_task_marker_dag.py took 1.040 seconds
[2025-02-01T03:04:40.635+0000] {processor.py:153} INFO - Started process (PID=2713) to work on /home/airflow/.local/lib/python3.7/site-packages/airflow/example_dags/example_external_task_marker_dag.py
[2025-02-01T03:04:40.636+0000] {processor.py:743} INFO - Processing file /home/airflow/.local/lib/python3.7/site-packages/airflow/example_dags/example_external_task_marker_dag.py for tasks to queue
[2025-02-01T03:04:40.638+0000] {logging_mixin.py:137} INFO - [2025-02-01T03:04:40.638+0000] {dagbag.py:538} INFO - Filling up the DagBag from /home/airflow/.local/lib/python3.7/site-packages/airflow/example_dags/example_external_task_marker_dag.py
[2025-02-01T03:04:40.671+0000] {processor.py:753} INFO - DAG(s) dict_keys(['example_external_task_marker_child', 'example_external_task_marker_parent']) retrieved from /home/airflow/.local/lib/python3.7/site-packages/airflow/example_dags/example_external_task_marker_dag.py
[2025-02-01T03:04:40.735+0000] {logging_mixin.py:137} INFO - [2025-02-01T03:04:40.735+0000] {dag.py:2690} INFO - Sync 2 DAGs
[2025-02-01T03:04:40.801+0000] {logging_mixin.py:137} INFO - [2025-02-01T03:04:40.800+0000] {dag.py:3441} INFO - Setting next_dagrun for example_external_task_marker_child to None, run_after=None
[2025-02-01T03:04:40.808+0000] {logging_mixin.py:137} INFO - [2025-02-01T03:04:40.808+0000] {dag.py:3441} INFO - Setting next_dagrun for example_external_task_marker_parent to None, run_after=None
[2025-02-01T03:04:40.850+0000] {processor.py:175} INFO - Processing /home/airflow/.local/lib/python3.7/site-packages/airflow/example_dags/example_external_task_marker_dag.py took 0.222 seconds
[2025-02-01T03:05:11.381+0000] {processor.py:153} INFO - Started process (PID=2772) to work on /home/airflow/.local/lib/python3.7/site-packages/airflow/example_dags/example_external_task_marker_dag.py
[2025-02-01T03:05:11.387+0000] {processor.py:743} INFO - Processing file /home/airflow/.local/lib/python3.7/site-packages/airflow/example_dags/example_external_task_marker_dag.py for tasks to queue
[2025-02-01T03:05:11.389+0000] {logging_mixin.py:137} INFO - [2025-02-01T03:05:11.388+0000] {dagbag.py:538} INFO - Filling up the DagBag from /home/airflow/.local/lib/python3.7/site-packages/airflow/example_dags/example_external_task_marker_dag.py
[2025-02-01T03:05:11.467+0000] {processor.py:753} INFO - DAG(s) dict_keys(['example_external_task_marker_child', 'example_external_task_marker_parent']) retrieved from /home/airflow/.local/lib/python3.7/site-packages/airflow/example_dags/example_external_task_marker_dag.py
[2025-02-01T03:05:11.597+0000] {logging_mixin.py:137} INFO - [2025-02-01T03:05:11.597+0000] {dag.py:2690} INFO - Sync 2 DAGs
[2025-02-01T03:05:11.742+0000] {logging_mixin.py:137} INFO - [2025-02-01T03:05:11.740+0000] {dag.py:3441} INFO - Setting next_dagrun for example_external_task_marker_child to None, run_after=None
[2025-02-01T03:05:11.758+0000] {logging_mixin.py:137} INFO - [2025-02-01T03:05:11.758+0000] {dag.py:3441} INFO - Setting next_dagrun for example_external_task_marker_parent to None, run_after=None
[2025-02-01T03:05:11.864+0000] {processor.py:175} INFO - Processing /home/airflow/.local/lib/python3.7/site-packages/airflow/example_dags/example_external_task_marker_dag.py took 0.508 seconds
[2025-02-01T03:05:42.041+0000] {processor.py:153} INFO - Started process (PID=2831) to work on /home/airflow/.local/lib/python3.7/site-packages/airflow/example_dags/example_external_task_marker_dag.py
[2025-02-01T03:05:42.047+0000] {processor.py:743} INFO - Processing file /home/airflow/.local/lib/python3.7/site-packages/airflow/example_dags/example_external_task_marker_dag.py for tasks to queue
[2025-02-01T03:05:42.053+0000] {logging_mixin.py:137} INFO - [2025-02-01T03:05:42.050+0000] {dagbag.py:538} INFO - Filling up the DagBag from /home/airflow/.local/lib/python3.7/site-packages/airflow/example_dags/example_external_task_marker_dag.py
[2025-02-01T03:05:42.194+0000] {processor.py:753} INFO - DAG(s) dict_keys(['example_external_task_marker_parent', 'example_external_task_marker_child']) retrieved from /home/airflow/.local/lib/python3.7/site-packages/airflow/example_dags/example_external_task_marker_dag.py
[2025-02-01T03:05:42.374+0000] {logging_mixin.py:137} INFO - [2025-02-01T03:05:42.374+0000] {dag.py:2690} INFO - Sync 2 DAGs
[2025-02-01T03:05:42.511+0000] {logging_mixin.py:137} INFO - [2025-02-01T03:05:42.511+0000] {dag.py:3441} INFO - Setting next_dagrun for example_external_task_marker_child to None, run_after=None
[2025-02-01T03:05:42.549+0000] {logging_mixin.py:137} INFO - [2025-02-01T03:05:42.549+0000] {dag.py:3441} INFO - Setting next_dagrun for example_external_task_marker_parent to None, run_after=None
[2025-02-01T03:05:42.634+0000] {processor.py:175} INFO - Processing /home/airflow/.local/lib/python3.7/site-packages/airflow/example_dags/example_external_task_marker_dag.py took 0.612 seconds
[2025-02-01T03:06:13.545+0000] {processor.py:153} INFO - Started process (PID=2887) to work on /home/airflow/.local/lib/python3.7/site-packages/airflow/example_dags/example_external_task_marker_dag.py
[2025-02-01T03:06:13.552+0000] {processor.py:743} INFO - Processing file /home/airflow/.local/lib/python3.7/site-packages/airflow/example_dags/example_external_task_marker_dag.py for tasks to queue
[2025-02-01T03:06:13.558+0000] {logging_mixin.py:137} INFO - [2025-02-01T03:06:13.558+0000] {dagbag.py:538} INFO - Filling up the DagBag from /home/airflow/.local/lib/python3.7/site-packages/airflow/example_dags/example_external_task_marker_dag.py
[2025-02-01T03:06:13.712+0000] {processor.py:753} INFO - DAG(s) dict_keys(['example_external_task_marker_parent', 'example_external_task_marker_child']) retrieved from /home/airflow/.local/lib/python3.7/site-packages/airflow/example_dags/example_external_task_marker_dag.py
[2025-02-01T03:06:13.957+0000] {logging_mixin.py:137} INFO - [2025-02-01T03:06:13.957+0000] {dag.py:2690} INFO - Sync 2 DAGs
[2025-02-01T03:06:14.099+0000] {logging_mixin.py:137} INFO - [2025-02-01T03:06:14.099+0000] {dag.py:3441} INFO - Setting next_dagrun for example_external_task_marker_child to None, run_after=None
[2025-02-01T03:06:14.117+0000] {logging_mixin.py:137} INFO - [2025-02-01T03:06:14.116+0000] {dag.py:3441} INFO - Setting next_dagrun for example_external_task_marker_parent to None, run_after=None
[2025-02-01T03:06:14.194+0000] {processor.py:175} INFO - Processing /home/airflow/.local/lib/python3.7/site-packages/airflow/example_dags/example_external_task_marker_dag.py took 0.679 seconds
[2025-02-01T03:06:44.436+0000] {processor.py:153} INFO - Started process (PID=2939) to work on /home/airflow/.local/lib/python3.7/site-packages/airflow/example_dags/example_external_task_marker_dag.py
[2025-02-01T03:06:44.438+0000] {processor.py:743} INFO - Processing file /home/airflow/.local/lib/python3.7/site-packages/airflow/example_dags/example_external_task_marker_dag.py for tasks to queue
[2025-02-01T03:06:44.439+0000] {logging_mixin.py:137} INFO - [2025-02-01T03:06:44.439+0000] {dagbag.py:538} INFO - Filling up the DagBag from /home/airflow/.local/lib/python3.7/site-packages/airflow/example_dags/example_external_task_marker_dag.py
[2025-02-01T03:06:44.472+0000] {processor.py:753} INFO - DAG(s) dict_keys(['example_external_task_marker_child', 'example_external_task_marker_parent']) retrieved from /home/airflow/.local/lib/python3.7/site-packages/airflow/example_dags/example_external_task_marker_dag.py
[2025-02-01T03:06:44.536+0000] {logging_mixin.py:137} INFO - [2025-02-01T03:06:44.535+0000] {dag.py:2690} INFO - Sync 2 DAGs
[2025-02-01T03:06:44.614+0000] {logging_mixin.py:137} INFO - [2025-02-01T03:06:44.614+0000] {dag.py:3441} INFO - Setting next_dagrun for example_external_task_marker_child to None, run_after=None
[2025-02-01T03:06:44.622+0000] {logging_mixin.py:137} INFO - [2025-02-01T03:06:44.622+0000] {dag.py:3441} INFO - Setting next_dagrun for example_external_task_marker_parent to None, run_after=None
[2025-02-01T03:06:44.698+0000] {processor.py:175} INFO - Processing /home/airflow/.local/lib/python3.7/site-packages/airflow/example_dags/example_external_task_marker_dag.py took 0.269 seconds
[2025-02-01T03:07:15.000+0000] {processor.py:153} INFO - Started process (PID=2998) to work on /home/airflow/.local/lib/python3.7/site-packages/airflow/example_dags/example_external_task_marker_dag.py
[2025-02-01T03:07:15.004+0000] {processor.py:743} INFO - Processing file /home/airflow/.local/lib/python3.7/site-packages/airflow/example_dags/example_external_task_marker_dag.py for tasks to queue
[2025-02-01T03:07:15.014+0000] {logging_mixin.py:137} INFO - [2025-02-01T03:07:15.013+0000] {dagbag.py:538} INFO - Filling up the DagBag from /home/airflow/.local/lib/python3.7/site-packages/airflow/example_dags/example_external_task_marker_dag.py
[2025-02-01T03:07:15.150+0000] {processor.py:753} INFO - DAG(s) dict_keys(['example_external_task_marker_child', 'example_external_task_marker_parent']) retrieved from /home/airflow/.local/lib/python3.7/site-packages/airflow/example_dags/example_external_task_marker_dag.py
[2025-02-01T03:07:15.230+0000] {logging_mixin.py:137} INFO - [2025-02-01T03:07:15.229+0000] {dag.py:2690} INFO - Sync 2 DAGs
[2025-02-01T03:07:15.351+0000] {logging_mixin.py:137} INFO - [2025-02-01T03:07:15.351+0000] {dag.py:3441} INFO - Setting next_dagrun for example_external_task_marker_child to None, run_after=None
[2025-02-01T03:07:15.376+0000] {logging_mixin.py:137} INFO - [2025-02-01T03:07:15.376+0000] {dag.py:3441} INFO - Setting next_dagrun for example_external_task_marker_parent to None, run_after=None
[2025-02-01T03:07:15.491+0000] {processor.py:175} INFO - Processing /home/airflow/.local/lib/python3.7/site-packages/airflow/example_dags/example_external_task_marker_dag.py took 0.533 seconds
[2025-02-01T03:07:45.633+0000] {processor.py:153} INFO - Started process (PID=3047) to work on /home/airflow/.local/lib/python3.7/site-packages/airflow/example_dags/example_external_task_marker_dag.py
[2025-02-01T03:07:45.635+0000] {processor.py:743} INFO - Processing file /home/airflow/.local/lib/python3.7/site-packages/airflow/example_dags/example_external_task_marker_dag.py for tasks to queue
[2025-02-01T03:07:45.636+0000] {logging_mixin.py:137} INFO - [2025-02-01T03:07:45.636+0000] {dagbag.py:538} INFO - Filling up the DagBag from /home/airflow/.local/lib/python3.7/site-packages/airflow/example_dags/example_external_task_marker_dag.py
[2025-02-01T03:07:45.667+0000] {processor.py:753} INFO - DAG(s) dict_keys(['example_external_task_marker_parent', 'example_external_task_marker_child']) retrieved from /home/airflow/.local/lib/python3.7/site-packages/airflow/example_dags/example_external_task_marker_dag.py
[2025-02-01T03:07:45.731+0000] {logging_mixin.py:137} INFO - [2025-02-01T03:07:45.731+0000] {dag.py:2690} INFO - Sync 2 DAGs
[2025-02-01T03:07:45.796+0000] {logging_mixin.py:137} INFO - [2025-02-01T03:07:45.795+0000] {dag.py:3441} INFO - Setting next_dagrun for example_external_task_marker_child to None, run_after=None
[2025-02-01T03:07:45.804+0000] {logging_mixin.py:137} INFO - [2025-02-01T03:07:45.804+0000] {dag.py:3441} INFO - Setting next_dagrun for example_external_task_marker_parent to None, run_after=None
[2025-02-01T03:07:45.845+0000] {processor.py:175} INFO - Processing /home/airflow/.local/lib/python3.7/site-packages/airflow/example_dags/example_external_task_marker_dag.py took 0.219 seconds
[2025-02-01T03:08:15.924+0000] {processor.py:153} INFO - Started process (PID=3105) to work on /home/airflow/.local/lib/python3.7/site-packages/airflow/example_dags/example_external_task_marker_dag.py
[2025-02-01T03:08:15.926+0000] {processor.py:743} INFO - Processing file /home/airflow/.local/lib/python3.7/site-packages/airflow/example_dags/example_external_task_marker_dag.py for tasks to queue
[2025-02-01T03:08:15.928+0000] {logging_mixin.py:137} INFO - [2025-02-01T03:08:15.927+0000] {dagbag.py:538} INFO - Filling up the DagBag from /home/airflow/.local/lib/python3.7/site-packages/airflow/example_dags/example_external_task_marker_dag.py
[2025-02-01T03:08:15.962+0000] {processor.py:753} INFO - DAG(s) dict_keys(['example_external_task_marker_child', 'example_external_task_marker_parent']) retrieved from /home/airflow/.local/lib/python3.7/site-packages/airflow/example_dags/example_external_task_marker_dag.py
[2025-02-01T03:08:16.024+0000] {logging_mixin.py:137} INFO - [2025-02-01T03:08:16.023+0000] {dag.py:2690} INFO - Sync 2 DAGs
[2025-02-01T03:08:16.090+0000] {logging_mixin.py:137} INFO - [2025-02-01T03:08:16.090+0000] {dag.py:3441} INFO - Setting next_dagrun for example_external_task_marker_child to None, run_after=None
[2025-02-01T03:08:16.099+0000] {logging_mixin.py:137} INFO - [2025-02-01T03:08:16.099+0000] {dag.py:3441} INFO - Setting next_dagrun for example_external_task_marker_parent to None, run_after=None
[2025-02-01T03:08:16.147+0000] {processor.py:175} INFO - Processing /home/airflow/.local/lib/python3.7/site-packages/airflow/example_dags/example_external_task_marker_dag.py took 0.241 seconds
[2025-02-01T03:08:46.778+0000] {processor.py:153} INFO - Started process (PID=3163) to work on /home/airflow/.local/lib/python3.7/site-packages/airflow/example_dags/example_external_task_marker_dag.py
[2025-02-01T03:08:46.779+0000] {processor.py:743} INFO - Processing file /home/airflow/.local/lib/python3.7/site-packages/airflow/example_dags/example_external_task_marker_dag.py for tasks to queue
[2025-02-01T03:08:46.781+0000] {logging_mixin.py:137} INFO - [2025-02-01T03:08:46.780+0000] {dagbag.py:538} INFO - Filling up the DagBag from /home/airflow/.local/lib/python3.7/site-packages/airflow/example_dags/example_external_task_marker_dag.py
[2025-02-01T03:08:46.819+0000] {processor.py:753} INFO - DAG(s) dict_keys(['example_external_task_marker_parent', 'example_external_task_marker_child']) retrieved from /home/airflow/.local/lib/python3.7/site-packages/airflow/example_dags/example_external_task_marker_dag.py
[2025-02-01T03:08:46.909+0000] {logging_mixin.py:137} INFO - [2025-02-01T03:08:46.908+0000] {dag.py:2690} INFO - Sync 2 DAGs
[2025-02-01T03:08:46.970+0000] {logging_mixin.py:137} INFO - [2025-02-01T03:08:46.969+0000] {dag.py:3441} INFO - Setting next_dagrun for example_external_task_marker_child to None, run_after=None
[2025-02-01T03:08:46.980+0000] {logging_mixin.py:137} INFO - [2025-02-01T03:08:46.980+0000] {dag.py:3441} INFO - Setting next_dagrun for example_external_task_marker_parent to None, run_after=None
[2025-02-01T03:08:47.020+0000] {processor.py:175} INFO - Processing /home/airflow/.local/lib/python3.7/site-packages/airflow/example_dags/example_external_task_marker_dag.py took 0.250 seconds
[2025-02-01T03:09:17.472+0000] {processor.py:153} INFO - Started process (PID=3221) to work on /home/airflow/.local/lib/python3.7/site-packages/airflow/example_dags/example_external_task_marker_dag.py
[2025-02-01T03:09:17.479+0000] {processor.py:743} INFO - Processing file /home/airflow/.local/lib/python3.7/site-packages/airflow/example_dags/example_external_task_marker_dag.py for tasks to queue
[2025-02-01T03:09:17.483+0000] {logging_mixin.py:137} INFO - [2025-02-01T03:09:17.481+0000] {dagbag.py:538} INFO - Filling up the DagBag from /home/airflow/.local/lib/python3.7/site-packages/airflow/example_dags/example_external_task_marker_dag.py
[2025-02-01T03:09:17.553+0000] {processor.py:753} INFO - DAG(s) dict_keys(['example_external_task_marker_parent', 'example_external_task_marker_child']) retrieved from /home/airflow/.local/lib/python3.7/site-packages/airflow/example_dags/example_external_task_marker_dag.py
[2025-02-01T03:09:17.626+0000] {logging_mixin.py:137} INFO - [2025-02-01T03:09:17.626+0000] {dag.py:2690} INFO - Sync 2 DAGs
[2025-02-01T03:09:17.690+0000] {logging_mixin.py:137} INFO - [2025-02-01T03:09:17.690+0000] {dag.py:3441} INFO - Setting next_dagrun for example_external_task_marker_child to None, run_after=None
[2025-02-01T03:09:17.698+0000] {logging_mixin.py:137} INFO - [2025-02-01T03:09:17.697+0000] {dag.py:3441} INFO - Setting next_dagrun for example_external_task_marker_parent to None, run_after=None
[2025-02-01T03:09:17.737+0000] {processor.py:175} INFO - Processing /home/airflow/.local/lib/python3.7/site-packages/airflow/example_dags/example_external_task_marker_dag.py took 0.287 seconds
