[2025-02-01T02:40:34.590+0000] {processor.py:153} INFO - Started process (PID=99) to work on /home/airflow/.local/lib/python3.7/site-packages/airflow/example_dags/example_branch_operator.py
[2025-02-01T02:40:34.591+0000] {processor.py:743} INFO - Processing file /home/airflow/.local/lib/python3.7/site-packages/airflow/example_dags/example_branch_operator.py for tasks to queue
[2025-02-01T02:40:34.593+0000] {logging_mixin.py:137} INFO - [2025-02-01T02:40:34.592+0000] {dagbag.py:538} INFO - Filling up the DagBag from /home/airflow/.local/lib/python3.7/site-packages/airflow/example_dags/example_branch_operator.py
[2025-02-01T02:40:34.637+0000] {processor.py:753} INFO - DAG(s) dict_keys(['example_branch_operator']) retrieved from /home/airflow/.local/lib/python3.7/site-packages/airflow/example_dags/example_branch_operator.py
[2025-02-01T02:40:34.700+0000] {logging_mixin.py:137} INFO - [2025-02-01T02:40:34.700+0000] {dag.py:2690} INFO - Sync 1 DAGs
[2025-02-01T02:40:34.771+0000] {logging_mixin.py:137} INFO - [2025-02-01T02:40:34.771+0000] {dag.py:3441} INFO - Setting next_dagrun for example_branch_operator to 2025-01-31T00:00:00+00:00, run_after=2025-02-01T00:00:00+00:00
[2025-02-01T02:40:34.837+0000] {processor.py:175} INFO - Processing /home/airflow/.local/lib/python3.7/site-packages/airflow/example_dags/example_branch_operator.py took 0.260 seconds
[2025-02-01T02:41:08.358+0000] {processor.py:153} INFO - Started process (PID=156) to work on /home/airflow/.local/lib/python3.7/site-packages/airflow/example_dags/example_branch_operator.py
[2025-02-01T02:41:08.360+0000] {processor.py:743} INFO - Processing file /home/airflow/.local/lib/python3.7/site-packages/airflow/example_dags/example_branch_operator.py for tasks to queue
[2025-02-01T02:41:08.363+0000] {logging_mixin.py:137} INFO - [2025-02-01T02:41:08.363+0000] {dagbag.py:538} INFO - Filling up the DagBag from /home/airflow/.local/lib/python3.7/site-packages/airflow/example_dags/example_branch_operator.py
[2025-02-01T02:41:08.497+0000] {processor.py:753} INFO - DAG(s) dict_keys(['example_branch_operator']) retrieved from /home/airflow/.local/lib/python3.7/site-packages/airflow/example_dags/example_branch_operator.py
[2025-02-01T02:41:08.671+0000] {logging_mixin.py:137} INFO - [2025-02-01T02:41:08.670+0000] {dag.py:2690} INFO - Sync 1 DAGs
[2025-02-01T02:41:08.903+0000] {logging_mixin.py:137} INFO - [2025-02-01T02:41:08.903+0000] {dag.py:3441} INFO - Setting next_dagrun for example_branch_operator to 2025-01-31T00:00:00+00:00, run_after=2025-02-01T00:00:00+00:00
[2025-02-01T02:41:09.125+0000] {processor.py:175} INFO - Processing /home/airflow/.local/lib/python3.7/site-packages/airflow/example_dags/example_branch_operator.py took 0.802 seconds
[2025-02-01T02:41:39.608+0000] {processor.py:153} INFO - Started process (PID=205) to work on /home/airflow/.local/lib/python3.7/site-packages/airflow/example_dags/example_branch_operator.py
[2025-02-01T02:41:39.611+0000] {processor.py:743} INFO - Processing file /home/airflow/.local/lib/python3.7/site-packages/airflow/example_dags/example_branch_operator.py for tasks to queue
[2025-02-01T02:41:39.618+0000] {logging_mixin.py:137} INFO - [2025-02-01T02:41:39.617+0000] {dagbag.py:538} INFO - Filling up the DagBag from /home/airflow/.local/lib/python3.7/site-packages/airflow/example_dags/example_branch_operator.py
[2025-02-01T02:41:39.812+0000] {processor.py:753} INFO - DAG(s) dict_keys(['example_branch_operator']) retrieved from /home/airflow/.local/lib/python3.7/site-packages/airflow/example_dags/example_branch_operator.py
[2025-02-01T02:41:39.876+0000] {logging_mixin.py:137} INFO - [2025-02-01T02:41:39.876+0000] {dag.py:2690} INFO - Sync 1 DAGs
[2025-02-01T02:41:39.954+0000] {logging_mixin.py:137} INFO - [2025-02-01T02:41:39.954+0000] {dag.py:3441} INFO - Setting next_dagrun for example_branch_operator to 2025-01-31T00:00:00+00:00, run_after=2025-02-01T00:00:00+00:00
[2025-02-01T02:41:40.015+0000] {processor.py:175} INFO - Processing /home/airflow/.local/lib/python3.7/site-packages/airflow/example_dags/example_branch_operator.py took 0.435 seconds
[2025-02-01T02:42:10.113+0000] {processor.py:153} INFO - Started process (PID=265) to work on /home/airflow/.local/lib/python3.7/site-packages/airflow/example_dags/example_branch_operator.py
[2025-02-01T02:42:10.115+0000] {processor.py:743} INFO - Processing file /home/airflow/.local/lib/python3.7/site-packages/airflow/example_dags/example_branch_operator.py for tasks to queue
[2025-02-01T02:42:10.116+0000] {logging_mixin.py:137} INFO - [2025-02-01T02:42:10.116+0000] {dagbag.py:538} INFO - Filling up the DagBag from /home/airflow/.local/lib/python3.7/site-packages/airflow/example_dags/example_branch_operator.py
[2025-02-01T02:42:10.161+0000] {processor.py:753} INFO - DAG(s) dict_keys(['example_branch_operator']) retrieved from /home/airflow/.local/lib/python3.7/site-packages/airflow/example_dags/example_branch_operator.py
[2025-02-01T02:42:10.223+0000] {logging_mixin.py:137} INFO - [2025-02-01T02:42:10.223+0000] {dag.py:2690} INFO - Sync 1 DAGs
[2025-02-01T02:42:10.291+0000] {logging_mixin.py:137} INFO - [2025-02-01T02:42:10.290+0000] {dag.py:3441} INFO - Setting next_dagrun for example_branch_operator to 2025-01-31T00:00:00+00:00, run_after=2025-02-01T00:00:00+00:00
[2025-02-01T02:42:10.336+0000] {processor.py:175} INFO - Processing /home/airflow/.local/lib/python3.7/site-packages/airflow/example_dags/example_branch_operator.py took 0.233 seconds
[2025-02-01T02:42:40.490+0000] {processor.py:153} INFO - Started process (PID=325) to work on /home/airflow/.local/lib/python3.7/site-packages/airflow/example_dags/example_branch_operator.py
[2025-02-01T02:42:40.491+0000] {processor.py:743} INFO - Processing file /home/airflow/.local/lib/python3.7/site-packages/airflow/example_dags/example_branch_operator.py for tasks to queue
[2025-02-01T02:42:40.493+0000] {logging_mixin.py:137} INFO - [2025-02-01T02:42:40.493+0000] {dagbag.py:538} INFO - Filling up the DagBag from /home/airflow/.local/lib/python3.7/site-packages/airflow/example_dags/example_branch_operator.py
[2025-02-01T02:42:40.533+0000] {processor.py:753} INFO - DAG(s) dict_keys(['example_branch_operator']) retrieved from /home/airflow/.local/lib/python3.7/site-packages/airflow/example_dags/example_branch_operator.py
[2025-02-01T02:42:40.597+0000] {logging_mixin.py:137} INFO - [2025-02-01T02:42:40.596+0000] {dag.py:2690} INFO - Sync 1 DAGs
[2025-02-01T02:42:40.666+0000] {logging_mixin.py:137} INFO - [2025-02-01T02:42:40.666+0000] {dag.py:3441} INFO - Setting next_dagrun for example_branch_operator to 2025-01-31T00:00:00+00:00, run_after=2025-02-01T00:00:00+00:00
[2025-02-01T02:42:40.711+0000] {processor.py:175} INFO - Processing /home/airflow/.local/lib/python3.7/site-packages/airflow/example_dags/example_branch_operator.py took 0.228 seconds
[2025-02-01T02:43:11.635+0000] {processor.py:153} INFO - Started process (PID=383) to work on /home/airflow/.local/lib/python3.7/site-packages/airflow/example_dags/example_branch_operator.py
[2025-02-01T02:43:11.641+0000] {processor.py:743} INFO - Processing file /home/airflow/.local/lib/python3.7/site-packages/airflow/example_dags/example_branch_operator.py for tasks to queue
[2025-02-01T02:43:11.645+0000] {logging_mixin.py:137} INFO - [2025-02-01T02:43:11.643+0000] {dagbag.py:538} INFO - Filling up the DagBag from /home/airflow/.local/lib/python3.7/site-packages/airflow/example_dags/example_branch_operator.py
[2025-02-01T02:43:11.728+0000] {processor.py:753} INFO - DAG(s) dict_keys(['example_branch_operator']) retrieved from /home/airflow/.local/lib/python3.7/site-packages/airflow/example_dags/example_branch_operator.py
[2025-02-01T02:43:11.849+0000] {logging_mixin.py:137} INFO - [2025-02-01T02:43:11.849+0000] {dag.py:2690} INFO - Sync 1 DAGs
[2025-02-01T02:43:11.962+0000] {logging_mixin.py:137} INFO - [2025-02-01T02:43:11.958+0000] {dag.py:3441} INFO - Setting next_dagrun for example_branch_operator to 2025-01-31T00:00:00+00:00, run_after=2025-02-01T00:00:00+00:00
[2025-02-01T02:43:12.037+0000] {processor.py:175} INFO - Processing /home/airflow/.local/lib/python3.7/site-packages/airflow/example_dags/example_branch_operator.py took 0.428 seconds
[2025-02-01T02:43:42.536+0000] {processor.py:153} INFO - Started process (PID=432) to work on /home/airflow/.local/lib/python3.7/site-packages/airflow/example_dags/example_branch_operator.py
[2025-02-01T02:43:42.538+0000] {processor.py:743} INFO - Processing file /home/airflow/.local/lib/python3.7/site-packages/airflow/example_dags/example_branch_operator.py for tasks to queue
[2025-02-01T02:43:42.539+0000] {logging_mixin.py:137} INFO - [2025-02-01T02:43:42.539+0000] {dagbag.py:538} INFO - Filling up the DagBag from /home/airflow/.local/lib/python3.7/site-packages/airflow/example_dags/example_branch_operator.py
[2025-02-01T02:43:42.580+0000] {processor.py:753} INFO - DAG(s) dict_keys(['example_branch_operator']) retrieved from /home/airflow/.local/lib/python3.7/site-packages/airflow/example_dags/example_branch_operator.py
[2025-02-01T02:43:42.643+0000] {logging_mixin.py:137} INFO - [2025-02-01T02:43:42.642+0000] {dag.py:2690} INFO - Sync 1 DAGs
[2025-02-01T02:43:42.715+0000] {logging_mixin.py:137} INFO - [2025-02-01T02:43:42.715+0000] {dag.py:3441} INFO - Setting next_dagrun for example_branch_operator to 2025-01-31T00:00:00+00:00, run_after=2025-02-01T00:00:00+00:00
[2025-02-01T02:43:42.766+0000] {processor.py:175} INFO - Processing /home/airflow/.local/lib/python3.7/site-packages/airflow/example_dags/example_branch_operator.py took 0.237 seconds
[2025-02-01T02:44:13.262+0000] {processor.py:153} INFO - Started process (PID=491) to work on /home/airflow/.local/lib/python3.7/site-packages/airflow/example_dags/example_branch_operator.py
[2025-02-01T02:44:13.270+0000] {processor.py:743} INFO - Processing file /home/airflow/.local/lib/python3.7/site-packages/airflow/example_dags/example_branch_operator.py for tasks to queue
[2025-02-01T02:44:13.274+0000] {logging_mixin.py:137} INFO - [2025-02-01T02:44:13.273+0000] {dagbag.py:538} INFO - Filling up the DagBag from /home/airflow/.local/lib/python3.7/site-packages/airflow/example_dags/example_branch_operator.py
[2025-02-01T02:44:13.384+0000] {processor.py:753} INFO - DAG(s) dict_keys(['example_branch_operator']) retrieved from /home/airflow/.local/lib/python3.7/site-packages/airflow/example_dags/example_branch_operator.py
[2025-02-01T02:44:13.449+0000] {logging_mixin.py:137} INFO - [2025-02-01T02:44:13.448+0000] {dag.py:2690} INFO - Sync 1 DAGs
[2025-02-01T02:44:13.516+0000] {logging_mixin.py:137} INFO - [2025-02-01T02:44:13.516+0000] {dag.py:3441} INFO - Setting next_dagrun for example_branch_operator to 2025-01-31T00:00:00+00:00, run_after=2025-02-01T00:00:00+00:00
[2025-02-01T02:44:13.568+0000] {processor.py:175} INFO - Processing /home/airflow/.local/lib/python3.7/site-packages/airflow/example_dags/example_branch_operator.py took 0.329 seconds
[2025-02-01T02:44:44.363+0000] {processor.py:153} INFO - Started process (PID=548) to work on /home/airflow/.local/lib/python3.7/site-packages/airflow/example_dags/example_branch_operator.py
[2025-02-01T02:44:44.365+0000] {processor.py:743} INFO - Processing file /home/airflow/.local/lib/python3.7/site-packages/airflow/example_dags/example_branch_operator.py for tasks to queue
[2025-02-01T02:44:44.372+0000] {logging_mixin.py:137} INFO - [2025-02-01T02:44:44.372+0000] {dagbag.py:538} INFO - Filling up the DagBag from /home/airflow/.local/lib/python3.7/site-packages/airflow/example_dags/example_branch_operator.py
[2025-02-01T02:44:44.541+0000] {processor.py:753} INFO - DAG(s) dict_keys(['example_branch_operator']) retrieved from /home/airflow/.local/lib/python3.7/site-packages/airflow/example_dags/example_branch_operator.py
[2025-02-01T02:44:44.703+0000] {logging_mixin.py:137} INFO - [2025-02-01T02:44:44.702+0000] {dag.py:2690} INFO - Sync 1 DAGs
[2025-02-01T02:44:44.912+0000] {logging_mixin.py:137} INFO - [2025-02-01T02:44:44.911+0000] {dag.py:3441} INFO - Setting next_dagrun for example_branch_operator to 2025-01-31T00:00:00+00:00, run_after=2025-02-01T00:00:00+00:00
[2025-02-01T02:44:45.067+0000] {processor.py:175} INFO - Processing /home/airflow/.local/lib/python3.7/site-packages/airflow/example_dags/example_branch_operator.py took 0.722 seconds
[2025-02-01T02:45:15.477+0000] {processor.py:153} INFO - Started process (PID=598) to work on /home/airflow/.local/lib/python3.7/site-packages/airflow/example_dags/example_branch_operator.py
[2025-02-01T02:45:15.483+0000] {processor.py:743} INFO - Processing file /home/airflow/.local/lib/python3.7/site-packages/airflow/example_dags/example_branch_operator.py for tasks to queue
[2025-02-01T02:45:15.484+0000] {logging_mixin.py:137} INFO - [2025-02-01T02:45:15.484+0000] {dagbag.py:538} INFO - Filling up the DagBag from /home/airflow/.local/lib/python3.7/site-packages/airflow/example_dags/example_branch_operator.py
[2025-02-01T02:45:15.601+0000] {processor.py:753} INFO - DAG(s) dict_keys(['example_branch_operator']) retrieved from /home/airflow/.local/lib/python3.7/site-packages/airflow/example_dags/example_branch_operator.py
[2025-02-01T02:45:15.780+0000] {logging_mixin.py:137} INFO - [2025-02-01T02:45:15.780+0000] {dag.py:2690} INFO - Sync 1 DAGs
[2025-02-01T02:45:16.069+0000] {logging_mixin.py:137} INFO - [2025-02-01T02:45:16.063+0000] {dag.py:3441} INFO - Setting next_dagrun for example_branch_operator to 2025-01-31T00:00:00+00:00, run_after=2025-02-01T00:00:00+00:00
[2025-02-01T02:45:16.208+0000] {processor.py:175} INFO - Processing /home/airflow/.local/lib/python3.7/site-packages/airflow/example_dags/example_branch_operator.py took 0.753 seconds
[2025-02-01T02:45:46.651+0000] {processor.py:153} INFO - Started process (PID=657) to work on /home/airflow/.local/lib/python3.7/site-packages/airflow/example_dags/example_branch_operator.py
[2025-02-01T02:45:46.658+0000] {processor.py:743} INFO - Processing file /home/airflow/.local/lib/python3.7/site-packages/airflow/example_dags/example_branch_operator.py for tasks to queue
[2025-02-01T02:45:46.666+0000] {logging_mixin.py:137} INFO - [2025-02-01T02:45:46.660+0000] {dagbag.py:538} INFO - Filling up the DagBag from /home/airflow/.local/lib/python3.7/site-packages/airflow/example_dags/example_branch_operator.py
[2025-02-01T02:45:46.804+0000] {processor.py:753} INFO - DAG(s) dict_keys(['example_branch_operator']) retrieved from /home/airflow/.local/lib/python3.7/site-packages/airflow/example_dags/example_branch_operator.py
[2025-02-01T02:45:47.053+0000] {logging_mixin.py:137} INFO - [2025-02-01T02:45:47.052+0000] {dag.py:2690} INFO - Sync 1 DAGs
[2025-02-01T02:45:47.271+0000] {logging_mixin.py:137} INFO - [2025-02-01T02:45:47.271+0000] {dag.py:3441} INFO - Setting next_dagrun for example_branch_operator to 2025-01-31T00:00:00+00:00, run_after=2025-02-01T00:00:00+00:00
[2025-02-01T02:45:47.397+0000] {processor.py:175} INFO - Processing /home/airflow/.local/lib/python3.7/site-packages/airflow/example_dags/example_branch_operator.py took 0.776 seconds
[2025-02-01T02:46:17.777+0000] {processor.py:153} INFO - Started process (PID=715) to work on /home/airflow/.local/lib/python3.7/site-packages/airflow/example_dags/example_branch_operator.py
[2025-02-01T02:46:17.781+0000] {processor.py:743} INFO - Processing file /home/airflow/.local/lib/python3.7/site-packages/airflow/example_dags/example_branch_operator.py for tasks to queue
[2025-02-01T02:46:17.783+0000] {logging_mixin.py:137} INFO - [2025-02-01T02:46:17.782+0000] {dagbag.py:538} INFO - Filling up the DagBag from /home/airflow/.local/lib/python3.7/site-packages/airflow/example_dags/example_branch_operator.py
[2025-02-01T02:46:17.864+0000] {processor.py:753} INFO - DAG(s) dict_keys(['example_branch_operator']) retrieved from /home/airflow/.local/lib/python3.7/site-packages/airflow/example_dags/example_branch_operator.py
[2025-02-01T02:46:18.011+0000] {logging_mixin.py:137} INFO - [2025-02-01T02:46:18.011+0000] {dag.py:2690} INFO - Sync 1 DAGs
[2025-02-01T02:46:18.105+0000] {logging_mixin.py:137} INFO - [2025-02-01T02:46:18.105+0000] {dag.py:3441} INFO - Setting next_dagrun for example_branch_operator to 2025-01-31T00:00:00+00:00, run_after=2025-02-01T00:00:00+00:00
[2025-02-01T02:46:18.153+0000] {processor.py:175} INFO - Processing /home/airflow/.local/lib/python3.7/site-packages/airflow/example_dags/example_branch_operator.py took 0.401 seconds
[2025-02-01T02:46:48.429+0000] {processor.py:153} INFO - Started process (PID=774) to work on /home/airflow/.local/lib/python3.7/site-packages/airflow/example_dags/example_branch_operator.py
[2025-02-01T02:46:48.432+0000] {processor.py:743} INFO - Processing file /home/airflow/.local/lib/python3.7/site-packages/airflow/example_dags/example_branch_operator.py for tasks to queue
[2025-02-01T02:46:48.436+0000] {logging_mixin.py:137} INFO - [2025-02-01T02:46:48.436+0000] {dagbag.py:538} INFO - Filling up the DagBag from /home/airflow/.local/lib/python3.7/site-packages/airflow/example_dags/example_branch_operator.py
[2025-02-01T02:46:48.548+0000] {processor.py:753} INFO - DAG(s) dict_keys(['example_branch_operator']) retrieved from /home/airflow/.local/lib/python3.7/site-packages/airflow/example_dags/example_branch_operator.py
[2025-02-01T02:46:48.669+0000] {logging_mixin.py:137} INFO - [2025-02-01T02:46:48.668+0000] {dag.py:2690} INFO - Sync 1 DAGs
[2025-02-01T02:46:48.806+0000] {logging_mixin.py:137} INFO - [2025-02-01T02:46:48.806+0000] {dag.py:3441} INFO - Setting next_dagrun for example_branch_operator to 2025-01-31T00:00:00+00:00, run_after=2025-02-01T00:00:00+00:00
[2025-02-01T02:46:48.902+0000] {processor.py:175} INFO - Processing /home/airflow/.local/lib/python3.7/site-packages/airflow/example_dags/example_branch_operator.py took 0.496 seconds
[2025-02-01T02:47:19.725+0000] {processor.py:153} INFO - Started process (PID=832) to work on /home/airflow/.local/lib/python3.7/site-packages/airflow/example_dags/example_branch_operator.py
[2025-02-01T02:47:19.730+0000] {processor.py:743} INFO - Processing file /home/airflow/.local/lib/python3.7/site-packages/airflow/example_dags/example_branch_operator.py for tasks to queue
[2025-02-01T02:47:19.732+0000] {logging_mixin.py:137} INFO - [2025-02-01T02:47:19.731+0000] {dagbag.py:538} INFO - Filling up the DagBag from /home/airflow/.local/lib/python3.7/site-packages/airflow/example_dags/example_branch_operator.py
[2025-02-01T02:47:19.818+0000] {processor.py:753} INFO - DAG(s) dict_keys(['example_branch_operator']) retrieved from /home/airflow/.local/lib/python3.7/site-packages/airflow/example_dags/example_branch_operator.py
[2025-02-01T02:47:19.891+0000] {logging_mixin.py:137} INFO - [2025-02-01T02:47:19.890+0000] {dag.py:2690} INFO - Sync 1 DAGs
[2025-02-01T02:47:19.960+0000] {logging_mixin.py:137} INFO - [2025-02-01T02:47:19.960+0000] {dag.py:3441} INFO - Setting next_dagrun for example_branch_operator to 2025-01-31T00:00:00+00:00, run_after=2025-02-01T00:00:00+00:00
[2025-02-01T02:47:20.027+0000] {processor.py:175} INFO - Processing /home/airflow/.local/lib/python3.7/site-packages/airflow/example_dags/example_branch_operator.py took 0.320 seconds
[2025-02-01T02:47:51.051+0000] {processor.py:153} INFO - Started process (PID=889) to work on /home/airflow/.local/lib/python3.7/site-packages/airflow/example_dags/example_branch_operator.py
[2025-02-01T02:47:51.056+0000] {processor.py:743} INFO - Processing file /home/airflow/.local/lib/python3.7/site-packages/airflow/example_dags/example_branch_operator.py for tasks to queue
[2025-02-01T02:47:51.060+0000] {logging_mixin.py:137} INFO - [2025-02-01T02:47:51.060+0000] {dagbag.py:538} INFO - Filling up the DagBag from /home/airflow/.local/lib/python3.7/site-packages/airflow/example_dags/example_branch_operator.py
[2025-02-01T02:47:51.178+0000] {processor.py:753} INFO - DAG(s) dict_keys(['example_branch_operator']) retrieved from /home/airflow/.local/lib/python3.7/site-packages/airflow/example_dags/example_branch_operator.py
[2025-02-01T02:47:51.240+0000] {logging_mixin.py:137} INFO - [2025-02-01T02:47:51.240+0000] {dag.py:2690} INFO - Sync 1 DAGs
[2025-02-01T02:47:51.352+0000] {logging_mixin.py:137} INFO - [2025-02-01T02:47:51.352+0000] {dag.py:3441} INFO - Setting next_dagrun for example_branch_operator to 2025-01-31T00:00:00+00:00, run_after=2025-02-01T00:00:00+00:00
[2025-02-01T02:47:51.443+0000] {processor.py:175} INFO - Processing /home/airflow/.local/lib/python3.7/site-packages/airflow/example_dags/example_branch_operator.py took 0.423 seconds
[2025-02-01T02:48:22.398+0000] {processor.py:153} INFO - Started process (PID=941) to work on /home/airflow/.local/lib/python3.7/site-packages/airflow/example_dags/example_branch_operator.py
[2025-02-01T02:48:22.403+0000] {processor.py:743} INFO - Processing file /home/airflow/.local/lib/python3.7/site-packages/airflow/example_dags/example_branch_operator.py for tasks to queue
[2025-02-01T02:48:22.406+0000] {logging_mixin.py:137} INFO - [2025-02-01T02:48:22.406+0000] {dagbag.py:538} INFO - Filling up the DagBag from /home/airflow/.local/lib/python3.7/site-packages/airflow/example_dags/example_branch_operator.py
[2025-02-01T02:48:22.478+0000] {processor.py:753} INFO - DAG(s) dict_keys(['example_branch_operator']) retrieved from /home/airflow/.local/lib/python3.7/site-packages/airflow/example_dags/example_branch_operator.py
[2025-02-01T02:48:22.584+0000] {logging_mixin.py:137} INFO - [2025-02-01T02:48:22.584+0000] {dag.py:2690} INFO - Sync 1 DAGs
[2025-02-01T02:48:22.716+0000] {logging_mixin.py:137} INFO - [2025-02-01T02:48:22.715+0000] {dag.py:3441} INFO - Setting next_dagrun for example_branch_operator to 2025-01-31T00:00:00+00:00, run_after=2025-02-01T00:00:00+00:00
[2025-02-01T02:48:22.804+0000] {processor.py:175} INFO - Processing /home/airflow/.local/lib/python3.7/site-packages/airflow/example_dags/example_branch_operator.py took 0.418 seconds
[2025-02-01T02:48:52.944+0000] {processor.py:153} INFO - Started process (PID=1001) to work on /home/airflow/.local/lib/python3.7/site-packages/airflow/example_dags/example_branch_operator.py
[2025-02-01T02:48:52.946+0000] {processor.py:743} INFO - Processing file /home/airflow/.local/lib/python3.7/site-packages/airflow/example_dags/example_branch_operator.py for tasks to queue
[2025-02-01T02:48:52.947+0000] {logging_mixin.py:137} INFO - [2025-02-01T02:48:52.947+0000] {dagbag.py:538} INFO - Filling up the DagBag from /home/airflow/.local/lib/python3.7/site-packages/airflow/example_dags/example_branch_operator.py
[2025-02-01T02:48:52.989+0000] {processor.py:753} INFO - DAG(s) dict_keys(['example_branch_operator']) retrieved from /home/airflow/.local/lib/python3.7/site-packages/airflow/example_dags/example_branch_operator.py
[2025-02-01T02:48:53.051+0000] {logging_mixin.py:137} INFO - [2025-02-01T02:48:53.051+0000] {dag.py:2690} INFO - Sync 1 DAGs
[2025-02-01T02:48:53.117+0000] {logging_mixin.py:137} INFO - [2025-02-01T02:48:53.117+0000] {dag.py:3441} INFO - Setting next_dagrun for example_branch_operator to 2025-01-31T00:00:00+00:00, run_after=2025-02-01T00:00:00+00:00
[2025-02-01T02:48:53.163+0000] {processor.py:175} INFO - Processing /home/airflow/.local/lib/python3.7/site-packages/airflow/example_dags/example_branch_operator.py took 0.225 seconds
[2025-02-01T02:49:23.246+0000] {processor.py:153} INFO - Started process (PID=1060) to work on /home/airflow/.local/lib/python3.7/site-packages/airflow/example_dags/example_branch_operator.py
[2025-02-01T02:49:23.248+0000] {processor.py:743} INFO - Processing file /home/airflow/.local/lib/python3.7/site-packages/airflow/example_dags/example_branch_operator.py for tasks to queue
[2025-02-01T02:49:23.249+0000] {logging_mixin.py:137} INFO - [2025-02-01T02:49:23.249+0000] {dagbag.py:538} INFO - Filling up the DagBag from /home/airflow/.local/lib/python3.7/site-packages/airflow/example_dags/example_branch_operator.py
[2025-02-01T02:49:23.290+0000] {processor.py:753} INFO - DAG(s) dict_keys(['example_branch_operator']) retrieved from /home/airflow/.local/lib/python3.7/site-packages/airflow/example_dags/example_branch_operator.py
[2025-02-01T02:49:23.364+0000] {logging_mixin.py:137} INFO - [2025-02-01T02:49:23.363+0000] {dag.py:2690} INFO - Sync 1 DAGs
[2025-02-01T02:49:23.435+0000] {logging_mixin.py:137} INFO - [2025-02-01T02:49:23.434+0000] {dag.py:3441} INFO - Setting next_dagrun for example_branch_operator to 2025-01-31T00:00:00+00:00, run_after=2025-02-01T00:00:00+00:00
[2025-02-01T02:49:23.481+0000] {processor.py:175} INFO - Processing /home/airflow/.local/lib/python3.7/site-packages/airflow/example_dags/example_branch_operator.py took 0.243 seconds
[2025-02-01T02:49:53.769+0000] {processor.py:153} INFO - Started process (PID=1118) to work on /home/airflow/.local/lib/python3.7/site-packages/airflow/example_dags/example_branch_operator.py
[2025-02-01T02:49:53.773+0000] {processor.py:743} INFO - Processing file /home/airflow/.local/lib/python3.7/site-packages/airflow/example_dags/example_branch_operator.py for tasks to queue
[2025-02-01T02:49:53.775+0000] {logging_mixin.py:137} INFO - [2025-02-01T02:49:53.774+0000] {dagbag.py:538} INFO - Filling up the DagBag from /home/airflow/.local/lib/python3.7/site-packages/airflow/example_dags/example_branch_operator.py
[2025-02-01T02:49:53.865+0000] {processor.py:753} INFO - DAG(s) dict_keys(['example_branch_operator']) retrieved from /home/airflow/.local/lib/python3.7/site-packages/airflow/example_dags/example_branch_operator.py
[2025-02-01T02:49:53.954+0000] {logging_mixin.py:137} INFO - [2025-02-01T02:49:53.953+0000] {dag.py:2690} INFO - Sync 1 DAGs
[2025-02-01T02:49:54.023+0000] {logging_mixin.py:137} INFO - [2025-02-01T02:49:54.023+0000] {dag.py:3441} INFO - Setting next_dagrun for example_branch_operator to 2025-01-31T00:00:00+00:00, run_after=2025-02-01T00:00:00+00:00
[2025-02-01T02:49:54.091+0000] {processor.py:175} INFO - Processing /home/airflow/.local/lib/python3.7/site-packages/airflow/example_dags/example_branch_operator.py took 0.339 seconds
[2025-02-01T02:50:24.302+0000] {processor.py:153} INFO - Started process (PID=1173) to work on /home/airflow/.local/lib/python3.7/site-packages/airflow/example_dags/example_branch_operator.py
[2025-02-01T02:50:24.307+0000] {processor.py:743} INFO - Processing file /home/airflow/.local/lib/python3.7/site-packages/airflow/example_dags/example_branch_operator.py for tasks to queue
[2025-02-01T02:50:24.310+0000] {logging_mixin.py:137} INFO - [2025-02-01T02:50:24.310+0000] {dagbag.py:538} INFO - Filling up the DagBag from /home/airflow/.local/lib/python3.7/site-packages/airflow/example_dags/example_branch_operator.py
[2025-02-01T02:50:24.352+0000] {processor.py:753} INFO - DAG(s) dict_keys(['example_branch_operator']) retrieved from /home/airflow/.local/lib/python3.7/site-packages/airflow/example_dags/example_branch_operator.py
[2025-02-01T02:50:24.416+0000] {logging_mixin.py:137} INFO - [2025-02-01T02:50:24.416+0000] {dag.py:2690} INFO - Sync 1 DAGs
[2025-02-01T02:50:24.485+0000] {logging_mixin.py:137} INFO - [2025-02-01T02:50:24.485+0000] {dag.py:3441} INFO - Setting next_dagrun for example_branch_operator to 2025-01-31T00:00:00+00:00, run_after=2025-02-01T00:00:00+00:00
[2025-02-01T02:50:24.550+0000] {processor.py:175} INFO - Processing /home/airflow/.local/lib/python3.7/site-packages/airflow/example_dags/example_branch_operator.py took 0.262 seconds
[2025-02-01T02:50:54.791+0000] {processor.py:153} INFO - Started process (PID=1225) to work on /home/airflow/.local/lib/python3.7/site-packages/airflow/example_dags/example_branch_operator.py
[2025-02-01T02:50:54.792+0000] {processor.py:743} INFO - Processing file /home/airflow/.local/lib/python3.7/site-packages/airflow/example_dags/example_branch_operator.py for tasks to queue
[2025-02-01T02:50:54.795+0000] {logging_mixin.py:137} INFO - [2025-02-01T02:50:54.795+0000] {dagbag.py:538} INFO - Filling up the DagBag from /home/airflow/.local/lib/python3.7/site-packages/airflow/example_dags/example_branch_operator.py
[2025-02-01T02:50:54.835+0000] {processor.py:753} INFO - DAG(s) dict_keys(['example_branch_operator']) retrieved from /home/airflow/.local/lib/python3.7/site-packages/airflow/example_dags/example_branch_operator.py
[2025-02-01T02:50:54.900+0000] {logging_mixin.py:137} INFO - [2025-02-01T02:50:54.900+0000] {dag.py:2690} INFO - Sync 1 DAGs
[2025-02-01T02:50:55.018+0000] {logging_mixin.py:137} INFO - [2025-02-01T02:50:55.018+0000] {dag.py:3441} INFO - Setting next_dagrun for example_branch_operator to 2025-01-31T00:00:00+00:00, run_after=2025-02-01T00:00:00+00:00
[2025-02-01T02:50:55.065+0000] {processor.py:175} INFO - Processing /home/airflow/.local/lib/python3.7/site-packages/airflow/example_dags/example_branch_operator.py took 0.281 seconds
[2025-02-01T02:51:27.212+0000] {processor.py:153} INFO - Started process (PID=1283) to work on /home/airflow/.local/lib/python3.7/site-packages/airflow/example_dags/example_branch_operator.py
[2025-02-01T02:51:27.215+0000] {processor.py:743} INFO - Processing file /home/airflow/.local/lib/python3.7/site-packages/airflow/example_dags/example_branch_operator.py for tasks to queue
[2025-02-01T02:51:27.220+0000] {logging_mixin.py:137} INFO - [2025-02-01T02:51:27.220+0000] {dagbag.py:538} INFO - Filling up the DagBag from /home/airflow/.local/lib/python3.7/site-packages/airflow/example_dags/example_branch_operator.py
[2025-02-01T02:51:27.339+0000] {processor.py:753} INFO - DAG(s) dict_keys(['example_branch_operator']) retrieved from /home/airflow/.local/lib/python3.7/site-packages/airflow/example_dags/example_branch_operator.py
[2025-02-01T02:51:27.453+0000] {logging_mixin.py:137} INFO - [2025-02-01T02:51:27.452+0000] {dag.py:2690} INFO - Sync 1 DAGs
[2025-02-01T02:51:27.591+0000] {logging_mixin.py:137} INFO - [2025-02-01T02:51:27.590+0000] {dag.py:3441} INFO - Setting next_dagrun for example_branch_operator to 2025-01-31T00:00:00+00:00, run_after=2025-02-01T00:00:00+00:00
[2025-02-01T02:51:27.676+0000] {processor.py:175} INFO - Processing /home/airflow/.local/lib/python3.7/site-packages/airflow/example_dags/example_branch_operator.py took 0.471 seconds
[2025-02-01T02:51:58.091+0000] {processor.py:153} INFO - Started process (PID=1339) to work on /home/airflow/.local/lib/python3.7/site-packages/airflow/example_dags/example_branch_operator.py
[2025-02-01T02:51:58.092+0000] {processor.py:743} INFO - Processing file /home/airflow/.local/lib/python3.7/site-packages/airflow/example_dags/example_branch_operator.py for tasks to queue
[2025-02-01T02:51:58.096+0000] {logging_mixin.py:137} INFO - [2025-02-01T02:51:58.096+0000] {dagbag.py:538} INFO - Filling up the DagBag from /home/airflow/.local/lib/python3.7/site-packages/airflow/example_dags/example_branch_operator.py
[2025-02-01T02:51:58.186+0000] {processor.py:753} INFO - DAG(s) dict_keys(['example_branch_operator']) retrieved from /home/airflow/.local/lib/python3.7/site-packages/airflow/example_dags/example_branch_operator.py
[2025-02-01T02:51:58.315+0000] {logging_mixin.py:137} INFO - [2025-02-01T02:51:58.314+0000] {dag.py:2690} INFO - Sync 1 DAGs
[2025-02-01T02:51:58.488+0000] {logging_mixin.py:137} INFO - [2025-02-01T02:51:58.488+0000] {dag.py:3441} INFO - Setting next_dagrun for example_branch_operator to 2025-01-31T00:00:00+00:00, run_after=2025-02-01T00:00:00+00:00
[2025-02-01T02:51:58.655+0000] {processor.py:175} INFO - Processing /home/airflow/.local/lib/python3.7/site-packages/airflow/example_dags/example_branch_operator.py took 0.580 seconds
[2025-02-01T02:52:30.112+0000] {processor.py:153} INFO - Started process (PID=1398) to work on /home/airflow/.local/lib/python3.7/site-packages/airflow/example_dags/example_branch_operator.py
[2025-02-01T02:52:30.118+0000] {processor.py:743} INFO - Processing file /home/airflow/.local/lib/python3.7/site-packages/airflow/example_dags/example_branch_operator.py for tasks to queue
[2025-02-01T02:52:30.124+0000] {logging_mixin.py:137} INFO - [2025-02-01T02:52:30.120+0000] {dagbag.py:538} INFO - Filling up the DagBag from /home/airflow/.local/lib/python3.7/site-packages/airflow/example_dags/example_branch_operator.py
[2025-02-01T02:52:30.308+0000] {processor.py:753} INFO - DAG(s) dict_keys(['example_branch_operator']) retrieved from /home/airflow/.local/lib/python3.7/site-packages/airflow/example_dags/example_branch_operator.py
[2025-02-01T02:52:30.435+0000] {logging_mixin.py:137} INFO - [2025-02-01T02:52:30.435+0000] {dag.py:2690} INFO - Sync 1 DAGs
[2025-02-01T02:52:30.684+0000] {logging_mixin.py:137} INFO - [2025-02-01T02:52:30.684+0000] {dag.py:3441} INFO - Setting next_dagrun for example_branch_operator to 2025-01-31T00:00:00+00:00, run_after=2025-02-01T00:00:00+00:00
[2025-02-01T02:52:30.779+0000] {processor.py:175} INFO - Processing /home/airflow/.local/lib/python3.7/site-packages/airflow/example_dags/example_branch_operator.py took 0.686 seconds
[2025-02-01T02:53:02.152+0000] {processor.py:153} INFO - Started process (PID=1450) to work on /home/airflow/.local/lib/python3.7/site-packages/airflow/example_dags/example_branch_operator.py
[2025-02-01T02:53:02.160+0000] {processor.py:743} INFO - Processing file /home/airflow/.local/lib/python3.7/site-packages/airflow/example_dags/example_branch_operator.py for tasks to queue
[2025-02-01T02:53:02.164+0000] {logging_mixin.py:137} INFO - [2025-02-01T02:53:02.164+0000] {dagbag.py:538} INFO - Filling up the DagBag from /home/airflow/.local/lib/python3.7/site-packages/airflow/example_dags/example_branch_operator.py
[2025-02-01T02:53:02.298+0000] {processor.py:753} INFO - DAG(s) dict_keys(['example_branch_operator']) retrieved from /home/airflow/.local/lib/python3.7/site-packages/airflow/example_dags/example_branch_operator.py
[2025-02-01T02:53:02.590+0000] {logging_mixin.py:137} INFO - [2025-02-01T02:53:02.588+0000] {dag.py:2690} INFO - Sync 1 DAGs
[2025-02-01T02:53:02.951+0000] {logging_mixin.py:137} INFO - [2025-02-01T02:53:02.951+0000] {dag.py:3441} INFO - Setting next_dagrun for example_branch_operator to 2025-01-31T00:00:00+00:00, run_after=2025-02-01T00:00:00+00:00
[2025-02-01T02:53:03.180+0000] {processor.py:175} INFO - Processing /home/airflow/.local/lib/python3.7/site-packages/airflow/example_dags/example_branch_operator.py took 1.057 seconds
[2025-02-01T02:53:33.516+0000] {processor.py:153} INFO - Started process (PID=1509) to work on /home/airflow/.local/lib/python3.7/site-packages/airflow/example_dags/example_branch_operator.py
[2025-02-01T02:53:33.522+0000] {processor.py:743} INFO - Processing file /home/airflow/.local/lib/python3.7/site-packages/airflow/example_dags/example_branch_operator.py for tasks to queue
[2025-02-01T02:53:33.525+0000] {logging_mixin.py:137} INFO - [2025-02-01T02:53:33.523+0000] {dagbag.py:538} INFO - Filling up the DagBag from /home/airflow/.local/lib/python3.7/site-packages/airflow/example_dags/example_branch_operator.py
[2025-02-01T02:53:33.617+0000] {processor.py:753} INFO - DAG(s) dict_keys(['example_branch_operator']) retrieved from /home/airflow/.local/lib/python3.7/site-packages/airflow/example_dags/example_branch_operator.py
[2025-02-01T02:53:33.741+0000] {logging_mixin.py:137} INFO - [2025-02-01T02:53:33.741+0000] {dag.py:2690} INFO - Sync 1 DAGs
[2025-02-01T02:53:33.872+0000] {logging_mixin.py:137} INFO - [2025-02-01T02:53:33.872+0000] {dag.py:3441} INFO - Setting next_dagrun for example_branch_operator to 2025-01-31T00:00:00+00:00, run_after=2025-02-01T00:00:00+00:00
[2025-02-01T02:53:33.969+0000] {processor.py:175} INFO - Processing /home/airflow/.local/lib/python3.7/site-packages/airflow/example_dags/example_branch_operator.py took 0.472 seconds
[2025-02-01T02:54:04.327+0000] {processor.py:153} INFO - Started process (PID=1568) to work on /home/airflow/.local/lib/python3.7/site-packages/airflow/example_dags/example_branch_operator.py
[2025-02-01T02:54:04.329+0000] {processor.py:743} INFO - Processing file /home/airflow/.local/lib/python3.7/site-packages/airflow/example_dags/example_branch_operator.py for tasks to queue
[2025-02-01T02:54:04.331+0000] {logging_mixin.py:137} INFO - [2025-02-01T02:54:04.330+0000] {dagbag.py:538} INFO - Filling up the DagBag from /home/airflow/.local/lib/python3.7/site-packages/airflow/example_dags/example_branch_operator.py
[2025-02-01T02:54:04.376+0000] {processor.py:753} INFO - DAG(s) dict_keys(['example_branch_operator']) retrieved from /home/airflow/.local/lib/python3.7/site-packages/airflow/example_dags/example_branch_operator.py
[2025-02-01T02:54:04.437+0000] {logging_mixin.py:137} INFO - [2025-02-01T02:54:04.436+0000] {dag.py:2690} INFO - Sync 1 DAGs
[2025-02-01T02:54:04.510+0000] {logging_mixin.py:137} INFO - [2025-02-01T02:54:04.510+0000] {dag.py:3441} INFO - Setting next_dagrun for example_branch_operator to 2025-01-31T00:00:00+00:00, run_after=2025-02-01T00:00:00+00:00
[2025-02-01T02:54:04.562+0000] {processor.py:175} INFO - Processing /home/airflow/.local/lib/python3.7/site-packages/airflow/example_dags/example_branch_operator.py took 0.243 seconds
[2025-02-01T02:54:34.622+0000] {processor.py:153} INFO - Started process (PID=1627) to work on /home/airflow/.local/lib/python3.7/site-packages/airflow/example_dags/example_branch_operator.py
[2025-02-01T02:54:34.626+0000] {processor.py:743} INFO - Processing file /home/airflow/.local/lib/python3.7/site-packages/airflow/example_dags/example_branch_operator.py for tasks to queue
[2025-02-01T02:54:34.630+0000] {logging_mixin.py:137} INFO - [2025-02-01T02:54:34.627+0000] {dagbag.py:538} INFO - Filling up the DagBag from /home/airflow/.local/lib/python3.7/site-packages/airflow/example_dags/example_branch_operator.py
[2025-02-01T02:54:34.708+0000] {processor.py:753} INFO - DAG(s) dict_keys(['example_branch_operator']) retrieved from /home/airflow/.local/lib/python3.7/site-packages/airflow/example_dags/example_branch_operator.py
[2025-02-01T02:54:34.787+0000] {logging_mixin.py:137} INFO - [2025-02-01T02:54:34.787+0000] {dag.py:2690} INFO - Sync 1 DAGs
[2025-02-01T02:54:34.855+0000] {logging_mixin.py:137} INFO - [2025-02-01T02:54:34.855+0000] {dag.py:3441} INFO - Setting next_dagrun for example_branch_operator to 2025-01-31T00:00:00+00:00, run_after=2025-02-01T00:00:00+00:00
[2025-02-01T02:54:34.899+0000] {processor.py:175} INFO - Processing /home/airflow/.local/lib/python3.7/site-packages/airflow/example_dags/example_branch_operator.py took 0.288 seconds
[2025-02-01T02:55:06.666+0000] {processor.py:153} INFO - Started process (PID=1686) to work on /home/airflow/.local/lib/python3.7/site-packages/airflow/example_dags/example_branch_operator.py
[2025-02-01T02:55:06.712+0000] {processor.py:743} INFO - Processing file /home/airflow/.local/lib/python3.7/site-packages/airflow/example_dags/example_branch_operator.py for tasks to queue
[2025-02-01T02:55:06.715+0000] {logging_mixin.py:137} INFO - [2025-02-01T02:55:06.715+0000] {dagbag.py:538} INFO - Filling up the DagBag from /home/airflow/.local/lib/python3.7/site-packages/airflow/example_dags/example_branch_operator.py
[2025-02-01T02:55:06.830+0000] {processor.py:753} INFO - DAG(s) dict_keys(['example_branch_operator']) retrieved from /home/airflow/.local/lib/python3.7/site-packages/airflow/example_dags/example_branch_operator.py
[2025-02-01T02:55:06.957+0000] {logging_mixin.py:137} INFO - [2025-02-01T02:55:06.956+0000] {dag.py:2690} INFO - Sync 1 DAGs
[2025-02-01T02:55:07.064+0000] {logging_mixin.py:137} INFO - [2025-02-01T02:55:07.062+0000] {dag.py:3441} INFO - Setting next_dagrun for example_branch_operator to 2025-01-31T00:00:00+00:00, run_after=2025-02-01T00:00:00+00:00
[2025-02-01T02:55:07.157+0000] {processor.py:175} INFO - Processing /home/airflow/.local/lib/python3.7/site-packages/airflow/example_dags/example_branch_operator.py took 0.504 seconds
[2025-02-01T02:55:37.445+0000] {processor.py:153} INFO - Started process (PID=1742) to work on /home/airflow/.local/lib/python3.7/site-packages/airflow/example_dags/example_branch_operator.py
[2025-02-01T02:55:37.453+0000] {processor.py:743} INFO - Processing file /home/airflow/.local/lib/python3.7/site-packages/airflow/example_dags/example_branch_operator.py for tasks to queue
[2025-02-01T02:55:37.459+0000] {logging_mixin.py:137} INFO - [2025-02-01T02:55:37.459+0000] {dagbag.py:538} INFO - Filling up the DagBag from /home/airflow/.local/lib/python3.7/site-packages/airflow/example_dags/example_branch_operator.py
[2025-02-01T02:55:37.616+0000] {processor.py:753} INFO - DAG(s) dict_keys(['example_branch_operator']) retrieved from /home/airflow/.local/lib/python3.7/site-packages/airflow/example_dags/example_branch_operator.py
[2025-02-01T02:55:37.775+0000] {logging_mixin.py:137} INFO - [2025-02-01T02:55:37.775+0000] {dag.py:2690} INFO - Sync 1 DAGs
[2025-02-01T02:55:37.964+0000] {logging_mixin.py:137} INFO - [2025-02-01T02:55:37.964+0000] {dag.py:3441} INFO - Setting next_dagrun for example_branch_operator to 2025-01-31T00:00:00+00:00, run_after=2025-02-01T00:00:00+00:00
[2025-02-01T02:55:38.079+0000] {processor.py:175} INFO - Processing /home/airflow/.local/lib/python3.7/site-packages/airflow/example_dags/example_branch_operator.py took 0.666 seconds
[2025-02-01T02:56:08.459+0000] {processor.py:153} INFO - Started process (PID=1795) to work on /home/airflow/.local/lib/python3.7/site-packages/airflow/example_dags/example_branch_operator.py
[2025-02-01T02:56:08.463+0000] {processor.py:743} INFO - Processing file /home/airflow/.local/lib/python3.7/site-packages/airflow/example_dags/example_branch_operator.py for tasks to queue
[2025-02-01T02:56:08.469+0000] {logging_mixin.py:137} INFO - [2025-02-01T02:56:08.464+0000] {dagbag.py:538} INFO - Filling up the DagBag from /home/airflow/.local/lib/python3.7/site-packages/airflow/example_dags/example_branch_operator.py
[2025-02-01T02:56:08.515+0000] {processor.py:753} INFO - DAG(s) dict_keys(['example_branch_operator']) retrieved from /home/airflow/.local/lib/python3.7/site-packages/airflow/example_dags/example_branch_operator.py
[2025-02-01T02:56:08.639+0000] {logging_mixin.py:137} INFO - [2025-02-01T02:56:08.638+0000] {dag.py:2690} INFO - Sync 1 DAGs
[2025-02-01T02:56:08.778+0000] {logging_mixin.py:137} INFO - [2025-02-01T02:56:08.778+0000] {dag.py:3441} INFO - Setting next_dagrun for example_branch_operator to 2025-01-31T00:00:00+00:00, run_after=2025-02-01T00:00:00+00:00
[2025-02-01T02:56:08.858+0000] {processor.py:175} INFO - Processing /home/airflow/.local/lib/python3.7/site-packages/airflow/example_dags/example_branch_operator.py took 0.420 seconds
[2025-02-01T02:56:39.107+0000] {processor.py:153} INFO - Started process (PID=1854) to work on /home/airflow/.local/lib/python3.7/site-packages/airflow/example_dags/example_branch_operator.py
[2025-02-01T02:56:39.109+0000] {processor.py:743} INFO - Processing file /home/airflow/.local/lib/python3.7/site-packages/airflow/example_dags/example_branch_operator.py for tasks to queue
[2025-02-01T02:56:39.110+0000] {logging_mixin.py:137} INFO - [2025-02-01T02:56:39.110+0000] {dagbag.py:538} INFO - Filling up the DagBag from /home/airflow/.local/lib/python3.7/site-packages/airflow/example_dags/example_branch_operator.py
[2025-02-01T02:56:39.177+0000] {processor.py:753} INFO - DAG(s) dict_keys(['example_branch_operator']) retrieved from /home/airflow/.local/lib/python3.7/site-packages/airflow/example_dags/example_branch_operator.py
[2025-02-01T02:56:39.319+0000] {logging_mixin.py:137} INFO - [2025-02-01T02:56:39.319+0000] {dag.py:2690} INFO - Sync 1 DAGs
[2025-02-01T02:56:39.496+0000] {logging_mixin.py:137} INFO - [2025-02-01T02:56:39.495+0000] {dag.py:3441} INFO - Setting next_dagrun for example_branch_operator to 2025-01-31T00:00:00+00:00, run_after=2025-02-01T00:00:00+00:00
[2025-02-01T02:56:39.562+0000] {processor.py:175} INFO - Processing /home/airflow/.local/lib/python3.7/site-packages/airflow/example_dags/example_branch_operator.py took 0.462 seconds
[2025-02-01T02:57:10.579+0000] {processor.py:153} INFO - Started process (PID=1914) to work on /home/airflow/.local/lib/python3.7/site-packages/airflow/example_dags/example_branch_operator.py
[2025-02-01T02:57:10.582+0000] {processor.py:743} INFO - Processing file /home/airflow/.local/lib/python3.7/site-packages/airflow/example_dags/example_branch_operator.py for tasks to queue
[2025-02-01T02:57:10.584+0000] {logging_mixin.py:137} INFO - [2025-02-01T02:57:10.584+0000] {dagbag.py:538} INFO - Filling up the DagBag from /home/airflow/.local/lib/python3.7/site-packages/airflow/example_dags/example_branch_operator.py
[2025-02-01T02:57:10.713+0000] {processor.py:753} INFO - DAG(s) dict_keys(['example_branch_operator']) retrieved from /home/airflow/.local/lib/python3.7/site-packages/airflow/example_dags/example_branch_operator.py
[2025-02-01T02:57:10.836+0000] {logging_mixin.py:137} INFO - [2025-02-01T02:57:10.836+0000] {dag.py:2690} INFO - Sync 1 DAGs
[2025-02-01T02:57:11.078+0000] {logging_mixin.py:137} INFO - [2025-02-01T02:57:11.078+0000] {dag.py:3441} INFO - Setting next_dagrun for example_branch_operator to 2025-01-31T00:00:00+00:00, run_after=2025-02-01T00:00:00+00:00
[2025-02-01T02:57:11.183+0000] {processor.py:175} INFO - Processing /home/airflow/.local/lib/python3.7/site-packages/airflow/example_dags/example_branch_operator.py took 0.625 seconds
[2025-02-01T02:57:42.083+0000] {processor.py:153} INFO - Started process (PID=1970) to work on /home/airflow/.local/lib/python3.7/site-packages/airflow/example_dags/example_branch_operator.py
[2025-02-01T02:57:42.084+0000] {processor.py:743} INFO - Processing file /home/airflow/.local/lib/python3.7/site-packages/airflow/example_dags/example_branch_operator.py for tasks to queue
[2025-02-01T02:57:42.099+0000] {logging_mixin.py:137} INFO - [2025-02-01T02:57:42.094+0000] {dagbag.py:538} INFO - Filling up the DagBag from /home/airflow/.local/lib/python3.7/site-packages/airflow/example_dags/example_branch_operator.py
[2025-02-01T02:57:42.241+0000] {processor.py:753} INFO - DAG(s) dict_keys(['example_branch_operator']) retrieved from /home/airflow/.local/lib/python3.7/site-packages/airflow/example_dags/example_branch_operator.py
[2025-02-01T02:57:42.386+0000] {logging_mixin.py:137} INFO - [2025-02-01T02:57:42.386+0000] {dag.py:2690} INFO - Sync 1 DAGs
[2025-02-01T02:57:42.553+0000] {logging_mixin.py:137} INFO - [2025-02-01T02:57:42.552+0000] {dag.py:3441} INFO - Setting next_dagrun for example_branch_operator to 2025-01-31T00:00:00+00:00, run_after=2025-02-01T00:00:00+00:00
[2025-02-01T02:57:42.640+0000] {processor.py:175} INFO - Processing /home/airflow/.local/lib/python3.7/site-packages/airflow/example_dags/example_branch_operator.py took 0.592 seconds
[2025-02-01T02:58:12.990+0000] {processor.py:153} INFO - Started process (PID=2022) to work on /home/airflow/.local/lib/python3.7/site-packages/airflow/example_dags/example_branch_operator.py
[2025-02-01T02:58:12.994+0000] {processor.py:743} INFO - Processing file /home/airflow/.local/lib/python3.7/site-packages/airflow/example_dags/example_branch_operator.py for tasks to queue
[2025-02-01T02:58:12.997+0000] {logging_mixin.py:137} INFO - [2025-02-01T02:58:12.997+0000] {dagbag.py:538} INFO - Filling up the DagBag from /home/airflow/.local/lib/python3.7/site-packages/airflow/example_dags/example_branch_operator.py
[2025-02-01T02:58:13.080+0000] {processor.py:753} INFO - DAG(s) dict_keys(['example_branch_operator']) retrieved from /home/airflow/.local/lib/python3.7/site-packages/airflow/example_dags/example_branch_operator.py
[2025-02-01T02:58:13.165+0000] {logging_mixin.py:137} INFO - [2025-02-01T02:58:13.164+0000] {dag.py:2690} INFO - Sync 1 DAGs
[2025-02-01T02:58:13.339+0000] {logging_mixin.py:137} INFO - [2025-02-01T02:58:13.337+0000] {dag.py:3441} INFO - Setting next_dagrun for example_branch_operator to 2025-01-31T00:00:00+00:00, run_after=2025-02-01T00:00:00+00:00
[2025-02-01T02:58:13.399+0000] {processor.py:175} INFO - Processing /home/airflow/.local/lib/python3.7/site-packages/airflow/example_dags/example_branch_operator.py took 0.423 seconds
[2025-02-01T02:58:44.137+0000] {processor.py:153} INFO - Started process (PID=2078) to work on /home/airflow/.local/lib/python3.7/site-packages/airflow/example_dags/example_branch_operator.py
[2025-02-01T02:58:44.139+0000] {processor.py:743} INFO - Processing file /home/airflow/.local/lib/python3.7/site-packages/airflow/example_dags/example_branch_operator.py for tasks to queue
[2025-02-01T02:58:44.144+0000] {logging_mixin.py:137} INFO - [2025-02-01T02:58:44.144+0000] {dagbag.py:538} INFO - Filling up the DagBag from /home/airflow/.local/lib/python3.7/site-packages/airflow/example_dags/example_branch_operator.py
[2025-02-01T02:58:44.367+0000] {processor.py:753} INFO - DAG(s) dict_keys(['example_branch_operator']) retrieved from /home/airflow/.local/lib/python3.7/site-packages/airflow/example_dags/example_branch_operator.py
[2025-02-01T02:58:44.715+0000] {logging_mixin.py:137} INFO - [2025-02-01T02:58:44.714+0000] {dag.py:2690} INFO - Sync 1 DAGs
[2025-02-01T02:58:45.098+0000] {logging_mixin.py:137} INFO - [2025-02-01T02:58:45.098+0000] {dag.py:3441} INFO - Setting next_dagrun for example_branch_operator to 2025-01-31T00:00:00+00:00, run_after=2025-02-01T00:00:00+00:00
[2025-02-01T02:58:45.469+0000] {processor.py:175} INFO - Processing /home/airflow/.local/lib/python3.7/site-packages/airflow/example_dags/example_branch_operator.py took 1.353 seconds
[2025-02-01T02:59:15.704+0000] {processor.py:153} INFO - Started process (PID=2130) to work on /home/airflow/.local/lib/python3.7/site-packages/airflow/example_dags/example_branch_operator.py
[2025-02-01T02:59:15.710+0000] {processor.py:743} INFO - Processing file /home/airflow/.local/lib/python3.7/site-packages/airflow/example_dags/example_branch_operator.py for tasks to queue
[2025-02-01T02:59:15.716+0000] {logging_mixin.py:137} INFO - [2025-02-01T02:59:15.714+0000] {dagbag.py:538} INFO - Filling up the DagBag from /home/airflow/.local/lib/python3.7/site-packages/airflow/example_dags/example_branch_operator.py
[2025-02-01T02:59:15.849+0000] {processor.py:753} INFO - DAG(s) dict_keys(['example_branch_operator']) retrieved from /home/airflow/.local/lib/python3.7/site-packages/airflow/example_dags/example_branch_operator.py
[2025-02-01T02:59:16.033+0000] {logging_mixin.py:137} INFO - [2025-02-01T02:59:16.033+0000] {dag.py:2690} INFO - Sync 1 DAGs
[2025-02-01T02:59:16.262+0000] {logging_mixin.py:137} INFO - [2025-02-01T02:59:16.262+0000] {dag.py:3441} INFO - Setting next_dagrun for example_branch_operator to 2025-01-31T00:00:00+00:00, run_after=2025-02-01T00:00:00+00:00
[2025-02-01T02:59:16.430+0000] {processor.py:175} INFO - Processing /home/airflow/.local/lib/python3.7/site-packages/airflow/example_dags/example_branch_operator.py took 0.759 seconds
[2025-02-01T02:59:46.552+0000] {processor.py:153} INFO - Started process (PID=2188) to work on /home/airflow/.local/lib/python3.7/site-packages/airflow/example_dags/example_branch_operator.py
[2025-02-01T02:59:46.554+0000] {processor.py:743} INFO - Processing file /home/airflow/.local/lib/python3.7/site-packages/airflow/example_dags/example_branch_operator.py for tasks to queue
[2025-02-01T02:59:46.556+0000] {logging_mixin.py:137} INFO - [2025-02-01T02:59:46.555+0000] {dagbag.py:538} INFO - Filling up the DagBag from /home/airflow/.local/lib/python3.7/site-packages/airflow/example_dags/example_branch_operator.py
[2025-02-01T02:59:46.596+0000] {processor.py:753} INFO - DAG(s) dict_keys(['example_branch_operator']) retrieved from /home/airflow/.local/lib/python3.7/site-packages/airflow/example_dags/example_branch_operator.py
[2025-02-01T02:59:46.658+0000] {logging_mixin.py:137} INFO - [2025-02-01T02:59:46.658+0000] {dag.py:2690} INFO - Sync 1 DAGs
[2025-02-01T02:59:46.724+0000] {logging_mixin.py:137} INFO - [2025-02-01T02:59:46.724+0000] {dag.py:3441} INFO - Setting next_dagrun for example_branch_operator to 2025-01-31T00:00:00+00:00, run_after=2025-02-01T00:00:00+00:00
[2025-02-01T02:59:46.770+0000] {processor.py:175} INFO - Processing /home/airflow/.local/lib/python3.7/site-packages/airflow/example_dags/example_branch_operator.py took 0.225 seconds
[2025-02-01T03:00:17.412+0000] {processor.py:153} INFO - Started process (PID=2245) to work on /home/airflow/.local/lib/python3.7/site-packages/airflow/example_dags/example_branch_operator.py
[2025-02-01T03:00:17.418+0000] {processor.py:743} INFO - Processing file /home/airflow/.local/lib/python3.7/site-packages/airflow/example_dags/example_branch_operator.py for tasks to queue
[2025-02-01T03:00:17.425+0000] {logging_mixin.py:137} INFO - [2025-02-01T03:00:17.419+0000] {dagbag.py:538} INFO - Filling up the DagBag from /home/airflow/.local/lib/python3.7/site-packages/airflow/example_dags/example_branch_operator.py
[2025-02-01T03:00:17.578+0000] {processor.py:753} INFO - DAG(s) dict_keys(['example_branch_operator']) retrieved from /home/airflow/.local/lib/python3.7/site-packages/airflow/example_dags/example_branch_operator.py
[2025-02-01T03:00:17.802+0000] {logging_mixin.py:137} INFO - [2025-02-01T03:00:17.802+0000] {dag.py:2690} INFO - Sync 1 DAGs
[2025-02-01T03:00:17.979+0000] {logging_mixin.py:137} INFO - [2025-02-01T03:00:17.977+0000] {dag.py:3441} INFO - Setting next_dagrun for example_branch_operator to 2025-01-31T00:00:00+00:00, run_after=2025-02-01T00:00:00+00:00
[2025-02-01T03:00:18.183+0000] {processor.py:175} INFO - Processing /home/airflow/.local/lib/python3.7/site-packages/airflow/example_dags/example_branch_operator.py took 0.796 seconds
[2025-02-01T03:00:49.136+0000] {processor.py:153} INFO - Started process (PID=2302) to work on /home/airflow/.local/lib/python3.7/site-packages/airflow/example_dags/example_branch_operator.py
[2025-02-01T03:00:49.142+0000] {processor.py:743} INFO - Processing file /home/airflow/.local/lib/python3.7/site-packages/airflow/example_dags/example_branch_operator.py for tasks to queue
[2025-02-01T03:00:49.152+0000] {logging_mixin.py:137} INFO - [2025-02-01T03:00:49.146+0000] {dagbag.py:538} INFO - Filling up the DagBag from /home/airflow/.local/lib/python3.7/site-packages/airflow/example_dags/example_branch_operator.py
[2025-02-01T03:00:49.279+0000] {processor.py:753} INFO - DAG(s) dict_keys(['example_branch_operator']) retrieved from /home/airflow/.local/lib/python3.7/site-packages/airflow/example_dags/example_branch_operator.py
[2025-02-01T03:00:49.424+0000] {logging_mixin.py:137} INFO - [2025-02-01T03:00:49.423+0000] {dag.py:2690} INFO - Sync 1 DAGs
[2025-02-01T03:00:49.499+0000] {logging_mixin.py:137} INFO - [2025-02-01T03:00:49.498+0000] {dag.py:3441} INFO - Setting next_dagrun for example_branch_operator to 2025-01-31T00:00:00+00:00, run_after=2025-02-01T00:00:00+00:00
[2025-02-01T03:00:49.566+0000] {processor.py:175} INFO - Processing /home/airflow/.local/lib/python3.7/site-packages/airflow/example_dags/example_branch_operator.py took 0.460 seconds
[2025-02-01T03:01:19.886+0000] {processor.py:153} INFO - Started process (PID=2354) to work on /home/airflow/.local/lib/python3.7/site-packages/airflow/example_dags/example_branch_operator.py
[2025-02-01T03:01:19.890+0000] {processor.py:743} INFO - Processing file /home/airflow/.local/lib/python3.7/site-packages/airflow/example_dags/example_branch_operator.py for tasks to queue
[2025-02-01T03:01:19.892+0000] {logging_mixin.py:137} INFO - [2025-02-01T03:01:19.891+0000] {dagbag.py:538} INFO - Filling up the DagBag from /home/airflow/.local/lib/python3.7/site-packages/airflow/example_dags/example_branch_operator.py
[2025-02-01T03:01:19.946+0000] {processor.py:753} INFO - DAG(s) dict_keys(['example_branch_operator']) retrieved from /home/airflow/.local/lib/python3.7/site-packages/airflow/example_dags/example_branch_operator.py
[2025-02-01T03:01:20.055+0000] {logging_mixin.py:137} INFO - [2025-02-01T03:01:20.055+0000] {dag.py:2690} INFO - Sync 1 DAGs
[2025-02-01T03:01:20.186+0000] {logging_mixin.py:137} INFO - [2025-02-01T03:01:20.186+0000] {dag.py:3441} INFO - Setting next_dagrun for example_branch_operator to 2025-01-31T00:00:00+00:00, run_after=2025-02-01T00:00:00+00:00
[2025-02-01T03:01:20.253+0000] {processor.py:175} INFO - Processing /home/airflow/.local/lib/python3.7/site-packages/airflow/example_dags/example_branch_operator.py took 0.384 seconds
[2025-02-01T03:01:50.948+0000] {processor.py:153} INFO - Started process (PID=2413) to work on /home/airflow/.local/lib/python3.7/site-packages/airflow/example_dags/example_branch_operator.py
[2025-02-01T03:01:50.952+0000] {processor.py:743} INFO - Processing file /home/airflow/.local/lib/python3.7/site-packages/airflow/example_dags/example_branch_operator.py for tasks to queue
[2025-02-01T03:01:50.956+0000] {logging_mixin.py:137} INFO - [2025-02-01T03:01:50.953+0000] {dagbag.py:538} INFO - Filling up the DagBag from /home/airflow/.local/lib/python3.7/site-packages/airflow/example_dags/example_branch_operator.py
[2025-02-01T03:01:51.037+0000] {processor.py:753} INFO - DAG(s) dict_keys(['example_branch_operator']) retrieved from /home/airflow/.local/lib/python3.7/site-packages/airflow/example_dags/example_branch_operator.py
[2025-02-01T03:01:51.172+0000] {logging_mixin.py:137} INFO - [2025-02-01T03:01:51.171+0000] {dag.py:2690} INFO - Sync 1 DAGs
[2025-02-01T03:01:51.332+0000] {logging_mixin.py:137} INFO - [2025-02-01T03:01:51.332+0000] {dag.py:3441} INFO - Setting next_dagrun for example_branch_operator to 2025-01-31T00:00:00+00:00, run_after=2025-02-01T00:00:00+00:00
[2025-02-01T03:01:51.432+0000] {processor.py:175} INFO - Processing /home/airflow/.local/lib/python3.7/site-packages/airflow/example_dags/example_branch_operator.py took 0.497 seconds
[2025-02-01T03:02:22.319+0000] {processor.py:153} INFO - Started process (PID=2471) to work on /home/airflow/.local/lib/python3.7/site-packages/airflow/example_dags/example_branch_operator.py
[2025-02-01T03:02:22.322+0000] {processor.py:743} INFO - Processing file /home/airflow/.local/lib/python3.7/site-packages/airflow/example_dags/example_branch_operator.py for tasks to queue
[2025-02-01T03:02:22.327+0000] {logging_mixin.py:137} INFO - [2025-02-01T03:02:22.326+0000] {dagbag.py:538} INFO - Filling up the DagBag from /home/airflow/.local/lib/python3.7/site-packages/airflow/example_dags/example_branch_operator.py
[2025-02-01T03:02:22.453+0000] {processor.py:753} INFO - DAG(s) dict_keys(['example_branch_operator']) retrieved from /home/airflow/.local/lib/python3.7/site-packages/airflow/example_dags/example_branch_operator.py
[2025-02-01T03:02:22.582+0000] {logging_mixin.py:137} INFO - [2025-02-01T03:02:22.581+0000] {dag.py:2690} INFO - Sync 1 DAGs
[2025-02-01T03:02:22.733+0000] {logging_mixin.py:137} INFO - [2025-02-01T03:02:22.732+0000] {dag.py:3441} INFO - Setting next_dagrun for example_branch_operator to 2025-01-31T00:00:00+00:00, run_after=2025-02-01T00:00:00+00:00
[2025-02-01T03:02:22.862+0000] {processor.py:175} INFO - Processing /home/airflow/.local/lib/python3.7/site-packages/airflow/example_dags/example_branch_operator.py took 0.564 seconds
[2025-02-01T03:02:53.730+0000] {processor.py:153} INFO - Started process (PID=2530) to work on /home/airflow/.local/lib/python3.7/site-packages/airflow/example_dags/example_branch_operator.py
[2025-02-01T03:02:53.734+0000] {processor.py:743} INFO - Processing file /home/airflow/.local/lib/python3.7/site-packages/airflow/example_dags/example_branch_operator.py for tasks to queue
[2025-02-01T03:02:53.743+0000] {logging_mixin.py:137} INFO - [2025-02-01T03:02:53.743+0000] {dagbag.py:538} INFO - Filling up the DagBag from /home/airflow/.local/lib/python3.7/site-packages/airflow/example_dags/example_branch_operator.py
[2025-02-01T03:02:53.979+0000] {processor.py:753} INFO - DAG(s) dict_keys(['example_branch_operator']) retrieved from /home/airflow/.local/lib/python3.7/site-packages/airflow/example_dags/example_branch_operator.py
[2025-02-01T03:02:54.247+0000] {logging_mixin.py:137} INFO - [2025-02-01T03:02:54.247+0000] {dag.py:2690} INFO - Sync 1 DAGs
[2025-02-01T03:02:54.500+0000] {logging_mixin.py:137} INFO - [2025-02-01T03:02:54.500+0000] {dag.py:3441} INFO - Setting next_dagrun for example_branch_operator to 2025-01-31T00:00:00+00:00, run_after=2025-02-01T00:00:00+00:00
[2025-02-01T03:02:54.596+0000] {processor.py:175} INFO - Processing /home/airflow/.local/lib/python3.7/site-packages/airflow/example_dags/example_branch_operator.py took 0.888 seconds
[2025-02-01T03:03:24.901+0000] {processor.py:153} INFO - Started process (PID=2579) to work on /home/airflow/.local/lib/python3.7/site-packages/airflow/example_dags/example_branch_operator.py
[2025-02-01T03:03:24.902+0000] {processor.py:743} INFO - Processing file /home/airflow/.local/lib/python3.7/site-packages/airflow/example_dags/example_branch_operator.py for tasks to queue
[2025-02-01T03:03:24.904+0000] {logging_mixin.py:137} INFO - [2025-02-01T03:03:24.903+0000] {dagbag.py:538} INFO - Filling up the DagBag from /home/airflow/.local/lib/python3.7/site-packages/airflow/example_dags/example_branch_operator.py
[2025-02-01T03:03:24.945+0000] {processor.py:753} INFO - DAG(s) dict_keys(['example_branch_operator']) retrieved from /home/airflow/.local/lib/python3.7/site-packages/airflow/example_dags/example_branch_operator.py
[2025-02-01T03:03:25.010+0000] {logging_mixin.py:137} INFO - [2025-02-01T03:03:25.010+0000] {dag.py:2690} INFO - Sync 1 DAGs
[2025-02-01T03:03:25.077+0000] {logging_mixin.py:137} INFO - [2025-02-01T03:03:25.077+0000] {dag.py:3441} INFO - Setting next_dagrun for example_branch_operator to 2025-01-31T00:00:00+00:00, run_after=2025-02-01T00:00:00+00:00
[2025-02-01T03:03:25.139+0000] {processor.py:175} INFO - Processing /home/airflow/.local/lib/python3.7/site-packages/airflow/example_dags/example_branch_operator.py took 0.246 seconds
[2025-02-01T03:03:55.524+0000] {processor.py:153} INFO - Started process (PID=2638) to work on /home/airflow/.local/lib/python3.7/site-packages/airflow/example_dags/example_branch_operator.py
[2025-02-01T03:03:55.527+0000] {processor.py:743} INFO - Processing file /home/airflow/.local/lib/python3.7/site-packages/airflow/example_dags/example_branch_operator.py for tasks to queue
[2025-02-01T03:03:55.531+0000] {logging_mixin.py:137} INFO - [2025-02-01T03:03:55.529+0000] {dagbag.py:538} INFO - Filling up the DagBag from /home/airflow/.local/lib/python3.7/site-packages/airflow/example_dags/example_branch_operator.py
[2025-02-01T03:03:55.619+0000] {processor.py:753} INFO - DAG(s) dict_keys(['example_branch_operator']) retrieved from /home/airflow/.local/lib/python3.7/site-packages/airflow/example_dags/example_branch_operator.py
[2025-02-01T03:03:55.736+0000] {logging_mixin.py:137} INFO - [2025-02-01T03:03:55.735+0000] {dag.py:2690} INFO - Sync 1 DAGs
[2025-02-01T03:03:55.864+0000] {logging_mixin.py:137} INFO - [2025-02-01T03:03:55.864+0000] {dag.py:3441} INFO - Setting next_dagrun for example_branch_operator to 2025-01-31T00:00:00+00:00, run_after=2025-02-01T00:00:00+00:00
[2025-02-01T03:03:55.968+0000] {processor.py:175} INFO - Processing /home/airflow/.local/lib/python3.7/site-packages/airflow/example_dags/example_branch_operator.py took 0.457 seconds
[2025-02-01T03:04:26.250+0000] {processor.py:153} INFO - Started process (PID=2692) to work on /home/airflow/.local/lib/python3.7/site-packages/airflow/example_dags/example_branch_operator.py
[2025-02-01T03:04:26.258+0000] {processor.py:743} INFO - Processing file /home/airflow/.local/lib/python3.7/site-packages/airflow/example_dags/example_branch_operator.py for tasks to queue
[2025-02-01T03:04:26.263+0000] {logging_mixin.py:137} INFO - [2025-02-01T03:04:26.261+0000] {dagbag.py:538} INFO - Filling up the DagBag from /home/airflow/.local/lib/python3.7/site-packages/airflow/example_dags/example_branch_operator.py
[2025-02-01T03:04:26.490+0000] {processor.py:753} INFO - DAG(s) dict_keys(['example_branch_operator']) retrieved from /home/airflow/.local/lib/python3.7/site-packages/airflow/example_dags/example_branch_operator.py
[2025-02-01T03:04:26.830+0000] {logging_mixin.py:137} INFO - [2025-02-01T03:04:26.827+0000] {dag.py:2690} INFO - Sync 1 DAGs
[2025-02-01T03:04:27.171+0000] {logging_mixin.py:137} INFO - [2025-02-01T03:04:27.170+0000] {dag.py:3441} INFO - Setting next_dagrun for example_branch_operator to 2025-01-31T00:00:00+00:00, run_after=2025-02-01T00:00:00+00:00
[2025-02-01T03:04:27.489+0000] {processor.py:175} INFO - Processing /home/airflow/.local/lib/python3.7/site-packages/airflow/example_dags/example_branch_operator.py took 1.296 seconds
[2025-02-01T03:04:58.499+0000] {processor.py:153} INFO - Started process (PID=2745) to work on /home/airflow/.local/lib/python3.7/site-packages/airflow/example_dags/example_branch_operator.py
[2025-02-01T03:04:58.504+0000] {processor.py:743} INFO - Processing file /home/airflow/.local/lib/python3.7/site-packages/airflow/example_dags/example_branch_operator.py for tasks to queue
[2025-02-01T03:04:58.515+0000] {logging_mixin.py:137} INFO - [2025-02-01T03:04:58.514+0000] {dagbag.py:538} INFO - Filling up the DagBag from /home/airflow/.local/lib/python3.7/site-packages/airflow/example_dags/example_branch_operator.py
[2025-02-01T03:04:58.617+0000] {processor.py:753} INFO - DAG(s) dict_keys(['example_branch_operator']) retrieved from /home/airflow/.local/lib/python3.7/site-packages/airflow/example_dags/example_branch_operator.py
[2025-02-01T03:04:58.748+0000] {logging_mixin.py:137} INFO - [2025-02-01T03:04:58.748+0000] {dag.py:2690} INFO - Sync 1 DAGs
[2025-02-01T03:04:58.904+0000] {logging_mixin.py:137} INFO - [2025-02-01T03:04:58.903+0000] {dag.py:3441} INFO - Setting next_dagrun for example_branch_operator to 2025-01-31T00:00:00+00:00, run_after=2025-02-01T00:00:00+00:00
[2025-02-01T03:04:59.083+0000] {processor.py:175} INFO - Processing /home/airflow/.local/lib/python3.7/site-packages/airflow/example_dags/example_branch_operator.py took 0.609 seconds
[2025-02-01T03:05:29.709+0000] {processor.py:153} INFO - Started process (PID=2804) to work on /home/airflow/.local/lib/python3.7/site-packages/airflow/example_dags/example_branch_operator.py
[2025-02-01T03:05:29.712+0000] {processor.py:743} INFO - Processing file /home/airflow/.local/lib/python3.7/site-packages/airflow/example_dags/example_branch_operator.py for tasks to queue
[2025-02-01T03:05:29.716+0000] {logging_mixin.py:137} INFO - [2025-02-01T03:05:29.716+0000] {dagbag.py:538} INFO - Filling up the DagBag from /home/airflow/.local/lib/python3.7/site-packages/airflow/example_dags/example_branch_operator.py
[2025-02-01T03:05:29.803+0000] {processor.py:753} INFO - DAG(s) dict_keys(['example_branch_operator']) retrieved from /home/airflow/.local/lib/python3.7/site-packages/airflow/example_dags/example_branch_operator.py
[2025-02-01T03:05:29.922+0000] {logging_mixin.py:137} INFO - [2025-02-01T03:05:29.921+0000] {dag.py:2690} INFO - Sync 1 DAGs
[2025-02-01T03:05:30.055+0000] {logging_mixin.py:137} INFO - [2025-02-01T03:05:30.055+0000] {dag.py:3441} INFO - Setting next_dagrun for example_branch_operator to 2025-01-31T00:00:00+00:00, run_after=2025-02-01T00:00:00+00:00
[2025-02-01T03:05:30.161+0000] {processor.py:175} INFO - Processing /home/airflow/.local/lib/python3.7/site-packages/airflow/example_dags/example_branch_operator.py took 0.468 seconds
[2025-02-01T03:06:00.696+0000] {processor.py:153} INFO - Started process (PID=2863) to work on /home/airflow/.local/lib/python3.7/site-packages/airflow/example_dags/example_branch_operator.py
[2025-02-01T03:06:00.702+0000] {processor.py:743} INFO - Processing file /home/airflow/.local/lib/python3.7/site-packages/airflow/example_dags/example_branch_operator.py for tasks to queue
[2025-02-01T03:06:00.708+0000] {logging_mixin.py:137} INFO - [2025-02-01T03:06:00.707+0000] {dagbag.py:538} INFO - Filling up the DagBag from /home/airflow/.local/lib/python3.7/site-packages/airflow/example_dags/example_branch_operator.py
[2025-02-01T03:06:00.851+0000] {processor.py:753} INFO - DAG(s) dict_keys(['example_branch_operator']) retrieved from /home/airflow/.local/lib/python3.7/site-packages/airflow/example_dags/example_branch_operator.py
[2025-02-01T03:06:01.085+0000] {logging_mixin.py:137} INFO - [2025-02-01T03:06:01.084+0000] {dag.py:2690} INFO - Sync 1 DAGs
[2025-02-01T03:06:01.323+0000] {logging_mixin.py:137} INFO - [2025-02-01T03:06:01.323+0000] {dag.py:3441} INFO - Setting next_dagrun for example_branch_operator to 2025-01-31T00:00:00+00:00, run_after=2025-02-01T00:00:00+00:00
[2025-02-01T03:06:01.480+0000] {processor.py:175} INFO - Processing /home/airflow/.local/lib/python3.7/site-packages/airflow/example_dags/example_branch_operator.py took 0.808 seconds
[2025-02-01T03:06:31.653+0000] {processor.py:153} INFO - Started process (PID=2919) to work on /home/airflow/.local/lib/python3.7/site-packages/airflow/example_dags/example_branch_operator.py
[2025-02-01T03:06:31.657+0000] {processor.py:743} INFO - Processing file /home/airflow/.local/lib/python3.7/site-packages/airflow/example_dags/example_branch_operator.py for tasks to queue
[2025-02-01T03:06:31.661+0000] {logging_mixin.py:137} INFO - [2025-02-01T03:06:31.661+0000] {dagbag.py:538} INFO - Filling up the DagBag from /home/airflow/.local/lib/python3.7/site-packages/airflow/example_dags/example_branch_operator.py
[2025-02-01T03:06:31.800+0000] {processor.py:753} INFO - DAG(s) dict_keys(['example_branch_operator']) retrieved from /home/airflow/.local/lib/python3.7/site-packages/airflow/example_dags/example_branch_operator.py
[2025-02-01T03:06:32.003+0000] {logging_mixin.py:137} INFO - [2025-02-01T03:06:32.002+0000] {dag.py:2690} INFO - Sync 1 DAGs
[2025-02-01T03:06:32.212+0000] {logging_mixin.py:137} INFO - [2025-02-01T03:06:32.211+0000] {dag.py:3441} INFO - Setting next_dagrun for example_branch_operator to 2025-01-31T00:00:00+00:00, run_after=2025-02-01T00:00:00+00:00
[2025-02-01T03:06:32.397+0000] {processor.py:175} INFO - Processing /home/airflow/.local/lib/python3.7/site-packages/airflow/example_dags/example_branch_operator.py took 0.760 seconds
[2025-02-01T03:07:03.335+0000] {processor.py:153} INFO - Started process (PID=2971) to work on /home/airflow/.local/lib/python3.7/site-packages/airflow/example_dags/example_branch_operator.py
[2025-02-01T03:07:03.340+0000] {processor.py:743} INFO - Processing file /home/airflow/.local/lib/python3.7/site-packages/airflow/example_dags/example_branch_operator.py for tasks to queue
[2025-02-01T03:07:03.341+0000] {logging_mixin.py:137} INFO - [2025-02-01T03:07:03.341+0000] {dagbag.py:538} INFO - Filling up the DagBag from /home/airflow/.local/lib/python3.7/site-packages/airflow/example_dags/example_branch_operator.py
[2025-02-01T03:07:03.383+0000] {processor.py:753} INFO - DAG(s) dict_keys(['example_branch_operator']) retrieved from /home/airflow/.local/lib/python3.7/site-packages/airflow/example_dags/example_branch_operator.py
[2025-02-01T03:07:03.452+0000] {logging_mixin.py:137} INFO - [2025-02-01T03:07:03.451+0000] {dag.py:2690} INFO - Sync 1 DAGs
[2025-02-01T03:07:03.521+0000] {logging_mixin.py:137} INFO - [2025-02-01T03:07:03.521+0000] {dag.py:3441} INFO - Setting next_dagrun for example_branch_operator to 2025-01-31T00:00:00+00:00, run_after=2025-02-01T00:00:00+00:00
[2025-02-01T03:07:03.566+0000] {processor.py:175} INFO - Processing /home/airflow/.local/lib/python3.7/site-packages/airflow/example_dags/example_branch_operator.py took 0.237 seconds
[2025-02-01T03:07:33.727+0000] {processor.py:153} INFO - Started process (PID=3030) to work on /home/airflow/.local/lib/python3.7/site-packages/airflow/example_dags/example_branch_operator.py
[2025-02-01T03:07:33.734+0000] {processor.py:743} INFO - Processing file /home/airflow/.local/lib/python3.7/site-packages/airflow/example_dags/example_branch_operator.py for tasks to queue
[2025-02-01T03:07:33.740+0000] {logging_mixin.py:137} INFO - [2025-02-01T03:07:33.740+0000] {dagbag.py:538} INFO - Filling up the DagBag from /home/airflow/.local/lib/python3.7/site-packages/airflow/example_dags/example_branch_operator.py
[2025-02-01T03:07:33.973+0000] {processor.py:753} INFO - DAG(s) dict_keys(['example_branch_operator']) retrieved from /home/airflow/.local/lib/python3.7/site-packages/airflow/example_dags/example_branch_operator.py
[2025-02-01T03:07:34.223+0000] {logging_mixin.py:137} INFO - [2025-02-01T03:07:34.222+0000] {dag.py:2690} INFO - Sync 1 DAGs
[2025-02-01T03:07:34.463+0000] {logging_mixin.py:137} INFO - [2025-02-01T03:07:34.457+0000] {dag.py:3441} INFO - Setting next_dagrun for example_branch_operator to 2025-01-31T00:00:00+00:00, run_after=2025-02-01T00:00:00+00:00
[2025-02-01T03:07:34.591+0000] {processor.py:175} INFO - Processing /home/airflow/.local/lib/python3.7/site-packages/airflow/example_dags/example_branch_operator.py took 0.889 seconds
[2025-02-01T03:08:05.231+0000] {processor.py:153} INFO - Started process (PID=3079) to work on /home/airflow/.local/lib/python3.7/site-packages/airflow/example_dags/example_branch_operator.py
[2025-02-01T03:08:05.237+0000] {processor.py:743} INFO - Processing file /home/airflow/.local/lib/python3.7/site-packages/airflow/example_dags/example_branch_operator.py for tasks to queue
[2025-02-01T03:08:05.243+0000] {logging_mixin.py:137} INFO - [2025-02-01T03:08:05.239+0000] {dagbag.py:538} INFO - Filling up the DagBag from /home/airflow/.local/lib/python3.7/site-packages/airflow/example_dags/example_branch_operator.py
[2025-02-01T03:08:05.380+0000] {processor.py:753} INFO - DAG(s) dict_keys(['example_branch_operator']) retrieved from /home/airflow/.local/lib/python3.7/site-packages/airflow/example_dags/example_branch_operator.py
[2025-02-01T03:08:05.548+0000] {logging_mixin.py:137} INFO - [2025-02-01T03:08:05.547+0000] {dag.py:2690} INFO - Sync 1 DAGs
[2025-02-01T03:08:05.781+0000] {logging_mixin.py:137} INFO - [2025-02-01T03:08:05.781+0000] {dag.py:3441} INFO - Setting next_dagrun for example_branch_operator to 2025-01-31T00:00:00+00:00, run_after=2025-02-01T00:00:00+00:00
[2025-02-01T03:08:05.927+0000] {processor.py:175} INFO - Processing /home/airflow/.local/lib/python3.7/site-packages/airflow/example_dags/example_branch_operator.py took 0.724 seconds
[2025-02-01T03:08:36.263+0000] {processor.py:153} INFO - Started process (PID=3136) to work on /home/airflow/.local/lib/python3.7/site-packages/airflow/example_dags/example_branch_operator.py
[2025-02-01T03:08:36.267+0000] {processor.py:743} INFO - Processing file /home/airflow/.local/lib/python3.7/site-packages/airflow/example_dags/example_branch_operator.py for tasks to queue
[2025-02-01T03:08:36.269+0000] {logging_mixin.py:137} INFO - [2025-02-01T03:08:36.268+0000] {dagbag.py:538} INFO - Filling up the DagBag from /home/airflow/.local/lib/python3.7/site-packages/airflow/example_dags/example_branch_operator.py
[2025-02-01T03:08:36.403+0000] {processor.py:753} INFO - DAG(s) dict_keys(['example_branch_operator']) retrieved from /home/airflow/.local/lib/python3.7/site-packages/airflow/example_dags/example_branch_operator.py
[2025-02-01T03:08:36.604+0000] {logging_mixin.py:137} INFO - [2025-02-01T03:08:36.603+0000] {dag.py:2690} INFO - Sync 1 DAGs
[2025-02-01T03:08:36.894+0000] {logging_mixin.py:137} INFO - [2025-02-01T03:08:36.894+0000] {dag.py:3441} INFO - Setting next_dagrun for example_branch_operator to 2025-01-31T00:00:00+00:00, run_after=2025-02-01T00:00:00+00:00
[2025-02-01T03:08:37.085+0000] {processor.py:175} INFO - Processing /home/airflow/.local/lib/python3.7/site-packages/airflow/example_dags/example_branch_operator.py took 0.860 seconds
[2025-02-01T03:09:07.622+0000] {processor.py:153} INFO - Started process (PID=3195) to work on /home/airflow/.local/lib/python3.7/site-packages/airflow/example_dags/example_branch_operator.py
[2025-02-01T03:09:07.625+0000] {processor.py:743} INFO - Processing file /home/airflow/.local/lib/python3.7/site-packages/airflow/example_dags/example_branch_operator.py for tasks to queue
[2025-02-01T03:09:07.629+0000] {logging_mixin.py:137} INFO - [2025-02-01T03:09:07.627+0000] {dagbag.py:538} INFO - Filling up the DagBag from /home/airflow/.local/lib/python3.7/site-packages/airflow/example_dags/example_branch_operator.py
[2025-02-01T03:09:07.715+0000] {processor.py:753} INFO - DAG(s) dict_keys(['example_branch_operator']) retrieved from /home/airflow/.local/lib/python3.7/site-packages/airflow/example_dags/example_branch_operator.py
[2025-02-01T03:09:07.852+0000] {logging_mixin.py:137} INFO - [2025-02-01T03:09:07.852+0000] {dag.py:2690} INFO - Sync 1 DAGs
[2025-02-01T03:09:07.936+0000] {logging_mixin.py:137} INFO - [2025-02-01T03:09:07.936+0000] {dag.py:3441} INFO - Setting next_dagrun for example_branch_operator to 2025-01-31T00:00:00+00:00, run_after=2025-02-01T00:00:00+00:00
[2025-02-01T03:09:08.014+0000] {processor.py:175} INFO - Processing /home/airflow/.local/lib/python3.7/site-packages/airflow/example_dags/example_branch_operator.py took 0.408 seconds
[2025-02-01T03:09:38.280+0000] {processor.py:153} INFO - Started process (PID=3253) to work on /home/airflow/.local/lib/python3.7/site-packages/airflow/example_dags/example_branch_operator.py
[2025-02-01T03:09:38.282+0000] {processor.py:743} INFO - Processing file /home/airflow/.local/lib/python3.7/site-packages/airflow/example_dags/example_branch_operator.py for tasks to queue
[2025-02-01T03:09:38.283+0000] {logging_mixin.py:137} INFO - [2025-02-01T03:09:38.283+0000] {dagbag.py:538} INFO - Filling up the DagBag from /home/airflow/.local/lib/python3.7/site-packages/airflow/example_dags/example_branch_operator.py
[2025-02-01T03:09:38.324+0000] {processor.py:753} INFO - DAG(s) dict_keys(['example_branch_operator']) retrieved from /home/airflow/.local/lib/python3.7/site-packages/airflow/example_dags/example_branch_operator.py
[2025-02-01T03:09:38.388+0000] {logging_mixin.py:137} INFO - [2025-02-01T03:09:38.388+0000] {dag.py:2690} INFO - Sync 1 DAGs
[2025-02-01T03:09:38.459+0000] {logging_mixin.py:137} INFO - [2025-02-01T03:09:38.459+0000] {dag.py:3441} INFO - Setting next_dagrun for example_branch_operator to 2025-01-31T00:00:00+00:00, run_after=2025-02-01T00:00:00+00:00
[2025-02-01T03:09:38.511+0000] {processor.py:175} INFO - Processing /home/airflow/.local/lib/python3.7/site-packages/airflow/example_dags/example_branch_operator.py took 0.238 seconds
