[2025-02-01T02:40:20.134+0000] {processor.py:153} INFO - Started process (PID=69) to work on /home/airflow/.local/lib/python3.7/site-packages/airflow/example_dags/example_dynamic_task_mapping.py
[2025-02-01T02:40:20.140+0000] {processor.py:743} INFO - Processing file /home/airflow/.local/lib/python3.7/site-packages/airflow/example_dags/example_dynamic_task_mapping.py for tasks to queue
[2025-02-01T02:40:20.145+0000] {logging_mixin.py:137} INFO - [2025-02-01T02:40:20.145+0000] {dagbag.py:538} INFO - Filling up the DagBag from /home/airflow/.local/lib/python3.7/site-packages/airflow/example_dags/example_dynamic_task_mapping.py
[2025-02-01T02:40:20.557+0000] {processor.py:753} INFO - DAG(s) dict_keys(['example_dynamic_task_mapping']) retrieved from /home/airflow/.local/lib/python3.7/site-packages/airflow/example_dags/example_dynamic_task_mapping.py
[2025-02-01T02:40:21.063+0000] {logging_mixin.py:137} INFO - [2025-02-01T02:40:21.062+0000] {dag.py:2690} INFO - Sync 1 DAGs
[2025-02-01T02:40:21.526+0000] {logging_mixin.py:137} INFO - [2025-02-01T02:40:21.526+0000] {dag.py:3441} INFO - Setting next_dagrun for example_dynamic_task_mapping to 2022-03-04T00:00:00+00:00, run_after=2022-03-05T00:00:00+00:00
[2025-02-01T02:40:21.860+0000] {processor.py:175} INFO - Processing /home/airflow/.local/lib/python3.7/site-packages/airflow/example_dags/example_dynamic_task_mapping.py took 1.784 seconds
[2025-02-01T02:40:52.715+0000] {processor.py:153} INFO - Started process (PID=128) to work on /home/airflow/.local/lib/python3.7/site-packages/airflow/example_dags/example_dynamic_task_mapping.py
[2025-02-01T02:40:52.717+0000] {processor.py:743} INFO - Processing file /home/airflow/.local/lib/python3.7/site-packages/airflow/example_dags/example_dynamic_task_mapping.py for tasks to queue
[2025-02-01T02:40:52.719+0000] {logging_mixin.py:137} INFO - [2025-02-01T02:40:52.719+0000] {dagbag.py:538} INFO - Filling up the DagBag from /home/airflow/.local/lib/python3.7/site-packages/airflow/example_dags/example_dynamic_task_mapping.py
[2025-02-01T02:40:52.775+0000] {processor.py:753} INFO - DAG(s) dict_keys(['example_dynamic_task_mapping']) retrieved from /home/airflow/.local/lib/python3.7/site-packages/airflow/example_dags/example_dynamic_task_mapping.py
[2025-02-01T02:40:52.835+0000] {logging_mixin.py:137} INFO - [2025-02-01T02:40:52.835+0000] {dag.py:2690} INFO - Sync 1 DAGs
[2025-02-01T02:40:52.948+0000] {logging_mixin.py:137} INFO - [2025-02-01T02:40:52.947+0000] {dag.py:3441} INFO - Setting next_dagrun for example_dynamic_task_mapping to 2022-03-04T00:00:00+00:00, run_after=2022-03-05T00:00:00+00:00
[2025-02-01T02:40:52.993+0000] {processor.py:175} INFO - Processing /home/airflow/.local/lib/python3.7/site-packages/airflow/example_dags/example_dynamic_task_mapping.py took 0.286 seconds
[2025-02-01T02:41:23.594+0000] {processor.py:153} INFO - Started process (PID=185) to work on /home/airflow/.local/lib/python3.7/site-packages/airflow/example_dags/example_dynamic_task_mapping.py
[2025-02-01T02:41:23.600+0000] {processor.py:743} INFO - Processing file /home/airflow/.local/lib/python3.7/site-packages/airflow/example_dags/example_dynamic_task_mapping.py for tasks to queue
[2025-02-01T02:41:23.606+0000] {logging_mixin.py:137} INFO - [2025-02-01T02:41:23.605+0000] {dagbag.py:538} INFO - Filling up the DagBag from /home/airflow/.local/lib/python3.7/site-packages/airflow/example_dags/example_dynamic_task_mapping.py
[2025-02-01T02:41:23.909+0000] {processor.py:753} INFO - DAG(s) dict_keys(['example_dynamic_task_mapping']) retrieved from /home/airflow/.local/lib/python3.7/site-packages/airflow/example_dags/example_dynamic_task_mapping.py
[2025-02-01T02:41:24.120+0000] {logging_mixin.py:137} INFO - [2025-02-01T02:41:24.120+0000] {dag.py:2690} INFO - Sync 1 DAGs
[2025-02-01T02:41:24.274+0000] {logging_mixin.py:137} INFO - [2025-02-01T02:41:24.270+0000] {dag.py:3441} INFO - Setting next_dagrun for example_dynamic_task_mapping to 2022-03-04T00:00:00+00:00, run_after=2022-03-05T00:00:00+00:00
[2025-02-01T02:41:24.386+0000] {processor.py:175} INFO - Processing /home/airflow/.local/lib/python3.7/site-packages/airflow/example_dags/example_dynamic_task_mapping.py took 0.834 seconds
[2025-02-01T02:41:54.563+0000] {processor.py:153} INFO - Started process (PID=236) to work on /home/airflow/.local/lib/python3.7/site-packages/airflow/example_dags/example_dynamic_task_mapping.py
[2025-02-01T02:41:54.567+0000] {processor.py:743} INFO - Processing file /home/airflow/.local/lib/python3.7/site-packages/airflow/example_dags/example_dynamic_task_mapping.py for tasks to queue
[2025-02-01T02:41:54.573+0000] {logging_mixin.py:137} INFO - [2025-02-01T02:41:54.569+0000] {dagbag.py:538} INFO - Filling up the DagBag from /home/airflow/.local/lib/python3.7/site-packages/airflow/example_dags/example_dynamic_task_mapping.py
[2025-02-01T02:41:54.705+0000] {processor.py:753} INFO - DAG(s) dict_keys(['example_dynamic_task_mapping']) retrieved from /home/airflow/.local/lib/python3.7/site-packages/airflow/example_dags/example_dynamic_task_mapping.py
[2025-02-01T02:41:54.819+0000] {logging_mixin.py:137} INFO - [2025-02-01T02:41:54.817+0000] {dag.py:2690} INFO - Sync 1 DAGs
[2025-02-01T02:41:54.892+0000] {logging_mixin.py:137} INFO - [2025-02-01T02:41:54.891+0000] {dag.py:3441} INFO - Setting next_dagrun for example_dynamic_task_mapping to 2022-03-04T00:00:00+00:00, run_after=2022-03-05T00:00:00+00:00
[2025-02-01T02:41:54.937+0000] {processor.py:175} INFO - Processing /home/airflow/.local/lib/python3.7/site-packages/airflow/example_dags/example_dynamic_task_mapping.py took 0.400 seconds
[2025-02-01T02:42:25.013+0000] {processor.py:153} INFO - Started process (PID=294) to work on /home/airflow/.local/lib/python3.7/site-packages/airflow/example_dags/example_dynamic_task_mapping.py
[2025-02-01T02:42:25.015+0000] {processor.py:743} INFO - Processing file /home/airflow/.local/lib/python3.7/site-packages/airflow/example_dags/example_dynamic_task_mapping.py for tasks to queue
[2025-02-01T02:42:25.017+0000] {logging_mixin.py:137} INFO - [2025-02-01T02:42:25.016+0000] {dagbag.py:538} INFO - Filling up the DagBag from /home/airflow/.local/lib/python3.7/site-packages/airflow/example_dags/example_dynamic_task_mapping.py
[2025-02-01T02:42:25.073+0000] {processor.py:753} INFO - DAG(s) dict_keys(['example_dynamic_task_mapping']) retrieved from /home/airflow/.local/lib/python3.7/site-packages/airflow/example_dags/example_dynamic_task_mapping.py
[2025-02-01T02:42:25.166+0000] {logging_mixin.py:137} INFO - [2025-02-01T02:42:25.164+0000] {dag.py:2690} INFO - Sync 1 DAGs
[2025-02-01T02:42:25.250+0000] {logging_mixin.py:137} INFO - [2025-02-01T02:42:25.249+0000] {dag.py:3441} INFO - Setting next_dagrun for example_dynamic_task_mapping to 2022-03-04T00:00:00+00:00, run_after=2022-03-05T00:00:00+00:00
[2025-02-01T02:42:25.295+0000] {processor.py:175} INFO - Processing /home/airflow/.local/lib/python3.7/site-packages/airflow/example_dags/example_dynamic_task_mapping.py took 0.290 seconds
[2025-02-01T02:42:55.953+0000] {processor.py:153} INFO - Started process (PID=354) to work on /home/airflow/.local/lib/python3.7/site-packages/airflow/example_dags/example_dynamic_task_mapping.py
[2025-02-01T02:42:55.959+0000] {processor.py:743} INFO - Processing file /home/airflow/.local/lib/python3.7/site-packages/airflow/example_dags/example_dynamic_task_mapping.py for tasks to queue
[2025-02-01T02:42:55.965+0000] {logging_mixin.py:137} INFO - [2025-02-01T02:42:55.965+0000] {dagbag.py:538} INFO - Filling up the DagBag from /home/airflow/.local/lib/python3.7/site-packages/airflow/example_dags/example_dynamic_task_mapping.py
[2025-02-01T02:42:56.099+0000] {processor.py:753} INFO - DAG(s) dict_keys(['example_dynamic_task_mapping']) retrieved from /home/airflow/.local/lib/python3.7/site-packages/airflow/example_dags/example_dynamic_task_mapping.py
[2025-02-01T02:42:56.169+0000] {logging_mixin.py:137} INFO - [2025-02-01T02:42:56.168+0000] {dag.py:2690} INFO - Sync 1 DAGs
[2025-02-01T02:42:56.233+0000] {logging_mixin.py:137} INFO - [2025-02-01T02:42:56.233+0000] {dag.py:3441} INFO - Setting next_dagrun for example_dynamic_task_mapping to 2022-03-04T00:00:00+00:00, run_after=2022-03-05T00:00:00+00:00
[2025-02-01T02:42:56.293+0000] {processor.py:175} INFO - Processing /home/airflow/.local/lib/python3.7/site-packages/airflow/example_dags/example_dynamic_task_mapping.py took 0.365 seconds
[2025-02-01T02:43:27.225+0000] {processor.py:153} INFO - Started process (PID=410) to work on /home/airflow/.local/lib/python3.7/site-packages/airflow/example_dags/example_dynamic_task_mapping.py
[2025-02-01T02:43:27.228+0000] {processor.py:743} INFO - Processing file /home/airflow/.local/lib/python3.7/site-packages/airflow/example_dags/example_dynamic_task_mapping.py for tasks to queue
[2025-02-01T02:43:27.232+0000] {logging_mixin.py:137} INFO - [2025-02-01T02:43:27.230+0000] {dagbag.py:538} INFO - Filling up the DagBag from /home/airflow/.local/lib/python3.7/site-packages/airflow/example_dags/example_dynamic_task_mapping.py
[2025-02-01T02:43:27.357+0000] {processor.py:753} INFO - DAG(s) dict_keys(['example_dynamic_task_mapping']) retrieved from /home/airflow/.local/lib/python3.7/site-packages/airflow/example_dags/example_dynamic_task_mapping.py
[2025-02-01T02:43:27.466+0000] {logging_mixin.py:137} INFO - [2025-02-01T02:43:27.465+0000] {dag.py:2690} INFO - Sync 1 DAGs
[2025-02-01T02:43:27.564+0000] {logging_mixin.py:137} INFO - [2025-02-01T02:43:27.563+0000] {dag.py:3441} INFO - Setting next_dagrun for example_dynamic_task_mapping to 2022-03-04T00:00:00+00:00, run_after=2022-03-05T00:00:00+00:00
[2025-02-01T02:43:27.622+0000] {processor.py:175} INFO - Processing /home/airflow/.local/lib/python3.7/site-packages/airflow/example_dags/example_dynamic_task_mapping.py took 0.411 seconds
[2025-02-01T02:43:58.351+0000] {processor.py:153} INFO - Started process (PID=461) to work on /home/airflow/.local/lib/python3.7/site-packages/airflow/example_dags/example_dynamic_task_mapping.py
[2025-02-01T02:43:58.355+0000] {processor.py:743} INFO - Processing file /home/airflow/.local/lib/python3.7/site-packages/airflow/example_dags/example_dynamic_task_mapping.py for tasks to queue
[2025-02-01T02:43:58.357+0000] {logging_mixin.py:137} INFO - [2025-02-01T02:43:58.357+0000] {dagbag.py:538} INFO - Filling up the DagBag from /home/airflow/.local/lib/python3.7/site-packages/airflow/example_dags/example_dynamic_task_mapping.py
[2025-02-01T02:43:58.418+0000] {processor.py:753} INFO - DAG(s) dict_keys(['example_dynamic_task_mapping']) retrieved from /home/airflow/.local/lib/python3.7/site-packages/airflow/example_dags/example_dynamic_task_mapping.py
[2025-02-01T02:43:58.473+0000] {logging_mixin.py:137} INFO - [2025-02-01T02:43:58.473+0000] {dag.py:2690} INFO - Sync 1 DAGs
[2025-02-01T02:43:58.546+0000] {logging_mixin.py:137} INFO - [2025-02-01T02:43:58.546+0000] {dag.py:3441} INFO - Setting next_dagrun for example_dynamic_task_mapping to 2022-03-04T00:00:00+00:00, run_after=2022-03-05T00:00:00+00:00
[2025-02-01T02:43:58.590+0000] {processor.py:175} INFO - Processing /home/airflow/.local/lib/python3.7/site-packages/airflow/example_dags/example_dynamic_task_mapping.py took 0.246 seconds
[2025-02-01T02:44:29.351+0000] {processor.py:153} INFO - Started process (PID=519) to work on /home/airflow/.local/lib/python3.7/site-packages/airflow/example_dags/example_dynamic_task_mapping.py
[2025-02-01T02:44:29.357+0000] {processor.py:743} INFO - Processing file /home/airflow/.local/lib/python3.7/site-packages/airflow/example_dags/example_dynamic_task_mapping.py for tasks to queue
[2025-02-01T02:44:29.359+0000] {logging_mixin.py:137} INFO - [2025-02-01T02:44:29.358+0000] {dagbag.py:538} INFO - Filling up the DagBag from /home/airflow/.local/lib/python3.7/site-packages/airflow/example_dags/example_dynamic_task_mapping.py
[2025-02-01T02:44:29.558+0000] {processor.py:753} INFO - DAG(s) dict_keys(['example_dynamic_task_mapping']) retrieved from /home/airflow/.local/lib/python3.7/site-packages/airflow/example_dags/example_dynamic_task_mapping.py
[2025-02-01T02:44:29.748+0000] {logging_mixin.py:137} INFO - [2025-02-01T02:44:29.747+0000] {dag.py:2690} INFO - Sync 1 DAGs
[2025-02-01T02:44:29.962+0000] {logging_mixin.py:137} INFO - [2025-02-01T02:44:29.962+0000] {dag.py:3441} INFO - Setting next_dagrun for example_dynamic_task_mapping to 2022-03-04T00:00:00+00:00, run_after=2022-03-05T00:00:00+00:00
[2025-02-01T02:44:30.040+0000] {processor.py:175} INFO - Processing /home/airflow/.local/lib/python3.7/site-packages/airflow/example_dags/example_dynamic_task_mapping.py took 0.716 seconds
[2025-02-01T02:45:00.305+0000] {processor.py:153} INFO - Started process (PID=568) to work on /home/airflow/.local/lib/python3.7/site-packages/airflow/example_dags/example_dynamic_task_mapping.py
[2025-02-01T02:45:00.315+0000] {processor.py:743} INFO - Processing file /home/airflow/.local/lib/python3.7/site-packages/airflow/example_dags/example_dynamic_task_mapping.py for tasks to queue
[2025-02-01T02:45:00.318+0000] {logging_mixin.py:137} INFO - [2025-02-01T02:45:00.318+0000] {dagbag.py:538} INFO - Filling up the DagBag from /home/airflow/.local/lib/python3.7/site-packages/airflow/example_dags/example_dynamic_task_mapping.py
[2025-02-01T02:45:00.379+0000] {processor.py:753} INFO - DAG(s) dict_keys(['example_dynamic_task_mapping']) retrieved from /home/airflow/.local/lib/python3.7/site-packages/airflow/example_dags/example_dynamic_task_mapping.py
[2025-02-01T02:45:00.489+0000] {logging_mixin.py:137} INFO - [2025-02-01T02:45:00.488+0000] {dag.py:2690} INFO - Sync 1 DAGs
[2025-02-01T02:45:00.628+0000] {logging_mixin.py:137} INFO - [2025-02-01T02:45:00.628+0000] {dag.py:3441} INFO - Setting next_dagrun for example_dynamic_task_mapping to 2022-03-04T00:00:00+00:00, run_after=2022-03-05T00:00:00+00:00
[2025-02-01T02:45:00.746+0000] {processor.py:175} INFO - Processing /home/airflow/.local/lib/python3.7/site-packages/airflow/example_dags/example_dynamic_task_mapping.py took 0.456 seconds
[2025-02-01T02:45:30.916+0000] {processor.py:153} INFO - Started process (PID=627) to work on /home/airflow/.local/lib/python3.7/site-packages/airflow/example_dags/example_dynamic_task_mapping.py
[2025-02-01T02:45:30.921+0000] {processor.py:743} INFO - Processing file /home/airflow/.local/lib/python3.7/site-packages/airflow/example_dags/example_dynamic_task_mapping.py for tasks to queue
[2025-02-01T02:45:30.925+0000] {logging_mixin.py:137} INFO - [2025-02-01T02:45:30.925+0000] {dagbag.py:538} INFO - Filling up the DagBag from /home/airflow/.local/lib/python3.7/site-packages/airflow/example_dags/example_dynamic_task_mapping.py
[2025-02-01T02:45:30.992+0000] {processor.py:753} INFO - DAG(s) dict_keys(['example_dynamic_task_mapping']) retrieved from /home/airflow/.local/lib/python3.7/site-packages/airflow/example_dags/example_dynamic_task_mapping.py
[2025-02-01T02:45:31.048+0000] {logging_mixin.py:137} INFO - [2025-02-01T02:45:31.048+0000] {dag.py:2690} INFO - Sync 1 DAGs
[2025-02-01T02:45:31.168+0000] {logging_mixin.py:137} INFO - [2025-02-01T02:45:31.168+0000] {dag.py:3441} INFO - Setting next_dagrun for example_dynamic_task_mapping to 2022-03-04T00:00:00+00:00, run_after=2022-03-05T00:00:00+00:00
[2025-02-01T02:45:31.293+0000] {processor.py:175} INFO - Processing /home/airflow/.local/lib/python3.7/site-packages/airflow/example_dags/example_dynamic_task_mapping.py took 0.396 seconds
[2025-02-01T02:46:02.179+0000] {processor.py:153} INFO - Started process (PID=686) to work on /home/airflow/.local/lib/python3.7/site-packages/airflow/example_dags/example_dynamic_task_mapping.py
[2025-02-01T02:46:02.182+0000] {processor.py:743} INFO - Processing file /home/airflow/.local/lib/python3.7/site-packages/airflow/example_dags/example_dynamic_task_mapping.py for tasks to queue
[2025-02-01T02:46:02.185+0000] {logging_mixin.py:137} INFO - [2025-02-01T02:46:02.183+0000] {dagbag.py:538} INFO - Filling up the DagBag from /home/airflow/.local/lib/python3.7/site-packages/airflow/example_dags/example_dynamic_task_mapping.py
[2025-02-01T02:46:02.277+0000] {processor.py:753} INFO - DAG(s) dict_keys(['example_dynamic_task_mapping']) retrieved from /home/airflow/.local/lib/python3.7/site-packages/airflow/example_dags/example_dynamic_task_mapping.py
[2025-02-01T02:46:02.381+0000] {logging_mixin.py:137} INFO - [2025-02-01T02:46:02.380+0000] {dag.py:2690} INFO - Sync 1 DAGs
[2025-02-01T02:46:02.565+0000] {logging_mixin.py:137} INFO - [2025-02-01T02:46:02.565+0000] {dag.py:3441} INFO - Setting next_dagrun for example_dynamic_task_mapping to 2022-03-04T00:00:00+00:00, run_after=2022-03-05T00:00:00+00:00
[2025-02-01T02:46:02.667+0000] {processor.py:175} INFO - Processing /home/airflow/.local/lib/python3.7/site-packages/airflow/example_dags/example_dynamic_task_mapping.py took 0.501 seconds
[2025-02-01T02:46:33.230+0000] {processor.py:153} INFO - Started process (PID=743) to work on /home/airflow/.local/lib/python3.7/site-packages/airflow/example_dags/example_dynamic_task_mapping.py
[2025-02-01T02:46:33.232+0000] {processor.py:743} INFO - Processing file /home/airflow/.local/lib/python3.7/site-packages/airflow/example_dags/example_dynamic_task_mapping.py for tasks to queue
[2025-02-01T02:46:33.234+0000] {logging_mixin.py:137} INFO - [2025-02-01T02:46:33.233+0000] {dagbag.py:538} INFO - Filling up the DagBag from /home/airflow/.local/lib/python3.7/site-packages/airflow/example_dags/example_dynamic_task_mapping.py
[2025-02-01T02:46:33.290+0000] {processor.py:753} INFO - DAG(s) dict_keys(['example_dynamic_task_mapping']) retrieved from /home/airflow/.local/lib/python3.7/site-packages/airflow/example_dags/example_dynamic_task_mapping.py
[2025-02-01T02:46:33.348+0000] {logging_mixin.py:137} INFO - [2025-02-01T02:46:33.348+0000] {dag.py:2690} INFO - Sync 1 DAGs
[2025-02-01T02:46:33.411+0000] {logging_mixin.py:137} INFO - [2025-02-01T02:46:33.411+0000] {dag.py:3441} INFO - Setting next_dagrun for example_dynamic_task_mapping to 2022-03-04T00:00:00+00:00, run_after=2022-03-05T00:00:00+00:00
[2025-02-01T02:46:33.461+0000] {processor.py:175} INFO - Processing /home/airflow/.local/lib/python3.7/site-packages/airflow/example_dags/example_dynamic_task_mapping.py took 0.240 seconds
[2025-02-01T02:47:04.240+0000] {processor.py:153} INFO - Started process (PID=803) to work on /home/airflow/.local/lib/python3.7/site-packages/airflow/example_dags/example_dynamic_task_mapping.py
[2025-02-01T02:47:04.242+0000] {processor.py:743} INFO - Processing file /home/airflow/.local/lib/python3.7/site-packages/airflow/example_dags/example_dynamic_task_mapping.py for tasks to queue
[2025-02-01T02:47:04.246+0000] {logging_mixin.py:137} INFO - [2025-02-01T02:47:04.245+0000] {dagbag.py:538} INFO - Filling up the DagBag from /home/airflow/.local/lib/python3.7/site-packages/airflow/example_dags/example_dynamic_task_mapping.py
[2025-02-01T02:47:04.394+0000] {processor.py:753} INFO - DAG(s) dict_keys(['example_dynamic_task_mapping']) retrieved from /home/airflow/.local/lib/python3.7/site-packages/airflow/example_dags/example_dynamic_task_mapping.py
[2025-02-01T02:47:04.518+0000] {logging_mixin.py:137} INFO - [2025-02-01T02:47:04.517+0000] {dag.py:2690} INFO - Sync 1 DAGs
[2025-02-01T02:47:04.638+0000] {logging_mixin.py:137} INFO - [2025-02-01T02:47:04.637+0000] {dag.py:3441} INFO - Setting next_dagrun for example_dynamic_task_mapping to 2022-03-04T00:00:00+00:00, run_after=2022-03-05T00:00:00+00:00
[2025-02-01T02:47:04.701+0000] {processor.py:175} INFO - Processing /home/airflow/.local/lib/python3.7/site-packages/airflow/example_dags/example_dynamic_task_mapping.py took 0.486 seconds
[2025-02-01T02:47:35.024+0000] {processor.py:153} INFO - Started process (PID=861) to work on /home/airflow/.local/lib/python3.7/site-packages/airflow/example_dags/example_dynamic_task_mapping.py
[2025-02-01T02:47:35.027+0000] {processor.py:743} INFO - Processing file /home/airflow/.local/lib/python3.7/site-packages/airflow/example_dags/example_dynamic_task_mapping.py for tasks to queue
[2025-02-01T02:47:35.032+0000] {logging_mixin.py:137} INFO - [2025-02-01T02:47:35.030+0000] {dagbag.py:538} INFO - Filling up the DagBag from /home/airflow/.local/lib/python3.7/site-packages/airflow/example_dags/example_dynamic_task_mapping.py
[2025-02-01T02:47:35.144+0000] {processor.py:753} INFO - DAG(s) dict_keys(['example_dynamic_task_mapping']) retrieved from /home/airflow/.local/lib/python3.7/site-packages/airflow/example_dags/example_dynamic_task_mapping.py
[2025-02-01T02:47:35.253+0000] {logging_mixin.py:137} INFO - [2025-02-01T02:47:35.252+0000] {dag.py:2690} INFO - Sync 1 DAGs
[2025-02-01T02:47:35.384+0000] {logging_mixin.py:137} INFO - [2025-02-01T02:47:35.383+0000] {dag.py:3441} INFO - Setting next_dagrun for example_dynamic_task_mapping to 2022-03-04T00:00:00+00:00, run_after=2022-03-05T00:00:00+00:00
[2025-02-01T02:47:35.432+0000] {processor.py:175} INFO - Processing /home/airflow/.local/lib/python3.7/site-packages/airflow/example_dags/example_dynamic_task_mapping.py took 0.424 seconds
[2025-02-01T02:48:05.766+0000] {processor.py:153} INFO - Started process (PID=912) to work on /home/airflow/.local/lib/python3.7/site-packages/airflow/example_dags/example_dynamic_task_mapping.py
[2025-02-01T02:48:05.767+0000] {processor.py:743} INFO - Processing file /home/airflow/.local/lib/python3.7/site-packages/airflow/example_dags/example_dynamic_task_mapping.py for tasks to queue
[2025-02-01T02:48:05.769+0000] {logging_mixin.py:137} INFO - [2025-02-01T02:48:05.768+0000] {dagbag.py:538} INFO - Filling up the DagBag from /home/airflow/.local/lib/python3.7/site-packages/airflow/example_dags/example_dynamic_task_mapping.py
[2025-02-01T02:48:05.837+0000] {processor.py:753} INFO - DAG(s) dict_keys(['example_dynamic_task_mapping']) retrieved from /home/airflow/.local/lib/python3.7/site-packages/airflow/example_dags/example_dynamic_task_mapping.py
[2025-02-01T02:48:05.893+0000] {logging_mixin.py:137} INFO - [2025-02-01T02:48:05.893+0000] {dag.py:2690} INFO - Sync 1 DAGs
[2025-02-01T02:48:05.957+0000] {logging_mixin.py:137} INFO - [2025-02-01T02:48:05.956+0000] {dag.py:3441} INFO - Setting next_dagrun for example_dynamic_task_mapping to 2022-03-04T00:00:00+00:00, run_after=2022-03-05T00:00:00+00:00
[2025-02-01T02:48:06.000+0000] {processor.py:175} INFO - Processing /home/airflow/.local/lib/python3.7/site-packages/airflow/example_dags/example_dynamic_task_mapping.py took 0.241 seconds
[2025-02-01T02:48:36.108+0000] {processor.py:153} INFO - Started process (PID=971) to work on /home/airflow/.local/lib/python3.7/site-packages/airflow/example_dags/example_dynamic_task_mapping.py
[2025-02-01T02:48:36.110+0000] {processor.py:743} INFO - Processing file /home/airflow/.local/lib/python3.7/site-packages/airflow/example_dags/example_dynamic_task_mapping.py for tasks to queue
[2025-02-01T02:48:36.112+0000] {logging_mixin.py:137} INFO - [2025-02-01T02:48:36.111+0000] {dagbag.py:538} INFO - Filling up the DagBag from /home/airflow/.local/lib/python3.7/site-packages/airflow/example_dags/example_dynamic_task_mapping.py
[2025-02-01T02:48:36.167+0000] {processor.py:753} INFO - DAG(s) dict_keys(['example_dynamic_task_mapping']) retrieved from /home/airflow/.local/lib/python3.7/site-packages/airflow/example_dags/example_dynamic_task_mapping.py
[2025-02-01T02:48:36.247+0000] {logging_mixin.py:137} INFO - [2025-02-01T02:48:36.247+0000] {dag.py:2690} INFO - Sync 1 DAGs
[2025-02-01T02:48:36.311+0000] {logging_mixin.py:137} INFO - [2025-02-01T02:48:36.311+0000] {dag.py:3441} INFO - Setting next_dagrun for example_dynamic_task_mapping to 2022-03-04T00:00:00+00:00, run_after=2022-03-05T00:00:00+00:00
[2025-02-01T02:48:36.358+0000] {processor.py:175} INFO - Processing /home/airflow/.local/lib/python3.7/site-packages/airflow/example_dags/example_dynamic_task_mapping.py took 0.258 seconds
[2025-02-01T02:49:06.439+0000] {processor.py:153} INFO - Started process (PID=1030) to work on /home/airflow/.local/lib/python3.7/site-packages/airflow/example_dags/example_dynamic_task_mapping.py
[2025-02-01T02:49:06.440+0000] {processor.py:743} INFO - Processing file /home/airflow/.local/lib/python3.7/site-packages/airflow/example_dags/example_dynamic_task_mapping.py for tasks to queue
[2025-02-01T02:49:06.441+0000] {logging_mixin.py:137} INFO - [2025-02-01T02:49:06.441+0000] {dagbag.py:538} INFO - Filling up the DagBag from /home/airflow/.local/lib/python3.7/site-packages/airflow/example_dags/example_dynamic_task_mapping.py
[2025-02-01T02:49:06.497+0000] {processor.py:753} INFO - DAG(s) dict_keys(['example_dynamic_task_mapping']) retrieved from /home/airflow/.local/lib/python3.7/site-packages/airflow/example_dags/example_dynamic_task_mapping.py
[2025-02-01T02:49:06.557+0000] {logging_mixin.py:137} INFO - [2025-02-01T02:49:06.557+0000] {dag.py:2690} INFO - Sync 1 DAGs
[2025-02-01T02:49:06.649+0000] {logging_mixin.py:137} INFO - [2025-02-01T02:49:06.648+0000] {dag.py:3441} INFO - Setting next_dagrun for example_dynamic_task_mapping to 2022-03-04T00:00:00+00:00, run_after=2022-03-05T00:00:00+00:00
[2025-02-01T02:49:06.714+0000] {processor.py:175} INFO - Processing /home/airflow/.local/lib/python3.7/site-packages/airflow/example_dags/example_dynamic_task_mapping.py took 0.282 seconds
[2025-02-01T02:49:37.341+0000] {processor.py:153} INFO - Started process (PID=1088) to work on /home/airflow/.local/lib/python3.7/site-packages/airflow/example_dags/example_dynamic_task_mapping.py
[2025-02-01T02:49:37.343+0000] {processor.py:743} INFO - Processing file /home/airflow/.local/lib/python3.7/site-packages/airflow/example_dags/example_dynamic_task_mapping.py for tasks to queue
[2025-02-01T02:49:37.347+0000] {logging_mixin.py:137} INFO - [2025-02-01T02:49:37.347+0000] {dagbag.py:538} INFO - Filling up the DagBag from /home/airflow/.local/lib/python3.7/site-packages/airflow/example_dags/example_dynamic_task_mapping.py
[2025-02-01T02:49:37.452+0000] {processor.py:753} INFO - DAG(s) dict_keys(['example_dynamic_task_mapping']) retrieved from /home/airflow/.local/lib/python3.7/site-packages/airflow/example_dags/example_dynamic_task_mapping.py
[2025-02-01T02:49:37.563+0000] {logging_mixin.py:137} INFO - [2025-02-01T02:49:37.562+0000] {dag.py:2690} INFO - Sync 1 DAGs
[2025-02-01T02:49:37.642+0000] {logging_mixin.py:137} INFO - [2025-02-01T02:49:37.642+0000] {dag.py:3441} INFO - Setting next_dagrun for example_dynamic_task_mapping to 2022-03-04T00:00:00+00:00, run_after=2022-03-05T00:00:00+00:00
[2025-02-01T02:49:37.694+0000] {processor.py:175} INFO - Processing /home/airflow/.local/lib/python3.7/site-packages/airflow/example_dags/example_dynamic_task_mapping.py took 0.360 seconds
[2025-02-01T02:50:08.215+0000] {processor.py:153} INFO - Started process (PID=1144) to work on /home/airflow/.local/lib/python3.7/site-packages/airflow/example_dags/example_dynamic_task_mapping.py
[2025-02-01T02:50:08.218+0000] {processor.py:743} INFO - Processing file /home/airflow/.local/lib/python3.7/site-packages/airflow/example_dags/example_dynamic_task_mapping.py for tasks to queue
[2025-02-01T02:50:08.222+0000] {logging_mixin.py:137} INFO - [2025-02-01T02:50:08.221+0000] {dagbag.py:538} INFO - Filling up the DagBag from /home/airflow/.local/lib/python3.7/site-packages/airflow/example_dags/example_dynamic_task_mapping.py
[2025-02-01T02:50:08.337+0000] {processor.py:753} INFO - DAG(s) dict_keys(['example_dynamic_task_mapping']) retrieved from /home/airflow/.local/lib/python3.7/site-packages/airflow/example_dags/example_dynamic_task_mapping.py
[2025-02-01T02:50:08.448+0000] {logging_mixin.py:137} INFO - [2025-02-01T02:50:08.447+0000] {dag.py:2690} INFO - Sync 1 DAGs
[2025-02-01T02:50:08.576+0000] {logging_mixin.py:137} INFO - [2025-02-01T02:50:08.576+0000] {dag.py:3441} INFO - Setting next_dagrun for example_dynamic_task_mapping to 2022-03-04T00:00:00+00:00, run_after=2022-03-05T00:00:00+00:00
[2025-02-01T02:50:08.659+0000] {processor.py:175} INFO - Processing /home/airflow/.local/lib/python3.7/site-packages/airflow/example_dags/example_dynamic_task_mapping.py took 0.458 seconds
[2025-02-01T02:50:38.878+0000] {processor.py:153} INFO - Started process (PID=1196) to work on /home/airflow/.local/lib/python3.7/site-packages/airflow/example_dags/example_dynamic_task_mapping.py
[2025-02-01T02:50:38.880+0000] {processor.py:743} INFO - Processing file /home/airflow/.local/lib/python3.7/site-packages/airflow/example_dags/example_dynamic_task_mapping.py for tasks to queue
[2025-02-01T02:50:38.881+0000] {logging_mixin.py:137} INFO - [2025-02-01T02:50:38.881+0000] {dagbag.py:538} INFO - Filling up the DagBag from /home/airflow/.local/lib/python3.7/site-packages/airflow/example_dags/example_dynamic_task_mapping.py
[2025-02-01T02:50:38.934+0000] {processor.py:753} INFO - DAG(s) dict_keys(['example_dynamic_task_mapping']) retrieved from /home/airflow/.local/lib/python3.7/site-packages/airflow/example_dags/example_dynamic_task_mapping.py
[2025-02-01T02:50:38.989+0000] {logging_mixin.py:137} INFO - [2025-02-01T02:50:38.989+0000] {dag.py:2690} INFO - Sync 1 DAGs
[2025-02-01T02:50:39.055+0000] {logging_mixin.py:137} INFO - [2025-02-01T02:50:39.055+0000] {dag.py:3441} INFO - Setting next_dagrun for example_dynamic_task_mapping to 2022-03-04T00:00:00+00:00, run_after=2022-03-05T00:00:00+00:00
[2025-02-01T02:50:39.106+0000] {processor.py:175} INFO - Processing /home/airflow/.local/lib/python3.7/site-packages/airflow/example_dags/example_dynamic_task_mapping.py took 0.236 seconds
[2025-02-01T02:51:10.945+0000] {processor.py:153} INFO - Started process (PID=1254) to work on /home/airflow/.local/lib/python3.7/site-packages/airflow/example_dags/example_dynamic_task_mapping.py
[2025-02-01T02:51:10.948+0000] {processor.py:743} INFO - Processing file /home/airflow/.local/lib/python3.7/site-packages/airflow/example_dags/example_dynamic_task_mapping.py for tasks to queue
[2025-02-01T02:51:10.949+0000] {logging_mixin.py:137} INFO - [2025-02-01T02:51:10.949+0000] {dagbag.py:538} INFO - Filling up the DagBag from /home/airflow/.local/lib/python3.7/site-packages/airflow/example_dags/example_dynamic_task_mapping.py
[2025-02-01T02:51:11.050+0000] {processor.py:753} INFO - DAG(s) dict_keys(['example_dynamic_task_mapping']) retrieved from /home/airflow/.local/lib/python3.7/site-packages/airflow/example_dags/example_dynamic_task_mapping.py
[2025-02-01T02:51:11.105+0000] {logging_mixin.py:137} INFO - [2025-02-01T02:51:11.105+0000] {dag.py:2690} INFO - Sync 1 DAGs
[2025-02-01T02:51:11.171+0000] {logging_mixin.py:137} INFO - [2025-02-01T02:51:11.170+0000] {dag.py:3441} INFO - Setting next_dagrun for example_dynamic_task_mapping to 2022-03-04T00:00:00+00:00, run_after=2022-03-05T00:00:00+00:00
[2025-02-01T02:51:11.239+0000] {processor.py:175} INFO - Processing /home/airflow/.local/lib/python3.7/site-packages/airflow/example_dags/example_dynamic_task_mapping.py took 0.308 seconds
[2025-02-01T02:51:41.488+0000] {processor.py:153} INFO - Started process (PID=1303) to work on /home/airflow/.local/lib/python3.7/site-packages/airflow/example_dags/example_dynamic_task_mapping.py
[2025-02-01T02:51:41.490+0000] {processor.py:743} INFO - Processing file /home/airflow/.local/lib/python3.7/site-packages/airflow/example_dags/example_dynamic_task_mapping.py for tasks to queue
[2025-02-01T02:51:41.493+0000] {logging_mixin.py:137} INFO - [2025-02-01T02:51:41.493+0000] {dagbag.py:538} INFO - Filling up the DagBag from /home/airflow/.local/lib/python3.7/site-packages/airflow/example_dags/example_dynamic_task_mapping.py
[2025-02-01T02:51:41.609+0000] {processor.py:753} INFO - DAG(s) dict_keys(['example_dynamic_task_mapping']) retrieved from /home/airflow/.local/lib/python3.7/site-packages/airflow/example_dags/example_dynamic_task_mapping.py
[2025-02-01T02:51:41.735+0000] {logging_mixin.py:137} INFO - [2025-02-01T02:51:41.735+0000] {dag.py:2690} INFO - Sync 1 DAGs
[2025-02-01T02:51:41.928+0000] {logging_mixin.py:137} INFO - [2025-02-01T02:51:41.927+0000] {dag.py:3441} INFO - Setting next_dagrun for example_dynamic_task_mapping to 2022-03-04T00:00:00+00:00, run_after=2022-03-05T00:00:00+00:00
[2025-02-01T02:51:42.028+0000] {processor.py:175} INFO - Processing /home/airflow/.local/lib/python3.7/site-packages/airflow/example_dags/example_dynamic_task_mapping.py took 0.555 seconds
[2025-02-01T02:52:12.754+0000] {processor.py:153} INFO - Started process (PID=1361) to work on /home/airflow/.local/lib/python3.7/site-packages/airflow/example_dags/example_dynamic_task_mapping.py
[2025-02-01T02:52:12.756+0000] {processor.py:743} INFO - Processing file /home/airflow/.local/lib/python3.7/site-packages/airflow/example_dags/example_dynamic_task_mapping.py for tasks to queue
[2025-02-01T02:52:12.757+0000] {logging_mixin.py:137} INFO - [2025-02-01T02:52:12.757+0000] {dagbag.py:538} INFO - Filling up the DagBag from /home/airflow/.local/lib/python3.7/site-packages/airflow/example_dags/example_dynamic_task_mapping.py
[2025-02-01T02:52:12.820+0000] {processor.py:753} INFO - DAG(s) dict_keys(['example_dynamic_task_mapping']) retrieved from /home/airflow/.local/lib/python3.7/site-packages/airflow/example_dags/example_dynamic_task_mapping.py
[2025-02-01T02:52:12.929+0000] {logging_mixin.py:137} INFO - [2025-02-01T02:52:12.928+0000] {dag.py:2690} INFO - Sync 1 DAGs
[2025-02-01T02:52:13.065+0000] {logging_mixin.py:137} INFO - [2025-02-01T02:52:13.065+0000] {dag.py:3441} INFO - Setting next_dagrun for example_dynamic_task_mapping to 2022-03-04T00:00:00+00:00, run_after=2022-03-05T00:00:00+00:00
[2025-02-01T02:52:13.200+0000] {processor.py:175} INFO - Processing /home/airflow/.local/lib/python3.7/site-packages/airflow/example_dags/example_dynamic_task_mapping.py took 0.454 seconds
[2025-02-01T02:52:44.655+0000] {processor.py:153} INFO - Started process (PID=1420) to work on /home/airflow/.local/lib/python3.7/site-packages/airflow/example_dags/example_dynamic_task_mapping.py
[2025-02-01T02:52:44.656+0000] {processor.py:743} INFO - Processing file /home/airflow/.local/lib/python3.7/site-packages/airflow/example_dags/example_dynamic_task_mapping.py for tasks to queue
[2025-02-01T02:52:44.660+0000] {logging_mixin.py:137} INFO - [2025-02-01T02:52:44.659+0000] {dagbag.py:538} INFO - Filling up the DagBag from /home/airflow/.local/lib/python3.7/site-packages/airflow/example_dags/example_dynamic_task_mapping.py
[2025-02-01T02:52:44.841+0000] {processor.py:753} INFO - DAG(s) dict_keys(['example_dynamic_task_mapping']) retrieved from /home/airflow/.local/lib/python3.7/site-packages/airflow/example_dags/example_dynamic_task_mapping.py
[2025-02-01T02:52:45.011+0000] {logging_mixin.py:137} INFO - [2025-02-01T02:52:45.010+0000] {dag.py:2690} INFO - Sync 1 DAGs
[2025-02-01T02:52:45.224+0000] {logging_mixin.py:137} INFO - [2025-02-01T02:52:45.224+0000] {dag.py:3441} INFO - Setting next_dagrun for example_dynamic_task_mapping to 2022-03-04T00:00:00+00:00, run_after=2022-03-05T00:00:00+00:00
[2025-02-01T02:52:45.358+0000] {processor.py:175} INFO - Processing /home/airflow/.local/lib/python3.7/site-packages/airflow/example_dags/example_dynamic_task_mapping.py took 0.723 seconds
[2025-02-01T02:53:15.817+0000] {processor.py:153} INFO - Started process (PID=1479) to work on /home/airflow/.local/lib/python3.7/site-packages/airflow/example_dags/example_dynamic_task_mapping.py
[2025-02-01T02:53:15.828+0000] {processor.py:743} INFO - Processing file /home/airflow/.local/lib/python3.7/site-packages/airflow/example_dags/example_dynamic_task_mapping.py for tasks to queue
[2025-02-01T02:53:15.835+0000] {logging_mixin.py:137} INFO - [2025-02-01T02:53:15.830+0000] {dagbag.py:538} INFO - Filling up the DagBag from /home/airflow/.local/lib/python3.7/site-packages/airflow/example_dags/example_dynamic_task_mapping.py
[2025-02-01T02:53:16.092+0000] {processor.py:753} INFO - DAG(s) dict_keys(['example_dynamic_task_mapping']) retrieved from /home/airflow/.local/lib/python3.7/site-packages/airflow/example_dags/example_dynamic_task_mapping.py
[2025-02-01T02:53:16.203+0000] {logging_mixin.py:137} INFO - [2025-02-01T02:53:16.203+0000] {dag.py:2690} INFO - Sync 1 DAGs
[2025-02-01T02:53:16.408+0000] {logging_mixin.py:137} INFO - [2025-02-01T02:53:16.408+0000] {dag.py:3441} INFO - Setting next_dagrun for example_dynamic_task_mapping to 2022-03-04T00:00:00+00:00, run_after=2022-03-05T00:00:00+00:00
[2025-02-01T02:53:16.566+0000] {processor.py:175} INFO - Processing /home/airflow/.local/lib/python3.7/site-packages/airflow/example_dags/example_dynamic_task_mapping.py took 0.795 seconds
[2025-02-01T02:53:46.789+0000] {processor.py:153} INFO - Started process (PID=1538) to work on /home/airflow/.local/lib/python3.7/site-packages/airflow/example_dags/example_dynamic_task_mapping.py
[2025-02-01T02:53:46.791+0000] {processor.py:743} INFO - Processing file /home/airflow/.local/lib/python3.7/site-packages/airflow/example_dags/example_dynamic_task_mapping.py for tasks to queue
[2025-02-01T02:53:46.792+0000] {logging_mixin.py:137} INFO - [2025-02-01T02:53:46.792+0000] {dagbag.py:538} INFO - Filling up the DagBag from /home/airflow/.local/lib/python3.7/site-packages/airflow/example_dags/example_dynamic_task_mapping.py
[2025-02-01T02:53:46.844+0000] {processor.py:753} INFO - DAG(s) dict_keys(['example_dynamic_task_mapping']) retrieved from /home/airflow/.local/lib/python3.7/site-packages/airflow/example_dags/example_dynamic_task_mapping.py
[2025-02-01T02:53:46.902+0000] {logging_mixin.py:137} INFO - [2025-02-01T02:53:46.902+0000] {dag.py:2690} INFO - Sync 1 DAGs
[2025-02-01T02:53:46.969+0000] {logging_mixin.py:137} INFO - [2025-02-01T02:53:46.969+0000] {dag.py:3441} INFO - Setting next_dagrun for example_dynamic_task_mapping to 2022-03-04T00:00:00+00:00, run_after=2022-03-05T00:00:00+00:00
[2025-02-01T02:53:47.020+0000] {processor.py:175} INFO - Processing /home/airflow/.local/lib/python3.7/site-packages/airflow/example_dags/example_dynamic_task_mapping.py took 0.239 seconds
[2025-02-01T02:54:17.460+0000] {processor.py:153} INFO - Started process (PID=1596) to work on /home/airflow/.local/lib/python3.7/site-packages/airflow/example_dags/example_dynamic_task_mapping.py
[2025-02-01T02:54:17.465+0000] {processor.py:743} INFO - Processing file /home/airflow/.local/lib/python3.7/site-packages/airflow/example_dags/example_dynamic_task_mapping.py for tasks to queue
[2025-02-01T02:54:17.469+0000] {logging_mixin.py:137} INFO - [2025-02-01T02:54:17.468+0000] {dagbag.py:538} INFO - Filling up the DagBag from /home/airflow/.local/lib/python3.7/site-packages/airflow/example_dags/example_dynamic_task_mapping.py
[2025-02-01T02:54:17.570+0000] {processor.py:753} INFO - DAG(s) dict_keys(['example_dynamic_task_mapping']) retrieved from /home/airflow/.local/lib/python3.7/site-packages/airflow/example_dags/example_dynamic_task_mapping.py
[2025-02-01T02:54:17.652+0000] {logging_mixin.py:137} INFO - [2025-02-01T02:54:17.651+0000] {dag.py:2690} INFO - Sync 1 DAGs
[2025-02-01T02:54:17.718+0000] {logging_mixin.py:137} INFO - [2025-02-01T02:54:17.718+0000] {dag.py:3441} INFO - Setting next_dagrun for example_dynamic_task_mapping to 2022-03-04T00:00:00+00:00, run_after=2022-03-05T00:00:00+00:00
[2025-02-01T02:54:17.768+0000] {processor.py:175} INFO - Processing /home/airflow/.local/lib/python3.7/site-packages/airflow/example_dags/example_dynamic_task_mapping.py took 0.323 seconds
[2025-02-01T02:54:48.358+0000] {processor.py:153} INFO - Started process (PID=1655) to work on /home/airflow/.local/lib/python3.7/site-packages/airflow/example_dags/example_dynamic_task_mapping.py
[2025-02-01T02:54:48.364+0000] {processor.py:743} INFO - Processing file /home/airflow/.local/lib/python3.7/site-packages/airflow/example_dags/example_dynamic_task_mapping.py for tasks to queue
[2025-02-01T02:54:48.365+0000] {logging_mixin.py:137} INFO - [2025-02-01T02:54:48.365+0000] {dagbag.py:538} INFO - Filling up the DagBag from /home/airflow/.local/lib/python3.7/site-packages/airflow/example_dags/example_dynamic_task_mapping.py
[2025-02-01T02:54:48.538+0000] {processor.py:753} INFO - DAG(s) dict_keys(['example_dynamic_task_mapping']) retrieved from /home/airflow/.local/lib/python3.7/site-packages/airflow/example_dags/example_dynamic_task_mapping.py
[2025-02-01T02:54:48.686+0000] {logging_mixin.py:137} INFO - [2025-02-01T02:54:48.686+0000] {dag.py:2690} INFO - Sync 1 DAGs
[2025-02-01T02:54:48.863+0000] {logging_mixin.py:137} INFO - [2025-02-01T02:54:48.862+0000] {dag.py:3441} INFO - Setting next_dagrun for example_dynamic_task_mapping to 2022-03-04T00:00:00+00:00, run_after=2022-03-05T00:00:00+00:00
[2025-02-01T02:54:49.036+0000] {processor.py:175} INFO - Processing /home/airflow/.local/lib/python3.7/site-packages/airflow/example_dags/example_dynamic_task_mapping.py took 0.701 seconds
[2025-02-01T02:55:19.523+0000] {processor.py:153} INFO - Started process (PID=1705) to work on /home/airflow/.local/lib/python3.7/site-packages/airflow/example_dags/example_dynamic_task_mapping.py
[2025-02-01T02:55:19.527+0000] {processor.py:743} INFO - Processing file /home/airflow/.local/lib/python3.7/site-packages/airflow/example_dags/example_dynamic_task_mapping.py for tasks to queue
[2025-02-01T02:55:19.528+0000] {logging_mixin.py:137} INFO - [2025-02-01T02:55:19.528+0000] {dagbag.py:538} INFO - Filling up the DagBag from /home/airflow/.local/lib/python3.7/site-packages/airflow/example_dags/example_dynamic_task_mapping.py
[2025-02-01T02:55:19.664+0000] {processor.py:753} INFO - DAG(s) dict_keys(['example_dynamic_task_mapping']) retrieved from /home/airflow/.local/lib/python3.7/site-packages/airflow/example_dags/example_dynamic_task_mapping.py
[2025-02-01T02:55:19.774+0000] {logging_mixin.py:137} INFO - [2025-02-01T02:55:19.774+0000] {dag.py:2690} INFO - Sync 1 DAGs
[2025-02-01T02:55:19.866+0000] {logging_mixin.py:137} INFO - [2025-02-01T02:55:19.866+0000] {dag.py:3441} INFO - Setting next_dagrun for example_dynamic_task_mapping to 2022-03-04T00:00:00+00:00, run_after=2022-03-05T00:00:00+00:00
[2025-02-01T02:55:19.981+0000] {processor.py:175} INFO - Processing /home/airflow/.local/lib/python3.7/site-packages/airflow/example_dags/example_dynamic_task_mapping.py took 0.470 seconds
[2025-02-01T02:55:50.354+0000] {processor.py:153} INFO - Started process (PID=1764) to work on /home/airflow/.local/lib/python3.7/site-packages/airflow/example_dags/example_dynamic_task_mapping.py
[2025-02-01T02:55:50.358+0000] {processor.py:743} INFO - Processing file /home/airflow/.local/lib/python3.7/site-packages/airflow/example_dags/example_dynamic_task_mapping.py for tasks to queue
[2025-02-01T02:55:50.361+0000] {logging_mixin.py:137} INFO - [2025-02-01T02:55:50.360+0000] {dagbag.py:538} INFO - Filling up the DagBag from /home/airflow/.local/lib/python3.7/site-packages/airflow/example_dags/example_dynamic_task_mapping.py
[2025-02-01T02:55:50.475+0000] {processor.py:753} INFO - DAG(s) dict_keys(['example_dynamic_task_mapping']) retrieved from /home/airflow/.local/lib/python3.7/site-packages/airflow/example_dags/example_dynamic_task_mapping.py
[2025-02-01T02:55:50.590+0000] {logging_mixin.py:137} INFO - [2025-02-01T02:55:50.590+0000] {dag.py:2690} INFO - Sync 1 DAGs
[2025-02-01T02:55:50.706+0000] {logging_mixin.py:137} INFO - [2025-02-01T02:55:50.705+0000] {dag.py:3441} INFO - Setting next_dagrun for example_dynamic_task_mapping to 2022-03-04T00:00:00+00:00, run_after=2022-03-05T00:00:00+00:00
[2025-02-01T02:55:50.785+0000] {processor.py:175} INFO - Processing /home/airflow/.local/lib/python3.7/site-packages/airflow/example_dags/example_dynamic_task_mapping.py took 0.446 seconds
[2025-02-01T02:56:20.952+0000] {processor.py:153} INFO - Started process (PID=1823) to work on /home/airflow/.local/lib/python3.7/site-packages/airflow/example_dags/example_dynamic_task_mapping.py
[2025-02-01T02:56:20.955+0000] {processor.py:743} INFO - Processing file /home/airflow/.local/lib/python3.7/site-packages/airflow/example_dags/example_dynamic_task_mapping.py for tasks to queue
[2025-02-01T02:56:20.959+0000] {logging_mixin.py:137} INFO - [2025-02-01T02:56:20.959+0000] {dagbag.py:538} INFO - Filling up the DagBag from /home/airflow/.local/lib/python3.7/site-packages/airflow/example_dags/example_dynamic_task_mapping.py
[2025-02-01T02:56:21.127+0000] {processor.py:753} INFO - DAG(s) dict_keys(['example_dynamic_task_mapping']) retrieved from /home/airflow/.local/lib/python3.7/site-packages/airflow/example_dags/example_dynamic_task_mapping.py
[2025-02-01T02:56:21.289+0000] {logging_mixin.py:137} INFO - [2025-02-01T02:56:21.289+0000] {dag.py:2690} INFO - Sync 1 DAGs
[2025-02-01T02:56:21.424+0000] {logging_mixin.py:137} INFO - [2025-02-01T02:56:21.422+0000] {dag.py:3441} INFO - Setting next_dagrun for example_dynamic_task_mapping to 2022-03-04T00:00:00+00:00, run_after=2022-03-05T00:00:00+00:00
[2025-02-01T02:56:21.546+0000] {processor.py:175} INFO - Processing /home/airflow/.local/lib/python3.7/site-packages/airflow/example_dags/example_dynamic_task_mapping.py took 0.608 seconds
[2025-02-01T02:56:51.787+0000] {processor.py:153} INFO - Started process (PID=1882) to work on /home/airflow/.local/lib/python3.7/site-packages/airflow/example_dags/example_dynamic_task_mapping.py
[2025-02-01T02:56:51.789+0000] {processor.py:743} INFO - Processing file /home/airflow/.local/lib/python3.7/site-packages/airflow/example_dags/example_dynamic_task_mapping.py for tasks to queue
[2025-02-01T02:56:51.792+0000] {logging_mixin.py:137} INFO - [2025-02-01T02:56:51.792+0000] {dagbag.py:538} INFO - Filling up the DagBag from /home/airflow/.local/lib/python3.7/site-packages/airflow/example_dags/example_dynamic_task_mapping.py
[2025-02-01T02:56:51.862+0000] {processor.py:753} INFO - DAG(s) dict_keys(['example_dynamic_task_mapping']) retrieved from /home/airflow/.local/lib/python3.7/site-packages/airflow/example_dags/example_dynamic_task_mapping.py
[2025-02-01T02:56:51.939+0000] {logging_mixin.py:137} INFO - [2025-02-01T02:56:51.938+0000] {dag.py:2690} INFO - Sync 1 DAGs
[2025-02-01T02:56:52.163+0000] {logging_mixin.py:137} INFO - [2025-02-01T02:56:52.163+0000] {dag.py:3441} INFO - Setting next_dagrun for example_dynamic_task_mapping to 2022-03-04T00:00:00+00:00, run_after=2022-03-05T00:00:00+00:00
[2025-02-01T02:56:52.277+0000] {processor.py:175} INFO - Processing /home/airflow/.local/lib/python3.7/site-packages/airflow/example_dags/example_dynamic_task_mapping.py took 0.509 seconds
[2025-02-01T02:57:22.328+0000] {processor.py:153} INFO - Started process (PID=1931) to work on /home/airflow/.local/lib/python3.7/site-packages/airflow/example_dags/example_dynamic_task_mapping.py
[2025-02-01T02:57:22.330+0000] {processor.py:743} INFO - Processing file /home/airflow/.local/lib/python3.7/site-packages/airflow/example_dags/example_dynamic_task_mapping.py for tasks to queue
[2025-02-01T02:57:22.331+0000] {logging_mixin.py:137} INFO - [2025-02-01T02:57:22.331+0000] {dagbag.py:538} INFO - Filling up the DagBag from /home/airflow/.local/lib/python3.7/site-packages/airflow/example_dags/example_dynamic_task_mapping.py
[2025-02-01T02:57:22.383+0000] {processor.py:753} INFO - DAG(s) dict_keys(['example_dynamic_task_mapping']) retrieved from /home/airflow/.local/lib/python3.7/site-packages/airflow/example_dags/example_dynamic_task_mapping.py
[2025-02-01T02:57:22.440+0000] {logging_mixin.py:137} INFO - [2025-02-01T02:57:22.440+0000] {dag.py:2690} INFO - Sync 1 DAGs
[2025-02-01T02:57:22.503+0000] {logging_mixin.py:137} INFO - [2025-02-01T02:57:22.502+0000] {dag.py:3441} INFO - Setting next_dagrun for example_dynamic_task_mapping to 2022-03-04T00:00:00+00:00, run_after=2022-03-05T00:00:00+00:00
[2025-02-01T02:57:22.553+0000] {processor.py:175} INFO - Processing /home/airflow/.local/lib/python3.7/site-packages/airflow/example_dags/example_dynamic_task_mapping.py took 0.232 seconds
[2025-02-01T02:57:52.696+0000] {processor.py:153} INFO - Started process (PID=1990) to work on /home/airflow/.local/lib/python3.7/site-packages/airflow/example_dags/example_dynamic_task_mapping.py
[2025-02-01T02:57:52.697+0000] {processor.py:743} INFO - Processing file /home/airflow/.local/lib/python3.7/site-packages/airflow/example_dags/example_dynamic_task_mapping.py for tasks to queue
[2025-02-01T02:57:52.702+0000] {logging_mixin.py:137} INFO - [2025-02-01T02:57:52.702+0000] {dagbag.py:538} INFO - Filling up the DagBag from /home/airflow/.local/lib/python3.7/site-packages/airflow/example_dags/example_dynamic_task_mapping.py
[2025-02-01T02:57:52.814+0000] {processor.py:753} INFO - DAG(s) dict_keys(['example_dynamic_task_mapping']) retrieved from /home/airflow/.local/lib/python3.7/site-packages/airflow/example_dags/example_dynamic_task_mapping.py
[2025-02-01T02:57:52.883+0000] {logging_mixin.py:137} INFO - [2025-02-01T02:57:52.882+0000] {dag.py:2690} INFO - Sync 1 DAGs
[2025-02-01T02:57:52.948+0000] {logging_mixin.py:137} INFO - [2025-02-01T02:57:52.948+0000] {dag.py:3441} INFO - Setting next_dagrun for example_dynamic_task_mapping to 2022-03-04T00:00:00+00:00, run_after=2022-03-05T00:00:00+00:00
[2025-02-01T02:57:52.992+0000] {processor.py:175} INFO - Processing /home/airflow/.local/lib/python3.7/site-packages/airflow/example_dags/example_dynamic_task_mapping.py took 0.312 seconds
[2025-02-01T02:58:26.232+0000] {processor.py:153} INFO - Started process (PID=2048) to work on /home/airflow/.local/lib/python3.7/site-packages/airflow/example_dags/example_dynamic_task_mapping.py
[2025-02-01T02:58:26.240+0000] {processor.py:743} INFO - Processing file /home/airflow/.local/lib/python3.7/site-packages/airflow/example_dags/example_dynamic_task_mapping.py for tasks to queue
[2025-02-01T02:58:26.246+0000] {logging_mixin.py:137} INFO - [2025-02-01T02:58:26.246+0000] {dagbag.py:538} INFO - Filling up the DagBag from /home/airflow/.local/lib/python3.7/site-packages/airflow/example_dags/example_dynamic_task_mapping.py
[2025-02-01T02:58:26.546+0000] {processor.py:753} INFO - DAG(s) dict_keys(['example_dynamic_task_mapping']) retrieved from /home/airflow/.local/lib/python3.7/site-packages/airflow/example_dags/example_dynamic_task_mapping.py
[2025-02-01T02:58:26.720+0000] {logging_mixin.py:137} INFO - [2025-02-01T02:58:26.719+0000] {dag.py:2690} INFO - Sync 1 DAGs
[2025-02-01T02:58:26.858+0000] {logging_mixin.py:137} INFO - [2025-02-01T02:58:26.858+0000] {dag.py:3441} INFO - Setting next_dagrun for example_dynamic_task_mapping to 2022-03-04T00:00:00+00:00, run_after=2022-03-05T00:00:00+00:00
[2025-02-01T02:58:26.947+0000] {processor.py:175} INFO - Processing /home/airflow/.local/lib/python3.7/site-packages/airflow/example_dags/example_dynamic_task_mapping.py took 0.740 seconds
[2025-02-01T02:58:57.181+0000] {processor.py:153} INFO - Started process (PID=2098) to work on /home/airflow/.local/lib/python3.7/site-packages/airflow/example_dags/example_dynamic_task_mapping.py
[2025-02-01T02:58:57.182+0000] {processor.py:743} INFO - Processing file /home/airflow/.local/lib/python3.7/site-packages/airflow/example_dags/example_dynamic_task_mapping.py for tasks to queue
[2025-02-01T02:58:57.186+0000] {logging_mixin.py:137} INFO - [2025-02-01T02:58:57.183+0000] {dagbag.py:538} INFO - Filling up the DagBag from /home/airflow/.local/lib/python3.7/site-packages/airflow/example_dags/example_dynamic_task_mapping.py
[2025-02-01T02:58:57.350+0000] {processor.py:753} INFO - DAG(s) dict_keys(['example_dynamic_task_mapping']) retrieved from /home/airflow/.local/lib/python3.7/site-packages/airflow/example_dags/example_dynamic_task_mapping.py
[2025-02-01T02:58:57.570+0000] {logging_mixin.py:137} INFO - [2025-02-01T02:58:57.569+0000] {dag.py:2690} INFO - Sync 1 DAGs
[2025-02-01T02:58:57.817+0000] {logging_mixin.py:137} INFO - [2025-02-01T02:58:57.816+0000] {dag.py:3441} INFO - Setting next_dagrun for example_dynamic_task_mapping to 2022-03-04T00:00:00+00:00, run_after=2022-03-05T00:00:00+00:00
[2025-02-01T02:58:57.946+0000] {processor.py:175} INFO - Processing /home/airflow/.local/lib/python3.7/site-packages/airflow/example_dags/example_dynamic_task_mapping.py took 0.790 seconds
[2025-02-01T02:59:28.711+0000] {processor.py:153} INFO - Started process (PID=2156) to work on /home/airflow/.local/lib/python3.7/site-packages/airflow/example_dags/example_dynamic_task_mapping.py
[2025-02-01T02:59:28.713+0000] {processor.py:743} INFO - Processing file /home/airflow/.local/lib/python3.7/site-packages/airflow/example_dags/example_dynamic_task_mapping.py for tasks to queue
[2025-02-01T02:59:28.715+0000] {logging_mixin.py:137} INFO - [2025-02-01T02:59:28.714+0000] {dagbag.py:538} INFO - Filling up the DagBag from /home/airflow/.local/lib/python3.7/site-packages/airflow/example_dags/example_dynamic_task_mapping.py
[2025-02-01T02:59:28.803+0000] {processor.py:753} INFO - DAG(s) dict_keys(['example_dynamic_task_mapping']) retrieved from /home/airflow/.local/lib/python3.7/site-packages/airflow/example_dags/example_dynamic_task_mapping.py
[2025-02-01T02:59:28.883+0000] {logging_mixin.py:137} INFO - [2025-02-01T02:59:28.882+0000] {dag.py:2690} INFO - Sync 1 DAGs
[2025-02-01T02:59:28.965+0000] {logging_mixin.py:137} INFO - [2025-02-01T02:59:28.964+0000] {dag.py:3441} INFO - Setting next_dagrun for example_dynamic_task_mapping to 2022-03-04T00:00:00+00:00, run_after=2022-03-05T00:00:00+00:00
[2025-02-01T02:59:29.009+0000] {processor.py:175} INFO - Processing /home/airflow/.local/lib/python3.7/site-packages/airflow/example_dags/example_dynamic_task_mapping.py took 0.311 seconds
[2025-02-01T02:59:59.526+0000] {processor.py:153} INFO - Started process (PID=2215) to work on /home/airflow/.local/lib/python3.7/site-packages/airflow/example_dags/example_dynamic_task_mapping.py
[2025-02-01T02:59:59.529+0000] {processor.py:743} INFO - Processing file /home/airflow/.local/lib/python3.7/site-packages/airflow/example_dags/example_dynamic_task_mapping.py for tasks to queue
[2025-02-01T02:59:59.533+0000] {logging_mixin.py:137} INFO - [2025-02-01T02:59:59.532+0000] {dagbag.py:538} INFO - Filling up the DagBag from /home/airflow/.local/lib/python3.7/site-packages/airflow/example_dags/example_dynamic_task_mapping.py
[2025-02-01T02:59:59.740+0000] {processor.py:753} INFO - DAG(s) dict_keys(['example_dynamic_task_mapping']) retrieved from /home/airflow/.local/lib/python3.7/site-packages/airflow/example_dags/example_dynamic_task_mapping.py
[2025-02-01T02:59:59.950+0000] {logging_mixin.py:137} INFO - [2025-02-01T02:59:59.950+0000] {dag.py:2690} INFO - Sync 1 DAGs
[2025-02-01T03:00:00.291+0000] {logging_mixin.py:137} INFO - [2025-02-01T03:00:00.291+0000] {dag.py:3441} INFO - Setting next_dagrun for example_dynamic_task_mapping to 2022-03-04T00:00:00+00:00, run_after=2022-03-05T00:00:00+00:00
[2025-02-01T03:00:00.391+0000] {processor.py:175} INFO - Processing /home/airflow/.local/lib/python3.7/site-packages/airflow/example_dags/example_dynamic_task_mapping.py took 0.901 seconds
[2025-02-01T03:00:30.849+0000] {processor.py:153} INFO - Started process (PID=2264) to work on /home/airflow/.local/lib/python3.7/site-packages/airflow/example_dags/example_dynamic_task_mapping.py
[2025-02-01T03:00:30.862+0000] {processor.py:743} INFO - Processing file /home/airflow/.local/lib/python3.7/site-packages/airflow/example_dags/example_dynamic_task_mapping.py for tasks to queue
[2025-02-01T03:00:30.863+0000] {logging_mixin.py:137} INFO - [2025-02-01T03:00:30.863+0000] {dagbag.py:538} INFO - Filling up the DagBag from /home/airflow/.local/lib/python3.7/site-packages/airflow/example_dags/example_dynamic_task_mapping.py
[2025-02-01T03:00:31.021+0000] {processor.py:753} INFO - DAG(s) dict_keys(['example_dynamic_task_mapping']) retrieved from /home/airflow/.local/lib/python3.7/site-packages/airflow/example_dags/example_dynamic_task_mapping.py
[2025-02-01T03:00:31.151+0000] {logging_mixin.py:137} INFO - [2025-02-01T03:00:31.150+0000] {dag.py:2690} INFO - Sync 1 DAGs
[2025-02-01T03:00:31.301+0000] {logging_mixin.py:137} INFO - [2025-02-01T03:00:31.300+0000] {dag.py:3441} INFO - Setting next_dagrun for example_dynamic_task_mapping to 2022-03-04T00:00:00+00:00, run_after=2022-03-05T00:00:00+00:00
[2025-02-01T03:00:31.430+0000] {processor.py:175} INFO - Processing /home/airflow/.local/lib/python3.7/site-packages/airflow/example_dags/example_dynamic_task_mapping.py took 0.611 seconds
[2025-02-01T03:01:01.619+0000] {processor.py:153} INFO - Started process (PID=2323) to work on /home/airflow/.local/lib/python3.7/site-packages/airflow/example_dags/example_dynamic_task_mapping.py
[2025-02-01T03:01:01.628+0000] {processor.py:743} INFO - Processing file /home/airflow/.local/lib/python3.7/site-packages/airflow/example_dags/example_dynamic_task_mapping.py for tasks to queue
[2025-02-01T03:01:01.632+0000] {logging_mixin.py:137} INFO - [2025-02-01T03:01:01.630+0000] {dagbag.py:538} INFO - Filling up the DagBag from /home/airflow/.local/lib/python3.7/site-packages/airflow/example_dags/example_dynamic_task_mapping.py
[2025-02-01T03:01:01.733+0000] {processor.py:753} INFO - DAG(s) dict_keys(['example_dynamic_task_mapping']) retrieved from /home/airflow/.local/lib/python3.7/site-packages/airflow/example_dags/example_dynamic_task_mapping.py
[2025-02-01T03:01:01.813+0000] {logging_mixin.py:137} INFO - [2025-02-01T03:01:01.813+0000] {dag.py:2690} INFO - Sync 1 DAGs
[2025-02-01T03:01:01.932+0000] {logging_mixin.py:137} INFO - [2025-02-01T03:01:01.929+0000] {dag.py:3441} INFO - Setting next_dagrun for example_dynamic_task_mapping to 2022-03-04T00:00:00+00:00, run_after=2022-03-05T00:00:00+00:00
[2025-02-01T03:01:02.017+0000] {processor.py:175} INFO - Processing /home/airflow/.local/lib/python3.7/site-packages/airflow/example_dags/example_dynamic_task_mapping.py took 0.419 seconds
[2025-02-01T03:01:32.190+0000] {processor.py:153} INFO - Started process (PID=2382) to work on /home/airflow/.local/lib/python3.7/site-packages/airflow/example_dags/example_dynamic_task_mapping.py
[2025-02-01T03:01:32.196+0000] {processor.py:743} INFO - Processing file /home/airflow/.local/lib/python3.7/site-packages/airflow/example_dags/example_dynamic_task_mapping.py for tasks to queue
[2025-02-01T03:01:32.198+0000] {logging_mixin.py:137} INFO - [2025-02-01T03:01:32.198+0000] {dagbag.py:538} INFO - Filling up the DagBag from /home/airflow/.local/lib/python3.7/site-packages/airflow/example_dags/example_dynamic_task_mapping.py
[2025-02-01T03:01:32.298+0000] {processor.py:753} INFO - DAG(s) dict_keys(['example_dynamic_task_mapping']) retrieved from /home/airflow/.local/lib/python3.7/site-packages/airflow/example_dags/example_dynamic_task_mapping.py
[2025-02-01T03:01:32.398+0000] {logging_mixin.py:137} INFO - [2025-02-01T03:01:32.397+0000] {dag.py:2690} INFO - Sync 1 DAGs
[2025-02-01T03:01:32.515+0000] {logging_mixin.py:137} INFO - [2025-02-01T03:01:32.515+0000] {dag.py:3441} INFO - Setting next_dagrun for example_dynamic_task_mapping to 2022-03-04T00:00:00+00:00, run_after=2022-03-05T00:00:00+00:00
[2025-02-01T03:01:32.593+0000] {processor.py:175} INFO - Processing /home/airflow/.local/lib/python3.7/site-packages/airflow/example_dags/example_dynamic_task_mapping.py took 0.429 seconds
[2025-02-01T03:02:03.124+0000] {processor.py:153} INFO - Started process (PID=2440) to work on /home/airflow/.local/lib/python3.7/site-packages/airflow/example_dags/example_dynamic_task_mapping.py
[2025-02-01T03:02:03.127+0000] {processor.py:743} INFO - Processing file /home/airflow/.local/lib/python3.7/site-packages/airflow/example_dags/example_dynamic_task_mapping.py for tasks to queue
[2025-02-01T03:02:03.128+0000] {logging_mixin.py:137} INFO - [2025-02-01T03:02:03.128+0000] {dagbag.py:538} INFO - Filling up the DagBag from /home/airflow/.local/lib/python3.7/site-packages/airflow/example_dags/example_dynamic_task_mapping.py
[2025-02-01T03:02:03.254+0000] {processor.py:753} INFO - DAG(s) dict_keys(['example_dynamic_task_mapping']) retrieved from /home/airflow/.local/lib/python3.7/site-packages/airflow/example_dags/example_dynamic_task_mapping.py
[2025-02-01T03:02:03.412+0000] {logging_mixin.py:137} INFO - [2025-02-01T03:02:03.411+0000] {dag.py:2690} INFO - Sync 1 DAGs
[2025-02-01T03:02:03.637+0000] {logging_mixin.py:137} INFO - [2025-02-01T03:02:03.635+0000] {dag.py:3441} INFO - Setting next_dagrun for example_dynamic_task_mapping to 2022-03-04T00:00:00+00:00, run_after=2022-03-05T00:00:00+00:00
[2025-02-01T03:02:03.827+0000] {processor.py:175} INFO - Processing /home/airflow/.local/lib/python3.7/site-packages/airflow/example_dags/example_dynamic_task_mapping.py took 0.720 seconds
[2025-02-01T03:02:34.736+0000] {processor.py:153} INFO - Started process (PID=2499) to work on /home/airflow/.local/lib/python3.7/site-packages/airflow/example_dags/example_dynamic_task_mapping.py
[2025-02-01T03:02:34.737+0000] {processor.py:743} INFO - Processing file /home/airflow/.local/lib/python3.7/site-packages/airflow/example_dags/example_dynamic_task_mapping.py for tasks to queue
[2025-02-01T03:02:34.741+0000] {logging_mixin.py:137} INFO - [2025-02-01T03:02:34.741+0000] {dagbag.py:538} INFO - Filling up the DagBag from /home/airflow/.local/lib/python3.7/site-packages/airflow/example_dags/example_dynamic_task_mapping.py
[2025-02-01T03:02:34.811+0000] {processor.py:753} INFO - DAG(s) dict_keys(['example_dynamic_task_mapping']) retrieved from /home/airflow/.local/lib/python3.7/site-packages/airflow/example_dags/example_dynamic_task_mapping.py
[2025-02-01T03:02:34.895+0000] {logging_mixin.py:137} INFO - [2025-02-01T03:02:34.895+0000] {dag.py:2690} INFO - Sync 1 DAGs
[2025-02-01T03:02:34.969+0000] {logging_mixin.py:137} INFO - [2025-02-01T03:02:34.969+0000] {dag.py:3441} INFO - Setting next_dagrun for example_dynamic_task_mapping to 2022-03-04T00:00:00+00:00, run_after=2022-03-05T00:00:00+00:00
[2025-02-01T03:02:35.017+0000] {processor.py:175} INFO - Processing /home/airflow/.local/lib/python3.7/site-packages/airflow/example_dags/example_dynamic_task_mapping.py took 0.300 seconds
[2025-02-01T03:03:05.599+0000] {processor.py:153} INFO - Started process (PID=2548) to work on /home/airflow/.local/lib/python3.7/site-packages/airflow/example_dags/example_dynamic_task_mapping.py
[2025-02-01T03:03:05.601+0000] {processor.py:743} INFO - Processing file /home/airflow/.local/lib/python3.7/site-packages/airflow/example_dags/example_dynamic_task_mapping.py for tasks to queue
[2025-02-01T03:03:05.603+0000] {logging_mixin.py:137} INFO - [2025-02-01T03:03:05.602+0000] {dagbag.py:538} INFO - Filling up the DagBag from /home/airflow/.local/lib/python3.7/site-packages/airflow/example_dags/example_dynamic_task_mapping.py
[2025-02-01T03:03:05.657+0000] {processor.py:753} INFO - DAG(s) dict_keys(['example_dynamic_task_mapping']) retrieved from /home/airflow/.local/lib/python3.7/site-packages/airflow/example_dags/example_dynamic_task_mapping.py
[2025-02-01T03:03:05.715+0000] {logging_mixin.py:137} INFO - [2025-02-01T03:03:05.715+0000] {dag.py:2690} INFO - Sync 1 DAGs
[2025-02-01T03:03:05.780+0000] {logging_mixin.py:137} INFO - [2025-02-01T03:03:05.780+0000] {dag.py:3441} INFO - Setting next_dagrun for example_dynamic_task_mapping to 2022-03-04T00:00:00+00:00, run_after=2022-03-05T00:00:00+00:00
[2025-02-01T03:03:05.824+0000] {processor.py:175} INFO - Processing /home/airflow/.local/lib/python3.7/site-packages/airflow/example_dags/example_dynamic_task_mapping.py took 0.233 seconds
[2025-02-01T03:03:36.885+0000] {processor.py:153} INFO - Started process (PID=2607) to work on /home/airflow/.local/lib/python3.7/site-packages/airflow/example_dags/example_dynamic_task_mapping.py
[2025-02-01T03:03:36.886+0000] {processor.py:743} INFO - Processing file /home/airflow/.local/lib/python3.7/site-packages/airflow/example_dags/example_dynamic_task_mapping.py for tasks to queue
[2025-02-01T03:03:36.888+0000] {logging_mixin.py:137} INFO - [2025-02-01T03:03:36.888+0000] {dagbag.py:538} INFO - Filling up the DagBag from /home/airflow/.local/lib/python3.7/site-packages/airflow/example_dags/example_dynamic_task_mapping.py
[2025-02-01T03:03:36.996+0000] {processor.py:753} INFO - DAG(s) dict_keys(['example_dynamic_task_mapping']) retrieved from /home/airflow/.local/lib/python3.7/site-packages/airflow/example_dags/example_dynamic_task_mapping.py
[2025-02-01T03:03:37.111+0000] {logging_mixin.py:137} INFO - [2025-02-01T03:03:37.111+0000] {dag.py:2690} INFO - Sync 1 DAGs
[2025-02-01T03:03:37.205+0000] {logging_mixin.py:137} INFO - [2025-02-01T03:03:37.204+0000] {dag.py:3441} INFO - Setting next_dagrun for example_dynamic_task_mapping to 2022-03-04T00:00:00+00:00, run_after=2022-03-05T00:00:00+00:00
[2025-02-01T03:03:37.248+0000] {processor.py:175} INFO - Processing /home/airflow/.local/lib/python3.7/site-packages/airflow/example_dags/example_dynamic_task_mapping.py took 0.379 seconds
[2025-02-01T03:04:09.556+0000] {processor.py:153} INFO - Started process (PID=2665) to work on /home/airflow/.local/lib/python3.7/site-packages/airflow/example_dags/example_dynamic_task_mapping.py
[2025-02-01T03:04:09.562+0000] {processor.py:743} INFO - Processing file /home/airflow/.local/lib/python3.7/site-packages/airflow/example_dags/example_dynamic_task_mapping.py for tasks to queue
[2025-02-01T03:04:09.570+0000] {logging_mixin.py:137} INFO - [2025-02-01T03:04:09.570+0000] {dagbag.py:538} INFO - Filling up the DagBag from /home/airflow/.local/lib/python3.7/site-packages/airflow/example_dags/example_dynamic_task_mapping.py
[2025-02-01T03:04:09.889+0000] {processor.py:753} INFO - DAG(s) dict_keys(['example_dynamic_task_mapping']) retrieved from /home/airflow/.local/lib/python3.7/site-packages/airflow/example_dags/example_dynamic_task_mapping.py
[2025-02-01T03:04:10.210+0000] {logging_mixin.py:137} INFO - [2025-02-01T03:04:10.209+0000] {dag.py:2690} INFO - Sync 1 DAGs
[2025-02-01T03:04:10.588+0000] {logging_mixin.py:137} INFO - [2025-02-01T03:04:10.588+0000] {dag.py:3441} INFO - Setting next_dagrun for example_dynamic_task_mapping to 2022-03-04T00:00:00+00:00, run_after=2022-03-05T00:00:00+00:00
[2025-02-01T03:04:10.818+0000] {processor.py:175} INFO - Processing /home/airflow/.local/lib/python3.7/site-packages/airflow/example_dags/example_dynamic_task_mapping.py took 1.297 seconds
[2025-02-01T03:04:40.925+0000] {processor.py:153} INFO - Started process (PID=2714) to work on /home/airflow/.local/lib/python3.7/site-packages/airflow/example_dags/example_dynamic_task_mapping.py
[2025-02-01T03:04:40.930+0000] {processor.py:743} INFO - Processing file /home/airflow/.local/lib/python3.7/site-packages/airflow/example_dags/example_dynamic_task_mapping.py for tasks to queue
[2025-02-01T03:04:40.933+0000] {logging_mixin.py:137} INFO - [2025-02-01T03:04:40.933+0000] {dagbag.py:538} INFO - Filling up the DagBag from /home/airflow/.local/lib/python3.7/site-packages/airflow/example_dags/example_dynamic_task_mapping.py
[2025-02-01T03:04:41.041+0000] {processor.py:753} INFO - DAG(s) dict_keys(['example_dynamic_task_mapping']) retrieved from /home/airflow/.local/lib/python3.7/site-packages/airflow/example_dags/example_dynamic_task_mapping.py
[2025-02-01T03:04:41.101+0000] {logging_mixin.py:137} INFO - [2025-02-01T03:04:41.100+0000] {dag.py:2690} INFO - Sync 1 DAGs
[2025-02-01T03:04:41.165+0000] {logging_mixin.py:137} INFO - [2025-02-01T03:04:41.164+0000] {dag.py:3441} INFO - Setting next_dagrun for example_dynamic_task_mapping to 2022-03-04T00:00:00+00:00, run_after=2022-03-05T00:00:00+00:00
[2025-02-01T03:04:41.209+0000] {processor.py:175} INFO - Processing /home/airflow/.local/lib/python3.7/site-packages/airflow/example_dags/example_dynamic_task_mapping.py took 0.295 seconds
[2025-02-01T03:05:11.409+0000] {processor.py:153} INFO - Started process (PID=2773) to work on /home/airflow/.local/lib/python3.7/site-packages/airflow/example_dags/example_dynamic_task_mapping.py
[2025-02-01T03:05:11.413+0000] {processor.py:743} INFO - Processing file /home/airflow/.local/lib/python3.7/site-packages/airflow/example_dags/example_dynamic_task_mapping.py for tasks to queue
[2025-02-01T03:05:11.417+0000] {logging_mixin.py:137} INFO - [2025-02-01T03:05:11.414+0000] {dagbag.py:538} INFO - Filling up the DagBag from /home/airflow/.local/lib/python3.7/site-packages/airflow/example_dags/example_dynamic_task_mapping.py
[2025-02-01T03:05:11.518+0000] {processor.py:753} INFO - DAG(s) dict_keys(['example_dynamic_task_mapping']) retrieved from /home/airflow/.local/lib/python3.7/site-packages/airflow/example_dags/example_dynamic_task_mapping.py
[2025-02-01T03:05:11.631+0000] {logging_mixin.py:137} INFO - [2025-02-01T03:05:11.630+0000] {dag.py:2690} INFO - Sync 1 DAGs
[2025-02-01T03:05:11.749+0000] {logging_mixin.py:137} INFO - [2025-02-01T03:05:11.749+0000] {dag.py:3441} INFO - Setting next_dagrun for example_dynamic_task_mapping to 2022-03-04T00:00:00+00:00, run_after=2022-03-05T00:00:00+00:00
[2025-02-01T03:05:11.812+0000] {processor.py:175} INFO - Processing /home/airflow/.local/lib/python3.7/site-packages/airflow/example_dags/example_dynamic_task_mapping.py took 0.427 seconds
[2025-02-01T03:05:42.090+0000] {processor.py:153} INFO - Started process (PID=2832) to work on /home/airflow/.local/lib/python3.7/site-packages/airflow/example_dags/example_dynamic_task_mapping.py
[2025-02-01T03:05:42.094+0000] {processor.py:743} INFO - Processing file /home/airflow/.local/lib/python3.7/site-packages/airflow/example_dags/example_dynamic_task_mapping.py for tasks to queue
[2025-02-01T03:05:42.097+0000] {logging_mixin.py:137} INFO - [2025-02-01T03:05:42.097+0000] {dagbag.py:538} INFO - Filling up the DagBag from /home/airflow/.local/lib/python3.7/site-packages/airflow/example_dags/example_dynamic_task_mapping.py
[2025-02-01T03:05:42.335+0000] {processor.py:753} INFO - DAG(s) dict_keys(['example_dynamic_task_mapping']) retrieved from /home/airflow/.local/lib/python3.7/site-packages/airflow/example_dags/example_dynamic_task_mapping.py
[2025-02-01T03:05:42.461+0000] {logging_mixin.py:137} INFO - [2025-02-01T03:05:42.461+0000] {dag.py:2690} INFO - Sync 1 DAGs
[2025-02-01T03:05:42.612+0000] {logging_mixin.py:137} INFO - [2025-02-01T03:05:42.612+0000] {dag.py:3441} INFO - Setting next_dagrun for example_dynamic_task_mapping to 2022-03-04T00:00:00+00:00, run_after=2022-03-05T00:00:00+00:00
[2025-02-01T03:05:42.688+0000] {processor.py:175} INFO - Processing /home/airflow/.local/lib/python3.7/site-packages/airflow/example_dags/example_dynamic_task_mapping.py took 0.614 seconds
[2025-02-01T03:06:13.615+0000] {processor.py:153} INFO - Started process (PID=2888) to work on /home/airflow/.local/lib/python3.7/site-packages/airflow/example_dags/example_dynamic_task_mapping.py
[2025-02-01T03:06:13.624+0000] {processor.py:743} INFO - Processing file /home/airflow/.local/lib/python3.7/site-packages/airflow/example_dags/example_dynamic_task_mapping.py for tasks to queue
[2025-02-01T03:06:13.635+0000] {logging_mixin.py:137} INFO - [2025-02-01T03:06:13.635+0000] {dagbag.py:538} INFO - Filling up the DagBag from /home/airflow/.local/lib/python3.7/site-packages/airflow/example_dags/example_dynamic_task_mapping.py
[2025-02-01T03:06:13.835+0000] {processor.py:753} INFO - DAG(s) dict_keys(['example_dynamic_task_mapping']) retrieved from /home/airflow/.local/lib/python3.7/site-packages/airflow/example_dags/example_dynamic_task_mapping.py
[2025-02-01T03:06:14.085+0000] {logging_mixin.py:137} INFO - [2025-02-01T03:06:14.084+0000] {dag.py:2690} INFO - Sync 1 DAGs
[2025-02-01T03:06:14.341+0000] {logging_mixin.py:137} INFO - [2025-02-01T03:06:14.341+0000] {dag.py:3441} INFO - Setting next_dagrun for example_dynamic_task_mapping to 2022-03-04T00:00:00+00:00, run_after=2022-03-05T00:00:00+00:00
[2025-02-01T03:06:14.490+0000] {processor.py:175} INFO - Processing /home/airflow/.local/lib/python3.7/site-packages/airflow/example_dags/example_dynamic_task_mapping.py took 0.909 seconds
[2025-02-01T03:06:44.636+0000] {processor.py:153} INFO - Started process (PID=2940) to work on /home/airflow/.local/lib/python3.7/site-packages/airflow/example_dags/example_dynamic_task_mapping.py
[2025-02-01T03:06:44.639+0000] {processor.py:743} INFO - Processing file /home/airflow/.local/lib/python3.7/site-packages/airflow/example_dags/example_dynamic_task_mapping.py for tasks to queue
[2025-02-01T03:06:44.641+0000] {logging_mixin.py:137} INFO - [2025-02-01T03:06:44.640+0000] {dagbag.py:538} INFO - Filling up the DagBag from /home/airflow/.local/lib/python3.7/site-packages/airflow/example_dags/example_dynamic_task_mapping.py
[2025-02-01T03:06:44.754+0000] {processor.py:753} INFO - DAG(s) dict_keys(['example_dynamic_task_mapping']) retrieved from /home/airflow/.local/lib/python3.7/site-packages/airflow/example_dags/example_dynamic_task_mapping.py
[2025-02-01T03:06:44.807+0000] {logging_mixin.py:137} INFO - [2025-02-01T03:06:44.807+0000] {dag.py:2690} INFO - Sync 1 DAGs
[2025-02-01T03:06:44.871+0000] {logging_mixin.py:137} INFO - [2025-02-01T03:06:44.871+0000] {dag.py:3441} INFO - Setting next_dagrun for example_dynamic_task_mapping to 2022-03-04T00:00:00+00:00, run_after=2022-03-05T00:00:00+00:00
[2025-02-01T03:06:44.938+0000] {processor.py:175} INFO - Processing /home/airflow/.local/lib/python3.7/site-packages/airflow/example_dags/example_dynamic_task_mapping.py took 0.327 seconds
[2025-02-01T03:07:15.208+0000] {processor.py:153} INFO - Started process (PID=2999) to work on /home/airflow/.local/lib/python3.7/site-packages/airflow/example_dags/example_dynamic_task_mapping.py
[2025-02-01T03:07:15.218+0000] {processor.py:743} INFO - Processing file /home/airflow/.local/lib/python3.7/site-packages/airflow/example_dags/example_dynamic_task_mapping.py for tasks to queue
[2025-02-01T03:07:15.228+0000] {logging_mixin.py:137} INFO - [2025-02-01T03:07:15.220+0000] {dagbag.py:538} INFO - Filling up the DagBag from /home/airflow/.local/lib/python3.7/site-packages/airflow/example_dags/example_dynamic_task_mapping.py
[2025-02-01T03:07:15.359+0000] {processor.py:753} INFO - DAG(s) dict_keys(['example_dynamic_task_mapping']) retrieved from /home/airflow/.local/lib/python3.7/site-packages/airflow/example_dags/example_dynamic_task_mapping.py
[2025-02-01T03:07:15.562+0000] {logging_mixin.py:137} INFO - [2025-02-01T03:07:15.562+0000] {dag.py:2690} INFO - Sync 1 DAGs
[2025-02-01T03:07:15.809+0000] {logging_mixin.py:137} INFO - [2025-02-01T03:07:15.809+0000] {dag.py:3441} INFO - Setting next_dagrun for example_dynamic_task_mapping to 2022-03-04T00:00:00+00:00, run_after=2022-03-05T00:00:00+00:00
[2025-02-01T03:07:15.900+0000] {processor.py:175} INFO - Processing /home/airflow/.local/lib/python3.7/site-packages/airflow/example_dags/example_dynamic_task_mapping.py took 0.727 seconds
[2025-02-01T03:07:46.684+0000] {processor.py:153} INFO - Started process (PID=3048) to work on /home/airflow/.local/lib/python3.7/site-packages/airflow/example_dags/example_dynamic_task_mapping.py
[2025-02-01T03:07:46.690+0000] {processor.py:743} INFO - Processing file /home/airflow/.local/lib/python3.7/site-packages/airflow/example_dags/example_dynamic_task_mapping.py for tasks to queue
[2025-02-01T03:07:46.693+0000] {logging_mixin.py:137} INFO - [2025-02-01T03:07:46.693+0000] {dagbag.py:538} INFO - Filling up the DagBag from /home/airflow/.local/lib/python3.7/site-packages/airflow/example_dags/example_dynamic_task_mapping.py
[2025-02-01T03:07:46.848+0000] {processor.py:753} INFO - DAG(s) dict_keys(['example_dynamic_task_mapping']) retrieved from /home/airflow/.local/lib/python3.7/site-packages/airflow/example_dags/example_dynamic_task_mapping.py
[2025-02-01T03:07:47.051+0000] {logging_mixin.py:137} INFO - [2025-02-01T03:07:47.050+0000] {dag.py:2690} INFO - Sync 1 DAGs
[2025-02-01T03:07:47.271+0000] {logging_mixin.py:137} INFO - [2025-02-01T03:07:47.271+0000] {dag.py:3441} INFO - Setting next_dagrun for example_dynamic_task_mapping to 2022-03-04T00:00:00+00:00, run_after=2022-03-05T00:00:00+00:00
[2025-02-01T03:07:47.402+0000] {processor.py:175} INFO - Processing /home/airflow/.local/lib/python3.7/site-packages/airflow/example_dags/example_dynamic_task_mapping.py took 0.737 seconds
[2025-02-01T03:08:17.989+0000] {processor.py:153} INFO - Started process (PID=3106) to work on /home/airflow/.local/lib/python3.7/site-packages/airflow/example_dags/example_dynamic_task_mapping.py
[2025-02-01T03:08:17.993+0000] {processor.py:743} INFO - Processing file /home/airflow/.local/lib/python3.7/site-packages/airflow/example_dags/example_dynamic_task_mapping.py for tasks to queue
[2025-02-01T03:08:17.995+0000] {logging_mixin.py:137} INFO - [2025-02-01T03:08:17.995+0000] {dagbag.py:538} INFO - Filling up the DagBag from /home/airflow/.local/lib/python3.7/site-packages/airflow/example_dags/example_dynamic_task_mapping.py
[2025-02-01T03:08:18.052+0000] {processor.py:753} INFO - DAG(s) dict_keys(['example_dynamic_task_mapping']) retrieved from /home/airflow/.local/lib/python3.7/site-packages/airflow/example_dags/example_dynamic_task_mapping.py
[2025-02-01T03:08:18.109+0000] {logging_mixin.py:137} INFO - [2025-02-01T03:08:18.108+0000] {dag.py:2690} INFO - Sync 1 DAGs
[2025-02-01T03:08:18.172+0000] {logging_mixin.py:137} INFO - [2025-02-01T03:08:18.172+0000] {dag.py:3441} INFO - Setting next_dagrun for example_dynamic_task_mapping to 2022-03-04T00:00:00+00:00, run_after=2022-03-05T00:00:00+00:00
[2025-02-01T03:08:18.229+0000] {processor.py:175} INFO - Processing /home/airflow/.local/lib/python3.7/site-packages/airflow/example_dags/example_dynamic_task_mapping.py took 0.247 seconds
[2025-02-01T03:08:48.962+0000] {processor.py:153} INFO - Started process (PID=3164) to work on /home/airflow/.local/lib/python3.7/site-packages/airflow/example_dags/example_dynamic_task_mapping.py
[2025-02-01T03:08:48.964+0000] {processor.py:743} INFO - Processing file /home/airflow/.local/lib/python3.7/site-packages/airflow/example_dags/example_dynamic_task_mapping.py for tasks to queue
[2025-02-01T03:08:48.965+0000] {logging_mixin.py:137} INFO - [2025-02-01T03:08:48.965+0000] {dagbag.py:538} INFO - Filling up the DagBag from /home/airflow/.local/lib/python3.7/site-packages/airflow/example_dags/example_dynamic_task_mapping.py
[2025-02-01T03:08:49.018+0000] {processor.py:753} INFO - DAG(s) dict_keys(['example_dynamic_task_mapping']) retrieved from /home/airflow/.local/lib/python3.7/site-packages/airflow/example_dags/example_dynamic_task_mapping.py
[2025-02-01T03:08:49.075+0000] {logging_mixin.py:137} INFO - [2025-02-01T03:08:49.075+0000] {dag.py:2690} INFO - Sync 1 DAGs
[2025-02-01T03:08:49.144+0000] {logging_mixin.py:137} INFO - [2025-02-01T03:08:49.143+0000] {dag.py:3441} INFO - Setting next_dagrun for example_dynamic_task_mapping to 2022-03-04T00:00:00+00:00, run_after=2022-03-05T00:00:00+00:00
[2025-02-01T03:08:49.194+0000] {processor.py:175} INFO - Processing /home/airflow/.local/lib/python3.7/site-packages/airflow/example_dags/example_dynamic_task_mapping.py took 0.241 seconds
[2025-02-01T03:09:19.628+0000] {processor.py:153} INFO - Started process (PID=3223) to work on /home/airflow/.local/lib/python3.7/site-packages/airflow/example_dags/example_dynamic_task_mapping.py
[2025-02-01T03:09:19.630+0000] {processor.py:743} INFO - Processing file /home/airflow/.local/lib/python3.7/site-packages/airflow/example_dags/example_dynamic_task_mapping.py for tasks to queue
[2025-02-01T03:09:19.631+0000] {logging_mixin.py:137} INFO - [2025-02-01T03:09:19.631+0000] {dagbag.py:538} INFO - Filling up the DagBag from /home/airflow/.local/lib/python3.7/site-packages/airflow/example_dags/example_dynamic_task_mapping.py
[2025-02-01T03:09:19.705+0000] {processor.py:753} INFO - DAG(s) dict_keys(['example_dynamic_task_mapping']) retrieved from /home/airflow/.local/lib/python3.7/site-packages/airflow/example_dags/example_dynamic_task_mapping.py
[2025-02-01T03:09:19.776+0000] {logging_mixin.py:137} INFO - [2025-02-01T03:09:19.776+0000] {dag.py:2690} INFO - Sync 1 DAGs
[2025-02-01T03:09:19.848+0000] {logging_mixin.py:137} INFO - [2025-02-01T03:09:19.848+0000] {dag.py:3441} INFO - Setting next_dagrun for example_dynamic_task_mapping to 2022-03-04T00:00:00+00:00, run_after=2022-03-05T00:00:00+00:00
[2025-02-01T03:09:19.915+0000] {processor.py:175} INFO - Processing /home/airflow/.local/lib/python3.7/site-packages/airflow/example_dags/example_dynamic_task_mapping.py took 0.297 seconds
