[2025-02-01T02:40:15.583+0000] {processor.py:153} INFO - Started process (PID=63) to work on /home/airflow/.local/lib/python3.7/site-packages/airflow/example_dags/example_branch_python_dop_operator_3.py
[2025-02-01T02:40:15.592+0000] {processor.py:743} INFO - Processing file /home/airflow/.local/lib/python3.7/site-packages/airflow/example_dags/example_branch_python_dop_operator_3.py for tasks to queue
[2025-02-01T02:40:15.600+0000] {logging_mixin.py:137} INFO - [2025-02-01T02:40:15.594+0000] {dagbag.py:538} INFO - Filling up the DagBag from /home/airflow/.local/lib/python3.7/site-packages/airflow/example_dags/example_branch_python_dop_operator_3.py
[2025-02-01T02:40:15.851+0000] {processor.py:753} INFO - DAG(s) dict_keys(['example_branch_dop_operator_v3']) retrieved from /home/airflow/.local/lib/python3.7/site-packages/airflow/example_dags/example_branch_python_dop_operator_3.py
[2025-02-01T02:40:16.061+0000] {logging_mixin.py:137} INFO - [2025-02-01T02:40:16.057+0000] {dag.py:2690} INFO - Sync 1 DAGs
[2025-02-01T02:40:16.435+0000] {logging_mixin.py:137} INFO - [2025-02-01T02:40:16.435+0000] {dag.py:3441} INFO - Setting next_dagrun for example_branch_dop_operator_v3 to 2025-02-01T02:39:00+00:00, run_after=2025-02-01T02:40:00+00:00
[2025-02-01T02:40:16.681+0000] {processor.py:175} INFO - Processing /home/airflow/.local/lib/python3.7/site-packages/airflow/example_dags/example_branch_python_dop_operator_3.py took 1.136 seconds
[2025-02-01T02:40:47.302+0000] {processor.py:153} INFO - Started process (PID=122) to work on /home/airflow/.local/lib/python3.7/site-packages/airflow/example_dags/example_branch_python_dop_operator_3.py
[2025-02-01T02:40:47.313+0000] {processor.py:743} INFO - Processing file /home/airflow/.local/lib/python3.7/site-packages/airflow/example_dags/example_branch_python_dop_operator_3.py for tasks to queue
[2025-02-01T02:40:47.323+0000] {logging_mixin.py:137} INFO - [2025-02-01T02:40:47.316+0000] {dagbag.py:538} INFO - Filling up the DagBag from /home/airflow/.local/lib/python3.7/site-packages/airflow/example_dags/example_branch_python_dop_operator_3.py
[2025-02-01T02:40:47.621+0000] {processor.py:753} INFO - DAG(s) dict_keys(['example_branch_dop_operator_v3']) retrieved from /home/airflow/.local/lib/python3.7/site-packages/airflow/example_dags/example_branch_python_dop_operator_3.py
[2025-02-01T02:40:48.003+0000] {logging_mixin.py:137} INFO - [2025-02-01T02:40:47.989+0000] {dag.py:2690} INFO - Sync 1 DAGs
[2025-02-01T02:40:48.446+0000] {logging_mixin.py:137} INFO - [2025-02-01T02:40:48.446+0000] {dag.py:3441} INFO - Setting next_dagrun for example_branch_dop_operator_v3 to 2025-02-01T02:39:00+00:00, run_after=2025-02-01T02:40:00+00:00
[2025-02-01T02:40:48.624+0000] {processor.py:175} INFO - Processing /home/airflow/.local/lib/python3.7/site-packages/airflow/example_dags/example_branch_python_dop_operator_3.py took 1.356 seconds
[2025-02-01T02:41:18.748+0000] {processor.py:153} INFO - Started process (PID=170) to work on /home/airflow/.local/lib/python3.7/site-packages/airflow/example_dags/example_branch_python_dop_operator_3.py
[2025-02-01T02:41:18.750+0000] {processor.py:743} INFO - Processing file /home/airflow/.local/lib/python3.7/site-packages/airflow/example_dags/example_branch_python_dop_operator_3.py for tasks to queue
[2025-02-01T02:41:18.751+0000] {logging_mixin.py:137} INFO - [2025-02-01T02:41:18.751+0000] {dagbag.py:538} INFO - Filling up the DagBag from /home/airflow/.local/lib/python3.7/site-packages/airflow/example_dags/example_branch_python_dop_operator_3.py
[2025-02-01T02:41:18.809+0000] {processor.py:753} INFO - DAG(s) dict_keys(['example_branch_dop_operator_v3']) retrieved from /home/airflow/.local/lib/python3.7/site-packages/airflow/example_dags/example_branch_python_dop_operator_3.py
[2025-02-01T02:41:18.867+0000] {logging_mixin.py:137} INFO - [2025-02-01T02:41:18.867+0000] {dag.py:2690} INFO - Sync 1 DAGs
[2025-02-01T02:41:18.946+0000] {logging_mixin.py:137} INFO - [2025-02-01T02:41:18.946+0000] {dag.py:3441} INFO - Setting next_dagrun for example_branch_dop_operator_v3 to 2025-02-01T02:40:00+00:00, run_after=2025-02-01T02:41:00+00:00
[2025-02-01T02:41:18.992+0000] {processor.py:175} INFO - Processing /home/airflow/.local/lib/python3.7/site-packages/airflow/example_dags/example_branch_python_dop_operator_3.py took 0.250 seconds
[2025-02-01T02:41:49.072+0000] {processor.py:153} INFO - Started process (PID=229) to work on /home/airflow/.local/lib/python3.7/site-packages/airflow/example_dags/example_branch_python_dop_operator_3.py
[2025-02-01T02:41:49.074+0000] {processor.py:743} INFO - Processing file /home/airflow/.local/lib/python3.7/site-packages/airflow/example_dags/example_branch_python_dop_operator_3.py for tasks to queue
[2025-02-01T02:41:49.076+0000] {logging_mixin.py:137} INFO - [2025-02-01T02:41:49.075+0000] {dagbag.py:538} INFO - Filling up the DagBag from /home/airflow/.local/lib/python3.7/site-packages/airflow/example_dags/example_branch_python_dop_operator_3.py
[2025-02-01T02:41:49.135+0000] {processor.py:753} INFO - DAG(s) dict_keys(['example_branch_dop_operator_v3']) retrieved from /home/airflow/.local/lib/python3.7/site-packages/airflow/example_dags/example_branch_python_dop_operator_3.py
[2025-02-01T02:41:49.195+0000] {logging_mixin.py:137} INFO - [2025-02-01T02:41:49.194+0000] {dag.py:2690} INFO - Sync 1 DAGs
[2025-02-01T02:41:49.277+0000] {logging_mixin.py:137} INFO - [2025-02-01T02:41:49.276+0000] {dag.py:3441} INFO - Setting next_dagrun for example_branch_dop_operator_v3 to 2025-02-01T02:40:00+00:00, run_after=2025-02-01T02:41:00+00:00
[2025-02-01T02:41:49.329+0000] {processor.py:175} INFO - Processing /home/airflow/.local/lib/python3.7/site-packages/airflow/example_dags/example_branch_python_dop_operator_3.py took 0.265 seconds
[2025-02-01T02:42:19.894+0000] {processor.py:153} INFO - Started process (PID=288) to work on /home/airflow/.local/lib/python3.7/site-packages/airflow/example_dags/example_branch_python_dop_operator_3.py
[2025-02-01T02:42:19.896+0000] {processor.py:743} INFO - Processing file /home/airflow/.local/lib/python3.7/site-packages/airflow/example_dags/example_branch_python_dop_operator_3.py for tasks to queue
[2025-02-01T02:42:19.900+0000] {logging_mixin.py:137} INFO - [2025-02-01T02:42:19.898+0000] {dagbag.py:538} INFO - Filling up the DagBag from /home/airflow/.local/lib/python3.7/site-packages/airflow/example_dags/example_branch_python_dop_operator_3.py
[2025-02-01T02:42:20.058+0000] {processor.py:753} INFO - DAG(s) dict_keys(['example_branch_dop_operator_v3']) retrieved from /home/airflow/.local/lib/python3.7/site-packages/airflow/example_dags/example_branch_python_dop_operator_3.py
[2025-02-01T02:42:20.215+0000] {logging_mixin.py:137} INFO - [2025-02-01T02:42:20.215+0000] {dag.py:2690} INFO - Sync 1 DAGs
[2025-02-01T02:42:20.459+0000] {logging_mixin.py:137} INFO - [2025-02-01T02:42:20.459+0000] {dag.py:3441} INFO - Setting next_dagrun for example_branch_dop_operator_v3 to 2025-02-01T02:41:00+00:00, run_after=2025-02-01T02:42:00+00:00
[2025-02-01T02:42:20.591+0000] {processor.py:175} INFO - Processing /home/airflow/.local/lib/python3.7/site-packages/airflow/example_dags/example_branch_python_dop_operator_3.py took 0.712 seconds
[2025-02-01T02:42:51.217+0000] {processor.py:153} INFO - Started process (PID=347) to work on /home/airflow/.local/lib/python3.7/site-packages/airflow/example_dags/example_branch_python_dop_operator_3.py
[2025-02-01T02:42:51.222+0000] {processor.py:743} INFO - Processing file /home/airflow/.local/lib/python3.7/site-packages/airflow/example_dags/example_branch_python_dop_operator_3.py for tasks to queue
[2025-02-01T02:42:51.227+0000] {logging_mixin.py:137} INFO - [2025-02-01T02:42:51.227+0000] {dagbag.py:538} INFO - Filling up the DagBag from /home/airflow/.local/lib/python3.7/site-packages/airflow/example_dags/example_branch_python_dop_operator_3.py
[2025-02-01T02:42:51.391+0000] {processor.py:753} INFO - DAG(s) dict_keys(['example_branch_dop_operator_v3']) retrieved from /home/airflow/.local/lib/python3.7/site-packages/airflow/example_dags/example_branch_python_dop_operator_3.py
[2025-02-01T02:42:51.565+0000] {logging_mixin.py:137} INFO - [2025-02-01T02:42:51.564+0000] {dag.py:2690} INFO - Sync 1 DAGs
[2025-02-01T02:42:51.876+0000] {logging_mixin.py:137} INFO - [2025-02-01T02:42:51.876+0000] {dag.py:3441} INFO - Setting next_dagrun for example_branch_dop_operator_v3 to 2025-02-01T02:41:00+00:00, run_after=2025-02-01T02:42:00+00:00
[2025-02-01T02:42:52.028+0000] {processor.py:175} INFO - Processing /home/airflow/.local/lib/python3.7/site-packages/airflow/example_dags/example_branch_python_dop_operator_3.py took 0.828 seconds
[2025-02-01T02:43:22.697+0000] {processor.py:153} INFO - Started process (PID=396) to work on /home/airflow/.local/lib/python3.7/site-packages/airflow/example_dags/example_branch_python_dop_operator_3.py
[2025-02-01T02:43:22.702+0000] {processor.py:743} INFO - Processing file /home/airflow/.local/lib/python3.7/site-packages/airflow/example_dags/example_branch_python_dop_operator_3.py for tasks to queue
[2025-02-01T02:43:22.705+0000] {logging_mixin.py:137} INFO - [2025-02-01T02:43:22.705+0000] {dagbag.py:538} INFO - Filling up the DagBag from /home/airflow/.local/lib/python3.7/site-packages/airflow/example_dags/example_branch_python_dop_operator_3.py
[2025-02-01T02:43:22.860+0000] {processor.py:753} INFO - DAG(s) dict_keys(['example_branch_dop_operator_v3']) retrieved from /home/airflow/.local/lib/python3.7/site-packages/airflow/example_dags/example_branch_python_dop_operator_3.py
[2025-02-01T02:43:23.002+0000] {logging_mixin.py:137} INFO - [2025-02-01T02:43:23.001+0000] {dag.py:2690} INFO - Sync 1 DAGs
[2025-02-01T02:43:23.180+0000] {logging_mixin.py:137} INFO - [2025-02-01T02:43:23.179+0000] {dag.py:3441} INFO - Setting next_dagrun for example_branch_dop_operator_v3 to 2025-02-01T02:42:00+00:00, run_after=2025-02-01T02:43:00+00:00
[2025-02-01T02:43:23.224+0000] {processor.py:175} INFO - Processing /home/airflow/.local/lib/python3.7/site-packages/airflow/example_dags/example_branch_python_dop_operator_3.py took 0.543 seconds
[2025-02-01T02:43:54.028+0000] {processor.py:153} INFO - Started process (PID=455) to work on /home/airflow/.local/lib/python3.7/site-packages/airflow/example_dags/example_branch_python_dop_operator_3.py
[2025-02-01T02:43:54.032+0000] {processor.py:743} INFO - Processing file /home/airflow/.local/lib/python3.7/site-packages/airflow/example_dags/example_branch_python_dop_operator_3.py for tasks to queue
[2025-02-01T02:43:54.035+0000] {logging_mixin.py:137} INFO - [2025-02-01T02:43:54.035+0000] {dagbag.py:538} INFO - Filling up the DagBag from /home/airflow/.local/lib/python3.7/site-packages/airflow/example_dags/example_branch_python_dop_operator_3.py
[2025-02-01T02:43:54.166+0000] {processor.py:753} INFO - DAG(s) dict_keys(['example_branch_dop_operator_v3']) retrieved from /home/airflow/.local/lib/python3.7/site-packages/airflow/example_dags/example_branch_python_dop_operator_3.py
[2025-02-01T02:43:54.272+0000] {logging_mixin.py:137} INFO - [2025-02-01T02:43:54.272+0000] {dag.py:2690} INFO - Sync 1 DAGs
[2025-02-01T02:43:54.426+0000] {logging_mixin.py:137} INFO - [2025-02-01T02:43:54.426+0000] {dag.py:3441} INFO - Setting next_dagrun for example_branch_dop_operator_v3 to 2025-02-01T02:42:00+00:00, run_after=2025-02-01T02:43:00+00:00
[2025-02-01T02:43:54.488+0000] {processor.py:175} INFO - Processing /home/airflow/.local/lib/python3.7/site-packages/airflow/example_dags/example_branch_python_dop_operator_3.py took 0.475 seconds
[2025-02-01T02:44:24.994+0000] {processor.py:153} INFO - Started process (PID=512) to work on /home/airflow/.local/lib/python3.7/site-packages/airflow/example_dags/example_branch_python_dop_operator_3.py
[2025-02-01T02:44:25.008+0000] {processor.py:743} INFO - Processing file /home/airflow/.local/lib/python3.7/site-packages/airflow/example_dags/example_branch_python_dop_operator_3.py for tasks to queue
[2025-02-01T02:44:25.026+0000] {logging_mixin.py:137} INFO - [2025-02-01T02:44:25.010+0000] {dagbag.py:538} INFO - Filling up the DagBag from /home/airflow/.local/lib/python3.7/site-packages/airflow/example_dags/example_branch_python_dop_operator_3.py
[2025-02-01T02:44:25.336+0000] {processor.py:753} INFO - DAG(s) dict_keys(['example_branch_dop_operator_v3']) retrieved from /home/airflow/.local/lib/python3.7/site-packages/airflow/example_dags/example_branch_python_dop_operator_3.py
[2025-02-01T02:44:25.637+0000] {logging_mixin.py:137} INFO - [2025-02-01T02:44:25.630+0000] {dag.py:2690} INFO - Sync 1 DAGs
[2025-02-01T02:44:26.115+0000] {logging_mixin.py:137} INFO - [2025-02-01T02:44:26.115+0000] {dag.py:3441} INFO - Setting next_dagrun for example_branch_dop_operator_v3 to 2025-02-01T02:43:00+00:00, run_after=2025-02-01T02:44:00+00:00
[2025-02-01T02:44:26.348+0000] {processor.py:175} INFO - Processing /home/airflow/.local/lib/python3.7/site-packages/airflow/example_dags/example_branch_python_dop_operator_3.py took 1.412 seconds
[2025-02-01T02:44:56.861+0000] {processor.py:153} INFO - Started process (PID=563) to work on /home/airflow/.local/lib/python3.7/site-packages/airflow/example_dags/example_branch_python_dop_operator_3.py
[2025-02-01T02:44:56.865+0000] {processor.py:743} INFO - Processing file /home/airflow/.local/lib/python3.7/site-packages/airflow/example_dags/example_branch_python_dop_operator_3.py for tasks to queue
[2025-02-01T02:44:56.871+0000] {logging_mixin.py:137} INFO - [2025-02-01T02:44:56.867+0000] {dagbag.py:538} INFO - Filling up the DagBag from /home/airflow/.local/lib/python3.7/site-packages/airflow/example_dags/example_branch_python_dop_operator_3.py
[2025-02-01T02:44:57.020+0000] {processor.py:753} INFO - DAG(s) dict_keys(['example_branch_dop_operator_v3']) retrieved from /home/airflow/.local/lib/python3.7/site-packages/airflow/example_dags/example_branch_python_dop_operator_3.py
[2025-02-01T02:44:57.145+0000] {logging_mixin.py:137} INFO - [2025-02-01T02:44:57.144+0000] {dag.py:2690} INFO - Sync 1 DAGs
[2025-02-01T02:44:57.470+0000] {logging_mixin.py:137} INFO - [2025-02-01T02:44:57.470+0000] {dag.py:3441} INFO - Setting next_dagrun for example_branch_dop_operator_v3 to 2025-02-01T02:43:00+00:00, run_after=2025-02-01T02:44:00+00:00
[2025-02-01T02:44:57.630+0000] {processor.py:175} INFO - Processing /home/airflow/.local/lib/python3.7/site-packages/airflow/example_dags/example_branch_python_dop_operator_3.py took 0.790 seconds
[2025-02-01T02:45:28.253+0000] {processor.py:153} INFO - Started process (PID=622) to work on /home/airflow/.local/lib/python3.7/site-packages/airflow/example_dags/example_branch_python_dop_operator_3.py
[2025-02-01T02:45:28.255+0000] {processor.py:743} INFO - Processing file /home/airflow/.local/lib/python3.7/site-packages/airflow/example_dags/example_branch_python_dop_operator_3.py for tasks to queue
[2025-02-01T02:45:28.257+0000] {logging_mixin.py:137} INFO - [2025-02-01T02:45:28.256+0000] {dagbag.py:538} INFO - Filling up the DagBag from /home/airflow/.local/lib/python3.7/site-packages/airflow/example_dags/example_branch_python_dop_operator_3.py
[2025-02-01T02:45:28.428+0000] {processor.py:753} INFO - DAG(s) dict_keys(['example_branch_dop_operator_v3']) retrieved from /home/airflow/.local/lib/python3.7/site-packages/airflow/example_dags/example_branch_python_dop_operator_3.py
[2025-02-01T02:45:28.637+0000] {logging_mixin.py:137} INFO - [2025-02-01T02:45:28.636+0000] {dag.py:2690} INFO - Sync 1 DAGs
[2025-02-01T02:45:28.842+0000] {logging_mixin.py:137} INFO - [2025-02-01T02:45:28.842+0000] {dag.py:3441} INFO - Setting next_dagrun for example_branch_dop_operator_v3 to 2025-02-01T02:44:00+00:00, run_after=2025-02-01T02:45:00+00:00
[2025-02-01T02:45:28.921+0000] {processor.py:175} INFO - Processing /home/airflow/.local/lib/python3.7/site-packages/airflow/example_dags/example_branch_python_dop_operator_3.py took 0.675 seconds
[2025-02-01T02:45:59.499+0000] {processor.py:153} INFO - Started process (PID=681) to work on /home/airflow/.local/lib/python3.7/site-packages/airflow/example_dags/example_branch_python_dop_operator_3.py
[2025-02-01T02:45:59.500+0000] {processor.py:743} INFO - Processing file /home/airflow/.local/lib/python3.7/site-packages/airflow/example_dags/example_branch_python_dop_operator_3.py for tasks to queue
[2025-02-01T02:45:59.502+0000] {logging_mixin.py:137} INFO - [2025-02-01T02:45:59.501+0000] {dagbag.py:538} INFO - Filling up the DagBag from /home/airflow/.local/lib/python3.7/site-packages/airflow/example_dags/example_branch_python_dop_operator_3.py
[2025-02-01T02:45:59.566+0000] {processor.py:753} INFO - DAG(s) dict_keys(['example_branch_dop_operator_v3']) retrieved from /home/airflow/.local/lib/python3.7/site-packages/airflow/example_dags/example_branch_python_dop_operator_3.py
[2025-02-01T02:45:59.626+0000] {logging_mixin.py:137} INFO - [2025-02-01T02:45:59.625+0000] {dag.py:2690} INFO - Sync 1 DAGs
[2025-02-01T02:45:59.705+0000] {logging_mixin.py:137} INFO - [2025-02-01T02:45:59.704+0000] {dag.py:3441} INFO - Setting next_dagrun for example_branch_dop_operator_v3 to 2025-02-01T02:44:00+00:00, run_after=2025-02-01T02:45:00+00:00
[2025-02-01T02:45:59.749+0000] {processor.py:175} INFO - Processing /home/airflow/.local/lib/python3.7/site-packages/airflow/example_dags/example_branch_python_dop_operator_3.py took 0.259 seconds
[2025-02-01T02:46:30.354+0000] {processor.py:153} INFO - Started process (PID=738) to work on /home/airflow/.local/lib/python3.7/site-packages/airflow/example_dags/example_branch_python_dop_operator_3.py
[2025-02-01T02:46:30.356+0000] {processor.py:743} INFO - Processing file /home/airflow/.local/lib/python3.7/site-packages/airflow/example_dags/example_branch_python_dop_operator_3.py for tasks to queue
[2025-02-01T02:46:30.358+0000] {logging_mixin.py:137} INFO - [2025-02-01T02:46:30.357+0000] {dagbag.py:538} INFO - Filling up the DagBag from /home/airflow/.local/lib/python3.7/site-packages/airflow/example_dags/example_branch_python_dop_operator_3.py
[2025-02-01T02:46:30.417+0000] {processor.py:753} INFO - DAG(s) dict_keys(['example_branch_dop_operator_v3']) retrieved from /home/airflow/.local/lib/python3.7/site-packages/airflow/example_dags/example_branch_python_dop_operator_3.py
[2025-02-01T02:46:30.476+0000] {logging_mixin.py:137} INFO - [2025-02-01T02:46:30.476+0000] {dag.py:2690} INFO - Sync 1 DAGs
[2025-02-01T02:46:30.555+0000] {logging_mixin.py:137} INFO - [2025-02-01T02:46:30.555+0000] {dag.py:3441} INFO - Setting next_dagrun for example_branch_dop_operator_v3 to 2025-02-01T02:45:00+00:00, run_after=2025-02-01T02:46:00+00:00
[2025-02-01T02:46:30.601+0000] {processor.py:175} INFO - Processing /home/airflow/.local/lib/python3.7/site-packages/airflow/example_dags/example_branch_python_dop_operator_3.py took 0.260 seconds
[2025-02-01T02:47:01.165+0000] {processor.py:153} INFO - Started process (PID=797) to work on /home/airflow/.local/lib/python3.7/site-packages/airflow/example_dags/example_branch_python_dop_operator_3.py
[2025-02-01T02:47:01.166+0000] {processor.py:743} INFO - Processing file /home/airflow/.local/lib/python3.7/site-packages/airflow/example_dags/example_branch_python_dop_operator_3.py for tasks to queue
[2025-02-01T02:47:01.167+0000] {logging_mixin.py:137} INFO - [2025-02-01T02:47:01.167+0000] {dagbag.py:538} INFO - Filling up the DagBag from /home/airflow/.local/lib/python3.7/site-packages/airflow/example_dags/example_branch_python_dop_operator_3.py
[2025-02-01T02:47:01.228+0000] {processor.py:753} INFO - DAG(s) dict_keys(['example_branch_dop_operator_v3']) retrieved from /home/airflow/.local/lib/python3.7/site-packages/airflow/example_dags/example_branch_python_dop_operator_3.py
[2025-02-01T02:47:01.307+0000] {logging_mixin.py:137} INFO - [2025-02-01T02:47:01.307+0000] {dag.py:2690} INFO - Sync 1 DAGs
[2025-02-01T02:47:01.408+0000] {logging_mixin.py:137} INFO - [2025-02-01T02:47:01.406+0000] {dag.py:3441} INFO - Setting next_dagrun for example_branch_dop_operator_v3 to 2025-02-01T02:46:00+00:00, run_after=2025-02-01T02:47:00+00:00
[2025-02-01T02:47:01.490+0000] {processor.py:175} INFO - Processing /home/airflow/.local/lib/python3.7/site-packages/airflow/example_dags/example_branch_python_dop_operator_3.py took 0.337 seconds
[2025-02-01T02:47:31.897+0000] {processor.py:153} INFO - Started process (PID=847) to work on /home/airflow/.local/lib/python3.7/site-packages/airflow/example_dags/example_branch_python_dop_operator_3.py
[2025-02-01T02:47:31.902+0000] {processor.py:743} INFO - Processing file /home/airflow/.local/lib/python3.7/site-packages/airflow/example_dags/example_branch_python_dop_operator_3.py for tasks to queue
[2025-02-01T02:47:31.908+0000] {logging_mixin.py:137} INFO - [2025-02-01T02:47:31.908+0000] {dagbag.py:538} INFO - Filling up the DagBag from /home/airflow/.local/lib/python3.7/site-packages/airflow/example_dags/example_branch_python_dop_operator_3.py
[2025-02-01T02:47:32.207+0000] {processor.py:753} INFO - DAG(s) dict_keys(['example_branch_dop_operator_v3']) retrieved from /home/airflow/.local/lib/python3.7/site-packages/airflow/example_dags/example_branch_python_dop_operator_3.py
[2025-02-01T02:47:32.463+0000] {logging_mixin.py:137} INFO - [2025-02-01T02:47:32.462+0000] {dag.py:2690} INFO - Sync 1 DAGs
[2025-02-01T02:47:32.727+0000] {logging_mixin.py:137} INFO - [2025-02-01T02:47:32.727+0000] {dag.py:3441} INFO - Setting next_dagrun for example_branch_dop_operator_v3 to 2025-02-01T02:46:00+00:00, run_after=2025-02-01T02:47:00+00:00
[2025-02-01T02:47:32.862+0000] {processor.py:175} INFO - Processing /home/airflow/.local/lib/python3.7/site-packages/airflow/example_dags/example_branch_python_dop_operator_3.py took 0.987 seconds
[2025-02-01T02:48:03.409+0000] {processor.py:153} INFO - Started process (PID=906) to work on /home/airflow/.local/lib/python3.7/site-packages/airflow/example_dags/example_branch_python_dop_operator_3.py
[2025-02-01T02:48:03.419+0000] {processor.py:743} INFO - Processing file /home/airflow/.local/lib/python3.7/site-packages/airflow/example_dags/example_branch_python_dop_operator_3.py for tasks to queue
[2025-02-01T02:48:03.421+0000] {logging_mixin.py:137} INFO - [2025-02-01T02:48:03.420+0000] {dagbag.py:538} INFO - Filling up the DagBag from /home/airflow/.local/lib/python3.7/site-packages/airflow/example_dags/example_branch_python_dop_operator_3.py
[2025-02-01T02:48:03.654+0000] {processor.py:753} INFO - DAG(s) dict_keys(['example_branch_dop_operator_v3']) retrieved from /home/airflow/.local/lib/python3.7/site-packages/airflow/example_dags/example_branch_python_dop_operator_3.py
[2025-02-01T02:48:03.828+0000] {logging_mixin.py:137} INFO - [2025-02-01T02:48:03.827+0000] {dag.py:2690} INFO - Sync 1 DAGs
[2025-02-01T02:48:04.095+0000] {logging_mixin.py:137} INFO - [2025-02-01T02:48:04.095+0000] {dag.py:3441} INFO - Setting next_dagrun for example_branch_dop_operator_v3 to 2025-02-01T02:47:00+00:00, run_after=2025-02-01T02:48:00+00:00
[2025-02-01T02:48:04.230+0000] {processor.py:175} INFO - Processing /home/airflow/.local/lib/python3.7/site-packages/airflow/example_dags/example_branch_python_dop_operator_3.py took 0.850 seconds
[2025-02-01T02:48:34.774+0000] {processor.py:153} INFO - Started process (PID=965) to work on /home/airflow/.local/lib/python3.7/site-packages/airflow/example_dags/example_branch_python_dop_operator_3.py
[2025-02-01T02:48:34.777+0000] {processor.py:743} INFO - Processing file /home/airflow/.local/lib/python3.7/site-packages/airflow/example_dags/example_branch_python_dop_operator_3.py for tasks to queue
[2025-02-01T02:48:34.780+0000] {logging_mixin.py:137} INFO - [2025-02-01T02:48:34.780+0000] {dagbag.py:538} INFO - Filling up the DagBag from /home/airflow/.local/lib/python3.7/site-packages/airflow/example_dags/example_branch_python_dop_operator_3.py
[2025-02-01T02:48:34.973+0000] {processor.py:753} INFO - DAG(s) dict_keys(['example_branch_dop_operator_v3']) retrieved from /home/airflow/.local/lib/python3.7/site-packages/airflow/example_dags/example_branch_python_dop_operator_3.py
[2025-02-01T02:48:35.074+0000] {logging_mixin.py:137} INFO - [2025-02-01T02:48:35.074+0000] {dag.py:2690} INFO - Sync 1 DAGs
[2025-02-01T02:48:35.232+0000] {logging_mixin.py:137} INFO - [2025-02-01T02:48:35.232+0000] {dag.py:3441} INFO - Setting next_dagrun for example_branch_dop_operator_v3 to 2025-02-01T02:47:00+00:00, run_after=2025-02-01T02:48:00+00:00
[2025-02-01T02:48:35.310+0000] {processor.py:175} INFO - Processing /home/airflow/.local/lib/python3.7/site-packages/airflow/example_dags/example_branch_python_dop_operator_3.py took 0.562 seconds
[2025-02-01T02:49:05.752+0000] {processor.py:153} INFO - Started process (PID=1025) to work on /home/airflow/.local/lib/python3.7/site-packages/airflow/example_dags/example_branch_python_dop_operator_3.py
[2025-02-01T02:49:05.753+0000] {processor.py:743} INFO - Processing file /home/airflow/.local/lib/python3.7/site-packages/airflow/example_dags/example_branch_python_dop_operator_3.py for tasks to queue
[2025-02-01T02:49:05.755+0000] {logging_mixin.py:137} INFO - [2025-02-01T02:49:05.754+0000] {dagbag.py:538} INFO - Filling up the DagBag from /home/airflow/.local/lib/python3.7/site-packages/airflow/example_dags/example_branch_python_dop_operator_3.py
[2025-02-01T02:49:05.814+0000] {processor.py:753} INFO - DAG(s) dict_keys(['example_branch_dop_operator_v3']) retrieved from /home/airflow/.local/lib/python3.7/site-packages/airflow/example_dags/example_branch_python_dop_operator_3.py
[2025-02-01T02:49:05.871+0000] {logging_mixin.py:137} INFO - [2025-02-01T02:49:05.871+0000] {dag.py:2690} INFO - Sync 1 DAGs
[2025-02-01T02:49:05.951+0000] {logging_mixin.py:137} INFO - [2025-02-01T02:49:05.951+0000] {dag.py:3441} INFO - Setting next_dagrun for example_branch_dop_operator_v3 to 2025-02-01T02:48:00+00:00, run_after=2025-02-01T02:49:00+00:00
[2025-02-01T02:49:05.996+0000] {processor.py:175} INFO - Processing /home/airflow/.local/lib/python3.7/site-packages/airflow/example_dags/example_branch_python_dop_operator_3.py took 0.252 seconds
[2025-02-01T02:49:36.146+0000] {processor.py:153} INFO - Started process (PID=1083) to work on /home/airflow/.local/lib/python3.7/site-packages/airflow/example_dags/example_branch_python_dop_operator_3.py
[2025-02-01T02:49:36.149+0000] {processor.py:743} INFO - Processing file /home/airflow/.local/lib/python3.7/site-packages/airflow/example_dags/example_branch_python_dop_operator_3.py for tasks to queue
[2025-02-01T02:49:36.155+0000] {logging_mixin.py:137} INFO - [2025-02-01T02:49:36.155+0000] {dagbag.py:538} INFO - Filling up the DagBag from /home/airflow/.local/lib/python3.7/site-packages/airflow/example_dags/example_branch_python_dop_operator_3.py
[2025-02-01T02:49:36.375+0000] {processor.py:753} INFO - DAG(s) dict_keys(['example_branch_dop_operator_v3']) retrieved from /home/airflow/.local/lib/python3.7/site-packages/airflow/example_dags/example_branch_python_dop_operator_3.py
[2025-02-01T02:49:36.589+0000] {logging_mixin.py:137} INFO - [2025-02-01T02:49:36.589+0000] {dag.py:2690} INFO - Sync 1 DAGs
[2025-02-01T02:49:36.802+0000] {logging_mixin.py:137} INFO - [2025-02-01T02:49:36.802+0000] {dag.py:3441} INFO - Setting next_dagrun for example_branch_dop_operator_v3 to 2025-02-01T02:48:00+00:00, run_after=2025-02-01T02:49:00+00:00
[2025-02-01T02:49:36.858+0000] {processor.py:175} INFO - Processing /home/airflow/.local/lib/python3.7/site-packages/airflow/example_dags/example_branch_python_dop_operator_3.py took 0.737 seconds
[2025-02-01T02:50:07.416+0000] {processor.py:153} INFO - Started process (PID=1132) to work on /home/airflow/.local/lib/python3.7/site-packages/airflow/example_dags/example_branch_python_dop_operator_3.py
[2025-02-01T02:50:07.417+0000] {processor.py:743} INFO - Processing file /home/airflow/.local/lib/python3.7/site-packages/airflow/example_dags/example_branch_python_dop_operator_3.py for tasks to queue
[2025-02-01T02:50:07.419+0000] {logging_mixin.py:137} INFO - [2025-02-01T02:50:07.419+0000] {dagbag.py:538} INFO - Filling up the DagBag from /home/airflow/.local/lib/python3.7/site-packages/airflow/example_dags/example_branch_python_dop_operator_3.py
[2025-02-01T02:50:07.477+0000] {processor.py:753} INFO - DAG(s) dict_keys(['example_branch_dop_operator_v3']) retrieved from /home/airflow/.local/lib/python3.7/site-packages/airflow/example_dags/example_branch_python_dop_operator_3.py
[2025-02-01T02:50:07.536+0000] {logging_mixin.py:137} INFO - [2025-02-01T02:50:07.536+0000] {dag.py:2690} INFO - Sync 1 DAGs
[2025-02-01T02:50:07.647+0000] {logging_mixin.py:137} INFO - [2025-02-01T02:50:07.646+0000] {dag.py:3441} INFO - Setting next_dagrun for example_branch_dop_operator_v3 to 2025-02-01T02:49:00+00:00, run_after=2025-02-01T02:50:00+00:00
[2025-02-01T02:50:07.708+0000] {processor.py:175} INFO - Processing /home/airflow/.local/lib/python3.7/site-packages/airflow/example_dags/example_branch_python_dop_operator_3.py took 0.299 seconds
[2025-02-01T02:50:37.865+0000] {processor.py:153} INFO - Started process (PID=1191) to work on /home/airflow/.local/lib/python3.7/site-packages/airflow/example_dags/example_branch_python_dop_operator_3.py
[2025-02-01T02:50:37.867+0000] {processor.py:743} INFO - Processing file /home/airflow/.local/lib/python3.7/site-packages/airflow/example_dags/example_branch_python_dop_operator_3.py for tasks to queue
[2025-02-01T02:50:37.869+0000] {logging_mixin.py:137} INFO - [2025-02-01T02:50:37.869+0000] {dagbag.py:538} INFO - Filling up the DagBag from /home/airflow/.local/lib/python3.7/site-packages/airflow/example_dags/example_branch_python_dop_operator_3.py
[2025-02-01T02:50:37.930+0000] {processor.py:753} INFO - DAG(s) dict_keys(['example_branch_dop_operator_v3']) retrieved from /home/airflow/.local/lib/python3.7/site-packages/airflow/example_dags/example_branch_python_dop_operator_3.py
[2025-02-01T02:50:38.001+0000] {logging_mixin.py:137} INFO - [2025-02-01T02:50:38.001+0000] {dag.py:2690} INFO - Sync 1 DAGs
[2025-02-01T02:50:38.169+0000] {logging_mixin.py:137} INFO - [2025-02-01T02:50:38.168+0000] {dag.py:3441} INFO - Setting next_dagrun for example_branch_dop_operator_v3 to 2025-02-01T02:49:00+00:00, run_after=2025-02-01T02:50:00+00:00
[2025-02-01T02:50:38.242+0000] {processor.py:175} INFO - Processing /home/airflow/.local/lib/python3.7/site-packages/airflow/example_dags/example_branch_python_dop_operator_3.py took 0.385 seconds
[2025-02-01T02:51:09.195+0000] {processor.py:153} INFO - Started process (PID=1249) to work on /home/airflow/.local/lib/python3.7/site-packages/airflow/example_dags/example_branch_python_dop_operator_3.py
[2025-02-01T02:51:09.210+0000] {processor.py:743} INFO - Processing file /home/airflow/.local/lib/python3.7/site-packages/airflow/example_dags/example_branch_python_dop_operator_3.py for tasks to queue
[2025-02-01T02:51:09.213+0000] {logging_mixin.py:137} INFO - [2025-02-01T02:51:09.212+0000] {dagbag.py:538} INFO - Filling up the DagBag from /home/airflow/.local/lib/python3.7/site-packages/airflow/example_dags/example_branch_python_dop_operator_3.py
[2025-02-01T02:51:09.460+0000] {processor.py:753} INFO - DAG(s) dict_keys(['example_branch_dop_operator_v3']) retrieved from /home/airflow/.local/lib/python3.7/site-packages/airflow/example_dags/example_branch_python_dop_operator_3.py
[2025-02-01T02:51:09.642+0000] {logging_mixin.py:137} INFO - [2025-02-01T02:51:09.637+0000] {dag.py:2690} INFO - Sync 1 DAGs
[2025-02-01T02:51:09.890+0000] {logging_mixin.py:137} INFO - [2025-02-01T02:51:09.889+0000] {dag.py:3441} INFO - Setting next_dagrun for example_branch_dop_operator_v3 to 2025-02-01T02:50:00+00:00, run_after=2025-02-01T02:51:00+00:00
[2025-02-01T02:51:09.997+0000] {processor.py:175} INFO - Processing /home/airflow/.local/lib/python3.7/site-packages/airflow/example_dags/example_branch_python_dop_operator_3.py took 0.834 seconds
[2025-02-01T02:51:40.274+0000] {processor.py:153} INFO - Started process (PID=1298) to work on /home/airflow/.local/lib/python3.7/site-packages/airflow/example_dags/example_branch_python_dop_operator_3.py
[2025-02-01T02:51:40.278+0000] {processor.py:743} INFO - Processing file /home/airflow/.local/lib/python3.7/site-packages/airflow/example_dags/example_branch_python_dop_operator_3.py for tasks to queue
[2025-02-01T02:51:40.292+0000] {logging_mixin.py:137} INFO - [2025-02-01T02:51:40.292+0000] {dagbag.py:538} INFO - Filling up the DagBag from /home/airflow/.local/lib/python3.7/site-packages/airflow/example_dags/example_branch_python_dop_operator_3.py
[2025-02-01T02:51:40.435+0000] {processor.py:753} INFO - DAG(s) dict_keys(['example_branch_dop_operator_v3']) retrieved from /home/airflow/.local/lib/python3.7/site-packages/airflow/example_dags/example_branch_python_dop_operator_3.py
[2025-02-01T02:51:40.570+0000] {logging_mixin.py:137} INFO - [2025-02-01T02:51:40.570+0000] {dag.py:2690} INFO - Sync 1 DAGs
[2025-02-01T02:51:40.739+0000] {logging_mixin.py:137} INFO - [2025-02-01T02:51:40.738+0000] {dag.py:3441} INFO - Setting next_dagrun for example_branch_dop_operator_v3 to 2025-02-01T02:50:00+00:00, run_after=2025-02-01T02:51:00+00:00
[2025-02-01T02:51:40.813+0000] {processor.py:175} INFO - Processing /home/airflow/.local/lib/python3.7/site-packages/airflow/example_dags/example_branch_python_dop_operator_3.py took 0.593 seconds
[2025-02-01T02:52:11.142+0000] {processor.py:153} INFO - Started process (PID=1356) to work on /home/airflow/.local/lib/python3.7/site-packages/airflow/example_dags/example_branch_python_dop_operator_3.py
[2025-02-01T02:52:11.148+0000] {processor.py:743} INFO - Processing file /home/airflow/.local/lib/python3.7/site-packages/airflow/example_dags/example_branch_python_dop_operator_3.py for tasks to queue
[2025-02-01T02:52:11.151+0000] {logging_mixin.py:137} INFO - [2025-02-01T02:52:11.151+0000] {dagbag.py:538} INFO - Filling up the DagBag from /home/airflow/.local/lib/python3.7/site-packages/airflow/example_dags/example_branch_python_dop_operator_3.py
[2025-02-01T02:52:11.467+0000] {processor.py:753} INFO - DAG(s) dict_keys(['example_branch_dop_operator_v3']) retrieved from /home/airflow/.local/lib/python3.7/site-packages/airflow/example_dags/example_branch_python_dop_operator_3.py
[2025-02-01T02:52:11.676+0000] {logging_mixin.py:137} INFO - [2025-02-01T02:52:11.676+0000] {dag.py:2690} INFO - Sync 1 DAGs
[2025-02-01T02:52:11.920+0000] {logging_mixin.py:137} INFO - [2025-02-01T02:52:11.919+0000] {dag.py:3441} INFO - Setting next_dagrun for example_branch_dop_operator_v3 to 2025-02-01T02:51:00+00:00, run_after=2025-02-01T02:52:00+00:00
[2025-02-01T02:52:12.026+0000] {processor.py:175} INFO - Processing /home/airflow/.local/lib/python3.7/site-packages/airflow/example_dags/example_branch_python_dop_operator_3.py took 0.905 seconds
[2025-02-01T02:52:42.759+0000] {processor.py:153} INFO - Started process (PID=1416) to work on /home/airflow/.local/lib/python3.7/site-packages/airflow/example_dags/example_branch_python_dop_operator_3.py
[2025-02-01T02:52:42.764+0000] {processor.py:743} INFO - Processing file /home/airflow/.local/lib/python3.7/site-packages/airflow/example_dags/example_branch_python_dop_operator_3.py for tasks to queue
[2025-02-01T02:52:42.766+0000] {logging_mixin.py:137} INFO - [2025-02-01T02:52:42.766+0000] {dagbag.py:538} INFO - Filling up the DagBag from /home/airflow/.local/lib/python3.7/site-packages/airflow/example_dags/example_branch_python_dop_operator_3.py
[2025-02-01T02:52:43.055+0000] {processor.py:753} INFO - DAG(s) dict_keys(['example_branch_dop_operator_v3']) retrieved from /home/airflow/.local/lib/python3.7/site-packages/airflow/example_dags/example_branch_python_dop_operator_3.py
[2025-02-01T02:52:43.302+0000] {logging_mixin.py:137} INFO - [2025-02-01T02:52:43.302+0000] {dag.py:2690} INFO - Sync 1 DAGs
[2025-02-01T02:52:43.536+0000] {logging_mixin.py:137} INFO - [2025-02-01T02:52:43.536+0000] {dag.py:3441} INFO - Setting next_dagrun for example_branch_dop_operator_v3 to 2025-02-01T02:51:00+00:00, run_after=2025-02-01T02:52:00+00:00
[2025-02-01T02:52:43.668+0000] {processor.py:175} INFO - Processing /home/airflow/.local/lib/python3.7/site-packages/airflow/example_dags/example_branch_python_dop_operator_3.py took 0.931 seconds
[2025-02-01T02:53:14.049+0000] {processor.py:153} INFO - Started process (PID=1475) to work on /home/airflow/.local/lib/python3.7/site-packages/airflow/example_dags/example_branch_python_dop_operator_3.py
[2025-02-01T02:53:14.050+0000] {processor.py:743} INFO - Processing file /home/airflow/.local/lib/python3.7/site-packages/airflow/example_dags/example_branch_python_dop_operator_3.py for tasks to queue
[2025-02-01T02:53:14.054+0000] {logging_mixin.py:137} INFO - [2025-02-01T02:53:14.054+0000] {dagbag.py:538} INFO - Filling up the DagBag from /home/airflow/.local/lib/python3.7/site-packages/airflow/example_dags/example_branch_python_dop_operator_3.py
[2025-02-01T02:53:14.199+0000] {processor.py:753} INFO - DAG(s) dict_keys(['example_branch_dop_operator_v3']) retrieved from /home/airflow/.local/lib/python3.7/site-packages/airflow/example_dags/example_branch_python_dop_operator_3.py
[2025-02-01T02:53:14.330+0000] {logging_mixin.py:137} INFO - [2025-02-01T02:53:14.330+0000] {dag.py:2690} INFO - Sync 1 DAGs
[2025-02-01T02:53:14.534+0000] {logging_mixin.py:137} INFO - [2025-02-01T02:53:14.534+0000] {dag.py:3441} INFO - Setting next_dagrun for example_branch_dop_operator_v3 to 2025-02-01T02:52:00+00:00, run_after=2025-02-01T02:53:00+00:00
[2025-02-01T02:53:14.625+0000] {processor.py:175} INFO - Processing /home/airflow/.local/lib/python3.7/site-packages/airflow/example_dags/example_branch_python_dop_operator_3.py took 0.594 seconds
[2025-02-01T02:53:44.839+0000] {processor.py:153} INFO - Started process (PID=1534) to work on /home/airflow/.local/lib/python3.7/site-packages/airflow/example_dags/example_branch_python_dop_operator_3.py
[2025-02-01T02:53:44.841+0000] {processor.py:743} INFO - Processing file /home/airflow/.local/lib/python3.7/site-packages/airflow/example_dags/example_branch_python_dop_operator_3.py for tasks to queue
[2025-02-01T02:53:44.842+0000] {logging_mixin.py:137} INFO - [2025-02-01T02:53:44.842+0000] {dagbag.py:538} INFO - Filling up the DagBag from /home/airflow/.local/lib/python3.7/site-packages/airflow/example_dags/example_branch_python_dop_operator_3.py
[2025-02-01T02:53:44.915+0000] {processor.py:753} INFO - DAG(s) dict_keys(['example_branch_dop_operator_v3']) retrieved from /home/airflow/.local/lib/python3.7/site-packages/airflow/example_dags/example_branch_python_dop_operator_3.py
[2025-02-01T02:53:44.970+0000] {logging_mixin.py:137} INFO - [2025-02-01T02:53:44.970+0000] {dag.py:2690} INFO - Sync 1 DAGs
[2025-02-01T02:53:45.133+0000] {logging_mixin.py:137} INFO - [2025-02-01T02:53:45.133+0000] {dag.py:3441} INFO - Setting next_dagrun for example_branch_dop_operator_v3 to 2025-02-01T02:52:00+00:00, run_after=2025-02-01T02:53:00+00:00
[2025-02-01T02:53:45.204+0000] {processor.py:175} INFO - Processing /home/airflow/.local/lib/python3.7/site-packages/airflow/example_dags/example_branch_python_dop_operator_3.py took 0.372 seconds
[2025-02-01T02:54:15.883+0000] {processor.py:153} INFO - Started process (PID=1591) to work on /home/airflow/.local/lib/python3.7/site-packages/airflow/example_dags/example_branch_python_dop_operator_3.py
[2025-02-01T02:54:15.887+0000] {processor.py:743} INFO - Processing file /home/airflow/.local/lib/python3.7/site-packages/airflow/example_dags/example_branch_python_dop_operator_3.py for tasks to queue
[2025-02-01T02:54:15.890+0000] {logging_mixin.py:137} INFO - [2025-02-01T02:54:15.889+0000] {dagbag.py:538} INFO - Filling up the DagBag from /home/airflow/.local/lib/python3.7/site-packages/airflow/example_dags/example_branch_python_dop_operator_3.py
[2025-02-01T02:54:15.959+0000] {processor.py:753} INFO - DAG(s) dict_keys(['example_branch_dop_operator_v3']) retrieved from /home/airflow/.local/lib/python3.7/site-packages/airflow/example_dags/example_branch_python_dop_operator_3.py
[2025-02-01T02:54:16.035+0000] {logging_mixin.py:137} INFO - [2025-02-01T02:54:16.034+0000] {dag.py:2690} INFO - Sync 1 DAGs
[2025-02-01T02:54:16.216+0000] {logging_mixin.py:137} INFO - [2025-02-01T02:54:16.215+0000] {dag.py:3441} INFO - Setting next_dagrun for example_branch_dop_operator_v3 to 2025-02-01T02:53:00+00:00, run_after=2025-02-01T02:54:00+00:00
[2025-02-01T02:54:16.348+0000] {processor.py:175} INFO - Processing /home/airflow/.local/lib/python3.7/site-packages/airflow/example_dags/example_branch_python_dop_operator_3.py took 0.478 seconds
[2025-02-01T02:54:46.474+0000] {processor.py:153} INFO - Started process (PID=1642) to work on /home/airflow/.local/lib/python3.7/site-packages/airflow/example_dags/example_branch_python_dop_operator_3.py
[2025-02-01T02:54:46.548+0000] {processor.py:743} INFO - Processing file /home/airflow/.local/lib/python3.7/site-packages/airflow/example_dags/example_branch_python_dop_operator_3.py for tasks to queue
[2025-02-01T02:54:46.553+0000] {logging_mixin.py:137} INFO - [2025-02-01T02:54:46.553+0000] {dagbag.py:538} INFO - Filling up the DagBag from /home/airflow/.local/lib/python3.7/site-packages/airflow/example_dags/example_branch_python_dop_operator_3.py
[2025-02-01T02:54:46.745+0000] {processor.py:753} INFO - DAG(s) dict_keys(['example_branch_dop_operator_v3']) retrieved from /home/airflow/.local/lib/python3.7/site-packages/airflow/example_dags/example_branch_python_dop_operator_3.py
[2025-02-01T02:54:46.892+0000] {logging_mixin.py:137} INFO - [2025-02-01T02:54:46.892+0000] {dag.py:2690} INFO - Sync 1 DAGs
[2025-02-01T02:54:47.036+0000] {logging_mixin.py:137} INFO - [2025-02-01T02:54:47.036+0000] {dag.py:3441} INFO - Setting next_dagrun for example_branch_dop_operator_v3 to 2025-02-01T02:53:00+00:00, run_after=2025-02-01T02:54:00+00:00
[2025-02-01T02:54:47.185+0000] {processor.py:175} INFO - Processing /home/airflow/.local/lib/python3.7/site-packages/airflow/example_dags/example_branch_python_dop_operator_3.py took 0.733 seconds
[2025-02-01T02:55:17.383+0000] {processor.py:153} INFO - Started process (PID=1701) to work on /home/airflow/.local/lib/python3.7/site-packages/airflow/example_dags/example_branch_python_dop_operator_3.py
[2025-02-01T02:55:17.389+0000] {processor.py:743} INFO - Processing file /home/airflow/.local/lib/python3.7/site-packages/airflow/example_dags/example_branch_python_dop_operator_3.py for tasks to queue
[2025-02-01T02:55:17.394+0000] {logging_mixin.py:137} INFO - [2025-02-01T02:55:17.394+0000] {dagbag.py:538} INFO - Filling up the DagBag from /home/airflow/.local/lib/python3.7/site-packages/airflow/example_dags/example_branch_python_dop_operator_3.py
[2025-02-01T02:55:17.640+0000] {processor.py:753} INFO - DAG(s) dict_keys(['example_branch_dop_operator_v3']) retrieved from /home/airflow/.local/lib/python3.7/site-packages/airflow/example_dags/example_branch_python_dop_operator_3.py
[2025-02-01T02:55:17.747+0000] {logging_mixin.py:137} INFO - [2025-02-01T02:55:17.746+0000] {dag.py:2690} INFO - Sync 1 DAGs
[2025-02-01T02:55:17.867+0000] {logging_mixin.py:137} INFO - [2025-02-01T02:55:17.866+0000] {dag.py:3441} INFO - Setting next_dagrun for example_branch_dop_operator_v3 to 2025-02-01T02:54:00+00:00, run_after=2025-02-01T02:55:00+00:00
[2025-02-01T02:55:18.084+0000] {processor.py:175} INFO - Processing /home/airflow/.local/lib/python3.7/site-packages/airflow/example_dags/example_branch_python_dop_operator_3.py took 0.727 seconds
[2025-02-01T02:55:48.452+0000] {processor.py:153} INFO - Started process (PID=1759) to work on /home/airflow/.local/lib/python3.7/site-packages/airflow/example_dags/example_branch_python_dop_operator_3.py
[2025-02-01T02:55:48.454+0000] {processor.py:743} INFO - Processing file /home/airflow/.local/lib/python3.7/site-packages/airflow/example_dags/example_branch_python_dop_operator_3.py for tasks to queue
[2025-02-01T02:55:48.455+0000] {logging_mixin.py:137} INFO - [2025-02-01T02:55:48.455+0000] {dagbag.py:538} INFO - Filling up the DagBag from /home/airflow/.local/lib/python3.7/site-packages/airflow/example_dags/example_branch_python_dop_operator_3.py
[2025-02-01T02:55:48.516+0000] {processor.py:753} INFO - DAG(s) dict_keys(['example_branch_dop_operator_v3']) retrieved from /home/airflow/.local/lib/python3.7/site-packages/airflow/example_dags/example_branch_python_dop_operator_3.py
[2025-02-01T02:55:48.573+0000] {logging_mixin.py:137} INFO - [2025-02-01T02:55:48.572+0000] {dag.py:2690} INFO - Sync 1 DAGs
[2025-02-01T02:55:48.652+0000] {logging_mixin.py:137} INFO - [2025-02-01T02:55:48.652+0000] {dag.py:3441} INFO - Setting next_dagrun for example_branch_dop_operator_v3 to 2025-02-01T02:54:00+00:00, run_after=2025-02-01T02:55:00+00:00
[2025-02-01T02:55:48.706+0000] {processor.py:175} INFO - Processing /home/airflow/.local/lib/python3.7/site-packages/airflow/example_dags/example_branch_python_dop_operator_3.py took 0.263 seconds
[2025-02-01T02:56:19.018+0000] {processor.py:153} INFO - Started process (PID=1818) to work on /home/airflow/.local/lib/python3.7/site-packages/airflow/example_dags/example_branch_python_dop_operator_3.py
[2025-02-01T02:56:19.021+0000] {processor.py:743} INFO - Processing file /home/airflow/.local/lib/python3.7/site-packages/airflow/example_dags/example_branch_python_dop_operator_3.py for tasks to queue
[2025-02-01T02:56:19.026+0000] {logging_mixin.py:137} INFO - [2025-02-01T02:56:19.023+0000] {dagbag.py:538} INFO - Filling up the DagBag from /home/airflow/.local/lib/python3.7/site-packages/airflow/example_dags/example_branch_python_dop_operator_3.py
[2025-02-01T02:56:19.090+0000] {processor.py:753} INFO - DAG(s) dict_keys(['example_branch_dop_operator_v3']) retrieved from /home/airflow/.local/lib/python3.7/site-packages/airflow/example_dags/example_branch_python_dop_operator_3.py
[2025-02-01T02:56:19.161+0000] {logging_mixin.py:137} INFO - [2025-02-01T02:56:19.160+0000] {dag.py:2690} INFO - Sync 1 DAGs
[2025-02-01T02:56:19.242+0000] {logging_mixin.py:137} INFO - [2025-02-01T02:56:19.242+0000] {dag.py:3441} INFO - Setting next_dagrun for example_branch_dop_operator_v3 to 2025-02-01T02:55:00+00:00, run_after=2025-02-01T02:56:00+00:00
[2025-02-01T02:56:19.289+0000] {processor.py:175} INFO - Processing /home/airflow/.local/lib/python3.7/site-packages/airflow/example_dags/example_branch_python_dop_operator_3.py took 0.287 seconds
[2025-02-01T02:56:49.634+0000] {processor.py:153} INFO - Started process (PID=1876) to work on /home/airflow/.local/lib/python3.7/site-packages/airflow/example_dags/example_branch_python_dop_operator_3.py
[2025-02-01T02:56:49.638+0000] {processor.py:743} INFO - Processing file /home/airflow/.local/lib/python3.7/site-packages/airflow/example_dags/example_branch_python_dop_operator_3.py for tasks to queue
[2025-02-01T02:56:49.642+0000] {logging_mixin.py:137} INFO - [2025-02-01T02:56:49.640+0000] {dagbag.py:538} INFO - Filling up the DagBag from /home/airflow/.local/lib/python3.7/site-packages/airflow/example_dags/example_branch_python_dop_operator_3.py
[2025-02-01T02:56:49.757+0000] {processor.py:753} INFO - DAG(s) dict_keys(['example_branch_dop_operator_v3']) retrieved from /home/airflow/.local/lib/python3.7/site-packages/airflow/example_dags/example_branch_python_dop_operator_3.py
[2025-02-01T02:56:49.877+0000] {logging_mixin.py:137} INFO - [2025-02-01T02:56:49.876+0000] {dag.py:2690} INFO - Sync 1 DAGs
[2025-02-01T02:56:49.970+0000] {logging_mixin.py:137} INFO - [2025-02-01T02:56:49.970+0000] {dag.py:3441} INFO - Setting next_dagrun for example_branch_dop_operator_v3 to 2025-02-01T02:55:00+00:00, run_after=2025-02-01T02:56:00+00:00
[2025-02-01T02:56:50.026+0000] {processor.py:175} INFO - Processing /home/airflow/.local/lib/python3.7/site-packages/airflow/example_dags/example_branch_python_dop_operator_3.py took 0.404 seconds
[2025-02-01T02:57:20.501+0000] {processor.py:153} INFO - Started process (PID=1926) to work on /home/airflow/.local/lib/python3.7/site-packages/airflow/example_dags/example_branch_python_dop_operator_3.py
[2025-02-01T02:57:20.503+0000] {processor.py:743} INFO - Processing file /home/airflow/.local/lib/python3.7/site-packages/airflow/example_dags/example_branch_python_dop_operator_3.py for tasks to queue
[2025-02-01T02:57:20.504+0000] {logging_mixin.py:137} INFO - [2025-02-01T02:57:20.504+0000] {dagbag.py:538} INFO - Filling up the DagBag from /home/airflow/.local/lib/python3.7/site-packages/airflow/example_dags/example_branch_python_dop_operator_3.py
[2025-02-01T02:57:20.563+0000] {processor.py:753} INFO - DAG(s) dict_keys(['example_branch_dop_operator_v3']) retrieved from /home/airflow/.local/lib/python3.7/site-packages/airflow/example_dags/example_branch_python_dop_operator_3.py
[2025-02-01T02:57:20.624+0000] {logging_mixin.py:137} INFO - [2025-02-01T02:57:20.623+0000] {dag.py:2690} INFO - Sync 1 DAGs
[2025-02-01T02:57:20.713+0000] {logging_mixin.py:137} INFO - [2025-02-01T02:57:20.713+0000] {dag.py:3441} INFO - Setting next_dagrun for example_branch_dop_operator_v3 to 2025-02-01T02:56:00+00:00, run_after=2025-02-01T02:57:00+00:00
[2025-02-01T02:57:20.759+0000] {processor.py:175} INFO - Processing /home/airflow/.local/lib/python3.7/site-packages/airflow/example_dags/example_branch_python_dop_operator_3.py took 0.267 seconds
[2025-02-01T02:57:51.363+0000] {processor.py:153} INFO - Started process (PID=1985) to work on /home/airflow/.local/lib/python3.7/site-packages/airflow/example_dags/example_branch_python_dop_operator_3.py
[2025-02-01T02:57:51.373+0000] {processor.py:743} INFO - Processing file /home/airflow/.local/lib/python3.7/site-packages/airflow/example_dags/example_branch_python_dop_operator_3.py for tasks to queue
[2025-02-01T02:57:51.385+0000] {logging_mixin.py:137} INFO - [2025-02-01T02:57:51.375+0000] {dagbag.py:538} INFO - Filling up the DagBag from /home/airflow/.local/lib/python3.7/site-packages/airflow/example_dags/example_branch_python_dop_operator_3.py
[2025-02-01T02:57:51.610+0000] {processor.py:753} INFO - DAG(s) dict_keys(['example_branch_dop_operator_v3']) retrieved from /home/airflow/.local/lib/python3.7/site-packages/airflow/example_dags/example_branch_python_dop_operator_3.py
[2025-02-01T02:57:51.886+0000] {logging_mixin.py:137} INFO - [2025-02-01T02:57:51.886+0000] {dag.py:2690} INFO - Sync 1 DAGs
[2025-02-01T02:57:52.056+0000] {logging_mixin.py:137} INFO - [2025-02-01T02:57:52.055+0000] {dag.py:3441} INFO - Setting next_dagrun for example_branch_dop_operator_v3 to 2025-02-01T02:56:00+00:00, run_after=2025-02-01T02:57:00+00:00
[2025-02-01T02:57:52.134+0000] {processor.py:175} INFO - Processing /home/airflow/.local/lib/python3.7/site-packages/airflow/example_dags/example_branch_python_dop_operator_3.py took 0.820 seconds
[2025-02-01T02:58:22.451+0000] {processor.py:153} INFO - Started process (PID=2041) to work on /home/airflow/.local/lib/python3.7/site-packages/airflow/example_dags/example_branch_python_dop_operator_3.py
[2025-02-01T02:58:22.454+0000] {processor.py:743} INFO - Processing file /home/airflow/.local/lib/python3.7/site-packages/airflow/example_dags/example_branch_python_dop_operator_3.py for tasks to queue
[2025-02-01T02:58:22.456+0000] {logging_mixin.py:137} INFO - [2025-02-01T02:58:22.455+0000] {dagbag.py:538} INFO - Filling up the DagBag from /home/airflow/.local/lib/python3.7/site-packages/airflow/example_dags/example_branch_python_dop_operator_3.py
[2025-02-01T02:58:22.740+0000] {processor.py:753} INFO - DAG(s) dict_keys(['example_branch_dop_operator_v3']) retrieved from /home/airflow/.local/lib/python3.7/site-packages/airflow/example_dags/example_branch_python_dop_operator_3.py
[2025-02-01T02:58:23.096+0000] {logging_mixin.py:137} INFO - [2025-02-01T02:58:23.095+0000] {dag.py:2690} INFO - Sync 1 DAGs
[2025-02-01T02:58:23.559+0000] {logging_mixin.py:137} INFO - [2025-02-01T02:58:23.558+0000] {dag.py:3441} INFO - Setting next_dagrun for example_branch_dop_operator_v3 to 2025-02-01T02:57:00+00:00, run_after=2025-02-01T02:58:00+00:00
[2025-02-01T02:58:23.800+0000] {processor.py:175} INFO - Processing /home/airflow/.local/lib/python3.7/site-packages/airflow/example_dags/example_branch_python_dop_operator_3.py took 1.389 seconds
[2025-02-01T02:58:54.701+0000] {processor.py:153} INFO - Started process (PID=2093) to work on /home/airflow/.local/lib/python3.7/site-packages/airflow/example_dags/example_branch_python_dop_operator_3.py
[2025-02-01T02:58:54.705+0000] {processor.py:743} INFO - Processing file /home/airflow/.local/lib/python3.7/site-packages/airflow/example_dags/example_branch_python_dop_operator_3.py for tasks to queue
[2025-02-01T02:58:54.706+0000] {logging_mixin.py:137} INFO - [2025-02-01T02:58:54.706+0000] {dagbag.py:538} INFO - Filling up the DagBag from /home/airflow/.local/lib/python3.7/site-packages/airflow/example_dags/example_branch_python_dop_operator_3.py
[2025-02-01T02:58:54.868+0000] {processor.py:753} INFO - DAG(s) dict_keys(['example_branch_dop_operator_v3']) retrieved from /home/airflow/.local/lib/python3.7/site-packages/airflow/example_dags/example_branch_python_dop_operator_3.py
[2025-02-01T02:58:54.935+0000] {logging_mixin.py:137} INFO - [2025-02-01T02:58:54.934+0000] {dag.py:2690} INFO - Sync 1 DAGs
[2025-02-01T02:58:55.014+0000] {logging_mixin.py:137} INFO - [2025-02-01T02:58:55.013+0000] {dag.py:3441} INFO - Setting next_dagrun for example_branch_dop_operator_v3 to 2025-02-01T02:57:00+00:00, run_after=2025-02-01T02:58:00+00:00
[2025-02-01T02:58:55.064+0000] {processor.py:175} INFO - Processing /home/airflow/.local/lib/python3.7/site-packages/airflow/example_dags/example_branch_python_dop_operator_3.py took 0.377 seconds
[2025-02-01T02:59:25.369+0000] {processor.py:153} INFO - Started process (PID=2152) to work on /home/airflow/.local/lib/python3.7/site-packages/airflow/example_dags/example_branch_python_dop_operator_3.py
[2025-02-01T02:59:25.371+0000] {processor.py:743} INFO - Processing file /home/airflow/.local/lib/python3.7/site-packages/airflow/example_dags/example_branch_python_dop_operator_3.py for tasks to queue
[2025-02-01T02:59:25.374+0000] {logging_mixin.py:137} INFO - [2025-02-01T02:59:25.373+0000] {dagbag.py:538} INFO - Filling up the DagBag from /home/airflow/.local/lib/python3.7/site-packages/airflow/example_dags/example_branch_python_dop_operator_3.py
[2025-02-01T02:59:25.439+0000] {processor.py:753} INFO - DAG(s) dict_keys(['example_branch_dop_operator_v3']) retrieved from /home/airflow/.local/lib/python3.7/site-packages/airflow/example_dags/example_branch_python_dop_operator_3.py
[2025-02-01T02:59:25.529+0000] {logging_mixin.py:137} INFO - [2025-02-01T02:59:25.529+0000] {dag.py:2690} INFO - Sync 1 DAGs
[2025-02-01T02:59:25.608+0000] {logging_mixin.py:137} INFO - [2025-02-01T02:59:25.607+0000] {dag.py:3441} INFO - Setting next_dagrun for example_branch_dop_operator_v3 to 2025-02-01T02:58:00+00:00, run_after=2025-02-01T02:59:00+00:00
[2025-02-01T02:59:25.653+0000] {processor.py:175} INFO - Processing /home/airflow/.local/lib/python3.7/site-packages/airflow/example_dags/example_branch_python_dop_operator_3.py took 0.297 seconds
[2025-02-01T02:59:55.802+0000] {processor.py:153} INFO - Started process (PID=2210) to work on /home/airflow/.local/lib/python3.7/site-packages/airflow/example_dags/example_branch_python_dop_operator_3.py
[2025-02-01T02:59:55.804+0000] {processor.py:743} INFO - Processing file /home/airflow/.local/lib/python3.7/site-packages/airflow/example_dags/example_branch_python_dop_operator_3.py for tasks to queue
[2025-02-01T02:59:55.805+0000] {logging_mixin.py:137} INFO - [2025-02-01T02:59:55.805+0000] {dagbag.py:538} INFO - Filling up the DagBag from /home/airflow/.local/lib/python3.7/site-packages/airflow/example_dags/example_branch_python_dop_operator_3.py
[2025-02-01T02:59:55.877+0000] {processor.py:753} INFO - DAG(s) dict_keys(['example_branch_dop_operator_v3']) retrieved from /home/airflow/.local/lib/python3.7/site-packages/airflow/example_dags/example_branch_python_dop_operator_3.py
[2025-02-01T02:59:55.937+0000] {logging_mixin.py:137} INFO - [2025-02-01T02:59:55.937+0000] {dag.py:2690} INFO - Sync 1 DAGs
[2025-02-01T02:59:56.060+0000] {logging_mixin.py:137} INFO - [2025-02-01T02:59:56.060+0000] {dag.py:3441} INFO - Setting next_dagrun for example_branch_dop_operator_v3 to 2025-02-01T02:58:00+00:00, run_after=2025-02-01T02:59:00+00:00
[2025-02-01T02:59:56.108+0000] {processor.py:175} INFO - Processing /home/airflow/.local/lib/python3.7/site-packages/airflow/example_dags/example_branch_python_dop_operator_3.py took 0.315 seconds
[2025-02-01T03:00:27.334+0000] {processor.py:153} INFO - Started process (PID=2259) to work on /home/airflow/.local/lib/python3.7/site-packages/airflow/example_dags/example_branch_python_dop_operator_3.py
[2025-02-01T03:00:27.339+0000] {processor.py:743} INFO - Processing file /home/airflow/.local/lib/python3.7/site-packages/airflow/example_dags/example_branch_python_dop_operator_3.py for tasks to queue
[2025-02-01T03:00:27.355+0000] {logging_mixin.py:137} INFO - [2025-02-01T03:00:27.354+0000] {dagbag.py:538} INFO - Filling up the DagBag from /home/airflow/.local/lib/python3.7/site-packages/airflow/example_dags/example_branch_python_dop_operator_3.py
[2025-02-01T03:00:27.765+0000] {processor.py:753} INFO - DAG(s) dict_keys(['example_branch_dop_operator_v3']) retrieved from /home/airflow/.local/lib/python3.7/site-packages/airflow/example_dags/example_branch_python_dop_operator_3.py
[2025-02-01T03:00:28.034+0000] {logging_mixin.py:137} INFO - [2025-02-01T03:00:28.034+0000] {dag.py:2690} INFO - Sync 1 DAGs
[2025-02-01T03:00:28.426+0000] {logging_mixin.py:137} INFO - [2025-02-01T03:00:28.426+0000] {dag.py:3441} INFO - Setting next_dagrun for example_branch_dop_operator_v3 to 2025-02-01T02:59:00+00:00, run_after=2025-02-01T03:00:00+00:00
[2025-02-01T03:00:28.686+0000] {processor.py:175} INFO - Processing /home/airflow/.local/lib/python3.7/site-packages/airflow/example_dags/example_branch_python_dop_operator_3.py took 1.414 seconds
[2025-02-01T03:00:59.476+0000] {processor.py:153} INFO - Started process (PID=2318) to work on /home/airflow/.local/lib/python3.7/site-packages/airflow/example_dags/example_branch_python_dop_operator_3.py
[2025-02-01T03:00:59.480+0000] {processor.py:743} INFO - Processing file /home/airflow/.local/lib/python3.7/site-packages/airflow/example_dags/example_branch_python_dop_operator_3.py for tasks to queue
[2025-02-01T03:00:59.482+0000] {logging_mixin.py:137} INFO - [2025-02-01T03:00:59.482+0000] {dagbag.py:538} INFO - Filling up the DagBag from /home/airflow/.local/lib/python3.7/site-packages/airflow/example_dags/example_branch_python_dop_operator_3.py
[2025-02-01T03:00:59.584+0000] {processor.py:753} INFO - DAG(s) dict_keys(['example_branch_dop_operator_v3']) retrieved from /home/airflow/.local/lib/python3.7/site-packages/airflow/example_dags/example_branch_python_dop_operator_3.py
[2025-02-01T03:00:59.657+0000] {logging_mixin.py:137} INFO - [2025-02-01T03:00:59.657+0000] {dag.py:2690} INFO - Sync 1 DAGs
[2025-02-01T03:00:59.815+0000] {logging_mixin.py:137} INFO - [2025-02-01T03:00:59.815+0000] {dag.py:3441} INFO - Setting next_dagrun for example_branch_dop_operator_v3 to 2025-02-01T02:59:00+00:00, run_after=2025-02-01T03:00:00+00:00
[2025-02-01T03:00:59.974+0000] {processor.py:175} INFO - Processing /home/airflow/.local/lib/python3.7/site-packages/airflow/example_dags/example_branch_python_dop_operator_3.py took 0.512 seconds
[2025-02-01T03:01:30.283+0000] {processor.py:153} INFO - Started process (PID=2377) to work on /home/airflow/.local/lib/python3.7/site-packages/airflow/example_dags/example_branch_python_dop_operator_3.py
[2025-02-01T03:01:30.284+0000] {processor.py:743} INFO - Processing file /home/airflow/.local/lib/python3.7/site-packages/airflow/example_dags/example_branch_python_dop_operator_3.py for tasks to queue
[2025-02-01T03:01:30.286+0000] {logging_mixin.py:137} INFO - [2025-02-01T03:01:30.285+0000] {dagbag.py:538} INFO - Filling up the DagBag from /home/airflow/.local/lib/python3.7/site-packages/airflow/example_dags/example_branch_python_dop_operator_3.py
[2025-02-01T03:01:30.345+0000] {processor.py:753} INFO - DAG(s) dict_keys(['example_branch_dop_operator_v3']) retrieved from /home/airflow/.local/lib/python3.7/site-packages/airflow/example_dags/example_branch_python_dop_operator_3.py
[2025-02-01T03:01:30.406+0000] {logging_mixin.py:137} INFO - [2025-02-01T03:01:30.406+0000] {dag.py:2690} INFO - Sync 1 DAGs
[2025-02-01T03:01:30.486+0000] {logging_mixin.py:137} INFO - [2025-02-01T03:01:30.486+0000] {dag.py:3441} INFO - Setting next_dagrun for example_branch_dop_operator_v3 to 2025-02-01T03:00:00+00:00, run_after=2025-02-01T03:01:00+00:00
[2025-02-01T03:01:30.532+0000] {processor.py:175} INFO - Processing /home/airflow/.local/lib/python3.7/site-packages/airflow/example_dags/example_branch_python_dop_operator_3.py took 0.258 seconds
[2025-02-01T03:02:01.257+0000] {processor.py:153} INFO - Started process (PID=2435) to work on /home/airflow/.local/lib/python3.7/site-packages/airflow/example_dags/example_branch_python_dop_operator_3.py
[2025-02-01T03:02:01.259+0000] {processor.py:743} INFO - Processing file /home/airflow/.local/lib/python3.7/site-packages/airflow/example_dags/example_branch_python_dop_operator_3.py for tasks to queue
[2025-02-01T03:02:01.265+0000] {logging_mixin.py:137} INFO - [2025-02-01T03:02:01.264+0000] {dagbag.py:538} INFO - Filling up the DagBag from /home/airflow/.local/lib/python3.7/site-packages/airflow/example_dags/example_branch_python_dop_operator_3.py
[2025-02-01T03:02:01.333+0000] {processor.py:753} INFO - DAG(s) dict_keys(['example_branch_dop_operator_v3']) retrieved from /home/airflow/.local/lib/python3.7/site-packages/airflow/example_dags/example_branch_python_dop_operator_3.py
[2025-02-01T03:02:01.392+0000] {logging_mixin.py:137} INFO - [2025-02-01T03:02:01.391+0000] {dag.py:2690} INFO - Sync 1 DAGs
[2025-02-01T03:02:01.475+0000] {logging_mixin.py:137} INFO - [2025-02-01T03:02:01.474+0000] {dag.py:3441} INFO - Setting next_dagrun for example_branch_dop_operator_v3 to 2025-02-01T03:01:00+00:00, run_after=2025-02-01T03:02:00+00:00
[2025-02-01T03:02:01.587+0000] {processor.py:175} INFO - Processing /home/airflow/.local/lib/python3.7/site-packages/airflow/example_dags/example_branch_python_dop_operator_3.py took 0.351 seconds
[2025-02-01T03:02:31.917+0000] {processor.py:153} INFO - Started process (PID=2491) to work on /home/airflow/.local/lib/python3.7/site-packages/airflow/example_dags/example_branch_python_dop_operator_3.py
[2025-02-01T03:02:31.920+0000] {processor.py:743} INFO - Processing file /home/airflow/.local/lib/python3.7/site-packages/airflow/example_dags/example_branch_python_dop_operator_3.py for tasks to queue
[2025-02-01T03:02:31.921+0000] {logging_mixin.py:137} INFO - [2025-02-01T03:02:31.921+0000] {dagbag.py:538} INFO - Filling up the DagBag from /home/airflow/.local/lib/python3.7/site-packages/airflow/example_dags/example_branch_python_dop_operator_3.py
[2025-02-01T03:02:31.991+0000] {processor.py:753} INFO - DAG(s) dict_keys(['example_branch_dop_operator_v3']) retrieved from /home/airflow/.local/lib/python3.7/site-packages/airflow/example_dags/example_branch_python_dop_operator_3.py
[2025-02-01T03:02:32.081+0000] {logging_mixin.py:137} INFO - [2025-02-01T03:02:32.080+0000] {dag.py:2690} INFO - Sync 1 DAGs
[2025-02-01T03:02:32.212+0000] {logging_mixin.py:137} INFO - [2025-02-01T03:02:32.212+0000] {dag.py:3441} INFO - Setting next_dagrun for example_branch_dop_operator_v3 to 2025-02-01T03:01:00+00:00, run_after=2025-02-01T03:02:00+00:00
[2025-02-01T03:02:32.288+0000] {processor.py:175} INFO - Processing /home/airflow/.local/lib/python3.7/site-packages/airflow/example_dags/example_branch_python_dop_operator_3.py took 0.386 seconds
[2025-02-01T03:03:02.963+0000] {processor.py:153} INFO - Started process (PID=2543) to work on /home/airflow/.local/lib/python3.7/site-packages/airflow/example_dags/example_branch_python_dop_operator_3.py
[2025-02-01T03:03:02.966+0000] {processor.py:743} INFO - Processing file /home/airflow/.local/lib/python3.7/site-packages/airflow/example_dags/example_branch_python_dop_operator_3.py for tasks to queue
[2025-02-01T03:03:02.970+0000] {logging_mixin.py:137} INFO - [2025-02-01T03:03:02.968+0000] {dagbag.py:538} INFO - Filling up the DagBag from /home/airflow/.local/lib/python3.7/site-packages/airflow/example_dags/example_branch_python_dop_operator_3.py
[2025-02-01T03:03:03.043+0000] {processor.py:753} INFO - DAG(s) dict_keys(['example_branch_dop_operator_v3']) retrieved from /home/airflow/.local/lib/python3.7/site-packages/airflow/example_dags/example_branch_python_dop_operator_3.py
[2025-02-01T03:03:03.103+0000] {logging_mixin.py:137} INFO - [2025-02-01T03:03:03.103+0000] {dag.py:2690} INFO - Sync 1 DAGs
[2025-02-01T03:03:03.182+0000] {logging_mixin.py:137} INFO - [2025-02-01T03:03:03.182+0000] {dag.py:3441} INFO - Setting next_dagrun for example_branch_dop_operator_v3 to 2025-02-01T03:02:00+00:00, run_after=2025-02-01T03:03:00+00:00
[2025-02-01T03:03:03.229+0000] {processor.py:175} INFO - Processing /home/airflow/.local/lib/python3.7/site-packages/airflow/example_dags/example_branch_python_dop_operator_3.py took 0.274 seconds
[2025-02-01T03:03:34.448+0000] {processor.py:153} INFO - Started process (PID=2602) to work on /home/airflow/.local/lib/python3.7/site-packages/airflow/example_dags/example_branch_python_dop_operator_3.py
[2025-02-01T03:03:34.455+0000] {processor.py:743} INFO - Processing file /home/airflow/.local/lib/python3.7/site-packages/airflow/example_dags/example_branch_python_dop_operator_3.py for tasks to queue
[2025-02-01T03:03:34.466+0000] {logging_mixin.py:137} INFO - [2025-02-01T03:03:34.466+0000] {dagbag.py:538} INFO - Filling up the DagBag from /home/airflow/.local/lib/python3.7/site-packages/airflow/example_dags/example_branch_python_dop_operator_3.py
[2025-02-01T03:03:34.874+0000] {processor.py:753} INFO - DAG(s) dict_keys(['example_branch_dop_operator_v3']) retrieved from /home/airflow/.local/lib/python3.7/site-packages/airflow/example_dags/example_branch_python_dop_operator_3.py
[2025-02-01T03:03:35.188+0000] {logging_mixin.py:137} INFO - [2025-02-01T03:03:35.187+0000] {dag.py:2690} INFO - Sync 1 DAGs
[2025-02-01T03:03:35.624+0000] {logging_mixin.py:137} INFO - [2025-02-01T03:03:35.624+0000] {dag.py:3441} INFO - Setting next_dagrun for example_branch_dop_operator_v3 to 2025-02-01T03:02:00+00:00, run_after=2025-02-01T03:03:00+00:00
[2025-02-01T03:03:35.875+0000] {processor.py:175} INFO - Processing /home/airflow/.local/lib/python3.7/site-packages/airflow/example_dags/example_branch_python_dop_operator_3.py took 1.481 seconds
[2025-02-01T03:04:06.123+0000] {processor.py:153} INFO - Started process (PID=2658) to work on /home/airflow/.local/lib/python3.7/site-packages/airflow/example_dags/example_branch_python_dop_operator_3.py
[2025-02-01T03:04:06.141+0000] {processor.py:743} INFO - Processing file /home/airflow/.local/lib/python3.7/site-packages/airflow/example_dags/example_branch_python_dop_operator_3.py for tasks to queue
[2025-02-01T03:04:06.151+0000] {logging_mixin.py:137} INFO - [2025-02-01T03:04:06.143+0000] {dagbag.py:538} INFO - Filling up the DagBag from /home/airflow/.local/lib/python3.7/site-packages/airflow/example_dags/example_branch_python_dop_operator_3.py
[2025-02-01T03:04:06.462+0000] {processor.py:753} INFO - DAG(s) dict_keys(['example_branch_dop_operator_v3']) retrieved from /home/airflow/.local/lib/python3.7/site-packages/airflow/example_dags/example_branch_python_dop_operator_3.py
[2025-02-01T03:04:06.585+0000] {logging_mixin.py:137} INFO - [2025-02-01T03:04:06.584+0000] {dag.py:2690} INFO - Sync 1 DAGs
[2025-02-01T03:04:06.762+0000] {logging_mixin.py:137} INFO - [2025-02-01T03:04:06.762+0000] {dag.py:3441} INFO - Setting next_dagrun for example_branch_dop_operator_v3 to 2025-02-01T03:03:00+00:00, run_after=2025-02-01T03:04:00+00:00
[2025-02-01T03:04:06.995+0000] {processor.py:175} INFO - Processing /home/airflow/.local/lib/python3.7/site-packages/airflow/example_dags/example_branch_python_dop_operator_3.py took 0.920 seconds
[2025-02-01T03:04:37.739+0000] {processor.py:153} INFO - Started process (PID=2709) to work on /home/airflow/.local/lib/python3.7/site-packages/airflow/example_dags/example_branch_python_dop_operator_3.py
[2025-02-01T03:04:37.742+0000] {processor.py:743} INFO - Processing file /home/airflow/.local/lib/python3.7/site-packages/airflow/example_dags/example_branch_python_dop_operator_3.py for tasks to queue
[2025-02-01T03:04:37.744+0000] {logging_mixin.py:137} INFO - [2025-02-01T03:04:37.744+0000] {dagbag.py:538} INFO - Filling up the DagBag from /home/airflow/.local/lib/python3.7/site-packages/airflow/example_dags/example_branch_python_dop_operator_3.py
[2025-02-01T03:04:37.800+0000] {processor.py:753} INFO - DAG(s) dict_keys(['example_branch_dop_operator_v3']) retrieved from /home/airflow/.local/lib/python3.7/site-packages/airflow/example_dags/example_branch_python_dop_operator_3.py
[2025-02-01T03:04:37.857+0000] {logging_mixin.py:137} INFO - [2025-02-01T03:04:37.857+0000] {dag.py:2690} INFO - Sync 1 DAGs
[2025-02-01T03:04:37.949+0000] {logging_mixin.py:137} INFO - [2025-02-01T03:04:37.949+0000] {dag.py:3441} INFO - Setting next_dagrun for example_branch_dop_operator_v3 to 2025-02-01T03:03:00+00:00, run_after=2025-02-01T03:04:00+00:00
[2025-02-01T03:04:38.029+0000] {processor.py:175} INFO - Processing /home/airflow/.local/lib/python3.7/site-packages/airflow/example_dags/example_branch_python_dop_operator_3.py took 0.302 seconds
[2025-02-01T03:05:08.614+0000] {processor.py:153} INFO - Started process (PID=2768) to work on /home/airflow/.local/lib/python3.7/site-packages/airflow/example_dags/example_branch_python_dop_operator_3.py
[2025-02-01T03:05:08.619+0000] {processor.py:743} INFO - Processing file /home/airflow/.local/lib/python3.7/site-packages/airflow/example_dags/example_branch_python_dop_operator_3.py for tasks to queue
[2025-02-01T03:05:08.625+0000] {logging_mixin.py:137} INFO - [2025-02-01T03:05:08.624+0000] {dagbag.py:538} INFO - Filling up the DagBag from /home/airflow/.local/lib/python3.7/site-packages/airflow/example_dags/example_branch_python_dop_operator_3.py
[2025-02-01T03:05:08.700+0000] {processor.py:753} INFO - DAG(s) dict_keys(['example_branch_dop_operator_v3']) retrieved from /home/airflow/.local/lib/python3.7/site-packages/airflow/example_dags/example_branch_python_dop_operator_3.py
[2025-02-01T03:05:08.759+0000] {logging_mixin.py:137} INFO - [2025-02-01T03:05:08.759+0000] {dag.py:2690} INFO - Sync 1 DAGs
[2025-02-01T03:05:08.889+0000] {logging_mixin.py:137} INFO - [2025-02-01T03:05:08.889+0000] {dag.py:3441} INFO - Setting next_dagrun for example_branch_dop_operator_v3 to 2025-02-01T03:04:00+00:00, run_after=2025-02-01T03:05:00+00:00
[2025-02-01T03:05:08.994+0000] {processor.py:175} INFO - Processing /home/airflow/.local/lib/python3.7/site-packages/airflow/example_dags/example_branch_python_dop_operator_3.py took 0.398 seconds
[2025-02-01T03:05:39.507+0000] {processor.py:153} INFO - Started process (PID=2826) to work on /home/airflow/.local/lib/python3.7/site-packages/airflow/example_dags/example_branch_python_dop_operator_3.py
[2025-02-01T03:05:39.509+0000] {processor.py:743} INFO - Processing file /home/airflow/.local/lib/python3.7/site-packages/airflow/example_dags/example_branch_python_dop_operator_3.py for tasks to queue
[2025-02-01T03:05:39.511+0000] {logging_mixin.py:137} INFO - [2025-02-01T03:05:39.510+0000] {dagbag.py:538} INFO - Filling up the DagBag from /home/airflow/.local/lib/python3.7/site-packages/airflow/example_dags/example_branch_python_dop_operator_3.py
[2025-02-01T03:05:39.639+0000] {processor.py:753} INFO - DAG(s) dict_keys(['example_branch_dop_operator_v3']) retrieved from /home/airflow/.local/lib/python3.7/site-packages/airflow/example_dags/example_branch_python_dop_operator_3.py
[2025-02-01T03:05:39.752+0000] {logging_mixin.py:137} INFO - [2025-02-01T03:05:39.752+0000] {dag.py:2690} INFO - Sync 1 DAGs
[2025-02-01T03:05:39.937+0000] {logging_mixin.py:137} INFO - [2025-02-01T03:05:39.936+0000] {dag.py:3441} INFO - Setting next_dagrun for example_branch_dop_operator_v3 to 2025-02-01T03:04:00+00:00, run_after=2025-02-01T03:05:00+00:00
[2025-02-01T03:05:39.997+0000] {processor.py:175} INFO - Processing /home/airflow/.local/lib/python3.7/site-packages/airflow/example_dags/example_branch_python_dop_operator_3.py took 0.507 seconds
[2025-02-01T03:06:10.744+0000] {processor.py:153} INFO - Started process (PID=2876) to work on /home/airflow/.local/lib/python3.7/site-packages/airflow/example_dags/example_branch_python_dop_operator_3.py
[2025-02-01T03:06:10.751+0000] {processor.py:743} INFO - Processing file /home/airflow/.local/lib/python3.7/site-packages/airflow/example_dags/example_branch_python_dop_operator_3.py for tasks to queue
[2025-02-01T03:06:10.753+0000] {logging_mixin.py:137} INFO - [2025-02-01T03:06:10.752+0000] {dagbag.py:538} INFO - Filling up the DagBag from /home/airflow/.local/lib/python3.7/site-packages/airflow/example_dags/example_branch_python_dop_operator_3.py
[2025-02-01T03:06:10.878+0000] {processor.py:753} INFO - DAG(s) dict_keys(['example_branch_dop_operator_v3']) retrieved from /home/airflow/.local/lib/python3.7/site-packages/airflow/example_dags/example_branch_python_dop_operator_3.py
[2025-02-01T03:06:10.939+0000] {logging_mixin.py:137} INFO - [2025-02-01T03:06:10.939+0000] {dag.py:2690} INFO - Sync 1 DAGs
[2025-02-01T03:06:11.019+0000] {logging_mixin.py:137} INFO - [2025-02-01T03:06:11.018+0000] {dag.py:3441} INFO - Setting next_dagrun for example_branch_dop_operator_v3 to 2025-02-01T03:05:00+00:00, run_after=2025-02-01T03:06:00+00:00
[2025-02-01T03:06:11.069+0000] {processor.py:175} INFO - Processing /home/airflow/.local/lib/python3.7/site-packages/airflow/example_dags/example_branch_python_dop_operator_3.py took 0.350 seconds
[2025-02-01T03:06:41.691+0000] {processor.py:153} INFO - Started process (PID=2935) to work on /home/airflow/.local/lib/python3.7/site-packages/airflow/example_dags/example_branch_python_dop_operator_3.py
[2025-02-01T03:06:41.692+0000] {processor.py:743} INFO - Processing file /home/airflow/.local/lib/python3.7/site-packages/airflow/example_dags/example_branch_python_dop_operator_3.py for tasks to queue
[2025-02-01T03:06:41.695+0000] {logging_mixin.py:137} INFO - [2025-02-01T03:06:41.694+0000] {dagbag.py:538} INFO - Filling up the DagBag from /home/airflow/.local/lib/python3.7/site-packages/airflow/example_dags/example_branch_python_dop_operator_3.py
[2025-02-01T03:06:41.753+0000] {processor.py:753} INFO - DAG(s) dict_keys(['example_branch_dop_operator_v3']) retrieved from /home/airflow/.local/lib/python3.7/site-packages/airflow/example_dags/example_branch_python_dop_operator_3.py
[2025-02-01T03:06:41.831+0000] {logging_mixin.py:137} INFO - [2025-02-01T03:06:41.830+0000] {dag.py:2690} INFO - Sync 1 DAGs
[2025-02-01T03:06:41.954+0000] {logging_mixin.py:137} INFO - [2025-02-01T03:06:41.954+0000] {dag.py:3441} INFO - Setting next_dagrun for example_branch_dop_operator_v3 to 2025-02-01T03:05:00+00:00, run_after=2025-02-01T03:06:00+00:00
[2025-02-01T03:06:42.017+0000] {processor.py:175} INFO - Processing /home/airflow/.local/lib/python3.7/site-packages/airflow/example_dags/example_branch_python_dop_operator_3.py took 0.335 seconds
[2025-02-01T03:07:12.474+0000] {processor.py:153} INFO - Started process (PID=2994) to work on /home/airflow/.local/lib/python3.7/site-packages/airflow/example_dags/example_branch_python_dop_operator_3.py
[2025-02-01T03:07:12.484+0000] {processor.py:743} INFO - Processing file /home/airflow/.local/lib/python3.7/site-packages/airflow/example_dags/example_branch_python_dop_operator_3.py for tasks to queue
[2025-02-01T03:07:12.494+0000] {logging_mixin.py:137} INFO - [2025-02-01T03:07:12.494+0000] {dagbag.py:538} INFO - Filling up the DagBag from /home/airflow/.local/lib/python3.7/site-packages/airflow/example_dags/example_branch_python_dop_operator_3.py
[2025-02-01T03:07:12.655+0000] {processor.py:753} INFO - DAG(s) dict_keys(['example_branch_dop_operator_v3']) retrieved from /home/airflow/.local/lib/python3.7/site-packages/airflow/example_dags/example_branch_python_dop_operator_3.py
[2025-02-01T03:07:12.958+0000] {logging_mixin.py:137} INFO - [2025-02-01T03:07:12.950+0000] {dag.py:2690} INFO - Sync 1 DAGs
[2025-02-01T03:07:13.244+0000] {logging_mixin.py:137} INFO - [2025-02-01T03:07:13.244+0000] {dag.py:3441} INFO - Setting next_dagrun for example_branch_dop_operator_v3 to 2025-02-01T03:06:00+00:00, run_after=2025-02-01T03:07:00+00:00
[2025-02-01T03:07:13.477+0000] {processor.py:175} INFO - Processing /home/airflow/.local/lib/python3.7/site-packages/airflow/example_dags/example_branch_python_dop_operator_3.py took 1.046 seconds
[2025-02-01T03:07:43.609+0000] {processor.py:153} INFO - Started process (PID=3043) to work on /home/airflow/.local/lib/python3.7/site-packages/airflow/example_dags/example_branch_python_dop_operator_3.py
[2025-02-01T03:07:43.612+0000] {processor.py:743} INFO - Processing file /home/airflow/.local/lib/python3.7/site-packages/airflow/example_dags/example_branch_python_dop_operator_3.py for tasks to queue
[2025-02-01T03:07:43.613+0000] {logging_mixin.py:137} INFO - [2025-02-01T03:07:43.613+0000] {dagbag.py:538} INFO - Filling up the DagBag from /home/airflow/.local/lib/python3.7/site-packages/airflow/example_dags/example_branch_python_dop_operator_3.py
[2025-02-01T03:07:43.699+0000] {processor.py:753} INFO - DAG(s) dict_keys(['example_branch_dop_operator_v3']) retrieved from /home/airflow/.local/lib/python3.7/site-packages/airflow/example_dags/example_branch_python_dop_operator_3.py
[2025-02-01T03:07:43.785+0000] {logging_mixin.py:137} INFO - [2025-02-01T03:07:43.784+0000] {dag.py:2690} INFO - Sync 1 DAGs
[2025-02-01T03:07:43.888+0000] {logging_mixin.py:137} INFO - [2025-02-01T03:07:43.887+0000] {dag.py:3441} INFO - Setting next_dagrun for example_branch_dop_operator_v3 to 2025-02-01T03:06:00+00:00, run_after=2025-02-01T03:07:00+00:00
[2025-02-01T03:07:43.940+0000] {processor.py:175} INFO - Processing /home/airflow/.local/lib/python3.7/site-packages/airflow/example_dags/example_branch_python_dop_operator_3.py took 0.338 seconds
[2025-02-01T03:08:14.295+0000] {processor.py:153} INFO - Started process (PID=3101) to work on /home/airflow/.local/lib/python3.7/site-packages/airflow/example_dags/example_branch_python_dop_operator_3.py
[2025-02-01T03:08:14.297+0000] {processor.py:743} INFO - Processing file /home/airflow/.local/lib/python3.7/site-packages/airflow/example_dags/example_branch_python_dop_operator_3.py for tasks to queue
[2025-02-01T03:08:14.299+0000] {logging_mixin.py:137} INFO - [2025-02-01T03:08:14.298+0000] {dagbag.py:538} INFO - Filling up the DagBag from /home/airflow/.local/lib/python3.7/site-packages/airflow/example_dags/example_branch_python_dop_operator_3.py
[2025-02-01T03:08:14.361+0000] {processor.py:753} INFO - DAG(s) dict_keys(['example_branch_dop_operator_v3']) retrieved from /home/airflow/.local/lib/python3.7/site-packages/airflow/example_dags/example_branch_python_dop_operator_3.py
[2025-02-01T03:08:14.417+0000] {logging_mixin.py:137} INFO - [2025-02-01T03:08:14.417+0000] {dag.py:2690} INFO - Sync 1 DAGs
[2025-02-01T03:08:14.495+0000] {logging_mixin.py:137} INFO - [2025-02-01T03:08:14.495+0000] {dag.py:3441} INFO - Setting next_dagrun for example_branch_dop_operator_v3 to 2025-02-01T03:07:00+00:00, run_after=2025-02-01T03:08:00+00:00
[2025-02-01T03:08:14.546+0000] {processor.py:175} INFO - Processing /home/airflow/.local/lib/python3.7/site-packages/airflow/example_dags/example_branch_python_dop_operator_3.py took 0.260 seconds
[2025-02-01T03:08:44.966+0000] {processor.py:153} INFO - Started process (PID=3159) to work on /home/airflow/.local/lib/python3.7/site-packages/airflow/example_dags/example_branch_python_dop_operator_3.py
[2025-02-01T03:08:44.971+0000] {processor.py:743} INFO - Processing file /home/airflow/.local/lib/python3.7/site-packages/airflow/example_dags/example_branch_python_dop_operator_3.py for tasks to queue
[2025-02-01T03:08:44.975+0000] {logging_mixin.py:137} INFO - [2025-02-01T03:08:44.973+0000] {dagbag.py:538} INFO - Filling up the DagBag from /home/airflow/.local/lib/python3.7/site-packages/airflow/example_dags/example_branch_python_dop_operator_3.py
[2025-02-01T03:08:45.113+0000] {processor.py:753} INFO - DAG(s) dict_keys(['example_branch_dop_operator_v3']) retrieved from /home/airflow/.local/lib/python3.7/site-packages/airflow/example_dags/example_branch_python_dop_operator_3.py
[2025-02-01T03:08:45.228+0000] {logging_mixin.py:137} INFO - [2025-02-01T03:08:45.227+0000] {dag.py:2690} INFO - Sync 1 DAGs
[2025-02-01T03:08:45.311+0000] {logging_mixin.py:137} INFO - [2025-02-01T03:08:45.311+0000] {dag.py:3441} INFO - Setting next_dagrun for example_branch_dop_operator_v3 to 2025-02-01T03:07:00+00:00, run_after=2025-02-01T03:08:00+00:00
[2025-02-01T03:08:45.368+0000] {processor.py:175} INFO - Processing /home/airflow/.local/lib/python3.7/site-packages/airflow/example_dags/example_branch_python_dop_operator_3.py took 0.420 seconds
[2025-02-01T03:09:16.304+0000] {processor.py:153} INFO - Started process (PID=3217) to work on /home/airflow/.local/lib/python3.7/site-packages/airflow/example_dags/example_branch_python_dop_operator_3.py
[2025-02-01T03:09:16.307+0000] {processor.py:743} INFO - Processing file /home/airflow/.local/lib/python3.7/site-packages/airflow/example_dags/example_branch_python_dop_operator_3.py for tasks to queue
[2025-02-01T03:09:16.313+0000] {logging_mixin.py:137} INFO - [2025-02-01T03:09:16.313+0000] {dagbag.py:538} INFO - Filling up the DagBag from /home/airflow/.local/lib/python3.7/site-packages/airflow/example_dags/example_branch_python_dop_operator_3.py
[2025-02-01T03:09:16.516+0000] {processor.py:753} INFO - DAG(s) dict_keys(['example_branch_dop_operator_v3']) retrieved from /home/airflow/.local/lib/python3.7/site-packages/airflow/example_dags/example_branch_python_dop_operator_3.py
[2025-02-01T03:09:16.617+0000] {logging_mixin.py:137} INFO - [2025-02-01T03:09:16.617+0000] {dag.py:2690} INFO - Sync 1 DAGs
[2025-02-01T03:09:16.839+0000] {logging_mixin.py:137} INFO - [2025-02-01T03:09:16.839+0000] {dag.py:3441} INFO - Setting next_dagrun for example_branch_dop_operator_v3 to 2025-02-01T03:08:00+00:00, run_after=2025-02-01T03:09:00+00:00
[2025-02-01T03:09:16.938+0000] {processor.py:175} INFO - Processing /home/airflow/.local/lib/python3.7/site-packages/airflow/example_dags/example_branch_python_dop_operator_3.py took 0.663 seconds
[2025-02-01T03:09:47.283+0000] {processor.py:153} INFO - Started process (PID=3267) to work on /home/airflow/.local/lib/python3.7/site-packages/airflow/example_dags/example_branch_python_dop_operator_3.py
[2025-02-01T03:09:47.307+0000] {processor.py:743} INFO - Processing file /home/airflow/.local/lib/python3.7/site-packages/airflow/example_dags/example_branch_python_dop_operator_3.py for tasks to queue
[2025-02-01T03:09:47.318+0000] {logging_mixin.py:137} INFO - [2025-02-01T03:09:47.312+0000] {dagbag.py:538} INFO - Filling up the DagBag from /home/airflow/.local/lib/python3.7/site-packages/airflow/example_dags/example_branch_python_dop_operator_3.py
[2025-02-01T03:09:47.928+0000] {processor.py:753} INFO - DAG(s) dict_keys(['example_branch_dop_operator_v3']) retrieved from /home/airflow/.local/lib/python3.7/site-packages/airflow/example_dags/example_branch_python_dop_operator_3.py
[2025-02-01T03:09:48.489+0000] {processor.py:178} ERROR - Got an exception! Propagating...
Traceback (most recent call last):
  File "/home/airflow/.local/lib/python3.7/site-packages/sqlalchemy/engine/base.py", line 3361, in _wrap_pool_connect
    return fn()
  File "/home/airflow/.local/lib/python3.7/site-packages/sqlalchemy/pool/base.py", line 327, in connect
    return _ConnectionFairy._checkout(self)
  File "/home/airflow/.local/lib/python3.7/site-packages/sqlalchemy/pool/base.py", line 894, in _checkout
    fairy = _ConnectionRecord.checkout(pool)
  File "/home/airflow/.local/lib/python3.7/site-packages/sqlalchemy/pool/base.py", line 493, in checkout
    rec = pool._do_get()
  File "/home/airflow/.local/lib/python3.7/site-packages/sqlalchemy/pool/impl.py", line 146, in _do_get
    self._dec_overflow()
  File "/home/airflow/.local/lib/python3.7/site-packages/sqlalchemy/util/langhelpers.py", line 72, in __exit__
    with_traceback=exc_tb,
  File "/home/airflow/.local/lib/python3.7/site-packages/sqlalchemy/util/compat.py", line 211, in raise_
    raise exception
  File "/home/airflow/.local/lib/python3.7/site-packages/sqlalchemy/pool/impl.py", line 143, in _do_get
    return self._create_connection()
  File "/home/airflow/.local/lib/python3.7/site-packages/sqlalchemy/pool/base.py", line 273, in _create_connection
    return _ConnectionRecord(self)
  File "/home/airflow/.local/lib/python3.7/site-packages/sqlalchemy/pool/base.py", line 388, in __init__
    self.__connect()
  File "/home/airflow/.local/lib/python3.7/site-packages/sqlalchemy/pool/base.py", line 691, in __connect
    pool.logger.debug("Error on connect(): %s", e)
  File "/home/airflow/.local/lib/python3.7/site-packages/sqlalchemy/util/langhelpers.py", line 72, in __exit__
    with_traceback=exc_tb,
  File "/home/airflow/.local/lib/python3.7/site-packages/sqlalchemy/util/compat.py", line 211, in raise_
    raise exception
  File "/home/airflow/.local/lib/python3.7/site-packages/sqlalchemy/pool/base.py", line 686, in __connect
    self.dbapi_connection = connection = pool._invoke_creator(self)
  File "/home/airflow/.local/lib/python3.7/site-packages/sqlalchemy/engine/create.py", line 578, in connect
    return dialect.connect(*cargs, **cparams)
  File "/home/airflow/.local/lib/python3.7/site-packages/sqlalchemy/engine/default.py", line 598, in connect
    return self.dbapi.connect(*cargs, **cparams)
  File "/home/airflow/.local/lib/python3.7/site-packages/psycopg2/__init__.py", line 122, in connect
    conn = _connect(dsn, connection_factory=connection_factory, **kwasync)
psycopg2.OperationalError: connection to server at "postgres" (172.18.0.2), port 5432 failed: Connection refused
	Is the server running on that host and accepting TCP/IP connections?


The above exception was the direct cause of the following exception:

Traceback (most recent call last):
  File "/home/airflow/.local/lib/python3.7/site-packages/airflow/dag_processing/processor.py", line 174, in _run_file_processor
    _handle_dag_file_processing()
  File "/home/airflow/.local/lib/python3.7/site-packages/airflow/dag_processing/processor.py", line 158, in _handle_dag_file_processing
    callback_requests=callback_requests,
  File "/home/airflow/.local/lib/python3.7/site-packages/airflow/utils/session.py", line 75, in wrapper
    return func(*args, session=session, **kwargs)
  File "/home/airflow/.local/lib/python3.7/site-packages/airflow/dag_processing/processor.py", line 768, in process_file
    dagbag.sync_to_db(processor_subdir=self._dag_directory, session=session)
  File "/home/airflow/.local/lib/python3.7/site-packages/airflow/utils/session.py", line 72, in wrapper
    return func(*args, **kwargs)
  File "/home/airflow/.local/lib/python3.7/site-packages/airflow/models/dagbag.py", line 645, in sync_to_db
    for attempt in run_with_db_retries(logger=self.log):
  File "/home/airflow/.local/lib/python3.7/site-packages/tenacity/__init__.py", line 384, in __iter__
    do = self.iter(retry_state=retry_state)
  File "/home/airflow/.local/lib/python3.7/site-packages/tenacity/__init__.py", line 362, in iter
    raise retry_exc.reraise()
  File "/home/airflow/.local/lib/python3.7/site-packages/tenacity/__init__.py", line 195, in reraise
    raise self.last_attempt.result()
  File "/usr/local/lib/python3.7/concurrent/futures/_base.py", line 428, in result
    return self.__get_result()
  File "/usr/local/lib/python3.7/concurrent/futures/_base.py", line 384, in __get_result
    raise self._exception
  File "/home/airflow/.local/lib/python3.7/site-packages/airflow/models/dagbag.py", line 657, in sync_to_db
    serialize_errors.extend(_serialize_dag_capturing_errors(dag, session))
  File "/home/airflow/.local/lib/python3.7/site-packages/airflow/models/dagbag.py", line 631, in _serialize_dag_capturing_errors
    session=session,
  File "/home/airflow/.local/lib/python3.7/site-packages/airflow/utils/session.py", line 72, in wrapper
    return func(*args, **kwargs)
  File "/home/airflow/.local/lib/python3.7/site-packages/airflow/models/serialized_dag.py", line 149, in write_dag
    (timezone.utcnow() - timedelta(seconds=min_update_interval)) < cls.last_updated,
  File "/home/airflow/.local/lib/python3.7/site-packages/sqlalchemy/orm/query.py", line 2893, in scalar
    ret = self.one()
  File "/home/airflow/.local/lib/python3.7/site-packages/sqlalchemy/orm/query.py", line 2870, in one
    return self._iter().one()
  File "/home/airflow/.local/lib/python3.7/site-packages/sqlalchemy/orm/query.py", line 2919, in _iter
    execution_options={"_sa_orm_load_options": self.load_options},
  File "/home/airflow/.local/lib/python3.7/site-packages/sqlalchemy/orm/session.py", line 1713, in execute
    conn = self._connection_for_bind(bind)
  File "/home/airflow/.local/lib/python3.7/site-packages/sqlalchemy/orm/session.py", line 1553, in _connection_for_bind
    engine, execution_options
  File "/home/airflow/.local/lib/python3.7/site-packages/sqlalchemy/orm/session.py", line 747, in _connection_for_bind
    conn = bind.connect()
  File "/home/airflow/.local/lib/python3.7/site-packages/sqlalchemy/engine/base.py", line 3315, in connect
    return self._connection_cls(self, close_with_result=close_with_result)
  File "/home/airflow/.local/lib/python3.7/site-packages/sqlalchemy/engine/base.py", line 96, in __init__
    else engine.raw_connection()
  File "/home/airflow/.local/lib/python3.7/site-packages/sqlalchemy/engine/base.py", line 3394, in raw_connection
    return self._wrap_pool_connect(self.pool.connect, _connection)
  File "/home/airflow/.local/lib/python3.7/site-packages/sqlalchemy/engine/base.py", line 3365, in _wrap_pool_connect
    e, dialect, self
  File "/home/airflow/.local/lib/python3.7/site-packages/sqlalchemy/engine/base.py", line 2199, in _handle_dbapi_exception_noconnection
    sqlalchemy_exception, with_traceback=exc_info[2], from_=e
  File "/home/airflow/.local/lib/python3.7/site-packages/sqlalchemy/util/compat.py", line 211, in raise_
    raise exception
  File "/home/airflow/.local/lib/python3.7/site-packages/sqlalchemy/engine/base.py", line 3361, in _wrap_pool_connect
    return fn()
  File "/home/airflow/.local/lib/python3.7/site-packages/sqlalchemy/pool/base.py", line 327, in connect
    return _ConnectionFairy._checkout(self)
  File "/home/airflow/.local/lib/python3.7/site-packages/sqlalchemy/pool/base.py", line 894, in _checkout
    fairy = _ConnectionRecord.checkout(pool)
  File "/home/airflow/.local/lib/python3.7/site-packages/sqlalchemy/pool/base.py", line 493, in checkout
    rec = pool._do_get()
  File "/home/airflow/.local/lib/python3.7/site-packages/sqlalchemy/pool/impl.py", line 146, in _do_get
    self._dec_overflow()
  File "/home/airflow/.local/lib/python3.7/site-packages/sqlalchemy/util/langhelpers.py", line 72, in __exit__
    with_traceback=exc_tb,
  File "/home/airflow/.local/lib/python3.7/site-packages/sqlalchemy/util/compat.py", line 211, in raise_
    raise exception
  File "/home/airflow/.local/lib/python3.7/site-packages/sqlalchemy/pool/impl.py", line 143, in _do_get
    return self._create_connection()
  File "/home/airflow/.local/lib/python3.7/site-packages/sqlalchemy/pool/base.py", line 273, in _create_connection
    return _ConnectionRecord(self)
  File "/home/airflow/.local/lib/python3.7/site-packages/sqlalchemy/pool/base.py", line 388, in __init__
    self.__connect()
  File "/home/airflow/.local/lib/python3.7/site-packages/sqlalchemy/pool/base.py", line 691, in __connect
    pool.logger.debug("Error on connect(): %s", e)
  File "/home/airflow/.local/lib/python3.7/site-packages/sqlalchemy/util/langhelpers.py", line 72, in __exit__
    with_traceback=exc_tb,
  File "/home/airflow/.local/lib/python3.7/site-packages/sqlalchemy/util/compat.py", line 211, in raise_
    raise exception
  File "/home/airflow/.local/lib/python3.7/site-packages/sqlalchemy/pool/base.py", line 686, in __connect
    self.dbapi_connection = connection = pool._invoke_creator(self)
  File "/home/airflow/.local/lib/python3.7/site-packages/sqlalchemy/engine/create.py", line 578, in connect
    return dialect.connect(*cargs, **cparams)
  File "/home/airflow/.local/lib/python3.7/site-packages/sqlalchemy/engine/default.py", line 598, in connect
    return self.dbapi.connect(*cargs, **cparams)
  File "/home/airflow/.local/lib/python3.7/site-packages/psycopg2/__init__.py", line 122, in connect
    conn = _connect(dsn, connection_factory=connection_factory, **kwasync)
sqlalchemy.exc.OperationalError: (psycopg2.OperationalError) connection to server at "postgres" (172.18.0.2), port 5432 failed: Connection refused
	Is the server running on that host and accepting TCP/IP connections?

(Background on this error at: https://sqlalche.me/e/14/e3q8)
