[2025-02-01T02:40:36.296+0000] {processor.py:153} INFO - Started process (PID=107) to work on /home/airflow/.local/lib/python3.7/site-packages/airflow/example_dags/example_skip_dag.py
[2025-02-01T02:40:36.300+0000] {processor.py:743} INFO - Processing file /home/airflow/.local/lib/python3.7/site-packages/airflow/example_dags/example_skip_dag.py for tasks to queue
[2025-02-01T02:40:36.302+0000] {logging_mixin.py:137} INFO - [2025-02-01T02:40:36.301+0000] {dagbag.py:538} INFO - Filling up the DagBag from /home/airflow/.local/lib/python3.7/site-packages/airflow/example_dags/example_skip_dag.py
[2025-02-01T02:40:36.385+0000] {processor.py:753} INFO - DAG(s) dict_keys(['example_skip_dag']) retrieved from /home/airflow/.local/lib/python3.7/site-packages/airflow/example_dags/example_skip_dag.py
[2025-02-01T02:40:36.463+0000] {logging_mixin.py:137} INFO - [2025-02-01T02:40:36.463+0000] {dag.py:2690} INFO - Sync 1 DAGs
[2025-02-01T02:40:36.532+0000] {logging_mixin.py:137} INFO - [2025-02-01T02:40:36.531+0000] {dag.py:3441} INFO - Setting next_dagrun for example_skip_dag to 2025-01-31T02:40:36.531403+00:00, run_after=2025-02-01T02:40:36.531403+00:00
[2025-02-01T02:40:36.603+0000] {processor.py:175} INFO - Processing /home/airflow/.local/lib/python3.7/site-packages/airflow/example_dags/example_skip_dag.py took 0.322 seconds
[2025-02-01T02:41:10.973+0000] {processor.py:153} INFO - Started process (PID=165) to work on /home/airflow/.local/lib/python3.7/site-packages/airflow/example_dags/example_skip_dag.py
[2025-02-01T02:41:10.976+0000] {processor.py:743} INFO - Processing file /home/airflow/.local/lib/python3.7/site-packages/airflow/example_dags/example_skip_dag.py for tasks to queue
[2025-02-01T02:41:10.980+0000] {logging_mixin.py:137} INFO - [2025-02-01T02:41:10.977+0000] {dagbag.py:538} INFO - Filling up the DagBag from /home/airflow/.local/lib/python3.7/site-packages/airflow/example_dags/example_skip_dag.py
[2025-02-01T02:41:11.042+0000] {processor.py:753} INFO - DAG(s) dict_keys(['example_skip_dag']) retrieved from /home/airflow/.local/lib/python3.7/site-packages/airflow/example_dags/example_skip_dag.py
[2025-02-01T02:41:11.135+0000] {logging_mixin.py:137} INFO - [2025-02-01T02:41:11.134+0000] {dag.py:2690} INFO - Sync 1 DAGs
[2025-02-01T02:41:11.252+0000] {logging_mixin.py:137} INFO - [2025-02-01T02:41:11.251+0000] {dag.py:3441} INFO - Setting next_dagrun for example_skip_dag to 2025-01-31T02:41:11.251392+00:00, run_after=2025-02-01T02:41:11.251392+00:00
[2025-02-01T02:41:11.335+0000] {processor.py:175} INFO - Processing /home/airflow/.local/lib/python3.7/site-packages/airflow/example_dags/example_skip_dag.py took 0.382 seconds
[2025-02-01T02:41:43.206+0000] {processor.py:153} INFO - Started process (PID=224) to work on /home/airflow/.local/lib/python3.7/site-packages/airflow/example_dags/example_skip_dag.py
[2025-02-01T02:41:43.215+0000] {processor.py:743} INFO - Processing file /home/airflow/.local/lib/python3.7/site-packages/airflow/example_dags/example_skip_dag.py for tasks to queue
[2025-02-01T02:41:43.219+0000] {logging_mixin.py:137} INFO - [2025-02-01T02:41:43.217+0000] {dagbag.py:538} INFO - Filling up the DagBag from /home/airflow/.local/lib/python3.7/site-packages/airflow/example_dags/example_skip_dag.py
[2025-02-01T02:41:43.332+0000] {processor.py:753} INFO - DAG(s) dict_keys(['example_skip_dag']) retrieved from /home/airflow/.local/lib/python3.7/site-packages/airflow/example_dags/example_skip_dag.py
[2025-02-01T02:41:43.597+0000] {logging_mixin.py:137} INFO - [2025-02-01T02:41:43.596+0000] {dag.py:2690} INFO - Sync 1 DAGs
[2025-02-01T02:41:43.820+0000] {logging_mixin.py:137} INFO - [2025-02-01T02:41:43.819+0000] {dag.py:3441} INFO - Setting next_dagrun for example_skip_dag to 2025-01-31T02:41:43.819209+00:00, run_after=2025-02-01T02:41:43.819209+00:00
[2025-02-01T02:41:43.929+0000] {processor.py:175} INFO - Processing /home/airflow/.local/lib/python3.7/site-packages/airflow/example_dags/example_skip_dag.py took 0.757 seconds
[2025-02-01T02:42:14.856+0000] {processor.py:153} INFO - Started process (PID=282) to work on /home/airflow/.local/lib/python3.7/site-packages/airflow/example_dags/example_skip_dag.py
[2025-02-01T02:42:14.862+0000] {processor.py:743} INFO - Processing file /home/airflow/.local/lib/python3.7/site-packages/airflow/example_dags/example_skip_dag.py for tasks to queue
[2025-02-01T02:42:14.864+0000] {logging_mixin.py:137} INFO - [2025-02-01T02:42:14.863+0000] {dagbag.py:538} INFO - Filling up the DagBag from /home/airflow/.local/lib/python3.7/site-packages/airflow/example_dags/example_skip_dag.py
[2025-02-01T02:42:14.974+0000] {processor.py:753} INFO - DAG(s) dict_keys(['example_skip_dag']) retrieved from /home/airflow/.local/lib/python3.7/site-packages/airflow/example_dags/example_skip_dag.py
[2025-02-01T02:42:15.128+0000] {logging_mixin.py:137} INFO - [2025-02-01T02:42:15.128+0000] {dag.py:2690} INFO - Sync 1 DAGs
[2025-02-01T02:42:15.261+0000] {logging_mixin.py:137} INFO - [2025-02-01T02:42:15.260+0000] {dag.py:3441} INFO - Setting next_dagrun for example_skip_dag to 2025-01-31T02:42:15.260212+00:00, run_after=2025-02-01T02:42:15.260212+00:00
[2025-02-01T02:42:15.356+0000] {processor.py:175} INFO - Processing /home/airflow/.local/lib/python3.7/site-packages/airflow/example_dags/example_skip_dag.py took 0.530 seconds
[2025-02-01T02:42:45.641+0000] {processor.py:153} INFO - Started process (PID=335) to work on /home/airflow/.local/lib/python3.7/site-packages/airflow/example_dags/example_skip_dag.py
[2025-02-01T02:42:45.643+0000] {processor.py:743} INFO - Processing file /home/airflow/.local/lib/python3.7/site-packages/airflow/example_dags/example_skip_dag.py for tasks to queue
[2025-02-01T02:42:45.644+0000] {logging_mixin.py:137} INFO - [2025-02-01T02:42:45.644+0000] {dagbag.py:538} INFO - Filling up the DagBag from /home/airflow/.local/lib/python3.7/site-packages/airflow/example_dags/example_skip_dag.py
[2025-02-01T02:42:45.682+0000] {processor.py:753} INFO - DAG(s) dict_keys(['example_skip_dag']) retrieved from /home/airflow/.local/lib/python3.7/site-packages/airflow/example_dags/example_skip_dag.py
[2025-02-01T02:42:45.744+0000] {logging_mixin.py:137} INFO - [2025-02-01T02:42:45.744+0000] {dag.py:2690} INFO - Sync 1 DAGs
[2025-02-01T02:42:45.818+0000] {logging_mixin.py:137} INFO - [2025-02-01T02:42:45.818+0000] {dag.py:3441} INFO - Setting next_dagrun for example_skip_dag to 2025-01-31T02:42:45.816803+00:00, run_after=2025-02-01T02:42:45.816803+00:00
[2025-02-01T02:42:45.866+0000] {processor.py:175} INFO - Processing /home/airflow/.local/lib/python3.7/site-packages/airflow/example_dags/example_skip_dag.py took 0.232 seconds
[2025-02-01T02:43:16.342+0000] {processor.py:153} INFO - Started process (PID=393) to work on /home/airflow/.local/lib/python3.7/site-packages/airflow/example_dags/example_skip_dag.py
[2025-02-01T02:43:16.343+0000] {processor.py:743} INFO - Processing file /home/airflow/.local/lib/python3.7/site-packages/airflow/example_dags/example_skip_dag.py for tasks to queue
[2025-02-01T02:43:16.347+0000] {logging_mixin.py:137} INFO - [2025-02-01T02:43:16.347+0000] {dagbag.py:538} INFO - Filling up the DagBag from /home/airflow/.local/lib/python3.7/site-packages/airflow/example_dags/example_skip_dag.py
[2025-02-01T02:43:16.415+0000] {processor.py:753} INFO - DAG(s) dict_keys(['example_skip_dag']) retrieved from /home/airflow/.local/lib/python3.7/site-packages/airflow/example_dags/example_skip_dag.py
[2025-02-01T02:43:16.525+0000] {logging_mixin.py:137} INFO - [2025-02-01T02:43:16.524+0000] {dag.py:2690} INFO - Sync 1 DAGs
[2025-02-01T02:43:16.612+0000] {logging_mixin.py:137} INFO - [2025-02-01T02:43:16.611+0000] {dag.py:3441} INFO - Setting next_dagrun for example_skip_dag to 2025-01-31T02:43:16.611291+00:00, run_after=2025-02-01T02:43:16.611291+00:00
[2025-02-01T02:43:16.697+0000] {processor.py:175} INFO - Processing /home/airflow/.local/lib/python3.7/site-packages/airflow/example_dags/example_skip_dag.py took 0.381 seconds
[2025-02-01T02:43:46.886+0000] {processor.py:153} INFO - Started process (PID=450) to work on /home/airflow/.local/lib/python3.7/site-packages/airflow/example_dags/example_skip_dag.py
[2025-02-01T02:43:46.891+0000] {processor.py:743} INFO - Processing file /home/airflow/.local/lib/python3.7/site-packages/airflow/example_dags/example_skip_dag.py for tasks to queue
[2025-02-01T02:43:46.897+0000] {logging_mixin.py:137} INFO - [2025-02-01T02:43:46.893+0000] {dagbag.py:538} INFO - Filling up the DagBag from /home/airflow/.local/lib/python3.7/site-packages/airflow/example_dags/example_skip_dag.py
[2025-02-01T02:43:47.003+0000] {processor.py:753} INFO - DAG(s) dict_keys(['example_skip_dag']) retrieved from /home/airflow/.local/lib/python3.7/site-packages/airflow/example_dags/example_skip_dag.py
[2025-02-01T02:43:47.177+0000] {logging_mixin.py:137} INFO - [2025-02-01T02:43:47.176+0000] {dag.py:2690} INFO - Sync 1 DAGs
[2025-02-01T02:43:47.371+0000] {logging_mixin.py:137} INFO - [2025-02-01T02:43:47.370+0000] {dag.py:3441} INFO - Setting next_dagrun for example_skip_dag to 2025-01-31T02:43:47.370128+00:00, run_after=2025-02-01T02:43:47.370128+00:00
[2025-02-01T02:43:47.540+0000] {processor.py:175} INFO - Processing /home/airflow/.local/lib/python3.7/site-packages/airflow/example_dags/example_skip_dag.py took 0.680 seconds
[2025-02-01T02:44:18.234+0000] {processor.py:153} INFO - Started process (PID=500) to work on /home/airflow/.local/lib/python3.7/site-packages/airflow/example_dags/example_skip_dag.py
[2025-02-01T02:44:18.237+0000] {processor.py:743} INFO - Processing file /home/airflow/.local/lib/python3.7/site-packages/airflow/example_dags/example_skip_dag.py for tasks to queue
[2025-02-01T02:44:18.239+0000] {logging_mixin.py:137} INFO - [2025-02-01T02:44:18.238+0000] {dagbag.py:538} INFO - Filling up the DagBag from /home/airflow/.local/lib/python3.7/site-packages/airflow/example_dags/example_skip_dag.py
[2025-02-01T02:44:18.274+0000] {processor.py:753} INFO - DAG(s) dict_keys(['example_skip_dag']) retrieved from /home/airflow/.local/lib/python3.7/site-packages/airflow/example_dags/example_skip_dag.py
[2025-02-01T02:44:18.334+0000] {logging_mixin.py:137} INFO - [2025-02-01T02:44:18.334+0000] {dag.py:2690} INFO - Sync 1 DAGs
[2025-02-01T02:44:18.399+0000] {logging_mixin.py:137} INFO - [2025-02-01T02:44:18.399+0000] {dag.py:3441} INFO - Setting next_dagrun for example_skip_dag to 2025-01-31T02:44:18.398709+00:00, run_after=2025-02-01T02:44:18.398709+00:00
[2025-02-01T02:44:18.447+0000] {processor.py:175} INFO - Processing /home/airflow/.local/lib/python3.7/site-packages/airflow/example_dags/example_skip_dag.py took 0.228 seconds
[2025-02-01T02:44:49.244+0000] {processor.py:153} INFO - Started process (PID=558) to work on /home/airflow/.local/lib/python3.7/site-packages/airflow/example_dags/example_skip_dag.py
[2025-02-01T02:44:49.247+0000] {processor.py:743} INFO - Processing file /home/airflow/.local/lib/python3.7/site-packages/airflow/example_dags/example_skip_dag.py for tasks to queue
[2025-02-01T02:44:49.251+0000] {logging_mixin.py:137} INFO - [2025-02-01T02:44:49.249+0000] {dagbag.py:538} INFO - Filling up the DagBag from /home/airflow/.local/lib/python3.7/site-packages/airflow/example_dags/example_skip_dag.py
[2025-02-01T02:44:49.316+0000] {processor.py:753} INFO - DAG(s) dict_keys(['example_skip_dag']) retrieved from /home/airflow/.local/lib/python3.7/site-packages/airflow/example_dags/example_skip_dag.py
[2025-02-01T02:44:49.434+0000] {logging_mixin.py:137} INFO - [2025-02-01T02:44:49.433+0000] {dag.py:2690} INFO - Sync 1 DAGs
[2025-02-01T02:44:49.559+0000] {logging_mixin.py:137} INFO - [2025-02-01T02:44:49.558+0000] {dag.py:3441} INFO - Setting next_dagrun for example_skip_dag to 2025-01-31T02:44:49.558386+00:00, run_after=2025-02-01T02:44:49.558386+00:00
[2025-02-01T02:44:49.616+0000] {processor.py:175} INFO - Processing /home/airflow/.local/lib/python3.7/site-packages/airflow/example_dags/example_skip_dag.py took 0.390 seconds
[2025-02-01T02:45:19.990+0000] {processor.py:153} INFO - Started process (PID=616) to work on /home/airflow/.local/lib/python3.7/site-packages/airflow/example_dags/example_skip_dag.py
[2025-02-01T02:45:19.993+0000] {processor.py:743} INFO - Processing file /home/airflow/.local/lib/python3.7/site-packages/airflow/example_dags/example_skip_dag.py for tasks to queue
[2025-02-01T02:45:19.997+0000] {logging_mixin.py:137} INFO - [2025-02-01T02:45:19.997+0000] {dagbag.py:538} INFO - Filling up the DagBag from /home/airflow/.local/lib/python3.7/site-packages/airflow/example_dags/example_skip_dag.py
[2025-02-01T02:45:20.090+0000] {processor.py:753} INFO - DAG(s) dict_keys(['example_skip_dag']) retrieved from /home/airflow/.local/lib/python3.7/site-packages/airflow/example_dags/example_skip_dag.py
[2025-02-01T02:45:20.205+0000] {logging_mixin.py:137} INFO - [2025-02-01T02:45:20.205+0000] {dag.py:2690} INFO - Sync 1 DAGs
[2025-02-01T02:45:20.281+0000] {logging_mixin.py:137} INFO - [2025-02-01T02:45:20.281+0000] {dag.py:3441} INFO - Setting next_dagrun for example_skip_dag to 2025-01-31T02:45:20.280469+00:00, run_after=2025-02-01T02:45:20.280469+00:00
[2025-02-01T02:45:20.346+0000] {processor.py:175} INFO - Processing /home/airflow/.local/lib/python3.7/site-packages/airflow/example_dags/example_skip_dag.py took 0.375 seconds
[2025-02-01T02:45:51.266+0000] {processor.py:153} INFO - Started process (PID=673) to work on /home/airflow/.local/lib/python3.7/site-packages/airflow/example_dags/example_skip_dag.py
[2025-02-01T02:45:51.272+0000] {processor.py:743} INFO - Processing file /home/airflow/.local/lib/python3.7/site-packages/airflow/example_dags/example_skip_dag.py for tasks to queue
[2025-02-01T02:45:51.276+0000] {logging_mixin.py:137} INFO - [2025-02-01T02:45:51.276+0000] {dagbag.py:538} INFO - Filling up the DagBag from /home/airflow/.local/lib/python3.7/site-packages/airflow/example_dags/example_skip_dag.py
[2025-02-01T02:45:51.406+0000] {processor.py:753} INFO - DAG(s) dict_keys(['example_skip_dag']) retrieved from /home/airflow/.local/lib/python3.7/site-packages/airflow/example_dags/example_skip_dag.py
[2025-02-01T02:45:51.569+0000] {logging_mixin.py:137} INFO - [2025-02-01T02:45:51.568+0000] {dag.py:2690} INFO - Sync 1 DAGs
[2025-02-01T02:45:51.765+0000] {logging_mixin.py:137} INFO - [2025-02-01T02:45:51.762+0000] {dag.py:3441} INFO - Setting next_dagrun for example_skip_dag to 2025-01-31T02:45:51.762385+00:00, run_after=2025-02-01T02:45:51.762385+00:00
[2025-02-01T02:45:51.894+0000] {processor.py:175} INFO - Processing /home/airflow/.local/lib/python3.7/site-packages/airflow/example_dags/example_skip_dag.py took 0.664 seconds
[2025-02-01T02:46:22.733+0000] {processor.py:153} INFO - Started process (PID=724) to work on /home/airflow/.local/lib/python3.7/site-packages/airflow/example_dags/example_skip_dag.py
[2025-02-01T02:46:22.739+0000] {processor.py:743} INFO - Processing file /home/airflow/.local/lib/python3.7/site-packages/airflow/example_dags/example_skip_dag.py for tasks to queue
[2025-02-01T02:46:22.740+0000] {logging_mixin.py:137} INFO - [2025-02-01T02:46:22.740+0000] {dagbag.py:538} INFO - Filling up the DagBag from /home/airflow/.local/lib/python3.7/site-packages/airflow/example_dags/example_skip_dag.py
[2025-02-01T02:46:22.889+0000] {processor.py:753} INFO - DAG(s) dict_keys(['example_skip_dag']) retrieved from /home/airflow/.local/lib/python3.7/site-packages/airflow/example_dags/example_skip_dag.py
[2025-02-01T02:46:23.080+0000] {logging_mixin.py:137} INFO - [2025-02-01T02:46:23.080+0000] {dag.py:2690} INFO - Sync 1 DAGs
[2025-02-01T02:46:23.285+0000] {logging_mixin.py:137} INFO - [2025-02-01T02:46:23.280+0000] {dag.py:3441} INFO - Setting next_dagrun for example_skip_dag to 2025-01-31T02:46:23.280299+00:00, run_after=2025-02-01T02:46:23.280299+00:00
[2025-02-01T02:46:23.419+0000] {processor.py:175} INFO - Processing /home/airflow/.local/lib/python3.7/site-packages/airflow/example_dags/example_skip_dag.py took 0.707 seconds
[2025-02-01T02:46:54.126+0000] {processor.py:153} INFO - Started process (PID=783) to work on /home/airflow/.local/lib/python3.7/site-packages/airflow/example_dags/example_skip_dag.py
[2025-02-01T02:46:54.130+0000] {processor.py:743} INFO - Processing file /home/airflow/.local/lib/python3.7/site-packages/airflow/example_dags/example_skip_dag.py for tasks to queue
[2025-02-01T02:46:54.135+0000] {logging_mixin.py:137} INFO - [2025-02-01T02:46:54.131+0000] {dagbag.py:538} INFO - Filling up the DagBag from /home/airflow/.local/lib/python3.7/site-packages/airflow/example_dags/example_skip_dag.py
[2025-02-01T02:46:54.232+0000] {processor.py:753} INFO - DAG(s) dict_keys(['example_skip_dag']) retrieved from /home/airflow/.local/lib/python3.7/site-packages/airflow/example_dags/example_skip_dag.py
[2025-02-01T02:46:54.451+0000] {logging_mixin.py:137} INFO - [2025-02-01T02:46:54.450+0000] {dag.py:2690} INFO - Sync 1 DAGs
[2025-02-01T02:46:54.711+0000] {logging_mixin.py:137} INFO - [2025-02-01T02:46:54.710+0000] {dag.py:3441} INFO - Setting next_dagrun for example_skip_dag to 2025-01-31T02:46:54.710240+00:00, run_after=2025-02-01T02:46:54.710240+00:00
[2025-02-01T02:46:54.871+0000] {processor.py:175} INFO - Processing /home/airflow/.local/lib/python3.7/site-packages/airflow/example_dags/example_skip_dag.py took 0.776 seconds
[2025-02-01T02:47:25.481+0000] {processor.py:153} INFO - Started process (PID=842) to work on /home/airflow/.local/lib/python3.7/site-packages/airflow/example_dags/example_skip_dag.py
[2025-02-01T02:47:25.483+0000] {processor.py:743} INFO - Processing file /home/airflow/.local/lib/python3.7/site-packages/airflow/example_dags/example_skip_dag.py for tasks to queue
[2025-02-01T02:47:25.484+0000] {logging_mixin.py:137} INFO - [2025-02-01T02:47:25.484+0000] {dagbag.py:538} INFO - Filling up the DagBag from /home/airflow/.local/lib/python3.7/site-packages/airflow/example_dags/example_skip_dag.py
[2025-02-01T02:47:25.567+0000] {processor.py:753} INFO - DAG(s) dict_keys(['example_skip_dag']) retrieved from /home/airflow/.local/lib/python3.7/site-packages/airflow/example_dags/example_skip_dag.py
[2025-02-01T02:47:25.644+0000] {logging_mixin.py:137} INFO - [2025-02-01T02:47:25.644+0000] {dag.py:2690} INFO - Sync 1 DAGs
[2025-02-01T02:47:25.708+0000] {logging_mixin.py:137} INFO - [2025-02-01T02:47:25.708+0000] {dag.py:3441} INFO - Setting next_dagrun for example_skip_dag to 2025-01-31T02:47:25.707687+00:00, run_after=2025-02-01T02:47:25.707687+00:00
[2025-02-01T02:47:25.753+0000] {processor.py:175} INFO - Processing /home/airflow/.local/lib/python3.7/site-packages/airflow/example_dags/example_skip_dag.py took 0.288 seconds
[2025-02-01T02:47:56.809+0000] {processor.py:153} INFO - Started process (PID=902) to work on /home/airflow/.local/lib/python3.7/site-packages/airflow/example_dags/example_skip_dag.py
[2025-02-01T02:47:56.811+0000] {processor.py:743} INFO - Processing file /home/airflow/.local/lib/python3.7/site-packages/airflow/example_dags/example_skip_dag.py for tasks to queue
[2025-02-01T02:47:56.813+0000] {logging_mixin.py:137} INFO - [2025-02-01T02:47:56.813+0000] {dagbag.py:538} INFO - Filling up the DagBag from /home/airflow/.local/lib/python3.7/site-packages/airflow/example_dags/example_skip_dag.py
[2025-02-01T02:47:56.873+0000] {processor.py:753} INFO - DAG(s) dict_keys(['example_skip_dag']) retrieved from /home/airflow/.local/lib/python3.7/site-packages/airflow/example_dags/example_skip_dag.py
[2025-02-01T02:47:56.931+0000] {logging_mixin.py:137} INFO - [2025-02-01T02:47:56.930+0000] {dag.py:2690} INFO - Sync 1 DAGs
[2025-02-01T02:47:56.997+0000] {logging_mixin.py:137} INFO - [2025-02-01T02:47:56.997+0000] {dag.py:3441} INFO - Setting next_dagrun for example_skip_dag to 2025-01-31T02:47:56.996538+00:00, run_after=2025-02-01T02:47:56.996538+00:00
[2025-02-01T02:47:57.048+0000] {processor.py:175} INFO - Processing /home/airflow/.local/lib/python3.7/site-packages/airflow/example_dags/example_skip_dag.py took 0.245 seconds
[2025-02-01T02:48:28.048+0000] {processor.py:153} INFO - Started process (PID=961) to work on /home/airflow/.local/lib/python3.7/site-packages/airflow/example_dags/example_skip_dag.py
[2025-02-01T02:48:28.050+0000] {processor.py:743} INFO - Processing file /home/airflow/.local/lib/python3.7/site-packages/airflow/example_dags/example_skip_dag.py for tasks to queue
[2025-02-01T02:48:28.052+0000] {logging_mixin.py:137} INFO - [2025-02-01T02:48:28.052+0000] {dagbag.py:538} INFO - Filling up the DagBag from /home/airflow/.local/lib/python3.7/site-packages/airflow/example_dags/example_skip_dag.py
[2025-02-01T02:48:28.124+0000] {processor.py:753} INFO - DAG(s) dict_keys(['example_skip_dag']) retrieved from /home/airflow/.local/lib/python3.7/site-packages/airflow/example_dags/example_skip_dag.py
[2025-02-01T02:48:28.207+0000] {logging_mixin.py:137} INFO - [2025-02-01T02:48:28.207+0000] {dag.py:2690} INFO - Sync 1 DAGs
[2025-02-01T02:48:28.270+0000] {logging_mixin.py:137} INFO - [2025-02-01T02:48:28.270+0000] {dag.py:3441} INFO - Setting next_dagrun for example_skip_dag to 2025-01-31T02:48:28.269549+00:00, run_after=2025-02-01T02:48:28.269549+00:00
[2025-02-01T02:48:28.317+0000] {processor.py:175} INFO - Processing /home/airflow/.local/lib/python3.7/site-packages/airflow/example_dags/example_skip_dag.py took 0.285 seconds
[2025-02-01T02:48:59.014+0000] {processor.py:153} INFO - Started process (PID=1020) to work on /home/airflow/.local/lib/python3.7/site-packages/airflow/example_dags/example_skip_dag.py
[2025-02-01T02:48:59.017+0000] {processor.py:743} INFO - Processing file /home/airflow/.local/lib/python3.7/site-packages/airflow/example_dags/example_skip_dag.py for tasks to queue
[2025-02-01T02:48:59.021+0000] {logging_mixin.py:137} INFO - [2025-02-01T02:48:59.019+0000] {dagbag.py:538} INFO - Filling up the DagBag from /home/airflow/.local/lib/python3.7/site-packages/airflow/example_dags/example_skip_dag.py
[2025-02-01T02:48:59.062+0000] {processor.py:753} INFO - DAG(s) dict_keys(['example_skip_dag']) retrieved from /home/airflow/.local/lib/python3.7/site-packages/airflow/example_dags/example_skip_dag.py
[2025-02-01T02:48:59.157+0000] {logging_mixin.py:137} INFO - [2025-02-01T02:48:59.157+0000] {dag.py:2690} INFO - Sync 1 DAGs
[2025-02-01T02:48:59.247+0000] {logging_mixin.py:137} INFO - [2025-02-01T02:48:59.246+0000] {dag.py:3441} INFO - Setting next_dagrun for example_skip_dag to 2025-01-31T02:48:59.246233+00:00, run_after=2025-02-01T02:48:59.246233+00:00
[2025-02-01T02:48:59.332+0000] {processor.py:175} INFO - Processing /home/airflow/.local/lib/python3.7/site-packages/airflow/example_dags/example_skip_dag.py took 0.326 seconds
[2025-02-01T02:49:30.250+0000] {processor.py:153} INFO - Started process (PID=1071) to work on /home/airflow/.local/lib/python3.7/site-packages/airflow/example_dags/example_skip_dag.py
[2025-02-01T02:49:30.252+0000] {processor.py:743} INFO - Processing file /home/airflow/.local/lib/python3.7/site-packages/airflow/example_dags/example_skip_dag.py for tasks to queue
[2025-02-01T02:49:30.253+0000] {logging_mixin.py:137} INFO - [2025-02-01T02:49:30.253+0000] {dagbag.py:538} INFO - Filling up the DagBag from /home/airflow/.local/lib/python3.7/site-packages/airflow/example_dags/example_skip_dag.py
[2025-02-01T02:49:30.286+0000] {processor.py:753} INFO - DAG(s) dict_keys(['example_skip_dag']) retrieved from /home/airflow/.local/lib/python3.7/site-packages/airflow/example_dags/example_skip_dag.py
[2025-02-01T02:49:30.342+0000] {logging_mixin.py:137} INFO - [2025-02-01T02:49:30.342+0000] {dag.py:2690} INFO - Sync 1 DAGs
[2025-02-01T02:49:30.410+0000] {logging_mixin.py:137} INFO - [2025-02-01T02:49:30.410+0000] {dag.py:3441} INFO - Setting next_dagrun for example_skip_dag to 2025-01-31T02:49:30.409870+00:00, run_after=2025-02-01T02:49:30.409870+00:00
[2025-02-01T02:49:30.457+0000] {processor.py:175} INFO - Processing /home/airflow/.local/lib/python3.7/site-packages/airflow/example_dags/example_skip_dag.py took 0.214 seconds
[2025-02-01T02:50:00.982+0000] {processor.py:153} INFO - Started process (PID=1129) to work on /home/airflow/.local/lib/python3.7/site-packages/airflow/example_dags/example_skip_dag.py
[2025-02-01T02:50:00.985+0000] {processor.py:743} INFO - Processing file /home/airflow/.local/lib/python3.7/site-packages/airflow/example_dags/example_skip_dag.py for tasks to queue
[2025-02-01T02:50:00.986+0000] {logging_mixin.py:137} INFO - [2025-02-01T02:50:00.986+0000] {dagbag.py:538} INFO - Filling up the DagBag from /home/airflow/.local/lib/python3.7/site-packages/airflow/example_dags/example_skip_dag.py
[2025-02-01T02:50:01.020+0000] {processor.py:753} INFO - DAG(s) dict_keys(['example_skip_dag']) retrieved from /home/airflow/.local/lib/python3.7/site-packages/airflow/example_dags/example_skip_dag.py
[2025-02-01T02:50:01.078+0000] {logging_mixin.py:137} INFO - [2025-02-01T02:50:01.077+0000] {dag.py:2690} INFO - Sync 1 DAGs
[2025-02-01T02:50:01.142+0000] {logging_mixin.py:137} INFO - [2025-02-01T02:50:01.142+0000] {dag.py:3441} INFO - Setting next_dagrun for example_skip_dag to 2025-01-31T02:50:01.141320+00:00, run_after=2025-02-01T02:50:01.141320+00:00
[2025-02-01T02:50:01.207+0000] {processor.py:175} INFO - Processing /home/airflow/.local/lib/python3.7/site-packages/airflow/example_dags/example_skip_dag.py took 0.233 seconds
[2025-02-01T02:50:32.641+0000] {processor.py:153} INFO - Started process (PID=1188) to work on /home/airflow/.local/lib/python3.7/site-packages/airflow/example_dags/example_skip_dag.py
[2025-02-01T02:50:32.649+0000] {processor.py:743} INFO - Processing file /home/airflow/.local/lib/python3.7/site-packages/airflow/example_dags/example_skip_dag.py for tasks to queue
[2025-02-01T02:50:32.656+0000] {logging_mixin.py:137} INFO - [2025-02-01T02:50:32.656+0000] {dagbag.py:538} INFO - Filling up the DagBag from /home/airflow/.local/lib/python3.7/site-packages/airflow/example_dags/example_skip_dag.py
[2025-02-01T02:50:32.824+0000] {processor.py:753} INFO - DAG(s) dict_keys(['example_skip_dag']) retrieved from /home/airflow/.local/lib/python3.7/site-packages/airflow/example_dags/example_skip_dag.py
[2025-02-01T02:50:33.124+0000] {logging_mixin.py:137} INFO - [2025-02-01T02:50:33.124+0000] {dag.py:2690} INFO - Sync 1 DAGs
[2025-02-01T02:50:33.279+0000] {logging_mixin.py:137} INFO - [2025-02-01T02:50:33.274+0000] {dag.py:3441} INFO - Setting next_dagrun for example_skip_dag to 2025-01-31T02:50:33.274362+00:00, run_after=2025-02-01T02:50:33.274362+00:00
[2025-02-01T02:50:33.411+0000] {processor.py:175} INFO - Processing /home/airflow/.local/lib/python3.7/site-packages/airflow/example_dags/example_skip_dag.py took 0.805 seconds
[2025-02-01T02:51:03.774+0000] {processor.py:153} INFO - Started process (PID=1243) to work on /home/airflow/.local/lib/python3.7/site-packages/airflow/example_dags/example_skip_dag.py
[2025-02-01T02:51:03.778+0000] {processor.py:743} INFO - Processing file /home/airflow/.local/lib/python3.7/site-packages/airflow/example_dags/example_skip_dag.py for tasks to queue
[2025-02-01T02:51:03.784+0000] {logging_mixin.py:137} INFO - [2025-02-01T02:51:03.780+0000] {dagbag.py:538} INFO - Filling up the DagBag from /home/airflow/.local/lib/python3.7/site-packages/airflow/example_dags/example_skip_dag.py
[2025-02-01T02:51:03.900+0000] {processor.py:753} INFO - DAG(s) dict_keys(['example_skip_dag']) retrieved from /home/airflow/.local/lib/python3.7/site-packages/airflow/example_dags/example_skip_dag.py
[2025-02-01T02:51:04.177+0000] {logging_mixin.py:137} INFO - [2025-02-01T02:51:04.177+0000] {dag.py:2690} INFO - Sync 1 DAGs
[2025-02-01T02:51:04.436+0000] {logging_mixin.py:137} INFO - [2025-02-01T02:51:04.435+0000] {dag.py:3441} INFO - Setting next_dagrun for example_skip_dag to 2025-01-31T02:51:04.435239+00:00, run_after=2025-02-01T02:51:04.435239+00:00
[2025-02-01T02:51:04.694+0000] {processor.py:175} INFO - Processing /home/airflow/.local/lib/python3.7/site-packages/airflow/example_dags/example_skip_dag.py took 0.942 seconds
[2025-02-01T02:51:35.345+0000] {processor.py:153} INFO - Started process (PID=1295) to work on /home/airflow/.local/lib/python3.7/site-packages/airflow/example_dags/example_skip_dag.py
[2025-02-01T02:51:35.353+0000] {processor.py:743} INFO - Processing file /home/airflow/.local/lib/python3.7/site-packages/airflow/example_dags/example_skip_dag.py for tasks to queue
[2025-02-01T02:51:35.358+0000] {logging_mixin.py:137} INFO - [2025-02-01T02:51:35.358+0000] {dagbag.py:538} INFO - Filling up the DagBag from /home/airflow/.local/lib/python3.7/site-packages/airflow/example_dags/example_skip_dag.py
[2025-02-01T02:51:35.477+0000] {processor.py:753} INFO - DAG(s) dict_keys(['example_skip_dag']) retrieved from /home/airflow/.local/lib/python3.7/site-packages/airflow/example_dags/example_skip_dag.py
[2025-02-01T02:51:35.630+0000] {logging_mixin.py:137} INFO - [2025-02-01T02:51:35.630+0000] {dag.py:2690} INFO - Sync 1 DAGs
[2025-02-01T02:51:35.787+0000] {logging_mixin.py:137} INFO - [2025-02-01T02:51:35.786+0000] {dag.py:3441} INFO - Setting next_dagrun for example_skip_dag to 2025-01-31T02:51:35.786233+00:00, run_after=2025-02-01T02:51:35.786233+00:00
[2025-02-01T02:51:35.851+0000] {processor.py:175} INFO - Processing /home/airflow/.local/lib/python3.7/site-packages/airflow/example_dags/example_skip_dag.py took 0.532 seconds
[2025-02-01T02:52:06.186+0000] {processor.py:153} INFO - Started process (PID=1353) to work on /home/airflow/.local/lib/python3.7/site-packages/airflow/example_dags/example_skip_dag.py
[2025-02-01T02:52:06.193+0000] {processor.py:743} INFO - Processing file /home/airflow/.local/lib/python3.7/site-packages/airflow/example_dags/example_skip_dag.py for tasks to queue
[2025-02-01T02:52:06.200+0000] {logging_mixin.py:137} INFO - [2025-02-01T02:52:06.200+0000] {dagbag.py:538} INFO - Filling up the DagBag from /home/airflow/.local/lib/python3.7/site-packages/airflow/example_dags/example_skip_dag.py
[2025-02-01T02:52:06.316+0000] {processor.py:753} INFO - DAG(s) dict_keys(['example_skip_dag']) retrieved from /home/airflow/.local/lib/python3.7/site-packages/airflow/example_dags/example_skip_dag.py
[2025-02-01T02:52:06.512+0000] {logging_mixin.py:137} INFO - [2025-02-01T02:52:06.511+0000] {dag.py:2690} INFO - Sync 1 DAGs
[2025-02-01T02:52:06.656+0000] {logging_mixin.py:137} INFO - [2025-02-01T02:52:06.651+0000] {dag.py:3441} INFO - Setting next_dagrun for example_skip_dag to 2025-01-31T02:52:06.651237+00:00, run_after=2025-02-01T02:52:06.651237+00:00
[2025-02-01T02:52:06.853+0000] {processor.py:175} INFO - Processing /home/airflow/.local/lib/python3.7/site-packages/airflow/example_dags/example_skip_dag.py took 0.684 seconds
[2025-02-01T02:52:37.392+0000] {processor.py:153} INFO - Started process (PID=1412) to work on /home/airflow/.local/lib/python3.7/site-packages/airflow/example_dags/example_skip_dag.py
[2025-02-01T02:52:37.394+0000] {processor.py:743} INFO - Processing file /home/airflow/.local/lib/python3.7/site-packages/airflow/example_dags/example_skip_dag.py for tasks to queue
[2025-02-01T02:52:37.395+0000] {logging_mixin.py:137} INFO - [2025-02-01T02:52:37.395+0000] {dagbag.py:538} INFO - Filling up the DagBag from /home/airflow/.local/lib/python3.7/site-packages/airflow/example_dags/example_skip_dag.py
[2025-02-01T02:52:37.429+0000] {processor.py:753} INFO - DAG(s) dict_keys(['example_skip_dag']) retrieved from /home/airflow/.local/lib/python3.7/site-packages/airflow/example_dags/example_skip_dag.py
[2025-02-01T02:52:37.521+0000] {logging_mixin.py:137} INFO - [2025-02-01T02:52:37.520+0000] {dag.py:2690} INFO - Sync 1 DAGs
[2025-02-01T02:52:37.654+0000] {logging_mixin.py:137} INFO - [2025-02-01T02:52:37.654+0000] {dag.py:3441} INFO - Setting next_dagrun for example_skip_dag to 2025-01-31T02:52:37.653860+00:00, run_after=2025-02-01T02:52:37.653860+00:00
[2025-02-01T02:52:37.700+0000] {processor.py:175} INFO - Processing /home/airflow/.local/lib/python3.7/site-packages/airflow/example_dags/example_skip_dag.py took 0.317 seconds
[2025-02-01T02:53:08.263+0000] {processor.py:153} INFO - Started process (PID=1471) to work on /home/airflow/.local/lib/python3.7/site-packages/airflow/example_dags/example_skip_dag.py
[2025-02-01T02:53:08.264+0000] {processor.py:743} INFO - Processing file /home/airflow/.local/lib/python3.7/site-packages/airflow/example_dags/example_skip_dag.py for tasks to queue
[2025-02-01T02:53:08.268+0000] {logging_mixin.py:137} INFO - [2025-02-01T02:53:08.268+0000] {dagbag.py:538} INFO - Filling up the DagBag from /home/airflow/.local/lib/python3.7/site-packages/airflow/example_dags/example_skip_dag.py
[2025-02-01T02:53:08.339+0000] {processor.py:753} INFO - DAG(s) dict_keys(['example_skip_dag']) retrieved from /home/airflow/.local/lib/python3.7/site-packages/airflow/example_dags/example_skip_dag.py
[2025-02-01T02:53:08.437+0000] {logging_mixin.py:137} INFO - [2025-02-01T02:53:08.437+0000] {dag.py:2690} INFO - Sync 1 DAGs
[2025-02-01T02:53:08.503+0000] {logging_mixin.py:137} INFO - [2025-02-01T02:53:08.503+0000] {dag.py:3441} INFO - Setting next_dagrun for example_skip_dag to 2025-01-31T02:53:08.502560+00:00, run_after=2025-02-01T02:53:08.502560+00:00
[2025-02-01T02:53:08.573+0000] {processor.py:175} INFO - Processing /home/airflow/.local/lib/python3.7/site-packages/airflow/example_dags/example_skip_dag.py took 0.326 seconds
[2025-02-01T02:53:39.693+0000] {processor.py:153} INFO - Started process (PID=1529) to work on /home/airflow/.local/lib/python3.7/site-packages/airflow/example_dags/example_skip_dag.py
[2025-02-01T02:53:39.697+0000] {processor.py:743} INFO - Processing file /home/airflow/.local/lib/python3.7/site-packages/airflow/example_dags/example_skip_dag.py for tasks to queue
[2025-02-01T02:53:39.701+0000] {logging_mixin.py:137} INFO - [2025-02-01T02:53:39.699+0000] {dagbag.py:538} INFO - Filling up the DagBag from /home/airflow/.local/lib/python3.7/site-packages/airflow/example_dags/example_skip_dag.py
[2025-02-01T02:53:39.781+0000] {processor.py:753} INFO - DAG(s) dict_keys(['example_skip_dag']) retrieved from /home/airflow/.local/lib/python3.7/site-packages/airflow/example_dags/example_skip_dag.py
[2025-02-01T02:53:39.912+0000] {logging_mixin.py:137} INFO - [2025-02-01T02:53:39.912+0000] {dag.py:2690} INFO - Sync 1 DAGs
[2025-02-01T02:53:40.100+0000] {logging_mixin.py:137} INFO - [2025-02-01T02:53:40.098+0000] {dag.py:3441} INFO - Setting next_dagrun for example_skip_dag to 2025-01-31T02:53:40.097421+00:00, run_after=2025-02-01T02:53:40.097421+00:00
[2025-02-01T02:53:40.242+0000] {processor.py:175} INFO - Processing /home/airflow/.local/lib/python3.7/site-packages/airflow/example_dags/example_skip_dag.py took 0.585 seconds
[2025-02-01T02:54:11.932+0000] {processor.py:153} INFO - Started process (PID=1585) to work on /home/airflow/.local/lib/python3.7/site-packages/airflow/example_dags/example_skip_dag.py
[2025-02-01T02:54:11.933+0000] {processor.py:743} INFO - Processing file /home/airflow/.local/lib/python3.7/site-packages/airflow/example_dags/example_skip_dag.py for tasks to queue
[2025-02-01T02:54:11.947+0000] {logging_mixin.py:137} INFO - [2025-02-01T02:54:11.947+0000] {dagbag.py:538} INFO - Filling up the DagBag from /home/airflow/.local/lib/python3.7/site-packages/airflow/example_dags/example_skip_dag.py
[2025-02-01T02:54:12.107+0000] {processor.py:753} INFO - DAG(s) dict_keys(['example_skip_dag']) retrieved from /home/airflow/.local/lib/python3.7/site-packages/airflow/example_dags/example_skip_dag.py
[2025-02-01T02:54:12.327+0000] {logging_mixin.py:137} INFO - [2025-02-01T02:54:12.326+0000] {dag.py:2690} INFO - Sync 1 DAGs
[2025-02-01T02:54:12.617+0000] {logging_mixin.py:137} INFO - [2025-02-01T02:54:12.614+0000] {dag.py:3441} INFO - Setting next_dagrun for example_skip_dag to 2025-01-31T02:54:12.613540+00:00, run_after=2025-02-01T02:54:12.613540+00:00
[2025-02-01T02:54:12.757+0000] {processor.py:175} INFO - Processing /home/airflow/.local/lib/python3.7/site-packages/airflow/example_dags/example_skip_dag.py took 0.863 seconds
[2025-02-01T02:54:43.013+0000] {processor.py:153} INFO - Started process (PID=1640) to work on /home/airflow/.local/lib/python3.7/site-packages/airflow/example_dags/example_skip_dag.py
[2025-02-01T02:54:43.015+0000] {processor.py:743} INFO - Processing file /home/airflow/.local/lib/python3.7/site-packages/airflow/example_dags/example_skip_dag.py for tasks to queue
[2025-02-01T02:54:43.017+0000] {logging_mixin.py:137} INFO - [2025-02-01T02:54:43.016+0000] {dagbag.py:538} INFO - Filling up the DagBag from /home/airflow/.local/lib/python3.7/site-packages/airflow/example_dags/example_skip_dag.py
[2025-02-01T02:54:43.094+0000] {processor.py:753} INFO - DAG(s) dict_keys(['example_skip_dag']) retrieved from /home/airflow/.local/lib/python3.7/site-packages/airflow/example_dags/example_skip_dag.py
[2025-02-01T02:54:43.192+0000] {logging_mixin.py:137} INFO - [2025-02-01T02:54:43.191+0000] {dag.py:2690} INFO - Sync 1 DAGs
[2025-02-01T02:54:43.304+0000] {logging_mixin.py:137} INFO - [2025-02-01T02:54:43.303+0000] {dag.py:3441} INFO - Setting next_dagrun for example_skip_dag to 2025-01-31T02:54:43.303124+00:00, run_after=2025-02-01T02:54:43.303124+00:00
[2025-02-01T02:54:43.370+0000] {processor.py:175} INFO - Processing /home/airflow/.local/lib/python3.7/site-packages/airflow/example_dags/example_skip_dag.py took 0.374 seconds
[2025-02-01T02:55:13.741+0000] {processor.py:153} INFO - Started process (PID=1698) to work on /home/airflow/.local/lib/python3.7/site-packages/airflow/example_dags/example_skip_dag.py
[2025-02-01T02:55:13.745+0000] {processor.py:743} INFO - Processing file /home/airflow/.local/lib/python3.7/site-packages/airflow/example_dags/example_skip_dag.py for tasks to queue
[2025-02-01T02:55:13.752+0000] {logging_mixin.py:137} INFO - [2025-02-01T02:55:13.751+0000] {dagbag.py:538} INFO - Filling up the DagBag from /home/airflow/.local/lib/python3.7/site-packages/airflow/example_dags/example_skip_dag.py
[2025-02-01T02:55:13.816+0000] {processor.py:753} INFO - DAG(s) dict_keys(['example_skip_dag']) retrieved from /home/airflow/.local/lib/python3.7/site-packages/airflow/example_dags/example_skip_dag.py
[2025-02-01T02:55:13.880+0000] {logging_mixin.py:137} INFO - [2025-02-01T02:55:13.880+0000] {dag.py:2690} INFO - Sync 1 DAGs
[2025-02-01T02:55:13.943+0000] {logging_mixin.py:137} INFO - [2025-02-01T02:55:13.943+0000] {dag.py:3441} INFO - Setting next_dagrun for example_skip_dag to 2025-01-31T02:55:13.943069+00:00, run_after=2025-02-01T02:55:13.943069+00:00
[2025-02-01T02:55:14.078+0000] {processor.py:175} INFO - Processing /home/airflow/.local/lib/python3.7/site-packages/airflow/example_dags/example_skip_dag.py took 0.353 seconds
[2025-02-01T02:55:45.122+0000] {processor.py:153} INFO - Started process (PID=1757) to work on /home/airflow/.local/lib/python3.7/site-packages/airflow/example_dags/example_skip_dag.py
[2025-02-01T02:55:45.126+0000] {processor.py:743} INFO - Processing file /home/airflow/.local/lib/python3.7/site-packages/airflow/example_dags/example_skip_dag.py for tasks to queue
[2025-02-01T02:55:45.128+0000] {logging_mixin.py:137} INFO - [2025-02-01T02:55:45.127+0000] {dagbag.py:538} INFO - Filling up the DagBag from /home/airflow/.local/lib/python3.7/site-packages/airflow/example_dags/example_skip_dag.py
[2025-02-01T02:55:45.191+0000] {processor.py:753} INFO - DAG(s) dict_keys(['example_skip_dag']) retrieved from /home/airflow/.local/lib/python3.7/site-packages/airflow/example_dags/example_skip_dag.py
[2025-02-01T02:55:45.259+0000] {logging_mixin.py:137} INFO - [2025-02-01T02:55:45.259+0000] {dag.py:2690} INFO - Sync 1 DAGs
[2025-02-01T02:55:45.378+0000] {logging_mixin.py:137} INFO - [2025-02-01T02:55:45.377+0000] {dag.py:3441} INFO - Setting next_dagrun for example_skip_dag to 2025-01-31T02:55:45.377055+00:00, run_after=2025-02-01T02:55:45.377055+00:00
[2025-02-01T02:55:45.430+0000] {processor.py:175} INFO - Processing /home/airflow/.local/lib/python3.7/site-packages/airflow/example_dags/example_skip_dag.py took 0.320 seconds
[2025-02-01T02:56:16.194+0000] {processor.py:153} INFO - Started process (PID=1816) to work on /home/airflow/.local/lib/python3.7/site-packages/airflow/example_dags/example_skip_dag.py
[2025-02-01T02:56:16.209+0000] {processor.py:743} INFO - Processing file /home/airflow/.local/lib/python3.7/site-packages/airflow/example_dags/example_skip_dag.py for tasks to queue
[2025-02-01T02:56:16.221+0000] {logging_mixin.py:137} INFO - [2025-02-01T02:56:16.220+0000] {dagbag.py:538} INFO - Filling up the DagBag from /home/airflow/.local/lib/python3.7/site-packages/airflow/example_dags/example_skip_dag.py
[2025-02-01T02:56:16.374+0000] {processor.py:753} INFO - DAG(s) dict_keys(['example_skip_dag']) retrieved from /home/airflow/.local/lib/python3.7/site-packages/airflow/example_dags/example_skip_dag.py
[2025-02-01T02:56:16.580+0000] {logging_mixin.py:137} INFO - [2025-02-01T02:56:16.579+0000] {dag.py:2690} INFO - Sync 1 DAGs
[2025-02-01T02:56:16.742+0000] {logging_mixin.py:137} INFO - [2025-02-01T02:56:16.741+0000] {dag.py:3441} INFO - Setting next_dagrun for example_skip_dag to 2025-01-31T02:56:16.741249+00:00, run_after=2025-02-01T02:56:16.741249+00:00
[2025-02-01T02:56:16.884+0000] {processor.py:175} INFO - Processing /home/airflow/.local/lib/python3.7/site-packages/airflow/example_dags/example_skip_dag.py took 0.749 seconds
[2025-02-01T02:56:47.549+0000] {processor.py:153} INFO - Started process (PID=1873) to work on /home/airflow/.local/lib/python3.7/site-packages/airflow/example_dags/example_skip_dag.py
[2025-02-01T02:56:47.552+0000] {processor.py:743} INFO - Processing file /home/airflow/.local/lib/python3.7/site-packages/airflow/example_dags/example_skip_dag.py for tasks to queue
[2025-02-01T02:56:47.556+0000] {logging_mixin.py:137} INFO - [2025-02-01T02:56:47.554+0000] {dagbag.py:538} INFO - Filling up the DagBag from /home/airflow/.local/lib/python3.7/site-packages/airflow/example_dags/example_skip_dag.py
[2025-02-01T02:56:47.625+0000] {processor.py:753} INFO - DAG(s) dict_keys(['example_skip_dag']) retrieved from /home/airflow/.local/lib/python3.7/site-packages/airflow/example_dags/example_skip_dag.py
[2025-02-01T02:56:47.756+0000] {logging_mixin.py:137} INFO - [2025-02-01T02:56:47.755+0000] {dag.py:2690} INFO - Sync 1 DAGs
[2025-02-01T02:56:47.957+0000] {logging_mixin.py:137} INFO - [2025-02-01T02:56:47.957+0000] {dag.py:3441} INFO - Setting next_dagrun for example_skip_dag to 2025-01-31T02:56:47.957038+00:00, run_after=2025-02-01T02:56:47.957038+00:00
[2025-02-01T02:56:48.042+0000] {processor.py:175} INFO - Processing /home/airflow/.local/lib/python3.7/site-packages/airflow/example_dags/example_skip_dag.py took 0.511 seconds
[2025-02-01T02:57:18.384+0000] {processor.py:153} INFO - Started process (PID=1925) to work on /home/airflow/.local/lib/python3.7/site-packages/airflow/example_dags/example_skip_dag.py
[2025-02-01T02:57:18.386+0000] {processor.py:743} INFO - Processing file /home/airflow/.local/lib/python3.7/site-packages/airflow/example_dags/example_skip_dag.py for tasks to queue
[2025-02-01T02:57:18.390+0000] {logging_mixin.py:137} INFO - [2025-02-01T02:57:18.387+0000] {dagbag.py:538} INFO - Filling up the DagBag from /home/airflow/.local/lib/python3.7/site-packages/airflow/example_dags/example_skip_dag.py
[2025-02-01T02:57:18.449+0000] {processor.py:753} INFO - DAG(s) dict_keys(['example_skip_dag']) retrieved from /home/airflow/.local/lib/python3.7/site-packages/airflow/example_dags/example_skip_dag.py
[2025-02-01T02:57:18.509+0000] {logging_mixin.py:137} INFO - [2025-02-01T02:57:18.508+0000] {dag.py:2690} INFO - Sync 1 DAGs
[2025-02-01T02:57:18.576+0000] {logging_mixin.py:137} INFO - [2025-02-01T02:57:18.575+0000] {dag.py:3441} INFO - Setting next_dagrun for example_skip_dag to 2025-01-31T02:57:18.575111+00:00, run_after=2025-02-01T02:57:18.575111+00:00
[2025-02-01T02:57:18.623+0000] {processor.py:175} INFO - Processing /home/airflow/.local/lib/python3.7/site-packages/airflow/example_dags/example_skip_dag.py took 0.248 seconds
[2025-02-01T02:57:49.769+0000] {processor.py:153} INFO - Started process (PID=1983) to work on /home/airflow/.local/lib/python3.7/site-packages/airflow/example_dags/example_skip_dag.py
[2025-02-01T02:57:49.779+0000] {processor.py:743} INFO - Processing file /home/airflow/.local/lib/python3.7/site-packages/airflow/example_dags/example_skip_dag.py for tasks to queue
[2025-02-01T02:57:49.784+0000] {logging_mixin.py:137} INFO - [2025-02-01T02:57:49.784+0000] {dagbag.py:538} INFO - Filling up the DagBag from /home/airflow/.local/lib/python3.7/site-packages/airflow/example_dags/example_skip_dag.py
[2025-02-01T02:57:49.933+0000] {processor.py:753} INFO - DAG(s) dict_keys(['example_skip_dag']) retrieved from /home/airflow/.local/lib/python3.7/site-packages/airflow/example_dags/example_skip_dag.py
[2025-02-01T02:57:50.195+0000] {logging_mixin.py:137} INFO - [2025-02-01T02:57:50.195+0000] {dag.py:2690} INFO - Sync 1 DAGs
[2025-02-01T02:57:50.400+0000] {logging_mixin.py:137} INFO - [2025-02-01T02:57:50.400+0000] {dag.py:3441} INFO - Setting next_dagrun for example_skip_dag to 2025-01-31T02:57:50.400112+00:00, run_after=2025-02-01T02:57:50.400112+00:00
[2025-02-01T02:57:50.499+0000] {processor.py:175} INFO - Processing /home/airflow/.local/lib/python3.7/site-packages/airflow/example_dags/example_skip_dag.py took 0.764 seconds
[2025-02-01T02:58:21.314+0000] {processor.py:153} INFO - Started process (PID=2033) to work on /home/airflow/.local/lib/python3.7/site-packages/airflow/example_dags/example_skip_dag.py
[2025-02-01T02:58:21.322+0000] {processor.py:743} INFO - Processing file /home/airflow/.local/lib/python3.7/site-packages/airflow/example_dags/example_skip_dag.py for tasks to queue
[2025-02-01T02:58:21.327+0000] {logging_mixin.py:137} INFO - [2025-02-01T02:58:21.326+0000] {dagbag.py:538} INFO - Filling up the DagBag from /home/airflow/.local/lib/python3.7/site-packages/airflow/example_dags/example_skip_dag.py
[2025-02-01T02:58:21.401+0000] {processor.py:753} INFO - DAG(s) dict_keys(['example_skip_dag']) retrieved from /home/airflow/.local/lib/python3.7/site-packages/airflow/example_dags/example_skip_dag.py
[2025-02-01T02:58:21.527+0000] {logging_mixin.py:137} INFO - [2025-02-01T02:58:21.526+0000] {dag.py:2690} INFO - Sync 1 DAGs
[2025-02-01T02:58:21.646+0000] {logging_mixin.py:137} INFO - [2025-02-01T02:58:21.646+0000] {dag.py:3441} INFO - Setting next_dagrun for example_skip_dag to 2025-01-31T02:58:21.645465+00:00, run_after=2025-02-01T02:58:21.645465+00:00
[2025-02-01T02:58:21.711+0000] {processor.py:175} INFO - Processing /home/airflow/.local/lib/python3.7/site-packages/airflow/example_dags/example_skip_dag.py took 0.423 seconds
[2025-02-01T02:58:52.471+0000] {processor.py:153} INFO - Started process (PID=2092) to work on /home/airflow/.local/lib/python3.7/site-packages/airflow/example_dags/example_skip_dag.py
[2025-02-01T02:58:52.473+0000] {processor.py:743} INFO - Processing file /home/airflow/.local/lib/python3.7/site-packages/airflow/example_dags/example_skip_dag.py for tasks to queue
[2025-02-01T02:58:52.475+0000] {logging_mixin.py:137} INFO - [2025-02-01T02:58:52.474+0000] {dagbag.py:538} INFO - Filling up the DagBag from /home/airflow/.local/lib/python3.7/site-packages/airflow/example_dags/example_skip_dag.py
[2025-02-01T02:58:52.508+0000] {processor.py:753} INFO - DAG(s) dict_keys(['example_skip_dag']) retrieved from /home/airflow/.local/lib/python3.7/site-packages/airflow/example_dags/example_skip_dag.py
[2025-02-01T02:58:52.568+0000] {logging_mixin.py:137} INFO - [2025-02-01T02:58:52.568+0000] {dag.py:2690} INFO - Sync 1 DAGs
[2025-02-01T02:58:52.637+0000] {logging_mixin.py:137} INFO - [2025-02-01T02:58:52.636+0000] {dag.py:3441} INFO - Setting next_dagrun for example_skip_dag to 2025-01-31T02:58:52.636185+00:00, run_after=2025-02-01T02:58:52.636185+00:00
[2025-02-01T02:58:52.689+0000] {processor.py:175} INFO - Processing /home/airflow/.local/lib/python3.7/site-packages/airflow/example_dags/example_skip_dag.py took 0.227 seconds
[2025-02-01T02:59:22.790+0000] {processor.py:153} INFO - Started process (PID=2149) to work on /home/airflow/.local/lib/python3.7/site-packages/airflow/example_dags/example_skip_dag.py
[2025-02-01T02:59:22.792+0000] {processor.py:743} INFO - Processing file /home/airflow/.local/lib/python3.7/site-packages/airflow/example_dags/example_skip_dag.py for tasks to queue
[2025-02-01T02:59:22.795+0000] {logging_mixin.py:137} INFO - [2025-02-01T02:59:22.795+0000] {dagbag.py:538} INFO - Filling up the DagBag from /home/airflow/.local/lib/python3.7/site-packages/airflow/example_dags/example_skip_dag.py
[2025-02-01T02:59:22.827+0000] {processor.py:753} INFO - DAG(s) dict_keys(['example_skip_dag']) retrieved from /home/airflow/.local/lib/python3.7/site-packages/airflow/example_dags/example_skip_dag.py
[2025-02-01T02:59:22.886+0000] {logging_mixin.py:137} INFO - [2025-02-01T02:59:22.885+0000] {dag.py:2690} INFO - Sync 1 DAGs
[2025-02-01T02:59:22.953+0000] {logging_mixin.py:137} INFO - [2025-02-01T02:59:22.952+0000] {dag.py:3441} INFO - Setting next_dagrun for example_skip_dag to 2025-01-31T02:59:22.952164+00:00, run_after=2025-02-01T02:59:22.952164+00:00
[2025-02-01T02:59:22.999+0000] {processor.py:175} INFO - Processing /home/airflow/.local/lib/python3.7/site-packages/airflow/example_dags/example_skip_dag.py took 0.216 seconds
[2025-02-01T02:59:54.115+0000] {processor.py:153} INFO - Started process (PID=2207) to work on /home/airflow/.local/lib/python3.7/site-packages/airflow/example_dags/example_skip_dag.py
[2025-02-01T02:59:54.119+0000] {processor.py:743} INFO - Processing file /home/airflow/.local/lib/python3.7/site-packages/airflow/example_dags/example_skip_dag.py for tasks to queue
[2025-02-01T02:59:54.123+0000] {logging_mixin.py:137} INFO - [2025-02-01T02:59:54.122+0000] {dagbag.py:538} INFO - Filling up the DagBag from /home/airflow/.local/lib/python3.7/site-packages/airflow/example_dags/example_skip_dag.py
[2025-02-01T02:59:54.265+0000] {processor.py:753} INFO - DAG(s) dict_keys(['example_skip_dag']) retrieved from /home/airflow/.local/lib/python3.7/site-packages/airflow/example_dags/example_skip_dag.py
[2025-02-01T02:59:54.354+0000] {logging_mixin.py:137} INFO - [2025-02-01T02:59:54.354+0000] {dag.py:2690} INFO - Sync 1 DAGs
[2025-02-01T02:59:54.532+0000] {logging_mixin.py:137} INFO - [2025-02-01T02:59:54.531+0000] {dag.py:3441} INFO - Setting next_dagrun for example_skip_dag to 2025-01-31T02:59:54.531258+00:00, run_after=2025-02-01T02:59:54.531258+00:00
[2025-02-01T02:59:54.718+0000] {processor.py:175} INFO - Processing /home/airflow/.local/lib/python3.7/site-packages/airflow/example_dags/example_skip_dag.py took 0.643 seconds
[2025-02-01T03:00:25.886+0000] {processor.py:153} INFO - Started process (PID=2257) to work on /home/airflow/.local/lib/python3.7/site-packages/airflow/example_dags/example_skip_dag.py
[2025-02-01T03:00:25.901+0000] {processor.py:743} INFO - Processing file /home/airflow/.local/lib/python3.7/site-packages/airflow/example_dags/example_skip_dag.py for tasks to queue
[2025-02-01T03:00:25.912+0000] {logging_mixin.py:137} INFO - [2025-02-01T03:00:25.903+0000] {dagbag.py:538} INFO - Filling up the DagBag from /home/airflow/.local/lib/python3.7/site-packages/airflow/example_dags/example_skip_dag.py
[2025-02-01T03:00:26.159+0000] {processor.py:753} INFO - DAG(s) dict_keys(['example_skip_dag']) retrieved from /home/airflow/.local/lib/python3.7/site-packages/airflow/example_dags/example_skip_dag.py
[2025-02-01T03:00:26.465+0000] {logging_mixin.py:137} INFO - [2025-02-01T03:00:26.464+0000] {dag.py:2690} INFO - Sync 1 DAGs
[2025-02-01T03:00:26.996+0000] {logging_mixin.py:137} INFO - [2025-02-01T03:00:26.972+0000] {dag.py:3441} INFO - Setting next_dagrun for example_skip_dag to 2025-01-31T03:00:26.971235+00:00, run_after=2025-02-01T03:00:26.971235+00:00
[2025-02-01T03:00:27.380+0000] {processor.py:175} INFO - Processing /home/airflow/.local/lib/python3.7/site-packages/airflow/example_dags/example_skip_dag.py took 1.559 seconds
[2025-02-01T03:00:58.401+0000] {processor.py:153} INFO - Started process (PID=2317) to work on /home/airflow/.local/lib/python3.7/site-packages/airflow/example_dags/example_skip_dag.py
[2025-02-01T03:00:58.403+0000] {processor.py:743} INFO - Processing file /home/airflow/.local/lib/python3.7/site-packages/airflow/example_dags/example_skip_dag.py for tasks to queue
[2025-02-01T03:00:58.405+0000] {logging_mixin.py:137} INFO - [2025-02-01T03:00:58.405+0000] {dagbag.py:538} INFO - Filling up the DagBag from /home/airflow/.local/lib/python3.7/site-packages/airflow/example_dags/example_skip_dag.py
[2025-02-01T03:00:58.440+0000] {processor.py:753} INFO - DAG(s) dict_keys(['example_skip_dag']) retrieved from /home/airflow/.local/lib/python3.7/site-packages/airflow/example_dags/example_skip_dag.py
[2025-02-01T03:00:58.495+0000] {logging_mixin.py:137} INFO - [2025-02-01T03:00:58.494+0000] {dag.py:2690} INFO - Sync 1 DAGs
[2025-02-01T03:00:58.562+0000] {logging_mixin.py:137} INFO - [2025-02-01T03:00:58.562+0000] {dag.py:3441} INFO - Setting next_dagrun for example_skip_dag to 2025-01-31T03:00:58.561877+00:00, run_after=2025-02-01T03:00:58.561877+00:00
[2025-02-01T03:00:58.616+0000] {processor.py:175} INFO - Processing /home/airflow/.local/lib/python3.7/site-packages/airflow/example_dags/example_skip_dag.py took 0.225 seconds
[2025-02-01T03:01:28.955+0000] {processor.py:153} INFO - Started process (PID=2376) to work on /home/airflow/.local/lib/python3.7/site-packages/airflow/example_dags/example_skip_dag.py
[2025-02-01T03:01:28.958+0000] {processor.py:743} INFO - Processing file /home/airflow/.local/lib/python3.7/site-packages/airflow/example_dags/example_skip_dag.py for tasks to queue
[2025-02-01T03:01:28.962+0000] {logging_mixin.py:137} INFO - [2025-02-01T03:01:28.959+0000] {dagbag.py:538} INFO - Filling up the DagBag from /home/airflow/.local/lib/python3.7/site-packages/airflow/example_dags/example_skip_dag.py
[2025-02-01T03:01:29.038+0000] {processor.py:753} INFO - DAG(s) dict_keys(['example_skip_dag']) retrieved from /home/airflow/.local/lib/python3.7/site-packages/airflow/example_dags/example_skip_dag.py
[2025-02-01T03:01:29.101+0000] {logging_mixin.py:137} INFO - [2025-02-01T03:01:29.101+0000] {dag.py:2690} INFO - Sync 1 DAGs
[2025-02-01T03:01:29.164+0000] {logging_mixin.py:137} INFO - [2025-02-01T03:01:29.164+0000] {dag.py:3441} INFO - Setting next_dagrun for example_skip_dag to 2025-01-31T03:01:29.163957+00:00, run_after=2025-02-01T03:01:29.163957+00:00
[2025-02-01T03:01:29.210+0000] {processor.py:175} INFO - Processing /home/airflow/.local/lib/python3.7/site-packages/airflow/example_dags/example_skip_dag.py took 0.263 seconds
[2025-02-01T03:01:59.798+0000] {processor.py:153} INFO - Started process (PID=2433) to work on /home/airflow/.local/lib/python3.7/site-packages/airflow/example_dags/example_skip_dag.py
[2025-02-01T03:01:59.801+0000] {processor.py:743} INFO - Processing file /home/airflow/.local/lib/python3.7/site-packages/airflow/example_dags/example_skip_dag.py for tasks to queue
[2025-02-01T03:01:59.805+0000] {logging_mixin.py:137} INFO - [2025-02-01T03:01:59.805+0000] {dagbag.py:538} INFO - Filling up the DagBag from /home/airflow/.local/lib/python3.7/site-packages/airflow/example_dags/example_skip_dag.py
[2025-02-01T03:01:59.875+0000] {processor.py:753} INFO - DAG(s) dict_keys(['example_skip_dag']) retrieved from /home/airflow/.local/lib/python3.7/site-packages/airflow/example_dags/example_skip_dag.py
[2025-02-01T03:01:59.999+0000] {logging_mixin.py:137} INFO - [2025-02-01T03:01:59.998+0000] {dag.py:2690} INFO - Sync 1 DAGs
[2025-02-01T03:02:00.132+0000] {logging_mixin.py:137} INFO - [2025-02-01T03:02:00.132+0000] {dag.py:3441} INFO - Setting next_dagrun for example_skip_dag to 2025-01-31T03:02:00.131946+00:00, run_after=2025-02-01T03:02:00.131946+00:00
[2025-02-01T03:02:00.218+0000] {processor.py:175} INFO - Processing /home/airflow/.local/lib/python3.7/site-packages/airflow/example_dags/example_skip_dag.py took 0.437 seconds
[2025-02-01T03:02:30.584+0000] {processor.py:153} INFO - Started process (PID=2483) to work on /home/airflow/.local/lib/python3.7/site-packages/airflow/example_dags/example_skip_dag.py
[2025-02-01T03:02:30.585+0000] {processor.py:743} INFO - Processing file /home/airflow/.local/lib/python3.7/site-packages/airflow/example_dags/example_skip_dag.py for tasks to queue
[2025-02-01T03:02:30.587+0000] {logging_mixin.py:137} INFO - [2025-02-01T03:02:30.587+0000] {dagbag.py:538} INFO - Filling up the DagBag from /home/airflow/.local/lib/python3.7/site-packages/airflow/example_dags/example_skip_dag.py
[2025-02-01T03:02:30.628+0000] {processor.py:753} INFO - DAG(s) dict_keys(['example_skip_dag']) retrieved from /home/airflow/.local/lib/python3.7/site-packages/airflow/example_dags/example_skip_dag.py
[2025-02-01T03:02:30.718+0000] {logging_mixin.py:137} INFO - [2025-02-01T03:02:30.717+0000] {dag.py:2690} INFO - Sync 1 DAGs
[2025-02-01T03:02:30.807+0000] {logging_mixin.py:137} INFO - [2025-02-01T03:02:30.807+0000] {dag.py:3441} INFO - Setting next_dagrun for example_skip_dag to 2025-01-31T03:02:30.806883+00:00, run_after=2025-02-01T03:02:30.806883+00:00
[2025-02-01T03:02:30.852+0000] {processor.py:175} INFO - Processing /home/airflow/.local/lib/python3.7/site-packages/airflow/example_dags/example_skip_dag.py took 0.276 seconds
[2025-02-01T03:03:01.696+0000] {processor.py:153} INFO - Started process (PID=2542) to work on /home/airflow/.local/lib/python3.7/site-packages/airflow/example_dags/example_skip_dag.py
[2025-02-01T03:03:01.698+0000] {processor.py:743} INFO - Processing file /home/airflow/.local/lib/python3.7/site-packages/airflow/example_dags/example_skip_dag.py for tasks to queue
[2025-02-01T03:03:01.700+0000] {logging_mixin.py:137} INFO - [2025-02-01T03:03:01.699+0000] {dagbag.py:538} INFO - Filling up the DagBag from /home/airflow/.local/lib/python3.7/site-packages/airflow/example_dags/example_skip_dag.py
[2025-02-01T03:03:01.734+0000] {processor.py:753} INFO - DAG(s) dict_keys(['example_skip_dag']) retrieved from /home/airflow/.local/lib/python3.7/site-packages/airflow/example_dags/example_skip_dag.py
[2025-02-01T03:03:01.794+0000] {logging_mixin.py:137} INFO - [2025-02-01T03:03:01.793+0000] {dag.py:2690} INFO - Sync 1 DAGs
[2025-02-01T03:03:01.859+0000] {logging_mixin.py:137} INFO - [2025-02-01T03:03:01.859+0000] {dag.py:3441} INFO - Setting next_dagrun for example_skip_dag to 2025-01-31T03:03:01.858783+00:00, run_after=2025-02-01T03:03:01.858783+00:00
[2025-02-01T03:03:01.906+0000] {processor.py:175} INFO - Processing /home/airflow/.local/lib/python3.7/site-packages/airflow/example_dags/example_skip_dag.py took 0.217 seconds
[2025-02-01T03:03:33.484+0000] {processor.py:153} INFO - Started process (PID=2601) to work on /home/airflow/.local/lib/python3.7/site-packages/airflow/example_dags/example_skip_dag.py
[2025-02-01T03:03:33.490+0000] {processor.py:743} INFO - Processing file /home/airflow/.local/lib/python3.7/site-packages/airflow/example_dags/example_skip_dag.py for tasks to queue
[2025-02-01T03:03:33.495+0000] {logging_mixin.py:137} INFO - [2025-02-01T03:03:33.495+0000] {dagbag.py:538} INFO - Filling up the DagBag from /home/airflow/.local/lib/python3.7/site-packages/airflow/example_dags/example_skip_dag.py
[2025-02-01T03:03:33.643+0000] {processor.py:753} INFO - DAG(s) dict_keys(['example_skip_dag']) retrieved from /home/airflow/.local/lib/python3.7/site-packages/airflow/example_dags/example_skip_dag.py
[2025-02-01T03:03:33.932+0000] {logging_mixin.py:137} INFO - [2025-02-01T03:03:33.931+0000] {dag.py:2690} INFO - Sync 1 DAGs
[2025-02-01T03:03:34.288+0000] {logging_mixin.py:137} INFO - [2025-02-01T03:03:34.281+0000] {dag.py:3441} INFO - Setting next_dagrun for example_skip_dag to 2025-01-31T03:03:34.281225+00:00, run_after=2025-02-01T03:03:34.281225+00:00
[2025-02-01T03:03:34.577+0000] {processor.py:175} INFO - Processing /home/airflow/.local/lib/python3.7/site-packages/airflow/example_dags/example_skip_dag.py took 1.119 seconds
[2025-02-01T03:04:04.712+0000] {processor.py:153} INFO - Started process (PID=2650) to work on /home/airflow/.local/lib/python3.7/site-packages/airflow/example_dags/example_skip_dag.py
[2025-02-01T03:04:04.713+0000] {processor.py:743} INFO - Processing file /home/airflow/.local/lib/python3.7/site-packages/airflow/example_dags/example_skip_dag.py for tasks to queue
[2025-02-01T03:04:04.715+0000] {logging_mixin.py:137} INFO - [2025-02-01T03:04:04.714+0000] {dagbag.py:538} INFO - Filling up the DagBag from /home/airflow/.local/lib/python3.7/site-packages/airflow/example_dags/example_skip_dag.py
[2025-02-01T03:04:04.750+0000] {processor.py:753} INFO - DAG(s) dict_keys(['example_skip_dag']) retrieved from /home/airflow/.local/lib/python3.7/site-packages/airflow/example_dags/example_skip_dag.py
[2025-02-01T03:04:04.809+0000] {logging_mixin.py:137} INFO - [2025-02-01T03:04:04.809+0000] {dag.py:2690} INFO - Sync 1 DAGs
[2025-02-01T03:04:04.874+0000] {logging_mixin.py:137} INFO - [2025-02-01T03:04:04.874+0000] {dag.py:3441} INFO - Setting next_dagrun for example_skip_dag to 2025-01-31T03:04:04.873685+00:00, run_after=2025-02-01T03:04:04.873685+00:00
[2025-02-01T03:04:04.920+0000] {processor.py:175} INFO - Processing /home/airflow/.local/lib/python3.7/site-packages/airflow/example_dags/example_skip_dag.py took 0.215 seconds
[2025-02-01T03:04:35.684+0000] {processor.py:153} INFO - Started process (PID=2708) to work on /home/airflow/.local/lib/python3.7/site-packages/airflow/example_dags/example_skip_dag.py
[2025-02-01T03:04:35.686+0000] {processor.py:743} INFO - Processing file /home/airflow/.local/lib/python3.7/site-packages/airflow/example_dags/example_skip_dag.py for tasks to queue
[2025-02-01T03:04:35.689+0000] {logging_mixin.py:137} INFO - [2025-02-01T03:04:35.689+0000] {dagbag.py:538} INFO - Filling up the DagBag from /home/airflow/.local/lib/python3.7/site-packages/airflow/example_dags/example_skip_dag.py
[2025-02-01T03:04:35.729+0000] {processor.py:753} INFO - DAG(s) dict_keys(['example_skip_dag']) retrieved from /home/airflow/.local/lib/python3.7/site-packages/airflow/example_dags/example_skip_dag.py
[2025-02-01T03:04:35.818+0000] {logging_mixin.py:137} INFO - [2025-02-01T03:04:35.818+0000] {dag.py:2690} INFO - Sync 1 DAGs
[2025-02-01T03:04:35.886+0000] {logging_mixin.py:137} INFO - [2025-02-01T03:04:35.886+0000] {dag.py:3441} INFO - Setting next_dagrun for example_skip_dag to 2025-01-31T03:04:35.885986+00:00, run_after=2025-02-01T03:04:35.885986+00:00
[2025-02-01T03:04:35.935+0000] {processor.py:175} INFO - Processing /home/airflow/.local/lib/python3.7/site-packages/airflow/example_dags/example_skip_dag.py took 0.265 seconds
[2025-02-01T03:05:06.073+0000] {processor.py:153} INFO - Started process (PID=2766) to work on /home/airflow/.local/lib/python3.7/site-packages/airflow/example_dags/example_skip_dag.py
[2025-02-01T03:05:06.077+0000] {processor.py:743} INFO - Processing file /home/airflow/.local/lib/python3.7/site-packages/airflow/example_dags/example_skip_dag.py for tasks to queue
[2025-02-01T03:05:06.082+0000] {logging_mixin.py:137} INFO - [2025-02-01T03:05:06.082+0000] {dagbag.py:538} INFO - Filling up the DagBag from /home/airflow/.local/lib/python3.7/site-packages/airflow/example_dags/example_skip_dag.py
[2025-02-01T03:05:06.167+0000] {processor.py:753} INFO - DAG(s) dict_keys(['example_skip_dag']) retrieved from /home/airflow/.local/lib/python3.7/site-packages/airflow/example_dags/example_skip_dag.py
[2025-02-01T03:05:06.315+0000] {logging_mixin.py:137} INFO - [2025-02-01T03:05:06.314+0000] {dag.py:2690} INFO - Sync 1 DAGs
[2025-02-01T03:05:06.454+0000] {logging_mixin.py:137} INFO - [2025-02-01T03:05:06.453+0000] {dag.py:3441} INFO - Setting next_dagrun for example_skip_dag to 2025-01-31T03:05:06.450982+00:00, run_after=2025-02-01T03:05:06.450982+00:00
[2025-02-01T03:05:06.547+0000] {processor.py:175} INFO - Processing /home/airflow/.local/lib/python3.7/site-packages/airflow/example_dags/example_skip_dag.py took 0.490 seconds
[2025-02-01T03:05:37.229+0000] {processor.py:153} INFO - Started process (PID=2816) to work on /home/airflow/.local/lib/python3.7/site-packages/airflow/example_dags/example_skip_dag.py
[2025-02-01T03:05:37.231+0000] {processor.py:743} INFO - Processing file /home/airflow/.local/lib/python3.7/site-packages/airflow/example_dags/example_skip_dag.py for tasks to queue
[2025-02-01T03:05:37.235+0000] {logging_mixin.py:137} INFO - [2025-02-01T03:05:37.232+0000] {dagbag.py:538} INFO - Filling up the DagBag from /home/airflow/.local/lib/python3.7/site-packages/airflow/example_dags/example_skip_dag.py
[2025-02-01T03:05:37.338+0000] {processor.py:753} INFO - DAG(s) dict_keys(['example_skip_dag']) retrieved from /home/airflow/.local/lib/python3.7/site-packages/airflow/example_dags/example_skip_dag.py
[2025-02-01T03:05:37.409+0000] {logging_mixin.py:137} INFO - [2025-02-01T03:05:37.409+0000] {dag.py:2690} INFO - Sync 1 DAGs
[2025-02-01T03:05:37.473+0000] {logging_mixin.py:137} INFO - [2025-02-01T03:05:37.473+0000] {dag.py:3441} INFO - Setting next_dagrun for example_skip_dag to 2025-01-31T03:05:37.473080+00:00, run_after=2025-02-01T03:05:37.473080+00:00
[2025-02-01T03:05:37.523+0000] {processor.py:175} INFO - Processing /home/airflow/.local/lib/python3.7/site-packages/airflow/example_dags/example_skip_dag.py took 0.303 seconds
[2025-02-01T03:06:08.345+0000] {processor.py:153} INFO - Started process (PID=2875) to work on /home/airflow/.local/lib/python3.7/site-packages/airflow/example_dags/example_skip_dag.py
[2025-02-01T03:06:08.347+0000] {processor.py:743} INFO - Processing file /home/airflow/.local/lib/python3.7/site-packages/airflow/example_dags/example_skip_dag.py for tasks to queue
[2025-02-01T03:06:08.354+0000] {logging_mixin.py:137} INFO - [2025-02-01T03:06:08.354+0000] {dagbag.py:538} INFO - Filling up the DagBag from /home/airflow/.local/lib/python3.7/site-packages/airflow/example_dags/example_skip_dag.py
[2025-02-01T03:06:08.408+0000] {processor.py:753} INFO - DAG(s) dict_keys(['example_skip_dag']) retrieved from /home/airflow/.local/lib/python3.7/site-packages/airflow/example_dags/example_skip_dag.py
[2025-02-01T03:06:08.503+0000] {logging_mixin.py:137} INFO - [2025-02-01T03:06:08.502+0000] {dag.py:2690} INFO - Sync 1 DAGs
[2025-02-01T03:06:08.591+0000] {logging_mixin.py:137} INFO - [2025-02-01T03:06:08.591+0000] {dag.py:3441} INFO - Setting next_dagrun for example_skip_dag to 2025-01-31T03:06:08.590589+00:00, run_after=2025-02-01T03:06:08.590589+00:00
[2025-02-01T03:06:08.646+0000] {processor.py:175} INFO - Processing /home/airflow/.local/lib/python3.7/site-packages/airflow/example_dags/example_skip_dag.py took 0.327 seconds
[2025-02-01T03:06:39.427+0000] {processor.py:153} INFO - Started process (PID=2934) to work on /home/airflow/.local/lib/python3.7/site-packages/airflow/example_dags/example_skip_dag.py
[2025-02-01T03:06:39.435+0000] {processor.py:743} INFO - Processing file /home/airflow/.local/lib/python3.7/site-packages/airflow/example_dags/example_skip_dag.py for tasks to queue
[2025-02-01T03:06:39.443+0000] {logging_mixin.py:137} INFO - [2025-02-01T03:06:39.437+0000] {dagbag.py:538} INFO - Filling up the DagBag from /home/airflow/.local/lib/python3.7/site-packages/airflow/example_dags/example_skip_dag.py
[2025-02-01T03:06:39.535+0000] {processor.py:753} INFO - DAG(s) dict_keys(['example_skip_dag']) retrieved from /home/airflow/.local/lib/python3.7/site-packages/airflow/example_dags/example_skip_dag.py
[2025-02-01T03:06:39.636+0000] {logging_mixin.py:137} INFO - [2025-02-01T03:06:39.636+0000] {dag.py:2690} INFO - Sync 1 DAGs
[2025-02-01T03:06:39.699+0000] {logging_mixin.py:137} INFO - [2025-02-01T03:06:39.698+0000] {dag.py:3441} INFO - Setting next_dagrun for example_skip_dag to 2025-01-31T03:06:39.698270+00:00, run_after=2025-02-01T03:06:39.698270+00:00
[2025-02-01T03:06:39.746+0000] {processor.py:175} INFO - Processing /home/airflow/.local/lib/python3.7/site-packages/airflow/example_dags/example_skip_dag.py took 0.348 seconds
[2025-02-01T03:07:10.820+0000] {processor.py:153} INFO - Started process (PID=2993) to work on /home/airflow/.local/lib/python3.7/site-packages/airflow/example_dags/example_skip_dag.py
[2025-02-01T03:07:10.826+0000] {processor.py:743} INFO - Processing file /home/airflow/.local/lib/python3.7/site-packages/airflow/example_dags/example_skip_dag.py for tasks to queue
[2025-02-01T03:07:10.827+0000] {logging_mixin.py:137} INFO - [2025-02-01T03:07:10.827+0000] {dagbag.py:538} INFO - Filling up the DagBag from /home/airflow/.local/lib/python3.7/site-packages/airflow/example_dags/example_skip_dag.py
[2025-02-01T03:07:10.935+0000] {processor.py:753} INFO - DAG(s) dict_keys(['example_skip_dag']) retrieved from /home/airflow/.local/lib/python3.7/site-packages/airflow/example_dags/example_skip_dag.py
[2025-02-01T03:07:11.103+0000] {logging_mixin.py:137} INFO - [2025-02-01T03:07:11.102+0000] {dag.py:2690} INFO - Sync 1 DAGs
[2025-02-01T03:07:11.282+0000] {logging_mixin.py:137} INFO - [2025-02-01T03:07:11.282+0000] {dag.py:3441} INFO - Setting next_dagrun for example_skip_dag to 2025-01-31T03:07:11.281763+00:00, run_after=2025-02-01T03:07:11.281763+00:00
[2025-02-01T03:07:11.370+0000] {processor.py:175} INFO - Processing /home/airflow/.local/lib/python3.7/site-packages/airflow/example_dags/example_skip_dag.py took 0.574 seconds
[2025-02-01T03:07:42.347+0000] {processor.py:153} INFO - Started process (PID=3042) to work on /home/airflow/.local/lib/python3.7/site-packages/airflow/example_dags/example_skip_dag.py
[2025-02-01T03:07:42.350+0000] {processor.py:743} INFO - Processing file /home/airflow/.local/lib/python3.7/site-packages/airflow/example_dags/example_skip_dag.py for tasks to queue
[2025-02-01T03:07:42.352+0000] {logging_mixin.py:137} INFO - [2025-02-01T03:07:42.351+0000] {dagbag.py:538} INFO - Filling up the DagBag from /home/airflow/.local/lib/python3.7/site-packages/airflow/example_dags/example_skip_dag.py
[2025-02-01T03:07:42.386+0000] {processor.py:753} INFO - DAG(s) dict_keys(['example_skip_dag']) retrieved from /home/airflow/.local/lib/python3.7/site-packages/airflow/example_dags/example_skip_dag.py
[2025-02-01T03:07:42.449+0000] {logging_mixin.py:137} INFO - [2025-02-01T03:07:42.448+0000] {dag.py:2690} INFO - Sync 1 DAGs
[2025-02-01T03:07:42.512+0000] {logging_mixin.py:137} INFO - [2025-02-01T03:07:42.511+0000] {dag.py:3441} INFO - Setting next_dagrun for example_skip_dag to 2025-01-31T03:07:42.511275+00:00, run_after=2025-02-01T03:07:42.511275+00:00
[2025-02-01T03:07:42.558+0000] {processor.py:175} INFO - Processing /home/airflow/.local/lib/python3.7/site-packages/airflow/example_dags/example_skip_dag.py took 0.220 seconds
[2025-02-01T03:08:12.882+0000] {processor.py:153} INFO - Started process (PID=3100) to work on /home/airflow/.local/lib/python3.7/site-packages/airflow/example_dags/example_skip_dag.py
[2025-02-01T03:08:12.885+0000] {processor.py:743} INFO - Processing file /home/airflow/.local/lib/python3.7/site-packages/airflow/example_dags/example_skip_dag.py for tasks to queue
[2025-02-01T03:08:12.887+0000] {logging_mixin.py:137} INFO - [2025-02-01T03:08:12.886+0000] {dagbag.py:538} INFO - Filling up the DagBag from /home/airflow/.local/lib/python3.7/site-packages/airflow/example_dags/example_skip_dag.py
[2025-02-01T03:08:12.951+0000] {processor.py:753} INFO - DAG(s) dict_keys(['example_skip_dag']) retrieved from /home/airflow/.local/lib/python3.7/site-packages/airflow/example_dags/example_skip_dag.py
[2025-02-01T03:08:13.070+0000] {logging_mixin.py:137} INFO - [2025-02-01T03:08:13.070+0000] {dag.py:2690} INFO - Sync 1 DAGs
[2025-02-01T03:08:13.191+0000] {logging_mixin.py:137} INFO - [2025-02-01T03:08:13.191+0000] {dag.py:3441} INFO - Setting next_dagrun for example_skip_dag to 2025-01-31T03:08:13.190406+00:00, run_after=2025-02-01T03:08:13.190406+00:00
[2025-02-01T03:08:13.255+0000] {processor.py:175} INFO - Processing /home/airflow/.local/lib/python3.7/site-packages/airflow/example_dags/example_skip_dag.py took 0.389 seconds
[2025-02-01T03:08:43.552+0000] {processor.py:153} INFO - Started process (PID=3157) to work on /home/airflow/.local/lib/python3.7/site-packages/airflow/example_dags/example_skip_dag.py
[2025-02-01T03:08:43.554+0000] {processor.py:743} INFO - Processing file /home/airflow/.local/lib/python3.7/site-packages/airflow/example_dags/example_skip_dag.py for tasks to queue
[2025-02-01T03:08:43.560+0000] {logging_mixin.py:137} INFO - [2025-02-01T03:08:43.555+0000] {dagbag.py:538} INFO - Filling up the DagBag from /home/airflow/.local/lib/python3.7/site-packages/airflow/example_dags/example_skip_dag.py
[2025-02-01T03:08:43.629+0000] {processor.py:753} INFO - DAG(s) dict_keys(['example_skip_dag']) retrieved from /home/airflow/.local/lib/python3.7/site-packages/airflow/example_dags/example_skip_dag.py
[2025-02-01T03:08:43.750+0000] {logging_mixin.py:137} INFO - [2025-02-01T03:08:43.750+0000] {dag.py:2690} INFO - Sync 1 DAGs
[2025-02-01T03:08:43.890+0000] {logging_mixin.py:137} INFO - [2025-02-01T03:08:43.885+0000] {dag.py:3441} INFO - Setting next_dagrun for example_skip_dag to 2025-01-31T03:08:43.885346+00:00, run_after=2025-02-01T03:08:43.885346+00:00
[2025-02-01T03:08:43.960+0000] {processor.py:175} INFO - Processing /home/airflow/.local/lib/python3.7/site-packages/airflow/example_dags/example_skip_dag.py took 0.427 seconds
[2025-02-01T03:09:14.240+0000] {processor.py:153} INFO - Started process (PID=3207) to work on /home/airflow/.local/lib/python3.7/site-packages/airflow/example_dags/example_skip_dag.py
[2025-02-01T03:09:14.250+0000] {processor.py:743} INFO - Processing file /home/airflow/.local/lib/python3.7/site-packages/airflow/example_dags/example_skip_dag.py for tasks to queue
[2025-02-01T03:09:14.256+0000] {logging_mixin.py:137} INFO - [2025-02-01T03:09:14.255+0000] {dagbag.py:538} INFO - Filling up the DagBag from /home/airflow/.local/lib/python3.7/site-packages/airflow/example_dags/example_skip_dag.py
[2025-02-01T03:09:14.421+0000] {processor.py:753} INFO - DAG(s) dict_keys(['example_skip_dag']) retrieved from /home/airflow/.local/lib/python3.7/site-packages/airflow/example_dags/example_skip_dag.py
[2025-02-01T03:09:14.787+0000] {logging_mixin.py:137} INFO - [2025-02-01T03:09:14.787+0000] {dag.py:2690} INFO - Sync 1 DAGs
[2025-02-01T03:09:15.061+0000] {logging_mixin.py:137} INFO - [2025-02-01T03:09:15.061+0000] {dag.py:3441} INFO - Setting next_dagrun for example_skip_dag to 2025-01-31T03:09:15.060063+00:00, run_after=2025-02-01T03:09:15.060063+00:00
[2025-02-01T03:09:15.205+0000] {processor.py:175} INFO - Processing /home/airflow/.local/lib/python3.7/site-packages/airflow/example_dags/example_skip_dag.py took 1.000 seconds
[2025-02-01T03:09:45.397+0000] {processor.py:153} INFO - Started process (PID=3266) to work on /home/airflow/.local/lib/python3.7/site-packages/airflow/example_dags/example_skip_dag.py
[2025-02-01T03:09:45.405+0000] {processor.py:743} INFO - Processing file /home/airflow/.local/lib/python3.7/site-packages/airflow/example_dags/example_skip_dag.py for tasks to queue
[2025-02-01T03:09:45.407+0000] {logging_mixin.py:137} INFO - [2025-02-01T03:09:45.407+0000] {dagbag.py:538} INFO - Filling up the DagBag from /home/airflow/.local/lib/python3.7/site-packages/airflow/example_dags/example_skip_dag.py
[2025-02-01T03:09:45.494+0000] {processor.py:753} INFO - DAG(s) dict_keys(['example_skip_dag']) retrieved from /home/airflow/.local/lib/python3.7/site-packages/airflow/example_dags/example_skip_dag.py
[2025-02-01T03:09:45.633+0000] {logging_mixin.py:137} INFO - [2025-02-01T03:09:45.633+0000] {dag.py:2690} INFO - Sync 1 DAGs
[2025-02-01T03:09:45.891+0000] {logging_mixin.py:137} INFO - [2025-02-01T03:09:45.889+0000] {dag.py:3441} INFO - Setting next_dagrun for example_skip_dag to 2025-01-31T03:09:45.888509+00:00, run_after=2025-02-01T03:09:45.888509+00:00
[2025-02-01T03:09:45.988+0000] {processor.py:175} INFO - Processing /home/airflow/.local/lib/python3.7/site-packages/airflow/example_dags/example_skip_dag.py took 0.608 seconds
