[2025-02-01T02:40:30.055+0000] {processor.py:153} INFO - Started process (PID=88) to work on /home/airflow/.local/lib/python3.7/site-packages/airflow/example_dags/tutorial_taskflow_api_virtualenv.py
[2025-02-01T02:40:30.074+0000] {processor.py:743} INFO - Processing file /home/airflow/.local/lib/python3.7/site-packages/airflow/example_dags/tutorial_taskflow_api_virtualenv.py for tasks to queue
[2025-02-01T02:40:30.088+0000] {logging_mixin.py:137} INFO - [2025-02-01T02:40:30.087+0000] {dagbag.py:538} INFO - Filling up the DagBag from /home/airflow/.local/lib/python3.7/site-packages/airflow/example_dags/tutorial_taskflow_api_virtualenv.py
[2025-02-01T02:40:30.526+0000] {processor.py:753} INFO - DAG(s) dict_keys(['tutorial_taskflow_api_virtualenv']) retrieved from /home/airflow/.local/lib/python3.7/site-packages/airflow/example_dags/tutorial_taskflow_api_virtualenv.py
[2025-02-01T02:40:30.884+0000] {logging_mixin.py:137} INFO - [2025-02-01T02:40:30.883+0000] {dag.py:2690} INFO - Sync 1 DAGs
[2025-02-01T02:40:31.309+0000] {logging_mixin.py:137} INFO - [2025-02-01T02:40:31.308+0000] {dag.py:3441} INFO - Setting next_dagrun for tutorial_taskflow_api_virtualenv to None, run_after=None
[2025-02-01T02:40:31.725+0000] {processor.py:175} INFO - Processing /home/airflow/.local/lib/python3.7/site-packages/airflow/example_dags/tutorial_taskflow_api_virtualenv.py took 1.734 seconds
[2025-02-01T02:41:02.092+0000] {processor.py:153} INFO - Started process (PID=144) to work on /home/airflow/.local/lib/python3.7/site-packages/airflow/example_dags/tutorial_taskflow_api_virtualenv.py
[2025-02-01T02:41:02.103+0000] {processor.py:743} INFO - Processing file /home/airflow/.local/lib/python3.7/site-packages/airflow/example_dags/tutorial_taskflow_api_virtualenv.py for tasks to queue
[2025-02-01T02:41:02.105+0000] {logging_mixin.py:137} INFO - [2025-02-01T02:41:02.104+0000] {dagbag.py:538} INFO - Filling up the DagBag from /home/airflow/.local/lib/python3.7/site-packages/airflow/example_dags/tutorial_taskflow_api_virtualenv.py
[2025-02-01T02:41:02.308+0000] {processor.py:753} INFO - DAG(s) dict_keys(['tutorial_taskflow_api_virtualenv']) retrieved from /home/airflow/.local/lib/python3.7/site-packages/airflow/example_dags/tutorial_taskflow_api_virtualenv.py
[2025-02-01T02:41:02.652+0000] {logging_mixin.py:137} INFO - [2025-02-01T02:41:02.652+0000] {dag.py:2690} INFO - Sync 1 DAGs
[2025-02-01T02:41:02.948+0000] {logging_mixin.py:137} INFO - [2025-02-01T02:41:02.948+0000] {dag.py:3441} INFO - Setting next_dagrun for tutorial_taskflow_api_virtualenv to None, run_after=None
[2025-02-01T02:41:03.155+0000] {processor.py:175} INFO - Processing /home/airflow/.local/lib/python3.7/site-packages/airflow/example_dags/tutorial_taskflow_api_virtualenv.py took 1.109 seconds
[2025-02-01T02:41:33.667+0000] {processor.py:153} INFO - Started process (PID=195) to work on /home/airflow/.local/lib/python3.7/site-packages/airflow/example_dags/tutorial_taskflow_api_virtualenv.py
[2025-02-01T02:41:33.668+0000] {processor.py:743} INFO - Processing file /home/airflow/.local/lib/python3.7/site-packages/airflow/example_dags/tutorial_taskflow_api_virtualenv.py for tasks to queue
[2025-02-01T02:41:33.670+0000] {logging_mixin.py:137} INFO - [2025-02-01T02:41:33.669+0000] {dagbag.py:538} INFO - Filling up the DagBag from /home/airflow/.local/lib/python3.7/site-packages/airflow/example_dags/tutorial_taskflow_api_virtualenv.py
[2025-02-01T02:41:33.723+0000] {processor.py:753} INFO - DAG(s) dict_keys(['tutorial_taskflow_api_virtualenv']) retrieved from /home/airflow/.local/lib/python3.7/site-packages/airflow/example_dags/tutorial_taskflow_api_virtualenv.py
[2025-02-01T02:41:33.782+0000] {logging_mixin.py:137} INFO - [2025-02-01T02:41:33.781+0000] {dag.py:2690} INFO - Sync 1 DAGs
[2025-02-01T02:41:33.842+0000] {logging_mixin.py:137} INFO - [2025-02-01T02:41:33.842+0000] {dag.py:3441} INFO - Setting next_dagrun for tutorial_taskflow_api_virtualenv to None, run_after=None
[2025-02-01T02:41:33.887+0000] {processor.py:175} INFO - Processing /home/airflow/.local/lib/python3.7/site-packages/airflow/example_dags/tutorial_taskflow_api_virtualenv.py took 0.230 seconds
[2025-02-01T02:42:03.981+0000] {processor.py:153} INFO - Started process (PID=255) to work on /home/airflow/.local/lib/python3.7/site-packages/airflow/example_dags/tutorial_taskflow_api_virtualenv.py
[2025-02-01T02:42:03.985+0000] {processor.py:743} INFO - Processing file /home/airflow/.local/lib/python3.7/site-packages/airflow/example_dags/tutorial_taskflow_api_virtualenv.py for tasks to queue
[2025-02-01T02:42:03.989+0000] {logging_mixin.py:137} INFO - [2025-02-01T02:42:03.986+0000] {dagbag.py:538} INFO - Filling up the DagBag from /home/airflow/.local/lib/python3.7/site-packages/airflow/example_dags/tutorial_taskflow_api_virtualenv.py
[2025-02-01T02:42:04.096+0000] {processor.py:753} INFO - DAG(s) dict_keys(['tutorial_taskflow_api_virtualenv']) retrieved from /home/airflow/.local/lib/python3.7/site-packages/airflow/example_dags/tutorial_taskflow_api_virtualenv.py
[2025-02-01T02:42:04.163+0000] {logging_mixin.py:137} INFO - [2025-02-01T02:42:04.163+0000] {dag.py:2690} INFO - Sync 1 DAGs
[2025-02-01T02:42:04.287+0000] {logging_mixin.py:137} INFO - [2025-02-01T02:42:04.286+0000] {dag.py:3441} INFO - Setting next_dagrun for tutorial_taskflow_api_virtualenv to None, run_after=None
[2025-02-01T02:42:04.364+0000] {processor.py:175} INFO - Processing /home/airflow/.local/lib/python3.7/site-packages/airflow/example_dags/tutorial_taskflow_api_virtualenv.py took 0.396 seconds
[2025-02-01T02:42:34.501+0000] {processor.py:153} INFO - Started process (PID=315) to work on /home/airflow/.local/lib/python3.7/site-packages/airflow/example_dags/tutorial_taskflow_api_virtualenv.py
[2025-02-01T02:42:34.504+0000] {processor.py:743} INFO - Processing file /home/airflow/.local/lib/python3.7/site-packages/airflow/example_dags/tutorial_taskflow_api_virtualenv.py for tasks to queue
[2025-02-01T02:42:34.506+0000] {logging_mixin.py:137} INFO - [2025-02-01T02:42:34.506+0000] {dagbag.py:538} INFO - Filling up the DagBag from /home/airflow/.local/lib/python3.7/site-packages/airflow/example_dags/tutorial_taskflow_api_virtualenv.py
[2025-02-01T02:42:34.646+0000] {processor.py:753} INFO - DAG(s) dict_keys(['tutorial_taskflow_api_virtualenv']) retrieved from /home/airflow/.local/lib/python3.7/site-packages/airflow/example_dags/tutorial_taskflow_api_virtualenv.py
[2025-02-01T02:42:34.788+0000] {logging_mixin.py:137} INFO - [2025-02-01T02:42:34.787+0000] {dag.py:2690} INFO - Sync 1 DAGs
[2025-02-01T02:42:34.941+0000] {logging_mixin.py:137} INFO - [2025-02-01T02:42:34.941+0000] {dag.py:3441} INFO - Setting next_dagrun for tutorial_taskflow_api_virtualenv to None, run_after=None
[2025-02-01T02:42:35.090+0000] {processor.py:175} INFO - Processing /home/airflow/.local/lib/python3.7/site-packages/airflow/example_dags/tutorial_taskflow_api_virtualenv.py took 0.606 seconds
[2025-02-01T02:43:05.619+0000] {processor.py:153} INFO - Started process (PID=364) to work on /home/airflow/.local/lib/python3.7/site-packages/airflow/example_dags/tutorial_taskflow_api_virtualenv.py
[2025-02-01T02:43:05.623+0000] {processor.py:743} INFO - Processing file /home/airflow/.local/lib/python3.7/site-packages/airflow/example_dags/tutorial_taskflow_api_virtualenv.py for tasks to queue
[2025-02-01T02:43:05.625+0000] {logging_mixin.py:137} INFO - [2025-02-01T02:43:05.624+0000] {dagbag.py:538} INFO - Filling up the DagBag from /home/airflow/.local/lib/python3.7/site-packages/airflow/example_dags/tutorial_taskflow_api_virtualenv.py
[2025-02-01T02:43:05.691+0000] {processor.py:753} INFO - DAG(s) dict_keys(['tutorial_taskflow_api_virtualenv']) retrieved from /home/airflow/.local/lib/python3.7/site-packages/airflow/example_dags/tutorial_taskflow_api_virtualenv.py
[2025-02-01T02:43:05.775+0000] {logging_mixin.py:137} INFO - [2025-02-01T02:43:05.775+0000] {dag.py:2690} INFO - Sync 1 DAGs
[2025-02-01T02:43:05.890+0000] {logging_mixin.py:137} INFO - [2025-02-01T02:43:05.889+0000] {dag.py:3441} INFO - Setting next_dagrun for tutorial_taskflow_api_virtualenv to None, run_after=None
[2025-02-01T02:43:05.974+0000] {processor.py:175} INFO - Processing /home/airflow/.local/lib/python3.7/site-packages/airflow/example_dags/tutorial_taskflow_api_virtualenv.py took 0.362 seconds
[2025-02-01T02:43:36.575+0000] {processor.py:153} INFO - Started process (PID=422) to work on /home/airflow/.local/lib/python3.7/site-packages/airflow/example_dags/tutorial_taskflow_api_virtualenv.py
[2025-02-01T02:43:36.581+0000] {processor.py:743} INFO - Processing file /home/airflow/.local/lib/python3.7/site-packages/airflow/example_dags/tutorial_taskflow_api_virtualenv.py for tasks to queue
[2025-02-01T02:43:36.589+0000] {logging_mixin.py:137} INFO - [2025-02-01T02:43:36.586+0000] {dagbag.py:538} INFO - Filling up the DagBag from /home/airflow/.local/lib/python3.7/site-packages/airflow/example_dags/tutorial_taskflow_api_virtualenv.py
[2025-02-01T02:43:36.716+0000] {processor.py:753} INFO - DAG(s) dict_keys(['tutorial_taskflow_api_virtualenv']) retrieved from /home/airflow/.local/lib/python3.7/site-packages/airflow/example_dags/tutorial_taskflow_api_virtualenv.py
[2025-02-01T02:43:36.839+0000] {logging_mixin.py:137} INFO - [2025-02-01T02:43:36.839+0000] {dag.py:2690} INFO - Sync 1 DAGs
[2025-02-01T02:43:36.924+0000] {logging_mixin.py:137} INFO - [2025-02-01T02:43:36.924+0000] {dag.py:3441} INFO - Setting next_dagrun for tutorial_taskflow_api_virtualenv to None, run_after=None
[2025-02-01T02:43:37.024+0000] {processor.py:175} INFO - Processing /home/airflow/.local/lib/python3.7/site-packages/airflow/example_dags/tutorial_taskflow_api_virtualenv.py took 0.459 seconds
[2025-02-01T02:44:07.281+0000] {processor.py:153} INFO - Started process (PID=481) to work on /home/airflow/.local/lib/python3.7/site-packages/airflow/example_dags/tutorial_taskflow_api_virtualenv.py
[2025-02-01T02:44:07.288+0000] {processor.py:743} INFO - Processing file /home/airflow/.local/lib/python3.7/site-packages/airflow/example_dags/tutorial_taskflow_api_virtualenv.py for tasks to queue
[2025-02-01T02:44:07.294+0000] {logging_mixin.py:137} INFO - [2025-02-01T02:44:07.290+0000] {dagbag.py:538} INFO - Filling up the DagBag from /home/airflow/.local/lib/python3.7/site-packages/airflow/example_dags/tutorial_taskflow_api_virtualenv.py
[2025-02-01T02:44:07.532+0000] {processor.py:753} INFO - DAG(s) dict_keys(['tutorial_taskflow_api_virtualenv']) retrieved from /home/airflow/.local/lib/python3.7/site-packages/airflow/example_dags/tutorial_taskflow_api_virtualenv.py
[2025-02-01T02:44:07.792+0000] {logging_mixin.py:137} INFO - [2025-02-01T02:44:07.792+0000] {dag.py:2690} INFO - Sync 1 DAGs
[2025-02-01T02:44:08.140+0000] {logging_mixin.py:137} INFO - [2025-02-01T02:44:08.140+0000] {dag.py:3441} INFO - Setting next_dagrun for tutorial_taskflow_api_virtualenv to None, run_after=None
[2025-02-01T02:44:08.329+0000] {processor.py:175} INFO - Processing /home/airflow/.local/lib/python3.7/site-packages/airflow/example_dags/tutorial_taskflow_api_virtualenv.py took 1.082 seconds
[2025-02-01T02:44:38.847+0000] {processor.py:153} INFO - Started process (PID=529) to work on /home/airflow/.local/lib/python3.7/site-packages/airflow/example_dags/tutorial_taskflow_api_virtualenv.py
[2025-02-01T02:44:38.850+0000] {processor.py:743} INFO - Processing file /home/airflow/.local/lib/python3.7/site-packages/airflow/example_dags/tutorial_taskflow_api_virtualenv.py for tasks to queue
[2025-02-01T02:44:38.854+0000] {logging_mixin.py:137} INFO - [2025-02-01T02:44:38.854+0000] {dagbag.py:538} INFO - Filling up the DagBag from /home/airflow/.local/lib/python3.7/site-packages/airflow/example_dags/tutorial_taskflow_api_virtualenv.py
[2025-02-01T02:44:38.976+0000] {processor.py:753} INFO - DAG(s) dict_keys(['tutorial_taskflow_api_virtualenv']) retrieved from /home/airflow/.local/lib/python3.7/site-packages/airflow/example_dags/tutorial_taskflow_api_virtualenv.py
[2025-02-01T02:44:39.121+0000] {logging_mixin.py:137} INFO - [2025-02-01T02:44:39.120+0000] {dag.py:2690} INFO - Sync 1 DAGs
[2025-02-01T02:44:39.217+0000] {logging_mixin.py:137} INFO - [2025-02-01T02:44:39.217+0000] {dag.py:3441} INFO - Setting next_dagrun for tutorial_taskflow_api_virtualenv to None, run_after=None
[2025-02-01T02:44:39.285+0000] {processor.py:175} INFO - Processing /home/airflow/.local/lib/python3.7/site-packages/airflow/example_dags/tutorial_taskflow_api_virtualenv.py took 0.463 seconds
[2025-02-01T02:45:09.537+0000] {processor.py:153} INFO - Started process (PID=589) to work on /home/airflow/.local/lib/python3.7/site-packages/airflow/example_dags/tutorial_taskflow_api_virtualenv.py
[2025-02-01T02:45:09.539+0000] {processor.py:743} INFO - Processing file /home/airflow/.local/lib/python3.7/site-packages/airflow/example_dags/tutorial_taskflow_api_virtualenv.py for tasks to queue
[2025-02-01T02:45:09.541+0000] {logging_mixin.py:137} INFO - [2025-02-01T02:45:09.541+0000] {dagbag.py:538} INFO - Filling up the DagBag from /home/airflow/.local/lib/python3.7/site-packages/airflow/example_dags/tutorial_taskflow_api_virtualenv.py
[2025-02-01T02:45:09.594+0000] {processor.py:753} INFO - DAG(s) dict_keys(['tutorial_taskflow_api_virtualenv']) retrieved from /home/airflow/.local/lib/python3.7/site-packages/airflow/example_dags/tutorial_taskflow_api_virtualenv.py
[2025-02-01T02:45:09.654+0000] {logging_mixin.py:137} INFO - [2025-02-01T02:45:09.654+0000] {dag.py:2690} INFO - Sync 1 DAGs
[2025-02-01T02:45:09.720+0000] {logging_mixin.py:137} INFO - [2025-02-01T02:45:09.720+0000] {dag.py:3441} INFO - Setting next_dagrun for tutorial_taskflow_api_virtualenv to None, run_after=None
[2025-02-01T02:45:09.771+0000] {processor.py:175} INFO - Processing /home/airflow/.local/lib/python3.7/site-packages/airflow/example_dags/tutorial_taskflow_api_virtualenv.py took 0.242 seconds
[2025-02-01T02:45:40.056+0000] {processor.py:153} INFO - Started process (PID=648) to work on /home/airflow/.local/lib/python3.7/site-packages/airflow/example_dags/tutorial_taskflow_api_virtualenv.py
[2025-02-01T02:45:40.058+0000] {processor.py:743} INFO - Processing file /home/airflow/.local/lib/python3.7/site-packages/airflow/example_dags/tutorial_taskflow_api_virtualenv.py for tasks to queue
[2025-02-01T02:45:40.059+0000] {logging_mixin.py:137} INFO - [2025-02-01T02:45:40.059+0000] {dagbag.py:538} INFO - Filling up the DagBag from /home/airflow/.local/lib/python3.7/site-packages/airflow/example_dags/tutorial_taskflow_api_virtualenv.py
[2025-02-01T02:45:40.116+0000] {processor.py:753} INFO - DAG(s) dict_keys(['tutorial_taskflow_api_virtualenv']) retrieved from /home/airflow/.local/lib/python3.7/site-packages/airflow/example_dags/tutorial_taskflow_api_virtualenv.py
[2025-02-01T02:45:40.178+0000] {logging_mixin.py:137} INFO - [2025-02-01T02:45:40.177+0000] {dag.py:2690} INFO - Sync 1 DAGs
[2025-02-01T02:45:40.245+0000] {logging_mixin.py:137} INFO - [2025-02-01T02:45:40.244+0000] {dag.py:3441} INFO - Setting next_dagrun for tutorial_taskflow_api_virtualenv to None, run_after=None
[2025-02-01T02:45:40.292+0000] {processor.py:175} INFO - Processing /home/airflow/.local/lib/python3.7/site-packages/airflow/example_dags/tutorial_taskflow_api_virtualenv.py took 0.244 seconds
[2025-02-01T02:46:10.423+0000] {processor.py:153} INFO - Started process (PID=705) to work on /home/airflow/.local/lib/python3.7/site-packages/airflow/example_dags/tutorial_taskflow_api_virtualenv.py
[2025-02-01T02:46:10.425+0000] {processor.py:743} INFO - Processing file /home/airflow/.local/lib/python3.7/site-packages/airflow/example_dags/tutorial_taskflow_api_virtualenv.py for tasks to queue
[2025-02-01T02:46:10.426+0000] {logging_mixin.py:137} INFO - [2025-02-01T02:46:10.426+0000] {dagbag.py:538} INFO - Filling up the DagBag from /home/airflow/.local/lib/python3.7/site-packages/airflow/example_dags/tutorial_taskflow_api_virtualenv.py
[2025-02-01T02:46:10.480+0000] {processor.py:753} INFO - DAG(s) dict_keys(['tutorial_taskflow_api_virtualenv']) retrieved from /home/airflow/.local/lib/python3.7/site-packages/airflow/example_dags/tutorial_taskflow_api_virtualenv.py
[2025-02-01T02:46:10.537+0000] {logging_mixin.py:137} INFO - [2025-02-01T02:46:10.537+0000] {dag.py:2690} INFO - Sync 1 DAGs
[2025-02-01T02:46:10.599+0000] {logging_mixin.py:137} INFO - [2025-02-01T02:46:10.599+0000] {dag.py:3441} INFO - Setting next_dagrun for tutorial_taskflow_api_virtualenv to None, run_after=None
[2025-02-01T02:46:10.644+0000] {processor.py:175} INFO - Processing /home/airflow/.local/lib/python3.7/site-packages/airflow/example_dags/tutorial_taskflow_api_virtualenv.py took 0.229 seconds
[2025-02-01T02:46:43.113+0000] {processor.py:153} INFO - Started process (PID=762) to work on /home/airflow/.local/lib/python3.7/site-packages/airflow/example_dags/tutorial_taskflow_api_virtualenv.py
[2025-02-01T02:46:43.121+0000] {processor.py:743} INFO - Processing file /home/airflow/.local/lib/python3.7/site-packages/airflow/example_dags/tutorial_taskflow_api_virtualenv.py for tasks to queue
[2025-02-01T02:46:43.123+0000] {logging_mixin.py:137} INFO - [2025-02-01T02:46:43.122+0000] {dagbag.py:538} INFO - Filling up the DagBag from /home/airflow/.local/lib/python3.7/site-packages/airflow/example_dags/tutorial_taskflow_api_virtualenv.py
[2025-02-01T02:46:43.374+0000] {processor.py:753} INFO - DAG(s) dict_keys(['tutorial_taskflow_api_virtualenv']) retrieved from /home/airflow/.local/lib/python3.7/site-packages/airflow/example_dags/tutorial_taskflow_api_virtualenv.py
[2025-02-01T02:46:43.548+0000] {logging_mixin.py:137} INFO - [2025-02-01T02:46:43.546+0000] {dag.py:2690} INFO - Sync 1 DAGs
[2025-02-01T02:46:43.760+0000] {logging_mixin.py:137} INFO - [2025-02-01T02:46:43.759+0000] {dag.py:3441} INFO - Setting next_dagrun for tutorial_taskflow_api_virtualenv to None, run_after=None
[2025-02-01T02:46:43.910+0000] {processor.py:175} INFO - Processing /home/airflow/.local/lib/python3.7/site-packages/airflow/example_dags/tutorial_taskflow_api_virtualenv.py took 0.831 seconds
[2025-02-01T02:47:14.539+0000] {processor.py:153} INFO - Started process (PID=814) to work on /home/airflow/.local/lib/python3.7/site-packages/airflow/example_dags/tutorial_taskflow_api_virtualenv.py
[2025-02-01T02:47:14.542+0000] {processor.py:743} INFO - Processing file /home/airflow/.local/lib/python3.7/site-packages/airflow/example_dags/tutorial_taskflow_api_virtualenv.py for tasks to queue
[2025-02-01T02:47:14.546+0000] {logging_mixin.py:137} INFO - [2025-02-01T02:47:14.546+0000] {dagbag.py:538} INFO - Filling up the DagBag from /home/airflow/.local/lib/python3.7/site-packages/airflow/example_dags/tutorial_taskflow_api_virtualenv.py
[2025-02-01T02:47:14.765+0000] {processor.py:753} INFO - DAG(s) dict_keys(['tutorial_taskflow_api_virtualenv']) retrieved from /home/airflow/.local/lib/python3.7/site-packages/airflow/example_dags/tutorial_taskflow_api_virtualenv.py
[2025-02-01T02:47:15.063+0000] {logging_mixin.py:137} INFO - [2025-02-01T02:47:15.062+0000] {dag.py:2690} INFO - Sync 1 DAGs
[2025-02-01T02:47:15.328+0000] {logging_mixin.py:137} INFO - [2025-02-01T02:47:15.322+0000] {dag.py:3441} INFO - Setting next_dagrun for tutorial_taskflow_api_virtualenv to None, run_after=None
[2025-02-01T02:47:15.460+0000] {processor.py:175} INFO - Processing /home/airflow/.local/lib/python3.7/site-packages/airflow/example_dags/tutorial_taskflow_api_virtualenv.py took 0.946 seconds
[2025-02-01T02:47:45.575+0000] {processor.py:153} INFO - Started process (PID=873) to work on /home/airflow/.local/lib/python3.7/site-packages/airflow/example_dags/tutorial_taskflow_api_virtualenv.py
[2025-02-01T02:47:45.580+0000] {processor.py:743} INFO - Processing file /home/airflow/.local/lib/python3.7/site-packages/airflow/example_dags/tutorial_taskflow_api_virtualenv.py for tasks to queue
[2025-02-01T02:47:45.584+0000] {logging_mixin.py:137} INFO - [2025-02-01T02:47:45.582+0000] {dagbag.py:538} INFO - Filling up the DagBag from /home/airflow/.local/lib/python3.7/site-packages/airflow/example_dags/tutorial_taskflow_api_virtualenv.py
[2025-02-01T02:47:45.701+0000] {processor.py:753} INFO - DAG(s) dict_keys(['tutorial_taskflow_api_virtualenv']) retrieved from /home/airflow/.local/lib/python3.7/site-packages/airflow/example_dags/tutorial_taskflow_api_virtualenv.py
[2025-02-01T02:47:45.773+0000] {logging_mixin.py:137} INFO - [2025-02-01T02:47:45.772+0000] {dag.py:2690} INFO - Sync 1 DAGs
[2025-02-01T02:47:45.836+0000] {logging_mixin.py:137} INFO - [2025-02-01T02:47:45.836+0000] {dag.py:3441} INFO - Setting next_dagrun for tutorial_taskflow_api_virtualenv to None, run_after=None
[2025-02-01T02:47:45.950+0000] {processor.py:175} INFO - Processing /home/airflow/.local/lib/python3.7/site-packages/airflow/example_dags/tutorial_taskflow_api_virtualenv.py took 0.394 seconds
[2025-02-01T02:48:16.154+0000] {processor.py:153} INFO - Started process (PID=932) to work on /home/airflow/.local/lib/python3.7/site-packages/airflow/example_dags/tutorial_taskflow_api_virtualenv.py
[2025-02-01T02:48:16.155+0000] {processor.py:743} INFO - Processing file /home/airflow/.local/lib/python3.7/site-packages/airflow/example_dags/tutorial_taskflow_api_virtualenv.py for tasks to queue
[2025-02-01T02:48:16.157+0000] {logging_mixin.py:137} INFO - [2025-02-01T02:48:16.156+0000] {dagbag.py:538} INFO - Filling up the DagBag from /home/airflow/.local/lib/python3.7/site-packages/airflow/example_dags/tutorial_taskflow_api_virtualenv.py
[2025-02-01T02:48:16.261+0000] {processor.py:753} INFO - DAG(s) dict_keys(['tutorial_taskflow_api_virtualenv']) retrieved from /home/airflow/.local/lib/python3.7/site-packages/airflow/example_dags/tutorial_taskflow_api_virtualenv.py
[2025-02-01T02:48:16.328+0000] {logging_mixin.py:137} INFO - [2025-02-01T02:48:16.327+0000] {dag.py:2690} INFO - Sync 1 DAGs
[2025-02-01T02:48:16.390+0000] {logging_mixin.py:137} INFO - [2025-02-01T02:48:16.389+0000] {dag.py:3441} INFO - Setting next_dagrun for tutorial_taskflow_api_virtualenv to None, run_after=None
[2025-02-01T02:48:16.434+0000] {processor.py:175} INFO - Processing /home/airflow/.local/lib/python3.7/site-packages/airflow/example_dags/tutorial_taskflow_api_virtualenv.py took 0.288 seconds
[2025-02-01T02:48:46.566+0000] {processor.py:153} INFO - Started process (PID=992) to work on /home/airflow/.local/lib/python3.7/site-packages/airflow/example_dags/tutorial_taskflow_api_virtualenv.py
[2025-02-01T02:48:46.569+0000] {processor.py:743} INFO - Processing file /home/airflow/.local/lib/python3.7/site-packages/airflow/example_dags/tutorial_taskflow_api_virtualenv.py for tasks to queue
[2025-02-01T02:48:46.573+0000] {logging_mixin.py:137} INFO - [2025-02-01T02:48:46.571+0000] {dagbag.py:538} INFO - Filling up the DagBag from /home/airflow/.local/lib/python3.7/site-packages/airflow/example_dags/tutorial_taskflow_api_virtualenv.py
[2025-02-01T02:48:46.708+0000] {processor.py:753} INFO - DAG(s) dict_keys(['tutorial_taskflow_api_virtualenv']) retrieved from /home/airflow/.local/lib/python3.7/site-packages/airflow/example_dags/tutorial_taskflow_api_virtualenv.py
[2025-02-01T02:48:46.829+0000] {logging_mixin.py:137} INFO - [2025-02-01T02:48:46.829+0000] {dag.py:2690} INFO - Sync 1 DAGs
[2025-02-01T02:48:46.978+0000] {logging_mixin.py:137} INFO - [2025-02-01T02:48:46.978+0000] {dag.py:3441} INFO - Setting next_dagrun for tutorial_taskflow_api_virtualenv to None, run_after=None
[2025-02-01T02:48:47.076+0000] {processor.py:175} INFO - Processing /home/airflow/.local/lib/python3.7/site-packages/airflow/example_dags/tutorial_taskflow_api_virtualenv.py took 0.531 seconds
[2025-02-01T02:49:17.650+0000] {processor.py:153} INFO - Started process (PID=1051) to work on /home/airflow/.local/lib/python3.7/site-packages/airflow/example_dags/tutorial_taskflow_api_virtualenv.py
[2025-02-01T02:49:17.654+0000] {processor.py:743} INFO - Processing file /home/airflow/.local/lib/python3.7/site-packages/airflow/example_dags/tutorial_taskflow_api_virtualenv.py for tasks to queue
[2025-02-01T02:49:17.659+0000] {logging_mixin.py:137} INFO - [2025-02-01T02:49:17.659+0000] {dagbag.py:538} INFO - Filling up the DagBag from /home/airflow/.local/lib/python3.7/site-packages/airflow/example_dags/tutorial_taskflow_api_virtualenv.py
[2025-02-01T02:49:17.817+0000] {processor.py:753} INFO - DAG(s) dict_keys(['tutorial_taskflow_api_virtualenv']) retrieved from /home/airflow/.local/lib/python3.7/site-packages/airflow/example_dags/tutorial_taskflow_api_virtualenv.py
[2025-02-01T02:49:17.937+0000] {logging_mixin.py:137} INFO - [2025-02-01T02:49:17.936+0000] {dag.py:2690} INFO - Sync 1 DAGs
[2025-02-01T02:49:18.138+0000] {logging_mixin.py:137} INFO - [2025-02-01T02:49:18.138+0000] {dag.py:3441} INFO - Setting next_dagrun for tutorial_taskflow_api_virtualenv to None, run_after=None
[2025-02-01T02:49:18.285+0000] {processor.py:175} INFO - Processing /home/airflow/.local/lib/python3.7/site-packages/airflow/example_dags/tutorial_taskflow_api_virtualenv.py took 0.658 seconds
[2025-02-01T02:49:48.812+0000] {processor.py:153} INFO - Started process (PID=1098) to work on /home/airflow/.local/lib/python3.7/site-packages/airflow/example_dags/tutorial_taskflow_api_virtualenv.py
[2025-02-01T02:49:48.816+0000] {processor.py:743} INFO - Processing file /home/airflow/.local/lib/python3.7/site-packages/airflow/example_dags/tutorial_taskflow_api_virtualenv.py for tasks to queue
[2025-02-01T02:49:48.818+0000] {logging_mixin.py:137} INFO - [2025-02-01T02:49:48.817+0000] {dagbag.py:538} INFO - Filling up the DagBag from /home/airflow/.local/lib/python3.7/site-packages/airflow/example_dags/tutorial_taskflow_api_virtualenv.py
[2025-02-01T02:49:48.914+0000] {processor.py:753} INFO - DAG(s) dict_keys(['tutorial_taskflow_api_virtualenv']) retrieved from /home/airflow/.local/lib/python3.7/site-packages/airflow/example_dags/tutorial_taskflow_api_virtualenv.py
[2025-02-01T02:49:49.006+0000] {logging_mixin.py:137} INFO - [2025-02-01T02:49:49.006+0000] {dag.py:2690} INFO - Sync 1 DAGs
[2025-02-01T02:49:49.287+0000] {logging_mixin.py:137} INFO - [2025-02-01T02:49:49.287+0000] {dag.py:3441} INFO - Setting next_dagrun for tutorial_taskflow_api_virtualenv to None, run_after=None
[2025-02-01T02:49:49.453+0000] {processor.py:175} INFO - Processing /home/airflow/.local/lib/python3.7/site-packages/airflow/example_dags/tutorial_taskflow_api_virtualenv.py took 0.653 seconds
[2025-02-01T02:50:20.195+0000] {processor.py:153} INFO - Started process (PID=1157) to work on /home/airflow/.local/lib/python3.7/site-packages/airflow/example_dags/tutorial_taskflow_api_virtualenv.py
[2025-02-01T02:50:20.196+0000] {processor.py:743} INFO - Processing file /home/airflow/.local/lib/python3.7/site-packages/airflow/example_dags/tutorial_taskflow_api_virtualenv.py for tasks to queue
[2025-02-01T02:50:20.200+0000] {logging_mixin.py:137} INFO - [2025-02-01T02:50:20.199+0000] {dagbag.py:538} INFO - Filling up the DagBag from /home/airflow/.local/lib/python3.7/site-packages/airflow/example_dags/tutorial_taskflow_api_virtualenv.py
[2025-02-01T02:50:20.270+0000] {processor.py:753} INFO - DAG(s) dict_keys(['tutorial_taskflow_api_virtualenv']) retrieved from /home/airflow/.local/lib/python3.7/site-packages/airflow/example_dags/tutorial_taskflow_api_virtualenv.py
[2025-02-01T02:50:20.328+0000] {logging_mixin.py:137} INFO - [2025-02-01T02:50:20.328+0000] {dag.py:2690} INFO - Sync 1 DAGs
[2025-02-01T02:50:20.394+0000] {logging_mixin.py:137} INFO - [2025-02-01T02:50:20.394+0000] {dag.py:3441} INFO - Setting next_dagrun for tutorial_taskflow_api_virtualenv to None, run_after=None
[2025-02-01T02:50:20.440+0000] {processor.py:175} INFO - Processing /home/airflow/.local/lib/python3.7/site-packages/airflow/example_dags/tutorial_taskflow_api_virtualenv.py took 0.258 seconds
[2025-02-01T02:50:51.413+0000] {processor.py:153} INFO - Started process (PID=1216) to work on /home/airflow/.local/lib/python3.7/site-packages/airflow/example_dags/tutorial_taskflow_api_virtualenv.py
[2025-02-01T02:50:51.419+0000] {processor.py:743} INFO - Processing file /home/airflow/.local/lib/python3.7/site-packages/airflow/example_dags/tutorial_taskflow_api_virtualenv.py for tasks to queue
[2025-02-01T02:50:51.426+0000] {logging_mixin.py:137} INFO - [2025-02-01T02:50:51.420+0000] {dagbag.py:538} INFO - Filling up the DagBag from /home/airflow/.local/lib/python3.7/site-packages/airflow/example_dags/tutorial_taskflow_api_virtualenv.py
[2025-02-01T02:50:51.588+0000] {processor.py:753} INFO - DAG(s) dict_keys(['tutorial_taskflow_api_virtualenv']) retrieved from /home/airflow/.local/lib/python3.7/site-packages/airflow/example_dags/tutorial_taskflow_api_virtualenv.py
[2025-02-01T02:50:51.713+0000] {logging_mixin.py:137} INFO - [2025-02-01T02:50:51.712+0000] {dag.py:2690} INFO - Sync 1 DAGs
[2025-02-01T02:50:51.868+0000] {logging_mixin.py:137} INFO - [2025-02-01T02:50:51.868+0000] {dag.py:3441} INFO - Setting next_dagrun for tutorial_taskflow_api_virtualenv to None, run_after=None
[2025-02-01T02:50:52.006+0000] {processor.py:175} INFO - Processing /home/airflow/.local/lib/python3.7/site-packages/airflow/example_dags/tutorial_taskflow_api_virtualenv.py took 0.623 seconds
[2025-02-01T02:51:22.480+0000] {processor.py:153} INFO - Started process (PID=1264) to work on /home/airflow/.local/lib/python3.7/site-packages/airflow/example_dags/tutorial_taskflow_api_virtualenv.py
[2025-02-01T02:51:22.488+0000] {processor.py:743} INFO - Processing file /home/airflow/.local/lib/python3.7/site-packages/airflow/example_dags/tutorial_taskflow_api_virtualenv.py for tasks to queue
[2025-02-01T02:51:22.493+0000] {logging_mixin.py:137} INFO - [2025-02-01T02:51:22.493+0000] {dagbag.py:538} INFO - Filling up the DagBag from /home/airflow/.local/lib/python3.7/site-packages/airflow/example_dags/tutorial_taskflow_api_virtualenv.py
[2025-02-01T02:51:22.665+0000] {processor.py:753} INFO - DAG(s) dict_keys(['tutorial_taskflow_api_virtualenv']) retrieved from /home/airflow/.local/lib/python3.7/site-packages/airflow/example_dags/tutorial_taskflow_api_virtualenv.py
[2025-02-01T02:51:22.859+0000] {logging_mixin.py:137} INFO - [2025-02-01T02:51:22.856+0000] {dag.py:2690} INFO - Sync 1 DAGs
[2025-02-01T02:51:23.211+0000] {logging_mixin.py:137} INFO - [2025-02-01T02:51:23.208+0000] {dag.py:3441} INFO - Setting next_dagrun for tutorial_taskflow_api_virtualenv to None, run_after=None
[2025-02-01T02:51:23.459+0000] {processor.py:175} INFO - Processing /home/airflow/.local/lib/python3.7/site-packages/airflow/example_dags/tutorial_taskflow_api_virtualenv.py took 1.004 seconds
[2025-02-01T02:51:54.305+0000] {processor.py:153} INFO - Started process (PID=1323) to work on /home/airflow/.local/lib/python3.7/site-packages/airflow/example_dags/tutorial_taskflow_api_virtualenv.py
[2025-02-01T02:51:54.310+0000] {processor.py:743} INFO - Processing file /home/airflow/.local/lib/python3.7/site-packages/airflow/example_dags/tutorial_taskflow_api_virtualenv.py for tasks to queue
[2025-02-01T02:51:54.313+0000] {logging_mixin.py:137} INFO - [2025-02-01T02:51:54.313+0000] {dagbag.py:538} INFO - Filling up the DagBag from /home/airflow/.local/lib/python3.7/site-packages/airflow/example_dags/tutorial_taskflow_api_virtualenv.py
[2025-02-01T02:51:54.508+0000] {processor.py:753} INFO - DAG(s) dict_keys(['tutorial_taskflow_api_virtualenv']) retrieved from /home/airflow/.local/lib/python3.7/site-packages/airflow/example_dags/tutorial_taskflow_api_virtualenv.py
[2025-02-01T02:51:54.687+0000] {logging_mixin.py:137} INFO - [2025-02-01T02:51:54.686+0000] {dag.py:2690} INFO - Sync 1 DAGs
[2025-02-01T02:51:54.907+0000] {logging_mixin.py:137} INFO - [2025-02-01T02:51:54.907+0000] {dag.py:3441} INFO - Setting next_dagrun for tutorial_taskflow_api_virtualenv to None, run_after=None
[2025-02-01T02:51:55.060+0000] {processor.py:175} INFO - Processing /home/airflow/.local/lib/python3.7/site-packages/airflow/example_dags/tutorial_taskflow_api_virtualenv.py took 0.786 seconds
[2025-02-01T02:52:25.939+0000] {processor.py:153} INFO - Started process (PID=1381) to work on /home/airflow/.local/lib/python3.7/site-packages/airflow/example_dags/tutorial_taskflow_api_virtualenv.py
[2025-02-01T02:52:25.943+0000] {processor.py:743} INFO - Processing file /home/airflow/.local/lib/python3.7/site-packages/airflow/example_dags/tutorial_taskflow_api_virtualenv.py for tasks to queue
[2025-02-01T02:52:25.945+0000] {logging_mixin.py:137} INFO - [2025-02-01T02:52:25.944+0000] {dagbag.py:538} INFO - Filling up the DagBag from /home/airflow/.local/lib/python3.7/site-packages/airflow/example_dags/tutorial_taskflow_api_virtualenv.py
[2025-02-01T02:52:26.163+0000] {processor.py:753} INFO - DAG(s) dict_keys(['tutorial_taskflow_api_virtualenv']) retrieved from /home/airflow/.local/lib/python3.7/site-packages/airflow/example_dags/tutorial_taskflow_api_virtualenv.py
[2025-02-01T02:52:26.368+0000] {logging_mixin.py:137} INFO - [2025-02-01T02:52:26.367+0000] {dag.py:2690} INFO - Sync 1 DAGs
[2025-02-01T02:52:26.586+0000] {logging_mixin.py:137} INFO - [2025-02-01T02:52:26.582+0000] {dag.py:3441} INFO - Setting next_dagrun for tutorial_taskflow_api_virtualenv to None, run_after=None
[2025-02-01T02:52:26.766+0000] {processor.py:175} INFO - Processing /home/airflow/.local/lib/python3.7/site-packages/airflow/example_dags/tutorial_taskflow_api_virtualenv.py took 0.845 seconds
[2025-02-01T02:52:57.585+0000] {processor.py:153} INFO - Started process (PID=1440) to work on /home/airflow/.local/lib/python3.7/site-packages/airflow/example_dags/tutorial_taskflow_api_virtualenv.py
[2025-02-01T02:52:57.588+0000] {processor.py:743} INFO - Processing file /home/airflow/.local/lib/python3.7/site-packages/airflow/example_dags/tutorial_taskflow_api_virtualenv.py for tasks to queue
[2025-02-01T02:52:57.590+0000] {logging_mixin.py:137} INFO - [2025-02-01T02:52:57.589+0000] {dagbag.py:538} INFO - Filling up the DagBag from /home/airflow/.local/lib/python3.7/site-packages/airflow/example_dags/tutorial_taskflow_api_virtualenv.py
[2025-02-01T02:52:57.741+0000] {processor.py:753} INFO - DAG(s) dict_keys(['tutorial_taskflow_api_virtualenv']) retrieved from /home/airflow/.local/lib/python3.7/site-packages/airflow/example_dags/tutorial_taskflow_api_virtualenv.py
[2025-02-01T02:52:57.825+0000] {logging_mixin.py:137} INFO - [2025-02-01T02:52:57.825+0000] {dag.py:2690} INFO - Sync 1 DAGs
[2025-02-01T02:52:57.926+0000] {logging_mixin.py:137} INFO - [2025-02-01T02:52:57.926+0000] {dag.py:3441} INFO - Setting next_dagrun for tutorial_taskflow_api_virtualenv to None, run_after=None
[2025-02-01T02:52:58.007+0000] {processor.py:175} INFO - Processing /home/airflow/.local/lib/python3.7/site-packages/airflow/example_dags/tutorial_taskflow_api_virtualenv.py took 0.439 seconds
[2025-02-01T02:53:28.438+0000] {processor.py:153} INFO - Started process (PID=1499) to work on /home/airflow/.local/lib/python3.7/site-packages/airflow/example_dags/tutorial_taskflow_api_virtualenv.py
[2025-02-01T02:53:28.439+0000] {processor.py:743} INFO - Processing file /home/airflow/.local/lib/python3.7/site-packages/airflow/example_dags/tutorial_taskflow_api_virtualenv.py for tasks to queue
[2025-02-01T02:53:28.441+0000] {logging_mixin.py:137} INFO - [2025-02-01T02:53:28.440+0000] {dagbag.py:538} INFO - Filling up the DagBag from /home/airflow/.local/lib/python3.7/site-packages/airflow/example_dags/tutorial_taskflow_api_virtualenv.py
[2025-02-01T02:53:28.494+0000] {processor.py:753} INFO - DAG(s) dict_keys(['tutorial_taskflow_api_virtualenv']) retrieved from /home/airflow/.local/lib/python3.7/site-packages/airflow/example_dags/tutorial_taskflow_api_virtualenv.py
[2025-02-01T02:53:28.565+0000] {logging_mixin.py:137} INFO - [2025-02-01T02:53:28.564+0000] {dag.py:2690} INFO - Sync 1 DAGs
[2025-02-01T02:53:28.634+0000] {logging_mixin.py:137} INFO - [2025-02-01T02:53:28.633+0000] {dag.py:3441} INFO - Setting next_dagrun for tutorial_taskflow_api_virtualenv to None, run_after=None
[2025-02-01T02:53:28.681+0000] {processor.py:175} INFO - Processing /home/airflow/.local/lib/python3.7/site-packages/airflow/example_dags/tutorial_taskflow_api_virtualenv.py took 0.251 seconds
[2025-02-01T02:53:58.748+0000] {processor.py:153} INFO - Started process (PID=1558) to work on /home/airflow/.local/lib/python3.7/site-packages/airflow/example_dags/tutorial_taskflow_api_virtualenv.py
[2025-02-01T02:53:58.751+0000] {processor.py:743} INFO - Processing file /home/airflow/.local/lib/python3.7/site-packages/airflow/example_dags/tutorial_taskflow_api_virtualenv.py for tasks to queue
[2025-02-01T02:53:58.754+0000] {logging_mixin.py:137} INFO - [2025-02-01T02:53:58.754+0000] {dagbag.py:538} INFO - Filling up the DagBag from /home/airflow/.local/lib/python3.7/site-packages/airflow/example_dags/tutorial_taskflow_api_virtualenv.py
[2025-02-01T02:53:58.867+0000] {processor.py:753} INFO - DAG(s) dict_keys(['tutorial_taskflow_api_virtualenv']) retrieved from /home/airflow/.local/lib/python3.7/site-packages/airflow/example_dags/tutorial_taskflow_api_virtualenv.py
[2025-02-01T02:53:58.977+0000] {logging_mixin.py:137} INFO - [2025-02-01T02:53:58.976+0000] {dag.py:2690} INFO - Sync 1 DAGs
[2025-02-01T02:53:59.110+0000] {logging_mixin.py:137} INFO - [2025-02-01T02:53:59.110+0000] {dag.py:3441} INFO - Setting next_dagrun for tutorial_taskflow_api_virtualenv to None, run_after=None
[2025-02-01T02:53:59.182+0000] {processor.py:175} INFO - Processing /home/airflow/.local/lib/python3.7/site-packages/airflow/example_dags/tutorial_taskflow_api_virtualenv.py took 0.447 seconds
[2025-02-01T02:54:29.755+0000] {processor.py:153} INFO - Started process (PID=1613) to work on /home/airflow/.local/lib/python3.7/site-packages/airflow/example_dags/tutorial_taskflow_api_virtualenv.py
[2025-02-01T02:54:29.763+0000] {processor.py:743} INFO - Processing file /home/airflow/.local/lib/python3.7/site-packages/airflow/example_dags/tutorial_taskflow_api_virtualenv.py for tasks to queue
[2025-02-01T02:54:29.769+0000] {logging_mixin.py:137} INFO - [2025-02-01T02:54:29.767+0000] {dagbag.py:538} INFO - Filling up the DagBag from /home/airflow/.local/lib/python3.7/site-packages/airflow/example_dags/tutorial_taskflow_api_virtualenv.py
[2025-02-01T02:54:29.951+0000] {processor.py:753} INFO - DAG(s) dict_keys(['tutorial_taskflow_api_virtualenv']) retrieved from /home/airflow/.local/lib/python3.7/site-packages/airflow/example_dags/tutorial_taskflow_api_virtualenv.py
[2025-02-01T02:54:30.183+0000] {logging_mixin.py:137} INFO - [2025-02-01T02:54:30.182+0000] {dag.py:2690} INFO - Sync 1 DAGs
[2025-02-01T02:54:30.518+0000] {logging_mixin.py:137} INFO - [2025-02-01T02:54:30.518+0000] {dag.py:3441} INFO - Setting next_dagrun for tutorial_taskflow_api_virtualenv to None, run_after=None
[2025-02-01T02:54:30.695+0000] {processor.py:175} INFO - Processing /home/airflow/.local/lib/python3.7/site-packages/airflow/example_dags/tutorial_taskflow_api_virtualenv.py took 0.983 seconds
[2025-02-01T02:55:01.373+0000] {processor.py:153} INFO - Started process (PID=1666) to work on /home/airflow/.local/lib/python3.7/site-packages/airflow/example_dags/tutorial_taskflow_api_virtualenv.py
[2025-02-01T02:55:01.376+0000] {processor.py:743} INFO - Processing file /home/airflow/.local/lib/python3.7/site-packages/airflow/example_dags/tutorial_taskflow_api_virtualenv.py for tasks to queue
[2025-02-01T02:55:01.381+0000] {logging_mixin.py:137} INFO - [2025-02-01T02:55:01.381+0000] {dagbag.py:538} INFO - Filling up the DagBag from /home/airflow/.local/lib/python3.7/site-packages/airflow/example_dags/tutorial_taskflow_api_virtualenv.py
[2025-02-01T02:55:01.577+0000] {processor.py:753} INFO - DAG(s) dict_keys(['tutorial_taskflow_api_virtualenv']) retrieved from /home/airflow/.local/lib/python3.7/site-packages/airflow/example_dags/tutorial_taskflow_api_virtualenv.py
[2025-02-01T02:55:01.781+0000] {logging_mixin.py:137} INFO - [2025-02-01T02:55:01.778+0000] {dag.py:2690} INFO - Sync 1 DAGs
[2025-02-01T02:55:02.053+0000] {logging_mixin.py:137} INFO - [2025-02-01T02:55:02.053+0000] {dag.py:3441} INFO - Setting next_dagrun for tutorial_taskflow_api_virtualenv to None, run_after=None
[2025-02-01T02:55:02.324+0000] {processor.py:175} INFO - Processing /home/airflow/.local/lib/python3.7/site-packages/airflow/example_dags/tutorial_taskflow_api_virtualenv.py took 0.969 seconds
[2025-02-01T02:55:32.692+0000] {processor.py:153} INFO - Started process (PID=1725) to work on /home/airflow/.local/lib/python3.7/site-packages/airflow/example_dags/tutorial_taskflow_api_virtualenv.py
[2025-02-01T02:55:32.696+0000] {processor.py:743} INFO - Processing file /home/airflow/.local/lib/python3.7/site-packages/airflow/example_dags/tutorial_taskflow_api_virtualenv.py for tasks to queue
[2025-02-01T02:55:32.698+0000] {logging_mixin.py:137} INFO - [2025-02-01T02:55:32.697+0000] {dagbag.py:538} INFO - Filling up the DagBag from /home/airflow/.local/lib/python3.7/site-packages/airflow/example_dags/tutorial_taskflow_api_virtualenv.py
[2025-02-01T02:55:32.773+0000] {processor.py:753} INFO - DAG(s) dict_keys(['tutorial_taskflow_api_virtualenv']) retrieved from /home/airflow/.local/lib/python3.7/site-packages/airflow/example_dags/tutorial_taskflow_api_virtualenv.py
[2025-02-01T02:55:32.904+0000] {logging_mixin.py:137} INFO - [2025-02-01T02:55:32.903+0000] {dag.py:2690} INFO - Sync 1 DAGs
[2025-02-01T02:55:33.051+0000] {logging_mixin.py:137} INFO - [2025-02-01T02:55:33.050+0000] {dag.py:3441} INFO - Setting next_dagrun for tutorial_taskflow_api_virtualenv to None, run_after=None
[2025-02-01T02:55:33.123+0000] {processor.py:175} INFO - Processing /home/airflow/.local/lib/python3.7/site-packages/airflow/example_dags/tutorial_taskflow_api_virtualenv.py took 0.453 seconds
[2025-02-01T02:56:04.024+0000] {processor.py:153} INFO - Started process (PID=1784) to work on /home/airflow/.local/lib/python3.7/site-packages/airflow/example_dags/tutorial_taskflow_api_virtualenv.py
[2025-02-01T02:56:04.026+0000] {processor.py:743} INFO - Processing file /home/airflow/.local/lib/python3.7/site-packages/airflow/example_dags/tutorial_taskflow_api_virtualenv.py for tasks to queue
[2025-02-01T02:56:04.027+0000] {logging_mixin.py:137} INFO - [2025-02-01T02:56:04.027+0000] {dagbag.py:538} INFO - Filling up the DagBag from /home/airflow/.local/lib/python3.7/site-packages/airflow/example_dags/tutorial_taskflow_api_virtualenv.py
[2025-02-01T02:56:04.081+0000] {processor.py:753} INFO - DAG(s) dict_keys(['tutorial_taskflow_api_virtualenv']) retrieved from /home/airflow/.local/lib/python3.7/site-packages/airflow/example_dags/tutorial_taskflow_api_virtualenv.py
[2025-02-01T02:56:04.139+0000] {logging_mixin.py:137} INFO - [2025-02-01T02:56:04.139+0000] {dag.py:2690} INFO - Sync 1 DAGs
[2025-02-01T02:56:04.201+0000] {logging_mixin.py:137} INFO - [2025-02-01T02:56:04.201+0000] {dag.py:3441} INFO - Setting next_dagrun for tutorial_taskflow_api_virtualenv to None, run_after=None
[2025-02-01T02:56:04.288+0000] {processor.py:175} INFO - Processing /home/airflow/.local/lib/python3.7/site-packages/airflow/example_dags/tutorial_taskflow_api_virtualenv.py took 0.273 seconds
[2025-02-01T02:56:34.717+0000] {processor.py:153} INFO - Started process (PID=1843) to work on /home/airflow/.local/lib/python3.7/site-packages/airflow/example_dags/tutorial_taskflow_api_virtualenv.py
[2025-02-01T02:56:34.721+0000] {processor.py:743} INFO - Processing file /home/airflow/.local/lib/python3.7/site-packages/airflow/example_dags/tutorial_taskflow_api_virtualenv.py for tasks to queue
[2025-02-01T02:56:34.723+0000] {logging_mixin.py:137} INFO - [2025-02-01T02:56:34.722+0000] {dagbag.py:538} INFO - Filling up the DagBag from /home/airflow/.local/lib/python3.7/site-packages/airflow/example_dags/tutorial_taskflow_api_virtualenv.py
[2025-02-01T02:56:34.835+0000] {processor.py:753} INFO - DAG(s) dict_keys(['tutorial_taskflow_api_virtualenv']) retrieved from /home/airflow/.local/lib/python3.7/site-packages/airflow/example_dags/tutorial_taskflow_api_virtualenv.py
[2025-02-01T02:56:34.989+0000] {logging_mixin.py:137} INFO - [2025-02-01T02:56:34.989+0000] {dag.py:2690} INFO - Sync 1 DAGs
[2025-02-01T02:56:35.102+0000] {logging_mixin.py:137} INFO - [2025-02-01T02:56:35.102+0000] {dag.py:3441} INFO - Setting next_dagrun for tutorial_taskflow_api_virtualenv to None, run_after=None
[2025-02-01T02:56:35.186+0000] {processor.py:175} INFO - Processing /home/airflow/.local/lib/python3.7/site-packages/airflow/example_dags/tutorial_taskflow_api_virtualenv.py took 0.481 seconds
[2025-02-01T02:57:05.291+0000] {processor.py:153} INFO - Started process (PID=1901) to work on /home/airflow/.local/lib/python3.7/site-packages/airflow/example_dags/tutorial_taskflow_api_virtualenv.py
[2025-02-01T02:57:05.293+0000] {processor.py:743} INFO - Processing file /home/airflow/.local/lib/python3.7/site-packages/airflow/example_dags/tutorial_taskflow_api_virtualenv.py for tasks to queue
[2025-02-01T02:57:05.299+0000] {logging_mixin.py:137} INFO - [2025-02-01T02:57:05.297+0000] {dagbag.py:538} INFO - Filling up the DagBag from /home/airflow/.local/lib/python3.7/site-packages/airflow/example_dags/tutorial_taskflow_api_virtualenv.py
[2025-02-01T02:57:05.372+0000] {processor.py:753} INFO - DAG(s) dict_keys(['tutorial_taskflow_api_virtualenv']) retrieved from /home/airflow/.local/lib/python3.7/site-packages/airflow/example_dags/tutorial_taskflow_api_virtualenv.py
[2025-02-01T02:57:05.433+0000] {logging_mixin.py:137} INFO - [2025-02-01T02:57:05.432+0000] {dag.py:2690} INFO - Sync 1 DAGs
[2025-02-01T02:57:05.496+0000] {logging_mixin.py:137} INFO - [2025-02-01T02:57:05.496+0000] {dag.py:3441} INFO - Setting next_dagrun for tutorial_taskflow_api_virtualenv to None, run_after=None
[2025-02-01T02:57:05.568+0000] {processor.py:175} INFO - Processing /home/airflow/.local/lib/python3.7/site-packages/airflow/example_dags/tutorial_taskflow_api_virtualenv.py took 0.294 seconds
[2025-02-01T02:57:36.054+0000] {processor.py:153} INFO - Started process (PID=1951) to work on /home/airflow/.local/lib/python3.7/site-packages/airflow/example_dags/tutorial_taskflow_api_virtualenv.py
[2025-02-01T02:57:36.056+0000] {processor.py:743} INFO - Processing file /home/airflow/.local/lib/python3.7/site-packages/airflow/example_dags/tutorial_taskflow_api_virtualenv.py for tasks to queue
[2025-02-01T02:57:36.058+0000] {logging_mixin.py:137} INFO - [2025-02-01T02:57:36.058+0000] {dagbag.py:538} INFO - Filling up the DagBag from /home/airflow/.local/lib/python3.7/site-packages/airflow/example_dags/tutorial_taskflow_api_virtualenv.py
[2025-02-01T02:57:36.110+0000] {processor.py:753} INFO - DAG(s) dict_keys(['tutorial_taskflow_api_virtualenv']) retrieved from /home/airflow/.local/lib/python3.7/site-packages/airflow/example_dags/tutorial_taskflow_api_virtualenv.py
[2025-02-01T02:57:36.178+0000] {logging_mixin.py:137} INFO - [2025-02-01T02:57:36.178+0000] {dag.py:2690} INFO - Sync 1 DAGs
[2025-02-01T02:57:36.262+0000] {logging_mixin.py:137} INFO - [2025-02-01T02:57:36.262+0000] {dag.py:3441} INFO - Setting next_dagrun for tutorial_taskflow_api_virtualenv to None, run_after=None
[2025-02-01T02:57:36.309+0000] {processor.py:175} INFO - Processing /home/airflow/.local/lib/python3.7/site-packages/airflow/example_dags/tutorial_taskflow_api_virtualenv.py took 0.263 seconds
[2025-02-01T02:58:06.544+0000] {processor.py:153} INFO - Started process (PID=2009) to work on /home/airflow/.local/lib/python3.7/site-packages/airflow/example_dags/tutorial_taskflow_api_virtualenv.py
[2025-02-01T02:58:06.545+0000] {processor.py:743} INFO - Processing file /home/airflow/.local/lib/python3.7/site-packages/airflow/example_dags/tutorial_taskflow_api_virtualenv.py for tasks to queue
[2025-02-01T02:58:06.555+0000] {logging_mixin.py:137} INFO - [2025-02-01T02:58:06.554+0000] {dagbag.py:538} INFO - Filling up the DagBag from /home/airflow/.local/lib/python3.7/site-packages/airflow/example_dags/tutorial_taskflow_api_virtualenv.py
[2025-02-01T02:58:06.840+0000] {processor.py:753} INFO - DAG(s) dict_keys(['tutorial_taskflow_api_virtualenv']) retrieved from /home/airflow/.local/lib/python3.7/site-packages/airflow/example_dags/tutorial_taskflow_api_virtualenv.py
[2025-02-01T02:58:07.114+0000] {logging_mixin.py:137} INFO - [2025-02-01T02:58:07.113+0000] {dag.py:2690} INFO - Sync 1 DAGs
[2025-02-01T02:58:07.416+0000] {logging_mixin.py:137} INFO - [2025-02-01T02:58:07.416+0000] {dag.py:3441} INFO - Setting next_dagrun for tutorial_taskflow_api_virtualenv to None, run_after=None
[2025-02-01T02:58:07.615+0000] {processor.py:175} INFO - Processing /home/airflow/.local/lib/python3.7/site-packages/airflow/example_dags/tutorial_taskflow_api_virtualenv.py took 1.103 seconds
[2025-02-01T02:58:38.090+0000] {processor.py:153} INFO - Started process (PID=2059) to work on /home/airflow/.local/lib/python3.7/site-packages/airflow/example_dags/tutorial_taskflow_api_virtualenv.py
[2025-02-01T02:58:38.096+0000] {processor.py:743} INFO - Processing file /home/airflow/.local/lib/python3.7/site-packages/airflow/example_dags/tutorial_taskflow_api_virtualenv.py for tasks to queue
[2025-02-01T02:58:38.105+0000] {logging_mixin.py:137} INFO - [2025-02-01T02:58:38.105+0000] {dagbag.py:538} INFO - Filling up the DagBag from /home/airflow/.local/lib/python3.7/site-packages/airflow/example_dags/tutorial_taskflow_api_virtualenv.py
[2025-02-01T02:58:38.279+0000] {processor.py:753} INFO - DAG(s) dict_keys(['tutorial_taskflow_api_virtualenv']) retrieved from /home/airflow/.local/lib/python3.7/site-packages/airflow/example_dags/tutorial_taskflow_api_virtualenv.py
[2025-02-01T02:58:38.540+0000] {logging_mixin.py:137} INFO - [2025-02-01T02:58:38.540+0000] {dag.py:2690} INFO - Sync 1 DAGs
[2025-02-01T02:58:38.835+0000] {logging_mixin.py:137} INFO - [2025-02-01T02:58:38.835+0000] {dag.py:3441} INFO - Setting next_dagrun for tutorial_taskflow_api_virtualenv to None, run_after=None
[2025-02-01T02:58:38.993+0000] {processor.py:175} INFO - Processing /home/airflow/.local/lib/python3.7/site-packages/airflow/example_dags/tutorial_taskflow_api_virtualenv.py took 0.928 seconds
[2025-02-01T02:59:09.935+0000] {processor.py:153} INFO - Started process (PID=2118) to work on /home/airflow/.local/lib/python3.7/site-packages/airflow/example_dags/tutorial_taskflow_api_virtualenv.py
[2025-02-01T02:59:09.936+0000] {processor.py:743} INFO - Processing file /home/airflow/.local/lib/python3.7/site-packages/airflow/example_dags/tutorial_taskflow_api_virtualenv.py for tasks to queue
[2025-02-01T02:59:09.938+0000] {logging_mixin.py:137} INFO - [2025-02-01T02:59:09.937+0000] {dagbag.py:538} INFO - Filling up the DagBag from /home/airflow/.local/lib/python3.7/site-packages/airflow/example_dags/tutorial_taskflow_api_virtualenv.py
[2025-02-01T02:59:09.997+0000] {processor.py:753} INFO - DAG(s) dict_keys(['tutorial_taskflow_api_virtualenv']) retrieved from /home/airflow/.local/lib/python3.7/site-packages/airflow/example_dags/tutorial_taskflow_api_virtualenv.py
[2025-02-01T02:59:10.056+0000] {logging_mixin.py:137} INFO - [2025-02-01T02:59:10.055+0000] {dag.py:2690} INFO - Sync 1 DAGs
[2025-02-01T02:59:10.123+0000] {logging_mixin.py:137} INFO - [2025-02-01T02:59:10.122+0000] {dag.py:3441} INFO - Setting next_dagrun for tutorial_taskflow_api_virtualenv to None, run_after=None
[2025-02-01T02:59:10.172+0000] {processor.py:175} INFO - Processing /home/airflow/.local/lib/python3.7/site-packages/airflow/example_dags/tutorial_taskflow_api_virtualenv.py took 0.245 seconds
[2025-02-01T02:59:40.219+0000] {processor.py:153} INFO - Started process (PID=2176) to work on /home/airflow/.local/lib/python3.7/site-packages/airflow/example_dags/tutorial_taskflow_api_virtualenv.py
[2025-02-01T02:59:40.222+0000] {processor.py:743} INFO - Processing file /home/airflow/.local/lib/python3.7/site-packages/airflow/example_dags/tutorial_taskflow_api_virtualenv.py for tasks to queue
[2025-02-01T02:59:40.223+0000] {logging_mixin.py:137} INFO - [2025-02-01T02:59:40.223+0000] {dagbag.py:538} INFO - Filling up the DagBag from /home/airflow/.local/lib/python3.7/site-packages/airflow/example_dags/tutorial_taskflow_api_virtualenv.py
[2025-02-01T02:59:40.276+0000] {processor.py:753} INFO - DAG(s) dict_keys(['tutorial_taskflow_api_virtualenv']) retrieved from /home/airflow/.local/lib/python3.7/site-packages/airflow/example_dags/tutorial_taskflow_api_virtualenv.py
[2025-02-01T02:59:40.338+0000] {logging_mixin.py:137} INFO - [2025-02-01T02:59:40.338+0000] {dag.py:2690} INFO - Sync 1 DAGs
[2025-02-01T02:59:40.400+0000] {logging_mixin.py:137} INFO - [2025-02-01T02:59:40.400+0000] {dag.py:3441} INFO - Setting next_dagrun for tutorial_taskflow_api_virtualenv to None, run_after=None
[2025-02-01T02:59:40.448+0000] {processor.py:175} INFO - Processing /home/airflow/.local/lib/python3.7/site-packages/airflow/example_dags/tutorial_taskflow_api_virtualenv.py took 0.236 seconds
[2025-02-01T03:00:11.019+0000] {processor.py:153} INFO - Started process (PID=2225) to work on /home/airflow/.local/lib/python3.7/site-packages/airflow/example_dags/tutorial_taskflow_api_virtualenv.py
[2025-02-01T03:00:11.027+0000] {processor.py:743} INFO - Processing file /home/airflow/.local/lib/python3.7/site-packages/airflow/example_dags/tutorial_taskflow_api_virtualenv.py for tasks to queue
[2025-02-01T03:00:11.037+0000] {logging_mixin.py:137} INFO - [2025-02-01T03:00:11.035+0000] {dagbag.py:538} INFO - Filling up the DagBag from /home/airflow/.local/lib/python3.7/site-packages/airflow/example_dags/tutorial_taskflow_api_virtualenv.py
[2025-02-01T03:00:11.258+0000] {processor.py:753} INFO - DAG(s) dict_keys(['tutorial_taskflow_api_virtualenv']) retrieved from /home/airflow/.local/lib/python3.7/site-packages/airflow/example_dags/tutorial_taskflow_api_virtualenv.py
[2025-02-01T03:00:11.447+0000] {logging_mixin.py:137} INFO - [2025-02-01T03:00:11.446+0000] {dag.py:2690} INFO - Sync 1 DAGs
[2025-02-01T03:00:11.807+0000] {logging_mixin.py:137} INFO - [2025-02-01T03:00:11.807+0000] {dag.py:3441} INFO - Setting next_dagrun for tutorial_taskflow_api_virtualenv to None, run_after=None
[2025-02-01T03:00:11.970+0000] {processor.py:175} INFO - Processing /home/airflow/.local/lib/python3.7/site-packages/airflow/example_dags/tutorial_taskflow_api_virtualenv.py took 0.976 seconds
[2025-02-01T03:00:42.410+0000] {processor.py:153} INFO - Started process (PID=2284) to work on /home/airflow/.local/lib/python3.7/site-packages/airflow/example_dags/tutorial_taskflow_api_virtualenv.py
[2025-02-01T03:00:42.412+0000] {processor.py:743} INFO - Processing file /home/airflow/.local/lib/python3.7/site-packages/airflow/example_dags/tutorial_taskflow_api_virtualenv.py for tasks to queue
[2025-02-01T03:00:42.413+0000] {logging_mixin.py:137} INFO - [2025-02-01T03:00:42.413+0000] {dagbag.py:538} INFO - Filling up the DagBag from /home/airflow/.local/lib/python3.7/site-packages/airflow/example_dags/tutorial_taskflow_api_virtualenv.py
[2025-02-01T03:00:42.465+0000] {processor.py:753} INFO - DAG(s) dict_keys(['tutorial_taskflow_api_virtualenv']) retrieved from /home/airflow/.local/lib/python3.7/site-packages/airflow/example_dags/tutorial_taskflow_api_virtualenv.py
[2025-02-01T03:00:42.530+0000] {logging_mixin.py:137} INFO - [2025-02-01T03:00:42.530+0000] {dag.py:2690} INFO - Sync 1 DAGs
[2025-02-01T03:00:42.591+0000] {logging_mixin.py:137} INFO - [2025-02-01T03:00:42.591+0000] {dag.py:3441} INFO - Setting next_dagrun for tutorial_taskflow_api_virtualenv to None, run_after=None
[2025-02-01T03:00:42.636+0000] {processor.py:175} INFO - Processing /home/airflow/.local/lib/python3.7/site-packages/airflow/example_dags/tutorial_taskflow_api_virtualenv.py took 0.234 seconds
[2025-02-01T03:01:12.789+0000] {processor.py:153} INFO - Started process (PID=2343) to work on /home/airflow/.local/lib/python3.7/site-packages/airflow/example_dags/tutorial_taskflow_api_virtualenv.py
[2025-02-01T03:01:12.792+0000] {processor.py:743} INFO - Processing file /home/airflow/.local/lib/python3.7/site-packages/airflow/example_dags/tutorial_taskflow_api_virtualenv.py for tasks to queue
[2025-02-01T03:01:12.796+0000] {logging_mixin.py:137} INFO - [2025-02-01T03:01:12.796+0000] {dagbag.py:538} INFO - Filling up the DagBag from /home/airflow/.local/lib/python3.7/site-packages/airflow/example_dags/tutorial_taskflow_api_virtualenv.py
[2025-02-01T03:01:12.940+0000] {processor.py:753} INFO - DAG(s) dict_keys(['tutorial_taskflow_api_virtualenv']) retrieved from /home/airflow/.local/lib/python3.7/site-packages/airflow/example_dags/tutorial_taskflow_api_virtualenv.py
[2025-02-01T03:01:13.055+0000] {logging_mixin.py:137} INFO - [2025-02-01T03:01:13.055+0000] {dag.py:2690} INFO - Sync 1 DAGs
[2025-02-01T03:01:13.157+0000] {logging_mixin.py:137} INFO - [2025-02-01T03:01:13.157+0000] {dag.py:3441} INFO - Setting next_dagrun for tutorial_taskflow_api_virtualenv to None, run_after=None
[2025-02-01T03:01:13.205+0000] {processor.py:175} INFO - Processing /home/airflow/.local/lib/python3.7/site-packages/airflow/example_dags/tutorial_taskflow_api_virtualenv.py took 0.429 seconds
[2025-02-01T03:01:43.329+0000] {processor.py:153} INFO - Started process (PID=2401) to work on /home/airflow/.local/lib/python3.7/site-packages/airflow/example_dags/tutorial_taskflow_api_virtualenv.py
[2025-02-01T03:01:43.334+0000] {processor.py:743} INFO - Processing file /home/airflow/.local/lib/python3.7/site-packages/airflow/example_dags/tutorial_taskflow_api_virtualenv.py for tasks to queue
[2025-02-01T03:01:43.340+0000] {logging_mixin.py:137} INFO - [2025-02-01T03:01:43.335+0000] {dagbag.py:538} INFO - Filling up the DagBag from /home/airflow/.local/lib/python3.7/site-packages/airflow/example_dags/tutorial_taskflow_api_virtualenv.py
[2025-02-01T03:01:43.490+0000] {processor.py:753} INFO - DAG(s) dict_keys(['tutorial_taskflow_api_virtualenv']) retrieved from /home/airflow/.local/lib/python3.7/site-packages/airflow/example_dags/tutorial_taskflow_api_virtualenv.py
[2025-02-01T03:01:43.658+0000] {logging_mixin.py:137} INFO - [2025-02-01T03:01:43.657+0000] {dag.py:2690} INFO - Sync 1 DAGs
[2025-02-01T03:01:43.867+0000] {logging_mixin.py:137} INFO - [2025-02-01T03:01:43.867+0000] {dag.py:3441} INFO - Setting next_dagrun for tutorial_taskflow_api_virtualenv to None, run_after=None
[2025-02-01T03:01:43.988+0000] {processor.py:175} INFO - Processing /home/airflow/.local/lib/python3.7/site-packages/airflow/example_dags/tutorial_taskflow_api_virtualenv.py took 0.694 seconds
[2025-02-01T03:02:14.388+0000] {processor.py:153} INFO - Started process (PID=2450) to work on /home/airflow/.local/lib/python3.7/site-packages/airflow/example_dags/tutorial_taskflow_api_virtualenv.py
[2025-02-01T03:02:14.391+0000] {processor.py:743} INFO - Processing file /home/airflow/.local/lib/python3.7/site-packages/airflow/example_dags/tutorial_taskflow_api_virtualenv.py for tasks to queue
[2025-02-01T03:02:14.397+0000] {logging_mixin.py:137} INFO - [2025-02-01T03:02:14.397+0000] {dagbag.py:538} INFO - Filling up the DagBag from /home/airflow/.local/lib/python3.7/site-packages/airflow/example_dags/tutorial_taskflow_api_virtualenv.py
[2025-02-01T03:02:14.587+0000] {processor.py:753} INFO - DAG(s) dict_keys(['tutorial_taskflow_api_virtualenv']) retrieved from /home/airflow/.local/lib/python3.7/site-packages/airflow/example_dags/tutorial_taskflow_api_virtualenv.py
[2025-02-01T03:02:14.687+0000] {logging_mixin.py:137} INFO - [2025-02-01T03:02:14.686+0000] {dag.py:2690} INFO - Sync 1 DAGs
[2025-02-01T03:02:14.819+0000] {logging_mixin.py:137} INFO - [2025-02-01T03:02:14.819+0000] {dag.py:3441} INFO - Setting next_dagrun for tutorial_taskflow_api_virtualenv to None, run_after=None
[2025-02-01T03:02:14.918+0000] {processor.py:175} INFO - Processing /home/airflow/.local/lib/python3.7/site-packages/airflow/example_dags/tutorial_taskflow_api_virtualenv.py took 0.564 seconds
[2025-02-01T03:02:45.185+0000] {processor.py:153} INFO - Started process (PID=2509) to work on /home/airflow/.local/lib/python3.7/site-packages/airflow/example_dags/tutorial_taskflow_api_virtualenv.py
[2025-02-01T03:02:45.186+0000] {processor.py:743} INFO - Processing file /home/airflow/.local/lib/python3.7/site-packages/airflow/example_dags/tutorial_taskflow_api_virtualenv.py for tasks to queue
[2025-02-01T03:02:45.188+0000] {logging_mixin.py:137} INFO - [2025-02-01T03:02:45.187+0000] {dagbag.py:538} INFO - Filling up the DagBag from /home/airflow/.local/lib/python3.7/site-packages/airflow/example_dags/tutorial_taskflow_api_virtualenv.py
[2025-02-01T03:02:45.244+0000] {processor.py:753} INFO - DAG(s) dict_keys(['tutorial_taskflow_api_virtualenv']) retrieved from /home/airflow/.local/lib/python3.7/site-packages/airflow/example_dags/tutorial_taskflow_api_virtualenv.py
[2025-02-01T03:02:45.303+0000] {logging_mixin.py:137} INFO - [2025-02-01T03:02:45.302+0000] {dag.py:2690} INFO - Sync 1 DAGs
[2025-02-01T03:02:45.394+0000] {logging_mixin.py:137} INFO - [2025-02-01T03:02:45.393+0000] {dag.py:3441} INFO - Setting next_dagrun for tutorial_taskflow_api_virtualenv to None, run_after=None
[2025-02-01T03:02:45.440+0000] {processor.py:175} INFO - Processing /home/airflow/.local/lib/python3.7/site-packages/airflow/example_dags/tutorial_taskflow_api_virtualenv.py took 0.263 seconds
[2025-02-01T03:03:16.803+0000] {processor.py:153} INFO - Started process (PID=2568) to work on /home/airflow/.local/lib/python3.7/site-packages/airflow/example_dags/tutorial_taskflow_api_virtualenv.py
[2025-02-01T03:03:16.809+0000] {processor.py:743} INFO - Processing file /home/airflow/.local/lib/python3.7/site-packages/airflow/example_dags/tutorial_taskflow_api_virtualenv.py for tasks to queue
[2025-02-01T03:03:16.810+0000] {logging_mixin.py:137} INFO - [2025-02-01T03:03:16.810+0000] {dagbag.py:538} INFO - Filling up the DagBag from /home/airflow/.local/lib/python3.7/site-packages/airflow/example_dags/tutorial_taskflow_api_virtualenv.py
[2025-02-01T03:03:17.031+0000] {processor.py:753} INFO - DAG(s) dict_keys(['tutorial_taskflow_api_virtualenv']) retrieved from /home/airflow/.local/lib/python3.7/site-packages/airflow/example_dags/tutorial_taskflow_api_virtualenv.py
[2025-02-01T03:03:17.158+0000] {logging_mixin.py:137} INFO - [2025-02-01T03:03:17.158+0000] {dag.py:2690} INFO - Sync 1 DAGs
[2025-02-01T03:03:17.321+0000] {logging_mixin.py:137} INFO - [2025-02-01T03:03:17.320+0000] {dag.py:3441} INFO - Setting next_dagrun for tutorial_taskflow_api_virtualenv to None, run_after=None
[2025-02-01T03:03:17.417+0000] {processor.py:175} INFO - Processing /home/airflow/.local/lib/python3.7/site-packages/airflow/example_dags/tutorial_taskflow_api_virtualenv.py took 0.640 seconds
[2025-02-01T03:03:47.825+0000] {processor.py:153} INFO - Started process (PID=2626) to work on /home/airflow/.local/lib/python3.7/site-packages/airflow/example_dags/tutorial_taskflow_api_virtualenv.py
[2025-02-01T03:03:47.836+0000] {processor.py:743} INFO - Processing file /home/airflow/.local/lib/python3.7/site-packages/airflow/example_dags/tutorial_taskflow_api_virtualenv.py for tasks to queue
[2025-02-01T03:03:47.841+0000] {logging_mixin.py:137} INFO - [2025-02-01T03:03:47.841+0000] {dagbag.py:538} INFO - Filling up the DagBag from /home/airflow/.local/lib/python3.7/site-packages/airflow/example_dags/tutorial_taskflow_api_virtualenv.py
[2025-02-01T03:03:48.129+0000] {processor.py:753} INFO - DAG(s) dict_keys(['tutorial_taskflow_api_virtualenv']) retrieved from /home/airflow/.local/lib/python3.7/site-packages/airflow/example_dags/tutorial_taskflow_api_virtualenv.py
[2025-02-01T03:03:48.407+0000] {logging_mixin.py:137} INFO - [2025-02-01T03:03:48.404+0000] {dag.py:2690} INFO - Sync 1 DAGs
[2025-02-01T03:03:48.734+0000] {logging_mixin.py:137} INFO - [2025-02-01T03:03:48.726+0000] {dag.py:3441} INFO - Setting next_dagrun for tutorial_taskflow_api_virtualenv to None, run_after=None
[2025-02-01T03:03:48.978+0000] {processor.py:175} INFO - Processing /home/airflow/.local/lib/python3.7/site-packages/airflow/example_dags/tutorial_taskflow_api_virtualenv.py took 1.197 seconds
[2025-02-01T03:04:19.186+0000] {processor.py:153} INFO - Started process (PID=2676) to work on /home/airflow/.local/lib/python3.7/site-packages/airflow/example_dags/tutorial_taskflow_api_virtualenv.py
[2025-02-01T03:04:19.188+0000] {processor.py:743} INFO - Processing file /home/airflow/.local/lib/python3.7/site-packages/airflow/example_dags/tutorial_taskflow_api_virtualenv.py for tasks to queue
[2025-02-01T03:04:19.190+0000] {logging_mixin.py:137} INFO - [2025-02-01T03:04:19.189+0000] {dagbag.py:538} INFO - Filling up the DagBag from /home/airflow/.local/lib/python3.7/site-packages/airflow/example_dags/tutorial_taskflow_api_virtualenv.py
[2025-02-01T03:04:19.242+0000] {processor.py:753} INFO - DAG(s) dict_keys(['tutorial_taskflow_api_virtualenv']) retrieved from /home/airflow/.local/lib/python3.7/site-packages/airflow/example_dags/tutorial_taskflow_api_virtualenv.py
[2025-02-01T03:04:19.301+0000] {logging_mixin.py:137} INFO - [2025-02-01T03:04:19.301+0000] {dag.py:2690} INFO - Sync 1 DAGs
[2025-02-01T03:04:19.368+0000] {logging_mixin.py:137} INFO - [2025-02-01T03:04:19.368+0000] {dag.py:3441} INFO - Setting next_dagrun for tutorial_taskflow_api_virtualenv to None, run_after=None
[2025-02-01T03:04:19.419+0000] {processor.py:175} INFO - Processing /home/airflow/.local/lib/python3.7/site-packages/airflow/example_dags/tutorial_taskflow_api_virtualenv.py took 0.242 seconds
[2025-02-01T03:04:49.551+0000] {processor.py:153} INFO - Started process (PID=2733) to work on /home/airflow/.local/lib/python3.7/site-packages/airflow/example_dags/tutorial_taskflow_api_virtualenv.py
[2025-02-01T03:04:49.554+0000] {processor.py:743} INFO - Processing file /home/airflow/.local/lib/python3.7/site-packages/airflow/example_dags/tutorial_taskflow_api_virtualenv.py for tasks to queue
[2025-02-01T03:04:49.558+0000] {logging_mixin.py:137} INFO - [2025-02-01T03:04:49.558+0000] {dagbag.py:538} INFO - Filling up the DagBag from /home/airflow/.local/lib/python3.7/site-packages/airflow/example_dags/tutorial_taskflow_api_virtualenv.py
[2025-02-01T03:04:49.678+0000] {processor.py:753} INFO - DAG(s) dict_keys(['tutorial_taskflow_api_virtualenv']) retrieved from /home/airflow/.local/lib/python3.7/site-packages/airflow/example_dags/tutorial_taskflow_api_virtualenv.py
[2025-02-01T03:04:49.773+0000] {logging_mixin.py:137} INFO - [2025-02-01T03:04:49.773+0000] {dag.py:2690} INFO - Sync 1 DAGs
[2025-02-01T03:04:49.836+0000] {logging_mixin.py:137} INFO - [2025-02-01T03:04:49.836+0000] {dag.py:3441} INFO - Setting next_dagrun for tutorial_taskflow_api_virtualenv to None, run_after=None
[2025-02-01T03:04:49.900+0000] {processor.py:175} INFO - Processing /home/airflow/.local/lib/python3.7/site-packages/airflow/example_dags/tutorial_taskflow_api_virtualenv.py took 0.369 seconds
[2025-02-01T03:05:21.007+0000] {processor.py:153} INFO - Started process (PID=2790) to work on /home/airflow/.local/lib/python3.7/site-packages/airflow/example_dags/tutorial_taskflow_api_virtualenv.py
[2025-02-01T03:05:21.012+0000] {processor.py:743} INFO - Processing file /home/airflow/.local/lib/python3.7/site-packages/airflow/example_dags/tutorial_taskflow_api_virtualenv.py for tasks to queue
[2025-02-01T03:05:21.016+0000] {logging_mixin.py:137} INFO - [2025-02-01T03:05:21.014+0000] {dagbag.py:538} INFO - Filling up the DagBag from /home/airflow/.local/lib/python3.7/site-packages/airflow/example_dags/tutorial_taskflow_api_virtualenv.py
[2025-02-01T03:05:21.218+0000] {processor.py:753} INFO - DAG(s) dict_keys(['tutorial_taskflow_api_virtualenv']) retrieved from /home/airflow/.local/lib/python3.7/site-packages/airflow/example_dags/tutorial_taskflow_api_virtualenv.py
[2025-02-01T03:05:21.412+0000] {logging_mixin.py:137} INFO - [2025-02-01T03:05:21.410+0000] {dag.py:2690} INFO - Sync 1 DAGs
[2025-02-01T03:05:21.619+0000] {logging_mixin.py:137} INFO - [2025-02-01T03:05:21.619+0000] {dag.py:3441} INFO - Setting next_dagrun for tutorial_taskflow_api_virtualenv to None, run_after=None
[2025-02-01T03:05:21.731+0000] {processor.py:175} INFO - Processing /home/airflow/.local/lib/python3.7/site-packages/airflow/example_dags/tutorial_taskflow_api_virtualenv.py took 0.752 seconds
[2025-02-01T03:05:52.090+0000] {processor.py:153} INFO - Started process (PID=2842) to work on /home/airflow/.local/lib/python3.7/site-packages/airflow/example_dags/tutorial_taskflow_api_virtualenv.py
[2025-02-01T03:05:52.095+0000] {processor.py:743} INFO - Processing file /home/airflow/.local/lib/python3.7/site-packages/airflow/example_dags/tutorial_taskflow_api_virtualenv.py for tasks to queue
[2025-02-01T03:05:52.107+0000] {logging_mixin.py:137} INFO - [2025-02-01T03:05:52.107+0000] {dagbag.py:538} INFO - Filling up the DagBag from /home/airflow/.local/lib/python3.7/site-packages/airflow/example_dags/tutorial_taskflow_api_virtualenv.py
[2025-02-01T03:05:52.326+0000] {processor.py:753} INFO - DAG(s) dict_keys(['tutorial_taskflow_api_virtualenv']) retrieved from /home/airflow/.local/lib/python3.7/site-packages/airflow/example_dags/tutorial_taskflow_api_virtualenv.py
[2025-02-01T03:05:52.489+0000] {logging_mixin.py:137} INFO - [2025-02-01T03:05:52.488+0000] {dag.py:2690} INFO - Sync 1 DAGs
[2025-02-01T03:05:52.693+0000] {logging_mixin.py:137} INFO - [2025-02-01T03:05:52.693+0000] {dag.py:3441} INFO - Setting next_dagrun for tutorial_taskflow_api_virtualenv to None, run_after=None
[2025-02-01T03:05:52.847+0000] {processor.py:175} INFO - Processing /home/airflow/.local/lib/python3.7/site-packages/airflow/example_dags/tutorial_taskflow_api_virtualenv.py took 0.773 seconds
[2025-02-01T03:06:23.143+0000] {processor.py:153} INFO - Started process (PID=2901) to work on /home/airflow/.local/lib/python3.7/site-packages/airflow/example_dags/tutorial_taskflow_api_virtualenv.py
[2025-02-01T03:06:23.147+0000] {processor.py:743} INFO - Processing file /home/airflow/.local/lib/python3.7/site-packages/airflow/example_dags/tutorial_taskflow_api_virtualenv.py for tasks to queue
[2025-02-01T03:06:23.151+0000] {logging_mixin.py:137} INFO - [2025-02-01T03:06:23.149+0000] {dagbag.py:538} INFO - Filling up the DagBag from /home/airflow/.local/lib/python3.7/site-packages/airflow/example_dags/tutorial_taskflow_api_virtualenv.py
[2025-02-01T03:06:23.285+0000] {processor.py:753} INFO - DAG(s) dict_keys(['tutorial_taskflow_api_virtualenv']) retrieved from /home/airflow/.local/lib/python3.7/site-packages/airflow/example_dags/tutorial_taskflow_api_virtualenv.py
[2025-02-01T03:06:23.439+0000] {logging_mixin.py:137} INFO - [2025-02-01T03:06:23.438+0000] {dag.py:2690} INFO - Sync 1 DAGs
[2025-02-01T03:06:23.524+0000] {logging_mixin.py:137} INFO - [2025-02-01T03:06:23.524+0000] {dag.py:3441} INFO - Setting next_dagrun for tutorial_taskflow_api_virtualenv to None, run_after=None
[2025-02-01T03:06:23.570+0000] {processor.py:175} INFO - Processing /home/airflow/.local/lib/python3.7/site-packages/airflow/example_dags/tutorial_taskflow_api_virtualenv.py took 0.442 seconds
[2025-02-01T03:06:53.766+0000] {processor.py:153} INFO - Started process (PID=2960) to work on /home/airflow/.local/lib/python3.7/site-packages/airflow/example_dags/tutorial_taskflow_api_virtualenv.py
[2025-02-01T03:06:53.771+0000] {processor.py:743} INFO - Processing file /home/airflow/.local/lib/python3.7/site-packages/airflow/example_dags/tutorial_taskflow_api_virtualenv.py for tasks to queue
[2025-02-01T03:06:53.779+0000] {logging_mixin.py:137} INFO - [2025-02-01T03:06:53.773+0000] {dagbag.py:538} INFO - Filling up the DagBag from /home/airflow/.local/lib/python3.7/site-packages/airflow/example_dags/tutorial_taskflow_api_virtualenv.py
[2025-02-01T03:06:54.020+0000] {processor.py:753} INFO - DAG(s) dict_keys(['tutorial_taskflow_api_virtualenv']) retrieved from /home/airflow/.local/lib/python3.7/site-packages/airflow/example_dags/tutorial_taskflow_api_virtualenv.py
[2025-02-01T03:06:54.238+0000] {logging_mixin.py:137} INFO - [2025-02-01T03:06:54.237+0000] {dag.py:2690} INFO - Sync 1 DAGs
[2025-02-01T03:06:54.443+0000] {logging_mixin.py:137} INFO - [2025-02-01T03:06:54.443+0000] {dag.py:3441} INFO - Setting next_dagrun for tutorial_taskflow_api_virtualenv to None, run_after=None
[2025-02-01T03:06:54.576+0000] {processor.py:175} INFO - Processing /home/airflow/.local/lib/python3.7/site-packages/airflow/example_dags/tutorial_taskflow_api_virtualenv.py took 0.834 seconds
[2025-02-01T03:07:24.693+0000] {processor.py:153} INFO - Started process (PID=3010) to work on /home/airflow/.local/lib/python3.7/site-packages/airflow/example_dags/tutorial_taskflow_api_virtualenv.py
[2025-02-01T03:07:24.695+0000] {processor.py:743} INFO - Processing file /home/airflow/.local/lib/python3.7/site-packages/airflow/example_dags/tutorial_taskflow_api_virtualenv.py for tasks to queue
[2025-02-01T03:07:24.697+0000] {logging_mixin.py:137} INFO - [2025-02-01T03:07:24.697+0000] {dagbag.py:538} INFO - Filling up the DagBag from /home/airflow/.local/lib/python3.7/site-packages/airflow/example_dags/tutorial_taskflow_api_virtualenv.py
[2025-02-01T03:07:24.747+0000] {processor.py:753} INFO - DAG(s) dict_keys(['tutorial_taskflow_api_virtualenv']) retrieved from /home/airflow/.local/lib/python3.7/site-packages/airflow/example_dags/tutorial_taskflow_api_virtualenv.py
[2025-02-01T03:07:24.807+0000] {logging_mixin.py:137} INFO - [2025-02-01T03:07:24.806+0000] {dag.py:2690} INFO - Sync 1 DAGs
[2025-02-01T03:07:24.872+0000] {logging_mixin.py:137} INFO - [2025-02-01T03:07:24.871+0000] {dag.py:3441} INFO - Setting next_dagrun for tutorial_taskflow_api_virtualenv to None, run_after=None
[2025-02-01T03:07:24.925+0000] {processor.py:175} INFO - Processing /home/airflow/.local/lib/python3.7/site-packages/airflow/example_dags/tutorial_taskflow_api_virtualenv.py took 0.242 seconds
[2025-02-01T03:07:55.491+0000] {processor.py:153} INFO - Started process (PID=3068) to work on /home/airflow/.local/lib/python3.7/site-packages/airflow/example_dags/tutorial_taskflow_api_virtualenv.py
[2025-02-01T03:07:55.494+0000] {processor.py:743} INFO - Processing file /home/airflow/.local/lib/python3.7/site-packages/airflow/example_dags/tutorial_taskflow_api_virtualenv.py for tasks to queue
[2025-02-01T03:07:55.500+0000] {logging_mixin.py:137} INFO - [2025-02-01T03:07:55.498+0000] {dagbag.py:538} INFO - Filling up the DagBag from /home/airflow/.local/lib/python3.7/site-packages/airflow/example_dags/tutorial_taskflow_api_virtualenv.py
[2025-02-01T03:07:55.596+0000] {processor.py:753} INFO - DAG(s) dict_keys(['tutorial_taskflow_api_virtualenv']) retrieved from /home/airflow/.local/lib/python3.7/site-packages/airflow/example_dags/tutorial_taskflow_api_virtualenv.py
[2025-02-01T03:07:55.692+0000] {logging_mixin.py:137} INFO - [2025-02-01T03:07:55.692+0000] {dag.py:2690} INFO - Sync 1 DAGs
[2025-02-01T03:07:55.764+0000] {logging_mixin.py:137} INFO - [2025-02-01T03:07:55.763+0000] {dag.py:3441} INFO - Setting next_dagrun for tutorial_taskflow_api_virtualenv to None, run_after=None
[2025-02-01T03:07:55.839+0000] {processor.py:175} INFO - Processing /home/airflow/.local/lib/python3.7/site-packages/airflow/example_dags/tutorial_taskflow_api_virtualenv.py took 0.365 seconds
[2025-02-01T03:08:25.957+0000] {processor.py:153} INFO - Started process (PID=3124) to work on /home/airflow/.local/lib/python3.7/site-packages/airflow/example_dags/tutorial_taskflow_api_virtualenv.py
[2025-02-01T03:08:25.960+0000] {processor.py:743} INFO - Processing file /home/airflow/.local/lib/python3.7/site-packages/airflow/example_dags/tutorial_taskflow_api_virtualenv.py for tasks to queue
[2025-02-01T03:08:25.963+0000] {logging_mixin.py:137} INFO - [2025-02-01T03:08:25.962+0000] {dagbag.py:538} INFO - Filling up the DagBag from /home/airflow/.local/lib/python3.7/site-packages/airflow/example_dags/tutorial_taskflow_api_virtualenv.py
[2025-02-01T03:08:26.075+0000] {processor.py:753} INFO - DAG(s) dict_keys(['tutorial_taskflow_api_virtualenv']) retrieved from /home/airflow/.local/lib/python3.7/site-packages/airflow/example_dags/tutorial_taskflow_api_virtualenv.py
[2025-02-01T03:08:26.211+0000] {logging_mixin.py:137} INFO - [2025-02-01T03:08:26.210+0000] {dag.py:2690} INFO - Sync 1 DAGs
[2025-02-01T03:08:26.326+0000] {logging_mixin.py:137} INFO - [2025-02-01T03:08:26.326+0000] {dag.py:3441} INFO - Setting next_dagrun for tutorial_taskflow_api_virtualenv to None, run_after=None
[2025-02-01T03:08:26.418+0000] {processor.py:175} INFO - Processing /home/airflow/.local/lib/python3.7/site-packages/airflow/example_dags/tutorial_taskflow_api_virtualenv.py took 0.471 seconds
[2025-02-01T03:08:57.520+0000] {processor.py:153} INFO - Started process (PID=3174) to work on /home/airflow/.local/lib/python3.7/site-packages/airflow/example_dags/tutorial_taskflow_api_virtualenv.py
[2025-02-01T03:08:57.525+0000] {processor.py:743} INFO - Processing file /home/airflow/.local/lib/python3.7/site-packages/airflow/example_dags/tutorial_taskflow_api_virtualenv.py for tasks to queue
[2025-02-01T03:08:57.526+0000] {logging_mixin.py:137} INFO - [2025-02-01T03:08:57.526+0000] {dagbag.py:538} INFO - Filling up the DagBag from /home/airflow/.local/lib/python3.7/site-packages/airflow/example_dags/tutorial_taskflow_api_virtualenv.py
[2025-02-01T03:08:57.760+0000] {processor.py:753} INFO - DAG(s) dict_keys(['tutorial_taskflow_api_virtualenv']) retrieved from /home/airflow/.local/lib/python3.7/site-packages/airflow/example_dags/tutorial_taskflow_api_virtualenv.py
[2025-02-01T03:08:58.046+0000] {logging_mixin.py:137} INFO - [2025-02-01T03:08:58.041+0000] {dag.py:2690} INFO - Sync 1 DAGs
[2025-02-01T03:08:58.279+0000] {logging_mixin.py:137} INFO - [2025-02-01T03:08:58.278+0000] {dag.py:3441} INFO - Setting next_dagrun for tutorial_taskflow_api_virtualenv to None, run_after=None
[2025-02-01T03:08:58.461+0000] {processor.py:175} INFO - Processing /home/airflow/.local/lib/python3.7/site-packages/airflow/example_dags/tutorial_taskflow_api_virtualenv.py took 0.953 seconds
[2025-02-01T03:09:29.261+0000] {processor.py:153} INFO - Started process (PID=3234) to work on /home/airflow/.local/lib/python3.7/site-packages/airflow/example_dags/tutorial_taskflow_api_virtualenv.py
[2025-02-01T03:09:29.269+0000] {processor.py:743} INFO - Processing file /home/airflow/.local/lib/python3.7/site-packages/airflow/example_dags/tutorial_taskflow_api_virtualenv.py for tasks to queue
[2025-02-01T03:09:29.274+0000] {logging_mixin.py:137} INFO - [2025-02-01T03:09:29.271+0000] {dagbag.py:538} INFO - Filling up the DagBag from /home/airflow/.local/lib/python3.7/site-packages/airflow/example_dags/tutorial_taskflow_api_virtualenv.py
[2025-02-01T03:09:29.498+0000] {processor.py:753} INFO - DAG(s) dict_keys(['tutorial_taskflow_api_virtualenv']) retrieved from /home/airflow/.local/lib/python3.7/site-packages/airflow/example_dags/tutorial_taskflow_api_virtualenv.py
[2025-02-01T03:09:29.651+0000] {logging_mixin.py:137} INFO - [2025-02-01T03:09:29.650+0000] {dag.py:2690} INFO - Sync 1 DAGs
[2025-02-01T03:09:29.714+0000] {logging_mixin.py:137} INFO - [2025-02-01T03:09:29.714+0000] {dag.py:3441} INFO - Setting next_dagrun for tutorial_taskflow_api_virtualenv to None, run_after=None
[2025-02-01T03:09:29.795+0000] {processor.py:175} INFO - Processing /home/airflow/.local/lib/python3.7/site-packages/airflow/example_dags/tutorial_taskflow_api_virtualenv.py took 0.581 seconds
