[2025-02-01T02:40:32.708+0000] {processor.py:153} INFO - Started process (PID=92) to work on /home/airflow/.local/lib/python3.7/site-packages/airflow/example_dags/tutorial_dag.py
[2025-02-01T02:40:32.715+0000] {processor.py:743} INFO - Processing file /home/airflow/.local/lib/python3.7/site-packages/airflow/example_dags/tutorial_dag.py for tasks to queue
[2025-02-01T02:40:32.717+0000] {logging_mixin.py:137} INFO - [2025-02-01T02:40:32.717+0000] {dagbag.py:538} INFO - Filling up the DagBag from /home/airflow/.local/lib/python3.7/site-packages/airflow/example_dags/tutorial_dag.py
[2025-02-01T02:40:32.872+0000] {processor.py:753} INFO - DAG(s) dict_keys(['tutorial_dag']) retrieved from /home/airflow/.local/lib/python3.7/site-packages/airflow/example_dags/tutorial_dag.py
[2025-02-01T02:40:33.031+0000] {logging_mixin.py:137} INFO - [2025-02-01T02:40:33.030+0000] {dag.py:2690} INFO - Sync 1 DAGs
[2025-02-01T02:40:33.209+0000] {logging_mixin.py:137} INFO - [2025-02-01T02:40:33.209+0000] {dag.py:3441} INFO - Setting next_dagrun for tutorial_dag to None, run_after=None
[2025-02-01T02:40:33.360+0000] {processor.py:175} INFO - Processing /home/airflow/.local/lib/python3.7/site-packages/airflow/example_dags/tutorial_dag.py took 0.665 seconds
[2025-02-01T02:41:05.007+0000] {processor.py:153} INFO - Started process (PID=150) to work on /home/airflow/.local/lib/python3.7/site-packages/airflow/example_dags/tutorial_dag.py
[2025-02-01T02:41:05.017+0000] {processor.py:743} INFO - Processing file /home/airflow/.local/lib/python3.7/site-packages/airflow/example_dags/tutorial_dag.py for tasks to queue
[2025-02-01T02:41:05.025+0000] {logging_mixin.py:137} INFO - [2025-02-01T02:41:05.019+0000] {dagbag.py:538} INFO - Filling up the DagBag from /home/airflow/.local/lib/python3.7/site-packages/airflow/example_dags/tutorial_dag.py
[2025-02-01T02:41:05.215+0000] {processor.py:753} INFO - DAG(s) dict_keys(['tutorial_dag']) retrieved from /home/airflow/.local/lib/python3.7/site-packages/airflow/example_dags/tutorial_dag.py
[2025-02-01T02:41:05.482+0000] {logging_mixin.py:137} INFO - [2025-02-01T02:41:05.481+0000] {dag.py:2690} INFO - Sync 1 DAGs
[2025-02-01T02:41:05.804+0000] {logging_mixin.py:137} INFO - [2025-02-01T02:41:05.804+0000] {dag.py:3441} INFO - Setting next_dagrun for tutorial_dag to None, run_after=None
[2025-02-01T02:41:06.028+0000] {processor.py:175} INFO - Processing /home/airflow/.local/lib/python3.7/site-packages/airflow/example_dags/tutorial_dag.py took 1.056 seconds
[2025-02-01T02:41:36.254+0000] {processor.py:153} INFO - Started process (PID=199) to work on /home/airflow/.local/lib/python3.7/site-packages/airflow/example_dags/tutorial_dag.py
[2025-02-01T02:41:36.256+0000] {processor.py:743} INFO - Processing file /home/airflow/.local/lib/python3.7/site-packages/airflow/example_dags/tutorial_dag.py for tasks to queue
[2025-02-01T02:41:36.257+0000] {logging_mixin.py:137} INFO - [2025-02-01T02:41:36.257+0000] {dagbag.py:538} INFO - Filling up the DagBag from /home/airflow/.local/lib/python3.7/site-packages/airflow/example_dags/tutorial_dag.py
[2025-02-01T02:41:36.288+0000] {processor.py:753} INFO - DAG(s) dict_keys(['tutorial_dag']) retrieved from /home/airflow/.local/lib/python3.7/site-packages/airflow/example_dags/tutorial_dag.py
[2025-02-01T02:41:36.361+0000] {logging_mixin.py:137} INFO - [2025-02-01T02:41:36.361+0000] {dag.py:2690} INFO - Sync 1 DAGs
[2025-02-01T02:41:36.430+0000] {logging_mixin.py:137} INFO - [2025-02-01T02:41:36.430+0000] {dag.py:3441} INFO - Setting next_dagrun for tutorial_dag to None, run_after=None
[2025-02-01T02:41:36.476+0000] {processor.py:175} INFO - Processing /home/airflow/.local/lib/python3.7/site-packages/airflow/example_dags/tutorial_dag.py took 0.229 seconds
[2025-02-01T02:42:06.739+0000] {processor.py:153} INFO - Started process (PID=259) to work on /home/airflow/.local/lib/python3.7/site-packages/airflow/example_dags/tutorial_dag.py
[2025-02-01T02:42:06.740+0000] {processor.py:743} INFO - Processing file /home/airflow/.local/lib/python3.7/site-packages/airflow/example_dags/tutorial_dag.py for tasks to queue
[2025-02-01T02:42:06.742+0000] {logging_mixin.py:137} INFO - [2025-02-01T02:42:06.741+0000] {dagbag.py:538} INFO - Filling up the DagBag from /home/airflow/.local/lib/python3.7/site-packages/airflow/example_dags/tutorial_dag.py
[2025-02-01T02:42:06.772+0000] {processor.py:753} INFO - DAG(s) dict_keys(['tutorial_dag']) retrieved from /home/airflow/.local/lib/python3.7/site-packages/airflow/example_dags/tutorial_dag.py
[2025-02-01T02:42:06.830+0000] {logging_mixin.py:137} INFO - [2025-02-01T02:42:06.829+0000] {dag.py:2690} INFO - Sync 1 DAGs
[2025-02-01T02:42:06.892+0000] {logging_mixin.py:137} INFO - [2025-02-01T02:42:06.892+0000] {dag.py:3441} INFO - Setting next_dagrun for tutorial_dag to None, run_after=None
[2025-02-01T02:42:06.937+0000] {processor.py:175} INFO - Processing /home/airflow/.local/lib/python3.7/site-packages/airflow/example_dags/tutorial_dag.py took 0.207 seconds
[2025-02-01T02:42:37.063+0000] {processor.py:153} INFO - Started process (PID=319) to work on /home/airflow/.local/lib/python3.7/site-packages/airflow/example_dags/tutorial_dag.py
[2025-02-01T02:42:37.068+0000] {processor.py:743} INFO - Processing file /home/airflow/.local/lib/python3.7/site-packages/airflow/example_dags/tutorial_dag.py for tasks to queue
[2025-02-01T02:42:37.072+0000] {logging_mixin.py:137} INFO - [2025-02-01T02:42:37.071+0000] {dagbag.py:538} INFO - Filling up the DagBag from /home/airflow/.local/lib/python3.7/site-packages/airflow/example_dags/tutorial_dag.py
[2025-02-01T02:42:37.137+0000] {processor.py:753} INFO - DAG(s) dict_keys(['tutorial_dag']) retrieved from /home/airflow/.local/lib/python3.7/site-packages/airflow/example_dags/tutorial_dag.py
[2025-02-01T02:42:37.267+0000] {logging_mixin.py:137} INFO - [2025-02-01T02:42:37.264+0000] {dag.py:2690} INFO - Sync 1 DAGs
[2025-02-01T02:42:37.364+0000] {logging_mixin.py:137} INFO - [2025-02-01T02:42:37.364+0000] {dag.py:3441} INFO - Setting next_dagrun for tutorial_dag to None, run_after=None
[2025-02-01T02:42:37.448+0000] {processor.py:175} INFO - Processing /home/airflow/.local/lib/python3.7/site-packages/airflow/example_dags/tutorial_dag.py took 0.410 seconds
[2025-02-01T02:43:07.725+0000] {processor.py:153} INFO - Started process (PID=376) to work on /home/airflow/.local/lib/python3.7/site-packages/airflow/example_dags/tutorial_dag.py
[2025-02-01T02:43:07.729+0000] {processor.py:743} INFO - Processing file /home/airflow/.local/lib/python3.7/site-packages/airflow/example_dags/tutorial_dag.py for tasks to queue
[2025-02-01T02:43:07.733+0000] {logging_mixin.py:137} INFO - [2025-02-01T02:43:07.732+0000] {dagbag.py:538} INFO - Filling up the DagBag from /home/airflow/.local/lib/python3.7/site-packages/airflow/example_dags/tutorial_dag.py
[2025-02-01T02:43:07.818+0000] {processor.py:753} INFO - DAG(s) dict_keys(['tutorial_dag']) retrieved from /home/airflow/.local/lib/python3.7/site-packages/airflow/example_dags/tutorial_dag.py
[2025-02-01T02:43:07.896+0000] {logging_mixin.py:137} INFO - [2025-02-01T02:43:07.896+0000] {dag.py:2690} INFO - Sync 1 DAGs
[2025-02-01T02:43:08.065+0000] {logging_mixin.py:137} INFO - [2025-02-01T02:43:08.064+0000] {dag.py:3441} INFO - Setting next_dagrun for tutorial_dag to None, run_after=None
[2025-02-01T02:43:08.191+0000] {processor.py:175} INFO - Processing /home/airflow/.local/lib/python3.7/site-packages/airflow/example_dags/tutorial_dag.py took 0.484 seconds
[2025-02-01T02:43:38.406+0000] {processor.py:153} INFO - Started process (PID=425) to work on /home/airflow/.local/lib/python3.7/site-packages/airflow/example_dags/tutorial_dag.py
[2025-02-01T02:43:38.408+0000] {processor.py:743} INFO - Processing file /home/airflow/.local/lib/python3.7/site-packages/airflow/example_dags/tutorial_dag.py for tasks to queue
[2025-02-01T02:43:38.409+0000] {logging_mixin.py:137} INFO - [2025-02-01T02:43:38.409+0000] {dagbag.py:538} INFO - Filling up the DagBag from /home/airflow/.local/lib/python3.7/site-packages/airflow/example_dags/tutorial_dag.py
[2025-02-01T02:43:38.439+0000] {processor.py:753} INFO - DAG(s) dict_keys(['tutorial_dag']) retrieved from /home/airflow/.local/lib/python3.7/site-packages/airflow/example_dags/tutorial_dag.py
[2025-02-01T02:43:38.545+0000] {logging_mixin.py:137} INFO - [2025-02-01T02:43:38.544+0000] {dag.py:2690} INFO - Sync 1 DAGs
[2025-02-01T02:43:38.609+0000] {logging_mixin.py:137} INFO - [2025-02-01T02:43:38.609+0000] {dag.py:3441} INFO - Setting next_dagrun for tutorial_dag to None, run_after=None
[2025-02-01T02:43:38.656+0000] {processor.py:175} INFO - Processing /home/airflow/.local/lib/python3.7/site-packages/airflow/example_dags/tutorial_dag.py took 0.258 seconds
[2025-02-01T02:44:09.466+0000] {processor.py:153} INFO - Started process (PID=484) to work on /home/airflow/.local/lib/python3.7/site-packages/airflow/example_dags/tutorial_dag.py
[2025-02-01T02:44:09.470+0000] {processor.py:743} INFO - Processing file /home/airflow/.local/lib/python3.7/site-packages/airflow/example_dags/tutorial_dag.py for tasks to queue
[2025-02-01T02:44:09.471+0000] {logging_mixin.py:137} INFO - [2025-02-01T02:44:09.471+0000] {dagbag.py:538} INFO - Filling up the DagBag from /home/airflow/.local/lib/python3.7/site-packages/airflow/example_dags/tutorial_dag.py
[2025-02-01T02:44:09.582+0000] {processor.py:753} INFO - DAG(s) dict_keys(['tutorial_dag']) retrieved from /home/airflow/.local/lib/python3.7/site-packages/airflow/example_dags/tutorial_dag.py
[2025-02-01T02:44:09.786+0000] {logging_mixin.py:137} INFO - [2025-02-01T02:44:09.786+0000] {dag.py:2690} INFO - Sync 1 DAGs
[2025-02-01T02:44:09.920+0000] {logging_mixin.py:137} INFO - [2025-02-01T02:44:09.919+0000] {dag.py:3441} INFO - Setting next_dagrun for tutorial_dag to None, run_after=None
[2025-02-01T02:44:10.045+0000] {processor.py:175} INFO - Processing /home/airflow/.local/lib/python3.7/site-packages/airflow/example_dags/tutorial_dag.py took 0.595 seconds
[2025-02-01T02:44:40.284+0000] {processor.py:153} INFO - Started process (PID=532) to work on /home/airflow/.local/lib/python3.7/site-packages/airflow/example_dags/tutorial_dag.py
[2025-02-01T02:44:40.288+0000] {processor.py:743} INFO - Processing file /home/airflow/.local/lib/python3.7/site-packages/airflow/example_dags/tutorial_dag.py for tasks to queue
[2025-02-01T02:44:40.293+0000] {logging_mixin.py:137} INFO - [2025-02-01T02:44:40.292+0000] {dagbag.py:538} INFO - Filling up the DagBag from /home/airflow/.local/lib/python3.7/site-packages/airflow/example_dags/tutorial_dag.py
[2025-02-01T02:44:40.419+0000] {processor.py:753} INFO - DAG(s) dict_keys(['tutorial_dag']) retrieved from /home/airflow/.local/lib/python3.7/site-packages/airflow/example_dags/tutorial_dag.py
[2025-02-01T02:44:40.719+0000] {logging_mixin.py:137} INFO - [2025-02-01T02:44:40.718+0000] {dag.py:2690} INFO - Sync 1 DAGs
[2025-02-01T02:44:40.992+0000] {logging_mixin.py:137} INFO - [2025-02-01T02:44:40.992+0000] {dag.py:3441} INFO - Setting next_dagrun for tutorial_dag to None, run_after=None
[2025-02-01T02:44:41.159+0000] {processor.py:175} INFO - Processing /home/airflow/.local/lib/python3.7/site-packages/airflow/example_dags/tutorial_dag.py took 0.893 seconds
[2025-02-01T02:45:11.594+0000] {processor.py:153} INFO - Started process (PID=591) to work on /home/airflow/.local/lib/python3.7/site-packages/airflow/example_dags/tutorial_dag.py
[2025-02-01T02:45:11.598+0000] {processor.py:743} INFO - Processing file /home/airflow/.local/lib/python3.7/site-packages/airflow/example_dags/tutorial_dag.py for tasks to queue
[2025-02-01T02:45:11.602+0000] {logging_mixin.py:137} INFO - [2025-02-01T02:45:11.601+0000] {dagbag.py:538} INFO - Filling up the DagBag from /home/airflow/.local/lib/python3.7/site-packages/airflow/example_dags/tutorial_dag.py
[2025-02-01T02:45:11.675+0000] {processor.py:753} INFO - DAG(s) dict_keys(['tutorial_dag']) retrieved from /home/airflow/.local/lib/python3.7/site-packages/airflow/example_dags/tutorial_dag.py
[2025-02-01T02:45:11.848+0000] {logging_mixin.py:137} INFO - [2025-02-01T02:45:11.847+0000] {dag.py:2690} INFO - Sync 1 DAGs
[2025-02-01T02:45:11.913+0000] {logging_mixin.py:137} INFO - [2025-02-01T02:45:11.913+0000] {dag.py:3441} INFO - Setting next_dagrun for tutorial_dag to None, run_after=None
[2025-02-01T02:45:11.975+0000] {processor.py:175} INFO - Processing /home/airflow/.local/lib/python3.7/site-packages/airflow/example_dags/tutorial_dag.py took 0.394 seconds
[2025-02-01T02:45:42.111+0000] {processor.py:153} INFO - Started process (PID=650) to work on /home/airflow/.local/lib/python3.7/site-packages/airflow/example_dags/tutorial_dag.py
[2025-02-01T02:45:42.113+0000] {processor.py:743} INFO - Processing file /home/airflow/.local/lib/python3.7/site-packages/airflow/example_dags/tutorial_dag.py for tasks to queue
[2025-02-01T02:45:42.115+0000] {logging_mixin.py:137} INFO - [2025-02-01T02:45:42.114+0000] {dagbag.py:538} INFO - Filling up the DagBag from /home/airflow/.local/lib/python3.7/site-packages/airflow/example_dags/tutorial_dag.py
[2025-02-01T02:45:42.149+0000] {processor.py:753} INFO - DAG(s) dict_keys(['tutorial_dag']) retrieved from /home/airflow/.local/lib/python3.7/site-packages/airflow/example_dags/tutorial_dag.py
[2025-02-01T02:45:42.210+0000] {logging_mixin.py:137} INFO - [2025-02-01T02:45:42.210+0000] {dag.py:2690} INFO - Sync 1 DAGs
[2025-02-01T02:45:42.276+0000] {logging_mixin.py:137} INFO - [2025-02-01T02:45:42.275+0000] {dag.py:3441} INFO - Setting next_dagrun for tutorial_dag to None, run_after=None
[2025-02-01T02:45:42.321+0000] {processor.py:175} INFO - Processing /home/airflow/.local/lib/python3.7/site-packages/airflow/example_dags/tutorial_dag.py took 0.217 seconds
[2025-02-01T02:46:12.481+0000] {processor.py:153} INFO - Started process (PID=708) to work on /home/airflow/.local/lib/python3.7/site-packages/airflow/example_dags/tutorial_dag.py
[2025-02-01T02:46:12.485+0000] {processor.py:743} INFO - Processing file /home/airflow/.local/lib/python3.7/site-packages/airflow/example_dags/tutorial_dag.py for tasks to queue
[2025-02-01T02:46:12.486+0000] {logging_mixin.py:137} INFO - [2025-02-01T02:46:12.486+0000] {dagbag.py:538} INFO - Filling up the DagBag from /home/airflow/.local/lib/python3.7/site-packages/airflow/example_dags/tutorial_dag.py
[2025-02-01T02:46:12.529+0000] {processor.py:753} INFO - DAG(s) dict_keys(['tutorial_dag']) retrieved from /home/airflow/.local/lib/python3.7/site-packages/airflow/example_dags/tutorial_dag.py
[2025-02-01T02:46:12.639+0000] {logging_mixin.py:137} INFO - [2025-02-01T02:46:12.638+0000] {dag.py:2690} INFO - Sync 1 DAGs
[2025-02-01T02:46:12.738+0000] {logging_mixin.py:137} INFO - [2025-02-01T02:46:12.738+0000] {dag.py:3441} INFO - Setting next_dagrun for tutorial_dag to None, run_after=None
[2025-02-01T02:46:12.819+0000] {processor.py:175} INFO - Processing /home/airflow/.local/lib/python3.7/site-packages/airflow/example_dags/tutorial_dag.py took 0.351 seconds
[2025-02-01T02:46:43.995+0000] {processor.py:153} INFO - Started process (PID=766) to work on /home/airflow/.local/lib/python3.7/site-packages/airflow/example_dags/tutorial_dag.py
[2025-02-01T02:46:43.999+0000] {processor.py:743} INFO - Processing file /home/airflow/.local/lib/python3.7/site-packages/airflow/example_dags/tutorial_dag.py for tasks to queue
[2025-02-01T02:46:44.000+0000] {logging_mixin.py:137} INFO - [2025-02-01T02:46:44.000+0000] {dagbag.py:538} INFO - Filling up the DagBag from /home/airflow/.local/lib/python3.7/site-packages/airflow/example_dags/tutorial_dag.py
[2025-02-01T02:46:44.040+0000] {processor.py:753} INFO - DAG(s) dict_keys(['tutorial_dag']) retrieved from /home/airflow/.local/lib/python3.7/site-packages/airflow/example_dags/tutorial_dag.py
[2025-02-01T02:46:44.101+0000] {logging_mixin.py:137} INFO - [2025-02-01T02:46:44.101+0000] {dag.py:2690} INFO - Sync 1 DAGs
[2025-02-01T02:46:44.164+0000] {logging_mixin.py:137} INFO - [2025-02-01T02:46:44.163+0000] {dag.py:3441} INFO - Setting next_dagrun for tutorial_dag to None, run_after=None
[2025-02-01T02:46:44.212+0000] {processor.py:175} INFO - Processing /home/airflow/.local/lib/python3.7/site-packages/airflow/example_dags/tutorial_dag.py took 0.235 seconds
[2025-02-01T02:47:15.573+0000] {processor.py:153} INFO - Started process (PID=816) to work on /home/airflow/.local/lib/python3.7/site-packages/airflow/example_dags/tutorial_dag.py
[2025-02-01T02:47:15.578+0000] {processor.py:743} INFO - Processing file /home/airflow/.local/lib/python3.7/site-packages/airflow/example_dags/tutorial_dag.py for tasks to queue
[2025-02-01T02:47:15.582+0000] {logging_mixin.py:137} INFO - [2025-02-01T02:47:15.580+0000] {dagbag.py:538} INFO - Filling up the DagBag from /home/airflow/.local/lib/python3.7/site-packages/airflow/example_dags/tutorial_dag.py
[2025-02-01T02:47:15.649+0000] {processor.py:753} INFO - DAG(s) dict_keys(['tutorial_dag']) retrieved from /home/airflow/.local/lib/python3.7/site-packages/airflow/example_dags/tutorial_dag.py
[2025-02-01T02:47:15.780+0000] {logging_mixin.py:137} INFO - [2025-02-01T02:47:15.779+0000] {dag.py:2690} INFO - Sync 1 DAGs
[2025-02-01T02:47:16.027+0000] {logging_mixin.py:137} INFO - [2025-02-01T02:47:16.027+0000] {dag.py:3441} INFO - Setting next_dagrun for tutorial_dag to None, run_after=None
[2025-02-01T02:47:16.169+0000] {processor.py:175} INFO - Processing /home/airflow/.local/lib/python3.7/site-packages/airflow/example_dags/tutorial_dag.py took 0.617 seconds
[2025-02-01T02:47:46.667+0000] {processor.py:153} INFO - Started process (PID=875) to work on /home/airflow/.local/lib/python3.7/site-packages/airflow/example_dags/tutorial_dag.py
[2025-02-01T02:47:46.671+0000] {processor.py:743} INFO - Processing file /home/airflow/.local/lib/python3.7/site-packages/airflow/example_dags/tutorial_dag.py for tasks to queue
[2025-02-01T02:47:46.677+0000] {logging_mixin.py:137} INFO - [2025-02-01T02:47:46.677+0000] {dagbag.py:538} INFO - Filling up the DagBag from /home/airflow/.local/lib/python3.7/site-packages/airflow/example_dags/tutorial_dag.py
[2025-02-01T02:47:46.763+0000] {processor.py:753} INFO - DAG(s) dict_keys(['tutorial_dag']) retrieved from /home/airflow/.local/lib/python3.7/site-packages/airflow/example_dags/tutorial_dag.py
[2025-02-01T02:47:46.893+0000] {logging_mixin.py:137} INFO - [2025-02-01T02:47:46.892+0000] {dag.py:2690} INFO - Sync 1 DAGs
[2025-02-01T02:47:46.971+0000] {logging_mixin.py:137} INFO - [2025-02-01T02:47:46.970+0000] {dag.py:3441} INFO - Setting next_dagrun for tutorial_dag to None, run_after=None
[2025-02-01T02:47:47.052+0000] {processor.py:175} INFO - Processing /home/airflow/.local/lib/python3.7/site-packages/airflow/example_dags/tutorial_dag.py took 0.421 seconds
[2025-02-01T02:48:17.417+0000] {processor.py:153} INFO - Started process (PID=934) to work on /home/airflow/.local/lib/python3.7/site-packages/airflow/example_dags/tutorial_dag.py
[2025-02-01T02:48:17.420+0000] {processor.py:743} INFO - Processing file /home/airflow/.local/lib/python3.7/site-packages/airflow/example_dags/tutorial_dag.py for tasks to queue
[2025-02-01T02:48:17.424+0000] {logging_mixin.py:137} INFO - [2025-02-01T02:48:17.424+0000] {dagbag.py:538} INFO - Filling up the DagBag from /home/airflow/.local/lib/python3.7/site-packages/airflow/example_dags/tutorial_dag.py
[2025-02-01T02:48:17.520+0000] {processor.py:753} INFO - DAG(s) dict_keys(['tutorial_dag']) retrieved from /home/airflow/.local/lib/python3.7/site-packages/airflow/example_dags/tutorial_dag.py
[2025-02-01T02:48:17.677+0000] {logging_mixin.py:137} INFO - [2025-02-01T02:48:17.677+0000] {dag.py:2690} INFO - Sync 1 DAGs
[2025-02-01T02:48:17.833+0000] {logging_mixin.py:137} INFO - [2025-02-01T02:48:17.833+0000] {dag.py:3441} INFO - Setting next_dagrun for tutorial_dag to None, run_after=None
[2025-02-01T02:48:17.879+0000] {processor.py:175} INFO - Processing /home/airflow/.local/lib/python3.7/site-packages/airflow/example_dags/tutorial_dag.py took 0.475 seconds
[2025-02-01T02:48:48.190+0000] {processor.py:153} INFO - Started process (PID=994) to work on /home/airflow/.local/lib/python3.7/site-packages/airflow/example_dags/tutorial_dag.py
[2025-02-01T02:48:48.191+0000] {processor.py:743} INFO - Processing file /home/airflow/.local/lib/python3.7/site-packages/airflow/example_dags/tutorial_dag.py for tasks to queue
[2025-02-01T02:48:48.192+0000] {logging_mixin.py:137} INFO - [2025-02-01T02:48:48.192+0000] {dagbag.py:538} INFO - Filling up the DagBag from /home/airflow/.local/lib/python3.7/site-packages/airflow/example_dags/tutorial_dag.py
[2025-02-01T02:48:48.262+0000] {processor.py:753} INFO - DAG(s) dict_keys(['tutorial_dag']) retrieved from /home/airflow/.local/lib/python3.7/site-packages/airflow/example_dags/tutorial_dag.py
[2025-02-01T02:48:48.362+0000] {logging_mixin.py:137} INFO - [2025-02-01T02:48:48.361+0000] {dag.py:2690} INFO - Sync 1 DAGs
[2025-02-01T02:48:48.486+0000] {logging_mixin.py:137} INFO - [2025-02-01T02:48:48.486+0000] {dag.py:3441} INFO - Setting next_dagrun for tutorial_dag to None, run_after=None
[2025-02-01T02:48:48.586+0000] {processor.py:175} INFO - Processing /home/airflow/.local/lib/python3.7/site-packages/airflow/example_dags/tutorial_dag.py took 0.412 seconds
[2025-02-01T02:49:19.417+0000] {processor.py:153} INFO - Started process (PID=1053) to work on /home/airflow/.local/lib/python3.7/site-packages/airflow/example_dags/tutorial_dag.py
[2025-02-01T02:49:19.429+0000] {processor.py:743} INFO - Processing file /home/airflow/.local/lib/python3.7/site-packages/airflow/example_dags/tutorial_dag.py for tasks to queue
[2025-02-01T02:49:19.431+0000] {logging_mixin.py:137} INFO - [2025-02-01T02:49:19.430+0000] {dagbag.py:538} INFO - Filling up the DagBag from /home/airflow/.local/lib/python3.7/site-packages/airflow/example_dags/tutorial_dag.py
[2025-02-01T02:49:19.507+0000] {processor.py:753} INFO - DAG(s) dict_keys(['tutorial_dag']) retrieved from /home/airflow/.local/lib/python3.7/site-packages/airflow/example_dags/tutorial_dag.py
[2025-02-01T02:49:19.641+0000] {logging_mixin.py:137} INFO - [2025-02-01T02:49:19.640+0000] {dag.py:2690} INFO - Sync 1 DAGs
[2025-02-01T02:49:19.767+0000] {logging_mixin.py:137} INFO - [2025-02-01T02:49:19.766+0000] {dag.py:3441} INFO - Setting next_dagrun for tutorial_dag to None, run_after=None
[2025-02-01T02:49:19.867+0000] {processor.py:175} INFO - Processing /home/airflow/.local/lib/python3.7/site-packages/airflow/example_dags/tutorial_dag.py took 0.483 seconds
[2025-02-01T02:49:50.624+0000] {processor.py:153} INFO - Started process (PID=1110) to work on /home/airflow/.local/lib/python3.7/site-packages/airflow/example_dags/tutorial_dag.py
[2025-02-01T02:49:50.630+0000] {processor.py:743} INFO - Processing file /home/airflow/.local/lib/python3.7/site-packages/airflow/example_dags/tutorial_dag.py for tasks to queue
[2025-02-01T02:49:50.632+0000] {logging_mixin.py:137} INFO - [2025-02-01T02:49:50.631+0000] {dagbag.py:538} INFO - Filling up the DagBag from /home/airflow/.local/lib/python3.7/site-packages/airflow/example_dags/tutorial_dag.py
[2025-02-01T02:49:50.732+0000] {processor.py:753} INFO - DAG(s) dict_keys(['tutorial_dag']) retrieved from /home/airflow/.local/lib/python3.7/site-packages/airflow/example_dags/tutorial_dag.py
[2025-02-01T02:49:50.948+0000] {logging_mixin.py:137} INFO - [2025-02-01T02:49:50.947+0000] {dag.py:2690} INFO - Sync 1 DAGs
[2025-02-01T02:49:51.133+0000] {logging_mixin.py:137} INFO - [2025-02-01T02:49:51.133+0000] {dag.py:3441} INFO - Setting next_dagrun for tutorial_dag to None, run_after=None
[2025-02-01T02:49:51.251+0000] {processor.py:175} INFO - Processing /home/airflow/.local/lib/python3.7/site-packages/airflow/example_dags/tutorial_dag.py took 0.655 seconds
[2025-02-01T02:50:21.506+0000] {processor.py:153} INFO - Started process (PID=1159) to work on /home/airflow/.local/lib/python3.7/site-packages/airflow/example_dags/tutorial_dag.py
[2025-02-01T02:50:21.509+0000] {processor.py:743} INFO - Processing file /home/airflow/.local/lib/python3.7/site-packages/airflow/example_dags/tutorial_dag.py for tasks to queue
[2025-02-01T02:50:21.510+0000] {logging_mixin.py:137} INFO - [2025-02-01T02:50:21.510+0000] {dagbag.py:538} INFO - Filling up the DagBag from /home/airflow/.local/lib/python3.7/site-packages/airflow/example_dags/tutorial_dag.py
[2025-02-01T02:50:21.542+0000] {processor.py:753} INFO - DAG(s) dict_keys(['tutorial_dag']) retrieved from /home/airflow/.local/lib/python3.7/site-packages/airflow/example_dags/tutorial_dag.py
[2025-02-01T02:50:21.606+0000] {logging_mixin.py:137} INFO - [2025-02-01T02:50:21.606+0000] {dag.py:2690} INFO - Sync 1 DAGs
[2025-02-01T02:50:21.672+0000] {logging_mixin.py:137} INFO - [2025-02-01T02:50:21.672+0000] {dag.py:3441} INFO - Setting next_dagrun for tutorial_dag to None, run_after=None
[2025-02-01T02:50:21.725+0000] {processor.py:175} INFO - Processing /home/airflow/.local/lib/python3.7/site-packages/airflow/example_dags/tutorial_dag.py took 0.226 seconds
[2025-02-01T02:50:52.665+0000] {processor.py:153} INFO - Started process (PID=1219) to work on /home/airflow/.local/lib/python3.7/site-packages/airflow/example_dags/tutorial_dag.py
[2025-02-01T02:50:52.672+0000] {processor.py:743} INFO - Processing file /home/airflow/.local/lib/python3.7/site-packages/airflow/example_dags/tutorial_dag.py for tasks to queue
[2025-02-01T02:50:52.681+0000] {logging_mixin.py:137} INFO - [2025-02-01T02:50:52.674+0000] {dagbag.py:538} INFO - Filling up the DagBag from /home/airflow/.local/lib/python3.7/site-packages/airflow/example_dags/tutorial_dag.py
[2025-02-01T02:50:52.860+0000] {processor.py:753} INFO - DAG(s) dict_keys(['tutorial_dag']) retrieved from /home/airflow/.local/lib/python3.7/site-packages/airflow/example_dags/tutorial_dag.py
[2025-02-01T02:50:53.040+0000] {logging_mixin.py:137} INFO - [2025-02-01T02:50:53.040+0000] {dag.py:2690} INFO - Sync 1 DAGs
[2025-02-01T02:50:53.174+0000] {logging_mixin.py:137} INFO - [2025-02-01T02:50:53.174+0000] {dag.py:3441} INFO - Setting next_dagrun for tutorial_dag to None, run_after=None
[2025-02-01T02:50:53.269+0000] {processor.py:175} INFO - Processing /home/airflow/.local/lib/python3.7/site-packages/airflow/example_dags/tutorial_dag.py took 0.634 seconds
[2025-02-01T02:51:23.675+0000] {processor.py:153} INFO - Started process (PID=1274) to work on /home/airflow/.local/lib/python3.7/site-packages/airflow/example_dags/tutorial_dag.py
[2025-02-01T02:51:23.678+0000] {processor.py:743} INFO - Processing file /home/airflow/.local/lib/python3.7/site-packages/airflow/example_dags/tutorial_dag.py for tasks to queue
[2025-02-01T02:51:23.682+0000] {logging_mixin.py:137} INFO - [2025-02-01T02:51:23.680+0000] {dagbag.py:538} INFO - Filling up the DagBag from /home/airflow/.local/lib/python3.7/site-packages/airflow/example_dags/tutorial_dag.py
[2025-02-01T02:51:23.760+0000] {processor.py:753} INFO - DAG(s) dict_keys(['tutorial_dag']) retrieved from /home/airflow/.local/lib/python3.7/site-packages/airflow/example_dags/tutorial_dag.py
[2025-02-01T02:51:23.918+0000] {logging_mixin.py:137} INFO - [2025-02-01T02:51:23.917+0000] {dag.py:2690} INFO - Sync 1 DAGs
[2025-02-01T02:51:24.117+0000] {logging_mixin.py:137} INFO - [2025-02-01T02:51:24.117+0000] {dag.py:3441} INFO - Setting next_dagrun for tutorial_dag to None, run_after=None
[2025-02-01T02:51:24.327+0000] {processor.py:175} INFO - Processing /home/airflow/.local/lib/python3.7/site-packages/airflow/example_dags/tutorial_dag.py took 0.682 seconds
[2025-02-01T02:51:55.349+0000] {processor.py:153} INFO - Started process (PID=1326) to work on /home/airflow/.local/lib/python3.7/site-packages/airflow/example_dags/tutorial_dag.py
[2025-02-01T02:51:55.355+0000] {processor.py:743} INFO - Processing file /home/airflow/.local/lib/python3.7/site-packages/airflow/example_dags/tutorial_dag.py for tasks to queue
[2025-02-01T02:51:55.360+0000] {logging_mixin.py:137} INFO - [2025-02-01T02:51:55.360+0000] {dagbag.py:538} INFO - Filling up the DagBag from /home/airflow/.local/lib/python3.7/site-packages/airflow/example_dags/tutorial_dag.py
[2025-02-01T02:51:55.453+0000] {processor.py:753} INFO - DAG(s) dict_keys(['tutorial_dag']) retrieved from /home/airflow/.local/lib/python3.7/site-packages/airflow/example_dags/tutorial_dag.py
[2025-02-01T02:51:55.651+0000] {logging_mixin.py:137} INFO - [2025-02-01T02:51:55.650+0000] {dag.py:2690} INFO - Sync 1 DAGs
[2025-02-01T02:51:55.755+0000] {logging_mixin.py:137} INFO - [2025-02-01T02:51:55.755+0000] {dag.py:3441} INFO - Setting next_dagrun for tutorial_dag to None, run_after=None
[2025-02-01T02:51:55.897+0000] {processor.py:175} INFO - Processing /home/airflow/.local/lib/python3.7/site-packages/airflow/example_dags/tutorial_dag.py took 0.565 seconds
[2025-02-01T02:52:26.847+0000] {processor.py:153} INFO - Started process (PID=1383) to work on /home/airflow/.local/lib/python3.7/site-packages/airflow/example_dags/tutorial_dag.py
[2025-02-01T02:52:26.851+0000] {processor.py:743} INFO - Processing file /home/airflow/.local/lib/python3.7/site-packages/airflow/example_dags/tutorial_dag.py for tasks to queue
[2025-02-01T02:52:26.852+0000] {logging_mixin.py:137} INFO - [2025-02-01T02:52:26.852+0000] {dagbag.py:538} INFO - Filling up the DagBag from /home/airflow/.local/lib/python3.7/site-packages/airflow/example_dags/tutorial_dag.py
[2025-02-01T02:52:26.916+0000] {processor.py:753} INFO - DAG(s) dict_keys(['tutorial_dag']) retrieved from /home/airflow/.local/lib/python3.7/site-packages/airflow/example_dags/tutorial_dag.py
[2025-02-01T02:52:27.045+0000] {logging_mixin.py:137} INFO - [2025-02-01T02:52:27.044+0000] {dag.py:2690} INFO - Sync 1 DAGs
[2025-02-01T02:52:27.270+0000] {logging_mixin.py:137} INFO - [2025-02-01T02:52:27.270+0000] {dag.py:3441} INFO - Setting next_dagrun for tutorial_dag to None, run_after=None
[2025-02-01T02:52:27.495+0000] {processor.py:175} INFO - Processing /home/airflow/.local/lib/python3.7/site-packages/airflow/example_dags/tutorial_dag.py took 0.664 seconds
[2025-02-01T02:52:58.118+0000] {processor.py:153} INFO - Started process (PID=1442) to work on /home/airflow/.local/lib/python3.7/site-packages/airflow/example_dags/tutorial_dag.py
[2025-02-01T02:52:58.127+0000] {processor.py:743} INFO - Processing file /home/airflow/.local/lib/python3.7/site-packages/airflow/example_dags/tutorial_dag.py for tasks to queue
[2025-02-01T02:52:58.132+0000] {logging_mixin.py:137} INFO - [2025-02-01T02:52:58.131+0000] {dagbag.py:538} INFO - Filling up the DagBag from /home/airflow/.local/lib/python3.7/site-packages/airflow/example_dags/tutorial_dag.py
[2025-02-01T02:52:58.280+0000] {processor.py:753} INFO - DAG(s) dict_keys(['tutorial_dag']) retrieved from /home/airflow/.local/lib/python3.7/site-packages/airflow/example_dags/tutorial_dag.py
[2025-02-01T02:52:58.495+0000] {logging_mixin.py:137} INFO - [2025-02-01T02:52:58.490+0000] {dag.py:2690} INFO - Sync 1 DAGs
[2025-02-01T02:52:58.768+0000] {logging_mixin.py:137} INFO - [2025-02-01T02:52:58.768+0000] {dag.py:3441} INFO - Setting next_dagrun for tutorial_dag to None, run_after=None
[2025-02-01T02:52:58.904+0000] {processor.py:175} INFO - Processing /home/airflow/.local/lib/python3.7/site-packages/airflow/example_dags/tutorial_dag.py took 0.810 seconds
[2025-02-01T02:53:29.756+0000] {processor.py:153} INFO - Started process (PID=1502) to work on /home/airflow/.local/lib/python3.7/site-packages/airflow/example_dags/tutorial_dag.py
[2025-02-01T02:53:29.757+0000] {processor.py:743} INFO - Processing file /home/airflow/.local/lib/python3.7/site-packages/airflow/example_dags/tutorial_dag.py for tasks to queue
[2025-02-01T02:53:29.761+0000] {logging_mixin.py:137} INFO - [2025-02-01T02:53:29.761+0000] {dagbag.py:538} INFO - Filling up the DagBag from /home/airflow/.local/lib/python3.7/site-packages/airflow/example_dags/tutorial_dag.py
[2025-02-01T02:53:29.793+0000] {processor.py:753} INFO - DAG(s) dict_keys(['tutorial_dag']) retrieved from /home/airflow/.local/lib/python3.7/site-packages/airflow/example_dags/tutorial_dag.py
[2025-02-01T02:53:29.850+0000] {logging_mixin.py:137} INFO - [2025-02-01T02:53:29.850+0000] {dag.py:2690} INFO - Sync 1 DAGs
[2025-02-01T02:53:29.919+0000] {logging_mixin.py:137} INFO - [2025-02-01T02:53:29.919+0000] {dag.py:3441} INFO - Setting next_dagrun for tutorial_dag to None, run_after=None
[2025-02-01T02:53:29.968+0000] {processor.py:175} INFO - Processing /home/airflow/.local/lib/python3.7/site-packages/airflow/example_dags/tutorial_dag.py took 0.223 seconds
[2025-02-01T02:54:00.253+0000] {processor.py:153} INFO - Started process (PID=1561) to work on /home/airflow/.local/lib/python3.7/site-packages/airflow/example_dags/tutorial_dag.py
[2025-02-01T02:54:00.257+0000] {processor.py:743} INFO - Processing file /home/airflow/.local/lib/python3.7/site-packages/airflow/example_dags/tutorial_dag.py for tasks to queue
[2025-02-01T02:54:00.259+0000] {logging_mixin.py:137} INFO - [2025-02-01T02:54:00.258+0000] {dagbag.py:538} INFO - Filling up the DagBag from /home/airflow/.local/lib/python3.7/site-packages/airflow/example_dags/tutorial_dag.py
[2025-02-01T02:54:00.322+0000] {processor.py:753} INFO - DAG(s) dict_keys(['tutorial_dag']) retrieved from /home/airflow/.local/lib/python3.7/site-packages/airflow/example_dags/tutorial_dag.py
[2025-02-01T02:54:00.384+0000] {logging_mixin.py:137} INFO - [2025-02-01T02:54:00.384+0000] {dag.py:2690} INFO - Sync 1 DAGs
[2025-02-01T02:54:00.448+0000] {logging_mixin.py:137} INFO - [2025-02-01T02:54:00.447+0000] {dag.py:3441} INFO - Setting next_dagrun for tutorial_dag to None, run_after=None
[2025-02-01T02:54:00.514+0000] {processor.py:175} INFO - Processing /home/airflow/.local/lib/python3.7/site-packages/airflow/example_dags/tutorial_dag.py took 0.273 seconds
[2025-02-01T02:54:31.568+0000] {processor.py:153} INFO - Started process (PID=1617) to work on /home/airflow/.local/lib/python3.7/site-packages/airflow/example_dags/tutorial_dag.py
[2025-02-01T02:54:31.574+0000] {processor.py:743} INFO - Processing file /home/airflow/.local/lib/python3.7/site-packages/airflow/example_dags/tutorial_dag.py for tasks to queue
[2025-02-01T02:54:31.580+0000] {logging_mixin.py:137} INFO - [2025-02-01T02:54:31.579+0000] {dagbag.py:538} INFO - Filling up the DagBag from /home/airflow/.local/lib/python3.7/site-packages/airflow/example_dags/tutorial_dag.py
[2025-02-01T02:54:31.682+0000] {processor.py:753} INFO - DAG(s) dict_keys(['tutorial_dag']) retrieved from /home/airflow/.local/lib/python3.7/site-packages/airflow/example_dags/tutorial_dag.py
[2025-02-01T02:54:31.933+0000] {logging_mixin.py:137} INFO - [2025-02-01T02:54:31.932+0000] {dag.py:2690} INFO - Sync 1 DAGs
[2025-02-01T02:54:32.104+0000] {logging_mixin.py:137} INFO - [2025-02-01T02:54:32.104+0000] {dag.py:3441} INFO - Setting next_dagrun for tutorial_dag to None, run_after=None
[2025-02-01T02:54:32.206+0000] {processor.py:175} INFO - Processing /home/airflow/.local/lib/python3.7/site-packages/airflow/example_dags/tutorial_dag.py took 0.665 seconds
[2025-02-01T02:55:02.505+0000] {processor.py:153} INFO - Started process (PID=1669) to work on /home/airflow/.local/lib/python3.7/site-packages/airflow/example_dags/tutorial_dag.py
[2025-02-01T02:55:02.567+0000] {processor.py:743} INFO - Processing file /home/airflow/.local/lib/python3.7/site-packages/airflow/example_dags/tutorial_dag.py for tasks to queue
[2025-02-01T02:55:02.571+0000] {logging_mixin.py:137} INFO - [2025-02-01T02:55:02.568+0000] {dagbag.py:538} INFO - Filling up the DagBag from /home/airflow/.local/lib/python3.7/site-packages/airflow/example_dags/tutorial_dag.py
[2025-02-01T02:55:02.648+0000] {processor.py:753} INFO - DAG(s) dict_keys(['tutorial_dag']) retrieved from /home/airflow/.local/lib/python3.7/site-packages/airflow/example_dags/tutorial_dag.py
[2025-02-01T02:55:02.795+0000] {logging_mixin.py:137} INFO - [2025-02-01T02:55:02.794+0000] {dag.py:2690} INFO - Sync 1 DAGs
[2025-02-01T02:55:02.934+0000] {logging_mixin.py:137} INFO - [2025-02-01T02:55:02.934+0000] {dag.py:3441} INFO - Setting next_dagrun for tutorial_dag to None, run_after=None
[2025-02-01T02:55:03.066+0000] {processor.py:175} INFO - Processing /home/airflow/.local/lib/python3.7/site-packages/airflow/example_dags/tutorial_dag.py took 0.581 seconds
[2025-02-01T02:55:33.488+0000] {processor.py:153} INFO - Started process (PID=1728) to work on /home/airflow/.local/lib/python3.7/site-packages/airflow/example_dags/tutorial_dag.py
[2025-02-01T02:55:33.490+0000] {processor.py:743} INFO - Processing file /home/airflow/.local/lib/python3.7/site-packages/airflow/example_dags/tutorial_dag.py for tasks to queue
[2025-02-01T02:55:33.491+0000] {logging_mixin.py:137} INFO - [2025-02-01T02:55:33.491+0000] {dagbag.py:538} INFO - Filling up the DagBag from /home/airflow/.local/lib/python3.7/site-packages/airflow/example_dags/tutorial_dag.py
[2025-02-01T02:55:33.521+0000] {processor.py:753} INFO - DAG(s) dict_keys(['tutorial_dag']) retrieved from /home/airflow/.local/lib/python3.7/site-packages/airflow/example_dags/tutorial_dag.py
[2025-02-01T02:55:33.580+0000] {logging_mixin.py:137} INFO - [2025-02-01T02:55:33.579+0000] {dag.py:2690} INFO - Sync 1 DAGs
[2025-02-01T02:55:33.670+0000] {logging_mixin.py:137} INFO - [2025-02-01T02:55:33.668+0000] {dag.py:3441} INFO - Setting next_dagrun for tutorial_dag to None, run_after=None
[2025-02-01T02:55:33.776+0000] {processor.py:175} INFO - Processing /home/airflow/.local/lib/python3.7/site-packages/airflow/example_dags/tutorial_dag.py took 0.295 seconds
[2025-02-01T02:56:04.646+0000] {processor.py:153} INFO - Started process (PID=1787) to work on /home/airflow/.local/lib/python3.7/site-packages/airflow/example_dags/tutorial_dag.py
[2025-02-01T02:56:04.648+0000] {processor.py:743} INFO - Processing file /home/airflow/.local/lib/python3.7/site-packages/airflow/example_dags/tutorial_dag.py for tasks to queue
[2025-02-01T02:56:04.649+0000] {logging_mixin.py:137} INFO - [2025-02-01T02:56:04.649+0000] {dagbag.py:538} INFO - Filling up the DagBag from /home/airflow/.local/lib/python3.7/site-packages/airflow/example_dags/tutorial_dag.py
[2025-02-01T02:56:04.680+0000] {processor.py:753} INFO - DAG(s) dict_keys(['tutorial_dag']) retrieved from /home/airflow/.local/lib/python3.7/site-packages/airflow/example_dags/tutorial_dag.py
[2025-02-01T02:56:04.738+0000] {logging_mixin.py:137} INFO - [2025-02-01T02:56:04.738+0000] {dag.py:2690} INFO - Sync 1 DAGs
[2025-02-01T02:56:04.803+0000] {logging_mixin.py:137} INFO - [2025-02-01T02:56:04.802+0000] {dag.py:3441} INFO - Setting next_dagrun for tutorial_dag to None, run_after=None
[2025-02-01T02:56:04.875+0000] {processor.py:175} INFO - Processing /home/airflow/.local/lib/python3.7/site-packages/airflow/example_dags/tutorial_dag.py took 0.237 seconds
[2025-02-01T02:56:35.276+0000] {processor.py:153} INFO - Started process (PID=1846) to work on /home/airflow/.local/lib/python3.7/site-packages/airflow/example_dags/tutorial_dag.py
[2025-02-01T02:56:35.277+0000] {processor.py:743} INFO - Processing file /home/airflow/.local/lib/python3.7/site-packages/airflow/example_dags/tutorial_dag.py for tasks to queue
[2025-02-01T02:56:35.281+0000] {logging_mixin.py:137} INFO - [2025-02-01T02:56:35.281+0000] {dagbag.py:538} INFO - Filling up the DagBag from /home/airflow/.local/lib/python3.7/site-packages/airflow/example_dags/tutorial_dag.py
[2025-02-01T02:56:35.346+0000] {processor.py:753} INFO - DAG(s) dict_keys(['tutorial_dag']) retrieved from /home/airflow/.local/lib/python3.7/site-packages/airflow/example_dags/tutorial_dag.py
[2025-02-01T02:56:35.424+0000] {logging_mixin.py:137} INFO - [2025-02-01T02:56:35.423+0000] {dag.py:2690} INFO - Sync 1 DAGs
[2025-02-01T02:56:35.501+0000] {logging_mixin.py:137} INFO - [2025-02-01T02:56:35.501+0000] {dag.py:3441} INFO - Setting next_dagrun for tutorial_dag to None, run_after=None
[2025-02-01T02:56:35.552+0000] {processor.py:175} INFO - Processing /home/airflow/.local/lib/python3.7/site-packages/airflow/example_dags/tutorial_dag.py took 0.291 seconds
[2025-02-01T02:57:05.817+0000] {processor.py:153} INFO - Started process (PID=1904) to work on /home/airflow/.local/lib/python3.7/site-packages/airflow/example_dags/tutorial_dag.py
[2025-02-01T02:57:05.819+0000] {processor.py:743} INFO - Processing file /home/airflow/.local/lib/python3.7/site-packages/airflow/example_dags/tutorial_dag.py for tasks to queue
[2025-02-01T02:57:05.823+0000] {logging_mixin.py:137} INFO - [2025-02-01T02:57:05.823+0000] {dagbag.py:538} INFO - Filling up the DagBag from /home/airflow/.local/lib/python3.7/site-packages/airflow/example_dags/tutorial_dag.py
[2025-02-01T02:57:05.887+0000] {processor.py:753} INFO - DAG(s) dict_keys(['tutorial_dag']) retrieved from /home/airflow/.local/lib/python3.7/site-packages/airflow/example_dags/tutorial_dag.py
[2025-02-01T02:57:05.988+0000] {logging_mixin.py:137} INFO - [2025-02-01T02:57:05.987+0000] {dag.py:2690} INFO - Sync 1 DAGs
[2025-02-01T02:57:06.078+0000] {logging_mixin.py:137} INFO - [2025-02-01T02:57:06.077+0000] {dag.py:3441} INFO - Setting next_dagrun for tutorial_dag to None, run_after=None
[2025-02-01T02:57:06.122+0000] {processor.py:175} INFO - Processing /home/airflow/.local/lib/python3.7/site-packages/airflow/example_dags/tutorial_dag.py took 0.320 seconds
[2025-02-01T02:57:36.647+0000] {processor.py:153} INFO - Started process (PID=1954) to work on /home/airflow/.local/lib/python3.7/site-packages/airflow/example_dags/tutorial_dag.py
[2025-02-01T02:57:36.649+0000] {processor.py:743} INFO - Processing file /home/airflow/.local/lib/python3.7/site-packages/airflow/example_dags/tutorial_dag.py for tasks to queue
[2025-02-01T02:57:36.650+0000] {logging_mixin.py:137} INFO - [2025-02-01T02:57:36.650+0000] {dagbag.py:538} INFO - Filling up the DagBag from /home/airflow/.local/lib/python3.7/site-packages/airflow/example_dags/tutorial_dag.py
[2025-02-01T02:57:36.681+0000] {processor.py:753} INFO - DAG(s) dict_keys(['tutorial_dag']) retrieved from /home/airflow/.local/lib/python3.7/site-packages/airflow/example_dags/tutorial_dag.py
[2025-02-01T02:57:36.742+0000] {logging_mixin.py:137} INFO - [2025-02-01T02:57:36.742+0000] {dag.py:2690} INFO - Sync 1 DAGs
[2025-02-01T02:57:36.804+0000] {logging_mixin.py:137} INFO - [2025-02-01T02:57:36.803+0000] {dag.py:3441} INFO - Setting next_dagrun for tutorial_dag to None, run_after=None
[2025-02-01T02:57:36.849+0000] {processor.py:175} INFO - Processing /home/airflow/.local/lib/python3.7/site-packages/airflow/example_dags/tutorial_dag.py took 0.209 seconds
[2025-02-01T02:58:09.005+0000] {processor.py:153} INFO - Started process (PID=2013) to work on /home/airflow/.local/lib/python3.7/site-packages/airflow/example_dags/tutorial_dag.py
[2025-02-01T02:58:09.011+0000] {processor.py:743} INFO - Processing file /home/airflow/.local/lib/python3.7/site-packages/airflow/example_dags/tutorial_dag.py for tasks to queue
[2025-02-01T02:58:09.014+0000] {logging_mixin.py:137} INFO - [2025-02-01T02:58:09.013+0000] {dagbag.py:538} INFO - Filling up the DagBag from /home/airflow/.local/lib/python3.7/site-packages/airflow/example_dags/tutorial_dag.py
[2025-02-01T02:58:09.086+0000] {processor.py:753} INFO - DAG(s) dict_keys(['tutorial_dag']) retrieved from /home/airflow/.local/lib/python3.7/site-packages/airflow/example_dags/tutorial_dag.py
[2025-02-01T02:58:09.207+0000] {logging_mixin.py:137} INFO - [2025-02-01T02:58:09.206+0000] {dag.py:2690} INFO - Sync 1 DAGs
[2025-02-01T02:58:09.430+0000] {logging_mixin.py:137} INFO - [2025-02-01T02:58:09.430+0000] {dag.py:3441} INFO - Setting next_dagrun for tutorial_dag to None, run_after=None
[2025-02-01T02:58:09.559+0000] {processor.py:175} INFO - Processing /home/airflow/.local/lib/python3.7/site-packages/airflow/example_dags/tutorial_dag.py took 0.571 seconds
[2025-02-01T02:58:39.786+0000] {processor.py:153} INFO - Started process (PID=2063) to work on /home/airflow/.local/lib/python3.7/site-packages/airflow/example_dags/tutorial_dag.py
[2025-02-01T02:58:39.793+0000] {processor.py:743} INFO - Processing file /home/airflow/.local/lib/python3.7/site-packages/airflow/example_dags/tutorial_dag.py for tasks to queue
[2025-02-01T02:58:39.801+0000] {logging_mixin.py:137} INFO - [2025-02-01T02:58:39.794+0000] {dagbag.py:538} INFO - Filling up the DagBag from /home/airflow/.local/lib/python3.7/site-packages/airflow/example_dags/tutorial_dag.py
[2025-02-01T02:58:39.957+0000] {processor.py:753} INFO - DAG(s) dict_keys(['tutorial_dag']) retrieved from /home/airflow/.local/lib/python3.7/site-packages/airflow/example_dags/tutorial_dag.py
[2025-02-01T02:58:40.300+0000] {logging_mixin.py:137} INFO - [2025-02-01T02:58:40.299+0000] {dag.py:2690} INFO - Sync 1 DAGs
[2025-02-01T02:58:40.505+0000] {logging_mixin.py:137} INFO - [2025-02-01T02:58:40.505+0000] {dag.py:3441} INFO - Setting next_dagrun for tutorial_dag to None, run_after=None
[2025-02-01T02:58:40.654+0000] {processor.py:175} INFO - Processing /home/airflow/.local/lib/python3.7/site-packages/airflow/example_dags/tutorial_dag.py took 0.910 seconds
[2025-02-01T02:59:11.254+0000] {processor.py:153} INFO - Started process (PID=2122) to work on /home/airflow/.local/lib/python3.7/site-packages/airflow/example_dags/tutorial_dag.py
[2025-02-01T02:59:11.256+0000] {processor.py:743} INFO - Processing file /home/airflow/.local/lib/python3.7/site-packages/airflow/example_dags/tutorial_dag.py for tasks to queue
[2025-02-01T02:59:11.257+0000] {logging_mixin.py:137} INFO - [2025-02-01T02:59:11.257+0000] {dagbag.py:538} INFO - Filling up the DagBag from /home/airflow/.local/lib/python3.7/site-packages/airflow/example_dags/tutorial_dag.py
[2025-02-01T02:59:11.289+0000] {processor.py:753} INFO - DAG(s) dict_keys(['tutorial_dag']) retrieved from /home/airflow/.local/lib/python3.7/site-packages/airflow/example_dags/tutorial_dag.py
[2025-02-01T02:59:11.351+0000] {logging_mixin.py:137} INFO - [2025-02-01T02:59:11.351+0000] {dag.py:2690} INFO - Sync 1 DAGs
[2025-02-01T02:59:11.414+0000] {logging_mixin.py:137} INFO - [2025-02-01T02:59:11.414+0000] {dag.py:3441} INFO - Setting next_dagrun for tutorial_dag to None, run_after=None
[2025-02-01T02:59:11.462+0000] {processor.py:175} INFO - Processing /home/airflow/.local/lib/python3.7/site-packages/airflow/example_dags/tutorial_dag.py took 0.216 seconds
[2025-02-01T02:59:41.954+0000] {processor.py:153} INFO - Started process (PID=2180) to work on /home/airflow/.local/lib/python3.7/site-packages/airflow/example_dags/tutorial_dag.py
[2025-02-01T02:59:41.958+0000] {processor.py:743} INFO - Processing file /home/airflow/.local/lib/python3.7/site-packages/airflow/example_dags/tutorial_dag.py for tasks to queue
[2025-02-01T02:59:41.959+0000] {logging_mixin.py:137} INFO - [2025-02-01T02:59:41.959+0000] {dagbag.py:538} INFO - Filling up the DagBag from /home/airflow/.local/lib/python3.7/site-packages/airflow/example_dags/tutorial_dag.py
[2025-02-01T02:59:41.996+0000] {processor.py:753} INFO - DAG(s) dict_keys(['tutorial_dag']) retrieved from /home/airflow/.local/lib/python3.7/site-packages/airflow/example_dags/tutorial_dag.py
[2025-02-01T02:59:42.148+0000] {logging_mixin.py:137} INFO - [2025-02-01T02:59:42.148+0000] {dag.py:2690} INFO - Sync 1 DAGs
[2025-02-01T02:59:42.260+0000] {logging_mixin.py:137} INFO - [2025-02-01T02:59:42.260+0000] {dag.py:3441} INFO - Setting next_dagrun for tutorial_dag to None, run_after=None
[2025-02-01T02:59:42.336+0000] {processor.py:175} INFO - Processing /home/airflow/.local/lib/python3.7/site-packages/airflow/example_dags/tutorial_dag.py took 0.395 seconds
[2025-02-01T03:00:12.930+0000] {processor.py:153} INFO - Started process (PID=2236) to work on /home/airflow/.local/lib/python3.7/site-packages/airflow/example_dags/tutorial_dag.py
[2025-02-01T03:00:12.938+0000] {processor.py:743} INFO - Processing file /home/airflow/.local/lib/python3.7/site-packages/airflow/example_dags/tutorial_dag.py for tasks to queue
[2025-02-01T03:00:12.952+0000] {logging_mixin.py:137} INFO - [2025-02-01T03:00:12.940+0000] {dagbag.py:538} INFO - Filling up the DagBag from /home/airflow/.local/lib/python3.7/site-packages/airflow/example_dags/tutorial_dag.py
[2025-02-01T03:00:13.164+0000] {processor.py:753} INFO - DAG(s) dict_keys(['tutorial_dag']) retrieved from /home/airflow/.local/lib/python3.7/site-packages/airflow/example_dags/tutorial_dag.py
[2025-02-01T03:00:13.642+0000] {logging_mixin.py:137} INFO - [2025-02-01T03:00:13.642+0000] {dag.py:2690} INFO - Sync 1 DAGs
[2025-02-01T03:00:13.942+0000] {logging_mixin.py:137} INFO - [2025-02-01T03:00:13.942+0000] {dag.py:3441} INFO - Setting next_dagrun for tutorial_dag to None, run_after=None
[2025-02-01T03:00:14.231+0000] {processor.py:175} INFO - Processing /home/airflow/.local/lib/python3.7/site-packages/airflow/example_dags/tutorial_dag.py took 1.365 seconds
[2025-02-01T03:00:44.795+0000] {processor.py:153} INFO - Started process (PID=2288) to work on /home/airflow/.local/lib/python3.7/site-packages/airflow/example_dags/tutorial_dag.py
[2025-02-01T03:00:44.799+0000] {processor.py:743} INFO - Processing file /home/airflow/.local/lib/python3.7/site-packages/airflow/example_dags/tutorial_dag.py for tasks to queue
[2025-02-01T03:00:44.800+0000] {logging_mixin.py:137} INFO - [2025-02-01T03:00:44.800+0000] {dagbag.py:538} INFO - Filling up the DagBag from /home/airflow/.local/lib/python3.7/site-packages/airflow/example_dags/tutorial_dag.py
[2025-02-01T03:00:44.864+0000] {processor.py:753} INFO - DAG(s) dict_keys(['tutorial_dag']) retrieved from /home/airflow/.local/lib/python3.7/site-packages/airflow/example_dags/tutorial_dag.py
[2025-02-01T03:00:44.989+0000] {logging_mixin.py:137} INFO - [2025-02-01T03:00:44.989+0000] {dag.py:2690} INFO - Sync 1 DAGs
[2025-02-01T03:00:45.126+0000] {logging_mixin.py:137} INFO - [2025-02-01T03:00:45.125+0000] {dag.py:3441} INFO - Setting next_dagrun for tutorial_dag to None, run_after=None
[2025-02-01T03:00:45.214+0000] {processor.py:175} INFO - Processing /home/airflow/.local/lib/python3.7/site-packages/airflow/example_dags/tutorial_dag.py took 0.435 seconds
[2025-02-01T03:01:15.292+0000] {processor.py:153} INFO - Started process (PID=2347) to work on /home/airflow/.local/lib/python3.7/site-packages/airflow/example_dags/tutorial_dag.py
[2025-02-01T03:01:15.294+0000] {processor.py:743} INFO - Processing file /home/airflow/.local/lib/python3.7/site-packages/airflow/example_dags/tutorial_dag.py for tasks to queue
[2025-02-01T03:01:15.296+0000] {logging_mixin.py:137} INFO - [2025-02-01T03:01:15.296+0000] {dagbag.py:538} INFO - Filling up the DagBag from /home/airflow/.local/lib/python3.7/site-packages/airflow/example_dags/tutorial_dag.py
[2025-02-01T03:01:15.327+0000] {processor.py:753} INFO - DAG(s) dict_keys(['tutorial_dag']) retrieved from /home/airflow/.local/lib/python3.7/site-packages/airflow/example_dags/tutorial_dag.py
[2025-02-01T03:01:15.388+0000] {logging_mixin.py:137} INFO - [2025-02-01T03:01:15.387+0000] {dag.py:2690} INFO - Sync 1 DAGs
[2025-02-01T03:01:15.489+0000] {logging_mixin.py:137} INFO - [2025-02-01T03:01:15.489+0000] {dag.py:3441} INFO - Setting next_dagrun for tutorial_dag to None, run_after=None
[2025-02-01T03:01:15.558+0000] {processor.py:175} INFO - Processing /home/airflow/.local/lib/python3.7/site-packages/airflow/example_dags/tutorial_dag.py took 0.273 seconds
[2025-02-01T03:01:46.175+0000] {processor.py:153} INFO - Started process (PID=2406) to work on /home/airflow/.local/lib/python3.7/site-packages/airflow/example_dags/tutorial_dag.py
[2025-02-01T03:01:46.178+0000] {processor.py:743} INFO - Processing file /home/airflow/.local/lib/python3.7/site-packages/airflow/example_dags/tutorial_dag.py for tasks to queue
[2025-02-01T03:01:46.181+0000] {logging_mixin.py:137} INFO - [2025-02-01T03:01:46.181+0000] {dagbag.py:538} INFO - Filling up the DagBag from /home/airflow/.local/lib/python3.7/site-packages/airflow/example_dags/tutorial_dag.py
[2025-02-01T03:01:46.246+0000] {processor.py:753} INFO - DAG(s) dict_keys(['tutorial_dag']) retrieved from /home/airflow/.local/lib/python3.7/site-packages/airflow/example_dags/tutorial_dag.py
[2025-02-01T03:01:46.363+0000] {logging_mixin.py:137} INFO - [2025-02-01T03:01:46.363+0000] {dag.py:2690} INFO - Sync 1 DAGs
[2025-02-01T03:01:46.488+0000] {logging_mixin.py:137} INFO - [2025-02-01T03:01:46.488+0000] {dag.py:3441} INFO - Setting next_dagrun for tutorial_dag to None, run_after=None
[2025-02-01T03:01:46.568+0000] {processor.py:175} INFO - Processing /home/airflow/.local/lib/python3.7/site-packages/airflow/example_dags/tutorial_dag.py took 0.408 seconds
[2025-02-01T03:02:17.040+0000] {processor.py:153} INFO - Started process (PID=2463) to work on /home/airflow/.local/lib/python3.7/site-packages/airflow/example_dags/tutorial_dag.py
[2025-02-01T03:02:17.044+0000] {processor.py:743} INFO - Processing file /home/airflow/.local/lib/python3.7/site-packages/airflow/example_dags/tutorial_dag.py for tasks to queue
[2025-02-01T03:02:17.048+0000] {logging_mixin.py:137} INFO - [2025-02-01T03:02:17.045+0000] {dagbag.py:538} INFO - Filling up the DagBag from /home/airflow/.local/lib/python3.7/site-packages/airflow/example_dags/tutorial_dag.py
[2025-02-01T03:02:17.081+0000] {processor.py:753} INFO - DAG(s) dict_keys(['tutorial_dag']) retrieved from /home/airflow/.local/lib/python3.7/site-packages/airflow/example_dags/tutorial_dag.py
[2025-02-01T03:02:17.185+0000] {logging_mixin.py:137} INFO - [2025-02-01T03:02:17.185+0000] {dag.py:2690} INFO - Sync 1 DAGs
[2025-02-01T03:02:17.318+0000] {logging_mixin.py:137} INFO - [2025-02-01T03:02:17.316+0000] {dag.py:3441} INFO - Setting next_dagrun for tutorial_dag to None, run_after=None
[2025-02-01T03:02:17.404+0000] {processor.py:175} INFO - Processing /home/airflow/.local/lib/python3.7/site-packages/airflow/example_dags/tutorial_dag.py took 0.376 seconds
[2025-02-01T03:02:47.531+0000] {processor.py:153} INFO - Started process (PID=2512) to work on /home/airflow/.local/lib/python3.7/site-packages/airflow/example_dags/tutorial_dag.py
[2025-02-01T03:02:47.533+0000] {processor.py:743} INFO - Processing file /home/airflow/.local/lib/python3.7/site-packages/airflow/example_dags/tutorial_dag.py for tasks to queue
[2025-02-01T03:02:47.534+0000] {logging_mixin.py:137} INFO - [2025-02-01T03:02:47.534+0000] {dagbag.py:538} INFO - Filling up the DagBag from /home/airflow/.local/lib/python3.7/site-packages/airflow/example_dags/tutorial_dag.py
[2025-02-01T03:02:47.565+0000] {processor.py:753} INFO - DAG(s) dict_keys(['tutorial_dag']) retrieved from /home/airflow/.local/lib/python3.7/site-packages/airflow/example_dags/tutorial_dag.py
[2025-02-01T03:02:47.627+0000] {logging_mixin.py:137} INFO - [2025-02-01T03:02:47.626+0000] {dag.py:2690} INFO - Sync 1 DAGs
[2025-02-01T03:02:47.693+0000] {logging_mixin.py:137} INFO - [2025-02-01T03:02:47.693+0000] {dag.py:3441} INFO - Setting next_dagrun for tutorial_dag to None, run_after=None
[2025-02-01T03:02:47.746+0000] {processor.py:175} INFO - Processing /home/airflow/.local/lib/python3.7/site-packages/airflow/example_dags/tutorial_dag.py took 0.224 seconds
[2025-02-01T03:03:18.539+0000] {processor.py:153} INFO - Started process (PID=2572) to work on /home/airflow/.local/lib/python3.7/site-packages/airflow/example_dags/tutorial_dag.py
[2025-02-01T03:03:18.541+0000] {processor.py:743} INFO - Processing file /home/airflow/.local/lib/python3.7/site-packages/airflow/example_dags/tutorial_dag.py for tasks to queue
[2025-02-01T03:03:18.543+0000] {logging_mixin.py:137} INFO - [2025-02-01T03:03:18.542+0000] {dagbag.py:538} INFO - Filling up the DagBag from /home/airflow/.local/lib/python3.7/site-packages/airflow/example_dags/tutorial_dag.py
[2025-02-01T03:03:18.574+0000] {processor.py:753} INFO - DAG(s) dict_keys(['tutorial_dag']) retrieved from /home/airflow/.local/lib/python3.7/site-packages/airflow/example_dags/tutorial_dag.py
[2025-02-01T03:03:18.636+0000] {logging_mixin.py:137} INFO - [2025-02-01T03:03:18.635+0000] {dag.py:2690} INFO - Sync 1 DAGs
[2025-02-01T03:03:18.697+0000] {logging_mixin.py:137} INFO - [2025-02-01T03:03:18.697+0000] {dag.py:3441} INFO - Setting next_dagrun for tutorial_dag to None, run_after=None
[2025-02-01T03:03:18.742+0000] {processor.py:175} INFO - Processing /home/airflow/.local/lib/python3.7/site-packages/airflow/example_dags/tutorial_dag.py took 0.210 seconds
[2025-02-01T03:03:50.770+0000] {processor.py:153} INFO - Started process (PID=2630) to work on /home/airflow/.local/lib/python3.7/site-packages/airflow/example_dags/tutorial_dag.py
[2025-02-01T03:03:50.775+0000] {processor.py:743} INFO - Processing file /home/airflow/.local/lib/python3.7/site-packages/airflow/example_dags/tutorial_dag.py for tasks to queue
[2025-02-01T03:03:50.787+0000] {logging_mixin.py:137} INFO - [2025-02-01T03:03:50.784+0000] {dagbag.py:538} INFO - Filling up the DagBag from /home/airflow/.local/lib/python3.7/site-packages/airflow/example_dags/tutorial_dag.py
[2025-02-01T03:03:50.981+0000] {processor.py:753} INFO - DAG(s) dict_keys(['tutorial_dag']) retrieved from /home/airflow/.local/lib/python3.7/site-packages/airflow/example_dags/tutorial_dag.py
[2025-02-01T03:03:51.339+0000] {logging_mixin.py:137} INFO - [2025-02-01T03:03:51.332+0000] {dag.py:2690} INFO - Sync 1 DAGs
[2025-02-01T03:03:51.769+0000] {logging_mixin.py:137} INFO - [2025-02-01T03:03:51.769+0000] {dag.py:3441} INFO - Setting next_dagrun for tutorial_dag to None, run_after=None
[2025-02-01T03:03:51.972+0000] {processor.py:175} INFO - Processing /home/airflow/.local/lib/python3.7/site-packages/airflow/example_dags/tutorial_dag.py took 1.251 seconds
[2025-02-01T03:04:22.069+0000] {processor.py:153} INFO - Started process (PID=2680) to work on /home/airflow/.local/lib/python3.7/site-packages/airflow/example_dags/tutorial_dag.py
[2025-02-01T03:04:22.071+0000] {processor.py:743} INFO - Processing file /home/airflow/.local/lib/python3.7/site-packages/airflow/example_dags/tutorial_dag.py for tasks to queue
[2025-02-01T03:04:22.073+0000] {logging_mixin.py:137} INFO - [2025-02-01T03:04:22.072+0000] {dagbag.py:538} INFO - Filling up the DagBag from /home/airflow/.local/lib/python3.7/site-packages/airflow/example_dags/tutorial_dag.py
[2025-02-01T03:04:22.107+0000] {processor.py:753} INFO - DAG(s) dict_keys(['tutorial_dag']) retrieved from /home/airflow/.local/lib/python3.7/site-packages/airflow/example_dags/tutorial_dag.py
[2025-02-01T03:04:22.165+0000] {logging_mixin.py:137} INFO - [2025-02-01T03:04:22.164+0000] {dag.py:2690} INFO - Sync 1 DAGs
[2025-02-01T03:04:22.228+0000] {logging_mixin.py:137} INFO - [2025-02-01T03:04:22.228+0000] {dag.py:3441} INFO - Setting next_dagrun for tutorial_dag to None, run_after=None
[2025-02-01T03:04:22.278+0000] {processor.py:175} INFO - Processing /home/airflow/.local/lib/python3.7/site-packages/airflow/example_dags/tutorial_dag.py took 0.216 seconds
[2025-02-01T03:04:52.552+0000] {processor.py:153} INFO - Started process (PID=2738) to work on /home/airflow/.local/lib/python3.7/site-packages/airflow/example_dags/tutorial_dag.py
[2025-02-01T03:04:52.554+0000] {processor.py:743} INFO - Processing file /home/airflow/.local/lib/python3.7/site-packages/airflow/example_dags/tutorial_dag.py for tasks to queue
[2025-02-01T03:04:52.555+0000] {logging_mixin.py:137} INFO - [2025-02-01T03:04:52.555+0000] {dagbag.py:538} INFO - Filling up the DagBag from /home/airflow/.local/lib/python3.7/site-packages/airflow/example_dags/tutorial_dag.py
[2025-02-01T03:04:52.597+0000] {processor.py:753} INFO - DAG(s) dict_keys(['tutorial_dag']) retrieved from /home/airflow/.local/lib/python3.7/site-packages/airflow/example_dags/tutorial_dag.py
[2025-02-01T03:04:52.750+0000] {logging_mixin.py:137} INFO - [2025-02-01T03:04:52.750+0000] {dag.py:2690} INFO - Sync 1 DAGs
[2025-02-01T03:04:52.830+0000] {logging_mixin.py:137} INFO - [2025-02-01T03:04:52.829+0000] {dag.py:3441} INFO - Setting next_dagrun for tutorial_dag to None, run_after=None
[2025-02-01T03:04:52.878+0000] {processor.py:175} INFO - Processing /home/airflow/.local/lib/python3.7/site-packages/airflow/example_dags/tutorial_dag.py took 0.334 seconds
[2025-02-01T03:05:23.144+0000] {processor.py:153} INFO - Started process (PID=2796) to work on /home/airflow/.local/lib/python3.7/site-packages/airflow/example_dags/tutorial_dag.py
[2025-02-01T03:05:23.146+0000] {processor.py:743} INFO - Processing file /home/airflow/.local/lib/python3.7/site-packages/airflow/example_dags/tutorial_dag.py for tasks to queue
[2025-02-01T03:05:23.147+0000] {logging_mixin.py:137} INFO - [2025-02-01T03:05:23.147+0000] {dagbag.py:538} INFO - Filling up the DagBag from /home/airflow/.local/lib/python3.7/site-packages/airflow/example_dags/tutorial_dag.py
[2025-02-01T03:05:23.177+0000] {processor.py:753} INFO - DAG(s) dict_keys(['tutorial_dag']) retrieved from /home/airflow/.local/lib/python3.7/site-packages/airflow/example_dags/tutorial_dag.py
[2025-02-01T03:05:23.236+0000] {logging_mixin.py:137} INFO - [2025-02-01T03:05:23.236+0000] {dag.py:2690} INFO - Sync 1 DAGs
[2025-02-01T03:05:23.327+0000] {logging_mixin.py:137} INFO - [2025-02-01T03:05:23.327+0000] {dag.py:3441} INFO - Setting next_dagrun for tutorial_dag to None, run_after=None
[2025-02-01T03:05:23.401+0000] {processor.py:175} INFO - Processing /home/airflow/.local/lib/python3.7/site-packages/airflow/example_dags/tutorial_dag.py took 0.266 seconds
[2025-02-01T03:05:53.592+0000] {processor.py:153} INFO - Started process (PID=2846) to work on /home/airflow/.local/lib/python3.7/site-packages/airflow/example_dags/tutorial_dag.py
[2025-02-01T03:05:53.595+0000] {processor.py:743} INFO - Processing file /home/airflow/.local/lib/python3.7/site-packages/airflow/example_dags/tutorial_dag.py for tasks to queue
[2025-02-01T03:05:53.599+0000] {logging_mixin.py:137} INFO - [2025-02-01T03:05:53.596+0000] {dagbag.py:538} INFO - Filling up the DagBag from /home/airflow/.local/lib/python3.7/site-packages/airflow/example_dags/tutorial_dag.py
[2025-02-01T03:05:53.668+0000] {processor.py:753} INFO - DAG(s) dict_keys(['tutorial_dag']) retrieved from /home/airflow/.local/lib/python3.7/site-packages/airflow/example_dags/tutorial_dag.py
[2025-02-01T03:05:53.764+0000] {logging_mixin.py:137} INFO - [2025-02-01T03:05:53.764+0000] {dag.py:2690} INFO - Sync 1 DAGs
[2025-02-01T03:05:53.829+0000] {logging_mixin.py:137} INFO - [2025-02-01T03:05:53.828+0000] {dag.py:3441} INFO - Setting next_dagrun for tutorial_dag to None, run_after=None
[2025-02-01T03:05:53.877+0000] {processor.py:175} INFO - Processing /home/airflow/.local/lib/python3.7/site-packages/airflow/example_dags/tutorial_dag.py took 0.300 seconds
[2025-02-01T03:06:24.028+0000] {processor.py:153} INFO - Started process (PID=2905) to work on /home/airflow/.local/lib/python3.7/site-packages/airflow/example_dags/tutorial_dag.py
[2025-02-01T03:06:24.032+0000] {processor.py:743} INFO - Processing file /home/airflow/.local/lib/python3.7/site-packages/airflow/example_dags/tutorial_dag.py for tasks to queue
[2025-02-01T03:06:24.034+0000] {logging_mixin.py:137} INFO - [2025-02-01T03:06:24.034+0000] {dagbag.py:538} INFO - Filling up the DagBag from /home/airflow/.local/lib/python3.7/site-packages/airflow/example_dags/tutorial_dag.py
[2025-02-01T03:06:24.105+0000] {processor.py:753} INFO - DAG(s) dict_keys(['tutorial_dag']) retrieved from /home/airflow/.local/lib/python3.7/site-packages/airflow/example_dags/tutorial_dag.py
[2025-02-01T03:06:24.231+0000] {logging_mixin.py:137} INFO - [2025-02-01T03:06:24.230+0000] {dag.py:2690} INFO - Sync 1 DAGs
[2025-02-01T03:06:24.372+0000] {logging_mixin.py:137} INFO - [2025-02-01T03:06:24.372+0000] {dag.py:3441} INFO - Setting next_dagrun for tutorial_dag to None, run_after=None
[2025-02-01T03:06:24.472+0000] {processor.py:175} INFO - Processing /home/airflow/.local/lib/python3.7/site-packages/airflow/example_dags/tutorial_dag.py took 0.460 seconds
[2025-02-01T03:06:55.351+0000] {processor.py:153} INFO - Started process (PID=2964) to work on /home/airflow/.local/lib/python3.7/site-packages/airflow/example_dags/tutorial_dag.py
[2025-02-01T03:06:55.355+0000] {processor.py:743} INFO - Processing file /home/airflow/.local/lib/python3.7/site-packages/airflow/example_dags/tutorial_dag.py for tasks to queue
[2025-02-01T03:06:55.357+0000] {logging_mixin.py:137} INFO - [2025-02-01T03:06:55.356+0000] {dagbag.py:538} INFO - Filling up the DagBag from /home/airflow/.local/lib/python3.7/site-packages/airflow/example_dags/tutorial_dag.py
[2025-02-01T03:06:55.417+0000] {processor.py:753} INFO - DAG(s) dict_keys(['tutorial_dag']) retrieved from /home/airflow/.local/lib/python3.7/site-packages/airflow/example_dags/tutorial_dag.py
[2025-02-01T03:06:55.513+0000] {logging_mixin.py:137} INFO - [2025-02-01T03:06:55.513+0000] {dag.py:2690} INFO - Sync 1 DAGs
[2025-02-01T03:06:55.724+0000] {logging_mixin.py:137} INFO - [2025-02-01T03:06:55.723+0000] {dag.py:3441} INFO - Setting next_dagrun for tutorial_dag to None, run_after=None
[2025-02-01T03:06:55.851+0000] {processor.py:175} INFO - Processing /home/airflow/.local/lib/python3.7/site-packages/airflow/example_dags/tutorial_dag.py took 0.534 seconds
[2025-02-01T03:07:26.283+0000] {processor.py:153} INFO - Started process (PID=3013) to work on /home/airflow/.local/lib/python3.7/site-packages/airflow/example_dags/tutorial_dag.py
[2025-02-01T03:07:26.287+0000] {processor.py:743} INFO - Processing file /home/airflow/.local/lib/python3.7/site-packages/airflow/example_dags/tutorial_dag.py for tasks to queue
[2025-02-01T03:07:26.290+0000] {logging_mixin.py:137} INFO - [2025-02-01T03:07:26.290+0000] {dagbag.py:538} INFO - Filling up the DagBag from /home/airflow/.local/lib/python3.7/site-packages/airflow/example_dags/tutorial_dag.py
[2025-02-01T03:07:26.348+0000] {processor.py:753} INFO - DAG(s) dict_keys(['tutorial_dag']) retrieved from /home/airflow/.local/lib/python3.7/site-packages/airflow/example_dags/tutorial_dag.py
[2025-02-01T03:07:26.461+0000] {logging_mixin.py:137} INFO - [2025-02-01T03:07:26.459+0000] {dag.py:2690} INFO - Sync 1 DAGs
[2025-02-01T03:07:26.641+0000] {logging_mixin.py:137} INFO - [2025-02-01T03:07:26.641+0000] {dag.py:3441} INFO - Setting next_dagrun for tutorial_dag to None, run_after=None
[2025-02-01T03:07:26.764+0000] {processor.py:175} INFO - Processing /home/airflow/.local/lib/python3.7/site-packages/airflow/example_dags/tutorial_dag.py took 0.494 seconds
[2025-02-01T03:07:57.233+0000] {processor.py:153} INFO - Started process (PID=3072) to work on /home/airflow/.local/lib/python3.7/site-packages/airflow/example_dags/tutorial_dag.py
[2025-02-01T03:07:57.235+0000] {processor.py:743} INFO - Processing file /home/airflow/.local/lib/python3.7/site-packages/airflow/example_dags/tutorial_dag.py for tasks to queue
[2025-02-01T03:07:57.236+0000] {logging_mixin.py:137} INFO - [2025-02-01T03:07:57.236+0000] {dagbag.py:538} INFO - Filling up the DagBag from /home/airflow/.local/lib/python3.7/site-packages/airflow/example_dags/tutorial_dag.py
[2025-02-01T03:07:57.266+0000] {processor.py:753} INFO - DAG(s) dict_keys(['tutorial_dag']) retrieved from /home/airflow/.local/lib/python3.7/site-packages/airflow/example_dags/tutorial_dag.py
[2025-02-01T03:07:57.327+0000] {logging_mixin.py:137} INFO - [2025-02-01T03:07:57.327+0000] {dag.py:2690} INFO - Sync 1 DAGs
[2025-02-01T03:07:57.392+0000] {logging_mixin.py:137} INFO - [2025-02-01T03:07:57.392+0000] {dag.py:3441} INFO - Setting next_dagrun for tutorial_dag to None, run_after=None
[2025-02-01T03:07:57.437+0000] {processor.py:175} INFO - Processing /home/airflow/.local/lib/python3.7/site-packages/airflow/example_dags/tutorial_dag.py took 0.212 seconds
[2025-02-01T03:08:28.026+0000] {processor.py:153} INFO - Started process (PID=3129) to work on /home/airflow/.local/lib/python3.7/site-packages/airflow/example_dags/tutorial_dag.py
[2025-02-01T03:08:28.033+0000] {processor.py:743} INFO - Processing file /home/airflow/.local/lib/python3.7/site-packages/airflow/example_dags/tutorial_dag.py for tasks to queue
[2025-02-01T03:08:28.039+0000] {logging_mixin.py:137} INFO - [2025-02-01T03:08:28.035+0000] {dagbag.py:538} INFO - Filling up the DagBag from /home/airflow/.local/lib/python3.7/site-packages/airflow/example_dags/tutorial_dag.py
[2025-02-01T03:08:28.101+0000] {processor.py:753} INFO - DAG(s) dict_keys(['tutorial_dag']) retrieved from /home/airflow/.local/lib/python3.7/site-packages/airflow/example_dags/tutorial_dag.py
[2025-02-01T03:08:28.178+0000] {logging_mixin.py:137} INFO - [2025-02-01T03:08:28.178+0000] {dag.py:2690} INFO - Sync 1 DAGs
[2025-02-01T03:08:28.242+0000] {logging_mixin.py:137} INFO - [2025-02-01T03:08:28.241+0000] {dag.py:3441} INFO - Setting next_dagrun for tutorial_dag to None, run_after=None
[2025-02-01T03:08:28.304+0000] {processor.py:175} INFO - Processing /home/airflow/.local/lib/python3.7/site-packages/airflow/example_dags/tutorial_dag.py took 0.292 seconds
[2025-02-01T03:08:59.559+0000] {processor.py:153} INFO - Started process (PID=3185) to work on /home/airflow/.local/lib/python3.7/site-packages/airflow/example_dags/tutorial_dag.py
[2025-02-01T03:08:59.560+0000] {processor.py:743} INFO - Processing file /home/airflow/.local/lib/python3.7/site-packages/airflow/example_dags/tutorial_dag.py for tasks to queue
[2025-02-01T03:08:59.566+0000] {logging_mixin.py:137} INFO - [2025-02-01T03:08:59.566+0000] {dagbag.py:538} INFO - Filling up the DagBag from /home/airflow/.local/lib/python3.7/site-packages/airflow/example_dags/tutorial_dag.py
[2025-02-01T03:08:59.652+0000] {processor.py:753} INFO - DAG(s) dict_keys(['tutorial_dag']) retrieved from /home/airflow/.local/lib/python3.7/site-packages/airflow/example_dags/tutorial_dag.py
[2025-02-01T03:08:59.771+0000] {logging_mixin.py:137} INFO - [2025-02-01T03:08:59.768+0000] {dag.py:2690} INFO - Sync 1 DAGs
[2025-02-01T03:08:59.870+0000] {logging_mixin.py:137} INFO - [2025-02-01T03:08:59.870+0000] {dag.py:3441} INFO - Setting next_dagrun for tutorial_dag to None, run_after=None
[2025-02-01T03:08:59.943+0000] {processor.py:175} INFO - Processing /home/airflow/.local/lib/python3.7/site-packages/airflow/example_dags/tutorial_dag.py took 0.406 seconds
[2025-02-01T03:09:30.824+0000] {processor.py:153} INFO - Started process (PID=3237) to work on /home/airflow/.local/lib/python3.7/site-packages/airflow/example_dags/tutorial_dag.py
[2025-02-01T03:09:30.828+0000] {processor.py:743} INFO - Processing file /home/airflow/.local/lib/python3.7/site-packages/airflow/example_dags/tutorial_dag.py for tasks to queue
[2025-02-01T03:09:30.836+0000] {logging_mixin.py:137} INFO - [2025-02-01T03:09:30.830+0000] {dagbag.py:538} INFO - Filling up the DagBag from /home/airflow/.local/lib/python3.7/site-packages/airflow/example_dags/tutorial_dag.py
[2025-02-01T03:09:30.968+0000] {processor.py:753} INFO - DAG(s) dict_keys(['tutorial_dag']) retrieved from /home/airflow/.local/lib/python3.7/site-packages/airflow/example_dags/tutorial_dag.py
[2025-02-01T03:09:31.161+0000] {logging_mixin.py:137} INFO - [2025-02-01T03:09:31.160+0000] {dag.py:2690} INFO - Sync 1 DAGs
[2025-02-01T03:09:31.366+0000] {logging_mixin.py:137} INFO - [2025-02-01T03:09:31.366+0000] {dag.py:3441} INFO - Setting next_dagrun for tutorial_dag to None, run_after=None
[2025-02-01T03:09:31.503+0000] {processor.py:175} INFO - Processing /home/airflow/.local/lib/python3.7/site-packages/airflow/example_dags/tutorial_dag.py took 0.707 seconds
