[2025-02-01T02:40:35.272+0000] {processor.py:153} INFO - Started process (PID=102) to work on /home/airflow/.local/lib/python3.7/site-packages/airflow/example_dags/tutorial_taskflow_api.py
[2025-02-01T02:40:35.274+0000] {processor.py:743} INFO - Processing file /home/airflow/.local/lib/python3.7/site-packages/airflow/example_dags/tutorial_taskflow_api.py for tasks to queue
[2025-02-01T02:40:35.275+0000] {logging_mixin.py:137} INFO - [2025-02-01T02:40:35.275+0000] {dagbag.py:538} INFO - Filling up the DagBag from /home/airflow/.local/lib/python3.7/site-packages/airflow/example_dags/tutorial_taskflow_api.py
[2025-02-01T02:40:35.327+0000] {processor.py:753} INFO - DAG(s) dict_keys(['tutorial_taskflow_api']) retrieved from /home/airflow/.local/lib/python3.7/site-packages/airflow/example_dags/tutorial_taskflow_api.py
[2025-02-01T02:40:35.386+0000] {logging_mixin.py:137} INFO - [2025-02-01T02:40:35.386+0000] {dag.py:2690} INFO - Sync 1 DAGs
[2025-02-01T02:40:35.451+0000] {logging_mixin.py:137} INFO - [2025-02-01T02:40:35.451+0000] {dag.py:3441} INFO - Setting next_dagrun for tutorial_taskflow_api to None, run_after=None
[2025-02-01T02:40:35.513+0000] {processor.py:175} INFO - Processing /home/airflow/.local/lib/python3.7/site-packages/airflow/example_dags/tutorial_taskflow_api.py took 0.248 seconds
[2025-02-01T02:41:09.543+0000] {processor.py:153} INFO - Started process (PID=159) to work on /home/airflow/.local/lib/python3.7/site-packages/airflow/example_dags/tutorial_taskflow_api.py
[2025-02-01T02:41:09.553+0000] {processor.py:743} INFO - Processing file /home/airflow/.local/lib/python3.7/site-packages/airflow/example_dags/tutorial_taskflow_api.py for tasks to queue
[2025-02-01T02:41:09.561+0000] {logging_mixin.py:137} INFO - [2025-02-01T02:41:09.560+0000] {dagbag.py:538} INFO - Filling up the DagBag from /home/airflow/.local/lib/python3.7/site-packages/airflow/example_dags/tutorial_taskflow_api.py
[2025-02-01T02:41:09.685+0000] {processor.py:753} INFO - DAG(s) dict_keys(['tutorial_taskflow_api']) retrieved from /home/airflow/.local/lib/python3.7/site-packages/airflow/example_dags/tutorial_taskflow_api.py
[2025-02-01T02:41:09.792+0000] {logging_mixin.py:137} INFO - [2025-02-01T02:41:09.791+0000] {dag.py:2690} INFO - Sync 1 DAGs
[2025-02-01T02:41:09.919+0000] {logging_mixin.py:137} INFO - [2025-02-01T02:41:09.918+0000] {dag.py:3441} INFO - Setting next_dagrun for tutorial_taskflow_api to None, run_after=None
[2025-02-01T02:41:10.011+0000] {processor.py:175} INFO - Processing /home/airflow/.local/lib/python3.7/site-packages/airflow/example_dags/tutorial_taskflow_api.py took 0.502 seconds
[2025-02-01T02:41:40.721+0000] {processor.py:153} INFO - Started process (PID=216) to work on /home/airflow/.local/lib/python3.7/site-packages/airflow/example_dags/tutorial_taskflow_api.py
[2025-02-01T02:41:40.723+0000] {processor.py:743} INFO - Processing file /home/airflow/.local/lib/python3.7/site-packages/airflow/example_dags/tutorial_taskflow_api.py for tasks to queue
[2025-02-01T02:41:40.728+0000] {logging_mixin.py:137} INFO - [2025-02-01T02:41:40.728+0000] {dagbag.py:538} INFO - Filling up the DagBag from /home/airflow/.local/lib/python3.7/site-packages/airflow/example_dags/tutorial_taskflow_api.py
[2025-02-01T02:41:40.970+0000] {processor.py:753} INFO - DAG(s) dict_keys(['tutorial_taskflow_api']) retrieved from /home/airflow/.local/lib/python3.7/site-packages/airflow/example_dags/tutorial_taskflow_api.py
[2025-02-01T02:41:41.225+0000] {logging_mixin.py:137} INFO - [2025-02-01T02:41:41.215+0000] {dag.py:2690} INFO - Sync 1 DAGs
[2025-02-01T02:41:41.476+0000] {logging_mixin.py:137} INFO - [2025-02-01T02:41:41.475+0000] {dag.py:3441} INFO - Setting next_dagrun for tutorial_taskflow_api to None, run_after=None
[2025-02-01T02:41:41.596+0000] {processor.py:175} INFO - Processing /home/airflow/.local/lib/python3.7/site-packages/airflow/example_dags/tutorial_taskflow_api.py took 0.901 seconds
[2025-02-01T02:42:12.014+0000] {processor.py:153} INFO - Started process (PID=268) to work on /home/airflow/.local/lib/python3.7/site-packages/airflow/example_dags/tutorial_taskflow_api.py
[2025-02-01T02:42:12.015+0000] {processor.py:743} INFO - Processing file /home/airflow/.local/lib/python3.7/site-packages/airflow/example_dags/tutorial_taskflow_api.py for tasks to queue
[2025-02-01T02:42:12.016+0000] {logging_mixin.py:137} INFO - [2025-02-01T02:42:12.016+0000] {dagbag.py:538} INFO - Filling up the DagBag from /home/airflow/.local/lib/python3.7/site-packages/airflow/example_dags/tutorial_taskflow_api.py
[2025-02-01T02:42:12.068+0000] {processor.py:753} INFO - DAG(s) dict_keys(['tutorial_taskflow_api']) retrieved from /home/airflow/.local/lib/python3.7/site-packages/airflow/example_dags/tutorial_taskflow_api.py
[2025-02-01T02:42:12.124+0000] {logging_mixin.py:137} INFO - [2025-02-01T02:42:12.124+0000] {dag.py:2690} INFO - Sync 1 DAGs
[2025-02-01T02:42:12.198+0000] {logging_mixin.py:137} INFO - [2025-02-01T02:42:12.197+0000] {dag.py:3441} INFO - Setting next_dagrun for tutorial_taskflow_api to None, run_after=None
[2025-02-01T02:42:12.267+0000] {processor.py:175} INFO - Processing /home/airflow/.local/lib/python3.7/site-packages/airflow/example_dags/tutorial_taskflow_api.py took 0.268 seconds
[2025-02-01T02:42:43.031+0000] {processor.py:153} INFO - Started process (PID=328) to work on /home/airflow/.local/lib/python3.7/site-packages/airflow/example_dags/tutorial_taskflow_api.py
[2025-02-01T02:42:43.033+0000] {processor.py:743} INFO - Processing file /home/airflow/.local/lib/python3.7/site-packages/airflow/example_dags/tutorial_taskflow_api.py for tasks to queue
[2025-02-01T02:42:43.037+0000] {logging_mixin.py:137} INFO - [2025-02-01T02:42:43.037+0000] {dagbag.py:538} INFO - Filling up the DagBag from /home/airflow/.local/lib/python3.7/site-packages/airflow/example_dags/tutorial_taskflow_api.py
[2025-02-01T02:42:43.147+0000] {processor.py:753} INFO - DAG(s) dict_keys(['tutorial_taskflow_api']) retrieved from /home/airflow/.local/lib/python3.7/site-packages/airflow/example_dags/tutorial_taskflow_api.py
[2025-02-01T02:42:43.255+0000] {logging_mixin.py:137} INFO - [2025-02-01T02:42:43.255+0000] {dag.py:2690} INFO - Sync 1 DAGs
[2025-02-01T02:42:43.329+0000] {logging_mixin.py:137} INFO - [2025-02-01T02:42:43.329+0000] {dag.py:3441} INFO - Setting next_dagrun for tutorial_taskflow_api to None, run_after=None
[2025-02-01T02:42:43.396+0000] {processor.py:175} INFO - Processing /home/airflow/.local/lib/python3.7/site-packages/airflow/example_dags/tutorial_taskflow_api.py took 0.380 seconds
[2025-02-01T02:43:13.575+0000] {processor.py:153} INFO - Started process (PID=386) to work on /home/airflow/.local/lib/python3.7/site-packages/airflow/example_dags/tutorial_taskflow_api.py
[2025-02-01T02:43:13.579+0000] {processor.py:743} INFO - Processing file /home/airflow/.local/lib/python3.7/site-packages/airflow/example_dags/tutorial_taskflow_api.py for tasks to queue
[2025-02-01T02:43:13.580+0000] {logging_mixin.py:137} INFO - [2025-02-01T02:43:13.580+0000] {dagbag.py:538} INFO - Filling up the DagBag from /home/airflow/.local/lib/python3.7/site-packages/airflow/example_dags/tutorial_taskflow_api.py
[2025-02-01T02:43:13.759+0000] {processor.py:753} INFO - DAG(s) dict_keys(['tutorial_taskflow_api']) retrieved from /home/airflow/.local/lib/python3.7/site-packages/airflow/example_dags/tutorial_taskflow_api.py
[2025-02-01T02:43:13.904+0000] {logging_mixin.py:137} INFO - [2025-02-01T02:43:13.904+0000] {dag.py:2690} INFO - Sync 1 DAGs
[2025-02-01T02:43:14.078+0000] {logging_mixin.py:137} INFO - [2025-02-01T02:43:14.078+0000] {dag.py:3441} INFO - Setting next_dagrun for tutorial_taskflow_api to None, run_after=None
[2025-02-01T02:43:14.215+0000] {processor.py:175} INFO - Processing /home/airflow/.local/lib/python3.7/site-packages/airflow/example_dags/tutorial_taskflow_api.py took 0.655 seconds
[2025-02-01T02:43:44.358+0000] {processor.py:153} INFO - Started process (PID=442) to work on /home/airflow/.local/lib/python3.7/site-packages/airflow/example_dags/tutorial_taskflow_api.py
[2025-02-01T02:43:44.360+0000] {processor.py:743} INFO - Processing file /home/airflow/.local/lib/python3.7/site-packages/airflow/example_dags/tutorial_taskflow_api.py for tasks to queue
[2025-02-01T02:43:44.361+0000] {logging_mixin.py:137} INFO - [2025-02-01T02:43:44.361+0000] {dagbag.py:538} INFO - Filling up the DagBag from /home/airflow/.local/lib/python3.7/site-packages/airflow/example_dags/tutorial_taskflow_api.py
[2025-02-01T02:43:44.413+0000] {processor.py:753} INFO - DAG(s) dict_keys(['tutorial_taskflow_api']) retrieved from /home/airflow/.local/lib/python3.7/site-packages/airflow/example_dags/tutorial_taskflow_api.py
[2025-02-01T02:43:44.472+0000] {logging_mixin.py:137} INFO - [2025-02-01T02:43:44.472+0000] {dag.py:2690} INFO - Sync 1 DAGs
[2025-02-01T02:43:44.586+0000] {logging_mixin.py:137} INFO - [2025-02-01T02:43:44.585+0000] {dag.py:3441} INFO - Setting next_dagrun for tutorial_taskflow_api to None, run_after=None
[2025-02-01T02:43:44.632+0000] {processor.py:175} INFO - Processing /home/airflow/.local/lib/python3.7/site-packages/airflow/example_dags/tutorial_taskflow_api.py took 0.282 seconds
[2025-02-01T02:44:14.726+0000] {processor.py:153} INFO - Started process (PID=494) to work on /home/airflow/.local/lib/python3.7/site-packages/airflow/example_dags/tutorial_taskflow_api.py
[2025-02-01T02:44:14.728+0000] {processor.py:743} INFO - Processing file /home/airflow/.local/lib/python3.7/site-packages/airflow/example_dags/tutorial_taskflow_api.py for tasks to queue
[2025-02-01T02:44:14.729+0000] {logging_mixin.py:137} INFO - [2025-02-01T02:44:14.729+0000] {dagbag.py:538} INFO - Filling up the DagBag from /home/airflow/.local/lib/python3.7/site-packages/airflow/example_dags/tutorial_taskflow_api.py
[2025-02-01T02:44:14.782+0000] {processor.py:753} INFO - DAG(s) dict_keys(['tutorial_taskflow_api']) retrieved from /home/airflow/.local/lib/python3.7/site-packages/airflow/example_dags/tutorial_taskflow_api.py
[2025-02-01T02:44:14.838+0000] {logging_mixin.py:137} INFO - [2025-02-01T02:44:14.838+0000] {dag.py:2690} INFO - Sync 1 DAGs
[2025-02-01T02:44:14.901+0000] {logging_mixin.py:137} INFO - [2025-02-01T02:44:14.901+0000] {dag.py:3441} INFO - Setting next_dagrun for tutorial_taskflow_api to None, run_after=None
[2025-02-01T02:44:14.952+0000] {processor.py:175} INFO - Processing /home/airflow/.local/lib/python3.7/site-packages/airflow/example_dags/tutorial_taskflow_api.py took 0.233 seconds
[2025-02-01T02:44:46.028+0000] {processor.py:153} INFO - Started process (PID=551) to work on /home/airflow/.local/lib/python3.7/site-packages/airflow/example_dags/tutorial_taskflow_api.py
[2025-02-01T02:44:46.031+0000] {processor.py:743} INFO - Processing file /home/airflow/.local/lib/python3.7/site-packages/airflow/example_dags/tutorial_taskflow_api.py for tasks to queue
[2025-02-01T02:44:46.035+0000] {logging_mixin.py:137} INFO - [2025-02-01T02:44:46.034+0000] {dagbag.py:538} INFO - Filling up the DagBag from /home/airflow/.local/lib/python3.7/site-packages/airflow/example_dags/tutorial_taskflow_api.py
[2025-02-01T02:44:46.144+0000] {processor.py:753} INFO - DAG(s) dict_keys(['tutorial_taskflow_api']) retrieved from /home/airflow/.local/lib/python3.7/site-packages/airflow/example_dags/tutorial_taskflow_api.py
[2025-02-01T02:44:46.318+0000] {logging_mixin.py:137} INFO - [2025-02-01T02:44:46.315+0000] {dag.py:2690} INFO - Sync 1 DAGs
[2025-02-01T02:44:46.430+0000] {logging_mixin.py:137} INFO - [2025-02-01T02:44:46.430+0000] {dag.py:3441} INFO - Setting next_dagrun for tutorial_taskflow_api to None, run_after=None
[2025-02-01T02:44:46.533+0000] {processor.py:175} INFO - Processing /home/airflow/.local/lib/python3.7/site-packages/airflow/example_dags/tutorial_taskflow_api.py took 0.530 seconds
[2025-02-01T02:45:17.070+0000] {processor.py:153} INFO - Started process (PID=601) to work on /home/airflow/.local/lib/python3.7/site-packages/airflow/example_dags/tutorial_taskflow_api.py
[2025-02-01T02:45:17.076+0000] {processor.py:743} INFO - Processing file /home/airflow/.local/lib/python3.7/site-packages/airflow/example_dags/tutorial_taskflow_api.py for tasks to queue
[2025-02-01T02:45:17.080+0000] {logging_mixin.py:137} INFO - [2025-02-01T02:45:17.079+0000] {dagbag.py:538} INFO - Filling up the DagBag from /home/airflow/.local/lib/python3.7/site-packages/airflow/example_dags/tutorial_taskflow_api.py
[2025-02-01T02:45:17.331+0000] {processor.py:753} INFO - DAG(s) dict_keys(['tutorial_taskflow_api']) retrieved from /home/airflow/.local/lib/python3.7/site-packages/airflow/example_dags/tutorial_taskflow_api.py
[2025-02-01T02:45:17.418+0000] {logging_mixin.py:137} INFO - [2025-02-01T02:45:17.418+0000] {dag.py:2690} INFO - Sync 1 DAGs
[2025-02-01T02:45:17.524+0000] {logging_mixin.py:137} INFO - [2025-02-01T02:45:17.524+0000] {dag.py:3441} INFO - Setting next_dagrun for tutorial_taskflow_api to None, run_after=None
[2025-02-01T02:45:17.596+0000] {processor.py:175} INFO - Processing /home/airflow/.local/lib/python3.7/site-packages/airflow/example_dags/tutorial_taskflow_api.py took 0.548 seconds
[2025-02-01T02:45:48.259+0000] {processor.py:153} INFO - Started process (PID=660) to work on /home/airflow/.local/lib/python3.7/site-packages/airflow/example_dags/tutorial_taskflow_api.py
[2025-02-01T02:45:48.265+0000] {processor.py:743} INFO - Processing file /home/airflow/.local/lib/python3.7/site-packages/airflow/example_dags/tutorial_taskflow_api.py for tasks to queue
[2025-02-01T02:45:48.272+0000] {logging_mixin.py:137} INFO - [2025-02-01T02:45:48.272+0000] {dagbag.py:538} INFO - Filling up the DagBag from /home/airflow/.local/lib/python3.7/site-packages/airflow/example_dags/tutorial_taskflow_api.py
[2025-02-01T02:45:48.503+0000] {processor.py:753} INFO - DAG(s) dict_keys(['tutorial_taskflow_api']) retrieved from /home/airflow/.local/lib/python3.7/site-packages/airflow/example_dags/tutorial_taskflow_api.py
[2025-02-01T02:45:48.756+0000] {logging_mixin.py:137} INFO - [2025-02-01T02:45:48.755+0000] {dag.py:2690} INFO - Sync 1 DAGs
[2025-02-01T02:45:49.059+0000] {logging_mixin.py:137} INFO - [2025-02-01T02:45:49.054+0000] {dag.py:3441} INFO - Setting next_dagrun for tutorial_taskflow_api to None, run_after=None
[2025-02-01T02:45:49.241+0000] {processor.py:175} INFO - Processing /home/airflow/.local/lib/python3.7/site-packages/airflow/example_dags/tutorial_taskflow_api.py took 1.024 seconds
[2025-02-01T02:46:19.473+0000] {processor.py:153} INFO - Started process (PID=718) to work on /home/airflow/.local/lib/python3.7/site-packages/airflow/example_dags/tutorial_taskflow_api.py
[2025-02-01T02:46:19.481+0000] {processor.py:743} INFO - Processing file /home/airflow/.local/lib/python3.7/site-packages/airflow/example_dags/tutorial_taskflow_api.py for tasks to queue
[2025-02-01T02:46:19.483+0000] {logging_mixin.py:137} INFO - [2025-02-01T02:46:19.483+0000] {dagbag.py:538} INFO - Filling up the DagBag from /home/airflow/.local/lib/python3.7/site-packages/airflow/example_dags/tutorial_taskflow_api.py
[2025-02-01T02:46:19.655+0000] {processor.py:753} INFO - DAG(s) dict_keys(['tutorial_taskflow_api']) retrieved from /home/airflow/.local/lib/python3.7/site-packages/airflow/example_dags/tutorial_taskflow_api.py
[2025-02-01T02:46:19.785+0000] {logging_mixin.py:137} INFO - [2025-02-01T02:46:19.784+0000] {dag.py:2690} INFO - Sync 1 DAGs
[2025-02-01T02:46:19.955+0000] {logging_mixin.py:137} INFO - [2025-02-01T02:46:19.955+0000] {dag.py:3441} INFO - Setting next_dagrun for tutorial_taskflow_api to None, run_after=None
[2025-02-01T02:46:20.060+0000] {processor.py:175} INFO - Processing /home/airflow/.local/lib/python3.7/site-packages/airflow/example_dags/tutorial_taskflow_api.py took 0.601 seconds
[2025-02-01T02:46:50.292+0000] {processor.py:153} INFO - Started process (PID=777) to work on /home/airflow/.local/lib/python3.7/site-packages/airflow/example_dags/tutorial_taskflow_api.py
[2025-02-01T02:46:50.294+0000] {processor.py:743} INFO - Processing file /home/airflow/.local/lib/python3.7/site-packages/airflow/example_dags/tutorial_taskflow_api.py for tasks to queue
[2025-02-01T02:46:50.296+0000] {logging_mixin.py:137} INFO - [2025-02-01T02:46:50.295+0000] {dagbag.py:538} INFO - Filling up the DagBag from /home/airflow/.local/lib/python3.7/site-packages/airflow/example_dags/tutorial_taskflow_api.py
[2025-02-01T02:46:50.349+0000] {processor.py:753} INFO - DAG(s) dict_keys(['tutorial_taskflow_api']) retrieved from /home/airflow/.local/lib/python3.7/site-packages/airflow/example_dags/tutorial_taskflow_api.py
[2025-02-01T02:46:50.430+0000] {logging_mixin.py:137} INFO - [2025-02-01T02:46:50.430+0000] {dag.py:2690} INFO - Sync 1 DAGs
[2025-02-01T02:46:50.493+0000] {logging_mixin.py:137} INFO - [2025-02-01T02:46:50.493+0000] {dag.py:3441} INFO - Setting next_dagrun for tutorial_taskflow_api to None, run_after=None
[2025-02-01T02:46:50.542+0000] {processor.py:175} INFO - Processing /home/airflow/.local/lib/python3.7/site-packages/airflow/example_dags/tutorial_taskflow_api.py took 0.257 seconds
[2025-02-01T02:47:20.647+0000] {processor.py:153} INFO - Started process (PID=836) to work on /home/airflow/.local/lib/python3.7/site-packages/airflow/example_dags/tutorial_taskflow_api.py
[2025-02-01T02:47:20.651+0000] {processor.py:743} INFO - Processing file /home/airflow/.local/lib/python3.7/site-packages/airflow/example_dags/tutorial_taskflow_api.py for tasks to queue
[2025-02-01T02:47:20.653+0000] {logging_mixin.py:137} INFO - [2025-02-01T02:47:20.652+0000] {dagbag.py:538} INFO - Filling up the DagBag from /home/airflow/.local/lib/python3.7/site-packages/airflow/example_dags/tutorial_taskflow_api.py
[2025-02-01T02:47:20.752+0000] {processor.py:753} INFO - DAG(s) dict_keys(['tutorial_taskflow_api']) retrieved from /home/airflow/.local/lib/python3.7/site-packages/airflow/example_dags/tutorial_taskflow_api.py
[2025-02-01T02:47:20.866+0000] {logging_mixin.py:137} INFO - [2025-02-01T02:47:20.865+0000] {dag.py:2690} INFO - Sync 1 DAGs
[2025-02-01T02:47:20.981+0000] {logging_mixin.py:137} INFO - [2025-02-01T02:47:20.981+0000] {dag.py:3441} INFO - Setting next_dagrun for tutorial_taskflow_api to None, run_after=None
[2025-02-01T02:47:21.053+0000] {processor.py:175} INFO - Processing /home/airflow/.local/lib/python3.7/site-packages/airflow/example_dags/tutorial_taskflow_api.py took 0.421 seconds
[2025-02-01T02:47:52.515+0000] {processor.py:153} INFO - Started process (PID=894) to work on /home/airflow/.local/lib/python3.7/site-packages/airflow/example_dags/tutorial_taskflow_api.py
[2025-02-01T02:47:52.516+0000] {processor.py:743} INFO - Processing file /home/airflow/.local/lib/python3.7/site-packages/airflow/example_dags/tutorial_taskflow_api.py for tasks to queue
[2025-02-01T02:47:52.521+0000] {logging_mixin.py:137} INFO - [2025-02-01T02:47:52.519+0000] {dagbag.py:538} INFO - Filling up the DagBag from /home/airflow/.local/lib/python3.7/site-packages/airflow/example_dags/tutorial_taskflow_api.py
[2025-02-01T02:47:52.572+0000] {processor.py:753} INFO - DAG(s) dict_keys(['tutorial_taskflow_api']) retrieved from /home/airflow/.local/lib/python3.7/site-packages/airflow/example_dags/tutorial_taskflow_api.py
[2025-02-01T02:47:52.631+0000] {logging_mixin.py:137} INFO - [2025-02-01T02:47:52.631+0000] {dag.py:2690} INFO - Sync 1 DAGs
[2025-02-01T02:47:52.698+0000] {logging_mixin.py:137} INFO - [2025-02-01T02:47:52.698+0000] {dag.py:3441} INFO - Setting next_dagrun for tutorial_taskflow_api to None, run_after=None
[2025-02-01T02:47:52.773+0000] {processor.py:175} INFO - Processing /home/airflow/.local/lib/python3.7/site-packages/airflow/example_dags/tutorial_taskflow_api.py took 0.266 seconds
[2025-02-01T02:48:23.261+0000] {processor.py:153} INFO - Started process (PID=951) to work on /home/airflow/.local/lib/python3.7/site-packages/airflow/example_dags/tutorial_taskflow_api.py
[2025-02-01T02:48:23.265+0000] {processor.py:743} INFO - Processing file /home/airflow/.local/lib/python3.7/site-packages/airflow/example_dags/tutorial_taskflow_api.py for tasks to queue
[2025-02-01T02:48:23.268+0000] {logging_mixin.py:137} INFO - [2025-02-01T02:48:23.268+0000] {dagbag.py:538} INFO - Filling up the DagBag from /home/airflow/.local/lib/python3.7/site-packages/airflow/example_dags/tutorial_taskflow_api.py
[2025-02-01T02:48:23.474+0000] {processor.py:753} INFO - DAG(s) dict_keys(['tutorial_taskflow_api']) retrieved from /home/airflow/.local/lib/python3.7/site-packages/airflow/example_dags/tutorial_taskflow_api.py
[2025-02-01T02:48:23.704+0000] {logging_mixin.py:137} INFO - [2025-02-01T02:48:23.703+0000] {dag.py:2690} INFO - Sync 1 DAGs
[2025-02-01T02:48:23.976+0000] {logging_mixin.py:137} INFO - [2025-02-01T02:48:23.976+0000] {dag.py:3441} INFO - Setting next_dagrun for tutorial_taskflow_api to None, run_after=None
[2025-02-01T02:48:24.148+0000] {processor.py:175} INFO - Processing /home/airflow/.local/lib/python3.7/site-packages/airflow/example_dags/tutorial_taskflow_api.py took 0.913 seconds
[2025-02-01T02:48:54.450+0000] {processor.py:153} INFO - Started process (PID=1005) to work on /home/airflow/.local/lib/python3.7/site-packages/airflow/example_dags/tutorial_taskflow_api.py
[2025-02-01T02:48:54.460+0000] {processor.py:743} INFO - Processing file /home/airflow/.local/lib/python3.7/site-packages/airflow/example_dags/tutorial_taskflow_api.py for tasks to queue
[2025-02-01T02:48:54.462+0000] {logging_mixin.py:137} INFO - [2025-02-01T02:48:54.461+0000] {dagbag.py:538} INFO - Filling up the DagBag from /home/airflow/.local/lib/python3.7/site-packages/airflow/example_dags/tutorial_taskflow_api.py
[2025-02-01T02:48:54.600+0000] {processor.py:753} INFO - DAG(s) dict_keys(['tutorial_taskflow_api']) retrieved from /home/airflow/.local/lib/python3.7/site-packages/airflow/example_dags/tutorial_taskflow_api.py
[2025-02-01T02:48:54.732+0000] {logging_mixin.py:137} INFO - [2025-02-01T02:48:54.732+0000] {dag.py:2690} INFO - Sync 1 DAGs
[2025-02-01T02:48:54.800+0000] {logging_mixin.py:137} INFO - [2025-02-01T02:48:54.797+0000] {dag.py:3441} INFO - Setting next_dagrun for tutorial_taskflow_api to None, run_after=None
[2025-02-01T02:48:54.891+0000] {processor.py:175} INFO - Processing /home/airflow/.local/lib/python3.7/site-packages/airflow/example_dags/tutorial_taskflow_api.py took 0.462 seconds
[2025-02-01T02:49:25.663+0000] {processor.py:153} INFO - Started process (PID=1064) to work on /home/airflow/.local/lib/python3.7/site-packages/airflow/example_dags/tutorial_taskflow_api.py
[2025-02-01T02:49:25.668+0000] {processor.py:743} INFO - Processing file /home/airflow/.local/lib/python3.7/site-packages/airflow/example_dags/tutorial_taskflow_api.py for tasks to queue
[2025-02-01T02:49:25.674+0000] {logging_mixin.py:137} INFO - [2025-02-01T02:49:25.673+0000] {dagbag.py:538} INFO - Filling up the DagBag from /home/airflow/.local/lib/python3.7/site-packages/airflow/example_dags/tutorial_taskflow_api.py
[2025-02-01T02:49:25.774+0000] {processor.py:753} INFO - DAG(s) dict_keys(['tutorial_taskflow_api']) retrieved from /home/airflow/.local/lib/python3.7/site-packages/airflow/example_dags/tutorial_taskflow_api.py
[2025-02-01T02:49:25.844+0000] {logging_mixin.py:137} INFO - [2025-02-01T02:49:25.844+0000] {dag.py:2690} INFO - Sync 1 DAGs
[2025-02-01T02:49:25.908+0000] {logging_mixin.py:137} INFO - [2025-02-01T02:49:25.907+0000] {dag.py:3441} INFO - Setting next_dagrun for tutorial_taskflow_api to None, run_after=None
[2025-02-01T02:49:25.960+0000] {processor.py:175} INFO - Processing /home/airflow/.local/lib/python3.7/site-packages/airflow/example_dags/tutorial_taskflow_api.py took 0.355 seconds
[2025-02-01T02:49:56.233+0000] {processor.py:153} INFO - Started process (PID=1121) to work on /home/airflow/.local/lib/python3.7/site-packages/airflow/example_dags/tutorial_taskflow_api.py
[2025-02-01T02:49:56.236+0000] {processor.py:743} INFO - Processing file /home/airflow/.local/lib/python3.7/site-packages/airflow/example_dags/tutorial_taskflow_api.py for tasks to queue
[2025-02-01T02:49:56.238+0000] {logging_mixin.py:137} INFO - [2025-02-01T02:49:56.238+0000] {dagbag.py:538} INFO - Filling up the DagBag from /home/airflow/.local/lib/python3.7/site-packages/airflow/example_dags/tutorial_taskflow_api.py
[2025-02-01T02:49:56.358+0000] {processor.py:753} INFO - DAG(s) dict_keys(['tutorial_taskflow_api']) retrieved from /home/airflow/.local/lib/python3.7/site-packages/airflow/example_dags/tutorial_taskflow_api.py
[2025-02-01T02:49:56.482+0000] {logging_mixin.py:137} INFO - [2025-02-01T02:49:56.481+0000] {dag.py:2690} INFO - Sync 1 DAGs
[2025-02-01T02:49:56.762+0000] {logging_mixin.py:137} INFO - [2025-02-01T02:49:56.762+0000] {dag.py:3441} INFO - Setting next_dagrun for tutorial_taskflow_api to None, run_after=None
[2025-02-01T02:49:56.907+0000] {processor.py:175} INFO - Processing /home/airflow/.local/lib/python3.7/site-packages/airflow/example_dags/tutorial_taskflow_api.py took 0.698 seconds
[2025-02-01T02:50:27.952+0000] {processor.py:153} INFO - Started process (PID=1181) to work on /home/airflow/.local/lib/python3.7/site-packages/airflow/example_dags/tutorial_taskflow_api.py
[2025-02-01T02:50:27.957+0000] {processor.py:743} INFO - Processing file /home/airflow/.local/lib/python3.7/site-packages/airflow/example_dags/tutorial_taskflow_api.py for tasks to queue
[2025-02-01T02:50:27.963+0000] {logging_mixin.py:137} INFO - [2025-02-01T02:50:27.962+0000] {dagbag.py:538} INFO - Filling up the DagBag from /home/airflow/.local/lib/python3.7/site-packages/airflow/example_dags/tutorial_taskflow_api.py
[2025-02-01T02:50:28.122+0000] {processor.py:753} INFO - DAG(s) dict_keys(['tutorial_taskflow_api']) retrieved from /home/airflow/.local/lib/python3.7/site-packages/airflow/example_dags/tutorial_taskflow_api.py
[2025-02-01T02:50:28.253+0000] {logging_mixin.py:137} INFO - [2025-02-01T02:50:28.250+0000] {dag.py:2690} INFO - Sync 1 DAGs
[2025-02-01T02:50:28.429+0000] {logging_mixin.py:137} INFO - [2025-02-01T02:50:28.427+0000] {dag.py:3441} INFO - Setting next_dagrun for tutorial_taskflow_api to None, run_after=None
[2025-02-01T02:50:28.561+0000] {processor.py:175} INFO - Processing /home/airflow/.local/lib/python3.7/site-packages/airflow/example_dags/tutorial_taskflow_api.py took 0.633 seconds
[2025-02-01T02:50:59.287+0000] {processor.py:153} INFO - Started process (PID=1230) to work on /home/airflow/.local/lib/python3.7/site-packages/airflow/example_dags/tutorial_taskflow_api.py
[2025-02-01T02:50:59.289+0000] {processor.py:743} INFO - Processing file /home/airflow/.local/lib/python3.7/site-packages/airflow/example_dags/tutorial_taskflow_api.py for tasks to queue
[2025-02-01T02:50:59.290+0000] {logging_mixin.py:137} INFO - [2025-02-01T02:50:59.290+0000] {dagbag.py:538} INFO - Filling up the DagBag from /home/airflow/.local/lib/python3.7/site-packages/airflow/example_dags/tutorial_taskflow_api.py
[2025-02-01T02:50:59.354+0000] {processor.py:753} INFO - DAG(s) dict_keys(['tutorial_taskflow_api']) retrieved from /home/airflow/.local/lib/python3.7/site-packages/airflow/example_dags/tutorial_taskflow_api.py
[2025-02-01T02:50:59.412+0000] {logging_mixin.py:137} INFO - [2025-02-01T02:50:59.412+0000] {dag.py:2690} INFO - Sync 1 DAGs
[2025-02-01T02:50:59.474+0000] {logging_mixin.py:137} INFO - [2025-02-01T02:50:59.474+0000] {dag.py:3441} INFO - Setting next_dagrun for tutorial_taskflow_api to None, run_after=None
[2025-02-01T02:50:59.523+0000] {processor.py:175} INFO - Processing /home/airflow/.local/lib/python3.7/site-packages/airflow/example_dags/tutorial_taskflow_api.py took 0.243 seconds
[2025-02-01T02:51:29.900+0000] {processor.py:153} INFO - Started process (PID=1288) to work on /home/airflow/.local/lib/python3.7/site-packages/airflow/example_dags/tutorial_taskflow_api.py
[2025-02-01T02:51:29.908+0000] {processor.py:743} INFO - Processing file /home/airflow/.local/lib/python3.7/site-packages/airflow/example_dags/tutorial_taskflow_api.py for tasks to queue
[2025-02-01T02:51:29.909+0000] {logging_mixin.py:137} INFO - [2025-02-01T02:51:29.909+0000] {dagbag.py:538} INFO - Filling up the DagBag from /home/airflow/.local/lib/python3.7/site-packages/airflow/example_dags/tutorial_taskflow_api.py
[2025-02-01T02:51:29.959+0000] {processor.py:753} INFO - DAG(s) dict_keys(['tutorial_taskflow_api']) retrieved from /home/airflow/.local/lib/python3.7/site-packages/airflow/example_dags/tutorial_taskflow_api.py
[2025-02-01T02:51:30.052+0000] {logging_mixin.py:137} INFO - [2025-02-01T02:51:30.051+0000] {dag.py:2690} INFO - Sync 1 DAGs
[2025-02-01T02:51:30.188+0000] {logging_mixin.py:137} INFO - [2025-02-01T02:51:30.188+0000] {dag.py:3441} INFO - Setting next_dagrun for tutorial_taskflow_api to None, run_after=None
[2025-02-01T02:51:30.265+0000] {processor.py:175} INFO - Processing /home/airflow/.local/lib/python3.7/site-packages/airflow/example_dags/tutorial_taskflow_api.py took 0.405 seconds
[2025-02-01T02:52:01.052+0000] {processor.py:153} INFO - Started process (PID=1346) to work on /home/airflow/.local/lib/python3.7/site-packages/airflow/example_dags/tutorial_taskflow_api.py
[2025-02-01T02:52:01.058+0000] {processor.py:743} INFO - Processing file /home/airflow/.local/lib/python3.7/site-packages/airflow/example_dags/tutorial_taskflow_api.py for tasks to queue
[2025-02-01T02:52:01.063+0000] {logging_mixin.py:137} INFO - [2025-02-01T02:52:01.060+0000] {dagbag.py:538} INFO - Filling up the DagBag from /home/airflow/.local/lib/python3.7/site-packages/airflow/example_dags/tutorial_taskflow_api.py
[2025-02-01T02:52:01.213+0000] {processor.py:753} INFO - DAG(s) dict_keys(['tutorial_taskflow_api']) retrieved from /home/airflow/.local/lib/python3.7/site-packages/airflow/example_dags/tutorial_taskflow_api.py
[2025-02-01T02:52:01.316+0000] {logging_mixin.py:137} INFO - [2025-02-01T02:52:01.315+0000] {dag.py:2690} INFO - Sync 1 DAGs
[2025-02-01T02:52:01.563+0000] {logging_mixin.py:137} INFO - [2025-02-01T02:52:01.560+0000] {dag.py:3441} INFO - Setting next_dagrun for tutorial_taskflow_api to None, run_after=None
[2025-02-01T02:52:01.683+0000] {processor.py:175} INFO - Processing /home/airflow/.local/lib/python3.7/site-packages/airflow/example_dags/tutorial_taskflow_api.py took 0.649 seconds
[2025-02-01T02:52:31.911+0000] {processor.py:153} INFO - Started process (PID=1404) to work on /home/airflow/.local/lib/python3.7/site-packages/airflow/example_dags/tutorial_taskflow_api.py
[2025-02-01T02:52:31.913+0000] {processor.py:743} INFO - Processing file /home/airflow/.local/lib/python3.7/site-packages/airflow/example_dags/tutorial_taskflow_api.py for tasks to queue
[2025-02-01T02:52:31.916+0000] {logging_mixin.py:137} INFO - [2025-02-01T02:52:31.916+0000] {dagbag.py:538} INFO - Filling up the DagBag from /home/airflow/.local/lib/python3.7/site-packages/airflow/example_dags/tutorial_taskflow_api.py
[2025-02-01T02:52:32.017+0000] {processor.py:753} INFO - DAG(s) dict_keys(['tutorial_taskflow_api']) retrieved from /home/airflow/.local/lib/python3.7/site-packages/airflow/example_dags/tutorial_taskflow_api.py
[2025-02-01T02:52:32.076+0000] {logging_mixin.py:137} INFO - [2025-02-01T02:52:32.076+0000] {dag.py:2690} INFO - Sync 1 DAGs
[2025-02-01T02:52:32.173+0000] {logging_mixin.py:137} INFO - [2025-02-01T02:52:32.171+0000] {dag.py:3441} INFO - Setting next_dagrun for tutorial_taskflow_api to None, run_after=None
[2025-02-01T02:52:32.252+0000] {processor.py:175} INFO - Processing /home/airflow/.local/lib/python3.7/site-packages/airflow/example_dags/tutorial_taskflow_api.py took 0.358 seconds
[2025-02-01T02:53:04.247+0000] {processor.py:153} INFO - Started process (PID=1461) to work on /home/airflow/.local/lib/python3.7/site-packages/airflow/example_dags/tutorial_taskflow_api.py
[2025-02-01T02:53:04.254+0000] {processor.py:743} INFO - Processing file /home/airflow/.local/lib/python3.7/site-packages/airflow/example_dags/tutorial_taskflow_api.py for tasks to queue
[2025-02-01T02:53:04.258+0000] {logging_mixin.py:137} INFO - [2025-02-01T02:53:04.256+0000] {dagbag.py:538} INFO - Filling up the DagBag from /home/airflow/.local/lib/python3.7/site-packages/airflow/example_dags/tutorial_taskflow_api.py
[2025-02-01T02:53:04.420+0000] {processor.py:753} INFO - DAG(s) dict_keys(['tutorial_taskflow_api']) retrieved from /home/airflow/.local/lib/python3.7/site-packages/airflow/example_dags/tutorial_taskflow_api.py
[2025-02-01T02:53:04.647+0000] {logging_mixin.py:137} INFO - [2025-02-01T02:53:04.647+0000] {dag.py:2690} INFO - Sync 1 DAGs
[2025-02-01T02:53:04.841+0000] {logging_mixin.py:137} INFO - [2025-02-01T02:53:04.841+0000] {dag.py:3441} INFO - Setting next_dagrun for tutorial_taskflow_api to None, run_after=None
[2025-02-01T02:53:05.021+0000] {processor.py:175} INFO - Processing /home/airflow/.local/lib/python3.7/site-packages/airflow/example_dags/tutorial_taskflow_api.py took 0.804 seconds
[2025-02-01T02:53:35.188+0000] {processor.py:153} INFO - Started process (PID=1513) to work on /home/airflow/.local/lib/python3.7/site-packages/airflow/example_dags/tutorial_taskflow_api.py
[2025-02-01T02:53:35.192+0000] {processor.py:743} INFO - Processing file /home/airflow/.local/lib/python3.7/site-packages/airflow/example_dags/tutorial_taskflow_api.py for tasks to queue
[2025-02-01T02:53:35.195+0000] {logging_mixin.py:137} INFO - [2025-02-01T02:53:35.195+0000] {dagbag.py:538} INFO - Filling up the DagBag from /home/airflow/.local/lib/python3.7/site-packages/airflow/example_dags/tutorial_taskflow_api.py
[2025-02-01T02:53:35.328+0000] {processor.py:753} INFO - DAG(s) dict_keys(['tutorial_taskflow_api']) retrieved from /home/airflow/.local/lib/python3.7/site-packages/airflow/example_dags/tutorial_taskflow_api.py
[2025-02-01T02:53:35.516+0000] {logging_mixin.py:137} INFO - [2025-02-01T02:53:35.515+0000] {dag.py:2690} INFO - Sync 1 DAGs
[2025-02-01T02:53:35.666+0000] {logging_mixin.py:137} INFO - [2025-02-01T02:53:35.665+0000] {dag.py:3441} INFO - Setting next_dagrun for tutorial_taskflow_api to None, run_after=None
[2025-02-01T02:53:35.780+0000] {processor.py:175} INFO - Processing /home/airflow/.local/lib/python3.7/site-packages/airflow/example_dags/tutorial_taskflow_api.py took 0.612 seconds
[2025-02-01T02:54:05.889+0000] {processor.py:153} INFO - Started process (PID=1572) to work on /home/airflow/.local/lib/python3.7/site-packages/airflow/example_dags/tutorial_taskflow_api.py
[2025-02-01T02:54:05.892+0000] {processor.py:743} INFO - Processing file /home/airflow/.local/lib/python3.7/site-packages/airflow/example_dags/tutorial_taskflow_api.py for tasks to queue
[2025-02-01T02:54:05.897+0000] {logging_mixin.py:137} INFO - [2025-02-01T02:54:05.897+0000] {dagbag.py:538} INFO - Filling up the DagBag from /home/airflow/.local/lib/python3.7/site-packages/airflow/example_dags/tutorial_taskflow_api.py
[2025-02-01T02:54:05.961+0000] {processor.py:753} INFO - DAG(s) dict_keys(['tutorial_taskflow_api']) retrieved from /home/airflow/.local/lib/python3.7/site-packages/airflow/example_dags/tutorial_taskflow_api.py
[2025-02-01T02:54:06.018+0000] {logging_mixin.py:137} INFO - [2025-02-01T02:54:06.017+0000] {dag.py:2690} INFO - Sync 1 DAGs
[2025-02-01T02:54:06.080+0000] {logging_mixin.py:137} INFO - [2025-02-01T02:54:06.080+0000] {dag.py:3441} INFO - Setting next_dagrun for tutorial_taskflow_api to None, run_after=None
[2025-02-01T02:54:06.128+0000] {processor.py:175} INFO - Processing /home/airflow/.local/lib/python3.7/site-packages/airflow/example_dags/tutorial_taskflow_api.py took 0.247 seconds
[2025-02-01T02:54:36.237+0000] {processor.py:153} INFO - Started process (PID=1631) to work on /home/airflow/.local/lib/python3.7/site-packages/airflow/example_dags/tutorial_taskflow_api.py
[2025-02-01T02:54:36.239+0000] {processor.py:743} INFO - Processing file /home/airflow/.local/lib/python3.7/site-packages/airflow/example_dags/tutorial_taskflow_api.py for tasks to queue
[2025-02-01T02:54:36.240+0000] {logging_mixin.py:137} INFO - [2025-02-01T02:54:36.240+0000] {dagbag.py:538} INFO - Filling up the DagBag from /home/airflow/.local/lib/python3.7/site-packages/airflow/example_dags/tutorial_taskflow_api.py
[2025-02-01T02:54:36.309+0000] {processor.py:753} INFO - DAG(s) dict_keys(['tutorial_taskflow_api']) retrieved from /home/airflow/.local/lib/python3.7/site-packages/airflow/example_dags/tutorial_taskflow_api.py
[2025-02-01T02:54:36.370+0000] {logging_mixin.py:137} INFO - [2025-02-01T02:54:36.370+0000] {dag.py:2690} INFO - Sync 1 DAGs
[2025-02-01T02:54:36.432+0000] {logging_mixin.py:137} INFO - [2025-02-01T02:54:36.432+0000] {dag.py:3441} INFO - Setting next_dagrun for tutorial_taskflow_api to None, run_after=None
[2025-02-01T02:54:36.476+0000] {processor.py:175} INFO - Processing /home/airflow/.local/lib/python3.7/site-packages/airflow/example_dags/tutorial_taskflow_api.py took 0.251 seconds
[2025-02-01T02:55:07.213+0000] {processor.py:153} INFO - Started process (PID=1689) to work on /home/airflow/.local/lib/python3.7/site-packages/airflow/example_dags/tutorial_taskflow_api.py
[2025-02-01T02:55:07.243+0000] {processor.py:743} INFO - Processing file /home/airflow/.local/lib/python3.7/site-packages/airflow/example_dags/tutorial_taskflow_api.py for tasks to queue
[2025-02-01T02:55:07.247+0000] {logging_mixin.py:137} INFO - [2025-02-01T02:55:07.245+0000] {dagbag.py:538} INFO - Filling up the DagBag from /home/airflow/.local/lib/python3.7/site-packages/airflow/example_dags/tutorial_taskflow_api.py
[2025-02-01T02:55:07.443+0000] {processor.py:753} INFO - DAG(s) dict_keys(['tutorial_taskflow_api']) retrieved from /home/airflow/.local/lib/python3.7/site-packages/airflow/example_dags/tutorial_taskflow_api.py
[2025-02-01T02:55:07.617+0000] {logging_mixin.py:137} INFO - [2025-02-01T02:55:07.617+0000] {dag.py:2690} INFO - Sync 1 DAGs
[2025-02-01T02:55:07.721+0000] {logging_mixin.py:137} INFO - [2025-02-01T02:55:07.721+0000] {dag.py:3441} INFO - Setting next_dagrun for tutorial_taskflow_api to None, run_after=None
[2025-02-01T02:55:07.823+0000] {processor.py:175} INFO - Processing /home/airflow/.local/lib/python3.7/site-packages/airflow/example_dags/tutorial_taskflow_api.py took 0.617 seconds
[2025-02-01T02:55:38.348+0000] {processor.py:153} INFO - Started process (PID=1746) to work on /home/airflow/.local/lib/python3.7/site-packages/airflow/example_dags/tutorial_taskflow_api.py
[2025-02-01T02:55:38.351+0000] {processor.py:743} INFO - Processing file /home/airflow/.local/lib/python3.7/site-packages/airflow/example_dags/tutorial_taskflow_api.py for tasks to queue
[2025-02-01T02:55:38.355+0000] {logging_mixin.py:137} INFO - [2025-02-01T02:55:38.353+0000] {dagbag.py:538} INFO - Filling up the DagBag from /home/airflow/.local/lib/python3.7/site-packages/airflow/example_dags/tutorial_taskflow_api.py
[2025-02-01T02:55:38.479+0000] {processor.py:753} INFO - DAG(s) dict_keys(['tutorial_taskflow_api']) retrieved from /home/airflow/.local/lib/python3.7/site-packages/airflow/example_dags/tutorial_taskflow_api.py
[2025-02-01T02:55:38.658+0000] {logging_mixin.py:137} INFO - [2025-02-01T02:55:38.658+0000] {dag.py:2690} INFO - Sync 1 DAGs
[2025-02-01T02:55:38.805+0000] {logging_mixin.py:137} INFO - [2025-02-01T02:55:38.804+0000] {dag.py:3441} INFO - Setting next_dagrun for tutorial_taskflow_api to None, run_after=None
[2025-02-01T02:55:38.883+0000] {processor.py:175} INFO - Processing /home/airflow/.local/lib/python3.7/site-packages/airflow/example_dags/tutorial_taskflow_api.py took 0.550 seconds
[2025-02-01T02:56:09.270+0000] {processor.py:153} INFO - Started process (PID=1798) to work on /home/airflow/.local/lib/python3.7/site-packages/airflow/example_dags/tutorial_taskflow_api.py
[2025-02-01T02:56:09.272+0000] {processor.py:743} INFO - Processing file /home/airflow/.local/lib/python3.7/site-packages/airflow/example_dags/tutorial_taskflow_api.py for tasks to queue
[2025-02-01T02:56:09.274+0000] {logging_mixin.py:137} INFO - [2025-02-01T02:56:09.273+0000] {dagbag.py:538} INFO - Filling up the DagBag from /home/airflow/.local/lib/python3.7/site-packages/airflow/example_dags/tutorial_taskflow_api.py
[2025-02-01T02:56:09.324+0000] {processor.py:753} INFO - DAG(s) dict_keys(['tutorial_taskflow_api']) retrieved from /home/airflow/.local/lib/python3.7/site-packages/airflow/example_dags/tutorial_taskflow_api.py
[2025-02-01T02:56:09.389+0000] {logging_mixin.py:137} INFO - [2025-02-01T02:56:09.388+0000] {dag.py:2690} INFO - Sync 1 DAGs
[2025-02-01T02:56:09.451+0000] {logging_mixin.py:137} INFO - [2025-02-01T02:56:09.451+0000] {dag.py:3441} INFO - Setting next_dagrun for tutorial_taskflow_api to None, run_after=None
[2025-02-01T02:56:09.496+0000] {processor.py:175} INFO - Processing /home/airflow/.local/lib/python3.7/site-packages/airflow/example_dags/tutorial_taskflow_api.py took 0.233 seconds
[2025-02-01T02:56:39.904+0000] {processor.py:153} INFO - Started process (PID=1857) to work on /home/airflow/.local/lib/python3.7/site-packages/airflow/example_dags/tutorial_taskflow_api.py
[2025-02-01T02:56:39.905+0000] {processor.py:743} INFO - Processing file /home/airflow/.local/lib/python3.7/site-packages/airflow/example_dags/tutorial_taskflow_api.py for tasks to queue
[2025-02-01T02:56:39.907+0000] {logging_mixin.py:137} INFO - [2025-02-01T02:56:39.906+0000] {dagbag.py:538} INFO - Filling up the DagBag from /home/airflow/.local/lib/python3.7/site-packages/airflow/example_dags/tutorial_taskflow_api.py
[2025-02-01T02:56:39.958+0000] {processor.py:753} INFO - DAG(s) dict_keys(['tutorial_taskflow_api']) retrieved from /home/airflow/.local/lib/python3.7/site-packages/airflow/example_dags/tutorial_taskflow_api.py
[2025-02-01T02:56:40.017+0000] {logging_mixin.py:137} INFO - [2025-02-01T02:56:40.017+0000] {dag.py:2690} INFO - Sync 1 DAGs
[2025-02-01T02:56:40.087+0000] {logging_mixin.py:137} INFO - [2025-02-01T02:56:40.087+0000] {dag.py:3441} INFO - Setting next_dagrun for tutorial_taskflow_api to None, run_after=None
[2025-02-01T02:56:40.133+0000] {processor.py:175} INFO - Processing /home/airflow/.local/lib/python3.7/site-packages/airflow/example_dags/tutorial_taskflow_api.py took 0.236 seconds
[2025-02-01T02:57:11.314+0000] {processor.py:153} INFO - Started process (PID=1916) to work on /home/airflow/.local/lib/python3.7/site-packages/airflow/example_dags/tutorial_taskflow_api.py
[2025-02-01T02:57:11.317+0000] {processor.py:743} INFO - Processing file /home/airflow/.local/lib/python3.7/site-packages/airflow/example_dags/tutorial_taskflow_api.py for tasks to queue
[2025-02-01T02:57:11.321+0000] {logging_mixin.py:137} INFO - [2025-02-01T02:57:11.321+0000] {dagbag.py:538} INFO - Filling up the DagBag from /home/airflow/.local/lib/python3.7/site-packages/airflow/example_dags/tutorial_taskflow_api.py
[2025-02-01T02:57:11.478+0000] {processor.py:753} INFO - DAG(s) dict_keys(['tutorial_taskflow_api']) retrieved from /home/airflow/.local/lib/python3.7/site-packages/airflow/example_dags/tutorial_taskflow_api.py
[2025-02-01T02:57:11.647+0000] {logging_mixin.py:137} INFO - [2025-02-01T02:57:11.647+0000] {dag.py:2690} INFO - Sync 1 DAGs
[2025-02-01T02:57:11.830+0000] {logging_mixin.py:137} INFO - [2025-02-01T02:57:11.830+0000] {dag.py:3441} INFO - Setting next_dagrun for tutorial_taskflow_api to None, run_after=None
[2025-02-01T02:57:11.973+0000] {processor.py:175} INFO - Processing /home/airflow/.local/lib/python3.7/site-packages/airflow/example_dags/tutorial_taskflow_api.py took 0.688 seconds
[2025-02-01T02:57:42.771+0000] {processor.py:153} INFO - Started process (PID=1972) to work on /home/airflow/.local/lib/python3.7/site-packages/airflow/example_dags/tutorial_taskflow_api.py
[2025-02-01T02:57:42.777+0000] {processor.py:743} INFO - Processing file /home/airflow/.local/lib/python3.7/site-packages/airflow/example_dags/tutorial_taskflow_api.py for tasks to queue
[2025-02-01T02:57:42.783+0000] {logging_mixin.py:137} INFO - [2025-02-01T02:57:42.779+0000] {dagbag.py:538} INFO - Filling up the DagBag from /home/airflow/.local/lib/python3.7/site-packages/airflow/example_dags/tutorial_taskflow_api.py
[2025-02-01T02:57:42.936+0000] {processor.py:753} INFO - DAG(s) dict_keys(['tutorial_taskflow_api']) retrieved from /home/airflow/.local/lib/python3.7/site-packages/airflow/example_dags/tutorial_taskflow_api.py
[2025-02-01T02:57:43.065+0000] {logging_mixin.py:137} INFO - [2025-02-01T02:57:43.064+0000] {dag.py:2690} INFO - Sync 1 DAGs
[2025-02-01T02:57:43.233+0000] {logging_mixin.py:137} INFO - [2025-02-01T02:57:43.233+0000] {dag.py:3441} INFO - Setting next_dagrun for tutorial_taskflow_api to None, run_after=None
[2025-02-01T02:57:43.304+0000] {processor.py:175} INFO - Processing /home/airflow/.local/lib/python3.7/site-packages/airflow/example_dags/tutorial_taskflow_api.py took 0.572 seconds
[2025-02-01T02:58:13.446+0000] {processor.py:153} INFO - Started process (PID=2024) to work on /home/airflow/.local/lib/python3.7/site-packages/airflow/example_dags/tutorial_taskflow_api.py
[2025-02-01T02:58:13.448+0000] {processor.py:743} INFO - Processing file /home/airflow/.local/lib/python3.7/site-packages/airflow/example_dags/tutorial_taskflow_api.py for tasks to queue
[2025-02-01T02:58:13.450+0000] {logging_mixin.py:137} INFO - [2025-02-01T02:58:13.450+0000] {dagbag.py:538} INFO - Filling up the DagBag from /home/airflow/.local/lib/python3.7/site-packages/airflow/example_dags/tutorial_taskflow_api.py
[2025-02-01T02:58:13.501+0000] {processor.py:753} INFO - DAG(s) dict_keys(['tutorial_taskflow_api']) retrieved from /home/airflow/.local/lib/python3.7/site-packages/airflow/example_dags/tutorial_taskflow_api.py
[2025-02-01T02:58:13.556+0000] {logging_mixin.py:137} INFO - [2025-02-01T02:58:13.556+0000] {dag.py:2690} INFO - Sync 1 DAGs
[2025-02-01T02:58:13.621+0000] {logging_mixin.py:137} INFO - [2025-02-01T02:58:13.621+0000] {dag.py:3441} INFO - Setting next_dagrun for tutorial_taskflow_api to None, run_after=None
[2025-02-01T02:58:13.672+0000] {processor.py:175} INFO - Processing /home/airflow/.local/lib/python3.7/site-packages/airflow/example_dags/tutorial_taskflow_api.py took 0.233 seconds
[2025-02-01T02:58:45.611+0000] {processor.py:153} INFO - Started process (PID=2082) to work on /home/airflow/.local/lib/python3.7/site-packages/airflow/example_dags/tutorial_taskflow_api.py
[2025-02-01T02:58:45.614+0000] {processor.py:743} INFO - Processing file /home/airflow/.local/lib/python3.7/site-packages/airflow/example_dags/tutorial_taskflow_api.py for tasks to queue
[2025-02-01T02:58:45.618+0000] {logging_mixin.py:137} INFO - [2025-02-01T02:58:45.618+0000] {dagbag.py:538} INFO - Filling up the DagBag from /home/airflow/.local/lib/python3.7/site-packages/airflow/example_dags/tutorial_taskflow_api.py
[2025-02-01T02:58:45.753+0000] {processor.py:753} INFO - DAG(s) dict_keys(['tutorial_taskflow_api']) retrieved from /home/airflow/.local/lib/python3.7/site-packages/airflow/example_dags/tutorial_taskflow_api.py
[2025-02-01T02:58:45.861+0000] {logging_mixin.py:137} INFO - [2025-02-01T02:58:45.861+0000] {dag.py:2690} INFO - Sync 1 DAGs
[2025-02-01T02:58:45.970+0000] {logging_mixin.py:137} INFO - [2025-02-01T02:58:45.969+0000] {dag.py:3441} INFO - Setting next_dagrun for tutorial_taskflow_api to None, run_after=None
[2025-02-01T02:58:46.023+0000] {processor.py:175} INFO - Processing /home/airflow/.local/lib/python3.7/site-packages/airflow/example_dags/tutorial_taskflow_api.py took 0.428 seconds
[2025-02-01T02:59:16.631+0000] {processor.py:153} INFO - Started process (PID=2132) to work on /home/airflow/.local/lib/python3.7/site-packages/airflow/example_dags/tutorial_taskflow_api.py
[2025-02-01T02:59:16.637+0000] {processor.py:743} INFO - Processing file /home/airflow/.local/lib/python3.7/site-packages/airflow/example_dags/tutorial_taskflow_api.py for tasks to queue
[2025-02-01T02:59:16.647+0000] {logging_mixin.py:137} INFO - [2025-02-01T02:59:16.643+0000] {dagbag.py:538} INFO - Filling up the DagBag from /home/airflow/.local/lib/python3.7/site-packages/airflow/example_dags/tutorial_taskflow_api.py
[2025-02-01T02:59:16.850+0000] {processor.py:753} INFO - DAG(s) dict_keys(['tutorial_taskflow_api']) retrieved from /home/airflow/.local/lib/python3.7/site-packages/airflow/example_dags/tutorial_taskflow_api.py
[2025-02-01T02:59:17.151+0000] {logging_mixin.py:137} INFO - [2025-02-01T02:59:17.150+0000] {dag.py:2690} INFO - Sync 1 DAGs
[2025-02-01T02:59:17.449+0000] {logging_mixin.py:137} INFO - [2025-02-01T02:59:17.448+0000] {dag.py:3441} INFO - Setting next_dagrun for tutorial_taskflow_api to None, run_after=None
[2025-02-01T02:59:17.579+0000] {processor.py:175} INFO - Processing /home/airflow/.local/lib/python3.7/site-packages/airflow/example_dags/tutorial_taskflow_api.py took 0.987 seconds
[2025-02-01T02:59:47.858+0000] {processor.py:153} INFO - Started process (PID=2190) to work on /home/airflow/.local/lib/python3.7/site-packages/airflow/example_dags/tutorial_taskflow_api.py
[2025-02-01T02:59:47.862+0000] {processor.py:743} INFO - Processing file /home/airflow/.local/lib/python3.7/site-packages/airflow/example_dags/tutorial_taskflow_api.py for tasks to queue
[2025-02-01T02:59:47.866+0000] {logging_mixin.py:137} INFO - [2025-02-01T02:59:47.865+0000] {dagbag.py:538} INFO - Filling up the DagBag from /home/airflow/.local/lib/python3.7/site-packages/airflow/example_dags/tutorial_taskflow_api.py
[2025-02-01T02:59:47.967+0000] {processor.py:753} INFO - DAG(s) dict_keys(['tutorial_taskflow_api']) retrieved from /home/airflow/.local/lib/python3.7/site-packages/airflow/example_dags/tutorial_taskflow_api.py
[2025-02-01T02:59:48.025+0000] {logging_mixin.py:137} INFO - [2025-02-01T02:59:48.025+0000] {dag.py:2690} INFO - Sync 1 DAGs
[2025-02-01T02:59:48.093+0000] {logging_mixin.py:137} INFO - [2025-02-01T02:59:48.092+0000] {dag.py:3441} INFO - Setting next_dagrun for tutorial_taskflow_api to None, run_after=None
[2025-02-01T02:59:48.140+0000] {processor.py:175} INFO - Processing /home/airflow/.local/lib/python3.7/site-packages/airflow/example_dags/tutorial_taskflow_api.py took 0.297 seconds
[2025-02-01T03:00:18.637+0000] {processor.py:153} INFO - Started process (PID=2248) to work on /home/airflow/.local/lib/python3.7/site-packages/airflow/example_dags/tutorial_taskflow_api.py
[2025-02-01T03:00:18.641+0000] {processor.py:743} INFO - Processing file /home/airflow/.local/lib/python3.7/site-packages/airflow/example_dags/tutorial_taskflow_api.py for tasks to queue
[2025-02-01T03:00:18.644+0000] {logging_mixin.py:137} INFO - [2025-02-01T03:00:18.644+0000] {dagbag.py:538} INFO - Filling up the DagBag from /home/airflow/.local/lib/python3.7/site-packages/airflow/example_dags/tutorial_taskflow_api.py
[2025-02-01T03:00:18.891+0000] {processor.py:753} INFO - DAG(s) dict_keys(['tutorial_taskflow_api']) retrieved from /home/airflow/.local/lib/python3.7/site-packages/airflow/example_dags/tutorial_taskflow_api.py
[2025-02-01T03:00:19.064+0000] {logging_mixin.py:137} INFO - [2025-02-01T03:00:19.063+0000] {dag.py:2690} INFO - Sync 1 DAGs
[2025-02-01T03:00:19.460+0000] {logging_mixin.py:137} INFO - [2025-02-01T03:00:19.460+0000] {dag.py:3441} INFO - Setting next_dagrun for tutorial_taskflow_api to None, run_after=None
[2025-02-01T03:00:19.655+0000] {processor.py:175} INFO - Processing /home/airflow/.local/lib/python3.7/site-packages/airflow/example_dags/tutorial_taskflow_api.py took 1.035 seconds
[2025-02-01T03:00:49.995+0000] {processor.py:153} INFO - Started process (PID=2307) to work on /home/airflow/.local/lib/python3.7/site-packages/airflow/example_dags/tutorial_taskflow_api.py
[2025-02-01T03:00:49.997+0000] {processor.py:743} INFO - Processing file /home/airflow/.local/lib/python3.7/site-packages/airflow/example_dags/tutorial_taskflow_api.py for tasks to queue
[2025-02-01T03:00:49.999+0000] {logging_mixin.py:137} INFO - [2025-02-01T03:00:49.998+0000] {dagbag.py:538} INFO - Filling up the DagBag from /home/airflow/.local/lib/python3.7/site-packages/airflow/example_dags/tutorial_taskflow_api.py
[2025-02-01T03:00:50.059+0000] {processor.py:753} INFO - DAG(s) dict_keys(['tutorial_taskflow_api']) retrieved from /home/airflow/.local/lib/python3.7/site-packages/airflow/example_dags/tutorial_taskflow_api.py
[2025-02-01T03:00:50.119+0000] {logging_mixin.py:137} INFO - [2025-02-01T03:00:50.119+0000] {dag.py:2690} INFO - Sync 1 DAGs
[2025-02-01T03:00:50.181+0000] {logging_mixin.py:137} INFO - [2025-02-01T03:00:50.181+0000] {dag.py:3441} INFO - Setting next_dagrun for tutorial_taskflow_api to None, run_after=None
[2025-02-01T03:00:50.227+0000] {processor.py:175} INFO - Processing /home/airflow/.local/lib/python3.7/site-packages/airflow/example_dags/tutorial_taskflow_api.py took 0.239 seconds
[2025-02-01T03:01:20.450+0000] {processor.py:153} INFO - Started process (PID=2357) to work on /home/airflow/.local/lib/python3.7/site-packages/airflow/example_dags/tutorial_taskflow_api.py
[2025-02-01T03:01:20.453+0000] {processor.py:743} INFO - Processing file /home/airflow/.local/lib/python3.7/site-packages/airflow/example_dags/tutorial_taskflow_api.py for tasks to queue
[2025-02-01T03:01:20.459+0000] {logging_mixin.py:137} INFO - [2025-02-01T03:01:20.455+0000] {dagbag.py:538} INFO - Filling up the DagBag from /home/airflow/.local/lib/python3.7/site-packages/airflow/example_dags/tutorial_taskflow_api.py
[2025-02-01T03:01:20.607+0000] {processor.py:753} INFO - DAG(s) dict_keys(['tutorial_taskflow_api']) retrieved from /home/airflow/.local/lib/python3.7/site-packages/airflow/example_dags/tutorial_taskflow_api.py
[2025-02-01T03:01:20.678+0000] {logging_mixin.py:137} INFO - [2025-02-01T03:01:20.678+0000] {dag.py:2690} INFO - Sync 1 DAGs
[2025-02-01T03:01:20.739+0000] {logging_mixin.py:137} INFO - [2025-02-01T03:01:20.739+0000] {dag.py:3441} INFO - Setting next_dagrun for tutorial_taskflow_api to None, run_after=None
[2025-02-01T03:01:20.788+0000] {processor.py:175} INFO - Processing /home/airflow/.local/lib/python3.7/site-packages/airflow/example_dags/tutorial_taskflow_api.py took 0.364 seconds
[2025-02-01T03:01:51.490+0000] {processor.py:153} INFO - Started process (PID=2416) to work on /home/airflow/.local/lib/python3.7/site-packages/airflow/example_dags/tutorial_taskflow_api.py
[2025-02-01T03:01:51.494+0000] {processor.py:743} INFO - Processing file /home/airflow/.local/lib/python3.7/site-packages/airflow/example_dags/tutorial_taskflow_api.py for tasks to queue
[2025-02-01T03:01:51.497+0000] {logging_mixin.py:137} INFO - [2025-02-01T03:01:51.497+0000] {dagbag.py:538} INFO - Filling up the DagBag from /home/airflow/.local/lib/python3.7/site-packages/airflow/example_dags/tutorial_taskflow_api.py
[2025-02-01T03:01:51.602+0000] {processor.py:753} INFO - DAG(s) dict_keys(['tutorial_taskflow_api']) retrieved from /home/airflow/.local/lib/python3.7/site-packages/airflow/example_dags/tutorial_taskflow_api.py
[2025-02-01T03:01:51.698+0000] {logging_mixin.py:137} INFO - [2025-02-01T03:01:51.698+0000] {dag.py:2690} INFO - Sync 1 DAGs
[2025-02-01T03:01:51.818+0000] {logging_mixin.py:137} INFO - [2025-02-01T03:01:51.818+0000] {dag.py:3441} INFO - Setting next_dagrun for tutorial_taskflow_api to None, run_after=None
[2025-02-01T03:01:51.944+0000] {processor.py:175} INFO - Processing /home/airflow/.local/lib/python3.7/site-packages/airflow/example_dags/tutorial_taskflow_api.py took 0.470 seconds
[2025-02-01T03:02:23.017+0000] {processor.py:153} INFO - Started process (PID=2474) to work on /home/airflow/.local/lib/python3.7/site-packages/airflow/example_dags/tutorial_taskflow_api.py
[2025-02-01T03:02:23.019+0000] {processor.py:743} INFO - Processing file /home/airflow/.local/lib/python3.7/site-packages/airflow/example_dags/tutorial_taskflow_api.py for tasks to queue
[2025-02-01T03:02:23.021+0000] {logging_mixin.py:137} INFO - [2025-02-01T03:02:23.021+0000] {dagbag.py:538} INFO - Filling up the DagBag from /home/airflow/.local/lib/python3.7/site-packages/airflow/example_dags/tutorial_taskflow_api.py
[2025-02-01T03:02:23.142+0000] {processor.py:753} INFO - DAG(s) dict_keys(['tutorial_taskflow_api']) retrieved from /home/airflow/.local/lib/python3.7/site-packages/airflow/example_dags/tutorial_taskflow_api.py
[2025-02-01T03:02:23.252+0000] {logging_mixin.py:137} INFO - [2025-02-01T03:02:23.251+0000] {dag.py:2690} INFO - Sync 1 DAGs
[2025-02-01T03:02:23.353+0000] {logging_mixin.py:137} INFO - [2025-02-01T03:02:23.353+0000] {dag.py:3441} INFO - Setting next_dagrun for tutorial_taskflow_api to None, run_after=None
[2025-02-01T03:02:23.419+0000] {processor.py:175} INFO - Processing /home/airflow/.local/lib/python3.7/site-packages/airflow/example_dags/tutorial_taskflow_api.py took 0.418 seconds
[2025-02-01T03:02:54.754+0000] {processor.py:153} INFO - Started process (PID=2533) to work on /home/airflow/.local/lib/python3.7/site-packages/airflow/example_dags/tutorial_taskflow_api.py
[2025-02-01T03:02:54.762+0000] {processor.py:743} INFO - Processing file /home/airflow/.local/lib/python3.7/site-packages/airflow/example_dags/tutorial_taskflow_api.py for tasks to queue
[2025-02-01T03:02:54.766+0000] {logging_mixin.py:137} INFO - [2025-02-01T03:02:54.765+0000] {dagbag.py:538} INFO - Filling up the DagBag from /home/airflow/.local/lib/python3.7/site-packages/airflow/example_dags/tutorial_taskflow_api.py
[2025-02-01T03:02:54.910+0000] {processor.py:753} INFO - DAG(s) dict_keys(['tutorial_taskflow_api']) retrieved from /home/airflow/.local/lib/python3.7/site-packages/airflow/example_dags/tutorial_taskflow_api.py
[2025-02-01T03:02:54.972+0000] {logging_mixin.py:137} INFO - [2025-02-01T03:02:54.972+0000] {dag.py:2690} INFO - Sync 1 DAGs
[2025-02-01T03:02:55.097+0000] {logging_mixin.py:137} INFO - [2025-02-01T03:02:55.093+0000] {dag.py:3441} INFO - Setting next_dagrun for tutorial_taskflow_api to None, run_after=None
[2025-02-01T03:02:55.256+0000] {processor.py:175} INFO - Processing /home/airflow/.local/lib/python3.7/site-packages/airflow/example_dags/tutorial_taskflow_api.py took 0.526 seconds
[2025-02-01T03:03:26.211+0000] {processor.py:153} INFO - Started process (PID=2591) to work on /home/airflow/.local/lib/python3.7/site-packages/airflow/example_dags/tutorial_taskflow_api.py
[2025-02-01T03:03:26.212+0000] {processor.py:743} INFO - Processing file /home/airflow/.local/lib/python3.7/site-packages/airflow/example_dags/tutorial_taskflow_api.py for tasks to queue
[2025-02-01T03:03:26.216+0000] {logging_mixin.py:137} INFO - [2025-02-01T03:03:26.216+0000] {dagbag.py:538} INFO - Filling up the DagBag from /home/airflow/.local/lib/python3.7/site-packages/airflow/example_dags/tutorial_taskflow_api.py
[2025-02-01T03:03:26.318+0000] {processor.py:753} INFO - DAG(s) dict_keys(['tutorial_taskflow_api']) retrieved from /home/airflow/.local/lib/python3.7/site-packages/airflow/example_dags/tutorial_taskflow_api.py
[2025-02-01T03:03:26.429+0000] {logging_mixin.py:137} INFO - [2025-02-01T03:03:26.429+0000] {dag.py:2690} INFO - Sync 1 DAGs
[2025-02-01T03:03:26.573+0000] {logging_mixin.py:137} INFO - [2025-02-01T03:03:26.573+0000] {dag.py:3441} INFO - Setting next_dagrun for tutorial_taskflow_api to None, run_after=None
[2025-02-01T03:03:26.674+0000] {processor.py:175} INFO - Processing /home/airflow/.local/lib/python3.7/site-packages/airflow/example_dags/tutorial_taskflow_api.py took 0.478 seconds
[2025-02-01T03:03:57.019+0000] {processor.py:153} INFO - Started process (PID=2641) to work on /home/airflow/.local/lib/python3.7/site-packages/airflow/example_dags/tutorial_taskflow_api.py
[2025-02-01T03:03:57.023+0000] {processor.py:743} INFO - Processing file /home/airflow/.local/lib/python3.7/site-packages/airflow/example_dags/tutorial_taskflow_api.py for tasks to queue
[2025-02-01T03:03:57.026+0000] {logging_mixin.py:137} INFO - [2025-02-01T03:03:57.026+0000] {dagbag.py:538} INFO - Filling up the DagBag from /home/airflow/.local/lib/python3.7/site-packages/airflow/example_dags/tutorial_taskflow_api.py
[2025-02-01T03:03:57.125+0000] {processor.py:753} INFO - DAG(s) dict_keys(['tutorial_taskflow_api']) retrieved from /home/airflow/.local/lib/python3.7/site-packages/airflow/example_dags/tutorial_taskflow_api.py
[2025-02-01T03:03:57.238+0000] {logging_mixin.py:137} INFO - [2025-02-01T03:03:57.238+0000] {dag.py:2690} INFO - Sync 1 DAGs
[2025-02-01T03:03:57.358+0000] {logging_mixin.py:137} INFO - [2025-02-01T03:03:57.357+0000] {dag.py:3441} INFO - Setting next_dagrun for tutorial_taskflow_api to None, run_after=None
[2025-02-01T03:03:57.428+0000] {processor.py:175} INFO - Processing /home/airflow/.local/lib/python3.7/site-packages/airflow/example_dags/tutorial_taskflow_api.py took 0.421 seconds
[2025-02-01T03:04:28.928+0000] {processor.py:153} INFO - Started process (PID=2696) to work on /home/airflow/.local/lib/python3.7/site-packages/airflow/example_dags/tutorial_taskflow_api.py
[2025-02-01T03:04:28.936+0000] {processor.py:743} INFO - Processing file /home/airflow/.local/lib/python3.7/site-packages/airflow/example_dags/tutorial_taskflow_api.py for tasks to queue
[2025-02-01T03:04:28.939+0000] {logging_mixin.py:137} INFO - [2025-02-01T03:04:28.939+0000] {dagbag.py:538} INFO - Filling up the DagBag from /home/airflow/.local/lib/python3.7/site-packages/airflow/example_dags/tutorial_taskflow_api.py
[2025-02-01T03:04:29.169+0000] {processor.py:753} INFO - DAG(s) dict_keys(['tutorial_taskflow_api']) retrieved from /home/airflow/.local/lib/python3.7/site-packages/airflow/example_dags/tutorial_taskflow_api.py
[2025-02-01T03:04:29.433+0000] {logging_mixin.py:137} INFO - [2025-02-01T03:04:29.432+0000] {dag.py:2690} INFO - Sync 1 DAGs
[2025-02-01T03:04:29.736+0000] {logging_mixin.py:137} INFO - [2025-02-01T03:04:29.736+0000] {dag.py:3441} INFO - Setting next_dagrun for tutorial_taskflow_api to None, run_after=None
[2025-02-01T03:04:29.881+0000] {processor.py:175} INFO - Processing /home/airflow/.local/lib/python3.7/site-packages/airflow/example_dags/tutorial_taskflow_api.py took 0.976 seconds
[2025-02-01T03:05:00.562+0000] {processor.py:153} INFO - Started process (PID=2748) to work on /home/airflow/.local/lib/python3.7/site-packages/airflow/example_dags/tutorial_taskflow_api.py
[2025-02-01T03:05:00.569+0000] {processor.py:743} INFO - Processing file /home/airflow/.local/lib/python3.7/site-packages/airflow/example_dags/tutorial_taskflow_api.py for tasks to queue
[2025-02-01T03:05:00.578+0000] {logging_mixin.py:137} INFO - [2025-02-01T03:05:00.570+0000] {dagbag.py:538} INFO - Filling up the DagBag from /home/airflow/.local/lib/python3.7/site-packages/airflow/example_dags/tutorial_taskflow_api.py
[2025-02-01T03:05:00.803+0000] {processor.py:753} INFO - DAG(s) dict_keys(['tutorial_taskflow_api']) retrieved from /home/airflow/.local/lib/python3.7/site-packages/airflow/example_dags/tutorial_taskflow_api.py
[2025-02-01T03:05:00.934+0000] {logging_mixin.py:137} INFO - [2025-02-01T03:05:00.932+0000] {dag.py:2690} INFO - Sync 1 DAGs
[2025-02-01T03:05:01.090+0000] {logging_mixin.py:137} INFO - [2025-02-01T03:05:01.090+0000] {dag.py:3441} INFO - Setting next_dagrun for tutorial_taskflow_api to None, run_after=None
[2025-02-01T03:05:01.186+0000] {processor.py:175} INFO - Processing /home/airflow/.local/lib/python3.7/site-packages/airflow/example_dags/tutorial_taskflow_api.py took 0.654 seconds
[2025-02-01T03:05:31.533+0000] {processor.py:153} INFO - Started process (PID=2807) to work on /home/airflow/.local/lib/python3.7/site-packages/airflow/example_dags/tutorial_taskflow_api.py
[2025-02-01T03:05:31.535+0000] {processor.py:743} INFO - Processing file /home/airflow/.local/lib/python3.7/site-packages/airflow/example_dags/tutorial_taskflow_api.py for tasks to queue
[2025-02-01T03:05:31.536+0000] {logging_mixin.py:137} INFO - [2025-02-01T03:05:31.536+0000] {dagbag.py:538} INFO - Filling up the DagBag from /home/airflow/.local/lib/python3.7/site-packages/airflow/example_dags/tutorial_taskflow_api.py
[2025-02-01T03:05:31.592+0000] {processor.py:753} INFO - DAG(s) dict_keys(['tutorial_taskflow_api']) retrieved from /home/airflow/.local/lib/python3.7/site-packages/airflow/example_dags/tutorial_taskflow_api.py
[2025-02-01T03:05:31.655+0000] {logging_mixin.py:137} INFO - [2025-02-01T03:05:31.655+0000] {dag.py:2690} INFO - Sync 1 DAGs
[2025-02-01T03:05:31.724+0000] {logging_mixin.py:137} INFO - [2025-02-01T03:05:31.724+0000] {dag.py:3441} INFO - Setting next_dagrun for tutorial_taskflow_api to None, run_after=None
[2025-02-01T03:05:31.800+0000] {processor.py:175} INFO - Processing /home/airflow/.local/lib/python3.7/site-packages/airflow/example_dags/tutorial_taskflow_api.py took 0.275 seconds
[2025-02-01T03:06:02.016+0000] {processor.py:153} INFO - Started process (PID=2866) to work on /home/airflow/.local/lib/python3.7/site-packages/airflow/example_dags/tutorial_taskflow_api.py
[2025-02-01T03:06:02.020+0000] {processor.py:743} INFO - Processing file /home/airflow/.local/lib/python3.7/site-packages/airflow/example_dags/tutorial_taskflow_api.py for tasks to queue
[2025-02-01T03:06:02.021+0000] {logging_mixin.py:137} INFO - [2025-02-01T03:06:02.021+0000] {dagbag.py:538} INFO - Filling up the DagBag from /home/airflow/.local/lib/python3.7/site-packages/airflow/example_dags/tutorial_taskflow_api.py
[2025-02-01T03:06:02.120+0000] {processor.py:753} INFO - DAG(s) dict_keys(['tutorial_taskflow_api']) retrieved from /home/airflow/.local/lib/python3.7/site-packages/airflow/example_dags/tutorial_taskflow_api.py
[2025-02-01T03:06:02.263+0000] {logging_mixin.py:137} INFO - [2025-02-01T03:06:02.263+0000] {dag.py:2690} INFO - Sync 1 DAGs
[2025-02-01T03:06:02.363+0000] {logging_mixin.py:137} INFO - [2025-02-01T03:06:02.362+0000] {dag.py:3441} INFO - Setting next_dagrun for tutorial_taskflow_api to None, run_after=None
[2025-02-01T03:06:02.430+0000] {processor.py:175} INFO - Processing /home/airflow/.local/lib/python3.7/site-packages/airflow/example_dags/tutorial_taskflow_api.py took 0.430 seconds
[2025-02-01T03:06:32.987+0000] {processor.py:153} INFO - Started process (PID=2924) to work on /home/airflow/.local/lib/python3.7/site-packages/airflow/example_dags/tutorial_taskflow_api.py
[2025-02-01T03:06:32.991+0000] {processor.py:743} INFO - Processing file /home/airflow/.local/lib/python3.7/site-packages/airflow/example_dags/tutorial_taskflow_api.py for tasks to queue
[2025-02-01T03:06:32.995+0000] {logging_mixin.py:137} INFO - [2025-02-01T03:06:32.993+0000] {dagbag.py:538} INFO - Filling up the DagBag from /home/airflow/.local/lib/python3.7/site-packages/airflow/example_dags/tutorial_taskflow_api.py
[2025-02-01T03:06:33.095+0000] {processor.py:753} INFO - DAG(s) dict_keys(['tutorial_taskflow_api']) retrieved from /home/airflow/.local/lib/python3.7/site-packages/airflow/example_dags/tutorial_taskflow_api.py
[2025-02-01T03:06:33.219+0000] {logging_mixin.py:137} INFO - [2025-02-01T03:06:33.219+0000] {dag.py:2690} INFO - Sync 1 DAGs
[2025-02-01T03:06:33.362+0000] {logging_mixin.py:137} INFO - [2025-02-01T03:06:33.362+0000] {dag.py:3441} INFO - Setting next_dagrun for tutorial_taskflow_api to None, run_after=None
[2025-02-01T03:06:33.430+0000] {processor.py:175} INFO - Processing /home/airflow/.local/lib/python3.7/site-packages/airflow/example_dags/tutorial_taskflow_api.py took 0.452 seconds
[2025-02-01T03:07:03.887+0000] {processor.py:153} INFO - Started process (PID=2974) to work on /home/airflow/.local/lib/python3.7/site-packages/airflow/example_dags/tutorial_taskflow_api.py
[2025-02-01T03:07:03.889+0000] {processor.py:743} INFO - Processing file /home/airflow/.local/lib/python3.7/site-packages/airflow/example_dags/tutorial_taskflow_api.py for tasks to queue
[2025-02-01T03:07:03.890+0000] {logging_mixin.py:137} INFO - [2025-02-01T03:07:03.890+0000] {dagbag.py:538} INFO - Filling up the DagBag from /home/airflow/.local/lib/python3.7/site-packages/airflow/example_dags/tutorial_taskflow_api.py
[2025-02-01T03:07:03.941+0000] {processor.py:753} INFO - DAG(s) dict_keys(['tutorial_taskflow_api']) retrieved from /home/airflow/.local/lib/python3.7/site-packages/airflow/example_dags/tutorial_taskflow_api.py
[2025-02-01T03:07:04.038+0000] {logging_mixin.py:137} INFO - [2025-02-01T03:07:04.038+0000] {dag.py:2690} INFO - Sync 1 DAGs
[2025-02-01T03:07:04.119+0000] {logging_mixin.py:137} INFO - [2025-02-01T03:07:04.119+0000] {dag.py:3441} INFO - Setting next_dagrun for tutorial_taskflow_api to None, run_after=None
[2025-02-01T03:07:04.165+0000] {processor.py:175} INFO - Processing /home/airflow/.local/lib/python3.7/site-packages/airflow/example_dags/tutorial_taskflow_api.py took 0.285 seconds
[2025-02-01T03:07:34.949+0000] {processor.py:153} INFO - Started process (PID=3033) to work on /home/airflow/.local/lib/python3.7/site-packages/airflow/example_dags/tutorial_taskflow_api.py
[2025-02-01T03:07:34.956+0000] {processor.py:743} INFO - Processing file /home/airflow/.local/lib/python3.7/site-packages/airflow/example_dags/tutorial_taskflow_api.py for tasks to queue
[2025-02-01T03:07:34.963+0000] {logging_mixin.py:137} INFO - [2025-02-01T03:07:34.961+0000] {dagbag.py:538} INFO - Filling up the DagBag from /home/airflow/.local/lib/python3.7/site-packages/airflow/example_dags/tutorial_taskflow_api.py
[2025-02-01T03:07:35.096+0000] {processor.py:753} INFO - DAG(s) dict_keys(['tutorial_taskflow_api']) retrieved from /home/airflow/.local/lib/python3.7/site-packages/airflow/example_dags/tutorial_taskflow_api.py
[2025-02-01T03:07:35.249+0000] {logging_mixin.py:137} INFO - [2025-02-01T03:07:35.245+0000] {dag.py:2690} INFO - Sync 1 DAGs
[2025-02-01T03:07:35.455+0000] {logging_mixin.py:137} INFO - [2025-02-01T03:07:35.455+0000] {dag.py:3441} INFO - Setting next_dagrun for tutorial_taskflow_api to None, run_after=None
[2025-02-01T03:07:35.569+0000] {processor.py:175} INFO - Processing /home/airflow/.local/lib/python3.7/site-packages/airflow/example_dags/tutorial_taskflow_api.py took 0.637 seconds
[2025-02-01T03:08:06.356+0000] {processor.py:153} INFO - Started process (PID=3087) to work on /home/airflow/.local/lib/python3.7/site-packages/airflow/example_dags/tutorial_taskflow_api.py
[2025-02-01T03:08:06.359+0000] {processor.py:743} INFO - Processing file /home/airflow/.local/lib/python3.7/site-packages/airflow/example_dags/tutorial_taskflow_api.py for tasks to queue
[2025-02-01T03:08:06.361+0000] {logging_mixin.py:137} INFO - [2025-02-01T03:08:06.361+0000] {dagbag.py:538} INFO - Filling up the DagBag from /home/airflow/.local/lib/python3.7/site-packages/airflow/example_dags/tutorial_taskflow_api.py
[2025-02-01T03:08:06.494+0000] {processor.py:753} INFO - DAG(s) dict_keys(['tutorial_taskflow_api']) retrieved from /home/airflow/.local/lib/python3.7/site-packages/airflow/example_dags/tutorial_taskflow_api.py
[2025-02-01T03:08:06.681+0000] {logging_mixin.py:137} INFO - [2025-02-01T03:08:06.681+0000] {dag.py:2690} INFO - Sync 1 DAGs
[2025-02-01T03:08:06.948+0000] {logging_mixin.py:137} INFO - [2025-02-01T03:08:06.944+0000] {dag.py:3441} INFO - Setting next_dagrun for tutorial_taskflow_api to None, run_after=None
[2025-02-01T03:08:07.130+0000] {processor.py:175} INFO - Processing /home/airflow/.local/lib/python3.7/site-packages/airflow/example_dags/tutorial_taskflow_api.py took 0.801 seconds
[2025-02-01T03:08:37.918+0000] {processor.py:153} INFO - Started process (PID=3139) to work on /home/airflow/.local/lib/python3.7/site-packages/airflow/example_dags/tutorial_taskflow_api.py
[2025-02-01T03:08:37.921+0000] {processor.py:743} INFO - Processing file /home/airflow/.local/lib/python3.7/site-packages/airflow/example_dags/tutorial_taskflow_api.py for tasks to queue
[2025-02-01T03:08:37.925+0000] {logging_mixin.py:137} INFO - [2025-02-01T03:08:37.923+0000] {dagbag.py:538} INFO - Filling up the DagBag from /home/airflow/.local/lib/python3.7/site-packages/airflow/example_dags/tutorial_taskflow_api.py
[2025-02-01T03:08:38.093+0000] {processor.py:753} INFO - DAG(s) dict_keys(['tutorial_taskflow_api']) retrieved from /home/airflow/.local/lib/python3.7/site-packages/airflow/example_dags/tutorial_taskflow_api.py
[2025-02-01T03:08:38.299+0000] {logging_mixin.py:137} INFO - [2025-02-01T03:08:38.298+0000] {dag.py:2690} INFO - Sync 1 DAGs
[2025-02-01T03:08:38.542+0000] {logging_mixin.py:137} INFO - [2025-02-01T03:08:38.533+0000] {dag.py:3441} INFO - Setting next_dagrun for tutorial_taskflow_api to None, run_after=None
[2025-02-01T03:08:38.738+0000] {processor.py:175} INFO - Processing /home/airflow/.local/lib/python3.7/site-packages/airflow/example_dags/tutorial_taskflow_api.py took 0.835 seconds
[2025-02-01T03:09:09.691+0000] {processor.py:153} INFO - Started process (PID=3198) to work on /home/airflow/.local/lib/python3.7/site-packages/airflow/example_dags/tutorial_taskflow_api.py
[2025-02-01T03:09:09.699+0000] {processor.py:743} INFO - Processing file /home/airflow/.local/lib/python3.7/site-packages/airflow/example_dags/tutorial_taskflow_api.py for tasks to queue
[2025-02-01T03:09:09.703+0000] {logging_mixin.py:137} INFO - [2025-02-01T03:09:09.702+0000] {dagbag.py:538} INFO - Filling up the DagBag from /home/airflow/.local/lib/python3.7/site-packages/airflow/example_dags/tutorial_taskflow_api.py
[2025-02-01T03:09:09.838+0000] {processor.py:753} INFO - DAG(s) dict_keys(['tutorial_taskflow_api']) retrieved from /home/airflow/.local/lib/python3.7/site-packages/airflow/example_dags/tutorial_taskflow_api.py
[2025-02-01T03:09:10.016+0000] {logging_mixin.py:137} INFO - [2025-02-01T03:09:10.012+0000] {dag.py:2690} INFO - Sync 1 DAGs
[2025-02-01T03:09:10.269+0000] {logging_mixin.py:137} INFO - [2025-02-01T03:09:10.269+0000] {dag.py:3441} INFO - Setting next_dagrun for tutorial_taskflow_api to None, run_after=None
[2025-02-01T03:09:10.419+0000] {processor.py:175} INFO - Processing /home/airflow/.local/lib/python3.7/site-packages/airflow/example_dags/tutorial_taskflow_api.py took 0.749 seconds
[2025-02-01T03:09:41.138+0000] {processor.py:153} INFO - Started process (PID=3257) to work on /home/airflow/.local/lib/python3.7/site-packages/airflow/example_dags/tutorial_taskflow_api.py
[2025-02-01T03:09:41.140+0000] {processor.py:743} INFO - Processing file /home/airflow/.local/lib/python3.7/site-packages/airflow/example_dags/tutorial_taskflow_api.py for tasks to queue
[2025-02-01T03:09:41.142+0000] {logging_mixin.py:137} INFO - [2025-02-01T03:09:41.141+0000] {dagbag.py:538} INFO - Filling up the DagBag from /home/airflow/.local/lib/python3.7/site-packages/airflow/example_dags/tutorial_taskflow_api.py
[2025-02-01T03:09:41.216+0000] {processor.py:753} INFO - DAG(s) dict_keys(['tutorial_taskflow_api']) retrieved from /home/airflow/.local/lib/python3.7/site-packages/airflow/example_dags/tutorial_taskflow_api.py
[2025-02-01T03:09:41.347+0000] {logging_mixin.py:137} INFO - [2025-02-01T03:09:41.346+0000] {dag.py:2690} INFO - Sync 1 DAGs
[2025-02-01T03:09:41.478+0000] {logging_mixin.py:137} INFO - [2025-02-01T03:09:41.477+0000] {dag.py:3441} INFO - Setting next_dagrun for tutorial_taskflow_api to None, run_after=None
[2025-02-01T03:09:41.535+0000] {processor.py:175} INFO - Processing /home/airflow/.local/lib/python3.7/site-packages/airflow/example_dags/tutorial_taskflow_api.py took 0.406 seconds
