[2025-02-01T02:40:30.395+0000] {processor.py:153} INFO - Started process (PID=89) to work on /home/airflow/.local/lib/python3.7/site-packages/airflow/example_dags/tutorial.py
[2025-02-01T02:40:30.402+0000] {processor.py:743} INFO - Processing file /home/airflow/.local/lib/python3.7/site-packages/airflow/example_dags/tutorial.py for tasks to queue
[2025-02-01T02:40:30.412+0000] {logging_mixin.py:137} INFO - [2025-02-01T02:40:30.403+0000] {dagbag.py:538} INFO - Filling up the DagBag from /home/airflow/.local/lib/python3.7/site-packages/airflow/example_dags/tutorial.py
[2025-02-01T02:40:30.598+0000] {processor.py:753} INFO - DAG(s) dict_keys(['tutorial']) retrieved from /home/airflow/.local/lib/python3.7/site-packages/airflow/example_dags/tutorial.py
[2025-02-01T02:40:30.981+0000] {logging_mixin.py:137} INFO - [2025-02-01T02:40:30.980+0000] {dag.py:2690} INFO - Sync 1 DAGs
[2025-02-01T02:40:31.509+0000] {logging_mixin.py:137} INFO - [2025-02-01T02:40:31.508+0000] {dag.py:3441} INFO - Setting next_dagrun for tutorial to 2025-01-31T02:40:31.507738+00:00, run_after=2025-02-01T02:40:31.507738+00:00
[2025-02-01T02:40:31.847+0000] {processor.py:175} INFO - Processing /home/airflow/.local/lib/python3.7/site-packages/airflow/example_dags/tutorial.py took 1.485 seconds
[2025-02-01T02:41:02.153+0000] {processor.py:153} INFO - Started process (PID=145) to work on /home/airflow/.local/lib/python3.7/site-packages/airflow/example_dags/tutorial.py
[2025-02-01T02:41:02.160+0000] {processor.py:743} INFO - Processing file /home/airflow/.local/lib/python3.7/site-packages/airflow/example_dags/tutorial.py for tasks to queue
[2025-02-01T02:41:02.174+0000] {logging_mixin.py:137} INFO - [2025-02-01T02:41:02.169+0000] {dagbag.py:538} INFO - Filling up the DagBag from /home/airflow/.local/lib/python3.7/site-packages/airflow/example_dags/tutorial.py
[2025-02-01T02:41:02.353+0000] {processor.py:753} INFO - DAG(s) dict_keys(['tutorial']) retrieved from /home/airflow/.local/lib/python3.7/site-packages/airflow/example_dags/tutorial.py
[2025-02-01T02:41:02.701+0000] {logging_mixin.py:137} INFO - [2025-02-01T02:41:02.700+0000] {dag.py:2690} INFO - Sync 1 DAGs
[2025-02-01T02:41:03.028+0000] {logging_mixin.py:137} INFO - [2025-02-01T02:41:03.027+0000] {dag.py:3441} INFO - Setting next_dagrun for tutorial to 2025-01-31T02:41:03.027252+00:00, run_after=2025-02-01T02:41:03.027252+00:00
[2025-02-01T02:41:03.259+0000] {processor.py:175} INFO - Processing /home/airflow/.local/lib/python3.7/site-packages/airflow/example_dags/tutorial.py took 1.154 seconds
[2025-02-01T02:41:33.689+0000] {processor.py:153} INFO - Started process (PID=196) to work on /home/airflow/.local/lib/python3.7/site-packages/airflow/example_dags/tutorial.py
[2025-02-01T02:41:33.692+0000] {processor.py:743} INFO - Processing file /home/airflow/.local/lib/python3.7/site-packages/airflow/example_dags/tutorial.py for tasks to queue
[2025-02-01T02:41:33.693+0000] {logging_mixin.py:137} INFO - [2025-02-01T02:41:33.693+0000] {dagbag.py:538} INFO - Filling up the DagBag from /home/airflow/.local/lib/python3.7/site-packages/airflow/example_dags/tutorial.py
[2025-02-01T02:41:33.725+0000] {processor.py:753} INFO - DAG(s) dict_keys(['tutorial']) retrieved from /home/airflow/.local/lib/python3.7/site-packages/airflow/example_dags/tutorial.py
[2025-02-01T02:41:33.782+0000] {logging_mixin.py:137} INFO - [2025-02-01T02:41:33.781+0000] {dag.py:2690} INFO - Sync 1 DAGs
[2025-02-01T02:41:33.842+0000] {logging_mixin.py:137} INFO - [2025-02-01T02:41:33.842+0000] {dag.py:3441} INFO - Setting next_dagrun for tutorial to 2025-01-31T02:41:33.842057+00:00, run_after=2025-02-01T02:41:33.842057+00:00
[2025-02-01T02:41:33.891+0000] {processor.py:175} INFO - Processing /home/airflow/.local/lib/python3.7/site-packages/airflow/example_dags/tutorial.py took 0.216 seconds
[2025-02-01T02:42:04.003+0000] {processor.py:153} INFO - Started process (PID=256) to work on /home/airflow/.local/lib/python3.7/site-packages/airflow/example_dags/tutorial.py
[2025-02-01T02:42:04.006+0000] {processor.py:743} INFO - Processing file /home/airflow/.local/lib/python3.7/site-packages/airflow/example_dags/tutorial.py for tasks to queue
[2025-02-01T02:42:04.010+0000] {logging_mixin.py:137} INFO - [2025-02-01T02:42:04.010+0000] {dagbag.py:538} INFO - Filling up the DagBag from /home/airflow/.local/lib/python3.7/site-packages/airflow/example_dags/tutorial.py
[2025-02-01T02:42:04.079+0000] {processor.py:753} INFO - DAG(s) dict_keys(['tutorial']) retrieved from /home/airflow/.local/lib/python3.7/site-packages/airflow/example_dags/tutorial.py
[2025-02-01T02:42:04.203+0000] {logging_mixin.py:137} INFO - [2025-02-01T02:42:04.202+0000] {dag.py:2690} INFO - Sync 1 DAGs
[2025-02-01T02:42:04.337+0000] {logging_mixin.py:137} INFO - [2025-02-01T02:42:04.337+0000] {dag.py:3441} INFO - Setting next_dagrun for tutorial to 2025-01-31T02:42:04.336665+00:00, run_after=2025-02-01T02:42:04.336665+00:00
[2025-02-01T02:42:04.413+0000] {processor.py:175} INFO - Processing /home/airflow/.local/lib/python3.7/site-packages/airflow/example_dags/tutorial.py took 0.426 seconds
[2025-02-01T02:42:34.521+0000] {processor.py:153} INFO - Started process (PID=316) to work on /home/airflow/.local/lib/python3.7/site-packages/airflow/example_dags/tutorial.py
[2025-02-01T02:42:34.524+0000] {processor.py:743} INFO - Processing file /home/airflow/.local/lib/python3.7/site-packages/airflow/example_dags/tutorial.py for tasks to queue
[2025-02-01T02:42:34.529+0000] {logging_mixin.py:137} INFO - [2025-02-01T02:42:34.528+0000] {dagbag.py:538} INFO - Filling up the DagBag from /home/airflow/.local/lib/python3.7/site-packages/airflow/example_dags/tutorial.py
[2025-02-01T02:42:34.566+0000] {processor.py:753} INFO - DAG(s) dict_keys(['tutorial']) retrieved from /home/airflow/.local/lib/python3.7/site-packages/airflow/example_dags/tutorial.py
[2025-02-01T02:42:34.653+0000] {logging_mixin.py:137} INFO - [2025-02-01T02:42:34.653+0000] {dag.py:2690} INFO - Sync 1 DAGs
[2025-02-01T02:42:34.860+0000] {logging_mixin.py:137} INFO - [2025-02-01T02:42:34.859+0000] {dag.py:3441} INFO - Setting next_dagrun for tutorial to 2025-01-31T02:42:34.859110+00:00, run_after=2025-02-01T02:42:34.859110+00:00
[2025-02-01T02:42:35.002+0000] {processor.py:175} INFO - Processing /home/airflow/.local/lib/python3.7/site-packages/airflow/example_dags/tutorial.py took 0.494 seconds
[2025-02-01T02:43:05.645+0000] {processor.py:153} INFO - Started process (PID=365) to work on /home/airflow/.local/lib/python3.7/site-packages/airflow/example_dags/tutorial.py
[2025-02-01T02:43:05.651+0000] {processor.py:743} INFO - Processing file /home/airflow/.local/lib/python3.7/site-packages/airflow/example_dags/tutorial.py for tasks to queue
[2025-02-01T02:43:05.655+0000] {logging_mixin.py:137} INFO - [2025-02-01T02:43:05.655+0000] {dagbag.py:538} INFO - Filling up the DagBag from /home/airflow/.local/lib/python3.7/site-packages/airflow/example_dags/tutorial.py
[2025-02-01T02:43:05.721+0000] {processor.py:753} INFO - DAG(s) dict_keys(['tutorial']) retrieved from /home/airflow/.local/lib/python3.7/site-packages/airflow/example_dags/tutorial.py
[2025-02-01T02:43:05.802+0000] {logging_mixin.py:137} INFO - [2025-02-01T02:43:05.802+0000] {dag.py:2690} INFO - Sync 1 DAGs
[2025-02-01T02:43:05.878+0000] {logging_mixin.py:137} INFO - [2025-02-01T02:43:05.878+0000] {dag.py:3441} INFO - Setting next_dagrun for tutorial to 2025-01-31T02:43:05.877691+00:00, run_after=2025-02-01T02:43:05.877691+00:00
[2025-02-01T02:43:05.940+0000] {processor.py:175} INFO - Processing /home/airflow/.local/lib/python3.7/site-packages/airflow/example_dags/tutorial.py took 0.309 seconds
[2025-02-01T02:43:36.604+0000] {processor.py:153} INFO - Started process (PID=423) to work on /home/airflow/.local/lib/python3.7/site-packages/airflow/example_dags/tutorial.py
[2025-02-01T02:43:36.605+0000] {processor.py:743} INFO - Processing file /home/airflow/.local/lib/python3.7/site-packages/airflow/example_dags/tutorial.py for tasks to queue
[2025-02-01T02:43:36.612+0000] {logging_mixin.py:137} INFO - [2025-02-01T02:43:36.612+0000] {dagbag.py:538} INFO - Filling up the DagBag from /home/airflow/.local/lib/python3.7/site-packages/airflow/example_dags/tutorial.py
[2025-02-01T02:43:36.681+0000] {processor.py:753} INFO - DAG(s) dict_keys(['tutorial']) retrieved from /home/airflow/.local/lib/python3.7/site-packages/airflow/example_dags/tutorial.py
[2025-02-01T02:43:36.812+0000] {logging_mixin.py:137} INFO - [2025-02-01T02:43:36.812+0000] {dag.py:2690} INFO - Sync 1 DAGs
[2025-02-01T02:43:36.990+0000] {logging_mixin.py:137} INFO - [2025-02-01T02:43:36.988+0000] {dag.py:3441} INFO - Setting next_dagrun for tutorial to 2025-01-31T02:43:36.985136+00:00, run_after=2025-02-01T02:43:36.985136+00:00
[2025-02-01T02:43:37.138+0000] {processor.py:175} INFO - Processing /home/airflow/.local/lib/python3.7/site-packages/airflow/example_dags/tutorial.py took 0.558 seconds
[2025-02-01T02:44:07.343+0000] {processor.py:153} INFO - Started process (PID=482) to work on /home/airflow/.local/lib/python3.7/site-packages/airflow/example_dags/tutorial.py
[2025-02-01T02:44:07.354+0000] {processor.py:743} INFO - Processing file /home/airflow/.local/lib/python3.7/site-packages/airflow/example_dags/tutorial.py for tasks to queue
[2025-02-01T02:44:07.364+0000] {logging_mixin.py:137} INFO - [2025-02-01T02:44:07.364+0000] {dagbag.py:538} INFO - Filling up the DagBag from /home/airflow/.local/lib/python3.7/site-packages/airflow/example_dags/tutorial.py
[2025-02-01T02:44:07.545+0000] {processor.py:753} INFO - DAG(s) dict_keys(['tutorial']) retrieved from /home/airflow/.local/lib/python3.7/site-packages/airflow/example_dags/tutorial.py
[2025-02-01T02:44:07.893+0000] {logging_mixin.py:137} INFO - [2025-02-01T02:44:07.884+0000] {dag.py:2690} INFO - Sync 1 DAGs
[2025-02-01T02:44:08.251+0000] {logging_mixin.py:137} INFO - [2025-02-01T02:44:08.251+0000] {dag.py:3441} INFO - Setting next_dagrun for tutorial to 2025-01-31T02:44:08.251070+00:00, run_after=2025-02-01T02:44:08.251070+00:00
[2025-02-01T02:44:08.467+0000] {processor.py:175} INFO - Processing /home/airflow/.local/lib/python3.7/site-packages/airflow/example_dags/tutorial.py took 1.167 seconds
[2025-02-01T02:44:38.873+0000] {processor.py:153} INFO - Started process (PID=530) to work on /home/airflow/.local/lib/python3.7/site-packages/airflow/example_dags/tutorial.py
[2025-02-01T02:44:38.878+0000] {processor.py:743} INFO - Processing file /home/airflow/.local/lib/python3.7/site-packages/airflow/example_dags/tutorial.py for tasks to queue
[2025-02-01T02:44:38.879+0000] {logging_mixin.py:137} INFO - [2025-02-01T02:44:38.879+0000] {dagbag.py:538} INFO - Filling up the DagBag from /home/airflow/.local/lib/python3.7/site-packages/airflow/example_dags/tutorial.py
[2025-02-01T02:44:38.947+0000] {processor.py:753} INFO - DAG(s) dict_keys(['tutorial']) retrieved from /home/airflow/.local/lib/python3.7/site-packages/airflow/example_dags/tutorial.py
[2025-02-01T02:44:39.019+0000] {logging_mixin.py:137} INFO - [2025-02-01T02:44:39.019+0000] {dag.py:2690} INFO - Sync 1 DAGs
[2025-02-01T02:44:39.086+0000] {logging_mixin.py:137} INFO - [2025-02-01T02:44:39.086+0000] {dag.py:3441} INFO - Setting next_dagrun for tutorial to 2025-01-31T02:44:39.086049+00:00, run_after=2025-02-01T02:44:39.086049+00:00
[2025-02-01T02:44:39.164+0000] {processor.py:175} INFO - Processing /home/airflow/.local/lib/python3.7/site-packages/airflow/example_dags/tutorial.py took 0.315 seconds
[2025-02-01T02:45:09.259+0000] {processor.py:153} INFO - Started process (PID=588) to work on /home/airflow/.local/lib/python3.7/site-packages/airflow/example_dags/tutorial.py
[2025-02-01T02:45:09.261+0000] {processor.py:743} INFO - Processing file /home/airflow/.local/lib/python3.7/site-packages/airflow/example_dags/tutorial.py for tasks to queue
[2025-02-01T02:45:09.263+0000] {logging_mixin.py:137} INFO - [2025-02-01T02:45:09.263+0000] {dagbag.py:538} INFO - Filling up the DagBag from /home/airflow/.local/lib/python3.7/site-packages/airflow/example_dags/tutorial.py
[2025-02-01T02:45:09.297+0000] {processor.py:753} INFO - DAG(s) dict_keys(['tutorial']) retrieved from /home/airflow/.local/lib/python3.7/site-packages/airflow/example_dags/tutorial.py
[2025-02-01T02:45:09.356+0000] {logging_mixin.py:137} INFO - [2025-02-01T02:45:09.356+0000] {dag.py:2690} INFO - Sync 1 DAGs
[2025-02-01T02:45:09.425+0000] {logging_mixin.py:137} INFO - [2025-02-01T02:45:09.425+0000] {dag.py:3441} INFO - Setting next_dagrun for tutorial to 2025-01-31T02:45:09.424570+00:00, run_after=2025-02-01T02:45:09.424570+00:00
[2025-02-01T02:45:09.479+0000] {processor.py:175} INFO - Processing /home/airflow/.local/lib/python3.7/site-packages/airflow/example_dags/tutorial.py took 0.227 seconds
[2025-02-01T02:45:39.806+0000] {processor.py:153} INFO - Started process (PID=647) to work on /home/airflow/.local/lib/python3.7/site-packages/airflow/example_dags/tutorial.py
[2025-02-01T02:45:39.808+0000] {processor.py:743} INFO - Processing file /home/airflow/.local/lib/python3.7/site-packages/airflow/example_dags/tutorial.py for tasks to queue
[2025-02-01T02:45:39.809+0000] {logging_mixin.py:137} INFO - [2025-02-01T02:45:39.809+0000] {dagbag.py:538} INFO - Filling up the DagBag from /home/airflow/.local/lib/python3.7/site-packages/airflow/example_dags/tutorial.py
[2025-02-01T02:45:39.842+0000] {processor.py:753} INFO - DAG(s) dict_keys(['tutorial']) retrieved from /home/airflow/.local/lib/python3.7/site-packages/airflow/example_dags/tutorial.py
[2025-02-01T02:45:39.900+0000] {logging_mixin.py:137} INFO - [2025-02-01T02:45:39.900+0000] {dag.py:2690} INFO - Sync 1 DAGs
[2025-02-01T02:45:39.962+0000] {logging_mixin.py:137} INFO - [2025-02-01T02:45:39.962+0000] {dag.py:3441} INFO - Setting next_dagrun for tutorial to 2025-01-31T02:45:39.961987+00:00, run_after=2025-02-01T02:45:39.961987+00:00
[2025-02-01T02:45:40.008+0000] {processor.py:175} INFO - Processing /home/airflow/.local/lib/python3.7/site-packages/airflow/example_dags/tutorial.py took 0.210 seconds
[2025-02-01T02:46:10.162+0000] {processor.py:153} INFO - Started process (PID=704) to work on /home/airflow/.local/lib/python3.7/site-packages/airflow/example_dags/tutorial.py
[2025-02-01T02:46:10.167+0000] {processor.py:743} INFO - Processing file /home/airflow/.local/lib/python3.7/site-packages/airflow/example_dags/tutorial.py for tasks to queue
[2025-02-01T02:46:10.170+0000] {logging_mixin.py:137} INFO - [2025-02-01T02:46:10.168+0000] {dagbag.py:538} INFO - Filling up the DagBag from /home/airflow/.local/lib/python3.7/site-packages/airflow/example_dags/tutorial.py
[2025-02-01T02:46:10.206+0000] {processor.py:753} INFO - DAG(s) dict_keys(['tutorial']) retrieved from /home/airflow/.local/lib/python3.7/site-packages/airflow/example_dags/tutorial.py
[2025-02-01T02:46:10.267+0000] {logging_mixin.py:137} INFO - [2025-02-01T02:46:10.267+0000] {dag.py:2690} INFO - Sync 1 DAGs
[2025-02-01T02:46:10.329+0000] {logging_mixin.py:137} INFO - [2025-02-01T02:46:10.329+0000] {dag.py:3441} INFO - Setting next_dagrun for tutorial to 2025-01-31T02:46:10.328996+00:00, run_after=2025-02-01T02:46:10.328996+00:00
[2025-02-01T02:46:10.376+0000] {processor.py:175} INFO - Processing /home/airflow/.local/lib/python3.7/site-packages/airflow/example_dags/tutorial.py took 0.237 seconds
[2025-02-01T02:46:42.099+0000] {processor.py:153} INFO - Started process (PID=761) to work on /home/airflow/.local/lib/python3.7/site-packages/airflow/example_dags/tutorial.py
[2025-02-01T02:46:42.108+0000] {processor.py:743} INFO - Processing file /home/airflow/.local/lib/python3.7/site-packages/airflow/example_dags/tutorial.py for tasks to queue
[2025-02-01T02:46:42.117+0000] {logging_mixin.py:137} INFO - [2025-02-01T02:46:42.110+0000] {dagbag.py:538} INFO - Filling up the DagBag from /home/airflow/.local/lib/python3.7/site-packages/airflow/example_dags/tutorial.py
[2025-02-01T02:46:42.301+0000] {processor.py:753} INFO - DAG(s) dict_keys(['tutorial']) retrieved from /home/airflow/.local/lib/python3.7/site-packages/airflow/example_dags/tutorial.py
[2025-02-01T02:46:42.533+0000] {logging_mixin.py:137} INFO - [2025-02-01T02:46:42.532+0000] {dag.py:2690} INFO - Sync 1 DAGs
[2025-02-01T02:46:42.793+0000] {logging_mixin.py:137} INFO - [2025-02-01T02:46:42.792+0000] {dag.py:3441} INFO - Setting next_dagrun for tutorial to 2025-01-31T02:46:42.792246+00:00, run_after=2025-02-01T02:46:42.792246+00:00
[2025-02-01T02:46:42.953+0000] {processor.py:175} INFO - Processing /home/airflow/.local/lib/python3.7/site-packages/airflow/example_dags/tutorial.py took 0.898 seconds
[2025-02-01T02:47:13.139+0000] {processor.py:153} INFO - Started process (PID=812) to work on /home/airflow/.local/lib/python3.7/site-packages/airflow/example_dags/tutorial.py
[2025-02-01T02:47:13.141+0000] {processor.py:743} INFO - Processing file /home/airflow/.local/lib/python3.7/site-packages/airflow/example_dags/tutorial.py for tasks to queue
[2025-02-01T02:47:13.144+0000] {logging_mixin.py:137} INFO - [2025-02-01T02:47:13.144+0000] {dagbag.py:538} INFO - Filling up the DagBag from /home/airflow/.local/lib/python3.7/site-packages/airflow/example_dags/tutorial.py
[2025-02-01T02:47:13.198+0000] {processor.py:753} INFO - DAG(s) dict_keys(['tutorial']) retrieved from /home/airflow/.local/lib/python3.7/site-packages/airflow/example_dags/tutorial.py
[2025-02-01T02:47:13.256+0000] {logging_mixin.py:137} INFO - [2025-02-01T02:47:13.256+0000] {dag.py:2690} INFO - Sync 1 DAGs
[2025-02-01T02:47:13.335+0000] {logging_mixin.py:137} INFO - [2025-02-01T02:47:13.335+0000] {dag.py:3441} INFO - Setting next_dagrun for tutorial to 2025-01-31T02:47:13.334874+00:00, run_after=2025-02-01T02:47:13.334874+00:00
[2025-02-01T02:47:13.411+0000] {processor.py:175} INFO - Processing /home/airflow/.local/lib/python3.7/site-packages/airflow/example_dags/tutorial.py took 0.293 seconds
[2025-02-01T02:47:43.783+0000] {processor.py:153} INFO - Started process (PID=871) to work on /home/airflow/.local/lib/python3.7/site-packages/airflow/example_dags/tutorial.py
[2025-02-01T02:47:43.788+0000] {processor.py:743} INFO - Processing file /home/airflow/.local/lib/python3.7/site-packages/airflow/example_dags/tutorial.py for tasks to queue
[2025-02-01T02:47:43.792+0000] {logging_mixin.py:137} INFO - [2025-02-01T02:47:43.790+0000] {dagbag.py:538} INFO - Filling up the DagBag from /home/airflow/.local/lib/python3.7/site-packages/airflow/example_dags/tutorial.py
[2025-02-01T02:47:43.852+0000] {processor.py:753} INFO - DAG(s) dict_keys(['tutorial']) retrieved from /home/airflow/.local/lib/python3.7/site-packages/airflow/example_dags/tutorial.py
[2025-02-01T02:47:43.959+0000] {logging_mixin.py:137} INFO - [2025-02-01T02:47:43.959+0000] {dag.py:2690} INFO - Sync 1 DAGs
[2025-02-01T02:47:44.082+0000] {logging_mixin.py:137} INFO - [2025-02-01T02:47:44.082+0000] {dag.py:3441} INFO - Setting next_dagrun for tutorial to 2025-01-31T02:47:44.081159+00:00, run_after=2025-02-01T02:47:44.081159+00:00
[2025-02-01T02:47:44.168+0000] {processor.py:175} INFO - Processing /home/airflow/.local/lib/python3.7/site-packages/airflow/example_dags/tutorial.py took 0.415 seconds
[2025-02-01T02:48:15.046+0000] {processor.py:153} INFO - Started process (PID=931) to work on /home/airflow/.local/lib/python3.7/site-packages/airflow/example_dags/tutorial.py
[2025-02-01T02:48:15.048+0000] {processor.py:743} INFO - Processing file /home/airflow/.local/lib/python3.7/site-packages/airflow/example_dags/tutorial.py for tasks to queue
[2025-02-01T02:48:15.050+0000] {logging_mixin.py:137} INFO - [2025-02-01T02:48:15.050+0000] {dagbag.py:538} INFO - Filling up the DagBag from /home/airflow/.local/lib/python3.7/site-packages/airflow/example_dags/tutorial.py
[2025-02-01T02:48:15.103+0000] {processor.py:753} INFO - DAG(s) dict_keys(['tutorial']) retrieved from /home/airflow/.local/lib/python3.7/site-packages/airflow/example_dags/tutorial.py
[2025-02-01T02:48:15.192+0000] {logging_mixin.py:137} INFO - [2025-02-01T02:48:15.191+0000] {dag.py:2690} INFO - Sync 1 DAGs
[2025-02-01T02:48:15.256+0000] {logging_mixin.py:137} INFO - [2025-02-01T02:48:15.255+0000] {dag.py:3441} INFO - Setting next_dagrun for tutorial to 2025-01-31T02:48:15.255434+00:00, run_after=2025-02-01T02:48:15.255434+00:00
[2025-02-01T02:48:15.301+0000] {processor.py:175} INFO - Processing /home/airflow/.local/lib/python3.7/site-packages/airflow/example_dags/tutorial.py took 0.263 seconds
[2025-02-01T02:48:46.040+0000] {processor.py:153} INFO - Started process (PID=991) to work on /home/airflow/.local/lib/python3.7/site-packages/airflow/example_dags/tutorial.py
[2025-02-01T02:48:46.042+0000] {processor.py:743} INFO - Processing file /home/airflow/.local/lib/python3.7/site-packages/airflow/example_dags/tutorial.py for tasks to queue
[2025-02-01T02:48:46.044+0000] {logging_mixin.py:137} INFO - [2025-02-01T02:48:46.043+0000] {dagbag.py:538} INFO - Filling up the DagBag from /home/airflow/.local/lib/python3.7/site-packages/airflow/example_dags/tutorial.py
[2025-02-01T02:48:46.153+0000] {processor.py:753} INFO - DAG(s) dict_keys(['tutorial']) retrieved from /home/airflow/.local/lib/python3.7/site-packages/airflow/example_dags/tutorial.py
[2025-02-01T02:48:46.255+0000] {logging_mixin.py:137} INFO - [2025-02-01T02:48:46.255+0000] {dag.py:2690} INFO - Sync 1 DAGs
[2025-02-01T02:48:46.355+0000] {logging_mixin.py:137} INFO - [2025-02-01T02:48:46.355+0000] {dag.py:3441} INFO - Setting next_dagrun for tutorial to 2025-01-31T02:48:46.350774+00:00, run_after=2025-02-01T02:48:46.350774+00:00
[2025-02-01T02:48:46.478+0000] {processor.py:175} INFO - Processing /home/airflow/.local/lib/python3.7/site-packages/airflow/example_dags/tutorial.py took 0.462 seconds
[2025-02-01T02:49:17.383+0000] {processor.py:153} INFO - Started process (PID=1050) to work on /home/airflow/.local/lib/python3.7/site-packages/airflow/example_dags/tutorial.py
[2025-02-01T02:49:17.386+0000] {processor.py:743} INFO - Processing file /home/airflow/.local/lib/python3.7/site-packages/airflow/example_dags/tutorial.py for tasks to queue
[2025-02-01T02:49:17.390+0000] {logging_mixin.py:137} INFO - [2025-02-01T02:49:17.390+0000] {dagbag.py:538} INFO - Filling up the DagBag from /home/airflow/.local/lib/python3.7/site-packages/airflow/example_dags/tutorial.py
[2025-02-01T02:49:17.540+0000] {processor.py:753} INFO - DAG(s) dict_keys(['tutorial']) retrieved from /home/airflow/.local/lib/python3.7/site-packages/airflow/example_dags/tutorial.py
[2025-02-01T02:49:17.782+0000] {logging_mixin.py:137} INFO - [2025-02-01T02:49:17.781+0000] {dag.py:2690} INFO - Sync 1 DAGs
[2025-02-01T02:49:18.042+0000] {logging_mixin.py:137} INFO - [2025-02-01T02:49:18.042+0000] {dag.py:3441} INFO - Setting next_dagrun for tutorial to 2025-01-31T02:49:18.037751+00:00, run_after=2025-02-01T02:49:18.037751+00:00
[2025-02-01T02:49:18.203+0000] {processor.py:175} INFO - Processing /home/airflow/.local/lib/python3.7/site-packages/airflow/example_dags/tutorial.py took 0.868 seconds
[2025-02-01T02:49:48.955+0000] {processor.py:153} INFO - Started process (PID=1099) to work on /home/airflow/.local/lib/python3.7/site-packages/airflow/example_dags/tutorial.py
[2025-02-01T02:49:48.963+0000] {processor.py:743} INFO - Processing file /home/airflow/.local/lib/python3.7/site-packages/airflow/example_dags/tutorial.py for tasks to queue
[2025-02-01T02:49:48.969+0000] {logging_mixin.py:137} INFO - [2025-02-01T02:49:48.968+0000] {dagbag.py:538} INFO - Filling up the DagBag from /home/airflow/.local/lib/python3.7/site-packages/airflow/example_dags/tutorial.py
[2025-02-01T02:49:49.166+0000] {processor.py:753} INFO - DAG(s) dict_keys(['tutorial']) retrieved from /home/airflow/.local/lib/python3.7/site-packages/airflow/example_dags/tutorial.py
[2025-02-01T02:49:49.446+0000] {logging_mixin.py:137} INFO - [2025-02-01T02:49:49.445+0000] {dag.py:2690} INFO - Sync 1 DAGs
[2025-02-01T02:49:49.625+0000] {logging_mixin.py:137} INFO - [2025-02-01T02:49:49.624+0000] {dag.py:3441} INFO - Setting next_dagrun for tutorial to 2025-01-31T02:49:49.624180+00:00, run_after=2025-02-01T02:49:49.624180+00:00
[2025-02-01T02:49:49.772+0000] {processor.py:175} INFO - Processing /home/airflow/.local/lib/python3.7/site-packages/airflow/example_dags/tutorial.py took 0.845 seconds
[2025-02-01T02:50:20.488+0000] {processor.py:153} INFO - Started process (PID=1158) to work on /home/airflow/.local/lib/python3.7/site-packages/airflow/example_dags/tutorial.py
[2025-02-01T02:50:20.489+0000] {processor.py:743} INFO - Processing file /home/airflow/.local/lib/python3.7/site-packages/airflow/example_dags/tutorial.py for tasks to queue
[2025-02-01T02:50:20.491+0000] {logging_mixin.py:137} INFO - [2025-02-01T02:50:20.490+0000] {dagbag.py:538} INFO - Filling up the DagBag from /home/airflow/.local/lib/python3.7/site-packages/airflow/example_dags/tutorial.py
[2025-02-01T02:50:20.527+0000] {processor.py:753} INFO - DAG(s) dict_keys(['tutorial']) retrieved from /home/airflow/.local/lib/python3.7/site-packages/airflow/example_dags/tutorial.py
[2025-02-01T02:50:20.585+0000] {logging_mixin.py:137} INFO - [2025-02-01T02:50:20.585+0000] {dag.py:2690} INFO - Sync 1 DAGs
[2025-02-01T02:50:20.648+0000] {logging_mixin.py:137} INFO - [2025-02-01T02:50:20.648+0000] {dag.py:3441} INFO - Setting next_dagrun for tutorial to 2025-01-31T02:50:20.647764+00:00, run_after=2025-02-01T02:50:20.647764+00:00
[2025-02-01T02:50:20.695+0000] {processor.py:175} INFO - Processing /home/airflow/.local/lib/python3.7/site-packages/airflow/example_dags/tutorial.py took 0.216 seconds
[2025-02-01T02:50:51.544+0000] {processor.py:153} INFO - Started process (PID=1217) to work on /home/airflow/.local/lib/python3.7/site-packages/airflow/example_dags/tutorial.py
[2025-02-01T02:50:51.549+0000] {processor.py:743} INFO - Processing file /home/airflow/.local/lib/python3.7/site-packages/airflow/example_dags/tutorial.py for tasks to queue
[2025-02-01T02:50:51.553+0000] {logging_mixin.py:137} INFO - [2025-02-01T02:50:51.551+0000] {dagbag.py:538} INFO - Filling up the DagBag from /home/airflow/.local/lib/python3.7/site-packages/airflow/example_dags/tutorial.py
[2025-02-01T02:50:51.619+0000] {processor.py:753} INFO - DAG(s) dict_keys(['tutorial']) retrieved from /home/airflow/.local/lib/python3.7/site-packages/airflow/example_dags/tutorial.py
[2025-02-01T02:50:51.745+0000] {logging_mixin.py:137} INFO - [2025-02-01T02:50:51.742+0000] {dag.py:2690} INFO - Sync 1 DAGs
[2025-02-01T02:50:51.921+0000] {logging_mixin.py:137} INFO - [2025-02-01T02:50:51.921+0000] {dag.py:3441} INFO - Setting next_dagrun for tutorial to 2025-01-31T02:50:51.916692+00:00, run_after=2025-02-01T02:50:51.916692+00:00
[2025-02-01T02:50:52.064+0000] {processor.py:175} INFO - Processing /home/airflow/.local/lib/python3.7/site-packages/airflow/example_dags/tutorial.py took 0.540 seconds
[2025-02-01T02:51:22.590+0000] {processor.py:153} INFO - Started process (PID=1265) to work on /home/airflow/.local/lib/python3.7/site-packages/airflow/example_dags/tutorial.py
[2025-02-01T02:51:22.596+0000] {processor.py:743} INFO - Processing file /home/airflow/.local/lib/python3.7/site-packages/airflow/example_dags/tutorial.py for tasks to queue
[2025-02-01T02:51:22.600+0000] {logging_mixin.py:137} INFO - [2025-02-01T02:51:22.599+0000] {dagbag.py:538} INFO - Filling up the DagBag from /home/airflow/.local/lib/python3.7/site-packages/airflow/example_dags/tutorial.py
[2025-02-01T02:51:22.708+0000] {processor.py:753} INFO - DAG(s) dict_keys(['tutorial']) retrieved from /home/airflow/.local/lib/python3.7/site-packages/airflow/example_dags/tutorial.py
[2025-02-01T02:51:22.959+0000] {logging_mixin.py:137} INFO - [2025-02-01T02:51:22.959+0000] {dag.py:2690} INFO - Sync 1 DAGs
[2025-02-01T02:51:23.347+0000] {logging_mixin.py:137} INFO - [2025-02-01T02:51:23.345+0000] {dag.py:3441} INFO - Setting next_dagrun for tutorial to 2025-01-31T02:51:23.344728+00:00, run_after=2025-02-01T02:51:23.344728+00:00
[2025-02-01T02:51:23.554+0000] {processor.py:175} INFO - Processing /home/airflow/.local/lib/python3.7/site-packages/airflow/example_dags/tutorial.py took 0.985 seconds
[2025-02-01T02:51:54.449+0000] {processor.py:153} INFO - Started process (PID=1324) to work on /home/airflow/.local/lib/python3.7/site-packages/airflow/example_dags/tutorial.py
[2025-02-01T02:51:54.456+0000] {processor.py:743} INFO - Processing file /home/airflow/.local/lib/python3.7/site-packages/airflow/example_dags/tutorial.py for tasks to queue
[2025-02-01T02:51:54.462+0000] {logging_mixin.py:137} INFO - [2025-02-01T02:51:54.462+0000] {dagbag.py:538} INFO - Filling up the DagBag from /home/airflow/.local/lib/python3.7/site-packages/airflow/example_dags/tutorial.py
[2025-02-01T02:51:54.570+0000] {processor.py:753} INFO - DAG(s) dict_keys(['tutorial']) retrieved from /home/airflow/.local/lib/python3.7/site-packages/airflow/example_dags/tutorial.py
[2025-02-01T02:51:54.787+0000] {logging_mixin.py:137} INFO - [2025-02-01T02:51:54.787+0000] {dag.py:2690} INFO - Sync 1 DAGs
[2025-02-01T02:51:55.048+0000] {logging_mixin.py:137} INFO - [2025-02-01T02:51:55.048+0000] {dag.py:3441} INFO - Setting next_dagrun for tutorial to 2025-01-31T02:51:55.048007+00:00, run_after=2025-02-01T02:51:55.048007+00:00
[2025-02-01T02:51:55.208+0000] {processor.py:175} INFO - Processing /home/airflow/.local/lib/python3.7/site-packages/airflow/example_dags/tutorial.py took 0.779 seconds
[2025-02-01T02:52:25.983+0000] {processor.py:153} INFO - Started process (PID=1382) to work on /home/airflow/.local/lib/python3.7/site-packages/airflow/example_dags/tutorial.py
[2025-02-01T02:52:25.989+0000] {processor.py:743} INFO - Processing file /home/airflow/.local/lib/python3.7/site-packages/airflow/example_dags/tutorial.py for tasks to queue
[2025-02-01T02:52:25.992+0000] {logging_mixin.py:137} INFO - [2025-02-01T02:52:25.992+0000] {dagbag.py:538} INFO - Filling up the DagBag from /home/airflow/.local/lib/python3.7/site-packages/airflow/example_dags/tutorial.py
[2025-02-01T02:52:26.116+0000] {processor.py:753} INFO - DAG(s) dict_keys(['tutorial']) retrieved from /home/airflow/.local/lib/python3.7/site-packages/airflow/example_dags/tutorial.py
[2025-02-01T02:52:26.365+0000] {logging_mixin.py:137} INFO - [2025-02-01T02:52:26.364+0000] {dag.py:2690} INFO - Sync 1 DAGs
[2025-02-01T02:52:26.577+0000] {logging_mixin.py:137} INFO - [2025-02-01T02:52:26.577+0000] {dag.py:3441} INFO - Setting next_dagrun for tutorial to 2025-01-31T02:52:26.576976+00:00, run_after=2025-02-01T02:52:26.576976+00:00
[2025-02-01T02:52:26.712+0000] {processor.py:175} INFO - Processing /home/airflow/.local/lib/python3.7/site-packages/airflow/example_dags/tutorial.py took 0.749 seconds
[2025-02-01T02:52:57.606+0000] {processor.py:153} INFO - Started process (PID=1441) to work on /home/airflow/.local/lib/python3.7/site-packages/airflow/example_dags/tutorial.py
[2025-02-01T02:52:57.612+0000] {processor.py:743} INFO - Processing file /home/airflow/.local/lib/python3.7/site-packages/airflow/example_dags/tutorial.py for tasks to queue
[2025-02-01T02:52:57.613+0000] {logging_mixin.py:137} INFO - [2025-02-01T02:52:57.613+0000] {dagbag.py:538} INFO - Filling up the DagBag from /home/airflow/.local/lib/python3.7/site-packages/airflow/example_dags/tutorial.py
[2025-02-01T02:52:57.707+0000] {processor.py:753} INFO - DAG(s) dict_keys(['tutorial']) retrieved from /home/airflow/.local/lib/python3.7/site-packages/airflow/example_dags/tutorial.py
[2025-02-01T02:52:57.880+0000] {logging_mixin.py:137} INFO - [2025-02-01T02:52:57.879+0000] {dag.py:2690} INFO - Sync 1 DAGs
[2025-02-01T02:52:58.022+0000] {logging_mixin.py:137} INFO - [2025-02-01T02:52:58.022+0000] {dag.py:3441} INFO - Setting next_dagrun for tutorial to 2025-01-31T02:52:58.021853+00:00, run_after=2025-02-01T02:52:58.021853+00:00
[2025-02-01T02:52:58.186+0000] {processor.py:175} INFO - Processing /home/airflow/.local/lib/python3.7/site-packages/airflow/example_dags/tutorial.py took 0.595 seconds
[2025-02-01T02:53:28.450+0000] {processor.py:153} INFO - Started process (PID=1500) to work on /home/airflow/.local/lib/python3.7/site-packages/airflow/example_dags/tutorial.py
[2025-02-01T02:53:28.452+0000] {processor.py:743} INFO - Processing file /home/airflow/.local/lib/python3.7/site-packages/airflow/example_dags/tutorial.py for tasks to queue
[2025-02-01T02:53:28.453+0000] {logging_mixin.py:137} INFO - [2025-02-01T02:53:28.453+0000] {dagbag.py:538} INFO - Filling up the DagBag from /home/airflow/.local/lib/python3.7/site-packages/airflow/example_dags/tutorial.py
[2025-02-01T02:53:28.487+0000] {processor.py:753} INFO - DAG(s) dict_keys(['tutorial']) retrieved from /home/airflow/.local/lib/python3.7/site-packages/airflow/example_dags/tutorial.py
[2025-02-01T02:53:28.548+0000] {logging_mixin.py:137} INFO - [2025-02-01T02:53:28.548+0000] {dag.py:2690} INFO - Sync 1 DAGs
[2025-02-01T02:53:28.612+0000] {logging_mixin.py:137} INFO - [2025-02-01T02:53:28.612+0000] {dag.py:3441} INFO - Setting next_dagrun for tutorial to 2025-01-31T02:53:28.611626+00:00, run_after=2025-02-01T02:53:28.611626+00:00
[2025-02-01T02:53:28.661+0000] {processor.py:175} INFO - Processing /home/airflow/.local/lib/python3.7/site-packages/airflow/example_dags/tutorial.py took 0.218 seconds
[2025-02-01T02:53:58.760+0000] {processor.py:153} INFO - Started process (PID=1559) to work on /home/airflow/.local/lib/python3.7/site-packages/airflow/example_dags/tutorial.py
[2025-02-01T02:53:58.763+0000] {processor.py:743} INFO - Processing file /home/airflow/.local/lib/python3.7/site-packages/airflow/example_dags/tutorial.py for tasks to queue
[2025-02-01T02:53:58.767+0000] {logging_mixin.py:137} INFO - [2025-02-01T02:53:58.765+0000] {dagbag.py:538} INFO - Filling up the DagBag from /home/airflow/.local/lib/python3.7/site-packages/airflow/example_dags/tutorial.py
[2025-02-01T02:53:58.835+0000] {processor.py:753} INFO - DAG(s) dict_keys(['tutorial']) retrieved from /home/airflow/.local/lib/python3.7/site-packages/airflow/example_dags/tutorial.py
[2025-02-01T02:53:58.938+0000] {logging_mixin.py:137} INFO - [2025-02-01T02:53:58.938+0000] {dag.py:2690} INFO - Sync 1 DAGs
[2025-02-01T02:53:59.066+0000] {logging_mixin.py:137} INFO - [2025-02-01T02:53:59.064+0000] {dag.py:3441} INFO - Setting next_dagrun for tutorial to 2025-01-31T02:53:59.063642+00:00, run_after=2025-02-01T02:53:59.063642+00:00
[2025-02-01T02:53:59.157+0000] {processor.py:175} INFO - Processing /home/airflow/.local/lib/python3.7/site-packages/airflow/example_dags/tutorial.py took 0.405 seconds
[2025-02-01T02:54:30.799+0000] {processor.py:153} INFO - Started process (PID=1615) to work on /home/airflow/.local/lib/python3.7/site-packages/airflow/example_dags/tutorial.py
[2025-02-01T02:54:30.802+0000] {processor.py:743} INFO - Processing file /home/airflow/.local/lib/python3.7/site-packages/airflow/example_dags/tutorial.py for tasks to queue
[2025-02-01T02:54:30.804+0000] {logging_mixin.py:137} INFO - [2025-02-01T02:54:30.803+0000] {dagbag.py:538} INFO - Filling up the DagBag from /home/airflow/.local/lib/python3.7/site-packages/airflow/example_dags/tutorial.py
[2025-02-01T02:54:30.887+0000] {processor.py:753} INFO - DAG(s) dict_keys(['tutorial']) retrieved from /home/airflow/.local/lib/python3.7/site-packages/airflow/example_dags/tutorial.py
[2025-02-01T02:54:31.058+0000] {logging_mixin.py:137} INFO - [2025-02-01T02:54:31.057+0000] {dag.py:2690} INFO - Sync 1 DAGs
[2025-02-01T02:54:31.262+0000] {logging_mixin.py:137} INFO - [2025-02-01T02:54:31.262+0000] {dag.py:3441} INFO - Setting next_dagrun for tutorial to 2025-01-31T02:54:31.262063+00:00, run_after=2025-02-01T02:54:31.262063+00:00
[2025-02-01T02:54:31.407+0000] {processor.py:175} INFO - Processing /home/airflow/.local/lib/python3.7/site-packages/airflow/example_dags/tutorial.py took 0.623 seconds
[2025-02-01T02:55:01.604+0000] {processor.py:153} INFO - Started process (PID=1667) to work on /home/airflow/.local/lib/python3.7/site-packages/airflow/example_dags/tutorial.py
[2025-02-01T02:55:01.613+0000] {processor.py:743} INFO - Processing file /home/airflow/.local/lib/python3.7/site-packages/airflow/example_dags/tutorial.py for tasks to queue
[2025-02-01T02:55:01.615+0000] {logging_mixin.py:137} INFO - [2025-02-01T02:55:01.614+0000] {dagbag.py:538} INFO - Filling up the DagBag from /home/airflow/.local/lib/python3.7/site-packages/airflow/example_dags/tutorial.py
[2025-02-01T02:55:01.729+0000] {processor.py:753} INFO - DAG(s) dict_keys(['tutorial']) retrieved from /home/airflow/.local/lib/python3.7/site-packages/airflow/example_dags/tutorial.py
[2025-02-01T02:55:01.913+0000] {logging_mixin.py:137} INFO - [2025-02-01T02:55:01.913+0000] {dag.py:2690} INFO - Sync 1 DAGs
[2025-02-01T02:55:02.177+0000] {logging_mixin.py:137} INFO - [2025-02-01T02:55:02.176+0000] {dag.py:3441} INFO - Setting next_dagrun for tutorial to 2025-01-31T02:55:02.176258+00:00, run_after=2025-02-01T02:55:02.176258+00:00
[2025-02-01T02:55:02.339+0000] {processor.py:175} INFO - Processing /home/airflow/.local/lib/python3.7/site-packages/airflow/example_dags/tutorial.py took 0.769 seconds
[2025-02-01T02:55:32.770+0000] {processor.py:153} INFO - Started process (PID=1726) to work on /home/airflow/.local/lib/python3.7/site-packages/airflow/example_dags/tutorial.py
[2025-02-01T02:55:32.773+0000] {processor.py:743} INFO - Processing file /home/airflow/.local/lib/python3.7/site-packages/airflow/example_dags/tutorial.py for tasks to queue
[2025-02-01T02:55:32.777+0000] {logging_mixin.py:137} INFO - [2025-02-01T02:55:32.776+0000] {dagbag.py:538} INFO - Filling up the DagBag from /home/airflow/.local/lib/python3.7/site-packages/airflow/example_dags/tutorial.py
[2025-02-01T02:55:32.849+0000] {processor.py:753} INFO - DAG(s) dict_keys(['tutorial']) retrieved from /home/airflow/.local/lib/python3.7/site-packages/airflow/example_dags/tutorial.py
[2025-02-01T02:55:32.907+0000] {logging_mixin.py:137} INFO - [2025-02-01T02:55:32.907+0000] {dag.py:2690} INFO - Sync 1 DAGs
[2025-02-01T02:55:33.053+0000] {logging_mixin.py:137} INFO - [2025-02-01T02:55:33.052+0000] {dag.py:3441} INFO - Setting next_dagrun for tutorial to 2025-01-31T02:55:33.052170+00:00, run_after=2025-02-01T02:55:33.052170+00:00
[2025-02-01T02:55:33.151+0000] {processor.py:175} INFO - Processing /home/airflow/.local/lib/python3.7/site-packages/airflow/example_dags/tutorial.py took 0.400 seconds
[2025-02-01T02:56:04.045+0000] {processor.py:153} INFO - Started process (PID=1785) to work on /home/airflow/.local/lib/python3.7/site-packages/airflow/example_dags/tutorial.py
[2025-02-01T02:56:04.046+0000] {processor.py:743} INFO - Processing file /home/airflow/.local/lib/python3.7/site-packages/airflow/example_dags/tutorial.py for tasks to queue
[2025-02-01T02:56:04.047+0000] {logging_mixin.py:137} INFO - [2025-02-01T02:56:04.047+0000] {dagbag.py:538} INFO - Filling up the DagBag from /home/airflow/.local/lib/python3.7/site-packages/airflow/example_dags/tutorial.py
[2025-02-01T02:56:04.080+0000] {processor.py:753} INFO - DAG(s) dict_keys(['tutorial']) retrieved from /home/airflow/.local/lib/python3.7/site-packages/airflow/example_dags/tutorial.py
[2025-02-01T02:56:04.140+0000] {logging_mixin.py:137} INFO - [2025-02-01T02:56:04.140+0000] {dag.py:2690} INFO - Sync 1 DAGs
[2025-02-01T02:56:04.203+0000] {logging_mixin.py:137} INFO - [2025-02-01T02:56:04.203+0000] {dag.py:3441} INFO - Setting next_dagrun for tutorial to 2025-01-31T02:56:04.202994+00:00, run_after=2025-02-01T02:56:04.202994+00:00
[2025-02-01T02:56:04.282+0000] {processor.py:175} INFO - Processing /home/airflow/.local/lib/python3.7/site-packages/airflow/example_dags/tutorial.py took 0.249 seconds
[2025-02-01T02:56:34.739+0000] {processor.py:153} INFO - Started process (PID=1844) to work on /home/airflow/.local/lib/python3.7/site-packages/airflow/example_dags/tutorial.py
[2025-02-01T02:56:34.742+0000] {processor.py:743} INFO - Processing file /home/airflow/.local/lib/python3.7/site-packages/airflow/example_dags/tutorial.py for tasks to queue
[2025-02-01T02:56:34.746+0000] {logging_mixin.py:137} INFO - [2025-02-01T02:56:34.744+0000] {dagbag.py:538} INFO - Filling up the DagBag from /home/airflow/.local/lib/python3.7/site-packages/airflow/example_dags/tutorial.py
[2025-02-01T02:56:34.814+0000] {processor.py:753} INFO - DAG(s) dict_keys(['tutorial']) retrieved from /home/airflow/.local/lib/python3.7/site-packages/airflow/example_dags/tutorial.py
[2025-02-01T02:56:34.906+0000] {logging_mixin.py:137} INFO - [2025-02-01T02:56:34.905+0000] {dag.py:2690} INFO - Sync 1 DAGs
[2025-02-01T02:56:34.971+0000] {logging_mixin.py:137} INFO - [2025-02-01T02:56:34.971+0000] {dag.py:3441} INFO - Setting next_dagrun for tutorial to 2025-01-31T02:56:34.970821+00:00, run_after=2025-02-01T02:56:34.970821+00:00
[2025-02-01T02:56:35.040+0000] {processor.py:175} INFO - Processing /home/airflow/.local/lib/python3.7/site-packages/airflow/example_dags/tutorial.py took 0.315 seconds
[2025-02-01T02:57:05.312+0000] {processor.py:153} INFO - Started process (PID=1902) to work on /home/airflow/.local/lib/python3.7/site-packages/airflow/example_dags/tutorial.py
[2025-02-01T02:57:05.316+0000] {processor.py:743} INFO - Processing file /home/airflow/.local/lib/python3.7/site-packages/airflow/example_dags/tutorial.py for tasks to queue
[2025-02-01T02:57:05.317+0000] {logging_mixin.py:137} INFO - [2025-02-01T02:57:05.317+0000] {dagbag.py:538} INFO - Filling up the DagBag from /home/airflow/.local/lib/python3.7/site-packages/airflow/example_dags/tutorial.py
[2025-02-01T02:57:05.389+0000] {processor.py:753} INFO - DAG(s) dict_keys(['tutorial']) retrieved from /home/airflow/.local/lib/python3.7/site-packages/airflow/example_dags/tutorial.py
[2025-02-01T02:57:05.509+0000] {logging_mixin.py:137} INFO - [2025-02-01T02:57:05.508+0000] {dag.py:2690} INFO - Sync 1 DAGs
[2025-02-01T02:57:05.643+0000] {logging_mixin.py:137} INFO - [2025-02-01T02:57:05.642+0000] {dag.py:3441} INFO - Setting next_dagrun for tutorial to 2025-01-31T02:57:05.640092+00:00, run_after=2025-02-01T02:57:05.640092+00:00
[2025-02-01T02:57:05.733+0000] {processor.py:175} INFO - Processing /home/airflow/.local/lib/python3.7/site-packages/airflow/example_dags/tutorial.py took 0.435 seconds
[2025-02-01T02:57:36.074+0000] {processor.py:153} INFO - Started process (PID=1952) to work on /home/airflow/.local/lib/python3.7/site-packages/airflow/example_dags/tutorial.py
[2025-02-01T02:57:36.078+0000] {processor.py:743} INFO - Processing file /home/airflow/.local/lib/python3.7/site-packages/airflow/example_dags/tutorial.py for tasks to queue
[2025-02-01T02:57:36.080+0000] {logging_mixin.py:137} INFO - [2025-02-01T02:57:36.079+0000] {dagbag.py:538} INFO - Filling up the DagBag from /home/airflow/.local/lib/python3.7/site-packages/airflow/example_dags/tutorial.py
[2025-02-01T02:57:36.112+0000] {processor.py:753} INFO - DAG(s) dict_keys(['tutorial']) retrieved from /home/airflow/.local/lib/python3.7/site-packages/airflow/example_dags/tutorial.py
[2025-02-01T02:57:36.169+0000] {logging_mixin.py:137} INFO - [2025-02-01T02:57:36.168+0000] {dag.py:2690} INFO - Sync 1 DAGs
[2025-02-01T02:57:36.255+0000] {logging_mixin.py:137} INFO - [2025-02-01T02:57:36.255+0000] {dag.py:3441} INFO - Setting next_dagrun for tutorial to 2025-01-31T02:57:36.254945+00:00, run_after=2025-02-01T02:57:36.254945+00:00
[2025-02-01T02:57:36.301+0000] {processor.py:175} INFO - Processing /home/airflow/.local/lib/python3.7/site-packages/airflow/example_dags/tutorial.py took 0.242 seconds
[2025-02-01T02:58:06.660+0000] {processor.py:153} INFO - Started process (PID=2010) to work on /home/airflow/.local/lib/python3.7/site-packages/airflow/example_dags/tutorial.py
[2025-02-01T02:58:06.662+0000] {processor.py:743} INFO - Processing file /home/airflow/.local/lib/python3.7/site-packages/airflow/example_dags/tutorial.py for tasks to queue
[2025-02-01T02:58:06.673+0000] {logging_mixin.py:137} INFO - [2025-02-01T02:58:06.673+0000] {dagbag.py:538} INFO - Filling up the DagBag from /home/airflow/.local/lib/python3.7/site-packages/airflow/example_dags/tutorial.py
[2025-02-01T02:58:06.838+0000] {processor.py:753} INFO - DAG(s) dict_keys(['tutorial']) retrieved from /home/airflow/.local/lib/python3.7/site-packages/airflow/example_dags/tutorial.py
[2025-02-01T02:58:07.160+0000] {logging_mixin.py:137} INFO - [2025-02-01T02:58:07.159+0000] {dag.py:2690} INFO - Sync 1 DAGs
[2025-02-01T02:58:07.468+0000] {logging_mixin.py:137} INFO - [2025-02-01T02:58:07.467+0000] {dag.py:3441} INFO - Setting next_dagrun for tutorial to 2025-01-31T02:58:07.459103+00:00, run_after=2025-02-01T02:58:07.459103+00:00
[2025-02-01T02:58:07.692+0000] {processor.py:175} INFO - Processing /home/airflow/.local/lib/python3.7/site-packages/airflow/example_dags/tutorial.py took 1.073 seconds
[2025-02-01T02:58:38.133+0000] {processor.py:153} INFO - Started process (PID=2060) to work on /home/airflow/.local/lib/python3.7/site-packages/airflow/example_dags/tutorial.py
[2025-02-01T02:58:38.138+0000] {processor.py:743} INFO - Processing file /home/airflow/.local/lib/python3.7/site-packages/airflow/example_dags/tutorial.py for tasks to queue
[2025-02-01T02:58:38.144+0000] {logging_mixin.py:137} INFO - [2025-02-01T02:58:38.143+0000] {dagbag.py:538} INFO - Filling up the DagBag from /home/airflow/.local/lib/python3.7/site-packages/airflow/example_dags/tutorial.py
[2025-02-01T02:58:38.266+0000] {processor.py:753} INFO - DAG(s) dict_keys(['tutorial']) retrieved from /home/airflow/.local/lib/python3.7/site-packages/airflow/example_dags/tutorial.py
[2025-02-01T02:58:38.475+0000] {logging_mixin.py:137} INFO - [2025-02-01T02:58:38.474+0000] {dag.py:2690} INFO - Sync 1 DAGs
[2025-02-01T02:58:38.793+0000] {logging_mixin.py:137} INFO - [2025-02-01T02:58:38.792+0000] {dag.py:3441} INFO - Setting next_dagrun for tutorial to 2025-01-31T02:58:38.784076+00:00, run_after=2025-02-01T02:58:38.784076+00:00
[2025-02-01T02:58:38.976+0000] {processor.py:175} INFO - Processing /home/airflow/.local/lib/python3.7/site-packages/airflow/example_dags/tutorial.py took 0.873 seconds
[2025-02-01T02:59:09.952+0000] {processor.py:153} INFO - Started process (PID=2119) to work on /home/airflow/.local/lib/python3.7/site-packages/airflow/example_dags/tutorial.py
[2025-02-01T02:59:09.954+0000] {processor.py:743} INFO - Processing file /home/airflow/.local/lib/python3.7/site-packages/airflow/example_dags/tutorial.py for tasks to queue
[2025-02-01T02:59:09.955+0000] {logging_mixin.py:137} INFO - [2025-02-01T02:59:09.955+0000] {dagbag.py:538} INFO - Filling up the DagBag from /home/airflow/.local/lib/python3.7/site-packages/airflow/example_dags/tutorial.py
[2025-02-01T02:59:09.997+0000] {processor.py:753} INFO - DAG(s) dict_keys(['tutorial']) retrieved from /home/airflow/.local/lib/python3.7/site-packages/airflow/example_dags/tutorial.py
[2025-02-01T02:59:10.056+0000] {logging_mixin.py:137} INFO - [2025-02-01T02:59:10.055+0000] {dag.py:2690} INFO - Sync 1 DAGs
[2025-02-01T02:59:10.127+0000] {logging_mixin.py:137} INFO - [2025-02-01T02:59:10.127+0000] {dag.py:3441} INFO - Setting next_dagrun for tutorial to 2025-01-31T02:59:10.126668+00:00, run_after=2025-02-01T02:59:10.126668+00:00
[2025-02-01T02:59:10.174+0000] {processor.py:175} INFO - Processing /home/airflow/.local/lib/python3.7/site-packages/airflow/example_dags/tutorial.py took 0.231 seconds
[2025-02-01T02:59:40.510+0000] {processor.py:153} INFO - Started process (PID=2177) to work on /home/airflow/.local/lib/python3.7/site-packages/airflow/example_dags/tutorial.py
[2025-02-01T02:59:40.512+0000] {processor.py:743} INFO - Processing file /home/airflow/.local/lib/python3.7/site-packages/airflow/example_dags/tutorial.py for tasks to queue
[2025-02-01T02:59:40.513+0000] {logging_mixin.py:137} INFO - [2025-02-01T02:59:40.513+0000] {dagbag.py:538} INFO - Filling up the DagBag from /home/airflow/.local/lib/python3.7/site-packages/airflow/example_dags/tutorial.py
[2025-02-01T02:59:40.586+0000] {processor.py:753} INFO - DAG(s) dict_keys(['tutorial']) retrieved from /home/airflow/.local/lib/python3.7/site-packages/airflow/example_dags/tutorial.py
[2025-02-01T02:59:40.703+0000] {logging_mixin.py:137} INFO - [2025-02-01T02:59:40.703+0000] {dag.py:2690} INFO - Sync 1 DAGs
[2025-02-01T02:59:40.832+0000] {logging_mixin.py:137} INFO - [2025-02-01T02:59:40.831+0000] {dag.py:3441} INFO - Setting next_dagrun for tutorial to 2025-01-31T02:59:40.831169+00:00, run_after=2025-02-01T02:59:40.831169+00:00
[2025-02-01T02:59:40.904+0000] {processor.py:175} INFO - Processing /home/airflow/.local/lib/python3.7/site-packages/airflow/example_dags/tutorial.py took 0.412 seconds
[2025-02-01T03:00:11.059+0000] {processor.py:153} INFO - Started process (PID=2226) to work on /home/airflow/.local/lib/python3.7/site-packages/airflow/example_dags/tutorial.py
[2025-02-01T03:00:11.065+0000] {processor.py:743} INFO - Processing file /home/airflow/.local/lib/python3.7/site-packages/airflow/example_dags/tutorial.py for tasks to queue
[2025-02-01T03:00:11.067+0000] {logging_mixin.py:137} INFO - [2025-02-01T03:00:11.066+0000] {dagbag.py:538} INFO - Filling up the DagBag from /home/airflow/.local/lib/python3.7/site-packages/airflow/example_dags/tutorial.py
[2025-02-01T03:00:11.200+0000] {processor.py:753} INFO - DAG(s) dict_keys(['tutorial']) retrieved from /home/airflow/.local/lib/python3.7/site-packages/airflow/example_dags/tutorial.py
[2025-02-01T03:00:11.394+0000] {logging_mixin.py:137} INFO - [2025-02-01T03:00:11.392+0000] {dag.py:2690} INFO - Sync 1 DAGs
[2025-02-01T03:00:11.742+0000] {logging_mixin.py:137} INFO - [2025-02-01T03:00:11.742+0000] {dag.py:3441} INFO - Setting next_dagrun for tutorial to 2025-01-31T03:00:11.739814+00:00, run_after=2025-02-01T03:00:11.739814+00:00
[2025-02-01T03:00:11.964+0000] {processor.py:175} INFO - Processing /home/airflow/.local/lib/python3.7/site-packages/airflow/example_dags/tutorial.py took 0.941 seconds
[2025-02-01T03:00:42.422+0000] {processor.py:153} INFO - Started process (PID=2285) to work on /home/airflow/.local/lib/python3.7/site-packages/airflow/example_dags/tutorial.py
[2025-02-01T03:00:42.424+0000] {processor.py:743} INFO - Processing file /home/airflow/.local/lib/python3.7/site-packages/airflow/example_dags/tutorial.py for tasks to queue
[2025-02-01T03:00:42.425+0000] {logging_mixin.py:137} INFO - [2025-02-01T03:00:42.425+0000] {dagbag.py:538} INFO - Filling up the DagBag from /home/airflow/.local/lib/python3.7/site-packages/airflow/example_dags/tutorial.py
[2025-02-01T03:00:42.459+0000] {processor.py:753} INFO - DAG(s) dict_keys(['tutorial']) retrieved from /home/airflow/.local/lib/python3.7/site-packages/airflow/example_dags/tutorial.py
[2025-02-01T03:00:42.517+0000] {logging_mixin.py:137} INFO - [2025-02-01T03:00:42.516+0000] {dag.py:2690} INFO - Sync 1 DAGs
[2025-02-01T03:00:42.581+0000] {logging_mixin.py:137} INFO - [2025-02-01T03:00:42.581+0000] {dag.py:3441} INFO - Setting next_dagrun for tutorial to 2025-01-31T03:00:42.580948+00:00, run_after=2025-02-01T03:00:42.580948+00:00
[2025-02-01T03:00:42.629+0000] {processor.py:175} INFO - Processing /home/airflow/.local/lib/python3.7/site-packages/airflow/example_dags/tutorial.py took 0.214 seconds
[2025-02-01T03:01:12.815+0000] {processor.py:153} INFO - Started process (PID=2344) to work on /home/airflow/.local/lib/python3.7/site-packages/airflow/example_dags/tutorial.py
[2025-02-01T03:01:12.817+0000] {processor.py:743} INFO - Processing file /home/airflow/.local/lib/python3.7/site-packages/airflow/example_dags/tutorial.py for tasks to queue
[2025-02-01T03:01:12.819+0000] {logging_mixin.py:137} INFO - [2025-02-01T03:01:12.818+0000] {dagbag.py:538} INFO - Filling up the DagBag from /home/airflow/.local/lib/python3.7/site-packages/airflow/example_dags/tutorial.py
[2025-02-01T03:01:12.863+0000] {processor.py:753} INFO - DAG(s) dict_keys(['tutorial']) retrieved from /home/airflow/.local/lib/python3.7/site-packages/airflow/example_dags/tutorial.py
[2025-02-01T03:01:12.925+0000] {logging_mixin.py:137} INFO - [2025-02-01T03:01:12.925+0000] {dag.py:2690} INFO - Sync 1 DAGs
[2025-02-01T03:01:13.002+0000] {logging_mixin.py:137} INFO - [2025-02-01T03:01:13.002+0000] {dag.py:3441} INFO - Setting next_dagrun for tutorial to 2025-01-31T03:01:13.001797+00:00, run_after=2025-02-01T03:01:13.001797+00:00
[2025-02-01T03:01:13.080+0000] {processor.py:175} INFO - Processing /home/airflow/.local/lib/python3.7/site-packages/airflow/example_dags/tutorial.py took 0.281 seconds
[2025-02-01T03:01:43.433+0000] {processor.py:153} INFO - Started process (PID=2402) to work on /home/airflow/.local/lib/python3.7/site-packages/airflow/example_dags/tutorial.py
[2025-02-01T03:01:43.440+0000] {processor.py:743} INFO - Processing file /home/airflow/.local/lib/python3.7/site-packages/airflow/example_dags/tutorial.py for tasks to queue
[2025-02-01T03:01:43.441+0000] {logging_mixin.py:137} INFO - [2025-02-01T03:01:43.441+0000] {dagbag.py:538} INFO - Filling up the DagBag from /home/airflow/.local/lib/python3.7/site-packages/airflow/example_dags/tutorial.py
[2025-02-01T03:01:43.547+0000] {processor.py:753} INFO - DAG(s) dict_keys(['tutorial']) retrieved from /home/airflow/.local/lib/python3.7/site-packages/airflow/example_dags/tutorial.py
[2025-02-01T03:01:43.716+0000] {logging_mixin.py:137} INFO - [2025-02-01T03:01:43.715+0000] {dag.py:2690} INFO - Sync 1 DAGs
[2025-02-01T03:01:43.909+0000] {logging_mixin.py:137} INFO - [2025-02-01T03:01:43.904+0000] {dag.py:3441} INFO - Setting next_dagrun for tutorial to 2025-01-31T03:01:43.904153+00:00, run_after=2025-02-01T03:01:43.904153+00:00
[2025-02-01T03:01:44.048+0000] {processor.py:175} INFO - Processing /home/airflow/.local/lib/python3.7/site-packages/airflow/example_dags/tutorial.py took 0.643 seconds
[2025-02-01T03:02:14.608+0000] {processor.py:153} INFO - Started process (PID=2457) to work on /home/airflow/.local/lib/python3.7/site-packages/airflow/example_dags/tutorial.py
[2025-02-01T03:02:14.610+0000] {processor.py:743} INFO - Processing file /home/airflow/.local/lib/python3.7/site-packages/airflow/example_dags/tutorial.py for tasks to queue
[2025-02-01T03:02:14.612+0000] {logging_mixin.py:137} INFO - [2025-02-01T03:02:14.611+0000] {dagbag.py:538} INFO - Filling up the DagBag from /home/airflow/.local/lib/python3.7/site-packages/airflow/example_dags/tutorial.py
[2025-02-01T03:02:14.665+0000] {processor.py:753} INFO - DAG(s) dict_keys(['tutorial']) retrieved from /home/airflow/.local/lib/python3.7/site-packages/airflow/example_dags/tutorial.py
[2025-02-01T03:02:14.722+0000] {logging_mixin.py:137} INFO - [2025-02-01T03:02:14.722+0000] {dag.py:2690} INFO - Sync 1 DAGs
[2025-02-01T03:02:14.786+0000] {logging_mixin.py:137} INFO - [2025-02-01T03:02:14.786+0000] {dag.py:3441} INFO - Setting next_dagrun for tutorial to 2025-01-31T03:02:14.785778+00:00, run_after=2025-02-01T03:02:14.785778+00:00
[2025-02-01T03:02:14.852+0000] {processor.py:175} INFO - Processing /home/airflow/.local/lib/python3.7/site-packages/airflow/example_dags/tutorial.py took 0.252 seconds
[2025-02-01T03:02:45.216+0000] {processor.py:153} INFO - Started process (PID=2510) to work on /home/airflow/.local/lib/python3.7/site-packages/airflow/example_dags/tutorial.py
[2025-02-01T03:02:45.217+0000] {processor.py:743} INFO - Processing file /home/airflow/.local/lib/python3.7/site-packages/airflow/example_dags/tutorial.py for tasks to queue
[2025-02-01T03:02:45.220+0000] {logging_mixin.py:137} INFO - [2025-02-01T03:02:45.219+0000] {dagbag.py:538} INFO - Filling up the DagBag from /home/airflow/.local/lib/python3.7/site-packages/airflow/example_dags/tutorial.py
[2025-02-01T03:02:45.253+0000] {processor.py:753} INFO - DAG(s) dict_keys(['tutorial']) retrieved from /home/airflow/.local/lib/python3.7/site-packages/airflow/example_dags/tutorial.py
[2025-02-01T03:02:45.310+0000] {logging_mixin.py:137} INFO - [2025-02-01T03:02:45.310+0000] {dag.py:2690} INFO - Sync 1 DAGs
[2025-02-01T03:02:45.375+0000] {logging_mixin.py:137} INFO - [2025-02-01T03:02:45.374+0000] {dag.py:3441} INFO - Setting next_dagrun for tutorial to 2025-01-31T03:02:45.374114+00:00, run_after=2025-02-01T03:02:45.374114+00:00
[2025-02-01T03:02:45.420+0000] {processor.py:175} INFO - Processing /home/airflow/.local/lib/python3.7/site-packages/airflow/example_dags/tutorial.py took 0.211 seconds
[2025-02-01T03:03:16.878+0000] {processor.py:153} INFO - Started process (PID=2569) to work on /home/airflow/.local/lib/python3.7/site-packages/airflow/example_dags/tutorial.py
[2025-02-01T03:03:16.882+0000] {processor.py:743} INFO - Processing file /home/airflow/.local/lib/python3.7/site-packages/airflow/example_dags/tutorial.py for tasks to queue
[2025-02-01T03:03:16.887+0000] {logging_mixin.py:137} INFO - [2025-02-01T03:03:16.887+0000] {dagbag.py:538} INFO - Filling up the DagBag from /home/airflow/.local/lib/python3.7/site-packages/airflow/example_dags/tutorial.py
[2025-02-01T03:03:17.019+0000] {processor.py:753} INFO - DAG(s) dict_keys(['tutorial']) retrieved from /home/airflow/.local/lib/python3.7/site-packages/airflow/example_dags/tutorial.py
[2025-02-01T03:03:17.197+0000] {logging_mixin.py:137} INFO - [2025-02-01T03:03:17.196+0000] {dag.py:2690} INFO - Sync 1 DAGs
[2025-02-01T03:03:17.382+0000] {logging_mixin.py:137} INFO - [2025-02-01T03:03:17.381+0000] {dag.py:3441} INFO - Setting next_dagrun for tutorial to 2025-01-31T03:03:17.381083+00:00, run_after=2025-02-01T03:03:17.381083+00:00
[2025-02-01T03:03:17.459+0000] {processor.py:175} INFO - Processing /home/airflow/.local/lib/python3.7/site-packages/airflow/example_dags/tutorial.py took 0.603 seconds
[2025-02-01T03:03:48.246+0000] {processor.py:153} INFO - Started process (PID=2627) to work on /home/airflow/.local/lib/python3.7/site-packages/airflow/example_dags/tutorial.py
[2025-02-01T03:03:48.255+0000] {processor.py:743} INFO - Processing file /home/airflow/.local/lib/python3.7/site-packages/airflow/example_dags/tutorial.py for tasks to queue
[2025-02-01T03:03:48.260+0000] {logging_mixin.py:137} INFO - [2025-02-01T03:03:48.260+0000] {dagbag.py:538} INFO - Filling up the DagBag from /home/airflow/.local/lib/python3.7/site-packages/airflow/example_dags/tutorial.py
[2025-02-01T03:03:48.447+0000] {processor.py:753} INFO - DAG(s) dict_keys(['tutorial']) retrieved from /home/airflow/.local/lib/python3.7/site-packages/airflow/example_dags/tutorial.py
[2025-02-01T03:03:48.741+0000] {logging_mixin.py:137} INFO - [2025-02-01T03:03:48.740+0000] {dag.py:2690} INFO - Sync 1 DAGs
[2025-02-01T03:03:49.108+0000] {logging_mixin.py:137} INFO - [2025-02-01T03:03:49.100+0000] {dag.py:3441} INFO - Setting next_dagrun for tutorial to 2025-01-31T03:03:49.100178+00:00, run_after=2025-02-01T03:03:49.100178+00:00
[2025-02-01T03:03:49.320+0000] {processor.py:175} INFO - Processing /home/airflow/.local/lib/python3.7/site-packages/airflow/example_dags/tutorial.py took 1.116 seconds
[2025-02-01T03:04:19.462+0000] {processor.py:153} INFO - Started process (PID=2677) to work on /home/airflow/.local/lib/python3.7/site-packages/airflow/example_dags/tutorial.py
[2025-02-01T03:04:19.464+0000] {processor.py:743} INFO - Processing file /home/airflow/.local/lib/python3.7/site-packages/airflow/example_dags/tutorial.py for tasks to queue
[2025-02-01T03:04:19.466+0000] {logging_mixin.py:137} INFO - [2025-02-01T03:04:19.466+0000] {dagbag.py:538} INFO - Filling up the DagBag from /home/airflow/.local/lib/python3.7/site-packages/airflow/example_dags/tutorial.py
[2025-02-01T03:04:19.500+0000] {processor.py:753} INFO - DAG(s) dict_keys(['tutorial']) retrieved from /home/airflow/.local/lib/python3.7/site-packages/airflow/example_dags/tutorial.py
[2025-02-01T03:04:19.558+0000] {logging_mixin.py:137} INFO - [2025-02-01T03:04:19.557+0000] {dag.py:2690} INFO - Sync 1 DAGs
[2025-02-01T03:04:19.623+0000] {logging_mixin.py:137} INFO - [2025-02-01T03:04:19.623+0000] {dag.py:3441} INFO - Setting next_dagrun for tutorial to 2025-01-31T03:04:19.623055+00:00, run_after=2025-02-01T03:04:19.623055+00:00
[2025-02-01T03:04:19.678+0000] {processor.py:175} INFO - Processing /home/airflow/.local/lib/python3.7/site-packages/airflow/example_dags/tutorial.py took 0.225 seconds
[2025-02-01T03:04:49.970+0000] {processor.py:153} INFO - Started process (PID=2735) to work on /home/airflow/.local/lib/python3.7/site-packages/airflow/example_dags/tutorial.py
[2025-02-01T03:04:49.972+0000] {processor.py:743} INFO - Processing file /home/airflow/.local/lib/python3.7/site-packages/airflow/example_dags/tutorial.py for tasks to queue
[2025-02-01T03:04:49.973+0000] {logging_mixin.py:137} INFO - [2025-02-01T03:04:49.973+0000] {dagbag.py:538} INFO - Filling up the DagBag from /home/airflow/.local/lib/python3.7/site-packages/airflow/example_dags/tutorial.py
[2025-02-01T03:04:50.005+0000] {processor.py:753} INFO - DAG(s) dict_keys(['tutorial']) retrieved from /home/airflow/.local/lib/python3.7/site-packages/airflow/example_dags/tutorial.py
[2025-02-01T03:04:50.065+0000] {logging_mixin.py:137} INFO - [2025-02-01T03:04:50.065+0000] {dag.py:2690} INFO - Sync 1 DAGs
[2025-02-01T03:04:50.138+0000] {logging_mixin.py:137} INFO - [2025-02-01T03:04:50.138+0000] {dag.py:3441} INFO - Setting next_dagrun for tutorial to 2025-01-31T03:04:50.137678+00:00, run_after=2025-02-01T03:04:50.137678+00:00
[2025-02-01T03:04:50.189+0000] {processor.py:175} INFO - Processing /home/airflow/.local/lib/python3.7/site-packages/airflow/example_dags/tutorial.py took 0.227 seconds
[2025-02-01T03:05:21.187+0000] {processor.py:153} INFO - Started process (PID=2791) to work on /home/airflow/.local/lib/python3.7/site-packages/airflow/example_dags/tutorial.py
[2025-02-01T03:05:21.194+0000] {processor.py:743} INFO - Processing file /home/airflow/.local/lib/python3.7/site-packages/airflow/example_dags/tutorial.py for tasks to queue
[2025-02-01T03:05:21.200+0000] {logging_mixin.py:137} INFO - [2025-02-01T03:05:21.196+0000] {dagbag.py:538} INFO - Filling up the DagBag from /home/airflow/.local/lib/python3.7/site-packages/airflow/example_dags/tutorial.py
[2025-02-01T03:05:21.326+0000] {processor.py:753} INFO - DAG(s) dict_keys(['tutorial']) retrieved from /home/airflow/.local/lib/python3.7/site-packages/airflow/example_dags/tutorial.py
[2025-02-01T03:05:21.518+0000] {logging_mixin.py:137} INFO - [2025-02-01T03:05:21.517+0000] {dag.py:2690} INFO - Sync 1 DAGs
[2025-02-01T03:05:21.721+0000] {logging_mixin.py:137} INFO - [2025-02-01T03:05:21.720+0000] {dag.py:3441} INFO - Setting next_dagrun for tutorial to 2025-01-31T03:05:21.720224+00:00, run_after=2025-02-01T03:05:21.720224+00:00
[2025-02-01T03:05:21.803+0000] {processor.py:175} INFO - Processing /home/airflow/.local/lib/python3.7/site-packages/airflow/example_dags/tutorial.py took 0.641 seconds
[2025-02-01T03:05:52.138+0000] {processor.py:153} INFO - Started process (PID=2843) to work on /home/airflow/.local/lib/python3.7/site-packages/airflow/example_dags/tutorial.py
[2025-02-01T03:05:52.146+0000] {processor.py:743} INFO - Processing file /home/airflow/.local/lib/python3.7/site-packages/airflow/example_dags/tutorial.py for tasks to queue
[2025-02-01T03:05:52.153+0000] {logging_mixin.py:137} INFO - [2025-02-01T03:05:52.153+0000] {dagbag.py:538} INFO - Filling up the DagBag from /home/airflow/.local/lib/python3.7/site-packages/airflow/example_dags/tutorial.py
[2025-02-01T03:05:52.265+0000] {processor.py:753} INFO - DAG(s) dict_keys(['tutorial']) retrieved from /home/airflow/.local/lib/python3.7/site-packages/airflow/example_dags/tutorial.py
[2025-02-01T03:05:52.337+0000] {logging_mixin.py:137} INFO - [2025-02-01T03:05:52.336+0000] {dag.py:2690} INFO - Sync 1 DAGs
[2025-02-01T03:05:52.459+0000] {logging_mixin.py:137} INFO - [2025-02-01T03:05:52.458+0000] {dag.py:3441} INFO - Setting next_dagrun for tutorial to 2025-01-31T03:05:52.458253+00:00, run_after=2025-02-01T03:05:52.458253+00:00
[2025-02-01T03:05:52.604+0000] {processor.py:175} INFO - Processing /home/airflow/.local/lib/python3.7/site-packages/airflow/example_dags/tutorial.py took 0.487 seconds
[2025-02-01T03:06:23.169+0000] {processor.py:153} INFO - Started process (PID=2902) to work on /home/airflow/.local/lib/python3.7/site-packages/airflow/example_dags/tutorial.py
[2025-02-01T03:06:23.173+0000] {processor.py:743} INFO - Processing file /home/airflow/.local/lib/python3.7/site-packages/airflow/example_dags/tutorial.py for tasks to queue
[2025-02-01T03:06:23.177+0000] {logging_mixin.py:137} INFO - [2025-02-01T03:06:23.175+0000] {dagbag.py:538} INFO - Filling up the DagBag from /home/airflow/.local/lib/python3.7/site-packages/airflow/example_dags/tutorial.py
[2025-02-01T03:06:23.227+0000] {processor.py:753} INFO - DAG(s) dict_keys(['tutorial']) retrieved from /home/airflow/.local/lib/python3.7/site-packages/airflow/example_dags/tutorial.py
[2025-02-01T03:06:23.286+0000] {logging_mixin.py:137} INFO - [2025-02-01T03:06:23.285+0000] {dag.py:2690} INFO - Sync 1 DAGs
[2025-02-01T03:06:23.362+0000] {logging_mixin.py:137} INFO - [2025-02-01T03:06:23.362+0000] {dag.py:3441} INFO - Setting next_dagrun for tutorial to 2025-01-31T03:06:23.361694+00:00, run_after=2025-02-01T03:06:23.361694+00:00
[2025-02-01T03:06:23.444+0000] {processor.py:175} INFO - Processing /home/airflow/.local/lib/python3.7/site-packages/airflow/example_dags/tutorial.py took 0.291 seconds
[2025-02-01T03:06:53.821+0000] {processor.py:153} INFO - Started process (PID=2961) to work on /home/airflow/.local/lib/python3.7/site-packages/airflow/example_dags/tutorial.py
[2025-02-01T03:06:53.828+0000] {processor.py:743} INFO - Processing file /home/airflow/.local/lib/python3.7/site-packages/airflow/example_dags/tutorial.py for tasks to queue
[2025-02-01T03:06:53.830+0000] {logging_mixin.py:137} INFO - [2025-02-01T03:06:53.829+0000] {dagbag.py:538} INFO - Filling up the DagBag from /home/airflow/.local/lib/python3.7/site-packages/airflow/example_dags/tutorial.py
[2025-02-01T03:06:53.929+0000] {processor.py:753} INFO - DAG(s) dict_keys(['tutorial']) retrieved from /home/airflow/.local/lib/python3.7/site-packages/airflow/example_dags/tutorial.py
[2025-02-01T03:06:54.048+0000] {logging_mixin.py:137} INFO - [2025-02-01T03:06:54.047+0000] {dag.py:2690} INFO - Sync 1 DAGs
[2025-02-01T03:06:54.195+0000] {logging_mixin.py:137} INFO - [2025-02-01T03:06:54.194+0000] {dag.py:3441} INFO - Setting next_dagrun for tutorial to 2025-01-31T03:06:54.194149+00:00, run_after=2025-02-01T03:06:54.194149+00:00
[2025-02-01T03:06:54.296+0000] {processor.py:175} INFO - Processing /home/airflow/.local/lib/python3.7/site-packages/airflow/example_dags/tutorial.py took 0.505 seconds
[2025-02-01T03:07:24.423+0000] {processor.py:153} INFO - Started process (PID=3009) to work on /home/airflow/.local/lib/python3.7/site-packages/airflow/example_dags/tutorial.py
[2025-02-01T03:07:24.425+0000] {processor.py:743} INFO - Processing file /home/airflow/.local/lib/python3.7/site-packages/airflow/example_dags/tutorial.py for tasks to queue
[2025-02-01T03:07:24.427+0000] {logging_mixin.py:137} INFO - [2025-02-01T03:07:24.426+0000] {dagbag.py:538} INFO - Filling up the DagBag from /home/airflow/.local/lib/python3.7/site-packages/airflow/example_dags/tutorial.py
[2025-02-01T03:07:24.459+0000] {processor.py:753} INFO - DAG(s) dict_keys(['tutorial']) retrieved from /home/airflow/.local/lib/python3.7/site-packages/airflow/example_dags/tutorial.py
[2025-02-01T03:07:24.518+0000] {logging_mixin.py:137} INFO - [2025-02-01T03:07:24.518+0000] {dag.py:2690} INFO - Sync 1 DAGs
[2025-02-01T03:07:24.583+0000] {logging_mixin.py:137} INFO - [2025-02-01T03:07:24.583+0000] {dag.py:3441} INFO - Setting next_dagrun for tutorial to 2025-01-31T03:07:24.582923+00:00, run_after=2025-02-01T03:07:24.582923+00:00
[2025-02-01T03:07:24.635+0000] {processor.py:175} INFO - Processing /home/airflow/.local/lib/python3.7/site-packages/airflow/example_dags/tutorial.py took 0.223 seconds
[2025-02-01T03:07:55.523+0000] {processor.py:153} INFO - Started process (PID=3069) to work on /home/airflow/.local/lib/python3.7/site-packages/airflow/example_dags/tutorial.py
[2025-02-01T03:07:55.524+0000] {processor.py:743} INFO - Processing file /home/airflow/.local/lib/python3.7/site-packages/airflow/example_dags/tutorial.py for tasks to queue
[2025-02-01T03:07:55.528+0000] {logging_mixin.py:137} INFO - [2025-02-01T03:07:55.527+0000] {dagbag.py:538} INFO - Filling up the DagBag from /home/airflow/.local/lib/python3.7/site-packages/airflow/example_dags/tutorial.py
[2025-02-01T03:07:55.599+0000] {processor.py:753} INFO - DAG(s) dict_keys(['tutorial']) retrieved from /home/airflow/.local/lib/python3.7/site-packages/airflow/example_dags/tutorial.py
[2025-02-01T03:07:55.719+0000] {logging_mixin.py:137} INFO - [2025-02-01T03:07:55.718+0000] {dag.py:2690} INFO - Sync 1 DAGs
[2025-02-01T03:07:55.816+0000] {logging_mixin.py:137} INFO - [2025-02-01T03:07:55.815+0000] {dag.py:3441} INFO - Setting next_dagrun for tutorial to 2025-01-31T03:07:55.815310+00:00, run_after=2025-02-01T03:07:55.815310+00:00
[2025-02-01T03:07:55.873+0000] {processor.py:175} INFO - Processing /home/airflow/.local/lib/python3.7/site-packages/airflow/example_dags/tutorial.py took 0.377 seconds
[2025-02-01T03:08:26.136+0000] {processor.py:153} INFO - Started process (PID=3125) to work on /home/airflow/.local/lib/python3.7/site-packages/airflow/example_dags/tutorial.py
[2025-02-01T03:08:26.139+0000] {processor.py:743} INFO - Processing file /home/airflow/.local/lib/python3.7/site-packages/airflow/example_dags/tutorial.py for tasks to queue
[2025-02-01T03:08:26.140+0000] {logging_mixin.py:137} INFO - [2025-02-01T03:08:26.140+0000] {dagbag.py:538} INFO - Filling up the DagBag from /home/airflow/.local/lib/python3.7/site-packages/airflow/example_dags/tutorial.py
[2025-02-01T03:08:26.197+0000] {processor.py:753} INFO - DAG(s) dict_keys(['tutorial']) retrieved from /home/airflow/.local/lib/python3.7/site-packages/airflow/example_dags/tutorial.py
[2025-02-01T03:08:26.333+0000] {logging_mixin.py:137} INFO - [2025-02-01T03:08:26.332+0000] {dag.py:2690} INFO - Sync 1 DAGs
[2025-02-01T03:08:26.475+0000] {logging_mixin.py:137} INFO - [2025-02-01T03:08:26.475+0000] {dag.py:3441} INFO - Setting next_dagrun for tutorial to 2025-01-31T03:08:26.474726+00:00, run_after=2025-02-01T03:08:26.474726+00:00
[2025-02-01T03:08:26.530+0000] {processor.py:175} INFO - Processing /home/airflow/.local/lib/python3.7/site-packages/airflow/example_dags/tutorial.py took 0.403 seconds
[2025-02-01T03:08:57.643+0000] {processor.py:153} INFO - Started process (PID=3175) to work on /home/airflow/.local/lib/python3.7/site-packages/airflow/example_dags/tutorial.py
[2025-02-01T03:08:57.650+0000] {processor.py:743} INFO - Processing file /home/airflow/.local/lib/python3.7/site-packages/airflow/example_dags/tutorial.py for tasks to queue
[2025-02-01T03:08:57.659+0000] {logging_mixin.py:137} INFO - [2025-02-01T03:08:57.655+0000] {dagbag.py:538} INFO - Filling up the DagBag from /home/airflow/.local/lib/python3.7/site-packages/airflow/example_dags/tutorial.py
[2025-02-01T03:08:57.811+0000] {processor.py:753} INFO - DAG(s) dict_keys(['tutorial']) retrieved from /home/airflow/.local/lib/python3.7/site-packages/airflow/example_dags/tutorial.py
[2025-02-01T03:08:58.007+0000] {logging_mixin.py:137} INFO - [2025-02-01T03:08:58.007+0000] {dag.py:2690} INFO - Sync 1 DAGs
[2025-02-01T03:08:58.188+0000] {logging_mixin.py:137} INFO - [2025-02-01T03:08:58.188+0000] {dag.py:3441} INFO - Setting next_dagrun for tutorial to 2025-01-31T03:08:58.187759+00:00, run_after=2025-02-01T03:08:58.187759+00:00
[2025-02-01T03:08:58.299+0000] {processor.py:175} INFO - Processing /home/airflow/.local/lib/python3.7/site-packages/airflow/example_dags/tutorial.py took 0.695 seconds
[2025-02-01T03:09:29.069+0000] {processor.py:153} INFO - Started process (PID=3233) to work on /home/airflow/.local/lib/python3.7/site-packages/airflow/example_dags/tutorial.py
[2025-02-01T03:09:29.075+0000] {processor.py:743} INFO - Processing file /home/airflow/.local/lib/python3.7/site-packages/airflow/example_dags/tutorial.py for tasks to queue
[2025-02-01T03:09:29.079+0000] {logging_mixin.py:137} INFO - [2025-02-01T03:09:29.079+0000] {dagbag.py:538} INFO - Filling up the DagBag from /home/airflow/.local/lib/python3.7/site-packages/airflow/example_dags/tutorial.py
[2025-02-01T03:09:29.191+0000] {processor.py:753} INFO - DAG(s) dict_keys(['tutorial']) retrieved from /home/airflow/.local/lib/python3.7/site-packages/airflow/example_dags/tutorial.py
[2025-02-01T03:09:29.403+0000] {logging_mixin.py:137} INFO - [2025-02-01T03:09:29.402+0000] {dag.py:2690} INFO - Sync 1 DAGs
[2025-02-01T03:09:29.611+0000] {logging_mixin.py:137} INFO - [2025-02-01T03:09:29.606+0000] {dag.py:3441} INFO - Setting next_dagrun for tutorial to 2025-01-31T03:09:29.606418+00:00, run_after=2025-02-01T03:09:29.606418+00:00
[2025-02-01T03:09:29.779+0000] {processor.py:175} INFO - Processing /home/airflow/.local/lib/python3.7/site-packages/airflow/example_dags/tutorial.py took 0.736 seconds
