[2025-02-20T03:36:45.094+0000] {processor.py:153} INFO - Started process (PID=80) to work on /home/airflow/.local/lib/python3.7/site-packages/airflow/example_dags/example_short_circuit_operator.py
[2025-02-20T03:36:45.111+0000] {processor.py:743} INFO - Processing file /home/airflow/.local/lib/python3.7/site-packages/airflow/example_dags/example_short_circuit_operator.py for tasks to queue
[2025-02-20T03:36:45.134+0000] {logging_mixin.py:137} INFO - [2025-02-20T03:36:45.118+0000] {dagbag.py:538} INFO - Filling up the DagBag from /home/airflow/.local/lib/python3.7/site-packages/airflow/example_dags/example_short_circuit_operator.py
[2025-02-20T03:36:45.442+0000] {processor.py:753} INFO - DAG(s) dict_keys(['example_short_circuit_operator']) retrieved from /home/airflow/.local/lib/python3.7/site-packages/airflow/example_dags/example_short_circuit_operator.py
[2025-02-20T03:36:45.865+0000] {logging_mixin.py:137} INFO - [2025-02-20T03:36:45.864+0000] {dag.py:2690} INFO - Sync 1 DAGs
[2025-02-20T03:36:46.087+0000] {logging_mixin.py:137} INFO - [2025-02-20T03:36:46.082+0000] {dag.py:3441} INFO - Setting next_dagrun for example_short_circuit_operator to 2025-02-19T03:36:46.082121+00:00, run_after=2025-02-20T03:36:46.082121+00:00
[2025-02-20T03:36:46.239+0000] {processor.py:175} INFO - Processing /home/airflow/.local/lib/python3.7/site-packages/airflow/example_dags/example_short_circuit_operator.py took 1.236 seconds
[2025-02-20T03:37:16.814+0000] {processor.py:153} INFO - Started process (PID=139) to work on /home/airflow/.local/lib/python3.7/site-packages/airflow/example_dags/example_short_circuit_operator.py
[2025-02-20T03:37:16.825+0000] {processor.py:743} INFO - Processing file /home/airflow/.local/lib/python3.7/site-packages/airflow/example_dags/example_short_circuit_operator.py for tasks to queue
[2025-02-20T03:37:16.837+0000] {logging_mixin.py:137} INFO - [2025-02-20T03:37:16.836+0000] {dagbag.py:538} INFO - Filling up the DagBag from /home/airflow/.local/lib/python3.7/site-packages/airflow/example_dags/example_short_circuit_operator.py
[2025-02-20T03:37:17.079+0000] {processor.py:753} INFO - DAG(s) dict_keys(['example_short_circuit_operator']) retrieved from /home/airflow/.local/lib/python3.7/site-packages/airflow/example_dags/example_short_circuit_operator.py
[2025-02-20T03:37:17.393+0000] {logging_mixin.py:137} INFO - [2025-02-20T03:37:17.393+0000] {dag.py:2690} INFO - Sync 1 DAGs
[2025-02-20T03:37:17.581+0000] {logging_mixin.py:137} INFO - [2025-02-20T03:37:17.581+0000] {dag.py:3441} INFO - Setting next_dagrun for example_short_circuit_operator to 2025-02-19T03:37:17.576269+00:00, run_after=2025-02-20T03:37:17.576269+00:00
[2025-02-20T03:37:17.705+0000] {processor.py:175} INFO - Processing /home/airflow/.local/lib/python3.7/site-packages/airflow/example_dags/example_short_circuit_operator.py took 0.921 seconds
[2025-02-20T03:37:48.240+0000] {processor.py:153} INFO - Started process (PID=188) to work on /home/airflow/.local/lib/python3.7/site-packages/airflow/example_dags/example_short_circuit_operator.py
[2025-02-20T03:37:48.249+0000] {processor.py:743} INFO - Processing file /home/airflow/.local/lib/python3.7/site-packages/airflow/example_dags/example_short_circuit_operator.py for tasks to queue
[2025-02-20T03:37:48.256+0000] {logging_mixin.py:137} INFO - [2025-02-20T03:37:48.252+0000] {dagbag.py:538} INFO - Filling up the DagBag from /home/airflow/.local/lib/python3.7/site-packages/airflow/example_dags/example_short_circuit_operator.py
[2025-02-20T03:37:48.425+0000] {processor.py:753} INFO - DAG(s) dict_keys(['example_short_circuit_operator']) retrieved from /home/airflow/.local/lib/python3.7/site-packages/airflow/example_dags/example_short_circuit_operator.py
[2025-02-20T03:37:48.588+0000] {logging_mixin.py:137} INFO - [2025-02-20T03:37:48.587+0000] {dag.py:2690} INFO - Sync 1 DAGs
[2025-02-20T03:37:48.662+0000] {logging_mixin.py:137} INFO - [2025-02-20T03:37:48.661+0000] {dag.py:3441} INFO - Setting next_dagrun for example_short_circuit_operator to 2025-02-19T03:37:48.661349+00:00, run_after=2025-02-20T03:37:48.661349+00:00
[2025-02-20T03:37:48.728+0000] {processor.py:175} INFO - Processing /home/airflow/.local/lib/python3.7/site-packages/airflow/example_dags/example_short_circuit_operator.py took 0.522 seconds
[2025-02-20T03:38:18.959+0000] {processor.py:153} INFO - Started process (PID=247) to work on /home/airflow/.local/lib/python3.7/site-packages/airflow/example_dags/example_short_circuit_operator.py
[2025-02-20T03:38:18.961+0000] {processor.py:743} INFO - Processing file /home/airflow/.local/lib/python3.7/site-packages/airflow/example_dags/example_short_circuit_operator.py for tasks to queue
[2025-02-20T03:38:18.963+0000] {logging_mixin.py:137} INFO - [2025-02-20T03:38:18.963+0000] {dagbag.py:538} INFO - Filling up the DagBag from /home/airflow/.local/lib/python3.7/site-packages/airflow/example_dags/example_short_circuit_operator.py
[2025-02-20T03:38:19.004+0000] {processor.py:753} INFO - DAG(s) dict_keys(['example_short_circuit_operator']) retrieved from /home/airflow/.local/lib/python3.7/site-packages/airflow/example_dags/example_short_circuit_operator.py
[2025-02-20T03:38:19.064+0000] {logging_mixin.py:137} INFO - [2025-02-20T03:38:19.064+0000] {dag.py:2690} INFO - Sync 1 DAGs
[2025-02-20T03:38:19.130+0000] {logging_mixin.py:137} INFO - [2025-02-20T03:38:19.130+0000] {dag.py:3441} INFO - Setting next_dagrun for example_short_circuit_operator to 2025-02-19T03:38:19.129266+00:00, run_after=2025-02-20T03:38:19.129266+00:00
[2025-02-20T03:38:19.182+0000] {processor.py:175} INFO - Processing /home/airflow/.local/lib/python3.7/site-packages/airflow/example_dags/example_short_circuit_operator.py took 0.232 seconds
[2025-02-20T03:38:49.302+0000] {processor.py:153} INFO - Started process (PID=304) to work on /home/airflow/.local/lib/python3.7/site-packages/airflow/example_dags/example_short_circuit_operator.py
[2025-02-20T03:38:49.306+0000] {processor.py:743} INFO - Processing file /home/airflow/.local/lib/python3.7/site-packages/airflow/example_dags/example_short_circuit_operator.py for tasks to queue
[2025-02-20T03:38:49.314+0000] {logging_mixin.py:137} INFO - [2025-02-20T03:38:49.314+0000] {dagbag.py:538} INFO - Filling up the DagBag from /home/airflow/.local/lib/python3.7/site-packages/airflow/example_dags/example_short_circuit_operator.py
[2025-02-20T03:38:49.405+0000] {processor.py:753} INFO - DAG(s) dict_keys(['example_short_circuit_operator']) retrieved from /home/airflow/.local/lib/python3.7/site-packages/airflow/example_dags/example_short_circuit_operator.py
[2025-02-20T03:38:49.520+0000] {logging_mixin.py:137} INFO - [2025-02-20T03:38:49.520+0000] {dag.py:2690} INFO - Sync 1 DAGs
[2025-02-20T03:38:49.594+0000] {logging_mixin.py:137} INFO - [2025-02-20T03:38:49.594+0000] {dag.py:3441} INFO - Setting next_dagrun for example_short_circuit_operator to 2025-02-19T03:38:49.593711+00:00, run_after=2025-02-20T03:38:49.593711+00:00
[2025-02-20T03:38:49.647+0000] {processor.py:175} INFO - Processing /home/airflow/.local/lib/python3.7/site-packages/airflow/example_dags/example_short_circuit_operator.py took 0.360 seconds
