[2025-02-20T03:36:51.747+0000] {processor.py:153} INFO - Started process (PID=104) to work on /home/airflow/.local/lib/python3.7/site-packages/airflow/example_dags/example_xcom.py
[2025-02-20T03:36:51.749+0000] {processor.py:743} INFO - Processing file /home/airflow/.local/lib/python3.7/site-packages/airflow/example_dags/example_xcom.py for tasks to queue
[2025-02-20T03:36:51.751+0000] {logging_mixin.py:137} INFO - [2025-02-20T03:36:51.750+0000] {dagbag.py:538} INFO - Filling up the DagBag from /home/airflow/.local/lib/python3.7/site-packages/airflow/example_dags/example_xcom.py
[2025-02-20T03:36:51.809+0000] {processor.py:753} INFO - DAG(s) dict_keys(['example_xcom']) retrieved from /home/airflow/.local/lib/python3.7/site-packages/airflow/example_dags/example_xcom.py
[2025-02-20T03:36:51.869+0000] {logging_mixin.py:137} INFO - [2025-02-20T03:36:51.869+0000] {dag.py:2690} INFO - Sync 1 DAGs
[2025-02-20T03:36:51.932+0000] {logging_mixin.py:137} INFO - [2025-02-20T03:36:51.932+0000] {dag.py:3441} INFO - Setting next_dagrun for example_xcom to 2021-01-01T00:00:00+00:00, run_after=2021-01-01T00:00:00+00:00
[2025-02-20T03:36:51.997+0000] {processor.py:175} INFO - Processing /home/airflow/.local/lib/python3.7/site-packages/airflow/example_dags/example_xcom.py took 0.257 seconds
[2025-02-20T03:37:22.165+0000] {processor.py:153} INFO - Started process (PID=155) to work on /home/airflow/.local/lib/python3.7/site-packages/airflow/example_dags/example_xcom.py
[2025-02-20T03:37:22.168+0000] {processor.py:743} INFO - Processing file /home/airflow/.local/lib/python3.7/site-packages/airflow/example_dags/example_xcom.py for tasks to queue
[2025-02-20T03:37:22.169+0000] {logging_mixin.py:137} INFO - [2025-02-20T03:37:22.169+0000] {dagbag.py:538} INFO - Filling up the DagBag from /home/airflow/.local/lib/python3.7/site-packages/airflow/example_dags/example_xcom.py
[2025-02-20T03:37:22.226+0000] {processor.py:753} INFO - DAG(s) dict_keys(['example_xcom']) retrieved from /home/airflow/.local/lib/python3.7/site-packages/airflow/example_dags/example_xcom.py
[2025-02-20T03:37:22.286+0000] {logging_mixin.py:137} INFO - [2025-02-20T03:37:22.286+0000] {dag.py:2690} INFO - Sync 1 DAGs
[2025-02-20T03:37:22.347+0000] {logging_mixin.py:137} INFO - [2025-02-20T03:37:22.346+0000] {dag.py:3441} INFO - Setting next_dagrun for example_xcom to 2021-01-01T00:00:00+00:00, run_after=2021-01-01T00:00:00+00:00
[2025-02-20T03:37:22.396+0000] {processor.py:175} INFO - Processing /home/airflow/.local/lib/python3.7/site-packages/airflow/example_dags/example_xcom.py took 0.239 seconds
[2025-02-20T03:37:54.764+0000] {processor.py:153} INFO - Started process (PID=213) to work on /home/airflow/.local/lib/python3.7/site-packages/airflow/example_dags/example_xcom.py
[2025-02-20T03:37:54.766+0000] {processor.py:743} INFO - Processing file /home/airflow/.local/lib/python3.7/site-packages/airflow/example_dags/example_xcom.py for tasks to queue
[2025-02-20T03:37:54.770+0000] {logging_mixin.py:137} INFO - [2025-02-20T03:37:54.769+0000] {dagbag.py:538} INFO - Filling up the DagBag from /home/airflow/.local/lib/python3.7/site-packages/airflow/example_dags/example_xcom.py
[2025-02-20T03:37:54.866+0000] {processor.py:753} INFO - DAG(s) dict_keys(['example_xcom']) retrieved from /home/airflow/.local/lib/python3.7/site-packages/airflow/example_dags/example_xcom.py
[2025-02-20T03:37:54.945+0000] {logging_mixin.py:137} INFO - [2025-02-20T03:37:54.945+0000] {dag.py:2690} INFO - Sync 1 DAGs
[2025-02-20T03:37:55.009+0000] {logging_mixin.py:137} INFO - [2025-02-20T03:37:55.009+0000] {dag.py:3441} INFO - Setting next_dagrun for example_xcom to 2021-01-01T00:00:00+00:00, run_after=2021-01-01T00:00:00+00:00
[2025-02-20T03:37:55.074+0000] {processor.py:175} INFO - Processing /home/airflow/.local/lib/python3.7/site-packages/airflow/example_dags/example_xcom.py took 0.325 seconds
[2025-02-20T03:38:26.332+0000] {processor.py:153} INFO - Started process (PID=269) to work on /home/airflow/.local/lib/python3.7/site-packages/airflow/example_dags/example_xcom.py
[2025-02-20T03:38:26.336+0000] {processor.py:743} INFO - Processing file /home/airflow/.local/lib/python3.7/site-packages/airflow/example_dags/example_xcom.py for tasks to queue
[2025-02-20T03:38:26.339+0000] {logging_mixin.py:137} INFO - [2025-02-20T03:38:26.337+0000] {dagbag.py:538} INFO - Filling up the DagBag from /home/airflow/.local/lib/python3.7/site-packages/airflow/example_dags/example_xcom.py
[2025-02-20T03:38:26.403+0000] {processor.py:753} INFO - DAG(s) dict_keys(['example_xcom']) retrieved from /home/airflow/.local/lib/python3.7/site-packages/airflow/example_dags/example_xcom.py
[2025-02-20T03:38:26.498+0000] {logging_mixin.py:137} INFO - [2025-02-20T03:38:26.498+0000] {dag.py:2690} INFO - Sync 1 DAGs
[2025-02-20T03:38:26.603+0000] {logging_mixin.py:137} INFO - [2025-02-20T03:38:26.602+0000] {dag.py:3441} INFO - Setting next_dagrun for example_xcom to 2021-01-01T00:00:00+00:00, run_after=2021-01-01T00:00:00+00:00
[2025-02-20T03:38:26.726+0000] {processor.py:175} INFO - Processing /home/airflow/.local/lib/python3.7/site-packages/airflow/example_dags/example_xcom.py took 0.401 seconds
[2025-02-20T03:38:57.169+0000] {processor.py:153} INFO - Started process (PID=320) to work on /home/airflow/.local/lib/python3.7/site-packages/airflow/example_dags/example_xcom.py
[2025-02-20T03:38:57.170+0000] {processor.py:743} INFO - Processing file /home/airflow/.local/lib/python3.7/site-packages/airflow/example_dags/example_xcom.py for tasks to queue
[2025-02-20T03:38:57.176+0000] {logging_mixin.py:137} INFO - [2025-02-20T03:38:57.175+0000] {dagbag.py:538} INFO - Filling up the DagBag from /home/airflow/.local/lib/python3.7/site-packages/airflow/example_dags/example_xcom.py
[2025-02-20T03:38:57.248+0000] {processor.py:753} INFO - DAG(s) dict_keys(['example_xcom']) retrieved from /home/airflow/.local/lib/python3.7/site-packages/airflow/example_dags/example_xcom.py
[2025-02-20T03:38:57.372+0000] {logging_mixin.py:137} INFO - [2025-02-20T03:38:57.372+0000] {dag.py:2690} INFO - Sync 1 DAGs
[2025-02-20T03:38:57.434+0000] {logging_mixin.py:137} INFO - [2025-02-20T03:38:57.434+0000] {dag.py:3441} INFO - Setting next_dagrun for example_xcom to 2021-01-01T00:00:00+00:00, run_after=2021-01-01T00:00:00+00:00
[2025-02-20T03:38:57.546+0000] {processor.py:175} INFO - Processing /home/airflow/.local/lib/python3.7/site-packages/airflow/example_dags/example_xcom.py took 0.408 seconds
