[2025-02-20T03:37:00.724+0000] {processor.py:153} INFO - Started process (PID=118) to work on /home/airflow/.local/lib/python3.7/site-packages/airflow/example_dags/example_branch_operator.py
[2025-02-20T03:37:00.727+0000] {processor.py:743} INFO - Processing file /home/airflow/.local/lib/python3.7/site-packages/airflow/example_dags/example_branch_operator.py for tasks to queue
[2025-02-20T03:37:00.729+0000] {logging_mixin.py:137} INFO - [2025-02-20T03:37:00.729+0000] {dagbag.py:538} INFO - Filling up the DagBag from /home/airflow/.local/lib/python3.7/site-packages/airflow/example_dags/example_branch_operator.py
[2025-02-20T03:37:00.819+0000] {processor.py:753} INFO - DAG(s) dict_keys(['example_branch_operator']) retrieved from /home/airflow/.local/lib/python3.7/site-packages/airflow/example_dags/example_branch_operator.py
[2025-02-20T03:37:00.987+0000] {logging_mixin.py:137} INFO - [2025-02-20T03:37:00.987+0000] {dag.py:2690} INFO - Sync 1 DAGs
[2025-02-20T03:37:01.157+0000] {logging_mixin.py:137} INFO - [2025-02-20T03:37:01.157+0000] {dag.py:3441} INFO - Setting next_dagrun for example_branch_operator to 2025-02-19T00:00:00+00:00, run_after=2025-02-20T00:00:00+00:00
[2025-02-20T03:37:01.262+0000] {processor.py:175} INFO - Processing /home/airflow/.local/lib/python3.7/site-packages/airflow/example_dags/example_branch_operator.py took 0.558 seconds
[2025-02-20T03:37:31.656+0000] {processor.py:153} INFO - Started process (PID=167) to work on /home/airflow/.local/lib/python3.7/site-packages/airflow/example_dags/example_branch_operator.py
[2025-02-20T03:37:31.660+0000] {processor.py:743} INFO - Processing file /home/airflow/.local/lib/python3.7/site-packages/airflow/example_dags/example_branch_operator.py for tasks to queue
[2025-02-20T03:37:31.663+0000] {logging_mixin.py:137} INFO - [2025-02-20T03:37:31.663+0000] {dagbag.py:538} INFO - Filling up the DagBag from /home/airflow/.local/lib/python3.7/site-packages/airflow/example_dags/example_branch_operator.py
[2025-02-20T03:37:31.852+0000] {processor.py:753} INFO - DAG(s) dict_keys(['example_branch_operator']) retrieved from /home/airflow/.local/lib/python3.7/site-packages/airflow/example_dags/example_branch_operator.py
[2025-02-20T03:37:32.229+0000] {logging_mixin.py:137} INFO - [2025-02-20T03:37:32.228+0000] {dag.py:2690} INFO - Sync 1 DAGs
[2025-02-20T03:37:32.684+0000] {logging_mixin.py:137} INFO - [2025-02-20T03:37:32.684+0000] {dag.py:3441} INFO - Setting next_dagrun for example_branch_operator to 2025-02-19T00:00:00+00:00, run_after=2025-02-20T00:00:00+00:00
[2025-02-20T03:37:32.879+0000] {processor.py:175} INFO - Processing /home/airflow/.local/lib/python3.7/site-packages/airflow/example_dags/example_branch_operator.py took 1.248 seconds
[2025-02-20T03:38:03.460+0000] {processor.py:153} INFO - Started process (PID=226) to work on /home/airflow/.local/lib/python3.7/site-packages/airflow/example_dags/example_branch_operator.py
[2025-02-20T03:38:03.464+0000] {processor.py:743} INFO - Processing file /home/airflow/.local/lib/python3.7/site-packages/airflow/example_dags/example_branch_operator.py for tasks to queue
[2025-02-20T03:38:03.468+0000] {logging_mixin.py:137} INFO - [2025-02-20T03:38:03.465+0000] {dagbag.py:538} INFO - Filling up the DagBag from /home/airflow/.local/lib/python3.7/site-packages/airflow/example_dags/example_branch_operator.py
[2025-02-20T03:38:03.572+0000] {processor.py:753} INFO - DAG(s) dict_keys(['example_branch_operator']) retrieved from /home/airflow/.local/lib/python3.7/site-packages/airflow/example_dags/example_branch_operator.py
[2025-02-20T03:38:03.653+0000] {logging_mixin.py:137} INFO - [2025-02-20T03:38:03.653+0000] {dag.py:2690} INFO - Sync 1 DAGs
[2025-02-20T03:38:03.742+0000] {logging_mixin.py:137} INFO - [2025-02-20T03:38:03.741+0000] {dag.py:3441} INFO - Setting next_dagrun for example_branch_operator to 2025-02-19T00:00:00+00:00, run_after=2025-02-20T00:00:00+00:00
[2025-02-20T03:38:03.789+0000] {processor.py:175} INFO - Processing /home/airflow/.local/lib/python3.7/site-packages/airflow/example_dags/example_branch_operator.py took 0.344 seconds
[2025-02-20T03:38:34.662+0000] {processor.py:153} INFO - Started process (PID=284) to work on /home/airflow/.local/lib/python3.7/site-packages/airflow/example_dags/example_branch_operator.py
[2025-02-20T03:38:34.664+0000] {processor.py:743} INFO - Processing file /home/airflow/.local/lib/python3.7/site-packages/airflow/example_dags/example_branch_operator.py for tasks to queue
[2025-02-20T03:38:34.665+0000] {logging_mixin.py:137} INFO - [2025-02-20T03:38:34.665+0000] {dagbag.py:538} INFO - Filling up the DagBag from /home/airflow/.local/lib/python3.7/site-packages/airflow/example_dags/example_branch_operator.py
[2025-02-20T03:38:34.709+0000] {processor.py:753} INFO - DAG(s) dict_keys(['example_branch_operator']) retrieved from /home/airflow/.local/lib/python3.7/site-packages/airflow/example_dags/example_branch_operator.py
[2025-02-20T03:38:34.771+0000] {logging_mixin.py:137} INFO - [2025-02-20T03:38:34.771+0000] {dag.py:2690} INFO - Sync 1 DAGs
[2025-02-20T03:38:34.836+0000] {logging_mixin.py:137} INFO - [2025-02-20T03:38:34.835+0000] {dag.py:3441} INFO - Setting next_dagrun for example_branch_operator to 2025-02-19T00:00:00+00:00, run_after=2025-02-20T00:00:00+00:00
[2025-02-20T03:38:34.879+0000] {processor.py:175} INFO - Processing /home/airflow/.local/lib/python3.7/site-packages/airflow/example_dags/example_branch_operator.py took 0.225 seconds
[2025-02-20T03:39:04.997+0000] {processor.py:153} INFO - Started process (PID=343) to work on /home/airflow/.local/lib/python3.7/site-packages/airflow/example_dags/example_branch_operator.py
[2025-02-20T03:39:05.001+0000] {processor.py:743} INFO - Processing file /home/airflow/.local/lib/python3.7/site-packages/airflow/example_dags/example_branch_operator.py for tasks to queue
[2025-02-20T03:39:05.005+0000] {logging_mixin.py:137} INFO - [2025-02-20T03:39:05.005+0000] {dagbag.py:538} INFO - Filling up the DagBag from /home/airflow/.local/lib/python3.7/site-packages/airflow/example_dags/example_branch_operator.py
[2025-02-20T03:39:05.106+0000] {processor.py:753} INFO - DAG(s) dict_keys(['example_branch_operator']) retrieved from /home/airflow/.local/lib/python3.7/site-packages/airflow/example_dags/example_branch_operator.py
[2025-02-20T03:39:05.221+0000] {logging_mixin.py:137} INFO - [2025-02-20T03:39:05.221+0000] {dag.py:2690} INFO - Sync 1 DAGs
[2025-02-20T03:39:05.378+0000] {logging_mixin.py:137} INFO - [2025-02-20T03:39:05.377+0000] {dag.py:3441} INFO - Setting next_dagrun for example_branch_operator to 2025-02-19T00:00:00+00:00, run_after=2025-02-20T00:00:00+00:00
[2025-02-20T03:39:05.467+0000] {processor.py:175} INFO - Processing /home/airflow/.local/lib/python3.7/site-packages/airflow/example_dags/example_branch_operator.py took 0.484 seconds
