[2025-02-20T03:37:01.381+0000] {processor.py:153} INFO - Started process (PID=119) to work on /home/airflow/.local/lib/python3.7/site-packages/airflow/example_dags/example_time_delta_sensor_async.py
[2025-02-20T03:37:01.389+0000] {processor.py:743} INFO - Processing file /home/airflow/.local/lib/python3.7/site-packages/airflow/example_dags/example_time_delta_sensor_async.py for tasks to queue
[2025-02-20T03:37:01.400+0000] {logging_mixin.py:137} INFO - [2025-02-20T03:37:01.399+0000] {dagbag.py:538} INFO - Filling up the DagBag from /home/airflow/.local/lib/python3.7/site-packages/airflow/example_dags/example_time_delta_sensor_async.py
[2025-02-20T03:37:01.504+0000] {processor.py:753} INFO - DAG(s) dict_keys(['example_time_delta_sensor_async']) retrieved from /home/airflow/.local/lib/python3.7/site-packages/airflow/example_dags/example_time_delta_sensor_async.py
[2025-02-20T03:37:01.661+0000] {logging_mixin.py:137} INFO - [2025-02-20T03:37:01.661+0000] {dag.py:2690} INFO - Sync 1 DAGs
[2025-02-20T03:37:01.803+0000] {logging_mixin.py:137} INFO - [2025-02-20T03:37:01.802+0000] {dag.py:3441} INFO - Setting next_dagrun for example_time_delta_sensor_async to None, run_after=None
[2025-02-20T03:37:01.888+0000] {processor.py:175} INFO - Processing /home/airflow/.local/lib/python3.7/site-packages/airflow/example_dags/example_time_delta_sensor_async.py took 0.531 seconds
[2025-02-20T03:37:33.062+0000] {processor.py:153} INFO - Started process (PID=175) to work on /home/airflow/.local/lib/python3.7/site-packages/airflow/example_dags/example_time_delta_sensor_async.py
[2025-02-20T03:37:33.068+0000] {processor.py:743} INFO - Processing file /home/airflow/.local/lib/python3.7/site-packages/airflow/example_dags/example_time_delta_sensor_async.py for tasks to queue
[2025-02-20T03:37:33.074+0000] {logging_mixin.py:137} INFO - [2025-02-20T03:37:33.069+0000] {dagbag.py:538} INFO - Filling up the DagBag from /home/airflow/.local/lib/python3.7/site-packages/airflow/example_dags/example_time_delta_sensor_async.py
[2025-02-20T03:37:33.189+0000] {processor.py:753} INFO - DAG(s) dict_keys(['example_time_delta_sensor_async']) retrieved from /home/airflow/.local/lib/python3.7/site-packages/airflow/example_dags/example_time_delta_sensor_async.py
[2025-02-20T03:37:33.417+0000] {logging_mixin.py:137} INFO - [2025-02-20T03:37:33.414+0000] {dag.py:2690} INFO - Sync 1 DAGs
[2025-02-20T03:37:33.626+0000] {logging_mixin.py:137} INFO - [2025-02-20T03:37:33.625+0000] {dag.py:3441} INFO - Setting next_dagrun for example_time_delta_sensor_async to None, run_after=None
[2025-02-20T03:37:33.706+0000] {processor.py:175} INFO - Processing /home/airflow/.local/lib/python3.7/site-packages/airflow/example_dags/example_time_delta_sensor_async.py took 0.672 seconds
[2025-02-20T03:38:03.809+0000] {processor.py:153} INFO - Started process (PID=227) to work on /home/airflow/.local/lib/python3.7/site-packages/airflow/example_dags/example_time_delta_sensor_async.py
[2025-02-20T03:38:03.811+0000] {processor.py:743} INFO - Processing file /home/airflow/.local/lib/python3.7/site-packages/airflow/example_dags/example_time_delta_sensor_async.py for tasks to queue
[2025-02-20T03:38:03.813+0000] {logging_mixin.py:137} INFO - [2025-02-20T03:38:03.813+0000] {dagbag.py:538} INFO - Filling up the DagBag from /home/airflow/.local/lib/python3.7/site-packages/airflow/example_dags/example_time_delta_sensor_async.py
[2025-02-20T03:38:03.839+0000] {processor.py:753} INFO - DAG(s) dict_keys(['example_time_delta_sensor_async']) retrieved from /home/airflow/.local/lib/python3.7/site-packages/airflow/example_dags/example_time_delta_sensor_async.py
[2025-02-20T03:38:03.895+0000] {logging_mixin.py:137} INFO - [2025-02-20T03:38:03.895+0000] {dag.py:2690} INFO - Sync 1 DAGs
[2025-02-20T03:38:03.958+0000] {logging_mixin.py:137} INFO - [2025-02-20T03:38:03.958+0000] {dag.py:3441} INFO - Setting next_dagrun for example_time_delta_sensor_async to None, run_after=None
[2025-02-20T03:38:04.005+0000] {processor.py:175} INFO - Processing /home/airflow/.local/lib/python3.7/site-packages/airflow/example_dags/example_time_delta_sensor_async.py took 0.203 seconds
[2025-02-20T03:38:34.920+0000] {processor.py:153} INFO - Started process (PID=285) to work on /home/airflow/.local/lib/python3.7/site-packages/airflow/example_dags/example_time_delta_sensor_async.py
[2025-02-20T03:38:34.923+0000] {processor.py:743} INFO - Processing file /home/airflow/.local/lib/python3.7/site-packages/airflow/example_dags/example_time_delta_sensor_async.py for tasks to queue
[2025-02-20T03:38:34.927+0000] {logging_mixin.py:137} INFO - [2025-02-20T03:38:34.926+0000] {dagbag.py:538} INFO - Filling up the DagBag from /home/airflow/.local/lib/python3.7/site-packages/airflow/example_dags/example_time_delta_sensor_async.py
[2025-02-20T03:38:34.967+0000] {processor.py:753} INFO - DAG(s) dict_keys(['example_time_delta_sensor_async']) retrieved from /home/airflow/.local/lib/python3.7/site-packages/airflow/example_dags/example_time_delta_sensor_async.py
[2025-02-20T03:38:35.026+0000] {logging_mixin.py:137} INFO - [2025-02-20T03:38:35.026+0000] {dag.py:2690} INFO - Sync 1 DAGs
[2025-02-20T03:38:35.090+0000] {logging_mixin.py:137} INFO - [2025-02-20T03:38:35.089+0000] {dag.py:3441} INFO - Setting next_dagrun for example_time_delta_sensor_async to None, run_after=None
[2025-02-20T03:38:35.143+0000] {processor.py:175} INFO - Processing /home/airflow/.local/lib/python3.7/site-packages/airflow/example_dags/example_time_delta_sensor_async.py took 0.229 seconds
[2025-02-20T03:39:05.469+0000] {processor.py:153} INFO - Started process (PID=344) to work on /home/airflow/.local/lib/python3.7/site-packages/airflow/example_dags/example_time_delta_sensor_async.py
[2025-02-20T03:39:05.473+0000] {processor.py:743} INFO - Processing file /home/airflow/.local/lib/python3.7/site-packages/airflow/example_dags/example_time_delta_sensor_async.py for tasks to queue
[2025-02-20T03:39:05.477+0000] {logging_mixin.py:137} INFO - [2025-02-20T03:39:05.476+0000] {dagbag.py:538} INFO - Filling up the DagBag from /home/airflow/.local/lib/python3.7/site-packages/airflow/example_dags/example_time_delta_sensor_async.py
[2025-02-20T03:39:05.526+0000] {processor.py:753} INFO - DAG(s) dict_keys(['example_time_delta_sensor_async']) retrieved from /home/airflow/.local/lib/python3.7/site-packages/airflow/example_dags/example_time_delta_sensor_async.py
[2025-02-20T03:39:05.599+0000] {logging_mixin.py:137} INFO - [2025-02-20T03:39:05.599+0000] {dag.py:2690} INFO - Sync 1 DAGs
[2025-02-20T03:39:05.662+0000] {logging_mixin.py:137} INFO - [2025-02-20T03:39:05.662+0000] {dag.py:3441} INFO - Setting next_dagrun for example_time_delta_sensor_async to None, run_after=None
[2025-02-20T03:39:05.708+0000] {processor.py:175} INFO - Processing /home/airflow/.local/lib/python3.7/site-packages/airflow/example_dags/example_time_delta_sensor_async.py took 0.255 seconds
