[2025-02-20T03:36:57.875+0000] {processor.py:153} INFO - Started process (PID=114) to work on /home/airflow/.local/lib/python3.7/site-packages/airflow/example_dags/example_datasets.py
[2025-02-20T03:36:57.885+0000] {processor.py:743} INFO - Processing file /home/airflow/.local/lib/python3.7/site-packages/airflow/example_dags/example_datasets.py for tasks to queue
[2025-02-20T03:36:57.894+0000] {logging_mixin.py:137} INFO - [2025-02-20T03:36:57.886+0000] {dagbag.py:538} INFO - Filling up the DagBag from /home/airflow/.local/lib/python3.7/site-packages/airflow/example_dags/example_datasets.py
[2025-02-20T03:36:58.084+0000] {processor.py:753} INFO - DAG(s) dict_keys(['dataset_consumes_unknown_never_scheduled', 'dataset_produces_1', 'dataset_consumes_1_never_scheduled', 'dataset_consumes_1_and_2', 'dataset_consumes_1', 'dataset_produces_2']) retrieved from /home/airflow/.local/lib/python3.7/site-packages/airflow/example_dags/example_datasets.py
[2025-02-20T03:36:59.176+0000] {logging_mixin.py:137} INFO - [2025-02-20T03:36:59.176+0000] {dag.py:2690} INFO - Sync 6 DAGs
[2025-02-20T03:36:59.461+0000] {logging_mixin.py:137} INFO - [2025-02-20T03:36:59.461+0000] {dag.py:3441} INFO - Setting next_dagrun for dataset_consumes_1 to None, run_after=None
[2025-02-20T03:36:59.507+0000] {logging_mixin.py:137} INFO - [2025-02-20T03:36:59.506+0000] {dag.py:3441} INFO - Setting next_dagrun for dataset_consumes_1_and_2 to None, run_after=None
[2025-02-20T03:36:59.521+0000] {logging_mixin.py:137} INFO - [2025-02-20T03:36:59.520+0000] {dag.py:3441} INFO - Setting next_dagrun for dataset_consumes_1_never_scheduled to None, run_after=None
[2025-02-20T03:36:59.545+0000] {logging_mixin.py:137} INFO - [2025-02-20T03:36:59.535+0000] {dag.py:3441} INFO - Setting next_dagrun for dataset_consumes_unknown_never_scheduled to None, run_after=None
[2025-02-20T03:36:59.595+0000] {logging_mixin.py:137} INFO - [2025-02-20T03:36:59.594+0000] {dag.py:3441} INFO - Setting next_dagrun for dataset_produces_1 to 2025-02-19T00:00:00+00:00, run_after=2025-02-20T00:00:00+00:00
[2025-02-20T03:36:59.609+0000] {logging_mixin.py:137} INFO - [2025-02-20T03:36:59.609+0000] {dag.py:3441} INFO - Setting next_dagrun for dataset_produces_2 to None, run_after=None
[2025-02-20T03:37:00.236+0000] {processor.py:175} INFO - Processing /home/airflow/.local/lib/python3.7/site-packages/airflow/example_dags/example_datasets.py took 2.403 seconds
[2025-02-20T03:37:30.462+0000] {processor.py:153} INFO - Started process (PID=164) to work on /home/airflow/.local/lib/python3.7/site-packages/airflow/example_dags/example_datasets.py
[2025-02-20T03:37:30.466+0000] {processor.py:743} INFO - Processing file /home/airflow/.local/lib/python3.7/site-packages/airflow/example_dags/example_datasets.py for tasks to queue
[2025-02-20T03:37:30.472+0000] {logging_mixin.py:137} INFO - [2025-02-20T03:37:30.471+0000] {dagbag.py:538} INFO - Filling up the DagBag from /home/airflow/.local/lib/python3.7/site-packages/airflow/example_dags/example_datasets.py
[2025-02-20T03:37:30.549+0000] {processor.py:753} INFO - DAG(s) dict_keys(['dataset_produces_2', 'dataset_consumes_unknown_never_scheduled', 'dataset_produces_1', 'dataset_consumes_1_and_2', 'dataset_consumes_1_never_scheduled', 'dataset_consumes_1']) retrieved from /home/airflow/.local/lib/python3.7/site-packages/airflow/example_dags/example_datasets.py
[2025-02-20T03:37:30.855+0000] {logging_mixin.py:137} INFO - [2025-02-20T03:37:30.855+0000] {dag.py:2690} INFO - Sync 6 DAGs
[2025-02-20T03:37:31.058+0000] {logging_mixin.py:137} INFO - [2025-02-20T03:37:31.057+0000] {dag.py:3441} INFO - Setting next_dagrun for dataset_consumes_1 to None, run_after=None
[2025-02-20T03:37:31.078+0000] {logging_mixin.py:137} INFO - [2025-02-20T03:37:31.078+0000] {dag.py:3441} INFO - Setting next_dagrun for dataset_consumes_1_and_2 to None, run_after=None
[2025-02-20T03:37:31.089+0000] {logging_mixin.py:137} INFO - [2025-02-20T03:37:31.089+0000] {dag.py:3441} INFO - Setting next_dagrun for dataset_consumes_1_never_scheduled to None, run_after=None
[2025-02-20T03:37:31.100+0000] {logging_mixin.py:137} INFO - [2025-02-20T03:37:31.100+0000] {dag.py:3441} INFO - Setting next_dagrun for dataset_consumes_unknown_never_scheduled to None, run_after=None
[2025-02-20T03:37:31.124+0000] {logging_mixin.py:137} INFO - [2025-02-20T03:37:31.120+0000] {dag.py:3441} INFO - Setting next_dagrun for dataset_produces_1 to 2025-02-19T00:00:00+00:00, run_after=2025-02-20T00:00:00+00:00
[2025-02-20T03:37:31.131+0000] {logging_mixin.py:137} INFO - [2025-02-20T03:37:31.129+0000] {dag.py:3441} INFO - Setting next_dagrun for dataset_produces_2 to None, run_after=None
[2025-02-20T03:37:31.404+0000] {processor.py:175} INFO - Processing /home/airflow/.local/lib/python3.7/site-packages/airflow/example_dags/example_datasets.py took 0.959 seconds
[2025-02-20T03:38:01.790+0000] {processor.py:153} INFO - Started process (PID=223) to work on /home/airflow/.local/lib/python3.7/site-packages/airflow/example_dags/example_datasets.py
[2025-02-20T03:38:01.792+0000] {processor.py:743} INFO - Processing file /home/airflow/.local/lib/python3.7/site-packages/airflow/example_dags/example_datasets.py for tasks to queue
[2025-02-20T03:38:01.795+0000] {logging_mixin.py:137} INFO - [2025-02-20T03:38:01.795+0000] {dagbag.py:538} INFO - Filling up the DagBag from /home/airflow/.local/lib/python3.7/site-packages/airflow/example_dags/example_datasets.py
[2025-02-20T03:38:01.881+0000] {processor.py:753} INFO - DAG(s) dict_keys(['dataset_consumes_1_never_scheduled', 'dataset_produces_1', 'dataset_consumes_1', 'dataset_consumes_1_and_2', 'dataset_produces_2', 'dataset_consumes_unknown_never_scheduled']) retrieved from /home/airflow/.local/lib/python3.7/site-packages/airflow/example_dags/example_datasets.py
[2025-02-20T03:38:02.111+0000] {logging_mixin.py:137} INFO - [2025-02-20T03:38:02.111+0000] {dag.py:2690} INFO - Sync 6 DAGs
[2025-02-20T03:38:02.240+0000] {logging_mixin.py:137} INFO - [2025-02-20T03:38:02.240+0000] {dag.py:3441} INFO - Setting next_dagrun for dataset_consumes_1 to None, run_after=None
[2025-02-20T03:38:02.253+0000] {logging_mixin.py:137} INFO - [2025-02-20T03:38:02.253+0000] {dag.py:3441} INFO - Setting next_dagrun for dataset_consumes_1_and_2 to None, run_after=None
[2025-02-20T03:38:02.260+0000] {logging_mixin.py:137} INFO - [2025-02-20T03:38:02.259+0000] {dag.py:3441} INFO - Setting next_dagrun for dataset_consumes_1_never_scheduled to None, run_after=None
[2025-02-20T03:38:02.263+0000] {logging_mixin.py:137} INFO - [2025-02-20T03:38:02.263+0000] {dag.py:3441} INFO - Setting next_dagrun for dataset_consumes_unknown_never_scheduled to None, run_after=None
[2025-02-20T03:38:02.274+0000] {logging_mixin.py:137} INFO - [2025-02-20T03:38:02.272+0000] {dag.py:3441} INFO - Setting next_dagrun for dataset_produces_1 to 2025-02-19T00:00:00+00:00, run_after=2025-02-20T00:00:00+00:00
[2025-02-20T03:38:02.278+0000] {logging_mixin.py:137} INFO - [2025-02-20T03:38:02.277+0000] {dag.py:3441} INFO - Setting next_dagrun for dataset_produces_2 to None, run_after=None
[2025-02-20T03:38:02.439+0000] {processor.py:175} INFO - Processing /home/airflow/.local/lib/python3.7/site-packages/airflow/example_dags/example_datasets.py took 0.668 seconds
[2025-02-20T03:38:33.035+0000] {processor.py:153} INFO - Started process (PID=281) to work on /home/airflow/.local/lib/python3.7/site-packages/airflow/example_dags/example_datasets.py
[2025-02-20T03:38:33.041+0000] {processor.py:743} INFO - Processing file /home/airflow/.local/lib/python3.7/site-packages/airflow/example_dags/example_datasets.py for tasks to queue
[2025-02-20T03:38:33.050+0000] {logging_mixin.py:137} INFO - [2025-02-20T03:38:33.042+0000] {dagbag.py:538} INFO - Filling up the DagBag from /home/airflow/.local/lib/python3.7/site-packages/airflow/example_dags/example_datasets.py
[2025-02-20T03:38:33.198+0000] {processor.py:753} INFO - DAG(s) dict_keys(['dataset_consumes_unknown_never_scheduled', 'dataset_consumes_1_never_scheduled', 'dataset_consumes_1_and_2', 'dataset_produces_1', 'dataset_consumes_1', 'dataset_produces_2']) retrieved from /home/airflow/.local/lib/python3.7/site-packages/airflow/example_dags/example_datasets.py
[2025-02-20T03:38:33.532+0000] {logging_mixin.py:137} INFO - [2025-02-20T03:38:33.531+0000] {dag.py:2690} INFO - Sync 6 DAGs
[2025-02-20T03:38:33.640+0000] {logging_mixin.py:137} INFO - [2025-02-20T03:38:33.640+0000] {dag.py:3441} INFO - Setting next_dagrun for dataset_consumes_1 to None, run_after=None
[2025-02-20T03:38:33.648+0000] {logging_mixin.py:137} INFO - [2025-02-20T03:38:33.648+0000] {dag.py:3441} INFO - Setting next_dagrun for dataset_consumes_1_and_2 to None, run_after=None
[2025-02-20T03:38:33.651+0000] {logging_mixin.py:137} INFO - [2025-02-20T03:38:33.651+0000] {dag.py:3441} INFO - Setting next_dagrun for dataset_consumes_1_never_scheduled to None, run_after=None
[2025-02-20T03:38:33.654+0000] {logging_mixin.py:137} INFO - [2025-02-20T03:38:33.654+0000] {dag.py:3441} INFO - Setting next_dagrun for dataset_consumes_unknown_never_scheduled to None, run_after=None
[2025-02-20T03:38:33.661+0000] {logging_mixin.py:137} INFO - [2025-02-20T03:38:33.661+0000] {dag.py:3441} INFO - Setting next_dagrun for dataset_produces_1 to 2025-02-19T00:00:00+00:00, run_after=2025-02-20T00:00:00+00:00
[2025-02-20T03:38:33.664+0000] {logging_mixin.py:137} INFO - [2025-02-20T03:38:33.664+0000] {dag.py:3441} INFO - Setting next_dagrun for dataset_produces_2 to None, run_after=None
[2025-02-20T03:38:33.746+0000] {processor.py:175} INFO - Processing /home/airflow/.local/lib/python3.7/site-packages/airflow/example_dags/example_datasets.py took 0.747 seconds
[2025-02-20T03:39:04.064+0000] {processor.py:153} INFO - Started process (PID=341) to work on /home/airflow/.local/lib/python3.7/site-packages/airflow/example_dags/example_datasets.py
[2025-02-20T03:39:04.070+0000] {processor.py:743} INFO - Processing file /home/airflow/.local/lib/python3.7/site-packages/airflow/example_dags/example_datasets.py for tasks to queue
[2025-02-20T03:39:04.075+0000] {logging_mixin.py:137} INFO - [2025-02-20T03:39:04.071+0000] {dagbag.py:538} INFO - Filling up the DagBag from /home/airflow/.local/lib/python3.7/site-packages/airflow/example_dags/example_datasets.py
[2025-02-20T03:39:04.247+0000] {processor.py:753} INFO - DAG(s) dict_keys(['dataset_consumes_1_and_2', 'dataset_consumes_1', 'dataset_produces_2', 'dataset_consumes_1_never_scheduled', 'dataset_consumes_unknown_never_scheduled', 'dataset_produces_1']) retrieved from /home/airflow/.local/lib/python3.7/site-packages/airflow/example_dags/example_datasets.py
[2025-02-20T03:39:04.543+0000] {logging_mixin.py:137} INFO - [2025-02-20T03:39:04.543+0000] {dag.py:2690} INFO - Sync 6 DAGs
[2025-02-20T03:39:04.696+0000] {logging_mixin.py:137} INFO - [2025-02-20T03:39:04.695+0000] {dag.py:3441} INFO - Setting next_dagrun for dataset_consumes_1 to None, run_after=None
[2025-02-20T03:39:04.727+0000] {logging_mixin.py:137} INFO - [2025-02-20T03:39:04.726+0000] {dag.py:3441} INFO - Setting next_dagrun for dataset_consumes_1_and_2 to None, run_after=None
[2025-02-20T03:39:04.737+0000] {logging_mixin.py:137} INFO - [2025-02-20T03:39:04.735+0000] {dag.py:3441} INFO - Setting next_dagrun for dataset_consumes_1_never_scheduled to None, run_after=None
[2025-02-20T03:39:04.742+0000] {logging_mixin.py:137} INFO - [2025-02-20T03:39:04.742+0000] {dag.py:3441} INFO - Setting next_dagrun for dataset_consumes_unknown_never_scheduled to None, run_after=None
[2025-02-20T03:39:04.756+0000] {logging_mixin.py:137} INFO - [2025-02-20T03:39:04.756+0000] {dag.py:3441} INFO - Setting next_dagrun for dataset_produces_1 to 2025-02-19T00:00:00+00:00, run_after=2025-02-20T00:00:00+00:00
[2025-02-20T03:39:04.759+0000] {logging_mixin.py:137} INFO - [2025-02-20T03:39:04.759+0000] {dag.py:3441} INFO - Setting next_dagrun for dataset_produces_2 to None, run_after=None
[2025-02-20T03:39:04.884+0000] {processor.py:175} INFO - Processing /home/airflow/.local/lib/python3.7/site-packages/airflow/example_dags/example_datasets.py took 0.848 seconds
