[2025-02-20T03:36:52.079+0000] {processor.py:153} INFO - Started process (PID=105) to work on /home/airflow/.local/lib/python3.7/site-packages/airflow/example_dags/example_branch_datetime_operator.py
[2025-02-20T03:36:52.082+0000] {processor.py:743} INFO - Processing file /home/airflow/.local/lib/python3.7/site-packages/airflow/example_dags/example_branch_datetime_operator.py for tasks to queue
[2025-02-20T03:36:52.084+0000] {logging_mixin.py:137} INFO - [2025-02-20T03:36:52.084+0000] {dagbag.py:538} INFO - Filling up the DagBag from /home/airflow/.local/lib/python3.7/site-packages/airflow/example_dags/example_branch_datetime_operator.py
[2025-02-20T03:36:52.165+0000] {processor.py:753} INFO - DAG(s) dict_keys(['example_branch_datetime_operator_2', 'example_branch_datetime_operator_3', 'example_branch_datetime_operator']) retrieved from /home/airflow/.local/lib/python3.7/site-packages/airflow/example_dags/example_branch_datetime_operator.py
[2025-02-20T03:36:52.511+0000] {logging_mixin.py:137} INFO - [2025-02-20T03:36:52.511+0000] {dag.py:2690} INFO - Sync 3 DAGs
[2025-02-20T03:36:52.904+0000] {logging_mixin.py:137} INFO - [2025-02-20T03:36:52.904+0000] {dag.py:3441} INFO - Setting next_dagrun for example_branch_datetime_operator to 2025-02-19T00:00:00+00:00, run_after=2025-02-20T00:00:00+00:00
[2025-02-20T03:36:52.989+0000] {logging_mixin.py:137} INFO - [2025-02-20T03:36:52.989+0000] {dag.py:3441} INFO - Setting next_dagrun for example_branch_datetime_operator_2 to 2025-02-19T00:00:00+00:00, run_after=2025-02-20T00:00:00+00:00
[2025-02-20T03:36:53.056+0000] {logging_mixin.py:137} INFO - [2025-02-20T03:36:53.045+0000] {dag.py:3441} INFO - Setting next_dagrun for example_branch_datetime_operator_3 to 2025-02-19T00:00:00+00:00, run_after=2025-02-20T00:00:00+00:00
[2025-02-20T03:36:53.300+0000] {processor.py:175} INFO - Processing /home/airflow/.local/lib/python3.7/site-packages/airflow/example_dags/example_branch_datetime_operator.py took 1.236 seconds
[2025-02-20T03:37:23.461+0000] {processor.py:153} INFO - Started process (PID=156) to work on /home/airflow/.local/lib/python3.7/site-packages/airflow/example_dags/example_branch_datetime_operator.py
[2025-02-20T03:37:23.464+0000] {processor.py:743} INFO - Processing file /home/airflow/.local/lib/python3.7/site-packages/airflow/example_dags/example_branch_datetime_operator.py for tasks to queue
[2025-02-20T03:37:23.465+0000] {logging_mixin.py:137} INFO - [2025-02-20T03:37:23.465+0000] {dagbag.py:538} INFO - Filling up the DagBag from /home/airflow/.local/lib/python3.7/site-packages/airflow/example_dags/example_branch_datetime_operator.py
[2025-02-20T03:37:23.509+0000] {processor.py:753} INFO - DAG(s) dict_keys(['example_branch_datetime_operator_2', 'example_branch_datetime_operator', 'example_branch_datetime_operator_3']) retrieved from /home/airflow/.local/lib/python3.7/site-packages/airflow/example_dags/example_branch_datetime_operator.py
[2025-02-20T03:37:23.587+0000] {logging_mixin.py:137} INFO - [2025-02-20T03:37:23.587+0000] {dag.py:2690} INFO - Sync 3 DAGs
[2025-02-20T03:37:23.658+0000] {logging_mixin.py:137} INFO - [2025-02-20T03:37:23.658+0000] {dag.py:3441} INFO - Setting next_dagrun for example_branch_datetime_operator to 2025-02-19T00:00:00+00:00, run_after=2025-02-20T00:00:00+00:00
[2025-02-20T03:37:23.671+0000] {logging_mixin.py:137} INFO - [2025-02-20T03:37:23.670+0000] {dag.py:3441} INFO - Setting next_dagrun for example_branch_datetime_operator_2 to 2025-02-19T00:00:00+00:00, run_after=2025-02-20T00:00:00+00:00
[2025-02-20T03:37:23.678+0000] {logging_mixin.py:137} INFO - [2025-02-20T03:37:23.678+0000] {dag.py:3441} INFO - Setting next_dagrun for example_branch_datetime_operator_3 to 2025-02-19T00:00:00+00:00, run_after=2025-02-20T00:00:00+00:00
[2025-02-20T03:37:23.726+0000] {processor.py:175} INFO - Processing /home/airflow/.local/lib/python3.7/site-packages/airflow/example_dags/example_branch_datetime_operator.py took 0.274 seconds
[2025-02-20T03:37:54.992+0000] {processor.py:153} INFO - Started process (PID=214) to work on /home/airflow/.local/lib/python3.7/site-packages/airflow/example_dags/example_branch_datetime_operator.py
[2025-02-20T03:37:54.997+0000] {processor.py:743} INFO - Processing file /home/airflow/.local/lib/python3.7/site-packages/airflow/example_dags/example_branch_datetime_operator.py for tasks to queue
[2025-02-20T03:37:55.003+0000] {logging_mixin.py:137} INFO - [2025-02-20T03:37:55.003+0000] {dagbag.py:538} INFO - Filling up the DagBag from /home/airflow/.local/lib/python3.7/site-packages/airflow/example_dags/example_branch_datetime_operator.py
[2025-02-20T03:37:55.084+0000] {processor.py:753} INFO - DAG(s) dict_keys(['example_branch_datetime_operator_3', 'example_branch_datetime_operator', 'example_branch_datetime_operator_2']) retrieved from /home/airflow/.local/lib/python3.7/site-packages/airflow/example_dags/example_branch_datetime_operator.py
[2025-02-20T03:37:55.190+0000] {logging_mixin.py:137} INFO - [2025-02-20T03:37:55.190+0000] {dag.py:2690} INFO - Sync 3 DAGs
[2025-02-20T03:37:55.330+0000] {logging_mixin.py:137} INFO - [2025-02-20T03:37:55.330+0000] {dag.py:3441} INFO - Setting next_dagrun for example_branch_datetime_operator to 2025-02-19T00:00:00+00:00, run_after=2025-02-20T00:00:00+00:00
[2025-02-20T03:37:55.354+0000] {logging_mixin.py:137} INFO - [2025-02-20T03:37:55.354+0000] {dag.py:3441} INFO - Setting next_dagrun for example_branch_datetime_operator_2 to 2025-02-19T00:00:00+00:00, run_after=2025-02-20T00:00:00+00:00
[2025-02-20T03:37:55.369+0000] {logging_mixin.py:137} INFO - [2025-02-20T03:37:55.368+0000] {dag.py:3441} INFO - Setting next_dagrun for example_branch_datetime_operator_3 to 2025-02-19T00:00:00+00:00, run_after=2025-02-20T00:00:00+00:00
[2025-02-20T03:37:55.449+0000] {processor.py:175} INFO - Processing /home/airflow/.local/lib/python3.7/site-packages/airflow/example_dags/example_branch_datetime_operator.py took 0.480 seconds
[2025-02-20T03:38:26.690+0000] {processor.py:153} INFO - Started process (PID=270) to work on /home/airflow/.local/lib/python3.7/site-packages/airflow/example_dags/example_branch_datetime_operator.py
[2025-02-20T03:38:26.697+0000] {processor.py:743} INFO - Processing file /home/airflow/.local/lib/python3.7/site-packages/airflow/example_dags/example_branch_datetime_operator.py for tasks to queue
[2025-02-20T03:38:26.698+0000] {logging_mixin.py:137} INFO - [2025-02-20T03:38:26.698+0000] {dagbag.py:538} INFO - Filling up the DagBag from /home/airflow/.local/lib/python3.7/site-packages/airflow/example_dags/example_branch_datetime_operator.py
[2025-02-20T03:38:26.818+0000] {processor.py:753} INFO - DAG(s) dict_keys(['example_branch_datetime_operator', 'example_branch_datetime_operator_3', 'example_branch_datetime_operator_2']) retrieved from /home/airflow/.local/lib/python3.7/site-packages/airflow/example_dags/example_branch_datetime_operator.py
[2025-02-20T03:38:26.900+0000] {logging_mixin.py:137} INFO - [2025-02-20T03:38:26.900+0000] {dag.py:2690} INFO - Sync 3 DAGs
[2025-02-20T03:38:26.966+0000] {logging_mixin.py:137} INFO - [2025-02-20T03:38:26.965+0000] {dag.py:3441} INFO - Setting next_dagrun for example_branch_datetime_operator to 2025-02-19T00:00:00+00:00, run_after=2025-02-20T00:00:00+00:00
[2025-02-20T03:38:26.982+0000] {logging_mixin.py:137} INFO - [2025-02-20T03:38:26.980+0000] {dag.py:3441} INFO - Setting next_dagrun for example_branch_datetime_operator_2 to 2025-02-19T00:00:00+00:00, run_after=2025-02-20T00:00:00+00:00
[2025-02-20T03:38:26.998+0000] {logging_mixin.py:137} INFO - [2025-02-20T03:38:26.998+0000] {dag.py:3441} INFO - Setting next_dagrun for example_branch_datetime_operator_3 to 2025-02-19T00:00:00+00:00, run_after=2025-02-20T00:00:00+00:00
[2025-02-20T03:38:27.076+0000] {processor.py:175} INFO - Processing /home/airflow/.local/lib/python3.7/site-packages/airflow/example_dags/example_branch_datetime_operator.py took 0.412 seconds
[2025-02-20T03:38:57.490+0000] {processor.py:153} INFO - Started process (PID=321) to work on /home/airflow/.local/lib/python3.7/site-packages/airflow/example_dags/example_branch_datetime_operator.py
[2025-02-20T03:38:57.493+0000] {processor.py:743} INFO - Processing file /home/airflow/.local/lib/python3.7/site-packages/airflow/example_dags/example_branch_datetime_operator.py for tasks to queue
[2025-02-20T03:38:57.497+0000] {logging_mixin.py:137} INFO - [2025-02-20T03:38:57.496+0000] {dagbag.py:538} INFO - Filling up the DagBag from /home/airflow/.local/lib/python3.7/site-packages/airflow/example_dags/example_branch_datetime_operator.py
[2025-02-20T03:38:57.593+0000] {processor.py:753} INFO - DAG(s) dict_keys(['example_branch_datetime_operator_2', 'example_branch_datetime_operator', 'example_branch_datetime_operator_3']) retrieved from /home/airflow/.local/lib/python3.7/site-packages/airflow/example_dags/example_branch_datetime_operator.py
[2025-02-20T03:38:57.820+0000] {logging_mixin.py:137} INFO - [2025-02-20T03:38:57.819+0000] {dag.py:2690} INFO - Sync 3 DAGs
[2025-02-20T03:38:58.007+0000] {logging_mixin.py:137} INFO - [2025-02-20T03:38:58.006+0000] {dag.py:3441} INFO - Setting next_dagrun for example_branch_datetime_operator to 2025-02-19T00:00:00+00:00, run_after=2025-02-20T00:00:00+00:00
[2025-02-20T03:38:58.040+0000] {logging_mixin.py:137} INFO - [2025-02-20T03:38:58.038+0000] {dag.py:3441} INFO - Setting next_dagrun for example_branch_datetime_operator_2 to 2025-02-19T00:00:00+00:00, run_after=2025-02-20T00:00:00+00:00
[2025-02-20T03:38:58.061+0000] {logging_mixin.py:137} INFO - [2025-02-20T03:38:58.061+0000] {dag.py:3441} INFO - Setting next_dagrun for example_branch_datetime_operator_3 to 2025-02-19T00:00:00+00:00, run_after=2025-02-20T00:00:00+00:00
[2025-02-20T03:38:58.140+0000] {processor.py:175} INFO - Processing /home/airflow/.local/lib/python3.7/site-packages/airflow/example_dags/example_branch_datetime_operator.py took 0.676 seconds
