[2025-02-20T03:37:00.461+0000] {processor.py:153} INFO - Started process (PID=117) to work on /home/airflow/.local/lib/python3.7/site-packages/airflow/example_dags/example_local_kubernetes_executor.py
[2025-02-20T03:37:00.463+0000] {processor.py:743} INFO - Processing file /home/airflow/.local/lib/python3.7/site-packages/airflow/example_dags/example_local_kubernetes_executor.py for tasks to queue
[2025-02-20T03:37:00.467+0000] {logging_mixin.py:137} INFO - [2025-02-20T03:37:00.466+0000] {dagbag.py:538} INFO - Filling up the DagBag from /home/airflow/.local/lib/python3.7/site-packages/airflow/example_dags/example_local_kubernetes_executor.py
[2025-02-20T03:37:00.654+0000] {processor.py:753} INFO - DAG(s) dict_keys(['example_local_kubernetes_executor']) retrieved from /home/airflow/.local/lib/python3.7/site-packages/airflow/example_dags/example_local_kubernetes_executor.py
[2025-02-20T03:37:00.938+0000] {logging_mixin.py:137} INFO - [2025-02-20T03:37:00.938+0000] {dag.py:2690} INFO - Sync 1 DAGs
[2025-02-20T03:37:01.152+0000] {logging_mixin.py:137} INFO - [2025-02-20T03:37:01.151+0000] {dag.py:3441} INFO - Setting next_dagrun for example_local_kubernetes_executor to None, run_after=None
[2025-02-20T03:37:01.309+0000] {processor.py:175} INFO - Processing /home/airflow/.local/lib/python3.7/site-packages/airflow/example_dags/example_local_kubernetes_executor.py took 0.867 seconds
[2025-02-20T03:37:31.619+0000] {processor.py:153} INFO - Started process (PID=166) to work on /home/airflow/.local/lib/python3.7/site-packages/airflow/example_dags/example_local_kubernetes_executor.py
[2025-02-20T03:37:31.625+0000] {processor.py:743} INFO - Processing file /home/airflow/.local/lib/python3.7/site-packages/airflow/example_dags/example_local_kubernetes_executor.py for tasks to queue
[2025-02-20T03:37:31.636+0000] {logging_mixin.py:137} INFO - [2025-02-20T03:37:31.631+0000] {dagbag.py:538} INFO - Filling up the DagBag from /home/airflow/.local/lib/python3.7/site-packages/airflow/example_dags/example_local_kubernetes_executor.py
[2025-02-20T03:37:31.947+0000] {processor.py:753} INFO - DAG(s) dict_keys(['example_local_kubernetes_executor']) retrieved from /home/airflow/.local/lib/python3.7/site-packages/airflow/example_dags/example_local_kubernetes_executor.py
[2025-02-20T03:37:32.389+0000] {logging_mixin.py:137} INFO - [2025-02-20T03:37:32.379+0000] {dag.py:2690} INFO - Sync 1 DAGs
[2025-02-20T03:37:32.750+0000] {logging_mixin.py:137} INFO - [2025-02-20T03:37:32.744+0000] {dag.py:3441} INFO - Setting next_dagrun for example_local_kubernetes_executor to None, run_after=None
[2025-02-20T03:37:32.945+0000] {processor.py:175} INFO - Processing /home/airflow/.local/lib/python3.7/site-packages/airflow/example_dags/example_local_kubernetes_executor.py took 1.348 seconds
[2025-02-20T03:38:03.432+0000] {processor.py:153} INFO - Started process (PID=225) to work on /home/airflow/.local/lib/python3.7/site-packages/airflow/example_dags/example_local_kubernetes_executor.py
[2025-02-20T03:38:03.436+0000] {processor.py:743} INFO - Processing file /home/airflow/.local/lib/python3.7/site-packages/airflow/example_dags/example_local_kubernetes_executor.py for tasks to queue
[2025-02-20T03:38:03.438+0000] {logging_mixin.py:137} INFO - [2025-02-20T03:38:03.437+0000] {dagbag.py:538} INFO - Filling up the DagBag from /home/airflow/.local/lib/python3.7/site-packages/airflow/example_dags/example_local_kubernetes_executor.py
[2025-02-20T03:38:03.574+0000] {processor.py:753} INFO - DAG(s) dict_keys(['example_local_kubernetes_executor']) retrieved from /home/airflow/.local/lib/python3.7/site-packages/airflow/example_dags/example_local_kubernetes_executor.py
[2025-02-20T03:38:03.661+0000] {logging_mixin.py:137} INFO - [2025-02-20T03:38:03.661+0000] {dag.py:2690} INFO - Sync 1 DAGs
[2025-02-20T03:38:03.721+0000] {logging_mixin.py:137} INFO - [2025-02-20T03:38:03.721+0000] {dag.py:3441} INFO - Setting next_dagrun for example_local_kubernetes_executor to None, run_after=None
[2025-02-20T03:38:03.765+0000] {processor.py:175} INFO - Processing /home/airflow/.local/lib/python3.7/site-packages/airflow/example_dags/example_local_kubernetes_executor.py took 0.347 seconds
[2025-02-20T03:38:34.652+0000] {processor.py:153} INFO - Started process (PID=283) to work on /home/airflow/.local/lib/python3.7/site-packages/airflow/example_dags/example_local_kubernetes_executor.py
[2025-02-20T03:38:34.657+0000] {processor.py:743} INFO - Processing file /home/airflow/.local/lib/python3.7/site-packages/airflow/example_dags/example_local_kubernetes_executor.py for tasks to queue
[2025-02-20T03:38:34.658+0000] {logging_mixin.py:137} INFO - [2025-02-20T03:38:34.658+0000] {dagbag.py:538} INFO - Filling up the DagBag from /home/airflow/.local/lib/python3.7/site-packages/airflow/example_dags/example_local_kubernetes_executor.py
[2025-02-20T03:38:34.714+0000] {processor.py:753} INFO - DAG(s) dict_keys(['example_local_kubernetes_executor']) retrieved from /home/airflow/.local/lib/python3.7/site-packages/airflow/example_dags/example_local_kubernetes_executor.py
[2025-02-20T03:38:34.781+0000] {logging_mixin.py:137} INFO - [2025-02-20T03:38:34.780+0000] {dag.py:2690} INFO - Sync 1 DAGs
[2025-02-20T03:38:34.844+0000] {logging_mixin.py:137} INFO - [2025-02-20T03:38:34.843+0000] {dag.py:3441} INFO - Setting next_dagrun for example_local_kubernetes_executor to None, run_after=None
[2025-02-20T03:38:34.891+0000] {processor.py:175} INFO - Processing /home/airflow/.local/lib/python3.7/site-packages/airflow/example_dags/example_local_kubernetes_executor.py took 0.256 seconds
[2025-02-20T03:39:04.995+0000] {processor.py:153} INFO - Started process (PID=342) to work on /home/airflow/.local/lib/python3.7/site-packages/airflow/example_dags/example_local_kubernetes_executor.py
[2025-02-20T03:39:05.003+0000] {processor.py:743} INFO - Processing file /home/airflow/.local/lib/python3.7/site-packages/airflow/example_dags/example_local_kubernetes_executor.py for tasks to queue
[2025-02-20T03:39:05.012+0000] {logging_mixin.py:137} INFO - [2025-02-20T03:39:05.012+0000] {dagbag.py:538} INFO - Filling up the DagBag from /home/airflow/.local/lib/python3.7/site-packages/airflow/example_dags/example_local_kubernetes_executor.py
[2025-02-20T03:39:05.151+0000] {processor.py:753} INFO - DAG(s) dict_keys(['example_local_kubernetes_executor']) retrieved from /home/airflow/.local/lib/python3.7/site-packages/airflow/example_dags/example_local_kubernetes_executor.py
[2025-02-20T03:39:05.229+0000] {logging_mixin.py:137} INFO - [2025-02-20T03:39:05.229+0000] {dag.py:2690} INFO - Sync 1 DAGs
[2025-02-20T03:39:05.331+0000] {logging_mixin.py:137} INFO - [2025-02-20T03:39:05.331+0000] {dag.py:3441} INFO - Setting next_dagrun for example_local_kubernetes_executor to None, run_after=None
[2025-02-20T03:39:05.395+0000] {processor.py:175} INFO - Processing /home/airflow/.local/lib/python3.7/site-packages/airflow/example_dags/example_local_kubernetes_executor.py took 0.429 seconds
