[2025-02-20T03:36:46.408+0000] {processor.py:153} INFO - Started process (PID=83) to work on /home/airflow/.local/lib/python3.7/site-packages/airflow/example_dags/example_branch_python_dop_operator_3.py
[2025-02-20T03:36:46.419+0000] {processor.py:743} INFO - Processing file /home/airflow/.local/lib/python3.7/site-packages/airflow/example_dags/example_branch_python_dop_operator_3.py for tasks to queue
[2025-02-20T03:36:46.424+0000] {logging_mixin.py:137} INFO - [2025-02-20T03:36:46.424+0000] {dagbag.py:538} INFO - Filling up the DagBag from /home/airflow/.local/lib/python3.7/site-packages/airflow/example_dags/example_branch_python_dop_operator_3.py
[2025-02-20T03:36:46.661+0000] {processor.py:753} INFO - DAG(s) dict_keys(['example_branch_dop_operator_v3']) retrieved from /home/airflow/.local/lib/python3.7/site-packages/airflow/example_dags/example_branch_python_dop_operator_3.py
[2025-02-20T03:36:46.823+0000] {logging_mixin.py:137} INFO - [2025-02-20T03:36:46.823+0000] {dag.py:2690} INFO - Sync 1 DAGs
[2025-02-20T03:36:47.127+0000] {logging_mixin.py:137} INFO - [2025-02-20T03:36:47.127+0000] {dag.py:3441} INFO - Setting next_dagrun for example_branch_dop_operator_v3 to 2025-02-20T03:35:00+00:00, run_after=2025-02-20T03:36:00+00:00
[2025-02-20T03:36:47.245+0000] {processor.py:175} INFO - Processing /home/airflow/.local/lib/python3.7/site-packages/airflow/example_dags/example_branch_python_dop_operator_3.py took 0.872 seconds
[2025-02-20T03:37:17.797+0000] {processor.py:153} INFO - Started process (PID=141) to work on /home/airflow/.local/lib/python3.7/site-packages/airflow/example_dags/example_branch_python_dop_operator_3.py
[2025-02-20T03:37:17.805+0000] {processor.py:743} INFO - Processing file /home/airflow/.local/lib/python3.7/site-packages/airflow/example_dags/example_branch_python_dop_operator_3.py for tasks to queue
[2025-02-20T03:37:17.811+0000] {logging_mixin.py:137} INFO - [2025-02-20T03:37:17.806+0000] {dagbag.py:538} INFO - Filling up the DagBag from /home/airflow/.local/lib/python3.7/site-packages/airflow/example_dags/example_branch_python_dop_operator_3.py
[2025-02-20T03:37:18.004+0000] {processor.py:753} INFO - DAG(s) dict_keys(['example_branch_dop_operator_v3']) retrieved from /home/airflow/.local/lib/python3.7/site-packages/airflow/example_dags/example_branch_python_dop_operator_3.py
[2025-02-20T03:37:18.172+0000] {logging_mixin.py:137} INFO - [2025-02-20T03:37:18.172+0000] {dag.py:2690} INFO - Sync 1 DAGs
[2025-02-20T03:37:18.411+0000] {logging_mixin.py:137} INFO - [2025-02-20T03:37:18.411+0000] {dag.py:3441} INFO - Setting next_dagrun for example_branch_dop_operator_v3 to 2025-02-20T03:36:00+00:00, run_after=2025-02-20T03:37:00+00:00
[2025-02-20T03:37:18.547+0000] {processor.py:175} INFO - Processing /home/airflow/.local/lib/python3.7/site-packages/airflow/example_dags/example_branch_python_dop_operator_3.py took 0.772 seconds
[2025-02-20T03:37:48.835+0000] {processor.py:153} INFO - Started process (PID=190) to work on /home/airflow/.local/lib/python3.7/site-packages/airflow/example_dags/example_branch_python_dop_operator_3.py
[2025-02-20T03:37:48.840+0000] {processor.py:743} INFO - Processing file /home/airflow/.local/lib/python3.7/site-packages/airflow/example_dags/example_branch_python_dop_operator_3.py for tasks to queue
[2025-02-20T03:37:48.843+0000] {logging_mixin.py:137} INFO - [2025-02-20T03:37:48.841+0000] {dagbag.py:538} INFO - Filling up the DagBag from /home/airflow/.local/lib/python3.7/site-packages/airflow/example_dags/example_branch_python_dop_operator_3.py
[2025-02-20T03:37:48.956+0000] {processor.py:753} INFO - DAG(s) dict_keys(['example_branch_dop_operator_v3']) retrieved from /home/airflow/.local/lib/python3.7/site-packages/airflow/example_dags/example_branch_python_dop_operator_3.py
[2025-02-20T03:37:49.021+0000] {logging_mixin.py:137} INFO - [2025-02-20T03:37:49.019+0000] {dag.py:2690} INFO - Sync 1 DAGs
[2025-02-20T03:37:49.150+0000] {logging_mixin.py:137} INFO - [2025-02-20T03:37:49.150+0000] {dag.py:3441} INFO - Setting next_dagrun for example_branch_dop_operator_v3 to 2025-02-20T03:36:00+00:00, run_after=2025-02-20T03:37:00+00:00
[2025-02-20T03:37:49.214+0000] {processor.py:175} INFO - Processing /home/airflow/.local/lib/python3.7/site-packages/airflow/example_dags/example_branch_python_dop_operator_3.py took 0.405 seconds
[2025-02-20T03:38:19.572+0000] {processor.py:153} INFO - Started process (PID=249) to work on /home/airflow/.local/lib/python3.7/site-packages/airflow/example_dags/example_branch_python_dop_operator_3.py
[2025-02-20T03:38:19.574+0000] {processor.py:743} INFO - Processing file /home/airflow/.local/lib/python3.7/site-packages/airflow/example_dags/example_branch_python_dop_operator_3.py for tasks to queue
[2025-02-20T03:38:19.576+0000] {logging_mixin.py:137} INFO - [2025-02-20T03:38:19.576+0000] {dagbag.py:538} INFO - Filling up the DagBag from /home/airflow/.local/lib/python3.7/site-packages/airflow/example_dags/example_branch_python_dop_operator_3.py
[2025-02-20T03:38:19.639+0000] {processor.py:753} INFO - DAG(s) dict_keys(['example_branch_dop_operator_v3']) retrieved from /home/airflow/.local/lib/python3.7/site-packages/airflow/example_dags/example_branch_python_dop_operator_3.py
[2025-02-20T03:38:19.697+0000] {logging_mixin.py:137} INFO - [2025-02-20T03:38:19.696+0000] {dag.py:2690} INFO - Sync 1 DAGs
[2025-02-20T03:38:19.773+0000] {logging_mixin.py:137} INFO - [2025-02-20T03:38:19.773+0000] {dag.py:3441} INFO - Setting next_dagrun for example_branch_dop_operator_v3 to 2025-02-20T03:37:00+00:00, run_after=2025-02-20T03:38:00+00:00
[2025-02-20T03:38:19.820+0000] {processor.py:175} INFO - Processing /home/airflow/.local/lib/python3.7/site-packages/airflow/example_dags/example_branch_python_dop_operator_3.py took 0.256 seconds
[2025-02-20T03:38:50.036+0000] {processor.py:153} INFO - Started process (PID=306) to work on /home/airflow/.local/lib/python3.7/site-packages/airflow/example_dags/example_branch_python_dop_operator_3.py
[2025-02-20T03:38:50.038+0000] {processor.py:743} INFO - Processing file /home/airflow/.local/lib/python3.7/site-packages/airflow/example_dags/example_branch_python_dop_operator_3.py for tasks to queue
[2025-02-20T03:38:50.039+0000] {logging_mixin.py:137} INFO - [2025-02-20T03:38:50.039+0000] {dagbag.py:538} INFO - Filling up the DagBag from /home/airflow/.local/lib/python3.7/site-packages/airflow/example_dags/example_branch_python_dop_operator_3.py
[2025-02-20T03:38:50.101+0000] {processor.py:753} INFO - DAG(s) dict_keys(['example_branch_dop_operator_v3']) retrieved from /home/airflow/.local/lib/python3.7/site-packages/airflow/example_dags/example_branch_python_dop_operator_3.py
[2025-02-20T03:38:50.162+0000] {logging_mixin.py:137} INFO - [2025-02-20T03:38:50.162+0000] {dag.py:2690} INFO - Sync 1 DAGs
[2025-02-20T03:38:50.241+0000] {logging_mixin.py:137} INFO - [2025-02-20T03:38:50.240+0000] {dag.py:3441} INFO - Setting next_dagrun for example_branch_dop_operator_v3 to 2025-02-20T03:37:00+00:00, run_after=2025-02-20T03:38:00+00:00
[2025-02-20T03:38:50.286+0000] {processor.py:175} INFO - Processing /home/airflow/.local/lib/python3.7/site-packages/airflow/example_dags/example_branch_python_dop_operator_3.py took 0.262 seconds
