[2025-02-20T03:36:47.367+0000] {processor.py:153} INFO - Started process (PID=85) to work on /home/airflow/.local/lib/python3.7/site-packages/airflow/example_dags/example_xcomargs.py
[2025-02-20T03:36:47.371+0000] {processor.py:743} INFO - Processing file /home/airflow/.local/lib/python3.7/site-packages/airflow/example_dags/example_xcomargs.py for tasks to queue
[2025-02-20T03:36:47.376+0000] {logging_mixin.py:137} INFO - [2025-02-20T03:36:47.376+0000] {dagbag.py:538} INFO - Filling up the DagBag from /home/airflow/.local/lib/python3.7/site-packages/airflow/example_dags/example_xcomargs.py
[2025-02-20T03:36:47.519+0000] {processor.py:753} INFO - DAG(s) dict_keys(['example_xcom_args_with_operators', 'example_xcom_args']) retrieved from /home/airflow/.local/lib/python3.7/site-packages/airflow/example_dags/example_xcomargs.py
[2025-02-20T03:36:47.733+0000] {logging_mixin.py:137} INFO - [2025-02-20T03:36:47.733+0000] {dag.py:2690} INFO - Sync 2 DAGs
[2025-02-20T03:36:47.980+0000] {logging_mixin.py:137} INFO - [2025-02-20T03:36:47.980+0000] {dag.py:3441} INFO - Setting next_dagrun for example_xcom_args to None, run_after=None
[2025-02-20T03:36:48.009+0000] {logging_mixin.py:137} INFO - [2025-02-20T03:36:48.006+0000] {dag.py:3441} INFO - Setting next_dagrun for example_xcom_args_with_operators to None, run_after=None
[2025-02-20T03:36:48.112+0000] {processor.py:175} INFO - Processing /home/airflow/.local/lib/python3.7/site-packages/airflow/example_dags/example_xcomargs.py took 0.760 seconds
[2025-02-20T03:37:18.697+0000] {processor.py:153} INFO - Started process (PID=143) to work on /home/airflow/.local/lib/python3.7/site-packages/airflow/example_dags/example_xcomargs.py
[2025-02-20T03:37:18.703+0000] {processor.py:743} INFO - Processing file /home/airflow/.local/lib/python3.7/site-packages/airflow/example_dags/example_xcomargs.py for tasks to queue
[2025-02-20T03:37:18.710+0000] {logging_mixin.py:137} INFO - [2025-02-20T03:37:18.704+0000] {dagbag.py:538} INFO - Filling up the DagBag from /home/airflow/.local/lib/python3.7/site-packages/airflow/example_dags/example_xcomargs.py
[2025-02-20T03:37:18.931+0000] {processor.py:753} INFO - DAG(s) dict_keys(['example_xcom_args_with_operators', 'example_xcom_args']) retrieved from /home/airflow/.local/lib/python3.7/site-packages/airflow/example_dags/example_xcomargs.py
[2025-02-20T03:37:19.124+0000] {logging_mixin.py:137} INFO - [2025-02-20T03:37:19.124+0000] {dag.py:2690} INFO - Sync 2 DAGs
[2025-02-20T03:37:19.322+0000] {logging_mixin.py:137} INFO - [2025-02-20T03:37:19.321+0000] {dag.py:3441} INFO - Setting next_dagrun for example_xcom_args to None, run_after=None
[2025-02-20T03:37:19.342+0000] {logging_mixin.py:137} INFO - [2025-02-20T03:37:19.342+0000] {dag.py:3441} INFO - Setting next_dagrun for example_xcom_args_with_operators to None, run_after=None
[2025-02-20T03:37:19.461+0000] {processor.py:175} INFO - Processing /home/airflow/.local/lib/python3.7/site-packages/airflow/example_dags/example_xcomargs.py took 0.794 seconds
[2025-02-20T03:37:50.283+0000] {processor.py:153} INFO - Started process (PID=192) to work on /home/airflow/.local/lib/python3.7/site-packages/airflow/example_dags/example_xcomargs.py
[2025-02-20T03:37:50.287+0000] {processor.py:743} INFO - Processing file /home/airflow/.local/lib/python3.7/site-packages/airflow/example_dags/example_xcomargs.py for tasks to queue
[2025-02-20T03:37:50.291+0000] {logging_mixin.py:137} INFO - [2025-02-20T03:37:50.290+0000] {dagbag.py:538} INFO - Filling up the DagBag from /home/airflow/.local/lib/python3.7/site-packages/airflow/example_dags/example_xcomargs.py
[2025-02-20T03:37:50.419+0000] {processor.py:753} INFO - DAG(s) dict_keys(['example_xcom_args', 'example_xcom_args_with_operators']) retrieved from /home/airflow/.local/lib/python3.7/site-packages/airflow/example_dags/example_xcomargs.py
[2025-02-20T03:37:50.562+0000] {logging_mixin.py:137} INFO - [2025-02-20T03:37:50.562+0000] {dag.py:2690} INFO - Sync 2 DAGs
[2025-02-20T03:37:50.658+0000] {logging_mixin.py:137} INFO - [2025-02-20T03:37:50.658+0000] {dag.py:3441} INFO - Setting next_dagrun for example_xcom_args to None, run_after=None
[2025-02-20T03:37:50.666+0000] {logging_mixin.py:137} INFO - [2025-02-20T03:37:50.666+0000] {dag.py:3441} INFO - Setting next_dagrun for example_xcom_args_with_operators to None, run_after=None
[2025-02-20T03:37:50.737+0000] {processor.py:175} INFO - Processing /home/airflow/.local/lib/python3.7/site-packages/airflow/example_dags/example_xcomargs.py took 0.467 seconds
[2025-02-20T03:38:20.856+0000] {processor.py:153} INFO - Started process (PID=251) to work on /home/airflow/.local/lib/python3.7/site-packages/airflow/example_dags/example_xcomargs.py
[2025-02-20T03:38:20.860+0000] {processor.py:743} INFO - Processing file /home/airflow/.local/lib/python3.7/site-packages/airflow/example_dags/example_xcomargs.py for tasks to queue
[2025-02-20T03:38:20.864+0000] {logging_mixin.py:137} INFO - [2025-02-20T03:38:20.864+0000] {dagbag.py:538} INFO - Filling up the DagBag from /home/airflow/.local/lib/python3.7/site-packages/airflow/example_dags/example_xcomargs.py
[2025-02-20T03:38:20.999+0000] {processor.py:753} INFO - DAG(s) dict_keys(['example_xcom_args_with_operators', 'example_xcom_args']) retrieved from /home/airflow/.local/lib/python3.7/site-packages/airflow/example_dags/example_xcomargs.py
[2025-02-20T03:38:21.121+0000] {logging_mixin.py:137} INFO - [2025-02-20T03:38:21.120+0000] {dag.py:2690} INFO - Sync 2 DAGs
[2025-02-20T03:38:21.238+0000] {logging_mixin.py:137} INFO - [2025-02-20T03:38:21.237+0000] {dag.py:3441} INFO - Setting next_dagrun for example_xcom_args to None, run_after=None
[2025-02-20T03:38:21.250+0000] {logging_mixin.py:137} INFO - [2025-02-20T03:38:21.250+0000] {dag.py:3441} INFO - Setting next_dagrun for example_xcom_args_with_operators to None, run_after=None
[2025-02-20T03:38:21.330+0000] {processor.py:175} INFO - Processing /home/airflow/.local/lib/python3.7/site-packages/airflow/example_dags/example_xcomargs.py took 0.494 seconds
[2025-02-20T03:38:52.094+0000] {processor.py:153} INFO - Started process (PID=308) to work on /home/airflow/.local/lib/python3.7/site-packages/airflow/example_dags/example_xcomargs.py
[2025-02-20T03:38:52.095+0000] {processor.py:743} INFO - Processing file /home/airflow/.local/lib/python3.7/site-packages/airflow/example_dags/example_xcomargs.py for tasks to queue
[2025-02-20T03:38:52.101+0000] {logging_mixin.py:137} INFO - [2025-02-20T03:38:52.100+0000] {dagbag.py:538} INFO - Filling up the DagBag from /home/airflow/.local/lib/python3.7/site-packages/airflow/example_dags/example_xcomargs.py
[2025-02-20T03:38:52.255+0000] {processor.py:753} INFO - DAG(s) dict_keys(['example_xcom_args', 'example_xcom_args_with_operators']) retrieved from /home/airflow/.local/lib/python3.7/site-packages/airflow/example_dags/example_xcomargs.py
[2025-02-20T03:38:52.447+0000] {logging_mixin.py:137} INFO - [2025-02-20T03:38:52.447+0000] {dag.py:2690} INFO - Sync 2 DAGs
[2025-02-20T03:38:52.590+0000] {logging_mixin.py:137} INFO - [2025-02-20T03:38:52.590+0000] {dag.py:3441} INFO - Setting next_dagrun for example_xcom_args to None, run_after=None
[2025-02-20T03:38:52.598+0000] {logging_mixin.py:137} INFO - [2025-02-20T03:38:52.598+0000] {dag.py:3441} INFO - Setting next_dagrun for example_xcom_args_with_operators to None, run_after=None
[2025-02-20T03:38:52.656+0000] {processor.py:175} INFO - Processing /home/airflow/.local/lib/python3.7/site-packages/airflow/example_dags/example_xcomargs.py took 0.579 seconds
