[2025-02-20T03:36:49.885+0000] {processor.py:153} INFO - Started process (PID=90) to work on /home/airflow/.local/lib/python3.7/site-packages/airflow/example_dags/example_complex.py
[2025-02-20T03:36:49.887+0000] {processor.py:743} INFO - Processing file /home/airflow/.local/lib/python3.7/site-packages/airflow/example_dags/example_complex.py for tasks to queue
[2025-02-20T03:36:49.894+0000] {logging_mixin.py:137} INFO - [2025-02-20T03:36:49.893+0000] {dagbag.py:538} INFO - Filling up the DagBag from /home/airflow/.local/lib/python3.7/site-packages/airflow/example_dags/example_complex.py
[2025-02-20T03:36:50.017+0000] {logging_mixin.py:137} INFO - [2025-02-20T03:36:50.016+0000] {taskmixin.py:205} WARNING - Dependency <Task(BashOperator): create_entry_group>, delete_entry_group already registered for DAG: example_complex
[2025-02-20T03:36:50.017+0000] {logging_mixin.py:137} INFO - [2025-02-20T03:36:50.017+0000] {taskmixin.py:205} WARNING - Dependency <Task(BashOperator): delete_entry_group>, create_entry_group already registered for DAG: example_complex
[2025-02-20T03:36:50.018+0000] {logging_mixin.py:137} INFO - [2025-02-20T03:36:50.018+0000] {taskmixin.py:205} WARNING - Dependency <Task(BashOperator): create_entry_gcs>, delete_entry already registered for DAG: example_complex
[2025-02-20T03:36:50.023+0000] {logging_mixin.py:137} INFO - [2025-02-20T03:36:50.022+0000] {taskmixin.py:205} WARNING - Dependency <Task(BashOperator): delete_entry>, create_entry_gcs already registered for DAG: example_complex
[2025-02-20T03:36:50.024+0000] {logging_mixin.py:137} INFO - [2025-02-20T03:36:50.023+0000] {taskmixin.py:205} WARNING - Dependency <Task(BashOperator): create_tag>, delete_tag already registered for DAG: example_complex
[2025-02-20T03:36:50.024+0000] {logging_mixin.py:137} INFO - [2025-02-20T03:36:50.024+0000] {taskmixin.py:205} WARNING - Dependency <Task(BashOperator): delete_tag>, create_tag already registered for DAG: example_complex
[2025-02-20T03:36:50.079+0000] {processor.py:753} INFO - DAG(s) dict_keys(['example_complex']) retrieved from /home/airflow/.local/lib/python3.7/site-packages/airflow/example_dags/example_complex.py
[2025-02-20T03:36:50.175+0000] {logging_mixin.py:137} INFO - [2025-02-20T03:36:50.175+0000] {dag.py:2690} INFO - Sync 1 DAGs
[2025-02-20T03:36:50.241+0000] {logging_mixin.py:137} INFO - [2025-02-20T03:36:50.240+0000] {dag.py:3441} INFO - Setting next_dagrun for example_complex to None, run_after=None
[2025-02-20T03:36:50.324+0000] {processor.py:175} INFO - Processing /home/airflow/.local/lib/python3.7/site-packages/airflow/example_dags/example_complex.py took 0.462 seconds
[2025-02-20T03:37:20.426+0000] {processor.py:153} INFO - Started process (PID=148) to work on /home/airflow/.local/lib/python3.7/site-packages/airflow/example_dags/example_complex.py
[2025-02-20T03:37:20.430+0000] {processor.py:743} INFO - Processing file /home/airflow/.local/lib/python3.7/site-packages/airflow/example_dags/example_complex.py for tasks to queue
[2025-02-20T03:37:20.433+0000] {logging_mixin.py:137} INFO - [2025-02-20T03:37:20.431+0000] {dagbag.py:538} INFO - Filling up the DagBag from /home/airflow/.local/lib/python3.7/site-packages/airflow/example_dags/example_complex.py
[2025-02-20T03:37:20.463+0000] {logging_mixin.py:137} INFO - [2025-02-20T03:37:20.463+0000] {taskmixin.py:205} WARNING - Dependency <Task(BashOperator): create_entry_group>, delete_entry_group already registered for DAG: example_complex
[2025-02-20T03:37:20.464+0000] {logging_mixin.py:137} INFO - [2025-02-20T03:37:20.463+0000] {taskmixin.py:205} WARNING - Dependency <Task(BashOperator): delete_entry_group>, create_entry_group already registered for DAG: example_complex
[2025-02-20T03:37:20.464+0000] {logging_mixin.py:137} INFO - [2025-02-20T03:37:20.464+0000] {taskmixin.py:205} WARNING - Dependency <Task(BashOperator): create_entry_gcs>, delete_entry already registered for DAG: example_complex
[2025-02-20T03:37:20.465+0000] {logging_mixin.py:137} INFO - [2025-02-20T03:37:20.464+0000] {taskmixin.py:205} WARNING - Dependency <Task(BashOperator): delete_entry>, create_entry_gcs already registered for DAG: example_complex
[2025-02-20T03:37:20.465+0000] {logging_mixin.py:137} INFO - [2025-02-20T03:37:20.465+0000] {taskmixin.py:205} WARNING - Dependency <Task(BashOperator): create_tag>, delete_tag already registered for DAG: example_complex
[2025-02-20T03:37:20.466+0000] {logging_mixin.py:137} INFO - [2025-02-20T03:37:20.466+0000] {taskmixin.py:205} WARNING - Dependency <Task(BashOperator): delete_tag>, create_tag already registered for DAG: example_complex
[2025-02-20T03:37:20.483+0000] {processor.py:753} INFO - DAG(s) dict_keys(['example_complex']) retrieved from /home/airflow/.local/lib/python3.7/site-packages/airflow/example_dags/example_complex.py
[2025-02-20T03:37:20.554+0000] {logging_mixin.py:137} INFO - [2025-02-20T03:37:20.553+0000] {dag.py:2690} INFO - Sync 1 DAGs
[2025-02-20T03:37:20.615+0000] {logging_mixin.py:137} INFO - [2025-02-20T03:37:20.615+0000] {dag.py:3441} INFO - Setting next_dagrun for example_complex to None, run_after=None
[2025-02-20T03:37:20.662+0000] {processor.py:175} INFO - Processing /home/airflow/.local/lib/python3.7/site-packages/airflow/example_dags/example_complex.py took 0.252 seconds
[2025-02-20T03:37:52.259+0000] {processor.py:153} INFO - Started process (PID=204) to work on /home/airflow/.local/lib/python3.7/site-packages/airflow/example_dags/example_complex.py
[2025-02-20T03:37:52.265+0000] {processor.py:743} INFO - Processing file /home/airflow/.local/lib/python3.7/site-packages/airflow/example_dags/example_complex.py for tasks to queue
[2025-02-20T03:37:52.267+0000] {logging_mixin.py:137} INFO - [2025-02-20T03:37:52.267+0000] {dagbag.py:538} INFO - Filling up the DagBag from /home/airflow/.local/lib/python3.7/site-packages/airflow/example_dags/example_complex.py
[2025-02-20T03:37:52.383+0000] {logging_mixin.py:137} INFO - [2025-02-20T03:37:52.379+0000] {taskmixin.py:205} WARNING - Dependency <Task(BashOperator): create_entry_group>, delete_entry_group already registered for DAG: example_complex
[2025-02-20T03:37:52.384+0000] {logging_mixin.py:137} INFO - [2025-02-20T03:37:52.384+0000] {taskmixin.py:205} WARNING - Dependency <Task(BashOperator): delete_entry_group>, create_entry_group already registered for DAG: example_complex
[2025-02-20T03:37:52.385+0000] {logging_mixin.py:137} INFO - [2025-02-20T03:37:52.384+0000] {taskmixin.py:205} WARNING - Dependency <Task(BashOperator): create_entry_gcs>, delete_entry already registered for DAG: example_complex
[2025-02-20T03:37:52.385+0000] {logging_mixin.py:137} INFO - [2025-02-20T03:37:52.385+0000] {taskmixin.py:205} WARNING - Dependency <Task(BashOperator): delete_entry>, create_entry_gcs already registered for DAG: example_complex
[2025-02-20T03:37:52.390+0000] {logging_mixin.py:137} INFO - [2025-02-20T03:37:52.390+0000] {taskmixin.py:205} WARNING - Dependency <Task(BashOperator): create_tag>, delete_tag already registered for DAG: example_complex
[2025-02-20T03:37:52.391+0000] {logging_mixin.py:137} INFO - [2025-02-20T03:37:52.390+0000] {taskmixin.py:205} WARNING - Dependency <Task(BashOperator): delete_tag>, create_tag already registered for DAG: example_complex
[2025-02-20T03:37:52.465+0000] {processor.py:753} INFO - DAG(s) dict_keys(['example_complex']) retrieved from /home/airflow/.local/lib/python3.7/site-packages/airflow/example_dags/example_complex.py
[2025-02-20T03:37:52.760+0000] {logging_mixin.py:137} INFO - [2025-02-20T03:37:52.760+0000] {dag.py:2690} INFO - Sync 1 DAGs
[2025-02-20T03:37:52.920+0000] {logging_mixin.py:137} INFO - [2025-02-20T03:37:52.919+0000] {dag.py:3441} INFO - Setting next_dagrun for example_complex to None, run_after=None
[2025-02-20T03:37:53.078+0000] {processor.py:175} INFO - Processing /home/airflow/.local/lib/python3.7/site-packages/airflow/example_dags/example_complex.py took 0.850 seconds
[2025-02-20T03:38:23.525+0000] {processor.py:153} INFO - Started process (PID=256) to work on /home/airflow/.local/lib/python3.7/site-packages/airflow/example_dags/example_complex.py
[2025-02-20T03:38:23.529+0000] {processor.py:743} INFO - Processing file /home/airflow/.local/lib/python3.7/site-packages/airflow/example_dags/example_complex.py for tasks to queue
[2025-02-20T03:38:23.531+0000] {logging_mixin.py:137} INFO - [2025-02-20T03:38:23.530+0000] {dagbag.py:538} INFO - Filling up the DagBag from /home/airflow/.local/lib/python3.7/site-packages/airflow/example_dags/example_complex.py
[2025-02-20T03:38:23.588+0000] {logging_mixin.py:137} INFO - [2025-02-20T03:38:23.588+0000] {taskmixin.py:205} WARNING - Dependency <Task(BashOperator): create_entry_group>, delete_entry_group already registered for DAG: example_complex
[2025-02-20T03:38:23.589+0000] {logging_mixin.py:137} INFO - [2025-02-20T03:38:23.588+0000] {taskmixin.py:205} WARNING - Dependency <Task(BashOperator): delete_entry_group>, create_entry_group already registered for DAG: example_complex
[2025-02-20T03:38:23.589+0000] {logging_mixin.py:137} INFO - [2025-02-20T03:38:23.589+0000] {taskmixin.py:205} WARNING - Dependency <Task(BashOperator): create_entry_gcs>, delete_entry already registered for DAG: example_complex
[2025-02-20T03:38:23.590+0000] {logging_mixin.py:137} INFO - [2025-02-20T03:38:23.590+0000] {taskmixin.py:205} WARNING - Dependency <Task(BashOperator): delete_entry>, create_entry_gcs already registered for DAG: example_complex
[2025-02-20T03:38:23.591+0000] {logging_mixin.py:137} INFO - [2025-02-20T03:38:23.591+0000] {taskmixin.py:205} WARNING - Dependency <Task(BashOperator): create_tag>, delete_tag already registered for DAG: example_complex
[2025-02-20T03:38:23.591+0000] {logging_mixin.py:137} INFO - [2025-02-20T03:38:23.591+0000] {taskmixin.py:205} WARNING - Dependency <Task(BashOperator): delete_tag>, create_tag already registered for DAG: example_complex
[2025-02-20T03:38:23.612+0000] {processor.py:753} INFO - DAG(s) dict_keys(['example_complex']) retrieved from /home/airflow/.local/lib/python3.7/site-packages/airflow/example_dags/example_complex.py
[2025-02-20T03:38:23.688+0000] {logging_mixin.py:137} INFO - [2025-02-20T03:38:23.688+0000] {dag.py:2690} INFO - Sync 1 DAGs
[2025-02-20T03:38:23.751+0000] {logging_mixin.py:137} INFO - [2025-02-20T03:38:23.750+0000] {dag.py:3441} INFO - Setting next_dagrun for example_complex to None, run_after=None
[2025-02-20T03:38:23.844+0000] {processor.py:175} INFO - Processing /home/airflow/.local/lib/python3.7/site-packages/airflow/example_dags/example_complex.py took 0.332 seconds
[2025-02-20T03:38:54.316+0000] {processor.py:153} INFO - Started process (PID=313) to work on /home/airflow/.local/lib/python3.7/site-packages/airflow/example_dags/example_complex.py
[2025-02-20T03:38:54.319+0000] {processor.py:743} INFO - Processing file /home/airflow/.local/lib/python3.7/site-packages/airflow/example_dags/example_complex.py for tasks to queue
[2025-02-20T03:38:54.323+0000] {logging_mixin.py:137} INFO - [2025-02-20T03:38:54.323+0000] {dagbag.py:538} INFO - Filling up the DagBag from /home/airflow/.local/lib/python3.7/site-packages/airflow/example_dags/example_complex.py
[2025-02-20T03:38:54.382+0000] {logging_mixin.py:137} INFO - [2025-02-20T03:38:54.382+0000] {taskmixin.py:205} WARNING - Dependency <Task(BashOperator): create_entry_group>, delete_entry_group already registered for DAG: example_complex
[2025-02-20T03:38:54.383+0000] {logging_mixin.py:137} INFO - [2025-02-20T03:38:54.383+0000] {taskmixin.py:205} WARNING - Dependency <Task(BashOperator): delete_entry_group>, create_entry_group already registered for DAG: example_complex
[2025-02-20T03:38:54.386+0000] {logging_mixin.py:137} INFO - [2025-02-20T03:38:54.385+0000] {taskmixin.py:205} WARNING - Dependency <Task(BashOperator): create_entry_gcs>, delete_entry already registered for DAG: example_complex
[2025-02-20T03:38:54.386+0000] {logging_mixin.py:137} INFO - [2025-02-20T03:38:54.386+0000] {taskmixin.py:205} WARNING - Dependency <Task(BashOperator): delete_entry>, create_entry_gcs already registered for DAG: example_complex
[2025-02-20T03:38:54.387+0000] {logging_mixin.py:137} INFO - [2025-02-20T03:38:54.387+0000] {taskmixin.py:205} WARNING - Dependency <Task(BashOperator): create_tag>, delete_tag already registered for DAG: example_complex
[2025-02-20T03:38:54.390+0000] {logging_mixin.py:137} INFO - [2025-02-20T03:38:54.389+0000] {taskmixin.py:205} WARNING - Dependency <Task(BashOperator): delete_tag>, create_tag already registered for DAG: example_complex
[2025-02-20T03:38:54.430+0000] {processor.py:753} INFO - DAG(s) dict_keys(['example_complex']) retrieved from /home/airflow/.local/lib/python3.7/site-packages/airflow/example_dags/example_complex.py
[2025-02-20T03:38:54.541+0000] {logging_mixin.py:137} INFO - [2025-02-20T03:38:54.541+0000] {dag.py:2690} INFO - Sync 1 DAGs
[2025-02-20T03:38:54.611+0000] {logging_mixin.py:137} INFO - [2025-02-20T03:38:54.611+0000] {dag.py:3441} INFO - Setting next_dagrun for example_complex to None, run_after=None
[2025-02-20T03:38:54.680+0000] {processor.py:175} INFO - Processing /home/airflow/.local/lib/python3.7/site-packages/airflow/example_dags/example_complex.py took 0.381 seconds
