[2025-02-20T03:36:50.410+0000] {processor.py:153} INFO - Started process (PID=92) to work on /home/airflow/.local/lib/python3.7/site-packages/airflow/example_dags/example_subdag_operator.py
[2025-02-20T03:36:50.414+0000] {processor.py:743} INFO - Processing file /home/airflow/.local/lib/python3.7/site-packages/airflow/example_dags/example_subdag_operator.py for tasks to queue
[2025-02-20T03:36:50.417+0000] {logging_mixin.py:137} INFO - [2025-02-20T03:36:50.415+0000] {dagbag.py:538} INFO - Filling up the DagBag from /home/airflow/.local/lib/python3.7/site-packages/airflow/example_dags/example_subdag_operator.py
[2025-02-20T03:36:50.576+0000] {processor.py:753} INFO - DAG(s) dict_keys(['example_subdag_operator.section-1', 'example_subdag_operator.section-2', 'example_subdag_operator']) retrieved from /home/airflow/.local/lib/python3.7/site-packages/airflow/example_dags/example_subdag_operator.py
[2025-02-20T03:36:50.666+0000] {logging_mixin.py:137} INFO - [2025-02-20T03:36:50.666+0000] {dag.py:2690} INFO - Sync 3 DAGs
[2025-02-20T03:36:50.763+0000] {logging_mixin.py:137} INFO - [2025-02-20T03:36:50.762+0000] {dag.py:3441} INFO - Setting next_dagrun for example_subdag_operator to 2022-01-01T00:00:00+00:00, run_after=2022-01-01T00:00:00+00:00
[2025-02-20T03:36:50.771+0000] {logging_mixin.py:137} INFO - [2025-02-20T03:36:50.770+0000] {dag.py:3441} INFO - Setting next_dagrun for example_subdag_operator.section-1 to None, run_after=None
[2025-02-20T03:36:50.774+0000] {logging_mixin.py:137} INFO - [2025-02-20T03:36:50.773+0000] {dag.py:3441} INFO - Setting next_dagrun for example_subdag_operator.section-2 to None, run_after=None
[2025-02-20T03:36:50.792+0000] {logging_mixin.py:137} INFO - [2025-02-20T03:36:50.792+0000] {dag.py:2690} INFO - Sync 2 DAGs
[2025-02-20T03:36:50.805+0000] {logging_mixin.py:137} INFO - [2025-02-20T03:36:50.805+0000] {dag.py:3441} INFO - Setting next_dagrun for example_subdag_operator.section-1 to None, run_after=None
[2025-02-20T03:36:50.806+0000] {logging_mixin.py:137} INFO - [2025-02-20T03:36:50.806+0000] {dag.py:3441} INFO - Setting next_dagrun for example_subdag_operator.section-2 to None, run_after=None
[2025-02-20T03:36:50.856+0000] {processor.py:175} INFO - Processing /home/airflow/.local/lib/python3.7/site-packages/airflow/example_dags/example_subdag_operator.py took 0.461 seconds
[2025-02-20T03:37:21.243+0000] {processor.py:153} INFO - Started process (PID=150) to work on /home/airflow/.local/lib/python3.7/site-packages/airflow/example_dags/example_subdag_operator.py
[2025-02-20T03:37:21.246+0000] {processor.py:743} INFO - Processing file /home/airflow/.local/lib/python3.7/site-packages/airflow/example_dags/example_subdag_operator.py for tasks to queue
[2025-02-20T03:37:21.247+0000] {logging_mixin.py:137} INFO - [2025-02-20T03:37:21.247+0000] {dagbag.py:538} INFO - Filling up the DagBag from /home/airflow/.local/lib/python3.7/site-packages/airflow/example_dags/example_subdag_operator.py
[2025-02-20T03:37:21.355+0000] {processor.py:753} INFO - DAG(s) dict_keys(['example_subdag_operator.section-1', 'example_subdag_operator.section-2', 'example_subdag_operator']) retrieved from /home/airflow/.local/lib/python3.7/site-packages/airflow/example_dags/example_subdag_operator.py
[2025-02-20T03:37:21.439+0000] {logging_mixin.py:137} INFO - [2025-02-20T03:37:21.438+0000] {dag.py:2690} INFO - Sync 3 DAGs
[2025-02-20T03:37:21.618+0000] {logging_mixin.py:137} INFO - [2025-02-20T03:37:21.617+0000] {dag.py:3441} INFO - Setting next_dagrun for example_subdag_operator to 2022-01-01T00:00:00+00:00, run_after=2022-01-01T00:00:00+00:00
[2025-02-20T03:37:21.637+0000] {logging_mixin.py:137} INFO - [2025-02-20T03:37:21.636+0000] {dag.py:3441} INFO - Setting next_dagrun for example_subdag_operator.section-1 to None, run_after=None
[2025-02-20T03:37:21.646+0000] {logging_mixin.py:137} INFO - [2025-02-20T03:37:21.646+0000] {dag.py:3441} INFO - Setting next_dagrun for example_subdag_operator.section-2 to None, run_after=None
[2025-02-20T03:37:21.694+0000] {logging_mixin.py:137} INFO - [2025-02-20T03:37:21.693+0000] {dag.py:2690} INFO - Sync 2 DAGs
[2025-02-20T03:37:21.707+0000] {logging_mixin.py:137} INFO - [2025-02-20T03:37:21.707+0000] {dag.py:3441} INFO - Setting next_dagrun for example_subdag_operator.section-1 to None, run_after=None
[2025-02-20T03:37:21.708+0000] {logging_mixin.py:137} INFO - [2025-02-20T03:37:21.708+0000] {dag.py:3441} INFO - Setting next_dagrun for example_subdag_operator.section-2 to None, run_after=None
[2025-02-20T03:37:21.751+0000] {processor.py:175} INFO - Processing /home/airflow/.local/lib/python3.7/site-packages/airflow/example_dags/example_subdag_operator.py took 0.520 seconds
[2025-02-20T03:37:53.202+0000] {processor.py:153} INFO - Started process (PID=208) to work on /home/airflow/.local/lib/python3.7/site-packages/airflow/example_dags/example_subdag_operator.py
[2025-02-20T03:37:53.204+0000] {processor.py:743} INFO - Processing file /home/airflow/.local/lib/python3.7/site-packages/airflow/example_dags/example_subdag_operator.py for tasks to queue
[2025-02-20T03:37:53.208+0000] {logging_mixin.py:137} INFO - [2025-02-20T03:37:53.207+0000] {dagbag.py:538} INFO - Filling up the DagBag from /home/airflow/.local/lib/python3.7/site-packages/airflow/example_dags/example_subdag_operator.py
[2025-02-20T03:37:53.407+0000] {processor.py:753} INFO - DAG(s) dict_keys(['example_subdag_operator.section-1', 'example_subdag_operator.section-2', 'example_subdag_operator']) retrieved from /home/airflow/.local/lib/python3.7/site-packages/airflow/example_dags/example_subdag_operator.py
[2025-02-20T03:37:53.592+0000] {logging_mixin.py:137} INFO - [2025-02-20T03:37:53.591+0000] {dag.py:2690} INFO - Sync 3 DAGs
[2025-02-20T03:37:53.881+0000] {logging_mixin.py:137} INFO - [2025-02-20T03:37:53.880+0000] {dag.py:3441} INFO - Setting next_dagrun for example_subdag_operator to 2022-01-01T00:00:00+00:00, run_after=2022-01-01T00:00:00+00:00
[2025-02-20T03:37:53.914+0000] {logging_mixin.py:137} INFO - [2025-02-20T03:37:53.908+0000] {dag.py:3441} INFO - Setting next_dagrun for example_subdag_operator.section-1 to None, run_after=None
[2025-02-20T03:37:53.923+0000] {logging_mixin.py:137} INFO - [2025-02-20T03:37:53.923+0000] {dag.py:3441} INFO - Setting next_dagrun for example_subdag_operator.section-2 to None, run_after=None
[2025-02-20T03:37:53.980+0000] {logging_mixin.py:137} INFO - [2025-02-20T03:37:53.980+0000] {dag.py:2690} INFO - Sync 2 DAGs
[2025-02-20T03:37:54.022+0000] {logging_mixin.py:137} INFO - [2025-02-20T03:37:54.021+0000] {dag.py:3441} INFO - Setting next_dagrun for example_subdag_operator.section-1 to None, run_after=None
[2025-02-20T03:37:54.024+0000] {logging_mixin.py:137} INFO - [2025-02-20T03:37:54.023+0000] {dag.py:3441} INFO - Setting next_dagrun for example_subdag_operator.section-2 to None, run_after=None
[2025-02-20T03:37:54.103+0000] {processor.py:175} INFO - Processing /home/airflow/.local/lib/python3.7/site-packages/airflow/example_dags/example_subdag_operator.py took 0.916 seconds
[2025-02-20T03:38:24.928+0000] {processor.py:153} INFO - Started process (PID=258) to work on /home/airflow/.local/lib/python3.7/site-packages/airflow/example_dags/example_subdag_operator.py
[2025-02-20T03:38:24.932+0000] {processor.py:743} INFO - Processing file /home/airflow/.local/lib/python3.7/site-packages/airflow/example_dags/example_subdag_operator.py for tasks to queue
[2025-02-20T03:38:24.935+0000] {logging_mixin.py:137} INFO - [2025-02-20T03:38:24.933+0000] {dagbag.py:538} INFO - Filling up the DagBag from /home/airflow/.local/lib/python3.7/site-packages/airflow/example_dags/example_subdag_operator.py
[2025-02-20T03:38:25.079+0000] {processor.py:753} INFO - DAG(s) dict_keys(['example_subdag_operator.section-1', 'example_subdag_operator.section-2', 'example_subdag_operator']) retrieved from /home/airflow/.local/lib/python3.7/site-packages/airflow/example_dags/example_subdag_operator.py
[2025-02-20T03:38:25.169+0000] {logging_mixin.py:137} INFO - [2025-02-20T03:38:25.169+0000] {dag.py:2690} INFO - Sync 3 DAGs
[2025-02-20T03:38:25.368+0000] {logging_mixin.py:137} INFO - [2025-02-20T03:38:25.367+0000] {dag.py:3441} INFO - Setting next_dagrun for example_subdag_operator to 2022-01-01T00:00:00+00:00, run_after=2022-01-01T00:00:00+00:00
[2025-02-20T03:38:25.404+0000] {logging_mixin.py:137} INFO - [2025-02-20T03:38:25.402+0000] {dag.py:3441} INFO - Setting next_dagrun for example_subdag_operator.section-1 to None, run_after=None
[2025-02-20T03:38:25.418+0000] {logging_mixin.py:137} INFO - [2025-02-20T03:38:25.418+0000] {dag.py:3441} INFO - Setting next_dagrun for example_subdag_operator.section-2 to None, run_after=None
[2025-02-20T03:38:25.520+0000] {logging_mixin.py:137} INFO - [2025-02-20T03:38:25.520+0000] {dag.py:2690} INFO - Sync 2 DAGs
[2025-02-20T03:38:25.571+0000] {logging_mixin.py:137} INFO - [2025-02-20T03:38:25.570+0000] {dag.py:3441} INFO - Setting next_dagrun for example_subdag_operator.section-1 to None, run_after=None
[2025-02-20T03:38:25.577+0000] {logging_mixin.py:137} INFO - [2025-02-20T03:38:25.577+0000] {dag.py:3441} INFO - Setting next_dagrun for example_subdag_operator.section-2 to None, run_after=None
[2025-02-20T03:38:25.726+0000] {processor.py:175} INFO - Processing /home/airflow/.local/lib/python3.7/site-packages/airflow/example_dags/example_subdag_operator.py took 0.815 seconds
[2025-02-20T03:38:55.987+0000] {processor.py:153} INFO - Started process (PID=315) to work on /home/airflow/.local/lib/python3.7/site-packages/airflow/example_dags/example_subdag_operator.py
[2025-02-20T03:38:55.988+0000] {processor.py:743} INFO - Processing file /home/airflow/.local/lib/python3.7/site-packages/airflow/example_dags/example_subdag_operator.py for tasks to queue
[2025-02-20T03:38:55.990+0000] {logging_mixin.py:137} INFO - [2025-02-20T03:38:55.989+0000] {dagbag.py:538} INFO - Filling up the DagBag from /home/airflow/.local/lib/python3.7/site-packages/airflow/example_dags/example_subdag_operator.py
[2025-02-20T03:38:56.064+0000] {processor.py:753} INFO - DAG(s) dict_keys(['example_subdag_operator.section-1', 'example_subdag_operator.section-2', 'example_subdag_operator']) retrieved from /home/airflow/.local/lib/python3.7/site-packages/airflow/example_dags/example_subdag_operator.py
[2025-02-20T03:38:56.107+0000] {logging_mixin.py:137} INFO - [2025-02-20T03:38:56.107+0000] {dag.py:2690} INFO - Sync 3 DAGs
[2025-02-20T03:38:56.167+0000] {logging_mixin.py:137} INFO - [2025-02-20T03:38:56.167+0000] {dag.py:3441} INFO - Setting next_dagrun for example_subdag_operator to 2022-01-01T00:00:00+00:00, run_after=2022-01-01T00:00:00+00:00
[2025-02-20T03:38:56.183+0000] {logging_mixin.py:137} INFO - [2025-02-20T03:38:56.182+0000] {dag.py:3441} INFO - Setting next_dagrun for example_subdag_operator.section-1 to None, run_after=None
[2025-02-20T03:38:56.189+0000] {logging_mixin.py:137} INFO - [2025-02-20T03:38:56.188+0000] {dag.py:3441} INFO - Setting next_dagrun for example_subdag_operator.section-2 to None, run_after=None
[2025-02-20T03:38:56.228+0000] {logging_mixin.py:137} INFO - [2025-02-20T03:38:56.228+0000] {dag.py:2690} INFO - Sync 2 DAGs
[2025-02-20T03:38:56.259+0000] {logging_mixin.py:137} INFO - [2025-02-20T03:38:56.258+0000] {dag.py:3441} INFO - Setting next_dagrun for example_subdag_operator.section-1 to None, run_after=None
[2025-02-20T03:38:56.262+0000] {logging_mixin.py:137} INFO - [2025-02-20T03:38:56.259+0000] {dag.py:3441} INFO - Setting next_dagrun for example_subdag_operator.section-2 to None, run_after=None
[2025-02-20T03:38:56.312+0000] {processor.py:175} INFO - Processing /home/airflow/.local/lib/python3.7/site-packages/airflow/example_dags/example_subdag_operator.py took 0.365 seconds
