[2025-02-20T03:37:02.314+0000] {processor.py:153} INFO - Started process (PID=124) to work on /home/airflow/.local/lib/python3.7/site-packages/airflow/example_dags/example_nested_branch_dag.py
[2025-02-20T03:37:02.317+0000] {processor.py:743} INFO - Processing file /home/airflow/.local/lib/python3.7/site-packages/airflow/example_dags/example_nested_branch_dag.py for tasks to queue
[2025-02-20T03:37:02.318+0000] {logging_mixin.py:137} INFO - [2025-02-20T03:37:02.318+0000] {dagbag.py:538} INFO - Filling up the DagBag from /home/airflow/.local/lib/python3.7/site-packages/airflow/example_dags/example_nested_branch_dag.py
[2025-02-20T03:37:02.451+0000] {processor.py:753} INFO - DAG(s) dict_keys(['example_nested_branch_dag']) retrieved from /home/airflow/.local/lib/python3.7/site-packages/airflow/example_dags/example_nested_branch_dag.py
[2025-02-20T03:37:02.570+0000] {logging_mixin.py:137} INFO - [2025-02-20T03:37:02.570+0000] {dag.py:2690} INFO - Sync 1 DAGs
[2025-02-20T03:37:02.680+0000] {logging_mixin.py:137} INFO - [2025-02-20T03:37:02.680+0000] {dag.py:3441} INFO - Setting next_dagrun for example_nested_branch_dag to 2025-02-19T00:00:00+00:00, run_after=2025-02-20T00:00:00+00:00
[2025-02-20T03:37:02.773+0000] {processor.py:175} INFO - Processing /home/airflow/.local/lib/python3.7/site-packages/airflow/example_dags/example_nested_branch_dag.py took 0.474 seconds
[2025-02-20T03:37:34.920+0000] {processor.py:153} INFO - Started process (PID=181) to work on /home/airflow/.local/lib/python3.7/site-packages/airflow/example_dags/example_nested_branch_dag.py
[2025-02-20T03:37:34.930+0000] {processor.py:743} INFO - Processing file /home/airflow/.local/lib/python3.7/site-packages/airflow/example_dags/example_nested_branch_dag.py for tasks to queue
[2025-02-20T03:37:34.935+0000] {logging_mixin.py:137} INFO - [2025-02-20T03:37:34.931+0000] {dagbag.py:538} INFO - Filling up the DagBag from /home/airflow/.local/lib/python3.7/site-packages/airflow/example_dags/example_nested_branch_dag.py
[2025-02-20T03:37:35.097+0000] {processor.py:753} INFO - DAG(s) dict_keys(['example_nested_branch_dag']) retrieved from /home/airflow/.local/lib/python3.7/site-packages/airflow/example_dags/example_nested_branch_dag.py
[2025-02-20T03:37:35.278+0000] {logging_mixin.py:137} INFO - [2025-02-20T03:37:35.278+0000] {dag.py:2690} INFO - Sync 1 DAGs
[2025-02-20T03:37:35.463+0000] {logging_mixin.py:137} INFO - [2025-02-20T03:37:35.459+0000] {dag.py:3441} INFO - Setting next_dagrun for example_nested_branch_dag to 2025-02-19T00:00:00+00:00, run_after=2025-02-20T00:00:00+00:00
[2025-02-20T03:37:35.595+0000] {processor.py:175} INFO - Processing /home/airflow/.local/lib/python3.7/site-packages/airflow/example_dags/example_nested_branch_dag.py took 0.691 seconds
[2025-02-20T03:38:05.702+0000] {processor.py:153} INFO - Started process (PID=231) to work on /home/airflow/.local/lib/python3.7/site-packages/airflow/example_dags/example_nested_branch_dag.py
[2025-02-20T03:38:05.704+0000] {processor.py:743} INFO - Processing file /home/airflow/.local/lib/python3.7/site-packages/airflow/example_dags/example_nested_branch_dag.py for tasks to queue
[2025-02-20T03:38:05.705+0000] {logging_mixin.py:137} INFO - [2025-02-20T03:38:05.705+0000] {dagbag.py:538} INFO - Filling up the DagBag from /home/airflow/.local/lib/python3.7/site-packages/airflow/example_dags/example_nested_branch_dag.py
[2025-02-20T03:38:05.767+0000] {processor.py:753} INFO - DAG(s) dict_keys(['example_nested_branch_dag']) retrieved from /home/airflow/.local/lib/python3.7/site-packages/airflow/example_dags/example_nested_branch_dag.py
[2025-02-20T03:38:05.825+0000] {logging_mixin.py:137} INFO - [2025-02-20T03:38:05.825+0000] {dag.py:2690} INFO - Sync 1 DAGs
[2025-02-20T03:38:05.890+0000] {logging_mixin.py:137} INFO - [2025-02-20T03:38:05.890+0000] {dag.py:3441} INFO - Setting next_dagrun for example_nested_branch_dag to 2025-02-19T00:00:00+00:00, run_after=2025-02-20T00:00:00+00:00
[2025-02-20T03:38:05.935+0000] {processor.py:175} INFO - Processing /home/airflow/.local/lib/python3.7/site-packages/airflow/example_dags/example_nested_branch_dag.py took 0.239 seconds
[2025-02-20T03:38:36.933+0000] {processor.py:153} INFO - Started process (PID=289) to work on /home/airflow/.local/lib/python3.7/site-packages/airflow/example_dags/example_nested_branch_dag.py
[2025-02-20T03:38:36.935+0000] {processor.py:743} INFO - Processing file /home/airflow/.local/lib/python3.7/site-packages/airflow/example_dags/example_nested_branch_dag.py for tasks to queue
[2025-02-20T03:38:36.937+0000] {logging_mixin.py:137} INFO - [2025-02-20T03:38:36.936+0000] {dagbag.py:538} INFO - Filling up the DagBag from /home/airflow/.local/lib/python3.7/site-packages/airflow/example_dags/example_nested_branch_dag.py
[2025-02-20T03:38:36.999+0000] {processor.py:753} INFO - DAG(s) dict_keys(['example_nested_branch_dag']) retrieved from /home/airflow/.local/lib/python3.7/site-packages/airflow/example_dags/example_nested_branch_dag.py
[2025-02-20T03:38:37.059+0000] {logging_mixin.py:137} INFO - [2025-02-20T03:38:37.059+0000] {dag.py:2690} INFO - Sync 1 DAGs
[2025-02-20T03:38:37.125+0000] {logging_mixin.py:137} INFO - [2025-02-20T03:38:37.125+0000] {dag.py:3441} INFO - Setting next_dagrun for example_nested_branch_dag to 2025-02-19T00:00:00+00:00, run_after=2025-02-20T00:00:00+00:00
[2025-02-20T03:38:37.172+0000] {processor.py:175} INFO - Processing /home/airflow/.local/lib/python3.7/site-packages/airflow/example_dags/example_nested_branch_dag.py took 0.247 seconds
[2025-02-20T03:39:07.503+0000] {processor.py:153} INFO - Started process (PID=348) to work on /home/airflow/.local/lib/python3.7/site-packages/airflow/example_dags/example_nested_branch_dag.py
[2025-02-20T03:39:07.504+0000] {processor.py:743} INFO - Processing file /home/airflow/.local/lib/python3.7/site-packages/airflow/example_dags/example_nested_branch_dag.py for tasks to queue
[2025-02-20T03:39:07.506+0000] {logging_mixin.py:137} INFO - [2025-02-20T03:39:07.505+0000] {dagbag.py:538} INFO - Filling up the DagBag from /home/airflow/.local/lib/python3.7/site-packages/airflow/example_dags/example_nested_branch_dag.py
[2025-02-20T03:39:07.604+0000] {processor.py:753} INFO - DAG(s) dict_keys(['example_nested_branch_dag']) retrieved from /home/airflow/.local/lib/python3.7/site-packages/airflow/example_dags/example_nested_branch_dag.py
[2025-02-20T03:39:07.681+0000] {logging_mixin.py:137} INFO - [2025-02-20T03:39:07.681+0000] {dag.py:2690} INFO - Sync 1 DAGs
[2025-02-20T03:39:07.747+0000] {logging_mixin.py:137} INFO - [2025-02-20T03:39:07.747+0000] {dag.py:3441} INFO - Setting next_dagrun for example_nested_branch_dag to 2025-02-19T00:00:00+00:00, run_after=2025-02-20T00:00:00+00:00
[2025-02-20T03:39:07.799+0000] {processor.py:175} INFO - Processing /home/airflow/.local/lib/python3.7/site-packages/airflow/example_dags/example_nested_branch_dag.py took 0.305 seconds
