[2025-02-20T03:37:01.416+0000] {processor.py:153} INFO - Started process (PID=120) to work on /home/airflow/.local/lib/python3.7/site-packages/airflow/example_dags/example_task_group_decorator.py
[2025-02-20T03:37:01.420+0000] {processor.py:743} INFO - Processing file /home/airflow/.local/lib/python3.7/site-packages/airflow/example_dags/example_task_group_decorator.py for tasks to queue
[2025-02-20T03:37:01.427+0000] {logging_mixin.py:137} INFO - [2025-02-20T03:37:01.424+0000] {dagbag.py:538} INFO - Filling up the DagBag from /home/airflow/.local/lib/python3.7/site-packages/airflow/example_dags/example_task_group_decorator.py
[2025-02-20T03:37:01.692+0000] {processor.py:753} INFO - DAG(s) dict_keys(['example_task_group_decorator']) retrieved from /home/airflow/.local/lib/python3.7/site-packages/airflow/example_dags/example_task_group_decorator.py
[2025-02-20T03:37:01.765+0000] {logging_mixin.py:137} INFO - [2025-02-20T03:37:01.765+0000] {dag.py:2690} INFO - Sync 1 DAGs
[2025-02-20T03:37:01.832+0000] {logging_mixin.py:137} INFO - [2025-02-20T03:37:01.832+0000] {dag.py:3441} INFO - Setting next_dagrun for example_task_group_decorator to 2025-02-19T03:37:01.832033+00:00, run_after=2025-02-20T03:37:01.832033+00:00
[2025-02-20T03:37:01.904+0000] {processor.py:175} INFO - Processing /home/airflow/.local/lib/python3.7/site-packages/airflow/example_dags/example_task_group_decorator.py took 0.504 seconds
[2025-02-20T03:37:33.750+0000] {processor.py:153} INFO - Started process (PID=176) to work on /home/airflow/.local/lib/python3.7/site-packages/airflow/example_dags/example_task_group_decorator.py
[2025-02-20T03:37:33.753+0000] {processor.py:743} INFO - Processing file /home/airflow/.local/lib/python3.7/site-packages/airflow/example_dags/example_task_group_decorator.py for tasks to queue
[2025-02-20T03:37:33.755+0000] {logging_mixin.py:137} INFO - [2025-02-20T03:37:33.755+0000] {dagbag.py:538} INFO - Filling up the DagBag from /home/airflow/.local/lib/python3.7/site-packages/airflow/example_dags/example_task_group_decorator.py
[2025-02-20T03:37:33.962+0000] {processor.py:753} INFO - DAG(s) dict_keys(['example_task_group_decorator']) retrieved from /home/airflow/.local/lib/python3.7/site-packages/airflow/example_dags/example_task_group_decorator.py
[2025-02-20T03:37:34.143+0000] {logging_mixin.py:137} INFO - [2025-02-20T03:37:34.142+0000] {dag.py:2690} INFO - Sync 1 DAGs
[2025-02-20T03:37:34.325+0000] {logging_mixin.py:137} INFO - [2025-02-20T03:37:34.322+0000] {dag.py:3441} INFO - Setting next_dagrun for example_task_group_decorator to 2025-02-19T03:37:34.322129+00:00, run_after=2025-02-20T03:37:34.322129+00:00
[2025-02-20T03:37:34.476+0000] {processor.py:175} INFO - Processing /home/airflow/.local/lib/python3.7/site-packages/airflow/example_dags/example_task_group_decorator.py took 0.741 seconds
[2025-02-20T03:38:04.856+0000] {processor.py:153} INFO - Started process (PID=228) to work on /home/airflow/.local/lib/python3.7/site-packages/airflow/example_dags/example_task_group_decorator.py
[2025-02-20T03:38:04.858+0000] {processor.py:743} INFO - Processing file /home/airflow/.local/lib/python3.7/site-packages/airflow/example_dags/example_task_group_decorator.py for tasks to queue
[2025-02-20T03:38:04.859+0000] {logging_mixin.py:137} INFO - [2025-02-20T03:38:04.859+0000] {dagbag.py:538} INFO - Filling up the DagBag from /home/airflow/.local/lib/python3.7/site-packages/airflow/example_dags/example_task_group_decorator.py
[2025-02-20T03:38:04.935+0000] {processor.py:753} INFO - DAG(s) dict_keys(['example_task_group_decorator']) retrieved from /home/airflow/.local/lib/python3.7/site-packages/airflow/example_dags/example_task_group_decorator.py
[2025-02-20T03:38:05.065+0000] {logging_mixin.py:137} INFO - [2025-02-20T03:38:05.065+0000] {dag.py:2690} INFO - Sync 1 DAGs
[2025-02-20T03:38:05.247+0000] {logging_mixin.py:137} INFO - [2025-02-20T03:38:05.246+0000] {dag.py:3441} INFO - Setting next_dagrun for example_task_group_decorator to 2025-02-19T03:38:05.246063+00:00, run_after=2025-02-20T03:38:05.246063+00:00
[2025-02-20T03:38:05.342+0000] {processor.py:175} INFO - Processing /home/airflow/.local/lib/python3.7/site-packages/airflow/example_dags/example_task_group_decorator.py took 0.499 seconds
[2025-02-20T03:38:35.953+0000] {processor.py:153} INFO - Started process (PID=286) to work on /home/airflow/.local/lib/python3.7/site-packages/airflow/example_dags/example_task_group_decorator.py
[2025-02-20T03:38:35.957+0000] {processor.py:743} INFO - Processing file /home/airflow/.local/lib/python3.7/site-packages/airflow/example_dags/example_task_group_decorator.py for tasks to queue
[2025-02-20T03:38:35.958+0000] {logging_mixin.py:137} INFO - [2025-02-20T03:38:35.958+0000] {dagbag.py:538} INFO - Filling up the DagBag from /home/airflow/.local/lib/python3.7/site-packages/airflow/example_dags/example_task_group_decorator.py
[2025-02-20T03:38:36.112+0000] {processor.py:753} INFO - DAG(s) dict_keys(['example_task_group_decorator']) retrieved from /home/airflow/.local/lib/python3.7/site-packages/airflow/example_dags/example_task_group_decorator.py
[2025-02-20T03:38:36.288+0000] {logging_mixin.py:137} INFO - [2025-02-20T03:38:36.288+0000] {dag.py:2690} INFO - Sync 1 DAGs
[2025-02-20T03:38:36.429+0000] {logging_mixin.py:137} INFO - [2025-02-20T03:38:36.429+0000] {dag.py:3441} INFO - Setting next_dagrun for example_task_group_decorator to 2025-02-19T03:38:36.428698+00:00, run_after=2025-02-20T03:38:36.428698+00:00
[2025-02-20T03:38:36.569+0000] {processor.py:175} INFO - Processing /home/airflow/.local/lib/python3.7/site-packages/airflow/example_dags/example_task_group_decorator.py took 0.630 seconds
[2025-02-20T03:39:06.773+0000] {processor.py:153} INFO - Started process (PID=345) to work on /home/airflow/.local/lib/python3.7/site-packages/airflow/example_dags/example_task_group_decorator.py
[2025-02-20T03:39:06.774+0000] {processor.py:743} INFO - Processing file /home/airflow/.local/lib/python3.7/site-packages/airflow/example_dags/example_task_group_decorator.py for tasks to queue
[2025-02-20T03:39:06.776+0000] {logging_mixin.py:137} INFO - [2025-02-20T03:39:06.775+0000] {dagbag.py:538} INFO - Filling up the DagBag from /home/airflow/.local/lib/python3.7/site-packages/airflow/example_dags/example_task_group_decorator.py
[2025-02-20T03:39:06.848+0000] {processor.py:753} INFO - DAG(s) dict_keys(['example_task_group_decorator']) retrieved from /home/airflow/.local/lib/python3.7/site-packages/airflow/example_dags/example_task_group_decorator.py
[2025-02-20T03:39:06.911+0000] {logging_mixin.py:137} INFO - [2025-02-20T03:39:06.910+0000] {dag.py:2690} INFO - Sync 1 DAGs
[2025-02-20T03:39:07.032+0000] {logging_mixin.py:137} INFO - [2025-02-20T03:39:07.032+0000] {dag.py:3441} INFO - Setting next_dagrun for example_task_group_decorator to 2025-02-19T03:39:07.031638+00:00, run_after=2025-02-20T03:39:07.031638+00:00
[2025-02-20T03:39:07.118+0000] {processor.py:175} INFO - Processing /home/airflow/.local/lib/python3.7/site-packages/airflow/example_dags/example_task_group_decorator.py took 0.356 seconds
