[2025-02-20T03:36:45.137+0000] {processor.py:153} INFO - Started process (PID=81) to work on /home/airflow/.local/lib/python3.7/site-packages/airflow/example_dags/example_bash_operator.py
[2025-02-20T03:36:45.155+0000] {processor.py:743} INFO - Processing file /home/airflow/.local/lib/python3.7/site-packages/airflow/example_dags/example_bash_operator.py for tasks to queue
[2025-02-20T03:36:45.173+0000] {logging_mixin.py:137} INFO - [2025-02-20T03:36:45.156+0000] {dagbag.py:538} INFO - Filling up the DagBag from /home/airflow/.local/lib/python3.7/site-packages/airflow/example_dags/example_bash_operator.py
[2025-02-20T03:36:45.454+0000] {processor.py:753} INFO - DAG(s) dict_keys(['example_bash_operator']) retrieved from /home/airflow/.local/lib/python3.7/site-packages/airflow/example_dags/example_bash_operator.py
[2025-02-20T03:36:45.967+0000] {logging_mixin.py:137} INFO - [2025-02-20T03:36:45.966+0000] {dag.py:2690} INFO - Sync 1 DAGs
[2025-02-20T03:36:46.165+0000] {logging_mixin.py:137} INFO - [2025-02-20T03:36:46.165+0000] {dag.py:3441} INFO - Setting next_dagrun for example_bash_operator to 2025-02-19T00:00:00+00:00, run_after=2025-02-20T00:00:00+00:00
[2025-02-20T03:36:46.338+0000] {processor.py:175} INFO - Processing /home/airflow/.local/lib/python3.7/site-packages/airflow/example_dags/example_bash_operator.py took 1.262 seconds
[2025-02-20T03:37:16.891+0000] {processor.py:153} INFO - Started process (PID=140) to work on /home/airflow/.local/lib/python3.7/site-packages/airflow/example_dags/example_bash_operator.py
[2025-02-20T03:37:16.904+0000] {processor.py:743} INFO - Processing file /home/airflow/.local/lib/python3.7/site-packages/airflow/example_dags/example_bash_operator.py for tasks to queue
[2025-02-20T03:37:16.915+0000] {logging_mixin.py:137} INFO - [2025-02-20T03:37:16.905+0000] {dagbag.py:538} INFO - Filling up the DagBag from /home/airflow/.local/lib/python3.7/site-packages/airflow/example_dags/example_bash_operator.py
[2025-02-20T03:37:17.216+0000] {processor.py:753} INFO - DAG(s) dict_keys(['example_bash_operator']) retrieved from /home/airflow/.local/lib/python3.7/site-packages/airflow/example_dags/example_bash_operator.py
[2025-02-20T03:37:17.615+0000] {logging_mixin.py:137} INFO - [2025-02-20T03:37:17.615+0000] {dag.py:2690} INFO - Sync 1 DAGs
[2025-02-20T03:37:17.880+0000] {logging_mixin.py:137} INFO - [2025-02-20T03:37:17.879+0000] {dag.py:3441} INFO - Setting next_dagrun for example_bash_operator to 2025-02-19T00:00:00+00:00, run_after=2025-02-20T00:00:00+00:00
[2025-02-20T03:37:18.018+0000] {processor.py:175} INFO - Processing /home/airflow/.local/lib/python3.7/site-packages/airflow/example_dags/example_bash_operator.py took 1.163 seconds
[2025-02-20T03:37:48.315+0000] {processor.py:153} INFO - Started process (PID=189) to work on /home/airflow/.local/lib/python3.7/site-packages/airflow/example_dags/example_bash_operator.py
[2025-02-20T03:37:48.324+0000] {processor.py:743} INFO - Processing file /home/airflow/.local/lib/python3.7/site-packages/airflow/example_dags/example_bash_operator.py for tasks to queue
[2025-02-20T03:37:48.334+0000] {logging_mixin.py:137} INFO - [2025-02-20T03:37:48.328+0000] {dagbag.py:538} INFO - Filling up the DagBag from /home/airflow/.local/lib/python3.7/site-packages/airflow/example_dags/example_bash_operator.py
[2025-02-20T03:37:48.567+0000] {processor.py:753} INFO - DAG(s) dict_keys(['example_bash_operator']) retrieved from /home/airflow/.local/lib/python3.7/site-packages/airflow/example_dags/example_bash_operator.py
[2025-02-20T03:37:48.793+0000] {logging_mixin.py:137} INFO - [2025-02-20T03:37:48.793+0000] {dag.py:2690} INFO - Sync 1 DAGs
[2025-02-20T03:37:48.881+0000] {logging_mixin.py:137} INFO - [2025-02-20T03:37:48.881+0000] {dag.py:3441} INFO - Setting next_dagrun for example_bash_operator to 2025-02-19T00:00:00+00:00, run_after=2025-02-20T00:00:00+00:00
[2025-02-20T03:37:48.984+0000] {processor.py:175} INFO - Processing /home/airflow/.local/lib/python3.7/site-packages/airflow/example_dags/example_bash_operator.py took 0.714 seconds
[2025-02-20T03:38:19.235+0000] {processor.py:153} INFO - Started process (PID=248) to work on /home/airflow/.local/lib/python3.7/site-packages/airflow/example_dags/example_bash_operator.py
[2025-02-20T03:38:19.238+0000] {processor.py:743} INFO - Processing file /home/airflow/.local/lib/python3.7/site-packages/airflow/example_dags/example_bash_operator.py for tasks to queue
[2025-02-20T03:38:19.242+0000] {logging_mixin.py:137} INFO - [2025-02-20T03:38:19.239+0000] {dagbag.py:538} INFO - Filling up the DagBag from /home/airflow/.local/lib/python3.7/site-packages/airflow/example_dags/example_bash_operator.py
[2025-02-20T03:38:19.304+0000] {processor.py:753} INFO - DAG(s) dict_keys(['example_bash_operator']) retrieved from /home/airflow/.local/lib/python3.7/site-packages/airflow/example_dags/example_bash_operator.py
[2025-02-20T03:38:19.395+0000] {logging_mixin.py:137} INFO - [2025-02-20T03:38:19.394+0000] {dag.py:2690} INFO - Sync 1 DAGs
[2025-02-20T03:38:19.465+0000] {logging_mixin.py:137} INFO - [2025-02-20T03:38:19.464+0000] {dag.py:3441} INFO - Setting next_dagrun for example_bash_operator to 2025-02-19T00:00:00+00:00, run_after=2025-02-20T00:00:00+00:00
[2025-02-20T03:38:19.516+0000] {processor.py:175} INFO - Processing /home/airflow/.local/lib/python3.7/site-packages/airflow/example_dags/example_bash_operator.py took 0.288 seconds
[2025-02-20T03:38:49.693+0000] {processor.py:153} INFO - Started process (PID=305) to work on /home/airflow/.local/lib/python3.7/site-packages/airflow/example_dags/example_bash_operator.py
[2025-02-20T03:38:49.694+0000] {processor.py:743} INFO - Processing file /home/airflow/.local/lib/python3.7/site-packages/airflow/example_dags/example_bash_operator.py for tasks to queue
[2025-02-20T03:38:49.696+0000] {logging_mixin.py:137} INFO - [2025-02-20T03:38:49.696+0000] {dagbag.py:538} INFO - Filling up the DagBag from /home/airflow/.local/lib/python3.7/site-packages/airflow/example_dags/example_bash_operator.py
[2025-02-20T03:38:49.754+0000] {processor.py:753} INFO - DAG(s) dict_keys(['example_bash_operator']) retrieved from /home/airflow/.local/lib/python3.7/site-packages/airflow/example_dags/example_bash_operator.py
[2025-02-20T03:38:49.847+0000] {logging_mixin.py:137} INFO - [2025-02-20T03:38:49.847+0000] {dag.py:2690} INFO - Sync 1 DAGs
[2025-02-20T03:38:49.914+0000] {logging_mixin.py:137} INFO - [2025-02-20T03:38:49.914+0000] {dag.py:3441} INFO - Setting next_dagrun for example_bash_operator to 2025-02-19T00:00:00+00:00, run_after=2025-02-20T00:00:00+00:00
[2025-02-20T03:38:49.967+0000] {processor.py:175} INFO - Processing /home/airflow/.local/lib/python3.7/site-packages/airflow/example_dags/example_bash_operator.py took 0.282 seconds
