[2025-02-20T03:36:48.219+0000] {processor.py:153} INFO - Started process (PID=87) to work on /home/airflow/.local/lib/python3.7/site-packages/airflow/example_dags/example_short_circuit_decorator.py
[2025-02-20T03:36:48.224+0000] {processor.py:743} INFO - Processing file /home/airflow/.local/lib/python3.7/site-packages/airflow/example_dags/example_short_circuit_decorator.py for tasks to queue
[2025-02-20T03:36:48.227+0000] {logging_mixin.py:137} INFO - [2025-02-20T03:36:48.225+0000] {dagbag.py:538} INFO - Filling up the DagBag from /home/airflow/.local/lib/python3.7/site-packages/airflow/example_dags/example_short_circuit_decorator.py
[2025-02-20T03:36:48.389+0000] {processor.py:753} INFO - DAG(s) dict_keys(['example_short_circuit_decorator']) retrieved from /home/airflow/.local/lib/python3.7/site-packages/airflow/example_dags/example_short_circuit_decorator.py
[2025-02-20T03:36:48.526+0000] {logging_mixin.py:137} INFO - [2025-02-20T03:36:48.526+0000] {dag.py:2690} INFO - Sync 1 DAGs
[2025-02-20T03:36:48.702+0000] {logging_mixin.py:137} INFO - [2025-02-20T03:36:48.702+0000] {dag.py:3441} INFO - Setting next_dagrun for example_short_circuit_decorator to 2025-02-19T03:36:48.701525+00:00, run_after=2025-02-20T03:36:48.701525+00:00
[2025-02-20T03:36:48.833+0000] {processor.py:175} INFO - Processing /home/airflow/.local/lib/python3.7/site-packages/airflow/example_dags/example_short_circuit_decorator.py took 0.637 seconds
[2025-02-20T03:37:19.606+0000] {processor.py:153} INFO - Started process (PID=145) to work on /home/airflow/.local/lib/python3.7/site-packages/airflow/example_dags/example_short_circuit_decorator.py
[2025-02-20T03:37:19.616+0000] {processor.py:743} INFO - Processing file /home/airflow/.local/lib/python3.7/site-packages/airflow/example_dags/example_short_circuit_decorator.py for tasks to queue
[2025-02-20T03:37:19.624+0000] {logging_mixin.py:137} INFO - [2025-02-20T03:37:19.623+0000] {dagbag.py:538} INFO - Filling up the DagBag from /home/airflow/.local/lib/python3.7/site-packages/airflow/example_dags/example_short_circuit_decorator.py
[2025-02-20T03:37:19.757+0000] {processor.py:753} INFO - DAG(s) dict_keys(['example_short_circuit_decorator']) retrieved from /home/airflow/.local/lib/python3.7/site-packages/airflow/example_dags/example_short_circuit_decorator.py
[2025-02-20T03:37:19.854+0000] {logging_mixin.py:137} INFO - [2025-02-20T03:37:19.854+0000] {dag.py:2690} INFO - Sync 1 DAGs
[2025-02-20T03:37:19.915+0000] {logging_mixin.py:137} INFO - [2025-02-20T03:37:19.914+0000] {dag.py:3441} INFO - Setting next_dagrun for example_short_circuit_decorator to 2025-02-19T03:37:19.914243+00:00, run_after=2025-02-20T03:37:19.914243+00:00
[2025-02-20T03:37:19.981+0000] {processor.py:175} INFO - Processing /home/airflow/.local/lib/python3.7/site-packages/airflow/example_dags/example_short_circuit_decorator.py took 0.401 seconds
[2025-02-20T03:37:50.885+0000] {processor.py:153} INFO - Started process (PID=200) to work on /home/airflow/.local/lib/python3.7/site-packages/airflow/example_dags/example_short_circuit_decorator.py
[2025-02-20T03:37:50.893+0000] {processor.py:743} INFO - Processing file /home/airflow/.local/lib/python3.7/site-packages/airflow/example_dags/example_short_circuit_decorator.py for tasks to queue
[2025-02-20T03:37:50.900+0000] {logging_mixin.py:137} INFO - [2025-02-20T03:37:50.894+0000] {dagbag.py:538} INFO - Filling up the DagBag from /home/airflow/.local/lib/python3.7/site-packages/airflow/example_dags/example_short_circuit_decorator.py
[2025-02-20T03:37:51.036+0000] {processor.py:753} INFO - DAG(s) dict_keys(['example_short_circuit_decorator']) retrieved from /home/airflow/.local/lib/python3.7/site-packages/airflow/example_dags/example_short_circuit_decorator.py
[2025-02-20T03:37:51.158+0000] {logging_mixin.py:137} INFO - [2025-02-20T03:37:51.157+0000] {dag.py:2690} INFO - Sync 1 DAGs
[2025-02-20T03:37:51.288+0000] {logging_mixin.py:137} INFO - [2025-02-20T03:37:51.287+0000] {dag.py:3441} INFO - Setting next_dagrun for example_short_circuit_decorator to 2025-02-19T03:37:51.285187+00:00, run_after=2025-02-20T03:37:51.285187+00:00
[2025-02-20T03:37:51.367+0000] {processor.py:175} INFO - Processing /home/airflow/.local/lib/python3.7/site-packages/airflow/example_dags/example_short_circuit_decorator.py took 0.526 seconds
[2025-02-20T03:38:21.921+0000] {processor.py:153} INFO - Started process (PID=253) to work on /home/airflow/.local/lib/python3.7/site-packages/airflow/example_dags/example_short_circuit_decorator.py
[2025-02-20T03:38:21.923+0000] {processor.py:743} INFO - Processing file /home/airflow/.local/lib/python3.7/site-packages/airflow/example_dags/example_short_circuit_decorator.py for tasks to queue
[2025-02-20T03:38:21.925+0000] {logging_mixin.py:137} INFO - [2025-02-20T03:38:21.924+0000] {dagbag.py:538} INFO - Filling up the DagBag from /home/airflow/.local/lib/python3.7/site-packages/airflow/example_dags/example_short_circuit_decorator.py
[2025-02-20T03:38:21.988+0000] {processor.py:753} INFO - DAG(s) dict_keys(['example_short_circuit_decorator']) retrieved from /home/airflow/.local/lib/python3.7/site-packages/airflow/example_dags/example_short_circuit_decorator.py
[2025-02-20T03:38:22.048+0000] {logging_mixin.py:137} INFO - [2025-02-20T03:38:22.048+0000] {dag.py:2690} INFO - Sync 1 DAGs
[2025-02-20T03:38:22.110+0000] {logging_mixin.py:137} INFO - [2025-02-20T03:38:22.109+0000] {dag.py:3441} INFO - Setting next_dagrun for example_short_circuit_decorator to 2025-02-19T03:38:22.109429+00:00, run_after=2025-02-20T03:38:22.109429+00:00
[2025-02-20T03:38:22.155+0000] {processor.py:175} INFO - Processing /home/airflow/.local/lib/python3.7/site-packages/airflow/example_dags/example_short_circuit_decorator.py took 0.241 seconds
[2025-02-20T03:38:52.754+0000] {processor.py:153} INFO - Started process (PID=310) to work on /home/airflow/.local/lib/python3.7/site-packages/airflow/example_dags/example_short_circuit_decorator.py
[2025-02-20T03:38:52.760+0000] {processor.py:743} INFO - Processing file /home/airflow/.local/lib/python3.7/site-packages/airflow/example_dags/example_short_circuit_decorator.py for tasks to queue
[2025-02-20T03:38:52.764+0000] {logging_mixin.py:137} INFO - [2025-02-20T03:38:52.763+0000] {dagbag.py:538} INFO - Filling up the DagBag from /home/airflow/.local/lib/python3.7/site-packages/airflow/example_dags/example_short_circuit_decorator.py
[2025-02-20T03:38:52.904+0000] {processor.py:753} INFO - DAG(s) dict_keys(['example_short_circuit_decorator']) retrieved from /home/airflow/.local/lib/python3.7/site-packages/airflow/example_dags/example_short_circuit_decorator.py
[2025-02-20T03:38:53.014+0000] {logging_mixin.py:137} INFO - [2025-02-20T03:38:53.013+0000] {dag.py:2690} INFO - Sync 1 DAGs
[2025-02-20T03:38:53.107+0000] {logging_mixin.py:137} INFO - [2025-02-20T03:38:53.107+0000] {dag.py:3441} INFO - Setting next_dagrun for example_short_circuit_decorator to 2025-02-19T03:38:53.107087+00:00, run_after=2025-02-20T03:38:53.107087+00:00
[2025-02-20T03:38:53.180+0000] {processor.py:175} INFO - Processing /home/airflow/.local/lib/python3.7/site-packages/airflow/example_dags/example_short_circuit_decorator.py took 0.443 seconds
