[2025-02-20T03:36:46.530+0000] {processor.py:153} INFO - Started process (PID=84) to work on /home/airflow/.local/lib/python3.7/site-packages/airflow/example_dags/example_latest_only.py
[2025-02-20T03:36:46.536+0000] {processor.py:743} INFO - Processing file /home/airflow/.local/lib/python3.7/site-packages/airflow/example_dags/example_latest_only.py for tasks to queue
[2025-02-20T03:36:46.542+0000] {logging_mixin.py:137} INFO - [2025-02-20T03:36:46.542+0000] {dagbag.py:538} INFO - Filling up the DagBag from /home/airflow/.local/lib/python3.7/site-packages/airflow/example_dags/example_latest_only.py
[2025-02-20T03:36:46.664+0000] {processor.py:753} INFO - DAG(s) dict_keys(['latest_only']) retrieved from /home/airflow/.local/lib/python3.7/site-packages/airflow/example_dags/example_latest_only.py
[2025-02-20T03:36:46.843+0000] {logging_mixin.py:137} INFO - [2025-02-20T03:36:46.843+0000] {dag.py:2690} INFO - Sync 1 DAGs
[2025-02-20T03:36:47.100+0000] {logging_mixin.py:137} INFO - [2025-02-20T03:36:47.099+0000] {dag.py:3441} INFO - Setting next_dagrun for latest_only to 2025-02-19T23:36:47.092244+00:00, run_after=2025-02-20T03:36:47.092244+00:00
[2025-02-20T03:36:47.280+0000] {processor.py:175} INFO - Processing /home/airflow/.local/lib/python3.7/site-packages/airflow/example_dags/example_latest_only.py took 0.775 seconds
[2025-02-20T03:37:18.138+0000] {processor.py:153} INFO - Started process (PID=142) to work on /home/airflow/.local/lib/python3.7/site-packages/airflow/example_dags/example_latest_only.py
[2025-02-20T03:37:18.142+0000] {processor.py:743} INFO - Processing file /home/airflow/.local/lib/python3.7/site-packages/airflow/example_dags/example_latest_only.py for tasks to queue
[2025-02-20T03:37:18.145+0000] {logging_mixin.py:137} INFO - [2025-02-20T03:37:18.143+0000] {dagbag.py:538} INFO - Filling up the DagBag from /home/airflow/.local/lib/python3.7/site-packages/airflow/example_dags/example_latest_only.py
[2025-02-20T03:37:18.243+0000] {processor.py:753} INFO - DAG(s) dict_keys(['latest_only']) retrieved from /home/airflow/.local/lib/python3.7/site-packages/airflow/example_dags/example_latest_only.py
[2025-02-20T03:37:18.403+0000] {logging_mixin.py:137} INFO - [2025-02-20T03:37:18.402+0000] {dag.py:2690} INFO - Sync 1 DAGs
[2025-02-20T03:37:18.614+0000] {logging_mixin.py:137} INFO - [2025-02-20T03:37:18.608+0000] {dag.py:3441} INFO - Setting next_dagrun for latest_only to 2025-02-19T23:37:18.608082+00:00, run_after=2025-02-20T03:37:18.608082+00:00
[2025-02-20T03:37:18.745+0000] {processor.py:175} INFO - Processing /home/airflow/.local/lib/python3.7/site-packages/airflow/example_dags/example_latest_only.py took 0.631 seconds
[2025-02-20T03:37:49.101+0000] {processor.py:153} INFO - Started process (PID=191) to work on /home/airflow/.local/lib/python3.7/site-packages/airflow/example_dags/example_latest_only.py
[2025-02-20T03:37:49.107+0000] {processor.py:743} INFO - Processing file /home/airflow/.local/lib/python3.7/site-packages/airflow/example_dags/example_latest_only.py for tasks to queue
[2025-02-20T03:37:49.111+0000] {logging_mixin.py:137} INFO - [2025-02-20T03:37:49.108+0000] {dagbag.py:538} INFO - Filling up the DagBag from /home/airflow/.local/lib/python3.7/site-packages/airflow/example_dags/example_latest_only.py
[2025-02-20T03:37:49.182+0000] {processor.py:753} INFO - DAG(s) dict_keys(['latest_only']) retrieved from /home/airflow/.local/lib/python3.7/site-packages/airflow/example_dags/example_latest_only.py
[2025-02-20T03:37:49.267+0000] {logging_mixin.py:137} INFO - [2025-02-20T03:37:49.266+0000] {dag.py:2690} INFO - Sync 1 DAGs
[2025-02-20T03:37:49.328+0000] {logging_mixin.py:137} INFO - [2025-02-20T03:37:49.327+0000] {dag.py:3441} INFO - Setting next_dagrun for latest_only to 2025-02-19T23:37:49.327338+00:00, run_after=2025-02-20T03:37:49.327338+00:00
[2025-02-20T03:37:49.372+0000] {processor.py:175} INFO - Processing /home/airflow/.local/lib/python3.7/site-packages/airflow/example_dags/example_latest_only.py took 0.295 seconds
[2025-02-20T03:38:19.585+0000] {processor.py:153} INFO - Started process (PID=250) to work on /home/airflow/.local/lib/python3.7/site-packages/airflow/example_dags/example_latest_only.py
[2025-02-20T03:38:19.587+0000] {processor.py:743} INFO - Processing file /home/airflow/.local/lib/python3.7/site-packages/airflow/example_dags/example_latest_only.py for tasks to queue
[2025-02-20T03:38:19.589+0000] {logging_mixin.py:137} INFO - [2025-02-20T03:38:19.589+0000] {dagbag.py:538} INFO - Filling up the DagBag from /home/airflow/.local/lib/python3.7/site-packages/airflow/example_dags/example_latest_only.py
[2025-02-20T03:38:19.621+0000] {processor.py:753} INFO - DAG(s) dict_keys(['latest_only']) retrieved from /home/airflow/.local/lib/python3.7/site-packages/airflow/example_dags/example_latest_only.py
[2025-02-20T03:38:19.679+0000] {logging_mixin.py:137} INFO - [2025-02-20T03:38:19.679+0000] {dag.py:2690} INFO - Sync 1 DAGs
[2025-02-20T03:38:19.739+0000] {logging_mixin.py:137} INFO - [2025-02-20T03:38:19.739+0000] {dag.py:3441} INFO - Setting next_dagrun for latest_only to 2025-02-19T23:38:19.739005+00:00, run_after=2025-02-20T03:38:19.739005+00:00
[2025-02-20T03:38:19.784+0000] {processor.py:175} INFO - Processing /home/airflow/.local/lib/python3.7/site-packages/airflow/example_dags/example_latest_only.py took 0.206 seconds
[2025-02-20T03:38:50.062+0000] {processor.py:153} INFO - Started process (PID=307) to work on /home/airflow/.local/lib/python3.7/site-packages/airflow/example_dags/example_latest_only.py
[2025-02-20T03:38:50.066+0000] {processor.py:743} INFO - Processing file /home/airflow/.local/lib/python3.7/site-packages/airflow/example_dags/example_latest_only.py for tasks to queue
[2025-02-20T03:38:50.068+0000] {logging_mixin.py:137} INFO - [2025-02-20T03:38:50.068+0000] {dagbag.py:538} INFO - Filling up the DagBag from /home/airflow/.local/lib/python3.7/site-packages/airflow/example_dags/example_latest_only.py
[2025-02-20T03:38:50.118+0000] {processor.py:753} INFO - DAG(s) dict_keys(['latest_only']) retrieved from /home/airflow/.local/lib/python3.7/site-packages/airflow/example_dags/example_latest_only.py
[2025-02-20T03:38:50.173+0000] {logging_mixin.py:137} INFO - [2025-02-20T03:38:50.173+0000] {dag.py:2690} INFO - Sync 1 DAGs
[2025-02-20T03:38:50.233+0000] {logging_mixin.py:137} INFO - [2025-02-20T03:38:50.233+0000] {dag.py:3441} INFO - Setting next_dagrun for latest_only to 2025-02-19T23:38:50.232804+00:00, run_after=2025-02-20T03:38:50.232804+00:00
[2025-02-20T03:38:50.278+0000] {processor.py:175} INFO - Processing /home/airflow/.local/lib/python3.7/site-packages/airflow/example_dags/example_latest_only.py took 0.233 seconds
