[2025-02-20T03:36:59.507+0000] {processor.py:153} INFO - Started process (PID=116) to work on /home/airflow/.local/lib/python3.7/site-packages/airflow/example_dags/example_branch_labels.py
[2025-02-20T03:36:59.518+0000] {processor.py:743} INFO - Processing file /home/airflow/.local/lib/python3.7/site-packages/airflow/example_dags/example_branch_labels.py for tasks to queue
[2025-02-20T03:36:59.525+0000] {logging_mixin.py:137} INFO - [2025-02-20T03:36:59.525+0000] {dagbag.py:538} INFO - Filling up the DagBag from /home/airflow/.local/lib/python3.7/site-packages/airflow/example_dags/example_branch_labels.py
[2025-02-20T03:36:59.762+0000] {processor.py:753} INFO - DAG(s) dict_keys(['example_branch_labels']) retrieved from /home/airflow/.local/lib/python3.7/site-packages/airflow/example_dags/example_branch_labels.py
[2025-02-20T03:37:00.167+0000] {logging_mixin.py:137} INFO - [2025-02-20T03:37:00.167+0000] {dag.py:2690} INFO - Sync 1 DAGs
[2025-02-20T03:37:00.476+0000] {logging_mixin.py:137} INFO - [2025-02-20T03:37:00.474+0000] {dag.py:3441} INFO - Setting next_dagrun for example_branch_labels to 2025-02-19T00:00:00+00:00, run_after=2025-02-20T00:00:00+00:00
[2025-02-20T03:37:00.587+0000] {processor.py:175} INFO - Processing /home/airflow/.local/lib/python3.7/site-packages/airflow/example_dags/example_branch_labels.py took 1.105 seconds
[2025-02-20T03:37:30.796+0000] {processor.py:153} INFO - Started process (PID=165) to work on /home/airflow/.local/lib/python3.7/site-packages/airflow/example_dags/example_branch_labels.py
[2025-02-20T03:37:30.801+0000] {processor.py:743} INFO - Processing file /home/airflow/.local/lib/python3.7/site-packages/airflow/example_dags/example_branch_labels.py for tasks to queue
[2025-02-20T03:37:30.808+0000] {logging_mixin.py:137} INFO - [2025-02-20T03:37:30.807+0000] {dagbag.py:538} INFO - Filling up the DagBag from /home/airflow/.local/lib/python3.7/site-packages/airflow/example_dags/example_branch_labels.py
[2025-02-20T03:37:30.943+0000] {processor.py:753} INFO - DAG(s) dict_keys(['example_branch_labels']) retrieved from /home/airflow/.local/lib/python3.7/site-packages/airflow/example_dags/example_branch_labels.py
[2025-02-20T03:37:31.130+0000] {logging_mixin.py:137} INFO - [2025-02-20T03:37:31.130+0000] {dag.py:2690} INFO - Sync 1 DAGs
[2025-02-20T03:37:31.382+0000] {logging_mixin.py:137} INFO - [2025-02-20T03:37:31.376+0000] {dag.py:3441} INFO - Setting next_dagrun for example_branch_labels to 2025-02-19T00:00:00+00:00, run_after=2025-02-20T00:00:00+00:00
[2025-02-20T03:37:31.536+0000] {processor.py:175} INFO - Processing /home/airflow/.local/lib/python3.7/site-packages/airflow/example_dags/example_branch_labels.py took 0.776 seconds
[2025-02-20T03:38:01.809+0000] {processor.py:153} INFO - Started process (PID=224) to work on /home/airflow/.local/lib/python3.7/site-packages/airflow/example_dags/example_branch_labels.py
[2025-02-20T03:38:01.813+0000] {processor.py:743} INFO - Processing file /home/airflow/.local/lib/python3.7/site-packages/airflow/example_dags/example_branch_labels.py for tasks to queue
[2025-02-20T03:38:01.817+0000] {logging_mixin.py:137} INFO - [2025-02-20T03:38:01.816+0000] {dagbag.py:538} INFO - Filling up the DagBag from /home/airflow/.local/lib/python3.7/site-packages/airflow/example_dags/example_branch_labels.py
[2025-02-20T03:38:01.891+0000] {processor.py:753} INFO - DAG(s) dict_keys(['example_branch_labels']) retrieved from /home/airflow/.local/lib/python3.7/site-packages/airflow/example_dags/example_branch_labels.py
[2025-02-20T03:38:02.054+0000] {logging_mixin.py:137} INFO - [2025-02-20T03:38:02.054+0000] {dag.py:2690} INFO - Sync 1 DAGs
[2025-02-20T03:38:02.223+0000] {logging_mixin.py:137} INFO - [2025-02-20T03:38:02.223+0000] {dag.py:3441} INFO - Setting next_dagrun for example_branch_labels to 2025-02-19T00:00:00+00:00, run_after=2025-02-20T00:00:00+00:00
[2025-02-20T03:38:02.338+0000] {processor.py:175} INFO - Processing /home/airflow/.local/lib/python3.7/site-packages/airflow/example_dags/example_branch_labels.py took 0.544 seconds
[2025-02-20T03:38:33.031+0000] {processor.py:153} INFO - Started process (PID=282) to work on /home/airflow/.local/lib/python3.7/site-packages/airflow/example_dags/example_branch_labels.py
[2025-02-20T03:38:33.034+0000] {processor.py:743} INFO - Processing file /home/airflow/.local/lib/python3.7/site-packages/airflow/example_dags/example_branch_labels.py for tasks to queue
[2025-02-20T03:38:33.037+0000] {logging_mixin.py:137} INFO - [2025-02-20T03:38:33.037+0000] {dagbag.py:538} INFO - Filling up the DagBag from /home/airflow/.local/lib/python3.7/site-packages/airflow/example_dags/example_branch_labels.py
[2025-02-20T03:38:33.149+0000] {processor.py:753} INFO - DAG(s) dict_keys(['example_branch_labels']) retrieved from /home/airflow/.local/lib/python3.7/site-packages/airflow/example_dags/example_branch_labels.py
[2025-02-20T03:38:33.320+0000] {logging_mixin.py:137} INFO - [2025-02-20T03:38:33.320+0000] {dag.py:2690} INFO - Sync 1 DAGs
[2025-02-20T03:38:33.464+0000] {logging_mixin.py:137} INFO - [2025-02-20T03:38:33.464+0000] {dag.py:3441} INFO - Setting next_dagrun for example_branch_labels to 2025-02-19T00:00:00+00:00, run_after=2025-02-20T00:00:00+00:00
[2025-02-20T03:38:33.568+0000] {processor.py:175} INFO - Processing /home/airflow/.local/lib/python3.7/site-packages/airflow/example_dags/example_branch_labels.py took 0.553 seconds
[2025-02-20T03:39:03.806+0000] {processor.py:153} INFO - Started process (PID=340) to work on /home/airflow/.local/lib/python3.7/site-packages/airflow/example_dags/example_branch_labels.py
[2025-02-20T03:39:03.810+0000] {processor.py:743} INFO - Processing file /home/airflow/.local/lib/python3.7/site-packages/airflow/example_dags/example_branch_labels.py for tasks to queue
[2025-02-20T03:39:03.813+0000] {logging_mixin.py:137} INFO - [2025-02-20T03:39:03.811+0000] {dagbag.py:538} INFO - Filling up the DagBag from /home/airflow/.local/lib/python3.7/site-packages/airflow/example_dags/example_branch_labels.py
[2025-02-20T03:39:03.890+0000] {processor.py:753} INFO - DAG(s) dict_keys(['example_branch_labels']) retrieved from /home/airflow/.local/lib/python3.7/site-packages/airflow/example_dags/example_branch_labels.py
[2025-02-20T03:39:04.034+0000] {logging_mixin.py:137} INFO - [2025-02-20T03:39:04.034+0000] {dag.py:2690} INFO - Sync 1 DAGs
[2025-02-20T03:39:04.313+0000] {logging_mixin.py:137} INFO - [2025-02-20T03:39:04.313+0000] {dag.py:3441} INFO - Setting next_dagrun for example_branch_labels to 2025-02-19T00:00:00+00:00, run_after=2025-02-20T00:00:00+00:00
[2025-02-20T03:39:04.480+0000] {processor.py:175} INFO - Processing /home/airflow/.local/lib/python3.7/site-packages/airflow/example_dags/example_branch_labels.py took 0.688 seconds
