[2025-02-20T03:36:48.667+0000] {processor.py:153} INFO - Started process (PID=88) to work on /home/airflow/.local/lib/python3.7/site-packages/airflow/example_dags/example_external_task_marker_dag.py
[2025-02-20T03:36:48.671+0000] {processor.py:743} INFO - Processing file /home/airflow/.local/lib/python3.7/site-packages/airflow/example_dags/example_external_task_marker_dag.py for tasks to queue
[2025-02-20T03:36:48.673+0000] {logging_mixin.py:137} INFO - [2025-02-20T03:36:48.672+0000] {dagbag.py:538} INFO - Filling up the DagBag from /home/airflow/.local/lib/python3.7/site-packages/airflow/example_dags/example_external_task_marker_dag.py
[2025-02-20T03:36:48.788+0000] {processor.py:753} INFO - DAG(s) dict_keys(['example_external_task_marker_child', 'example_external_task_marker_parent']) retrieved from /home/airflow/.local/lib/python3.7/site-packages/airflow/example_dags/example_external_task_marker_dag.py
[2025-02-20T03:36:49.292+0000] {logging_mixin.py:137} INFO - [2025-02-20T03:36:49.292+0000] {dag.py:2690} INFO - Sync 2 DAGs
[2025-02-20T03:36:49.575+0000] {logging_mixin.py:137} INFO - [2025-02-20T03:36:49.575+0000] {dag.py:3441} INFO - Setting next_dagrun for example_external_task_marker_child to None, run_after=None
[2025-02-20T03:36:49.613+0000] {logging_mixin.py:137} INFO - [2025-02-20T03:36:49.613+0000] {dag.py:3441} INFO - Setting next_dagrun for example_external_task_marker_parent to None, run_after=None
[2025-02-20T03:36:49.767+0000] {processor.py:175} INFO - Processing /home/airflow/.local/lib/python3.7/site-packages/airflow/example_dags/example_external_task_marker_dag.py took 1.124 seconds
[2025-02-20T03:37:20.037+0000] {processor.py:153} INFO - Started process (PID=146) to work on /home/airflow/.local/lib/python3.7/site-packages/airflow/example_dags/example_external_task_marker_dag.py
[2025-02-20T03:37:20.041+0000] {processor.py:743} INFO - Processing file /home/airflow/.local/lib/python3.7/site-packages/airflow/example_dags/example_external_task_marker_dag.py for tasks to queue
[2025-02-20T03:37:20.045+0000] {logging_mixin.py:137} INFO - [2025-02-20T03:37:20.042+0000] {dagbag.py:538} INFO - Filling up the DagBag from /home/airflow/.local/lib/python3.7/site-packages/airflow/example_dags/example_external_task_marker_dag.py
[2025-02-20T03:37:20.085+0000] {processor.py:753} INFO - DAG(s) dict_keys(['example_external_task_marker_parent', 'example_external_task_marker_child']) retrieved from /home/airflow/.local/lib/python3.7/site-packages/airflow/example_dags/example_external_task_marker_dag.py
[2025-02-20T03:37:20.205+0000] {logging_mixin.py:137} INFO - [2025-02-20T03:37:20.205+0000] {dag.py:2690} INFO - Sync 2 DAGs
[2025-02-20T03:37:20.323+0000] {logging_mixin.py:137} INFO - [2025-02-20T03:37:20.323+0000] {dag.py:3441} INFO - Setting next_dagrun for example_external_task_marker_child to None, run_after=None
[2025-02-20T03:37:20.338+0000] {logging_mixin.py:137} INFO - [2025-02-20T03:37:20.338+0000] {dag.py:3441} INFO - Setting next_dagrun for example_external_task_marker_parent to None, run_after=None
[2025-02-20T03:37:20.409+0000] {processor.py:175} INFO - Processing /home/airflow/.local/lib/python3.7/site-packages/airflow/example_dags/example_external_task_marker_dag.py took 0.384 seconds
[2025-02-20T03:37:51.428+0000] {processor.py:153} INFO - Started process (PID=202) to work on /home/airflow/.local/lib/python3.7/site-packages/airflow/example_dags/example_external_task_marker_dag.py
[2025-02-20T03:37:51.432+0000] {processor.py:743} INFO - Processing file /home/airflow/.local/lib/python3.7/site-packages/airflow/example_dags/example_external_task_marker_dag.py for tasks to queue
[2025-02-20T03:37:51.435+0000] {logging_mixin.py:137} INFO - [2025-02-20T03:37:51.435+0000] {dagbag.py:538} INFO - Filling up the DagBag from /home/airflow/.local/lib/python3.7/site-packages/airflow/example_dags/example_external_task_marker_dag.py
[2025-02-20T03:37:51.513+0000] {processor.py:753} INFO - DAG(s) dict_keys(['example_external_task_marker_child', 'example_external_task_marker_parent']) retrieved from /home/airflow/.local/lib/python3.7/site-packages/airflow/example_dags/example_external_task_marker_dag.py
[2025-02-20T03:37:51.690+0000] {logging_mixin.py:137} INFO - [2025-02-20T03:37:51.690+0000] {dag.py:2690} INFO - Sync 2 DAGs
[2025-02-20T03:37:51.899+0000] {logging_mixin.py:137} INFO - [2025-02-20T03:37:51.898+0000] {dag.py:3441} INFO - Setting next_dagrun for example_external_task_marker_child to None, run_after=None
[2025-02-20T03:37:51.942+0000] {logging_mixin.py:137} INFO - [2025-02-20T03:37:51.941+0000] {dag.py:3441} INFO - Setting next_dagrun for example_external_task_marker_parent to None, run_after=None
[2025-02-20T03:37:52.099+0000] {processor.py:175} INFO - Processing /home/airflow/.local/lib/python3.7/site-packages/airflow/example_dags/example_external_task_marker_dag.py took 0.688 seconds
[2025-02-20T03:38:22.204+0000] {processor.py:153} INFO - Started process (PID=254) to work on /home/airflow/.local/lib/python3.7/site-packages/airflow/example_dags/example_external_task_marker_dag.py
[2025-02-20T03:38:22.206+0000] {processor.py:743} INFO - Processing file /home/airflow/.local/lib/python3.7/site-packages/airflow/example_dags/example_external_task_marker_dag.py for tasks to queue
[2025-02-20T03:38:22.208+0000] {logging_mixin.py:137} INFO - [2025-02-20T03:38:22.207+0000] {dagbag.py:538} INFO - Filling up the DagBag from /home/airflow/.local/lib/python3.7/site-packages/airflow/example_dags/example_external_task_marker_dag.py
[2025-02-20T03:38:22.242+0000] {processor.py:753} INFO - DAG(s) dict_keys(['example_external_task_marker_child', 'example_external_task_marker_parent']) retrieved from /home/airflow/.local/lib/python3.7/site-packages/airflow/example_dags/example_external_task_marker_dag.py
[2025-02-20T03:38:22.307+0000] {logging_mixin.py:137} INFO - [2025-02-20T03:38:22.307+0000] {dag.py:2690} INFO - Sync 2 DAGs
[2025-02-20T03:38:22.370+0000] {logging_mixin.py:137} INFO - [2025-02-20T03:38:22.370+0000] {dag.py:3441} INFO - Setting next_dagrun for example_external_task_marker_child to None, run_after=None
[2025-02-20T03:38:22.378+0000] {logging_mixin.py:137} INFO - [2025-02-20T03:38:22.378+0000] {dag.py:3441} INFO - Setting next_dagrun for example_external_task_marker_parent to None, run_after=None
[2025-02-20T03:38:22.422+0000] {processor.py:175} INFO - Processing /home/airflow/.local/lib/python3.7/site-packages/airflow/example_dags/example_external_task_marker_dag.py took 0.225 seconds
[2025-02-20T03:38:52.812+0000] {processor.py:153} INFO - Started process (PID=311) to work on /home/airflow/.local/lib/python3.7/site-packages/airflow/example_dags/example_external_task_marker_dag.py
[2025-02-20T03:38:52.814+0000] {processor.py:743} INFO - Processing file /home/airflow/.local/lib/python3.7/site-packages/airflow/example_dags/example_external_task_marker_dag.py for tasks to queue
[2025-02-20T03:38:52.815+0000] {logging_mixin.py:137} INFO - [2025-02-20T03:38:52.815+0000] {dagbag.py:538} INFO - Filling up the DagBag from /home/airflow/.local/lib/python3.7/site-packages/airflow/example_dags/example_external_task_marker_dag.py
[2025-02-20T03:38:52.847+0000] {processor.py:753} INFO - DAG(s) dict_keys(['example_external_task_marker_child', 'example_external_task_marker_parent']) retrieved from /home/airflow/.local/lib/python3.7/site-packages/airflow/example_dags/example_external_task_marker_dag.py
[2025-02-20T03:38:52.988+0000] {logging_mixin.py:137} INFO - [2025-02-20T03:38:52.988+0000] {dag.py:2690} INFO - Sync 2 DAGs
[2025-02-20T03:38:53.138+0000] {logging_mixin.py:137} INFO - [2025-02-20T03:38:53.137+0000] {dag.py:3441} INFO - Setting next_dagrun for example_external_task_marker_child to None, run_after=None
[2025-02-20T03:38:53.157+0000] {logging_mixin.py:137} INFO - [2025-02-20T03:38:53.156+0000] {dag.py:3441} INFO - Setting next_dagrun for example_external_task_marker_parent to None, run_after=None
[2025-02-20T03:38:53.238+0000] {processor.py:175} INFO - Processing /home/airflow/.local/lib/python3.7/site-packages/airflow/example_dags/example_external_task_marker_dag.py took 0.434 seconds
