[2025-02-20T03:37:02.295+0000] {processor.py:153} INFO - Started process (PID=123) to work on /home/airflow/.local/lib/python3.7/site-packages/airflow/example_dags/example_sla_dag.py
[2025-02-20T03:37:02.297+0000] {processor.py:743} INFO - Processing file /home/airflow/.local/lib/python3.7/site-packages/airflow/example_dags/example_sla_dag.py for tasks to queue
[2025-02-20T03:37:02.300+0000] {logging_mixin.py:137} INFO - [2025-02-20T03:37:02.300+0000] {dagbag.py:538} INFO - Filling up the DagBag from /home/airflow/.local/lib/python3.7/site-packages/airflow/example_dags/example_sla_dag.py
[2025-02-20T03:37:02.388+0000] {processor.py:753} INFO - DAG(s) dict_keys(['example_sla_dag']) retrieved from /home/airflow/.local/lib/python3.7/site-packages/airflow/example_dags/example_sla_dag.py
[2025-02-20T03:37:02.444+0000] {logging_mixin.py:137} INFO - [2025-02-20T03:37:02.444+0000] {dag.py:2690} INFO - Sync 1 DAGs
[2025-02-20T03:37:02.531+0000] {logging_mixin.py:137} INFO - [2025-02-20T03:37:02.531+0000] {dag.py:3441} INFO - Setting next_dagrun for example_sla_dag to 2025-02-20T03:34:00+00:00, run_after=2025-02-20T03:36:00+00:00
[2025-02-20T03:37:02.597+0000] {processor.py:175} INFO - Processing /home/airflow/.local/lib/python3.7/site-packages/airflow/example_dags/example_sla_dag.py took 0.319 seconds
[2025-02-20T03:37:34.643+0000] {processor.py:153} INFO - Started process (PID=180) to work on /home/airflow/.local/lib/python3.7/site-packages/airflow/example_dags/example_sla_dag.py
[2025-02-20T03:37:34.651+0000] {processor.py:743} INFO - Processing file /home/airflow/.local/lib/python3.7/site-packages/airflow/example_dags/example_sla_dag.py for tasks to queue
[2025-02-20T03:37:34.658+0000] {logging_mixin.py:137} INFO - [2025-02-20T03:37:34.652+0000] {dagbag.py:538} INFO - Filling up the DagBag from /home/airflow/.local/lib/python3.7/site-packages/airflow/example_dags/example_sla_dag.py
[2025-02-20T03:37:34.782+0000] {processor.py:753} INFO - DAG(s) dict_keys(['example_sla_dag']) retrieved from /home/airflow/.local/lib/python3.7/site-packages/airflow/example_dags/example_sla_dag.py
[2025-02-20T03:37:34.921+0000] {logging_mixin.py:137} INFO - [2025-02-20T03:37:34.921+0000] {dag.py:2690} INFO - Sync 1 DAGs
[2025-02-20T03:37:35.102+0000] {logging_mixin.py:137} INFO - [2025-02-20T03:37:35.102+0000] {dag.py:3441} INFO - Setting next_dagrun for example_sla_dag to 2025-02-20T03:34:00+00:00, run_after=2025-02-20T03:36:00+00:00
[2025-02-20T03:37:35.219+0000] {processor.py:175} INFO - Processing /home/airflow/.local/lib/python3.7/site-packages/airflow/example_dags/example_sla_dag.py took 0.607 seconds
[2025-02-20T03:38:05.430+0000] {processor.py:153} INFO - Started process (PID=230) to work on /home/airflow/.local/lib/python3.7/site-packages/airflow/example_dags/example_sla_dag.py
[2025-02-20T03:38:05.431+0000] {processor.py:743} INFO - Processing file /home/airflow/.local/lib/python3.7/site-packages/airflow/example_dags/example_sla_dag.py for tasks to queue
[2025-02-20T03:38:05.433+0000] {logging_mixin.py:137} INFO - [2025-02-20T03:38:05.432+0000] {dagbag.py:538} INFO - Filling up the DagBag from /home/airflow/.local/lib/python3.7/site-packages/airflow/example_dags/example_sla_dag.py
[2025-02-20T03:38:05.489+0000] {processor.py:753} INFO - DAG(s) dict_keys(['example_sla_dag']) retrieved from /home/airflow/.local/lib/python3.7/site-packages/airflow/example_dags/example_sla_dag.py
[2025-02-20T03:38:05.543+0000] {logging_mixin.py:137} INFO - [2025-02-20T03:38:05.542+0000] {dag.py:2690} INFO - Sync 1 DAGs
[2025-02-20T03:38:05.614+0000] {logging_mixin.py:137} INFO - [2025-02-20T03:38:05.613+0000] {dag.py:3441} INFO - Setting next_dagrun for example_sla_dag to 2025-02-20T03:36:00+00:00, run_after=2025-02-20T03:38:00+00:00
[2025-02-20T03:38:05.657+0000] {processor.py:175} INFO - Processing /home/airflow/.local/lib/python3.7/site-packages/airflow/example_dags/example_sla_dag.py took 0.238 seconds
[2025-02-20T03:38:36.630+0000] {processor.py:153} INFO - Started process (PID=288) to work on /home/airflow/.local/lib/python3.7/site-packages/airflow/example_dags/example_sla_dag.py
[2025-02-20T03:38:36.632+0000] {processor.py:743} INFO - Processing file /home/airflow/.local/lib/python3.7/site-packages/airflow/example_dags/example_sla_dag.py for tasks to queue
[2025-02-20T03:38:36.634+0000] {logging_mixin.py:137} INFO - [2025-02-20T03:38:36.633+0000] {dagbag.py:538} INFO - Filling up the DagBag from /home/airflow/.local/lib/python3.7/site-packages/airflow/example_dags/example_sla_dag.py
[2025-02-20T03:38:36.692+0000] {processor.py:753} INFO - DAG(s) dict_keys(['example_sla_dag']) retrieved from /home/airflow/.local/lib/python3.7/site-packages/airflow/example_dags/example_sla_dag.py
[2025-02-20T03:38:36.749+0000] {logging_mixin.py:137} INFO - [2025-02-20T03:38:36.749+0000] {dag.py:2690} INFO - Sync 1 DAGs
[2025-02-20T03:38:36.822+0000] {logging_mixin.py:137} INFO - [2025-02-20T03:38:36.822+0000] {dag.py:3441} INFO - Setting next_dagrun for example_sla_dag to 2025-02-20T03:36:00+00:00, run_after=2025-02-20T03:38:00+00:00
[2025-02-20T03:38:36.878+0000] {processor.py:175} INFO - Processing /home/airflow/.local/lib/python3.7/site-packages/airflow/example_dags/example_sla_dag.py took 0.255 seconds
[2025-02-20T03:39:07.166+0000] {processor.py:153} INFO - Started process (PID=347) to work on /home/airflow/.local/lib/python3.7/site-packages/airflow/example_dags/example_sla_dag.py
[2025-02-20T03:39:07.168+0000] {processor.py:743} INFO - Processing file /home/airflow/.local/lib/python3.7/site-packages/airflow/example_dags/example_sla_dag.py for tasks to queue
[2025-02-20T03:39:07.169+0000] {logging_mixin.py:137} INFO - [2025-02-20T03:39:07.169+0000] {dagbag.py:538} INFO - Filling up the DagBag from /home/airflow/.local/lib/python3.7/site-packages/airflow/example_dags/example_sla_dag.py
[2025-02-20T03:39:07.229+0000] {processor.py:753} INFO - DAG(s) dict_keys(['example_sla_dag']) retrieved from /home/airflow/.local/lib/python3.7/site-packages/airflow/example_dags/example_sla_dag.py
[2025-02-20T03:39:07.289+0000] {logging_mixin.py:137} INFO - [2025-02-20T03:39:07.289+0000] {dag.py:2690} INFO - Sync 1 DAGs
[2025-02-20T03:39:07.371+0000] {logging_mixin.py:137} INFO - [2025-02-20T03:39:07.371+0000] {dag.py:3441} INFO - Setting next_dagrun for example_sla_dag to 2025-02-20T03:36:00+00:00, run_after=2025-02-20T03:38:00+00:00
[2025-02-20T03:39:07.451+0000] {processor.py:175} INFO - Processing /home/airflow/.local/lib/python3.7/site-packages/airflow/example_dags/example_sla_dag.py took 0.292 seconds
