[2025-02-20T03:37:02.860+0000] {processor.py:153} INFO - Started process (PID=126) to work on /home/airflow/.local/lib/python3.7/site-packages/airflow/example_dags/example_kubernetes_executor.py
[2025-02-20T03:37:02.861+0000] {processor.py:743} INFO - Processing file /home/airflow/.local/lib/python3.7/site-packages/airflow/example_dags/example_kubernetes_executor.py for tasks to queue
[2025-02-20T03:37:02.866+0000] {logging_mixin.py:137} INFO - [2025-02-20T03:37:02.865+0000] {dagbag.py:538} INFO - Filling up the DagBag from /home/airflow/.local/lib/python3.7/site-packages/airflow/example_dags/example_kubernetes_executor.py
[2025-02-20T03:37:02.987+0000] {processor.py:753} INFO - DAG(s) dict_keys(['example_kubernetes_executor']) retrieved from /home/airflow/.local/lib/python3.7/site-packages/airflow/example_dags/example_kubernetes_executor.py
[2025-02-20T03:37:03.137+0000] {logging_mixin.py:137} INFO - [2025-02-20T03:37:03.137+0000] {dag.py:2690} INFO - Sync 1 DAGs
[2025-02-20T03:37:03.278+0000] {logging_mixin.py:137} INFO - [2025-02-20T03:37:03.278+0000] {dag.py:3441} INFO - Setting next_dagrun for example_kubernetes_executor to None, run_after=None
[2025-02-20T03:37:03.352+0000] {processor.py:175} INFO - Processing /home/airflow/.local/lib/python3.7/site-packages/airflow/example_dags/example_kubernetes_executor.py took 0.509 seconds
[2025-02-20T03:37:35.757+0000] {processor.py:153} INFO - Started process (PID=183) to work on /home/airflow/.local/lib/python3.7/site-packages/airflow/example_dags/example_kubernetes_executor.py
[2025-02-20T03:37:35.765+0000] {processor.py:743} INFO - Processing file /home/airflow/.local/lib/python3.7/site-packages/airflow/example_dags/example_kubernetes_executor.py for tasks to queue
[2025-02-20T03:37:35.774+0000] {logging_mixin.py:137} INFO - [2025-02-20T03:37:35.766+0000] {dagbag.py:538} INFO - Filling up the DagBag from /home/airflow/.local/lib/python3.7/site-packages/airflow/example_dags/example_kubernetes_executor.py
[2025-02-20T03:37:36.014+0000] {processor.py:753} INFO - DAG(s) dict_keys(['example_kubernetes_executor']) retrieved from /home/airflow/.local/lib/python3.7/site-packages/airflow/example_dags/example_kubernetes_executor.py
[2025-02-20T03:37:36.200+0000] {logging_mixin.py:137} INFO - [2025-02-20T03:37:36.200+0000] {dag.py:2690} INFO - Sync 1 DAGs
[2025-02-20T03:37:36.451+0000] {logging_mixin.py:137} INFO - [2025-02-20T03:37:36.450+0000] {dag.py:3441} INFO - Setting next_dagrun for example_kubernetes_executor to None, run_after=None
[2025-02-20T03:37:36.681+0000] {processor.py:175} INFO - Processing /home/airflow/.local/lib/python3.7/site-packages/airflow/example_dags/example_kubernetes_executor.py took 0.966 seconds
[2025-02-20T03:38:07.046+0000] {processor.py:153} INFO - Started process (PID=233) to work on /home/airflow/.local/lib/python3.7/site-packages/airflow/example_dags/example_kubernetes_executor.py
[2025-02-20T03:38:07.050+0000] {processor.py:743} INFO - Processing file /home/airflow/.local/lib/python3.7/site-packages/airflow/example_dags/example_kubernetes_executor.py for tasks to queue
[2025-02-20T03:38:07.056+0000] {logging_mixin.py:137} INFO - [2025-02-20T03:38:07.056+0000] {dagbag.py:538} INFO - Filling up the DagBag from /home/airflow/.local/lib/python3.7/site-packages/airflow/example_dags/example_kubernetes_executor.py
[2025-02-20T03:38:07.235+0000] {processor.py:753} INFO - DAG(s) dict_keys(['example_kubernetes_executor']) retrieved from /home/airflow/.local/lib/python3.7/site-packages/airflow/example_dags/example_kubernetes_executor.py
[2025-02-20T03:38:07.371+0000] {logging_mixin.py:137} INFO - [2025-02-20T03:38:07.371+0000] {dag.py:2690} INFO - Sync 1 DAGs
[2025-02-20T03:38:07.460+0000] {logging_mixin.py:137} INFO - [2025-02-20T03:38:07.460+0000] {dag.py:3441} INFO - Setting next_dagrun for example_kubernetes_executor to None, run_after=None
[2025-02-20T03:38:07.542+0000] {processor.py:175} INFO - Processing /home/airflow/.local/lib/python3.7/site-packages/airflow/example_dags/example_kubernetes_executor.py took 0.515 seconds
[2025-02-20T03:38:38.247+0000] {processor.py:153} INFO - Started process (PID=291) to work on /home/airflow/.local/lib/python3.7/site-packages/airflow/example_dags/example_kubernetes_executor.py
[2025-02-20T03:38:38.251+0000] {processor.py:743} INFO - Processing file /home/airflow/.local/lib/python3.7/site-packages/airflow/example_dags/example_kubernetes_executor.py for tasks to queue
[2025-02-20T03:38:38.254+0000] {logging_mixin.py:137} INFO - [2025-02-20T03:38:38.252+0000] {dagbag.py:538} INFO - Filling up the DagBag from /home/airflow/.local/lib/python3.7/site-packages/airflow/example_dags/example_kubernetes_executor.py
[2025-02-20T03:38:38.430+0000] {processor.py:753} INFO - DAG(s) dict_keys(['example_kubernetes_executor']) retrieved from /home/airflow/.local/lib/python3.7/site-packages/airflow/example_dags/example_kubernetes_executor.py
[2025-02-20T03:38:38.686+0000] {logging_mixin.py:137} INFO - [2025-02-20T03:38:38.686+0000] {dag.py:2690} INFO - Sync 1 DAGs
[2025-02-20T03:38:38.813+0000] {logging_mixin.py:137} INFO - [2025-02-20T03:38:38.813+0000] {dag.py:3441} INFO - Setting next_dagrun for example_kubernetes_executor to None, run_after=None
[2025-02-20T03:38:38.937+0000] {processor.py:175} INFO - Processing /home/airflow/.local/lib/python3.7/site-packages/airflow/example_dags/example_kubernetes_executor.py took 0.703 seconds
[2025-02-20T03:39:09.147+0000] {processor.py:153} INFO - Started process (PID=351) to work on /home/airflow/.local/lib/python3.7/site-packages/airflow/example_dags/example_kubernetes_executor.py
[2025-02-20T03:39:09.149+0000] {processor.py:743} INFO - Processing file /home/airflow/.local/lib/python3.7/site-packages/airflow/example_dags/example_kubernetes_executor.py for tasks to queue
[2025-02-20T03:39:09.151+0000] {logging_mixin.py:137} INFO - [2025-02-20T03:39:09.151+0000] {dagbag.py:538} INFO - Filling up the DagBag from /home/airflow/.local/lib/python3.7/site-packages/airflow/example_dags/example_kubernetes_executor.py
[2025-02-20T03:39:09.284+0000] {processor.py:753} INFO - DAG(s) dict_keys(['example_kubernetes_executor']) retrieved from /home/airflow/.local/lib/python3.7/site-packages/airflow/example_dags/example_kubernetes_executor.py
[2025-02-20T03:39:09.442+0000] {logging_mixin.py:137} INFO - [2025-02-20T03:39:09.442+0000] {dag.py:2690} INFO - Sync 1 DAGs
[2025-02-20T03:39:09.584+0000] {logging_mixin.py:137} INFO - [2025-02-20T03:39:09.583+0000] {dag.py:3441} INFO - Setting next_dagrun for example_kubernetes_executor to None, run_after=None
[2025-02-20T03:39:09.658+0000] {processor.py:175} INFO - Processing /home/airflow/.local/lib/python3.7/site-packages/airflow/example_dags/example_kubernetes_executor.py took 0.531 seconds
