[2025-02-20T03:36:48.965+0000] {processor.py:153} INFO - Started process (PID=89) to work on /home/airflow/.local/lib/python3.7/site-packages/airflow/example_dags/example_dynamic_task_mapping.py
[2025-02-20T03:36:48.972+0000] {processor.py:743} INFO - Processing file /home/airflow/.local/lib/python3.7/site-packages/airflow/example_dags/example_dynamic_task_mapping.py for tasks to queue
[2025-02-20T03:36:48.974+0000] {logging_mixin.py:137} INFO - [2025-02-20T03:36:48.973+0000] {dagbag.py:538} INFO - Filling up the DagBag from /home/airflow/.local/lib/python3.7/site-packages/airflow/example_dags/example_dynamic_task_mapping.py
[2025-02-20T03:36:49.136+0000] {processor.py:753} INFO - DAG(s) dict_keys(['example_dynamic_task_mapping']) retrieved from /home/airflow/.local/lib/python3.7/site-packages/airflow/example_dags/example_dynamic_task_mapping.py
[2025-02-20T03:36:49.391+0000] {logging_mixin.py:137} INFO - [2025-02-20T03:36:49.391+0000] {dag.py:2690} INFO - Sync 1 DAGs
[2025-02-20T03:36:49.706+0000] {logging_mixin.py:137} INFO - [2025-02-20T03:36:49.702+0000] {dag.py:3441} INFO - Setting next_dagrun for example_dynamic_task_mapping to 2022-03-04T00:00:00+00:00, run_after=2022-03-05T00:00:00+00:00
[2025-02-20T03:36:49.841+0000] {processor.py:175} INFO - Processing /home/airflow/.local/lib/python3.7/site-packages/airflow/example_dags/example_dynamic_task_mapping.py took 0.899 seconds
[2025-02-20T03:37:20.059+0000] {processor.py:153} INFO - Started process (PID=147) to work on /home/airflow/.local/lib/python3.7/site-packages/airflow/example_dags/example_dynamic_task_mapping.py
[2025-02-20T03:37:20.062+0000] {processor.py:743} INFO - Processing file /home/airflow/.local/lib/python3.7/site-packages/airflow/example_dags/example_dynamic_task_mapping.py for tasks to queue
[2025-02-20T03:37:20.064+0000] {logging_mixin.py:137} INFO - [2025-02-20T03:37:20.064+0000] {dagbag.py:538} INFO - Filling up the DagBag from /home/airflow/.local/lib/python3.7/site-packages/airflow/example_dags/example_dynamic_task_mapping.py
[2025-02-20T03:37:20.144+0000] {processor.py:753} INFO - DAG(s) dict_keys(['example_dynamic_task_mapping']) retrieved from /home/airflow/.local/lib/python3.7/site-packages/airflow/example_dags/example_dynamic_task_mapping.py
[2025-02-20T03:37:20.218+0000] {logging_mixin.py:137} INFO - [2025-02-20T03:37:20.218+0000] {dag.py:2690} INFO - Sync 1 DAGs
[2025-02-20T03:37:20.283+0000] {logging_mixin.py:137} INFO - [2025-02-20T03:37:20.283+0000] {dag.py:3441} INFO - Setting next_dagrun for example_dynamic_task_mapping to 2022-03-04T00:00:00+00:00, run_after=2022-03-05T00:00:00+00:00
[2025-02-20T03:37:20.343+0000] {processor.py:175} INFO - Processing /home/airflow/.local/lib/python3.7/site-packages/airflow/example_dags/example_dynamic_task_mapping.py took 0.299 seconds
[2025-02-20T03:37:51.449+0000] {processor.py:153} INFO - Started process (PID=203) to work on /home/airflow/.local/lib/python3.7/site-packages/airflow/example_dags/example_dynamic_task_mapping.py
[2025-02-20T03:37:51.453+0000] {processor.py:743} INFO - Processing file /home/airflow/.local/lib/python3.7/site-packages/airflow/example_dags/example_dynamic_task_mapping.py for tasks to queue
[2025-02-20T03:37:51.456+0000] {logging_mixin.py:137} INFO - [2025-02-20T03:37:51.456+0000] {dagbag.py:538} INFO - Filling up the DagBag from /home/airflow/.local/lib/python3.7/site-packages/airflow/example_dags/example_dynamic_task_mapping.py
[2025-02-20T03:37:51.608+0000] {processor.py:753} INFO - DAG(s) dict_keys(['example_dynamic_task_mapping']) retrieved from /home/airflow/.local/lib/python3.7/site-packages/airflow/example_dags/example_dynamic_task_mapping.py
[2025-02-20T03:37:51.780+0000] {logging_mixin.py:137} INFO - [2025-02-20T03:37:51.779+0000] {dag.py:2690} INFO - Sync 1 DAGs
[2025-02-20T03:37:52.019+0000] {logging_mixin.py:137} INFO - [2025-02-20T03:37:52.018+0000] {dag.py:3441} INFO - Setting next_dagrun for example_dynamic_task_mapping to 2022-03-04T00:00:00+00:00, run_after=2022-03-05T00:00:00+00:00
[2025-02-20T03:37:52.202+0000] {processor.py:175} INFO - Processing /home/airflow/.local/lib/python3.7/site-packages/airflow/example_dags/example_dynamic_task_mapping.py took 0.768 seconds
[2025-02-20T03:38:22.512+0000] {processor.py:153} INFO - Started process (PID=255) to work on /home/airflow/.local/lib/python3.7/site-packages/airflow/example_dags/example_dynamic_task_mapping.py
[2025-02-20T03:38:22.515+0000] {processor.py:743} INFO - Processing file /home/airflow/.local/lib/python3.7/site-packages/airflow/example_dags/example_dynamic_task_mapping.py for tasks to queue
[2025-02-20T03:38:22.517+0000] {logging_mixin.py:137} INFO - [2025-02-20T03:38:22.516+0000] {dagbag.py:538} INFO - Filling up the DagBag from /home/airflow/.local/lib/python3.7/site-packages/airflow/example_dags/example_dynamic_task_mapping.py
[2025-02-20T03:38:22.572+0000] {processor.py:753} INFO - DAG(s) dict_keys(['example_dynamic_task_mapping']) retrieved from /home/airflow/.local/lib/python3.7/site-packages/airflow/example_dags/example_dynamic_task_mapping.py
[2025-02-20T03:38:22.628+0000] {logging_mixin.py:137} INFO - [2025-02-20T03:38:22.628+0000] {dag.py:2690} INFO - Sync 1 DAGs
[2025-02-20T03:38:22.688+0000] {logging_mixin.py:137} INFO - [2025-02-20T03:38:22.688+0000] {dag.py:3441} INFO - Setting next_dagrun for example_dynamic_task_mapping to 2022-03-04T00:00:00+00:00, run_after=2022-03-05T00:00:00+00:00
[2025-02-20T03:38:22.740+0000] {processor.py:175} INFO - Processing /home/airflow/.local/lib/python3.7/site-packages/airflow/example_dags/example_dynamic_task_mapping.py took 0.242 seconds
[2025-02-20T03:38:53.272+0000] {processor.py:153} INFO - Started process (PID=312) to work on /home/airflow/.local/lib/python3.7/site-packages/airflow/example_dags/example_dynamic_task_mapping.py
[2025-02-20T03:38:53.274+0000] {processor.py:743} INFO - Processing file /home/airflow/.local/lib/python3.7/site-packages/airflow/example_dags/example_dynamic_task_mapping.py for tasks to queue
[2025-02-20T03:38:53.276+0000] {logging_mixin.py:137} INFO - [2025-02-20T03:38:53.275+0000] {dagbag.py:538} INFO - Filling up the DagBag from /home/airflow/.local/lib/python3.7/site-packages/airflow/example_dags/example_dynamic_task_mapping.py
[2025-02-20T03:38:53.333+0000] {processor.py:753} INFO - DAG(s) dict_keys(['example_dynamic_task_mapping']) retrieved from /home/airflow/.local/lib/python3.7/site-packages/airflow/example_dags/example_dynamic_task_mapping.py
[2025-02-20T03:38:53.389+0000] {logging_mixin.py:137} INFO - [2025-02-20T03:38:53.388+0000] {dag.py:2690} INFO - Sync 1 DAGs
[2025-02-20T03:38:53.451+0000] {logging_mixin.py:137} INFO - [2025-02-20T03:38:53.450+0000] {dag.py:3441} INFO - Setting next_dagrun for example_dynamic_task_mapping to 2022-03-04T00:00:00+00:00, run_after=2022-03-05T00:00:00+00:00
[2025-02-20T03:38:53.513+0000] {processor.py:175} INFO - Processing /home/airflow/.local/lib/python3.7/site-packages/airflow/example_dags/example_dynamic_task_mapping.py took 0.255 seconds
