[2025-02-20T03:36:51.224+0000] {processor.py:153} INFO - Started process (PID=102) to work on /home/airflow/.local/lib/python3.7/site-packages/airflow/example_dags/example_sensors.py
[2025-02-20T03:36:51.226+0000] {processor.py:743} INFO - Processing file /home/airflow/.local/lib/python3.7/site-packages/airflow/example_dags/example_sensors.py for tasks to queue
[2025-02-20T03:36:51.227+0000] {logging_mixin.py:137} INFO - [2025-02-20T03:36:51.227+0000] {dagbag.py:538} INFO - Filling up the DagBag from /home/airflow/.local/lib/python3.7/site-packages/airflow/example_dags/example_sensors.py
[2025-02-20T03:36:51.335+0000] {processor.py:753} INFO - DAG(s) dict_keys(['example_sensors']) retrieved from /home/airflow/.local/lib/python3.7/site-packages/airflow/example_dags/example_sensors.py
[2025-02-20T03:36:51.486+0000] {logging_mixin.py:137} INFO - [2025-02-20T03:36:51.486+0000] {dag.py:2690} INFO - Sync 1 DAGs
[2025-02-20T03:36:51.599+0000] {logging_mixin.py:137} INFO - [2025-02-20T03:36:51.598+0000] {dag.py:3441} INFO - Setting next_dagrun for example_sensors to None, run_after=None
[2025-02-20T03:36:51.699+0000] {processor.py:175} INFO - Processing /home/airflow/.local/lib/python3.7/site-packages/airflow/example_dags/example_sensors.py took 0.503 seconds
[2025-02-20T03:37:21.887+0000] {processor.py:153} INFO - Started process (PID=153) to work on /home/airflow/.local/lib/python3.7/site-packages/airflow/example_dags/example_sensors.py
[2025-02-20T03:37:21.889+0000] {processor.py:743} INFO - Processing file /home/airflow/.local/lib/python3.7/site-packages/airflow/example_dags/example_sensors.py for tasks to queue
[2025-02-20T03:37:21.891+0000] {logging_mixin.py:137} INFO - [2025-02-20T03:37:21.890+0000] {dagbag.py:538} INFO - Filling up the DagBag from /home/airflow/.local/lib/python3.7/site-packages/airflow/example_dags/example_sensors.py
[2025-02-20T03:37:21.939+0000] {processor.py:753} INFO - DAG(s) dict_keys(['example_sensors']) retrieved from /home/airflow/.local/lib/python3.7/site-packages/airflow/example_dags/example_sensors.py
[2025-02-20T03:37:22.003+0000] {logging_mixin.py:137} INFO - [2025-02-20T03:37:22.002+0000] {dag.py:2690} INFO - Sync 1 DAGs
[2025-02-20T03:37:22.065+0000] {logging_mixin.py:137} INFO - [2025-02-20T03:37:22.064+0000] {dag.py:3441} INFO - Setting next_dagrun for example_sensors to None, run_after=None
[2025-02-20T03:37:22.110+0000] {processor.py:175} INFO - Processing /home/airflow/.local/lib/python3.7/site-packages/airflow/example_dags/example_sensors.py took 0.232 seconds
[2025-02-20T03:37:54.360+0000] {processor.py:153} INFO - Started process (PID=211) to work on /home/airflow/.local/lib/python3.7/site-packages/airflow/example_dags/example_sensors.py
[2025-02-20T03:37:54.363+0000] {processor.py:743} INFO - Processing file /home/airflow/.local/lib/python3.7/site-packages/airflow/example_dags/example_sensors.py for tasks to queue
[2025-02-20T03:37:54.367+0000] {logging_mixin.py:137} INFO - [2025-02-20T03:37:54.366+0000] {dagbag.py:538} INFO - Filling up the DagBag from /home/airflow/.local/lib/python3.7/site-packages/airflow/example_dags/example_sensors.py
[2025-02-20T03:37:54.448+0000] {processor.py:753} INFO - DAG(s) dict_keys(['example_sensors']) retrieved from /home/airflow/.local/lib/python3.7/site-packages/airflow/example_dags/example_sensors.py
[2025-02-20T03:37:54.530+0000] {logging_mixin.py:137} INFO - [2025-02-20T03:37:54.529+0000] {dag.py:2690} INFO - Sync 1 DAGs
[2025-02-20T03:37:54.610+0000] {logging_mixin.py:137} INFO - [2025-02-20T03:37:54.610+0000] {dag.py:3441} INFO - Setting next_dagrun for example_sensors to None, run_after=None
[2025-02-20T03:37:54.675+0000] {processor.py:175} INFO - Processing /home/airflow/.local/lib/python3.7/site-packages/airflow/example_dags/example_sensors.py took 0.330 seconds
[2025-02-20T03:38:25.926+0000] {processor.py:153} INFO - Started process (PID=267) to work on /home/airflow/.local/lib/python3.7/site-packages/airflow/example_dags/example_sensors.py
[2025-02-20T03:38:25.929+0000] {processor.py:743} INFO - Processing file /home/airflow/.local/lib/python3.7/site-packages/airflow/example_dags/example_sensors.py for tasks to queue
[2025-02-20T03:38:25.933+0000] {logging_mixin.py:137} INFO - [2025-02-20T03:38:25.931+0000] {dagbag.py:538} INFO - Filling up the DagBag from /home/airflow/.local/lib/python3.7/site-packages/airflow/example_dags/example_sensors.py
[2025-02-20T03:38:26.034+0000] {processor.py:753} INFO - DAG(s) dict_keys(['example_sensors']) retrieved from /home/airflow/.local/lib/python3.7/site-packages/airflow/example_dags/example_sensors.py
[2025-02-20T03:38:26.116+0000] {logging_mixin.py:137} INFO - [2025-02-20T03:38:26.115+0000] {dag.py:2690} INFO - Sync 1 DAGs
[2025-02-20T03:38:26.198+0000] {logging_mixin.py:137} INFO - [2025-02-20T03:38:26.198+0000] {dag.py:3441} INFO - Setting next_dagrun for example_sensors to None, run_after=None
[2025-02-20T03:38:26.281+0000] {processor.py:175} INFO - Processing /home/airflow/.local/lib/python3.7/site-packages/airflow/example_dags/example_sensors.py took 0.374 seconds
[2025-02-20T03:38:56.688+0000] {processor.py:153} INFO - Started process (PID=318) to work on /home/airflow/.local/lib/python3.7/site-packages/airflow/example_dags/example_sensors.py
[2025-02-20T03:38:56.691+0000] {processor.py:743} INFO - Processing file /home/airflow/.local/lib/python3.7/site-packages/airflow/example_dags/example_sensors.py for tasks to queue
[2025-02-20T03:38:56.693+0000] {logging_mixin.py:137} INFO - [2025-02-20T03:38:56.692+0000] {dagbag.py:538} INFO - Filling up the DagBag from /home/airflow/.local/lib/python3.7/site-packages/airflow/example_dags/example_sensors.py
[2025-02-20T03:38:56.789+0000] {processor.py:753} INFO - DAG(s) dict_keys(['example_sensors']) retrieved from /home/airflow/.local/lib/python3.7/site-packages/airflow/example_dags/example_sensors.py
[2025-02-20T03:38:56.876+0000] {logging_mixin.py:137} INFO - [2025-02-20T03:38:56.876+0000] {dag.py:2690} INFO - Sync 1 DAGs
[2025-02-20T03:38:56.984+0000] {logging_mixin.py:137} INFO - [2025-02-20T03:38:56.984+0000] {dag.py:3441} INFO - Setting next_dagrun for example_sensors to None, run_after=None
[2025-02-20T03:38:57.055+0000] {processor.py:175} INFO - Processing /home/airflow/.local/lib/python3.7/site-packages/airflow/example_dags/example_sensors.py took 0.375 seconds
