[2025-02-20T03:36:58.091+0000] {processor.py:153} INFO - Started process (PID=115) to work on /home/airflow/.local/lib/python3.7/site-packages/airflow/example_dags/example_trigger_target_dag.py
[2025-02-20T03:36:58.100+0000] {processor.py:743} INFO - Processing file /home/airflow/.local/lib/python3.7/site-packages/airflow/example_dags/example_trigger_target_dag.py for tasks to queue
[2025-02-20T03:36:58.110+0000] {logging_mixin.py:137} INFO - [2025-02-20T03:36:58.110+0000] {dagbag.py:538} INFO - Filling up the DagBag from /home/airflow/.local/lib/python3.7/site-packages/airflow/example_dags/example_trigger_target_dag.py
[2025-02-20T03:36:58.467+0000] {processor.py:753} INFO - DAG(s) dict_keys(['example_trigger_target_dag']) retrieved from /home/airflow/.local/lib/python3.7/site-packages/airflow/example_dags/example_trigger_target_dag.py
[2025-02-20T03:36:58.763+0000] {logging_mixin.py:137} INFO - [2025-02-20T03:36:58.762+0000] {dag.py:2690} INFO - Sync 1 DAGs
[2025-02-20T03:36:59.110+0000] {logging_mixin.py:137} INFO - [2025-02-20T03:36:59.110+0000] {dag.py:3441} INFO - Setting next_dagrun for example_trigger_target_dag to None, run_after=None
[2025-02-20T03:36:59.329+0000] {processor.py:175} INFO - Processing /home/airflow/.local/lib/python3.7/site-packages/airflow/example_dags/example_trigger_target_dag.py took 1.276 seconds
[2025-02-20T03:37:29.411+0000] {processor.py:153} INFO - Started process (PID=163) to work on /home/airflow/.local/lib/python3.7/site-packages/airflow/example_dags/example_trigger_target_dag.py
[2025-02-20T03:37:29.413+0000] {processor.py:743} INFO - Processing file /home/airflow/.local/lib/python3.7/site-packages/airflow/example_dags/example_trigger_target_dag.py for tasks to queue
[2025-02-20T03:37:29.414+0000] {logging_mixin.py:137} INFO - [2025-02-20T03:37:29.414+0000] {dagbag.py:538} INFO - Filling up the DagBag from /home/airflow/.local/lib/python3.7/site-packages/airflow/example_dags/example_trigger_target_dag.py
[2025-02-20T03:37:29.467+0000] {processor.py:753} INFO - DAG(s) dict_keys(['example_trigger_target_dag']) retrieved from /home/airflow/.local/lib/python3.7/site-packages/airflow/example_dags/example_trigger_target_dag.py
[2025-02-20T03:37:29.526+0000] {logging_mixin.py:137} INFO - [2025-02-20T03:37:29.526+0000] {dag.py:2690} INFO - Sync 1 DAGs
[2025-02-20T03:37:29.587+0000] {logging_mixin.py:137} INFO - [2025-02-20T03:37:29.587+0000] {dag.py:3441} INFO - Setting next_dagrun for example_trigger_target_dag to None, run_after=None
[2025-02-20T03:37:29.632+0000] {processor.py:175} INFO - Processing /home/airflow/.local/lib/python3.7/site-packages/airflow/example_dags/example_trigger_target_dag.py took 0.228 seconds
[2025-02-20T03:37:59.748+0000] {processor.py:153} INFO - Started process (PID=222) to work on /home/airflow/.local/lib/python3.7/site-packages/airflow/example_dags/example_trigger_target_dag.py
[2025-02-20T03:37:59.750+0000] {processor.py:743} INFO - Processing file /home/airflow/.local/lib/python3.7/site-packages/airflow/example_dags/example_trigger_target_dag.py for tasks to queue
[2025-02-20T03:37:59.751+0000] {logging_mixin.py:137} INFO - [2025-02-20T03:37:59.751+0000] {dagbag.py:538} INFO - Filling up the DagBag from /home/airflow/.local/lib/python3.7/site-packages/airflow/example_dags/example_trigger_target_dag.py
[2025-02-20T03:37:59.804+0000] {processor.py:753} INFO - DAG(s) dict_keys(['example_trigger_target_dag']) retrieved from /home/airflow/.local/lib/python3.7/site-packages/airflow/example_dags/example_trigger_target_dag.py
[2025-02-20T03:37:59.864+0000] {logging_mixin.py:137} INFO - [2025-02-20T03:37:59.864+0000] {dag.py:2690} INFO - Sync 1 DAGs
[2025-02-20T03:37:59.925+0000] {logging_mixin.py:137} INFO - [2025-02-20T03:37:59.924+0000] {dag.py:3441} INFO - Setting next_dagrun for example_trigger_target_dag to None, run_after=None
[2025-02-20T03:37:59.971+0000] {processor.py:175} INFO - Processing /home/airflow/.local/lib/python3.7/site-packages/airflow/example_dags/example_trigger_target_dag.py took 0.230 seconds
[2025-02-20T03:38:30.564+0000] {processor.py:153} INFO - Started process (PID=280) to work on /home/airflow/.local/lib/python3.7/site-packages/airflow/example_dags/example_trigger_target_dag.py
[2025-02-20T03:38:30.568+0000] {processor.py:743} INFO - Processing file /home/airflow/.local/lib/python3.7/site-packages/airflow/example_dags/example_trigger_target_dag.py for tasks to queue
[2025-02-20T03:38:30.572+0000] {logging_mixin.py:137} INFO - [2025-02-20T03:38:30.569+0000] {dagbag.py:538} INFO - Filling up the DagBag from /home/airflow/.local/lib/python3.7/site-packages/airflow/example_dags/example_trigger_target_dag.py
[2025-02-20T03:38:30.716+0000] {processor.py:753} INFO - DAG(s) dict_keys(['example_trigger_target_dag']) retrieved from /home/airflow/.local/lib/python3.7/site-packages/airflow/example_dags/example_trigger_target_dag.py
[2025-02-20T03:38:30.921+0000] {logging_mixin.py:137} INFO - [2025-02-20T03:38:30.920+0000] {dag.py:2690} INFO - Sync 1 DAGs
[2025-02-20T03:38:31.088+0000] {logging_mixin.py:137} INFO - [2025-02-20T03:38:31.088+0000] {dag.py:3441} INFO - Setting next_dagrun for example_trigger_target_dag to None, run_after=None
[2025-02-20T03:38:31.256+0000] {processor.py:175} INFO - Processing /home/airflow/.local/lib/python3.7/site-packages/airflow/example_dags/example_trigger_target_dag.py took 0.709 seconds
[2025-02-20T03:39:01.409+0000] {processor.py:153} INFO - Started process (PID=338) to work on /home/airflow/.local/lib/python3.7/site-packages/airflow/example_dags/example_trigger_target_dag.py
[2025-02-20T03:39:01.412+0000] {processor.py:743} INFO - Processing file /home/airflow/.local/lib/python3.7/site-packages/airflow/example_dags/example_trigger_target_dag.py for tasks to queue
[2025-02-20T03:39:01.418+0000] {logging_mixin.py:137} INFO - [2025-02-20T03:39:01.417+0000] {dagbag.py:538} INFO - Filling up the DagBag from /home/airflow/.local/lib/python3.7/site-packages/airflow/example_dags/example_trigger_target_dag.py
[2025-02-20T03:39:01.523+0000] {processor.py:753} INFO - DAG(s) dict_keys(['example_trigger_target_dag']) retrieved from /home/airflow/.local/lib/python3.7/site-packages/airflow/example_dags/example_trigger_target_dag.py
[2025-02-20T03:39:01.648+0000] {logging_mixin.py:137} INFO - [2025-02-20T03:39:01.647+0000] {dag.py:2690} INFO - Sync 1 DAGs
[2025-02-20T03:39:01.795+0000] {logging_mixin.py:137} INFO - [2025-02-20T03:39:01.795+0000] {dag.py:3441} INFO - Setting next_dagrun for example_trigger_target_dag to None, run_after=None
[2025-02-20T03:39:01.887+0000] {processor.py:175} INFO - Processing /home/airflow/.local/lib/python3.7/site-packages/airflow/example_dags/example_trigger_target_dag.py took 0.503 seconds
