[2025-02-20T03:36:57.002+0000] {processor.py:153} INFO - Started process (PID=113) to work on /home/airflow/.local/lib/python3.7/site-packages/airflow/example_dags/example_latest_only_with_trigger.py
[2025-02-20T03:36:57.007+0000] {processor.py:743} INFO - Processing file /home/airflow/.local/lib/python3.7/site-packages/airflow/example_dags/example_latest_only_with_trigger.py for tasks to queue
[2025-02-20T03:36:57.018+0000] {logging_mixin.py:137} INFO - [2025-02-20T03:36:57.018+0000] {dagbag.py:538} INFO - Filling up the DagBag from /home/airflow/.local/lib/python3.7/site-packages/airflow/example_dags/example_latest_only_with_trigger.py
[2025-02-20T03:36:57.206+0000] {processor.py:753} INFO - DAG(s) dict_keys(['latest_only_with_trigger']) retrieved from /home/airflow/.local/lib/python3.7/site-packages/airflow/example_dags/example_latest_only_with_trigger.py
[2025-02-20T03:36:57.447+0000] {logging_mixin.py:137} INFO - [2025-02-20T03:36:57.445+0000] {dag.py:2690} INFO - Sync 1 DAGs
[2025-02-20T03:36:57.714+0000] {logging_mixin.py:137} INFO - [2025-02-20T03:36:57.714+0000] {dag.py:3441} INFO - Setting next_dagrun for latest_only_with_trigger to 2025-02-19T23:36:57.713637+00:00, run_after=2025-02-20T03:36:57.713637+00:00
[2025-02-20T03:36:57.891+0000] {processor.py:175} INFO - Processing /home/airflow/.local/lib/python3.7/site-packages/airflow/example_dags/example_latest_only_with_trigger.py took 0.934 seconds
[2025-02-20T03:37:28.147+0000] {processor.py:153} INFO - Started process (PID=162) to work on /home/airflow/.local/lib/python3.7/site-packages/airflow/example_dags/example_latest_only_with_trigger.py
[2025-02-20T03:37:28.150+0000] {processor.py:743} INFO - Processing file /home/airflow/.local/lib/python3.7/site-packages/airflow/example_dags/example_latest_only_with_trigger.py for tasks to queue
[2025-02-20T03:37:28.151+0000] {logging_mixin.py:137} INFO - [2025-02-20T03:37:28.151+0000] {dagbag.py:538} INFO - Filling up the DagBag from /home/airflow/.local/lib/python3.7/site-packages/airflow/example_dags/example_latest_only_with_trigger.py
[2025-02-20T03:37:28.185+0000] {processor.py:753} INFO - DAG(s) dict_keys(['latest_only_with_trigger']) retrieved from /home/airflow/.local/lib/python3.7/site-packages/airflow/example_dags/example_latest_only_with_trigger.py
[2025-02-20T03:37:28.243+0000] {logging_mixin.py:137} INFO - [2025-02-20T03:37:28.243+0000] {dag.py:2690} INFO - Sync 1 DAGs
[2025-02-20T03:37:28.309+0000] {logging_mixin.py:137} INFO - [2025-02-20T03:37:28.308+0000] {dag.py:3441} INFO - Setting next_dagrun for latest_only_with_trigger to 2025-02-19T23:37:28.308255+00:00, run_after=2025-02-20T03:37:28.308255+00:00
[2025-02-20T03:37:28.357+0000] {processor.py:175} INFO - Processing /home/airflow/.local/lib/python3.7/site-packages/airflow/example_dags/example_latest_only_with_trigger.py took 0.217 seconds
[2025-02-20T03:37:59.184+0000] {processor.py:153} INFO - Started process (PID=221) to work on /home/airflow/.local/lib/python3.7/site-packages/airflow/example_dags/example_latest_only_with_trigger.py
[2025-02-20T03:37:59.193+0000] {processor.py:743} INFO - Processing file /home/airflow/.local/lib/python3.7/site-packages/airflow/example_dags/example_latest_only_with_trigger.py for tasks to queue
[2025-02-20T03:37:59.203+0000] {logging_mixin.py:137} INFO - [2025-02-20T03:37:59.203+0000] {dagbag.py:538} INFO - Filling up the DagBag from /home/airflow/.local/lib/python3.7/site-packages/airflow/example_dags/example_latest_only_with_trigger.py
[2025-02-20T03:37:59.316+0000] {processor.py:753} INFO - DAG(s) dict_keys(['latest_only_with_trigger']) retrieved from /home/airflow/.local/lib/python3.7/site-packages/airflow/example_dags/example_latest_only_with_trigger.py
[2025-02-20T03:37:59.524+0000] {logging_mixin.py:137} INFO - [2025-02-20T03:37:59.524+0000] {dag.py:2690} INFO - Sync 1 DAGs
[2025-02-20T03:37:59.654+0000] {logging_mixin.py:137} INFO - [2025-02-20T03:37:59.654+0000] {dag.py:3441} INFO - Setting next_dagrun for latest_only_with_trigger to 2025-02-19T23:37:59.653592+00:00, run_after=2025-02-20T03:37:59.653592+00:00
[2025-02-20T03:37:59.701+0000] {processor.py:175} INFO - Processing /home/airflow/.local/lib/python3.7/site-packages/airflow/example_dags/example_latest_only_with_trigger.py took 0.559 seconds
[2025-02-20T03:38:29.894+0000] {processor.py:153} INFO - Started process (PID=279) to work on /home/airflow/.local/lib/python3.7/site-packages/airflow/example_dags/example_latest_only_with_trigger.py
[2025-02-20T03:38:29.903+0000] {processor.py:743} INFO - Processing file /home/airflow/.local/lib/python3.7/site-packages/airflow/example_dags/example_latest_only_with_trigger.py for tasks to queue
[2025-02-20T03:38:29.906+0000] {logging_mixin.py:137} INFO - [2025-02-20T03:38:29.904+0000] {dagbag.py:538} INFO - Filling up the DagBag from /home/airflow/.local/lib/python3.7/site-packages/airflow/example_dags/example_latest_only_with_trigger.py
[2025-02-20T03:38:30.002+0000] {processor.py:753} INFO - DAG(s) dict_keys(['latest_only_with_trigger']) retrieved from /home/airflow/.local/lib/python3.7/site-packages/airflow/example_dags/example_latest_only_with_trigger.py
[2025-02-20T03:38:30.217+0000] {logging_mixin.py:137} INFO - [2025-02-20T03:38:30.217+0000] {dag.py:2690} INFO - Sync 1 DAGs
[2025-02-20T03:38:30.394+0000] {logging_mixin.py:137} INFO - [2025-02-20T03:38:30.394+0000] {dag.py:3441} INFO - Setting next_dagrun for latest_only_with_trigger to 2025-02-19T23:38:30.389523+00:00, run_after=2025-02-20T03:38:30.389523+00:00
[2025-02-20T03:38:30.496+0000] {processor.py:175} INFO - Processing /home/airflow/.local/lib/python3.7/site-packages/airflow/example_dags/example_latest_only_with_trigger.py took 0.623 seconds
[2025-02-20T03:39:00.680+0000] {processor.py:153} INFO - Started process (PID=337) to work on /home/airflow/.local/lib/python3.7/site-packages/airflow/example_dags/example_latest_only_with_trigger.py
[2025-02-20T03:39:00.682+0000] {processor.py:743} INFO - Processing file /home/airflow/.local/lib/python3.7/site-packages/airflow/example_dags/example_latest_only_with_trigger.py for tasks to queue
[2025-02-20T03:39:00.687+0000] {logging_mixin.py:137} INFO - [2025-02-20T03:39:00.687+0000] {dagbag.py:538} INFO - Filling up the DagBag from /home/airflow/.local/lib/python3.7/site-packages/airflow/example_dags/example_latest_only_with_trigger.py
[2025-02-20T03:39:00.798+0000] {processor.py:753} INFO - DAG(s) dict_keys(['latest_only_with_trigger']) retrieved from /home/airflow/.local/lib/python3.7/site-packages/airflow/example_dags/example_latest_only_with_trigger.py
[2025-02-20T03:39:00.958+0000] {logging_mixin.py:137} INFO - [2025-02-20T03:39:00.958+0000] {dag.py:2690} INFO - Sync 1 DAGs
[2025-02-20T03:39:01.145+0000] {logging_mixin.py:137} INFO - [2025-02-20T03:39:01.145+0000] {dag.py:3441} INFO - Setting next_dagrun for latest_only_with_trigger to 2025-02-19T23:39:01.140637+00:00, run_after=2025-02-20T03:39:01.140637+00:00
[2025-02-20T03:39:01.273+0000] {processor.py:175} INFO - Processing /home/airflow/.local/lib/python3.7/site-packages/airflow/example_dags/example_latest_only_with_trigger.py took 0.624 seconds
