[2025-02-20T03:36:51.455+0000] {processor.py:153} INFO - Started process (PID=103) to work on /home/airflow/.local/lib/python3.7/site-packages/airflow/example_dags/example_branch_day_of_week_operator.py
[2025-02-20T03:36:51.457+0000] {processor.py:743} INFO - Processing file /home/airflow/.local/lib/python3.7/site-packages/airflow/example_dags/example_branch_day_of_week_operator.py for tasks to queue
[2025-02-20T03:36:51.458+0000] {logging_mixin.py:137} INFO - [2025-02-20T03:36:51.458+0000] {dagbag.py:538} INFO - Filling up the DagBag from /home/airflow/.local/lib/python3.7/site-packages/airflow/example_dags/example_branch_day_of_week_operator.py
[2025-02-20T03:36:51.530+0000] {processor.py:753} INFO - DAG(s) dict_keys(['example_weekday_branch_operator']) retrieved from /home/airflow/.local/lib/python3.7/site-packages/airflow/example_dags/example_branch_day_of_week_operator.py
[2025-02-20T03:36:51.669+0000] {logging_mixin.py:137} INFO - [2025-02-20T03:36:51.669+0000] {dag.py:2690} INFO - Sync 1 DAGs
[2025-02-20T03:36:51.879+0000] {logging_mixin.py:137} INFO - [2025-02-20T03:36:51.878+0000] {dag.py:3441} INFO - Setting next_dagrun for example_weekday_branch_operator to 2025-02-19T00:00:00+00:00, run_after=2025-02-20T00:00:00+00:00
[2025-02-20T03:36:51.995+0000] {processor.py:175} INFO - Processing /home/airflow/.local/lib/python3.7/site-packages/airflow/example_dags/example_branch_day_of_week_operator.py took 0.547 seconds
[2025-02-20T03:37:22.101+0000] {processor.py:153} INFO - Started process (PID=154) to work on /home/airflow/.local/lib/python3.7/site-packages/airflow/example_dags/example_branch_day_of_week_operator.py
[2025-02-20T03:37:22.103+0000] {processor.py:743} INFO - Processing file /home/airflow/.local/lib/python3.7/site-packages/airflow/example_dags/example_branch_day_of_week_operator.py for tasks to queue
[2025-02-20T03:37:22.105+0000] {logging_mixin.py:137} INFO - [2025-02-20T03:37:22.105+0000] {dagbag.py:538} INFO - Filling up the DagBag from /home/airflow/.local/lib/python3.7/site-packages/airflow/example_dags/example_branch_day_of_week_operator.py
[2025-02-20T03:37:22.145+0000] {processor.py:753} INFO - DAG(s) dict_keys(['example_weekday_branch_operator']) retrieved from /home/airflow/.local/lib/python3.7/site-packages/airflow/example_dags/example_branch_day_of_week_operator.py
[2025-02-20T03:37:22.201+0000] {logging_mixin.py:137} INFO - [2025-02-20T03:37:22.200+0000] {dag.py:2690} INFO - Sync 1 DAGs
[2025-02-20T03:37:22.270+0000] {logging_mixin.py:137} INFO - [2025-02-20T03:37:22.269+0000] {dag.py:3441} INFO - Setting next_dagrun for example_weekday_branch_operator to 2025-02-19T00:00:00+00:00, run_after=2025-02-20T00:00:00+00:00
[2025-02-20T03:37:22.313+0000] {processor.py:175} INFO - Processing /home/airflow/.local/lib/python3.7/site-packages/airflow/example_dags/example_branch_day_of_week_operator.py took 0.219 seconds
[2025-02-20T03:37:54.621+0000] {processor.py:153} INFO - Started process (PID=212) to work on /home/airflow/.local/lib/python3.7/site-packages/airflow/example_dags/example_branch_day_of_week_operator.py
[2025-02-20T03:37:54.625+0000] {processor.py:743} INFO - Processing file /home/airflow/.local/lib/python3.7/site-packages/airflow/example_dags/example_branch_day_of_week_operator.py for tasks to queue
[2025-02-20T03:37:54.628+0000] {logging_mixin.py:137} INFO - [2025-02-20T03:37:54.628+0000] {dagbag.py:538} INFO - Filling up the DagBag from /home/airflow/.local/lib/python3.7/site-packages/airflow/example_dags/example_branch_day_of_week_operator.py
[2025-02-20T03:37:54.669+0000] {processor.py:753} INFO - DAG(s) dict_keys(['example_weekday_branch_operator']) retrieved from /home/airflow/.local/lib/python3.7/site-packages/airflow/example_dags/example_branch_day_of_week_operator.py
[2025-02-20T03:37:54.729+0000] {logging_mixin.py:137} INFO - [2025-02-20T03:37:54.729+0000] {dag.py:2690} INFO - Sync 1 DAGs
[2025-02-20T03:37:54.822+0000] {logging_mixin.py:137} INFO - [2025-02-20T03:37:54.821+0000] {dag.py:3441} INFO - Setting next_dagrun for example_weekday_branch_operator to 2025-02-19T00:00:00+00:00, run_after=2025-02-20T00:00:00+00:00
[2025-02-20T03:37:54.887+0000] {processor.py:175} INFO - Processing /home/airflow/.local/lib/python3.7/site-packages/airflow/example_dags/example_branch_day_of_week_operator.py took 0.282 seconds
[2025-02-20T03:38:26.181+0000] {processor.py:153} INFO - Started process (PID=268) to work on /home/airflow/.local/lib/python3.7/site-packages/airflow/example_dags/example_branch_day_of_week_operator.py
[2025-02-20T03:38:26.185+0000] {processor.py:743} INFO - Processing file /home/airflow/.local/lib/python3.7/site-packages/airflow/example_dags/example_branch_day_of_week_operator.py for tasks to queue
[2025-02-20T03:38:26.186+0000] {logging_mixin.py:137} INFO - [2025-02-20T03:38:26.186+0000] {dagbag.py:538} INFO - Filling up the DagBag from /home/airflow/.local/lib/python3.7/site-packages/airflow/example_dags/example_branch_day_of_week_operator.py
[2025-02-20T03:38:26.258+0000] {processor.py:753} INFO - DAG(s) dict_keys(['example_weekday_branch_operator']) retrieved from /home/airflow/.local/lib/python3.7/site-packages/airflow/example_dags/example_branch_day_of_week_operator.py
[2025-02-20T03:38:26.352+0000] {logging_mixin.py:137} INFO - [2025-02-20T03:38:26.352+0000] {dag.py:2690} INFO - Sync 1 DAGs
[2025-02-20T03:38:26.481+0000] {logging_mixin.py:137} INFO - [2025-02-20T03:38:26.480+0000] {dag.py:3441} INFO - Setting next_dagrun for example_weekday_branch_operator to 2025-02-19T00:00:00+00:00, run_after=2025-02-20T00:00:00+00:00
[2025-02-20T03:38:26.573+0000] {processor.py:175} INFO - Processing /home/airflow/.local/lib/python3.7/site-packages/airflow/example_dags/example_branch_day_of_week_operator.py took 0.403 seconds
[2025-02-20T03:38:56.984+0000] {processor.py:153} INFO - Started process (PID=319) to work on /home/airflow/.local/lib/python3.7/site-packages/airflow/example_dags/example_branch_day_of_week_operator.py
[2025-02-20T03:38:56.991+0000] {processor.py:743} INFO - Processing file /home/airflow/.local/lib/python3.7/site-packages/airflow/example_dags/example_branch_day_of_week_operator.py for tasks to queue
[2025-02-20T03:38:56.996+0000] {logging_mixin.py:137} INFO - [2025-02-20T03:38:56.996+0000] {dagbag.py:538} INFO - Filling up the DagBag from /home/airflow/.local/lib/python3.7/site-packages/airflow/example_dags/example_branch_day_of_week_operator.py
[2025-02-20T03:38:57.084+0000] {processor.py:753} INFO - DAG(s) dict_keys(['example_weekday_branch_operator']) retrieved from /home/airflow/.local/lib/python3.7/site-packages/airflow/example_dags/example_branch_day_of_week_operator.py
[2025-02-20T03:38:57.161+0000] {logging_mixin.py:137} INFO - [2025-02-20T03:38:57.160+0000] {dag.py:2690} INFO - Sync 1 DAGs
[2025-02-20T03:38:57.267+0000] {logging_mixin.py:137} INFO - [2025-02-20T03:38:57.266+0000] {dag.py:3441} INFO - Setting next_dagrun for example_weekday_branch_operator to 2025-02-19T00:00:00+00:00, run_after=2025-02-20T00:00:00+00:00
[2025-02-20T03:38:57.348+0000] {processor.py:175} INFO - Processing /home/airflow/.local/lib/python3.7/site-packages/airflow/example_dags/example_branch_day_of_week_operator.py took 0.383 seconds
