[2025-02-20T03:36:50.967+0000] {processor.py:153} INFO - Started process (PID=94) to work on /home/airflow/.local/lib/python3.7/site-packages/airflow/example_dags/example_trigger_controller_dag.py
[2025-02-20T03:36:50.970+0000] {processor.py:743} INFO - Processing file /home/airflow/.local/lib/python3.7/site-packages/airflow/example_dags/example_trigger_controller_dag.py for tasks to queue
[2025-02-20T03:36:50.974+0000] {logging_mixin.py:137} INFO - [2025-02-20T03:36:50.974+0000] {dagbag.py:538} INFO - Filling up the DagBag from /home/airflow/.local/lib/python3.7/site-packages/airflow/example_dags/example_trigger_controller_dag.py
[2025-02-20T03:36:51.036+0000] {processor.py:753} INFO - DAG(s) dict_keys(['example_trigger_controller_dag']) retrieved from /home/airflow/.local/lib/python3.7/site-packages/airflow/example_dags/example_trigger_controller_dag.py
[2025-02-20T03:36:51.155+0000] {logging_mixin.py:137} INFO - [2025-02-20T03:36:51.155+0000] {dag.py:2690} INFO - Sync 1 DAGs
[2025-02-20T03:36:51.307+0000] {logging_mixin.py:137} INFO - [2025-02-20T03:36:51.306+0000] {dag.py:3441} INFO - Setting next_dagrun for example_trigger_controller_dag to 2021-01-01T00:00:00+00:00, run_after=2021-01-01T00:00:00+00:00
[2025-02-20T03:36:51.405+0000] {processor.py:175} INFO - Processing /home/airflow/.local/lib/python3.7/site-packages/airflow/example_dags/example_trigger_controller_dag.py took 0.465 seconds
[2025-02-20T03:37:21.852+0000] {processor.py:153} INFO - Started process (PID=152) to work on /home/airflow/.local/lib/python3.7/site-packages/airflow/example_dags/example_trigger_controller_dag.py
[2025-02-20T03:37:21.855+0000] {processor.py:743} INFO - Processing file /home/airflow/.local/lib/python3.7/site-packages/airflow/example_dags/example_trigger_controller_dag.py for tasks to queue
[2025-02-20T03:37:21.860+0000] {logging_mixin.py:137} INFO - [2025-02-20T03:37:21.859+0000] {dagbag.py:538} INFO - Filling up the DagBag from /home/airflow/.local/lib/python3.7/site-packages/airflow/example_dags/example_trigger_controller_dag.py
[2025-02-20T03:37:21.887+0000] {processor.py:753} INFO - DAG(s) dict_keys(['example_trigger_controller_dag']) retrieved from /home/airflow/.local/lib/python3.7/site-packages/airflow/example_dags/example_trigger_controller_dag.py
[2025-02-20T03:37:21.943+0000] {logging_mixin.py:137} INFO - [2025-02-20T03:37:21.942+0000] {dag.py:2690} INFO - Sync 1 DAGs
[2025-02-20T03:37:22.008+0000] {logging_mixin.py:137} INFO - [2025-02-20T03:37:22.008+0000] {dag.py:3441} INFO - Setting next_dagrun for example_trigger_controller_dag to 2021-01-01T00:00:00+00:00, run_after=2021-01-01T00:00:00+00:00
[2025-02-20T03:37:22.053+0000] {processor.py:175} INFO - Processing /home/airflow/.local/lib/python3.7/site-packages/airflow/example_dags/example_trigger_controller_dag.py took 0.224 seconds
[2025-02-20T03:37:54.238+0000] {processor.py:153} INFO - Started process (PID=210) to work on /home/airflow/.local/lib/python3.7/site-packages/airflow/example_dags/example_trigger_controller_dag.py
[2025-02-20T03:37:54.242+0000] {processor.py:743} INFO - Processing file /home/airflow/.local/lib/python3.7/site-packages/airflow/example_dags/example_trigger_controller_dag.py for tasks to queue
[2025-02-20T03:37:54.243+0000] {logging_mixin.py:137} INFO - [2025-02-20T03:37:54.243+0000] {dagbag.py:538} INFO - Filling up the DagBag from /home/airflow/.local/lib/python3.7/site-packages/airflow/example_dags/example_trigger_controller_dag.py
[2025-02-20T03:37:54.270+0000] {processor.py:753} INFO - DAG(s) dict_keys(['example_trigger_controller_dag']) retrieved from /home/airflow/.local/lib/python3.7/site-packages/airflow/example_dags/example_trigger_controller_dag.py
[2025-02-20T03:37:54.350+0000] {logging_mixin.py:137} INFO - [2025-02-20T03:37:54.350+0000] {dag.py:2690} INFO - Sync 1 DAGs
[2025-02-20T03:37:54.470+0000] {logging_mixin.py:137} INFO - [2025-02-20T03:37:54.470+0000] {dag.py:3441} INFO - Setting next_dagrun for example_trigger_controller_dag to 2021-01-01T00:00:00+00:00, run_after=2021-01-01T00:00:00+00:00
[2025-02-20T03:37:54.535+0000] {processor.py:175} INFO - Processing /home/airflow/.local/lib/python3.7/site-packages/airflow/example_dags/example_trigger_controller_dag.py took 0.304 seconds
[2025-02-20T03:38:25.864+0000] {processor.py:153} INFO - Started process (PID=266) to work on /home/airflow/.local/lib/python3.7/site-packages/airflow/example_dags/example_trigger_controller_dag.py
[2025-02-20T03:38:25.868+0000] {processor.py:743} INFO - Processing file /home/airflow/.local/lib/python3.7/site-packages/airflow/example_dags/example_trigger_controller_dag.py for tasks to queue
[2025-02-20T03:38:25.871+0000] {logging_mixin.py:137} INFO - [2025-02-20T03:38:25.871+0000] {dagbag.py:538} INFO - Filling up the DagBag from /home/airflow/.local/lib/python3.7/site-packages/airflow/example_dags/example_trigger_controller_dag.py
[2025-02-20T03:38:25.916+0000] {processor.py:753} INFO - DAG(s) dict_keys(['example_trigger_controller_dag']) retrieved from /home/airflow/.local/lib/python3.7/site-packages/airflow/example_dags/example_trigger_controller_dag.py
[2025-02-20T03:38:25.971+0000] {logging_mixin.py:137} INFO - [2025-02-20T03:38:25.971+0000] {dag.py:2690} INFO - Sync 1 DAGs
[2025-02-20T03:38:26.032+0000] {logging_mixin.py:137} INFO - [2025-02-20T03:38:26.032+0000] {dag.py:3441} INFO - Setting next_dagrun for example_trigger_controller_dag to 2021-01-01T00:00:00+00:00, run_after=2021-01-01T00:00:00+00:00
[2025-02-20T03:38:26.098+0000] {processor.py:175} INFO - Processing /home/airflow/.local/lib/python3.7/site-packages/airflow/example_dags/example_trigger_controller_dag.py took 0.264 seconds
[2025-02-20T03:38:56.420+0000] {processor.py:153} INFO - Started process (PID=317) to work on /home/airflow/.local/lib/python3.7/site-packages/airflow/example_dags/example_trigger_controller_dag.py
[2025-02-20T03:38:56.424+0000] {processor.py:743} INFO - Processing file /home/airflow/.local/lib/python3.7/site-packages/airflow/example_dags/example_trigger_controller_dag.py for tasks to queue
[2025-02-20T03:38:56.425+0000] {logging_mixin.py:137} INFO - [2025-02-20T03:38:56.425+0000] {dagbag.py:538} INFO - Filling up the DagBag from /home/airflow/.local/lib/python3.7/site-packages/airflow/example_dags/example_trigger_controller_dag.py
[2025-02-20T03:38:56.484+0000] {processor.py:753} INFO - DAG(s) dict_keys(['example_trigger_controller_dag']) retrieved from /home/airflow/.local/lib/python3.7/site-packages/airflow/example_dags/example_trigger_controller_dag.py
[2025-02-20T03:38:56.612+0000] {logging_mixin.py:137} INFO - [2025-02-20T03:38:56.612+0000] {dag.py:2690} INFO - Sync 1 DAGs
[2025-02-20T03:38:56.758+0000] {logging_mixin.py:137} INFO - [2025-02-20T03:38:56.758+0000] {dag.py:3441} INFO - Setting next_dagrun for example_trigger_controller_dag to 2021-01-01T00:00:00+00:00, run_after=2021-01-01T00:00:00+00:00
[2025-02-20T03:38:56.866+0000] {processor.py:175} INFO - Processing /home/airflow/.local/lib/python3.7/site-packages/airflow/example_dags/example_trigger_controller_dag.py took 0.469 seconds
