[2025-02-20T03:36:54.589+0000] {processor.py:153} INFO - Started process (PID=110) to work on /home/airflow/.local/lib/python3.7/site-packages/airflow/example_dags/example_python_operator.py
[2025-02-20T03:36:54.611+0000] {processor.py:743} INFO - Processing file /home/airflow/.local/lib/python3.7/site-packages/airflow/example_dags/example_python_operator.py for tasks to queue
[2025-02-20T03:36:54.618+0000] {logging_mixin.py:137} INFO - [2025-02-20T03:36:54.618+0000] {dagbag.py:538} INFO - Filling up the DagBag from /home/airflow/.local/lib/python3.7/site-packages/airflow/example_dags/example_python_operator.py
[2025-02-20T03:36:55.085+0000] {logging_mixin.py:137} INFO - [2025-02-20T03:36:55.084+0000] {taskmixin.py:205} WARNING - Dependency <Task(_PythonDecoratedOperator): print_the_context>, log_sql_query already registered for DAG: example_python_operator
[2025-02-20T03:36:55.085+0000] {logging_mixin.py:137} INFO - [2025-02-20T03:36:55.085+0000] {taskmixin.py:205} WARNING - Dependency <Task(_PythonDecoratedOperator): log_sql_query>, print_the_context already registered for DAG: example_python_operator
[2025-02-20T03:36:55.099+0000] {logging_mixin.py:137} INFO - [2025-02-20T03:36:55.099+0000] {taskmixin.py:205} WARNING - Dependency <Task(_PythonDecoratedOperator): print_the_context>, log_sql_query already registered for DAG: example_python_operator
[2025-02-20T03:36:55.112+0000] {logging_mixin.py:137} INFO - [2025-02-20T03:36:55.111+0000] {taskmixin.py:205} WARNING - Dependency <Task(_PythonDecoratedOperator): log_sql_query>, print_the_context already registered for DAG: example_python_operator
[2025-02-20T03:36:55.122+0000] {logging_mixin.py:137} INFO - [2025-02-20T03:36:55.122+0000] {taskmixin.py:205} WARNING - Dependency <Task(_PythonDecoratedOperator): print_the_context>, log_sql_query already registered for DAG: example_python_operator
[2025-02-20T03:36:55.123+0000] {logging_mixin.py:137} INFO - [2025-02-20T03:36:55.122+0000] {taskmixin.py:205} WARNING - Dependency <Task(_PythonDecoratedOperator): log_sql_query>, print_the_context already registered for DAG: example_python_operator
[2025-02-20T03:36:55.137+0000] {logging_mixin.py:137} INFO - [2025-02-20T03:36:55.136+0000] {taskmixin.py:205} WARNING - Dependency <Task(_PythonDecoratedOperator): print_the_context>, log_sql_query already registered for DAG: example_python_operator
[2025-02-20T03:36:55.137+0000] {logging_mixin.py:137} INFO - [2025-02-20T03:36:55.137+0000] {taskmixin.py:205} WARNING - Dependency <Task(_PythonDecoratedOperator): log_sql_query>, print_the_context already registered for DAG: example_python_operator
[2025-02-20T03:36:55.342+0000] {processor.py:753} INFO - DAG(s) dict_keys(['example_python_operator']) retrieved from /home/airflow/.local/lib/python3.7/site-packages/airflow/example_dags/example_python_operator.py
[2025-02-20T03:36:55.834+0000] {logging_mixin.py:137} INFO - [2025-02-20T03:36:55.832+0000] {dag.py:2690} INFO - Sync 1 DAGs
[2025-02-20T03:36:56.159+0000] {logging_mixin.py:137} INFO - [2025-02-20T03:36:56.159+0000] {dag.py:3441} INFO - Setting next_dagrun for example_python_operator to None, run_after=None
[2025-02-20T03:36:56.376+0000] {processor.py:175} INFO - Processing /home/airflow/.local/lib/python3.7/site-packages/airflow/example_dags/example_python_operator.py took 1.857 seconds
[2025-02-20T03:37:26.546+0000] {processor.py:153} INFO - Started process (PID=159) to work on /home/airflow/.local/lib/python3.7/site-packages/airflow/example_dags/example_python_operator.py
[2025-02-20T03:37:26.548+0000] {processor.py:743} INFO - Processing file /home/airflow/.local/lib/python3.7/site-packages/airflow/example_dags/example_python_operator.py for tasks to queue
[2025-02-20T03:37:26.550+0000] {logging_mixin.py:137} INFO - [2025-02-20T03:37:26.550+0000] {dagbag.py:538} INFO - Filling up the DagBag from /home/airflow/.local/lib/python3.7/site-packages/airflow/example_dags/example_python_operator.py
[2025-02-20T03:37:26.595+0000] {logging_mixin.py:137} INFO - [2025-02-20T03:37:26.594+0000] {taskmixin.py:205} WARNING - Dependency <Task(_PythonDecoratedOperator): print_the_context>, log_sql_query already registered for DAG: example_python_operator
[2025-02-20T03:37:26.595+0000] {logging_mixin.py:137} INFO - [2025-02-20T03:37:26.595+0000] {taskmixin.py:205} WARNING - Dependency <Task(_PythonDecoratedOperator): log_sql_query>, print_the_context already registered for DAG: example_python_operator
[2025-02-20T03:37:26.597+0000] {logging_mixin.py:137} INFO - [2025-02-20T03:37:26.597+0000] {taskmixin.py:205} WARNING - Dependency <Task(_PythonDecoratedOperator): print_the_context>, log_sql_query already registered for DAG: example_python_operator
[2025-02-20T03:37:26.597+0000] {logging_mixin.py:137} INFO - [2025-02-20T03:37:26.597+0000] {taskmixin.py:205} WARNING - Dependency <Task(_PythonDecoratedOperator): log_sql_query>, print_the_context already registered for DAG: example_python_operator
[2025-02-20T03:37:26.599+0000] {logging_mixin.py:137} INFO - [2025-02-20T03:37:26.599+0000] {taskmixin.py:205} WARNING - Dependency <Task(_PythonDecoratedOperator): print_the_context>, log_sql_query already registered for DAG: example_python_operator
[2025-02-20T03:37:26.599+0000] {logging_mixin.py:137} INFO - [2025-02-20T03:37:26.599+0000] {taskmixin.py:205} WARNING - Dependency <Task(_PythonDecoratedOperator): log_sql_query>, print_the_context already registered for DAG: example_python_operator
[2025-02-20T03:37:26.601+0000] {logging_mixin.py:137} INFO - [2025-02-20T03:37:26.601+0000] {taskmixin.py:205} WARNING - Dependency <Task(_PythonDecoratedOperator): print_the_context>, log_sql_query already registered for DAG: example_python_operator
[2025-02-20T03:37:26.601+0000] {logging_mixin.py:137} INFO - [2025-02-20T03:37:26.601+0000] {taskmixin.py:205} WARNING - Dependency <Task(_PythonDecoratedOperator): log_sql_query>, print_the_context already registered for DAG: example_python_operator
[2025-02-20T03:37:26.618+0000] {processor.py:753} INFO - DAG(s) dict_keys(['example_python_operator']) retrieved from /home/airflow/.local/lib/python3.7/site-packages/airflow/example_dags/example_python_operator.py
[2025-02-20T03:37:26.688+0000] {logging_mixin.py:137} INFO - [2025-02-20T03:37:26.688+0000] {dag.py:2690} INFO - Sync 1 DAGs
[2025-02-20T03:37:26.755+0000] {logging_mixin.py:137} INFO - [2025-02-20T03:37:26.755+0000] {dag.py:3441} INFO - Setting next_dagrun for example_python_operator to None, run_after=None
[2025-02-20T03:37:26.800+0000] {processor.py:175} INFO - Processing /home/airflow/.local/lib/python3.7/site-packages/airflow/example_dags/example_python_operator.py took 0.261 seconds
[2025-02-20T03:37:57.551+0000] {processor.py:153} INFO - Started process (PID=218) to work on /home/airflow/.local/lib/python3.7/site-packages/airflow/example_dags/example_python_operator.py
[2025-02-20T03:37:57.555+0000] {processor.py:743} INFO - Processing file /home/airflow/.local/lib/python3.7/site-packages/airflow/example_dags/example_python_operator.py for tasks to queue
[2025-02-20T03:37:57.558+0000] {logging_mixin.py:137} INFO - [2025-02-20T03:37:57.556+0000] {dagbag.py:538} INFO - Filling up the DagBag from /home/airflow/.local/lib/python3.7/site-packages/airflow/example_dags/example_python_operator.py
[2025-02-20T03:37:57.617+0000] {logging_mixin.py:137} INFO - [2025-02-20T03:37:57.617+0000] {taskmixin.py:205} WARNING - Dependency <Task(_PythonDecoratedOperator): print_the_context>, log_sql_query already registered for DAG: example_python_operator
[2025-02-20T03:37:57.618+0000] {logging_mixin.py:137} INFO - [2025-02-20T03:37:57.618+0000] {taskmixin.py:205} WARNING - Dependency <Task(_PythonDecoratedOperator): log_sql_query>, print_the_context already registered for DAG: example_python_operator
[2025-02-20T03:37:57.620+0000] {logging_mixin.py:137} INFO - [2025-02-20T03:37:57.619+0000] {taskmixin.py:205} WARNING - Dependency <Task(_PythonDecoratedOperator): print_the_context>, log_sql_query already registered for DAG: example_python_operator
[2025-02-20T03:37:57.620+0000] {logging_mixin.py:137} INFO - [2025-02-20T03:37:57.620+0000] {taskmixin.py:205} WARNING - Dependency <Task(_PythonDecoratedOperator): log_sql_query>, print_the_context already registered for DAG: example_python_operator
[2025-02-20T03:37:57.622+0000] {logging_mixin.py:137} INFO - [2025-02-20T03:37:57.622+0000] {taskmixin.py:205} WARNING - Dependency <Task(_PythonDecoratedOperator): print_the_context>, log_sql_query already registered for DAG: example_python_operator
[2025-02-20T03:37:57.622+0000] {logging_mixin.py:137} INFO - [2025-02-20T03:37:57.622+0000] {taskmixin.py:205} WARNING - Dependency <Task(_PythonDecoratedOperator): log_sql_query>, print_the_context already registered for DAG: example_python_operator
[2025-02-20T03:37:57.624+0000] {logging_mixin.py:137} INFO - [2025-02-20T03:37:57.624+0000] {taskmixin.py:205} WARNING - Dependency <Task(_PythonDecoratedOperator): print_the_context>, log_sql_query already registered for DAG: example_python_operator
[2025-02-20T03:37:57.624+0000] {logging_mixin.py:137} INFO - [2025-02-20T03:37:57.624+0000] {taskmixin.py:205} WARNING - Dependency <Task(_PythonDecoratedOperator): log_sql_query>, print_the_context already registered for DAG: example_python_operator
[2025-02-20T03:37:57.641+0000] {processor.py:753} INFO - DAG(s) dict_keys(['example_python_operator']) retrieved from /home/airflow/.local/lib/python3.7/site-packages/airflow/example_dags/example_python_operator.py
[2025-02-20T03:37:57.786+0000] {logging_mixin.py:137} INFO - [2025-02-20T03:37:57.786+0000] {dag.py:2690} INFO - Sync 1 DAGs
[2025-02-20T03:37:57.887+0000] {logging_mixin.py:137} INFO - [2025-02-20T03:37:57.887+0000] {dag.py:3441} INFO - Setting next_dagrun for example_python_operator to None, run_after=None
[2025-02-20T03:37:57.953+0000] {processor.py:175} INFO - Processing /home/airflow/.local/lib/python3.7/site-packages/airflow/example_dags/example_python_operator.py took 0.415 seconds
[2025-02-20T03:38:28.240+0000] {processor.py:153} INFO - Started process (PID=275) to work on /home/airflow/.local/lib/python3.7/site-packages/airflow/example_dags/example_python_operator.py
[2025-02-20T03:38:28.242+0000] {processor.py:743} INFO - Processing file /home/airflow/.local/lib/python3.7/site-packages/airflow/example_dags/example_python_operator.py for tasks to queue
[2025-02-20T03:38:28.244+0000] {logging_mixin.py:137} INFO - [2025-02-20T03:38:28.244+0000] {dagbag.py:538} INFO - Filling up the DagBag from /home/airflow/.local/lib/python3.7/site-packages/airflow/example_dags/example_python_operator.py
[2025-02-20T03:38:28.289+0000] {logging_mixin.py:137} INFO - [2025-02-20T03:38:28.289+0000] {taskmixin.py:205} WARNING - Dependency <Task(_PythonDecoratedOperator): print_the_context>, log_sql_query already registered for DAG: example_python_operator
[2025-02-20T03:38:28.290+0000] {logging_mixin.py:137} INFO - [2025-02-20T03:38:28.289+0000] {taskmixin.py:205} WARNING - Dependency <Task(_PythonDecoratedOperator): log_sql_query>, print_the_context already registered for DAG: example_python_operator
[2025-02-20T03:38:28.291+0000] {logging_mixin.py:137} INFO - [2025-02-20T03:38:28.291+0000] {taskmixin.py:205} WARNING - Dependency <Task(_PythonDecoratedOperator): print_the_context>, log_sql_query already registered for DAG: example_python_operator
[2025-02-20T03:38:28.292+0000] {logging_mixin.py:137} INFO - [2025-02-20T03:38:28.292+0000] {taskmixin.py:205} WARNING - Dependency <Task(_PythonDecoratedOperator): log_sql_query>, print_the_context already registered for DAG: example_python_operator
[2025-02-20T03:38:28.293+0000] {logging_mixin.py:137} INFO - [2025-02-20T03:38:28.293+0000] {taskmixin.py:205} WARNING - Dependency <Task(_PythonDecoratedOperator): print_the_context>, log_sql_query already registered for DAG: example_python_operator
[2025-02-20T03:38:28.294+0000] {logging_mixin.py:137} INFO - [2025-02-20T03:38:28.294+0000] {taskmixin.py:205} WARNING - Dependency <Task(_PythonDecoratedOperator): log_sql_query>, print_the_context already registered for DAG: example_python_operator
[2025-02-20T03:38:28.296+0000] {logging_mixin.py:137} INFO - [2025-02-20T03:38:28.295+0000] {taskmixin.py:205} WARNING - Dependency <Task(_PythonDecoratedOperator): print_the_context>, log_sql_query already registered for DAG: example_python_operator
[2025-02-20T03:38:28.296+0000] {logging_mixin.py:137} INFO - [2025-02-20T03:38:28.296+0000] {taskmixin.py:205} WARNING - Dependency <Task(_PythonDecoratedOperator): log_sql_query>, print_the_context already registered for DAG: example_python_operator
[2025-02-20T03:38:28.325+0000] {processor.py:753} INFO - DAG(s) dict_keys(['example_python_operator']) retrieved from /home/airflow/.local/lib/python3.7/site-packages/airflow/example_dags/example_python_operator.py
[2025-02-20T03:38:28.461+0000] {logging_mixin.py:137} INFO - [2025-02-20T03:38:28.461+0000] {dag.py:2690} INFO - Sync 1 DAGs
[2025-02-20T03:38:28.623+0000] {logging_mixin.py:137} INFO - [2025-02-20T03:38:28.622+0000] {dag.py:3441} INFO - Setting next_dagrun for example_python_operator to None, run_after=None
[2025-02-20T03:38:28.747+0000] {processor.py:175} INFO - Processing /home/airflow/.local/lib/python3.7/site-packages/airflow/example_dags/example_python_operator.py took 0.519 seconds
[2025-02-20T03:38:59.283+0000] {processor.py:153} INFO - Started process (PID=324) to work on /home/airflow/.local/lib/python3.7/site-packages/airflow/example_dags/example_python_operator.py
[2025-02-20T03:38:59.285+0000] {processor.py:743} INFO - Processing file /home/airflow/.local/lib/python3.7/site-packages/airflow/example_dags/example_python_operator.py for tasks to queue
[2025-02-20T03:38:59.286+0000] {logging_mixin.py:137} INFO - [2025-02-20T03:38:59.286+0000] {dagbag.py:538} INFO - Filling up the DagBag from /home/airflow/.local/lib/python3.7/site-packages/airflow/example_dags/example_python_operator.py
[2025-02-20T03:38:59.329+0000] {logging_mixin.py:137} INFO - [2025-02-20T03:38:59.329+0000] {taskmixin.py:205} WARNING - Dependency <Task(_PythonDecoratedOperator): print_the_context>, log_sql_query already registered for DAG: example_python_operator
[2025-02-20T03:38:59.330+0000] {logging_mixin.py:137} INFO - [2025-02-20T03:38:59.330+0000] {taskmixin.py:205} WARNING - Dependency <Task(_PythonDecoratedOperator): log_sql_query>, print_the_context already registered for DAG: example_python_operator
[2025-02-20T03:38:59.332+0000] {logging_mixin.py:137} INFO - [2025-02-20T03:38:59.331+0000] {taskmixin.py:205} WARNING - Dependency <Task(_PythonDecoratedOperator): print_the_context>, log_sql_query already registered for DAG: example_python_operator
[2025-02-20T03:38:59.333+0000] {logging_mixin.py:137} INFO - [2025-02-20T03:38:59.332+0000] {taskmixin.py:205} WARNING - Dependency <Task(_PythonDecoratedOperator): log_sql_query>, print_the_context already registered for DAG: example_python_operator
[2025-02-20T03:38:59.335+0000] {logging_mixin.py:137} INFO - [2025-02-20T03:38:59.334+0000] {taskmixin.py:205} WARNING - Dependency <Task(_PythonDecoratedOperator): print_the_context>, log_sql_query already registered for DAG: example_python_operator
[2025-02-20T03:38:59.335+0000] {logging_mixin.py:137} INFO - [2025-02-20T03:38:59.335+0000] {taskmixin.py:205} WARNING - Dependency <Task(_PythonDecoratedOperator): log_sql_query>, print_the_context already registered for DAG: example_python_operator
[2025-02-20T03:38:59.337+0000] {logging_mixin.py:137} INFO - [2025-02-20T03:38:59.336+0000] {taskmixin.py:205} WARNING - Dependency <Task(_PythonDecoratedOperator): print_the_context>, log_sql_query already registered for DAG: example_python_operator
[2025-02-20T03:38:59.337+0000] {logging_mixin.py:137} INFO - [2025-02-20T03:38:59.337+0000] {taskmixin.py:205} WARNING - Dependency <Task(_PythonDecoratedOperator): log_sql_query>, print_the_context already registered for DAG: example_python_operator
[2025-02-20T03:38:59.358+0000] {processor.py:753} INFO - DAG(s) dict_keys(['example_python_operator']) retrieved from /home/airflow/.local/lib/python3.7/site-packages/airflow/example_dags/example_python_operator.py
[2025-02-20T03:38:59.421+0000] {logging_mixin.py:137} INFO - [2025-02-20T03:38:59.421+0000] {dag.py:2690} INFO - Sync 1 DAGs
[2025-02-20T03:38:59.491+0000] {logging_mixin.py:137} INFO - [2025-02-20T03:38:59.491+0000] {dag.py:3441} INFO - Setting next_dagrun for example_python_operator to None, run_after=None
[2025-02-20T03:38:59.536+0000] {processor.py:175} INFO - Processing /home/airflow/.local/lib/python3.7/site-packages/airflow/example_dags/example_python_operator.py took 0.260 seconds
