[2025-02-20T03:36:56.574+0000] {processor.py:153} INFO - Started process (PID=112) to work on /home/airflow/.local/lib/python3.7/site-packages/airflow/example_dags/tutorial_dag.py
[2025-02-20T03:36:56.583+0000] {processor.py:743} INFO - Processing file /home/airflow/.local/lib/python3.7/site-packages/airflow/example_dags/tutorial_dag.py for tasks to queue
[2025-02-20T03:36:56.590+0000] {logging_mixin.py:137} INFO - [2025-02-20T03:36:56.590+0000] {dagbag.py:538} INFO - Filling up the DagBag from /home/airflow/.local/lib/python3.7/site-packages/airflow/example_dags/tutorial_dag.py
[2025-02-20T03:36:56.794+0000] {processor.py:753} INFO - DAG(s) dict_keys(['tutorial_dag']) retrieved from /home/airflow/.local/lib/python3.7/site-packages/airflow/example_dags/tutorial_dag.py
[2025-02-20T03:36:57.124+0000] {logging_mixin.py:137} INFO - [2025-02-20T03:36:57.121+0000] {dag.py:2690} INFO - Sync 1 DAGs
[2025-02-20T03:36:57.456+0000] {logging_mixin.py:137} INFO - [2025-02-20T03:36:57.455+0000] {dag.py:3441} INFO - Setting next_dagrun for tutorial_dag to None, run_after=None
[2025-02-20T03:36:57.678+0000] {processor.py:175} INFO - Processing /home/airflow/.local/lib/python3.7/site-packages/airflow/example_dags/tutorial_dag.py took 1.144 seconds
[2025-02-20T03:37:27.858+0000] {processor.py:153} INFO - Started process (PID=161) to work on /home/airflow/.local/lib/python3.7/site-packages/airflow/example_dags/tutorial_dag.py
[2025-02-20T03:37:27.860+0000] {processor.py:743} INFO - Processing file /home/airflow/.local/lib/python3.7/site-packages/airflow/example_dags/tutorial_dag.py for tasks to queue
[2025-02-20T03:37:27.862+0000] {logging_mixin.py:137} INFO - [2025-02-20T03:37:27.862+0000] {dagbag.py:538} INFO - Filling up the DagBag from /home/airflow/.local/lib/python3.7/site-packages/airflow/example_dags/tutorial_dag.py
[2025-02-20T03:37:27.893+0000] {processor.py:753} INFO - DAG(s) dict_keys(['tutorial_dag']) retrieved from /home/airflow/.local/lib/python3.7/site-packages/airflow/example_dags/tutorial_dag.py
[2025-02-20T03:37:27.953+0000] {logging_mixin.py:137} INFO - [2025-02-20T03:37:27.953+0000] {dag.py:2690} INFO - Sync 1 DAGs
[2025-02-20T03:37:28.052+0000] {logging_mixin.py:137} INFO - [2025-02-20T03:37:28.052+0000] {dag.py:3441} INFO - Setting next_dagrun for tutorial_dag to None, run_after=None
[2025-02-20T03:37:28.099+0000] {processor.py:175} INFO - Processing /home/airflow/.local/lib/python3.7/site-packages/airflow/example_dags/tutorial_dag.py took 0.248 seconds
[2025-02-20T03:37:59.157+0000] {processor.py:153} INFO - Started process (PID=220) to work on /home/airflow/.local/lib/python3.7/site-packages/airflow/example_dags/tutorial_dag.py
[2025-02-20T03:37:59.170+0000] {processor.py:743} INFO - Processing file /home/airflow/.local/lib/python3.7/site-packages/airflow/example_dags/tutorial_dag.py for tasks to queue
[2025-02-20T03:37:59.177+0000] {logging_mixin.py:137} INFO - [2025-02-20T03:37:59.177+0000] {dagbag.py:538} INFO - Filling up the DagBag from /home/airflow/.local/lib/python3.7/site-packages/airflow/example_dags/tutorial_dag.py
[2025-02-20T03:37:59.282+0000] {processor.py:753} INFO - DAG(s) dict_keys(['tutorial_dag']) retrieved from /home/airflow/.local/lib/python3.7/site-packages/airflow/example_dags/tutorial_dag.py
[2025-02-20T03:37:59.439+0000] {logging_mixin.py:137} INFO - [2025-02-20T03:37:59.437+0000] {dag.py:2690} INFO - Sync 1 DAGs
[2025-02-20T03:37:59.525+0000] {logging_mixin.py:137} INFO - [2025-02-20T03:37:59.525+0000] {dag.py:3441} INFO - Setting next_dagrun for tutorial_dag to None, run_after=None
[2025-02-20T03:37:59.591+0000] {processor.py:175} INFO - Processing /home/airflow/.local/lib/python3.7/site-packages/airflow/example_dags/tutorial_dag.py took 0.492 seconds
[2025-02-20T03:38:29.899+0000] {processor.py:153} INFO - Started process (PID=278) to work on /home/airflow/.local/lib/python3.7/site-packages/airflow/example_dags/tutorial_dag.py
[2025-02-20T03:38:29.907+0000] {processor.py:743} INFO - Processing file /home/airflow/.local/lib/python3.7/site-packages/airflow/example_dags/tutorial_dag.py for tasks to queue
[2025-02-20T03:38:29.915+0000] {logging_mixin.py:137} INFO - [2025-02-20T03:38:29.914+0000] {dagbag.py:538} INFO - Filling up the DagBag from /home/airflow/.local/lib/python3.7/site-packages/airflow/example_dags/tutorial_dag.py
[2025-02-20T03:38:30.019+0000] {processor.py:753} INFO - DAG(s) dict_keys(['tutorial_dag']) retrieved from /home/airflow/.local/lib/python3.7/site-packages/airflow/example_dags/tutorial_dag.py
[2025-02-20T03:38:30.194+0000] {logging_mixin.py:137} INFO - [2025-02-20T03:38:30.194+0000] {dag.py:2690} INFO - Sync 1 DAGs
[2025-02-20T03:38:30.349+0000] {logging_mixin.py:137} INFO - [2025-02-20T03:38:30.348+0000] {dag.py:3441} INFO - Setting next_dagrun for tutorial_dag to None, run_after=None
[2025-02-20T03:38:30.468+0000] {processor.py:175} INFO - Processing /home/airflow/.local/lib/python3.7/site-packages/airflow/example_dags/tutorial_dag.py took 0.606 seconds
[2025-02-20T03:39:00.642+0000] {processor.py:153} INFO - Started process (PID=336) to work on /home/airflow/.local/lib/python3.7/site-packages/airflow/example_dags/tutorial_dag.py
[2025-02-20T03:39:00.651+0000] {processor.py:743} INFO - Processing file /home/airflow/.local/lib/python3.7/site-packages/airflow/example_dags/tutorial_dag.py for tasks to queue
[2025-02-20T03:39:00.657+0000] {logging_mixin.py:137} INFO - [2025-02-20T03:39:00.656+0000] {dagbag.py:538} INFO - Filling up the DagBag from /home/airflow/.local/lib/python3.7/site-packages/airflow/example_dags/tutorial_dag.py
[2025-02-20T03:39:00.766+0000] {processor.py:753} INFO - DAG(s) dict_keys(['tutorial_dag']) retrieved from /home/airflow/.local/lib/python3.7/site-packages/airflow/example_dags/tutorial_dag.py
[2025-02-20T03:39:00.949+0000] {logging_mixin.py:137} INFO - [2025-02-20T03:39:00.949+0000] {dag.py:2690} INFO - Sync 1 DAGs
[2025-02-20T03:39:01.141+0000] {logging_mixin.py:137} INFO - [2025-02-20T03:39:01.141+0000] {dag.py:3441} INFO - Setting next_dagrun for tutorial_dag to None, run_after=None
[2025-02-20T03:39:01.287+0000] {processor.py:175} INFO - Processing /home/airflow/.local/lib/python3.7/site-packages/airflow/example_dags/tutorial_dag.py took 0.674 seconds
