[2025-02-20T03:37:01.961+0000] {processor.py:153} INFO - Started process (PID=122) to work on /home/airflow/.local/lib/python3.7/site-packages/airflow/example_dags/tutorial_taskflow_api.py
[2025-02-20T03:37:01.965+0000] {processor.py:743} INFO - Processing file /home/airflow/.local/lib/python3.7/site-packages/airflow/example_dags/tutorial_taskflow_api.py for tasks to queue
[2025-02-20T03:37:01.967+0000] {logging_mixin.py:137} INFO - [2025-02-20T03:37:01.966+0000] {dagbag.py:538} INFO - Filling up the DagBag from /home/airflow/.local/lib/python3.7/site-packages/airflow/example_dags/tutorial_taskflow_api.py
[2025-02-20T03:37:02.070+0000] {processor.py:753} INFO - DAG(s) dict_keys(['tutorial_taskflow_api']) retrieved from /home/airflow/.local/lib/python3.7/site-packages/airflow/example_dags/tutorial_taskflow_api.py
[2025-02-20T03:37:02.129+0000] {logging_mixin.py:137} INFO - [2025-02-20T03:37:02.128+0000] {dag.py:2690} INFO - Sync 1 DAGs
[2025-02-20T03:37:02.191+0000] {logging_mixin.py:137} INFO - [2025-02-20T03:37:02.191+0000] {dag.py:3441} INFO - Setting next_dagrun for tutorial_taskflow_api to None, run_after=None
[2025-02-20T03:37:02.235+0000] {processor.py:175} INFO - Processing /home/airflow/.local/lib/python3.7/site-packages/airflow/example_dags/tutorial_taskflow_api.py took 0.281 seconds
[2025-02-20T03:37:33.856+0000] {processor.py:153} INFO - Started process (PID=177) to work on /home/airflow/.local/lib/python3.7/site-packages/airflow/example_dags/tutorial_taskflow_api.py
[2025-02-20T03:37:33.860+0000] {processor.py:743} INFO - Processing file /home/airflow/.local/lib/python3.7/site-packages/airflow/example_dags/tutorial_taskflow_api.py for tasks to queue
[2025-02-20T03:37:33.864+0000] {logging_mixin.py:137} INFO - [2025-02-20T03:37:33.863+0000] {dagbag.py:538} INFO - Filling up the DagBag from /home/airflow/.local/lib/python3.7/site-packages/airflow/example_dags/tutorial_taskflow_api.py
[2025-02-20T03:37:34.023+0000] {processor.py:753} INFO - DAG(s) dict_keys(['tutorial_taskflow_api']) retrieved from /home/airflow/.local/lib/python3.7/site-packages/airflow/example_dags/tutorial_taskflow_api.py
[2025-02-20T03:37:34.214+0000] {logging_mixin.py:137} INFO - [2025-02-20T03:37:34.214+0000] {dag.py:2690} INFO - Sync 1 DAGs
[2025-02-20T03:37:34.400+0000] {logging_mixin.py:137} INFO - [2025-02-20T03:37:34.400+0000] {dag.py:3441} INFO - Setting next_dagrun for tutorial_taskflow_api to None, run_after=None
[2025-02-20T03:37:34.513+0000] {processor.py:175} INFO - Processing /home/airflow/.local/lib/python3.7/site-packages/airflow/example_dags/tutorial_taskflow_api.py took 0.680 seconds
[2025-02-20T03:38:04.893+0000] {processor.py:153} INFO - Started process (PID=229) to work on /home/airflow/.local/lib/python3.7/site-packages/airflow/example_dags/tutorial_taskflow_api.py
[2025-02-20T03:38:04.898+0000] {processor.py:743} INFO - Processing file /home/airflow/.local/lib/python3.7/site-packages/airflow/example_dags/tutorial_taskflow_api.py for tasks to queue
[2025-02-20T03:38:04.900+0000] {logging_mixin.py:137} INFO - [2025-02-20T03:38:04.900+0000] {dagbag.py:538} INFO - Filling up the DagBag from /home/airflow/.local/lib/python3.7/site-packages/airflow/example_dags/tutorial_taskflow_api.py
[2025-02-20T03:38:05.012+0000] {processor.py:753} INFO - DAG(s) dict_keys(['tutorial_taskflow_api']) retrieved from /home/airflow/.local/lib/python3.7/site-packages/airflow/example_dags/tutorial_taskflow_api.py
[2025-02-20T03:38:05.176+0000] {logging_mixin.py:137} INFO - [2025-02-20T03:38:05.176+0000] {dag.py:2690} INFO - Sync 1 DAGs
[2025-02-20T03:38:05.306+0000] {logging_mixin.py:137} INFO - [2025-02-20T03:38:05.305+0000] {dag.py:3441} INFO - Setting next_dagrun for tutorial_taskflow_api to None, run_after=None
[2025-02-20T03:38:05.396+0000] {processor.py:175} INFO - Processing /home/airflow/.local/lib/python3.7/site-packages/airflow/example_dags/tutorial_taskflow_api.py took 0.523 seconds
[2025-02-20T03:38:35.968+0000] {processor.py:153} INFO - Started process (PID=287) to work on /home/airflow/.local/lib/python3.7/site-packages/airflow/example_dags/tutorial_taskflow_api.py
[2025-02-20T03:38:35.971+0000] {processor.py:743} INFO - Processing file /home/airflow/.local/lib/python3.7/site-packages/airflow/example_dags/tutorial_taskflow_api.py for tasks to queue
[2025-02-20T03:38:35.973+0000] {logging_mixin.py:137} INFO - [2025-02-20T03:38:35.972+0000] {dagbag.py:538} INFO - Filling up the DagBag from /home/airflow/.local/lib/python3.7/site-packages/airflow/example_dags/tutorial_taskflow_api.py
[2025-02-20T03:38:36.086+0000] {processor.py:753} INFO - DAG(s) dict_keys(['tutorial_taskflow_api']) retrieved from /home/airflow/.local/lib/python3.7/site-packages/airflow/example_dags/tutorial_taskflow_api.py
[2025-02-20T03:38:36.227+0000] {logging_mixin.py:137} INFO - [2025-02-20T03:38:36.226+0000] {dag.py:2690} INFO - Sync 1 DAGs
[2025-02-20T03:38:36.391+0000] {logging_mixin.py:137} INFO - [2025-02-20T03:38:36.391+0000] {dag.py:3441} INFO - Setting next_dagrun for tutorial_taskflow_api to None, run_after=None
[2025-02-20T03:38:36.570+0000] {processor.py:175} INFO - Processing /home/airflow/.local/lib/python3.7/site-packages/airflow/example_dags/tutorial_taskflow_api.py took 0.610 seconds
[2025-02-20T03:39:06.796+0000] {processor.py:153} INFO - Started process (PID=346) to work on /home/airflow/.local/lib/python3.7/site-packages/airflow/example_dags/tutorial_taskflow_api.py
[2025-02-20T03:39:06.800+0000] {processor.py:743} INFO - Processing file /home/airflow/.local/lib/python3.7/site-packages/airflow/example_dags/tutorial_taskflow_api.py for tasks to queue
[2025-02-20T03:39:06.804+0000] {logging_mixin.py:137} INFO - [2025-02-20T03:39:06.801+0000] {dagbag.py:538} INFO - Filling up the DagBag from /home/airflow/.local/lib/python3.7/site-packages/airflow/example_dags/tutorial_taskflow_api.py
[2025-02-20T03:39:06.932+0000] {processor.py:753} INFO - DAG(s) dict_keys(['tutorial_taskflow_api']) retrieved from /home/airflow/.local/lib/python3.7/site-packages/airflow/example_dags/tutorial_taskflow_api.py
[2025-02-20T03:39:06.989+0000] {logging_mixin.py:137} INFO - [2025-02-20T03:39:06.989+0000] {dag.py:2690} INFO - Sync 1 DAGs
[2025-02-20T03:39:07.051+0000] {logging_mixin.py:137} INFO - [2025-02-20T03:39:07.051+0000] {dag.py:3441} INFO - Setting next_dagrun for tutorial_taskflow_api to None, run_after=None
[2025-02-20T03:39:07.112+0000] {processor.py:175} INFO - Processing /home/airflow/.local/lib/python3.7/site-packages/airflow/example_dags/tutorial_taskflow_api.py took 0.332 seconds
