[2025-01-23T02:39:46.982+0000] {taskinstance.py:1083} INFO - Dependencies all met for <TaskInstance: example_bash_operator.run_after_loop scheduled__2025-01-22T00:00:00+00:00 [queued]>
[2025-01-23T02:39:47.056+0000] {taskinstance.py:1083} INFO - Dependencies all met for <TaskInstance: example_bash_operator.run_after_loop scheduled__2025-01-22T00:00:00+00:00 [queued]>
[2025-01-23T02:39:47.056+0000] {taskinstance.py:1279} INFO - 
--------------------------------------------------------------------------------
[2025-01-23T02:39:47.056+0000] {taskinstance.py:1280} INFO - Starting attempt 1 of 1
[2025-01-23T02:39:47.057+0000] {taskinstance.py:1281} INFO - 
--------------------------------------------------------------------------------
[2025-01-23T02:39:47.180+0000] {taskinstance.py:1300} INFO - Executing <Task(BashOperator): run_after_loop> on 2025-01-22 00:00:00+00:00
[2025-01-23T02:39:47.217+0000] {standard_task_runner.py:55} INFO - Started process 27419 to run task
[2025-01-23T02:39:47.242+0000] {standard_task_runner.py:82} INFO - Running: ['***', 'tasks', 'run', 'example_bash_operator', 'run_after_loop', 'scheduled__2025-01-22T00:00:00+00:00', '--job-id', '8', '--raw', '--subdir', '/home/***/.local/lib/python3.7/site-packages/***/example_dags/example_bash_operator.py', '--cfg-path', '/tmp/tmphqueny4i']
[2025-01-23T02:39:47.243+0000] {standard_task_runner.py:83} INFO - Job 8: Subtask run_after_loop
[2025-01-23T02:39:47.717+0000] {task_command.py:388} INFO - Running <TaskInstance: example_bash_operator.run_after_loop scheduled__2025-01-22T00:00:00+00:00 [running]> on host a6cae17b422b
[2025-01-23T02:39:48.327+0000] {taskinstance.py:1509} INFO - Exporting the following env vars:
AIRFLOW_CTX_DAG_OWNER=***
AIRFLOW_CTX_DAG_ID=example_bash_operator
AIRFLOW_CTX_TASK_ID=run_after_loop
AIRFLOW_CTX_EXECUTION_DATE=2025-01-22T00:00:00+00:00
AIRFLOW_CTX_TRY_NUMBER=1
AIRFLOW_CTX_DAG_RUN_ID=scheduled__2025-01-22T00:00:00+00:00
[2025-01-23T02:39:48.340+0000] {subprocess.py:63} INFO - Tmp dir root location: 
 /tmp
[2025-01-23T02:39:48.344+0000] {subprocess.py:75} INFO - Running command: ['/bin/bash', '-c', 'echo 1']
[2025-01-23T02:39:48.386+0000] {subprocess.py:86} INFO - Output:
[2025-01-23T02:39:48.396+0000] {subprocess.py:93} INFO - 1
[2025-01-23T02:39:48.397+0000] {subprocess.py:97} INFO - Command exited with return code 0
[2025-01-23T02:39:48.541+0000] {taskinstance.py:1323} INFO - Marking task as SUCCESS. dag_id=example_bash_operator, task_id=run_after_loop, execution_date=20250122T000000, start_date=20250123T023946, end_date=20250123T023948
[2025-01-23T02:39:48.717+0000] {local_task_job.py:208} INFO - Task exited with return code 0
[2025-01-23T02:39:48.862+0000] {taskinstance.py:2578} INFO - 0 downstream tasks scheduled from follow-on schedule check
