[2025-01-23T02:39:38.061+0000] {taskinstance.py:1083} INFO - Dependencies all met for <TaskInstance: example_bash_operator.this_will_skip scheduled__2025-01-22T00:00:00+00:00 [queued]>
[2025-01-23T02:39:38.165+0000] {taskinstance.py:1083} INFO - Dependencies all met for <TaskInstance: example_bash_operator.this_will_skip scheduled__2025-01-22T00:00:00+00:00 [queued]>
[2025-01-23T02:39:38.165+0000] {taskinstance.py:1279} INFO - 
--------------------------------------------------------------------------------
[2025-01-23T02:39:38.166+0000] {taskinstance.py:1280} INFO - Starting attempt 1 of 1
[2025-01-23T02:39:38.166+0000] {taskinstance.py:1281} INFO - 
--------------------------------------------------------------------------------
[2025-01-23T02:39:38.311+0000] {taskinstance.py:1300} INFO - Executing <Task(BashOperator): this_will_skip> on 2025-01-22 00:00:00+00:00
[2025-01-23T02:39:38.345+0000] {standard_task_runner.py:55} INFO - Started process 27408 to run task
[2025-01-23T02:39:38.389+0000] {standard_task_runner.py:82} INFO - Running: ['***', 'tasks', 'run', 'example_bash_operator', 'this_will_skip', 'scheduled__2025-01-22T00:00:00+00:00', '--job-id', '4', '--raw', '--subdir', '/home/***/.local/lib/python3.7/site-packages/***/example_dags/example_bash_operator.py', '--cfg-path', '/tmp/tmpmn6gno4y']
[2025-01-23T02:39:38.409+0000] {standard_task_runner.py:83} INFO - Job 4: Subtask this_will_skip
[2025-01-23T02:39:39.099+0000] {task_command.py:388} INFO - Running <TaskInstance: example_bash_operator.this_will_skip scheduled__2025-01-22T00:00:00+00:00 [running]> on host a6cae17b422b
[2025-01-23T02:39:39.922+0000] {taskinstance.py:1509} INFO - Exporting the following env vars:
AIRFLOW_CTX_DAG_OWNER=***
AIRFLOW_CTX_DAG_ID=example_bash_operator
AIRFLOW_CTX_TASK_ID=this_will_skip
AIRFLOW_CTX_EXECUTION_DATE=2025-01-22T00:00:00+00:00
AIRFLOW_CTX_TRY_NUMBER=1
AIRFLOW_CTX_DAG_RUN_ID=scheduled__2025-01-22T00:00:00+00:00
[2025-01-23T02:39:39.940+0000] {subprocess.py:63} INFO - Tmp dir root location: 
 /tmp
[2025-01-23T02:39:39.941+0000] {subprocess.py:75} INFO - Running command: ['/bin/bash', '-c', 'echo "hello world"; exit 99;']
[2025-01-23T02:39:40.058+0000] {subprocess.py:86} INFO - Output:
[2025-01-23T02:39:40.093+0000] {subprocess.py:93} INFO - hello world
[2025-01-23T02:39:40.093+0000] {subprocess.py:97} INFO - Command exited with return code 99
[2025-01-23T02:39:40.097+0000] {taskinstance.py:1398} INFO - Bash command returned exit code 99. Skipping.
[2025-01-23T02:39:40.207+0000] {taskinstance.py:1323} INFO - Marking task as SKIPPED. dag_id=example_bash_operator, task_id=this_will_skip, execution_date=20250122T000000, start_date=20250123T023938, end_date=20250123T023940
[2025-01-23T02:39:40.359+0000] {local_task_job.py:208} INFO - Task exited with return code 0
[2025-01-23T02:39:40.540+0000] {taskinstance.py:2578} INFO - 0 downstream tasks scheduled from follow-on schedule check
