[2025-01-23T02:39:38.332+0000] {taskinstance.py:1083} INFO - Dependencies all met for <TaskInstance: example_bash_operator.also_run_this scheduled__2025-01-22T00:00:00+00:00 [queued]>
[2025-01-23T02:39:38.507+0000] {taskinstance.py:1083} INFO - Dependencies all met for <TaskInstance: example_bash_operator.also_run_this scheduled__2025-01-22T00:00:00+00:00 [queued]>
[2025-01-23T02:39:38.507+0000] {taskinstance.py:1279} INFO - 
--------------------------------------------------------------------------------
[2025-01-23T02:39:38.507+0000] {taskinstance.py:1280} INFO - Starting attempt 1 of 1
[2025-01-23T02:39:38.508+0000] {taskinstance.py:1281} INFO - 
--------------------------------------------------------------------------------
[2025-01-23T02:39:38.755+0000] {taskinstance.py:1300} INFO - Executing <Task(BashOperator): also_run_this> on 2025-01-22 00:00:00+00:00
[2025-01-23T02:39:38.803+0000] {standard_task_runner.py:55} INFO - Started process 27410 to run task
[2025-01-23T02:39:38.851+0000] {standard_task_runner.py:82} INFO - Running: ['***', 'tasks', 'run', 'example_bash_operator', 'also_run_this', 'scheduled__2025-01-22T00:00:00+00:00', '--job-id', '7', '--raw', '--subdir', '/home/***/.local/lib/python3.7/site-packages/***/example_dags/example_bash_operator.py', '--cfg-path', '/tmp/tmp6fixhu_t']
[2025-01-23T02:39:38.856+0000] {standard_task_runner.py:83} INFO - Job 7: Subtask also_run_this
[2025-01-23T02:39:39.356+0000] {task_command.py:388} INFO - Running <TaskInstance: example_bash_operator.also_run_this scheduled__2025-01-22T00:00:00+00:00 [running]> on host a6cae17b422b
[2025-01-23T02:39:40.183+0000] {taskinstance.py:1509} INFO - Exporting the following env vars:
AIRFLOW_CTX_DAG_OWNER=***
AIRFLOW_CTX_DAG_ID=example_bash_operator
AIRFLOW_CTX_TASK_ID=also_run_this
AIRFLOW_CTX_EXECUTION_DATE=2025-01-22T00:00:00+00:00
AIRFLOW_CTX_TRY_NUMBER=1
AIRFLOW_CTX_DAG_RUN_ID=scheduled__2025-01-22T00:00:00+00:00
[2025-01-23T02:39:40.198+0000] {subprocess.py:63} INFO - Tmp dir root location: 
 /tmp
[2025-01-23T02:39:40.206+0000] {subprocess.py:75} INFO - Running command: ['/bin/bash', '-c', 'echo "ti_key=example_bash_operator__also_run_this__20250122"']
[2025-01-23T02:39:40.318+0000] {subprocess.py:86} INFO - Output:
[2025-01-23T02:39:40.332+0000] {subprocess.py:93} INFO - ti_key=example_bash_operator__also_run_this__20250122
[2025-01-23T02:39:40.333+0000] {subprocess.py:97} INFO - Command exited with return code 0
[2025-01-23T02:39:40.559+0000] {taskinstance.py:1323} INFO - Marking task as SUCCESS. dag_id=example_bash_operator, task_id=also_run_this, execution_date=20250122T000000, start_date=20250123T023938, end_date=20250123T023940
[2025-01-23T02:39:40.686+0000] {local_task_job.py:208} INFO - Task exited with return code 0
[2025-01-23T02:39:40.873+0000] {taskinstance.py:2578} INFO - 0 downstream tasks scheduled from follow-on schedule check
